simulation/sim_c0.007_s0.003/c0.007_s0.003_gtrgamma/c0.007_s0.003_gtrgamma_base-snps-concat_pop	population	0.2	random	1	0.9714249984368161
simulation/sim_c0.007_s0.003/c0.007_s0.003_gtrgamma/c0.007_s0.003_gtrgamma_base-snps-concat_pop	population	0.2	random	2	0.9719447527438648
simulation/sim_c0.007_s0.003/c0.007_s0.003_gtrgamma/c0.007_s0.003_gtrgamma_base-snps-concat_pop	population	0.2	random	3	0.9700186219739292
simulation/sim_c0.007_s0.003/c0.007_s0.003_gtrgamma/c0.007_s0.003_gtrgamma_base-snps-concat_pop	population	0.2	random	4	0.9675665541807275
simulation/sim_c0.007_s0.003/c0.007_s0.003_gtrgamma/c0.007_s0.003_gtrgamma_base-snps-concat_pop	population	0.2	random	5	0.9695076230942264
simulation/sim_c0.007_s0.003/c0.007_s0.003_gtrgamma/c0.007_s0.003_gtrgamma_base-snps-concat_pop	population	0.2	random	6	0.970103607539633
simulation/sim_c0.007_s0.003/c0.007_s0.003_gtrgamma/c0.007_s0.003_gtrgamma_base-snps-concat_pop	population	0.2	random	7	0.9706695138801658
simulation/sim_c0.007_s0.003/c0.007_s0.003_gtrgamma/c0.007_s0.003_gtrgamma_base-snps-concat_pop	population	0.2	random	8	0.9716614420062696
simulation/sim_c0.007_s0.003/c0.007_s0.003_gtrgamma/c0.007_s0.003_gtrgamma_base-snps-concat_pop	population	0.2	random	9	0.969871233904238
simulation/sim_c0.007_s0.003/c0.007_s0.003_gtrgamma/c0.007_s0.003_gtrgamma_base-snps-concat_pop	population	0.2	random	10	0.9706959706959707
simulation/sim_c0.007_s0.003/c0.007_s0.003_gtrgamma/c0.007_s0.003_gtrgamma_base-snps-concat_pop	population	0.2	random	11	0.9711934156378601
simulation/sim_c0.007_s0.003/c0.007_s0.003_gtrgamma/c0.007_s0.003_gtrgamma_base-snps-concat_pop	population	0.2	random	12	0.9725698394640374
simulation/sim_c0.007_s0.003/c0.007_s0.003_gtrgamma/c0.007_s0.003_gtrgamma_base-snps-concat_pop	population	0.2	random	13	0.9735545437535084
simulation/sim_c0.007_s0.003/c0.007_s0.003_gtrgamma/c0.007_s0.003_gtrgamma_base-snps-concat_pop	population	0.2	random	14	0.9713451019393337
simulation/sim_c0.007_s0.003/c0.007_s0.003_gtrgamma/c0.007_s0.003_gtrgamma_base-snps-concat_pop	population	0.2	random	15	0.97112071665727
simulation/sim_c0.007_s0.003/c0.007_s0.003_gtrgamma/c0.007_s0.003_gtrgamma_base-snps-concat_pop	population	0.2	random	16	0.9712243746473576
simulation/sim_c0.007_s0.003/c0.007_s0.003_gtrgamma/c0.007_s0.003_gtrgamma_base-snps-concat_pop	population	0.2	random	17	0.9695418799151168
simulation/sim_c0.007_s0.003/c0.007_s0.003_gtrgamma/c0.007_s0.003_gtrgamma_base-snps-concat_pop	population	0.2	random	18	0.9694932137965384
simulation/sim_c0.007_s0.003/c0.007_s0.003_gtrgamma/c0.007_s0.003_gtrgamma_base-snps-concat_pop	population	0.2	random	19	0.9716259560819146
simulation/sim_c0.007_s0.003/c0.007_s0.003_gtrgamma/c0.007_s0.003_gtrgamma_base-snps-concat_pop	population	0.2	random	20	0.9706498951781971
simulation/sim_c0.007_s0.003/c0.007_s0.003_gtrgamma/c0.007_s0.003_gtrgamma_base-snps-concat_pop	population	0.2	nonrandom	1	0.9650603162697668
simulation/sim_c0.007_s0.003/c0.007_s0.003_gtrgamma/c0.007_s0.003_gtrgamma_base-snps-concat_pop	population	0.2	nonrandom	2	0.9713142928566965
simulation/sim_c0.007_s0.003/c0.007_s0.003_gtrgamma/c0.007_s0.003_gtrgamma_base-snps-concat_pop	population	0.2	nonrandom	3	0.9714392850446847
simulation/sim_c0.007_s0.003/c0.007_s0.003_gtrgamma/c0.007_s0.003_gtrgamma_base-snps-concat_pop	population	0.2	nonrandom	4	0.9720367018288496
simulation/sim_c0.007_s0.003/c0.007_s0.003_gtrgamma/c0.007_s0.003_gtrgamma_base-snps-concat_pop	population	0.2	nonrandom	5	0.9682519842509844
simulation/sim_c0.007_s0.003/c0.007_s0.003_gtrgamma/c0.007_s0.003_gtrgamma_base-snps-concat_pop	population	0.2	nonrandom	6	0.9669395662771076
simulation/sim_c0.007_s0.003/c0.007_s0.003_gtrgamma/c0.007_s0.003_gtrgamma_base-snps-concat_pop	population	0.2	nonrandom	7	0.9677520154990313
simulation/sim_c0.007_s0.003/c0.007_s0.003_gtrgamma/c0.007_s0.003_gtrgamma_base-snps-concat_pop	population	0.2	nonrandom	8	0.969625
simulation/sim_c0.007_s0.003/c0.007_s0.003_gtrgamma/c0.007_s0.003_gtrgamma_base-snps-concat_pop	population	0.2	nonrandom	9	0.9730658667666542
simulation/sim_c0.007_s0.003/c0.007_s0.003_gtrgamma/c0.007_s0.003_gtrgamma_base-snps-concat_pop	population	0.2	nonrandom	10	0.9716267733266671
simulation/sim_c0.007_s0.003/c0.007_s0.003_gtrgamma/c0.007_s0.003_gtrgamma_base-snps-concat_pop	population	0.2	nonrandom	11	0.9685605350334396
simulation/sim_c0.007_s0.003/c0.007_s0.003_gtrgamma/c0.007_s0.003_gtrgamma_base-snps-concat_pop	population	0.2	nonrandom	12	0.967362192463407
simulation/sim_c0.007_s0.003/c0.007_s0.003_gtrgamma/c0.007_s0.003_gtrgamma_base-snps-concat_pop	population	0.2	nonrandom	13	0.9713431348118614
simulation/sim_c0.007_s0.003/c0.007_s0.003_gtrgamma/c0.007_s0.003_gtrgamma_base-snps-concat_pop	population	0.2	nonrandom	14	0.9663771014311605
simulation/sim_c0.007_s0.003/c0.007_s0.003_gtrgamma/c0.007_s0.003_gtrgamma_base-snps-concat_pop	population	0.2	nonrandom	15	0.9713304184884447
simulation/sim_c0.007_s0.003/c0.007_s0.003_gtrgamma/c0.007_s0.003_gtrgamma_base-snps-concat_pop	population	0.2	nonrandom	16	0.9675020311230548
simulation/sim_c0.007_s0.003/c0.007_s0.003_gtrgamma/c0.007_s0.003_gtrgamma_base-snps-concat_pop	population	0.2	nonrandom	17	0.9688999688376442
simulation/sim_c0.007_s0.003/c0.007_s0.003_gtrgamma/c0.007_s0.003_gtrgamma_base-snps-concat_pop	population	0.2	nonrandom	18	0.970564339728767
simulation/sim_c0.007_s0.003/c0.007_s0.003_gtrgamma/c0.007_s0.003_gtrgamma_base-snps-concat_pop	population	0.2	nonrandom	19	0.9720401922236784
simulation/sim_c0.007_s0.003/c0.007_s0.003_gtrgamma/c0.007_s0.003_gtrgamma_base-snps-concat_pop	population	0.2	nonrandom	20	0.967935495968498
simulation/sim_c0.007_s0.003/c0.007_s0.003_gtrgamma/c0.007_s0.003_gtrgamma_base-snps-concat_pop	population	0.2	nonrandom_weighted	1	0.9723767264545966
simulation/sim_c0.007_s0.003/c0.007_s0.003_gtrgamma/c0.007_s0.003_gtrgamma_base-snps-concat_pop	population	0.2	nonrandom_weighted	2	0.9739391288044498
simulation/sim_c0.007_s0.003/c0.007_s0.003_gtrgamma/c0.007_s0.003_gtrgamma_base-snps-concat_pop	population	0.2	nonrandom_weighted	3	0.9701893631648022
simulation/sim_c0.007_s0.003/c0.007_s0.003_gtrgamma/c0.007_s0.003_gtrgamma_base-snps-concat_pop	population	0.2	nonrandom_weighted	4	0.9678104881555097
simulation/sim_c0.007_s0.003/c0.007_s0.003_gtrgamma/c0.007_s0.003_gtrgamma_base-snps-concat_pop	population	0.2	nonrandom_weighted	5	0.9688144490969315
simulation/sim_c0.007_s0.003/c0.007_s0.003_gtrgamma/c0.007_s0.003_gtrgamma_base-snps-concat_pop	population	0.2	nonrandom_weighted	6	0.9651896756452721
simulation/sim_c0.007_s0.003/c0.007_s0.003_gtrgamma/c0.007_s0.003_gtrgamma_base-snps-concat_pop	population	0.2	nonrandom_weighted	7	0.9728311785647368
simulation/sim_c0.007_s0.003/c0.007_s0.003_gtrgamma/c0.007_s0.003_gtrgamma_base-snps-concat_pop	population	0.2	nonrandom_weighted	8	0.9703731483217701
simulation/sim_c0.007_s0.003/c0.007_s0.003_gtrgamma/c0.007_s0.003_gtrgamma_base-snps-concat_pop	population	0.2	nonrandom_weighted	9	0.973439740632209
simulation/sim_c0.007_s0.003/c0.007_s0.003_gtrgamma/c0.007_s0.003_gtrgamma_base-snps-concat_pop	population	0.2	nonrandom_weighted	10	0.9656896443972252
simulation/sim_c0.007_s0.003/c0.007_s0.003_gtrgamma/c0.007_s0.003_gtrgamma_base-snps-concat_pop	population	0.2	nonrandom_weighted	11	0.9739391288044498
simulation/sim_c0.007_s0.003/c0.007_s0.003_gtrgamma/c0.007_s0.003_gtrgamma_base-snps-concat_pop	population	0.2	nonrandom_weighted	12	0.9698595943837753
simulation/sim_c0.007_s0.003/c0.007_s0.003_gtrgamma/c0.007_s0.003_gtrgamma_base-snps-concat_pop	population	0.2	nonrandom_weighted	13	0.9690251670517704
simulation/sim_c0.007_s0.003/c0.007_s0.003_gtrgamma/c0.007_s0.003_gtrgamma_base-snps-concat_pop	population	0.2	nonrandom_weighted	14	0.9748140741203675
simulation/sim_c0.007_s0.003/c0.007_s0.003_gtrgamma/c0.007_s0.003_gtrgamma_base-snps-concat_pop	population	0.2	nonrandom_weighted	15	0.966125
simulation/sim_c0.007_s0.003/c0.007_s0.003_gtrgamma/c0.007_s0.003_gtrgamma_base-snps-concat_pop	population	0.2	nonrandom_weighted	16	0.9722517342666084
simulation/sim_c0.007_s0.003/c0.007_s0.003_gtrgamma/c0.007_s0.003_gtrgamma_base-snps-concat_pop	population	0.2	nonrandom_weighted	17	0.9697481092568285
simulation/sim_c0.007_s0.003/c0.007_s0.003_gtrgamma/c0.007_s0.003_gtrgamma_base-snps-concat_pop	population	0.2	nonrandom_weighted	18	0.9650021873632898
simulation/sim_c0.007_s0.003/c0.007_s0.003_gtrgamma/c0.007_s0.003_gtrgamma_base-snps-concat_pop	population	0.2	nonrandom_weighted	19	0.9662521092431723
simulation/sim_c0.007_s0.003/c0.007_s0.003_gtrgamma/c0.007_s0.003_gtrgamma_base-snps-concat_pop	population	0.2	nonrandom_weighted	20	0.9721754320294467
