simulation/sim_c0.005_s0.005/c0.005_s0.005_gtrgamma/c0.005_s0.005_gtrgamma_base-snps-concat_pop	population	0.2	random	1	0.9584376564847271
simulation/sim_c0.005_s0.005/c0.005_s0.005_gtrgamma/c0.005_s0.005_gtrgamma_base-snps-concat_pop	population	0.2	random	2	0.9575214585552284
simulation/sim_c0.005_s0.005/c0.005_s0.005_gtrgamma/c0.005_s0.005_gtrgamma_base-snps-concat_pop	population	0.2	random	3	0.9596085520164558
simulation/sim_c0.005_s0.005/c0.005_s0.005_gtrgamma/c0.005_s0.005_gtrgamma_base-snps-concat_pop	population	0.2	random	4	0.9564120355768624
simulation/sim_c0.005_s0.005/c0.005_s0.005_gtrgamma/c0.005_s0.005_gtrgamma_base-snps-concat_pop	population	0.2	random	5	0.9620213629833219
simulation/sim_c0.005_s0.005/c0.005_s0.005_gtrgamma/c0.005_s0.005_gtrgamma_base-snps-concat_pop	population	0.2	random	6	0.9569228851069135
simulation/sim_c0.005_s0.005/c0.005_s0.005_gtrgamma/c0.005_s0.005_gtrgamma_base-snps-concat_pop	population	0.2	random	7	0.9576281889366002
simulation/sim_c0.005_s0.005/c0.005_s0.005_gtrgamma/c0.005_s0.005_gtrgamma_base-snps-concat_pop	population	0.2	random	8	0.9547697882176548
simulation/sim_c0.005_s0.005/c0.005_s0.005_gtrgamma/c0.005_s0.005_gtrgamma_base-snps-concat_pop	population	0.2	random	9	0.9592052157714995
simulation/sim_c0.005_s0.005/c0.005_s0.005_gtrgamma/c0.005_s0.005_gtrgamma_base-snps-concat_pop	population	0.2	random	10	0.9594434391963561
simulation/sim_c0.005_s0.005/c0.005_s0.005_gtrgamma/c0.005_s0.005_gtrgamma_base-snps-concat_pop	population	0.2	random	11	0.9571527297857636
simulation/sim_c0.005_s0.005/c0.005_s0.005_gtrgamma/c0.005_s0.005_gtrgamma_base-snps-concat_pop	population	0.2	random	12	0.9588748665787656
simulation/sim_c0.005_s0.005/c0.005_s0.005_gtrgamma/c0.005_s0.005_gtrgamma_base-snps-concat_pop	population	0.2	random	13	0.9579811192694515
simulation/sim_c0.005_s0.005/c0.005_s0.005_gtrgamma/c0.005_s0.005_gtrgamma_base-snps-concat_pop	population	0.2	random	14	0.9560549940360349
simulation/sim_c0.005_s0.005/c0.005_s0.005_gtrgamma/c0.005_s0.005_gtrgamma_base-snps-concat_pop	population	0.2	random	15	0.955819774718398
simulation/sim_c0.005_s0.005/c0.005_s0.005_gtrgamma/c0.005_s0.005_gtrgamma_base-snps-concat_pop	population	0.2	random	16	0.9572772898368883
simulation/sim_c0.005_s0.005/c0.005_s0.005_gtrgamma/c0.005_s0.005_gtrgamma_base-snps-concat_pop	population	0.2	random	17	0.9610242179616549
simulation/sim_c0.005_s0.005/c0.005_s0.005_gtrgamma/c0.005_s0.005_gtrgamma_base-snps-concat_pop	population	0.2	random	18	0.9596415366296923
simulation/sim_c0.005_s0.005/c0.005_s0.005_gtrgamma/c0.005_s0.005_gtrgamma_base-snps-concat_pop	population	0.2	random	19	0.9580047565402429
simulation/sim_c0.005_s0.005/c0.005_s0.005_gtrgamma/c0.005_s0.005_gtrgamma_base-snps-concat_pop	population	0.2	random	20	0.9599375975039002
simulation/sim_c0.005_s0.005/c0.005_s0.005_gtrgamma/c0.005_s0.005_gtrgamma_base-snps-concat_pop	population	0.2	nonrandom	1	0.9559622712224374
simulation/sim_c0.005_s0.005/c0.005_s0.005_gtrgamma/c0.005_s0.005_gtrgamma_base-snps-concat_pop	population	0.2	nonrandom	2	0.9593835787372099
simulation/sim_c0.005_s0.005/c0.005_s0.005_gtrgamma/c0.005_s0.005_gtrgamma_base-snps-concat_pop	population	0.2	nonrandom	3	0.9528154490344354
simulation/sim_c0.005_s0.005/c0.005_s0.005_gtrgamma/c0.005_s0.005_gtrgamma_base-snps-concat_pop	population	0.2	nonrandom	4	0.9561847615475967
simulation/sim_c0.005_s0.005/c0.005_s0.005_gtrgamma/c0.005_s0.005_gtrgamma_base-snps-concat_pop	population	0.2	nonrandom	5	0.9501184686369871
simulation/sim_c0.005_s0.005/c0.005_s0.005_gtrgamma/c0.005_s0.005_gtrgamma_base-snps-concat_pop	population	0.2	nonrandom	6	0.9574985957685826
simulation/sim_c0.005_s0.005/c0.005_s0.005_gtrgamma/c0.005_s0.005_gtrgamma_base-snps-concat_pop	population	0.2	nonrandom	7	0.9523095193449591
simulation/sim_c0.005_s0.005/c0.005_s0.005_gtrgamma/c0.005_s0.005_gtrgamma_base-snps-concat_pop	population	0.2	nonrandom	8	0.9620648709455659
simulation/sim_c0.005_s0.005/c0.005_s0.005_gtrgamma/c0.005_s0.005_gtrgamma_base-snps-concat_pop	population	0.2	nonrandom	9	0.9481652233505701
simulation/sim_c0.005_s0.005/c0.005_s0.005_gtrgamma/c0.005_s0.005_gtrgamma_base-snps-concat_pop	population	0.2	nonrandom	10	0.950128116992688
simulation/sim_c0.005_s0.005/c0.005_s0.005_gtrgamma/c0.005_s0.005_gtrgamma_base-snps-concat_pop	population	0.2	nonrandom	11	0.9567253653053578
simulation/sim_c0.005_s0.005/c0.005_s0.005_gtrgamma/c0.005_s0.005_gtrgamma_base-snps-concat_pop	population	0.2	nonrandom	12	0.9546221638852428
simulation/sim_c0.005_s0.005/c0.005_s0.005_gtrgamma/c0.005_s0.005_gtrgamma_base-snps-concat_pop	population	0.2	nonrandom	13	0.9544403474782827
simulation/sim_c0.005_s0.005/c0.005_s0.005_gtrgamma/c0.005_s0.005_gtrgamma_base-snps-concat_pop	population	0.2	nonrandom	14	0.9608149490656834
simulation/sim_c0.005_s0.005/c0.005_s0.005_gtrgamma/c0.005_s0.005_gtrgamma_base-snps-concat_pop	population	0.2	nonrandom	15	0.9560981702366826
simulation/sim_c0.005_s0.005/c0.005_s0.005_gtrgamma/c0.005_s0.005_gtrgamma_base-snps-concat_pop	population	0.2	nonrandom	16	0.9557527654521593
simulation/sim_c0.005_s0.005/c0.005_s0.005_gtrgamma/c0.005_s0.005_gtrgamma_base-snps-concat_pop	population	0.2	nonrandom	17	0.9610024373476658
simulation/sim_c0.005_s0.005/c0.005_s0.005_gtrgamma/c0.005_s0.005_gtrgamma_base-snps-concat_pop	population	0.2	nonrandom	18	0.95712767952003
simulation/sim_c0.005_s0.005/c0.005_s0.005_gtrgamma/c0.005_s0.005_gtrgamma_base-snps-concat_pop	population	0.2	nonrandom	19	0.951128054496594
simulation/sim_c0.005_s0.005/c0.005_s0.005_gtrgamma/c0.005_s0.005_gtrgamma_base-snps-concat_pop	population	0.2	nonrandom	20	0.956207111665627
simulation/sim_c0.005_s0.005/c0.005_s0.005_gtrgamma/c0.005_s0.005_gtrgamma_base-snps-concat_pop	population	0.2	nonrandom_weighted	1	0.9583151053059183
simulation/sim_c0.005_s0.005/c0.005_s0.005_gtrgamma/c0.005_s0.005_gtrgamma_base-snps-concat_pop	population	0.2	nonrandom_weighted	2	0.9575704555395863
simulation/sim_c0.005_s0.005/c0.005_s0.005_gtrgamma/c0.005_s0.005_gtrgamma_base-snps-concat_pop	population	0.2	nonrandom_weighted	3	0.957258014122352
simulation/sim_c0.005_s0.005/c0.005_s0.005_gtrgamma/c0.005_s0.005_gtrgamma_base-snps-concat_pop	population	0.2	nonrandom_weighted	4	0.9586090648020976
simulation/sim_c0.005_s0.005/c0.005_s0.005_gtrgamma/c0.005_s0.005_gtrgamma_base-snps-concat_pop	population	0.2	nonrandom_weighted	5	0.9495782567947516
simulation/sim_c0.005_s0.005/c0.005_s0.005_gtrgamma/c0.005_s0.005_gtrgamma_base-snps-concat_pop	population	0.2	nonrandom_weighted	6	0.9615649021936129
simulation/sim_c0.005_s0.005/c0.005_s0.005_gtrgamma/c0.005_s0.005_gtrgamma_base-snps-concat_pop	population	0.2	nonrandom_weighted	7	0.9551846990436902
simulation/sim_c0.005_s0.005/c0.005_s0.005_gtrgamma/c0.005_s0.005_gtrgamma_base-snps-concat_pop	population	0.2	nonrandom_weighted	8	0.9640647459533779
simulation/sim_c0.005_s0.005/c0.005_s0.005_gtrgamma/c0.005_s0.005_gtrgamma_base-snps-concat_pop	population	0.2	nonrandom_weighted	9	0.9501906130866821
simulation/sim_c0.005_s0.005/c0.005_s0.005_gtrgamma/c0.005_s0.005_gtrgamma_base-snps-concat_pop	population	0.2	nonrandom_weighted	10	0.9562066595864309
simulation/sim_c0.005_s0.005/c0.005_s0.005_gtrgamma/c0.005_s0.005_gtrgamma_base-snps-concat_pop	population	0.2	nonrandom_weighted	11	0.9499968748046753
simulation/sim_c0.005_s0.005/c0.005_s0.005_gtrgamma/c0.005_s0.005_gtrgamma_base-snps-concat_pop	population	0.2	nonrandom_weighted	12	0.9573723357709857
simulation/sim_c0.005_s0.005/c0.005_s0.005_gtrgamma/c0.005_s0.005_gtrgamma_base-snps-concat_pop	population	0.2	nonrandom_weighted	13	0.9585599099943747
simulation/sim_c0.005_s0.005/c0.005_s0.005_gtrgamma/c0.005_s0.005_gtrgamma_base-snps-concat_pop	population	0.2	nonrandom_weighted	14	0.9548153240422473
simulation/sim_c0.005_s0.005/c0.005_s0.005_gtrgamma/c0.005_s0.005_gtrgamma_base-snps-concat_pop	population	0.2	nonrandom_weighted	15	0.9542471404462779
simulation/sim_c0.005_s0.005/c0.005_s0.005_gtrgamma/c0.005_s0.005_gtrgamma_base-snps-concat_pop	population	0.2	nonrandom_weighted	16	0.9546903318542591
simulation/sim_c0.005_s0.005/c0.005_s0.005_gtrgamma/c0.005_s0.005_gtrgamma_base-snps-concat_pop	population	0.2	nonrandom_weighted	17	0.956627710768077
simulation/sim_c0.005_s0.005/c0.005_s0.005_gtrgamma/c0.005_s0.005_gtrgamma_base-snps-concat_pop	population	0.2	nonrandom_weighted	18	0.9538778826323355
simulation/sim_c0.005_s0.005/c0.005_s0.005_gtrgamma/c0.005_s0.005_gtrgamma_base-snps-concat_pop	population	0.2	nonrandom_weighted	19	0.9618773826635836
simulation/sim_c0.005_s0.005/c0.005_s0.005_gtrgamma/c0.005_s0.005_gtrgamma_base-snps-concat_pop	population	0.2	nonrandom_weighted	20	0.9569973123320208
