simulation/sim_c0.009_s0.001/c0.009_s0.001_gtrgamma/c0.009_s0.001_gtrgamma_base-snps-concat_pop	population	0.2	random	1	0.9764195434823618
simulation/sim_c0.009_s0.001/c0.009_s0.001_gtrgamma/c0.009_s0.001_gtrgamma_base-snps-concat_pop	population	0.2	random	2	0.9764653641207816
simulation/sim_c0.009_s0.001/c0.009_s0.001_gtrgamma/c0.009_s0.001_gtrgamma_base-snps-concat_pop	population	0.2	random	3	0.9776484428208779
simulation/sim_c0.009_s0.001/c0.009_s0.001_gtrgamma/c0.009_s0.001_gtrgamma_base-snps-concat_pop	population	0.2	random	4	0.9755084325396826
simulation/sim_c0.009_s0.001/c0.009_s0.001_gtrgamma/c0.009_s0.001_gtrgamma_base-snps-concat_pop	population	0.2	random	5	0.9759672853098459
simulation/sim_c0.009_s0.001/c0.009_s0.001_gtrgamma/c0.009_s0.001_gtrgamma_base-snps-concat_pop	population	0.2	random	6	0.9775515366131277
simulation/sim_c0.009_s0.001/c0.009_s0.001_gtrgamma/c0.009_s0.001_gtrgamma_base-snps-concat_pop	population	0.2	random	7	0.9750744047619048
simulation/sim_c0.009_s0.001/c0.009_s0.001_gtrgamma/c0.009_s0.001_gtrgamma_base-snps-concat_pop	population	0.2	random	8	0.9748062015503876
simulation/sim_c0.009_s0.001/c0.009_s0.001_gtrgamma/c0.009_s0.001_gtrgamma_base-snps-concat_pop	population	0.2	random	9	0.9752035065748278
simulation/sim_c0.009_s0.001/c0.009_s0.001_gtrgamma/c0.009_s0.001_gtrgamma_base-snps-concat_pop	population	0.2	random	10	0.9761949508237799
simulation/sim_c0.009_s0.001/c0.009_s0.001_gtrgamma/c0.009_s0.001_gtrgamma_base-snps-concat_pop	population	0.2	random	11	0.9748974468866711
simulation/sim_c0.009_s0.001/c0.009_s0.001_gtrgamma/c0.009_s0.001_gtrgamma_base-snps-concat_pop	population	0.2	random	12	0.975464314553699
simulation/sim_c0.009_s0.001/c0.009_s0.001_gtrgamma/c0.009_s0.001_gtrgamma_base-snps-concat_pop	population	0.2	random	13	0.9763265813346589
simulation/sim_c0.009_s0.001/c0.009_s0.001_gtrgamma/c0.009_s0.001_gtrgamma_base-snps-concat_pop	population	0.2	random	14	0.9751415210435639
simulation/sim_c0.009_s0.001/c0.009_s0.001_gtrgamma/c0.009_s0.001_gtrgamma_base-snps-concat_pop	population	0.2	random	15	0.9788727979437026
simulation/sim_c0.009_s0.001/c0.009_s0.001_gtrgamma/c0.009_s0.001_gtrgamma_base-snps-concat_pop	population	0.2	random	16	0.9748352682773769
simulation/sim_c0.009_s0.001/c0.009_s0.001_gtrgamma/c0.009_s0.001_gtrgamma_base-snps-concat_pop	population	0.2	random	17	0.9758848454636092
simulation/sim_c0.009_s0.001/c0.009_s0.001_gtrgamma/c0.009_s0.001_gtrgamma_base-snps-concat_pop	population	0.2	random	18	0.9746379063840368
simulation/sim_c0.009_s0.001/c0.009_s0.001_gtrgamma/c0.009_s0.001_gtrgamma_base-snps-concat_pop	population	0.2	random	19	0.977864101615489
simulation/sim_c0.009_s0.001/c0.009_s0.001_gtrgamma/c0.009_s0.001_gtrgamma_base-snps-concat_pop	population	0.2	random	20	0.9765669291338582
simulation/sim_c0.009_s0.001/c0.009_s0.001_gtrgamma/c0.009_s0.001_gtrgamma_base-snps-concat_pop	population	0.2	nonrandom	1	0.9755002805311389
simulation/sim_c0.009_s0.001/c0.009_s0.001_gtrgamma/c0.009_s0.001_gtrgamma_base-snps-concat_pop	population	0.2	nonrandom	2	0.9739375
simulation/sim_c0.009_s0.001/c0.009_s0.001_gtrgamma/c0.009_s0.001_gtrgamma_base-snps-concat_pop	population	0.2	nonrandom	3	0.9762485155322208
simulation/sim_c0.009_s0.001/c0.009_s0.001_gtrgamma/c0.009_s0.001_gtrgamma_base-snps-concat_pop	population	0.2	nonrandom	4	0.980765627927309
simulation/sim_c0.009_s0.001/c0.009_s0.001_gtrgamma/c0.009_s0.001_gtrgamma_base-snps-concat_pop	population	0.2	nonrandom	5	0.9745207019296821
simulation/sim_c0.009_s0.001/c0.009_s0.001_gtrgamma/c0.009_s0.001_gtrgamma_base-snps-concat_pop	population	0.2	nonrandom	6	0.9768125
simulation/sim_c0.009_s0.001/c0.009_s0.001_gtrgamma/c0.009_s0.001_gtrgamma_base-snps-concat_pop	population	0.2	nonrandom	7	0.9791263046059622
simulation/sim_c0.009_s0.001/c0.009_s0.001_gtrgamma/c0.009_s0.001_gtrgamma_base-snps-concat_pop	population	0.2	nonrandom	8	0.9746265858383851
simulation/sim_c0.009_s0.001/c0.009_s0.001_gtrgamma/c0.009_s0.001_gtrgamma_base-snps-concat_pop	population	0.2	nonrandom	9	0.9754390350603087
simulation/sim_c0.009_s0.001/c0.009_s0.001_gtrgamma/c0.009_s0.001_gtrgamma_base-snps-concat_pop	population	0.2	nonrandom	10	0.9776263983501031
simulation/sim_c0.009_s0.001/c0.009_s0.001_gtrgamma/c0.009_s0.001_gtrgamma_base-snps-concat_pop	population	0.2	nonrandom	11	0.9763139803762265
simulation/sim_c0.009_s0.001/c0.009_s0.001_gtrgamma/c0.009_s0.001_gtrgamma_base-snps-concat_pop	population	0.2	nonrandom	12	0.9758109881867617
simulation/sim_c0.009_s0.001/c0.009_s0.001_gtrgamma/c0.009_s0.001_gtrgamma_base-snps-concat_pop	population	0.2	nonrandom	13	0.977063933504156
simulation/sim_c0.009_s0.001/c0.009_s0.001_gtrgamma/c0.009_s0.001_gtrgamma_base-snps-concat_pop	population	0.2	nonrandom	14	0.9766889569401912
simulation/sim_c0.009_s0.001/c0.009_s0.001_gtrgamma/c0.009_s0.001_gtrgamma_base-snps-concat_pop	population	0.2	nonrandom	15	0.9745015936503969
simulation/sim_c0.009_s0.001/c0.009_s0.001_gtrgamma/c0.009_s0.001_gtrgamma_base-snps-concat_pop	population	0.2	nonrandom	16	0.9754865269461078
simulation/sim_c0.009_s0.001/c0.009_s0.001_gtrgamma/c0.009_s0.001_gtrgamma_base-snps-concat_pop	population	0.2	nonrandom	17	0.9761889881882382
simulation/sim_c0.009_s0.001/c0.009_s0.001_gtrgamma/c0.009_s0.001_gtrgamma_base-snps-concat_pop	population	0.2	nonrandom	18	0.976657096492323
simulation/sim_c0.009_s0.001/c0.009_s0.001_gtrgamma/c0.009_s0.001_gtrgamma_base-snps-concat_pop	population	0.2	nonrandom	19	0.9767107892107892
simulation/sim_c0.009_s0.001/c0.009_s0.001_gtrgamma/c0.009_s0.001_gtrgamma_base-snps-concat_pop	population	0.2	nonrandom	20	0.9768735545971623
simulation/sim_c0.009_s0.001/c0.009_s0.001_gtrgamma/c0.009_s0.001_gtrgamma_base-snps-concat_pop	population	0.2	nonrandom_weighted	1	0.9772514217861383
simulation/sim_c0.009_s0.001/c0.009_s0.001_gtrgamma/c0.009_s0.001_gtrgamma_base-snps-concat_pop	population	0.2	nonrandom_weighted	2	0.9748734295893493
simulation/sim_c0.009_s0.001/c0.009_s0.001_gtrgamma/c0.009_s0.001_gtrgamma_base-snps-concat_pop	population	0.2	nonrandom_weighted	3	0.9783763514780326
simulation/sim_c0.009_s0.001/c0.009_s0.001_gtrgamma/c0.009_s0.001_gtrgamma_base-snps-concat_pop	population	0.2	nonrandom_weighted	4	0.9745015936503969
simulation/sim_c0.009_s0.001/c0.009_s0.001_gtrgamma/c0.009_s0.001_gtrgamma_base-snps-concat_pop	population	0.2	nonrandom_weighted	5	0.9750843012364181
simulation/sim_c0.009_s0.001/c0.009_s0.001_gtrgamma/c0.009_s0.001_gtrgamma_base-snps-concat_pop	population	0.2	nonrandom_weighted	6	0.9756402248594629
simulation/sim_c0.009_s0.001/c0.009_s0.001_gtrgamma/c0.009_s0.001_gtrgamma_base-snps-concat_pop	population	0.2	nonrandom_weighted	7	0.9730608163010188
simulation/sim_c0.009_s0.001/c0.009_s0.001_gtrgamma/c0.009_s0.001_gtrgamma_base-snps-concat_pop	population	0.2	nonrandom_weighted	8	0.972735213376591
simulation/sim_c0.009_s0.001/c0.009_s0.001_gtrgamma/c0.009_s0.001_gtrgamma_base-snps-concat_pop	population	0.2	nonrandom_weighted	9	0.9760044991564082
simulation/sim_c0.009_s0.001/c0.009_s0.001_gtrgamma/c0.009_s0.001_gtrgamma_base-snps-concat_pop	population	0.2	nonrandom_weighted	10	0.9760404317713858
simulation/sim_c0.009_s0.001/c0.009_s0.001_gtrgamma/c0.009_s0.001_gtrgamma_base-snps-concat_pop	population	0.2	nonrandom_weighted	11	0.9758734920932558
simulation/sim_c0.009_s0.001/c0.009_s0.001_gtrgamma/c0.009_s0.001_gtrgamma_base-snps-concat_pop	population	0.2	nonrandom_weighted	12	0.9750015624023498
simulation/sim_c0.009_s0.001/c0.009_s0.001_gtrgamma/c0.009_s0.001_gtrgamma_base-snps-concat_pop	population	0.2	nonrandom_weighted	13	0.9764221556886228
simulation/sim_c0.009_s0.001/c0.009_s0.001_gtrgamma/c0.009_s0.001_gtrgamma_base-snps-concat_pop	population	0.2	nonrandom_weighted	14	0.9766264608461971
simulation/sim_c0.009_s0.001/c0.009_s0.001_gtrgamma/c0.009_s0.001_gtrgamma_base-snps-concat_pop	population	0.2	nonrandom_weighted	15	0.974375
simulation/sim_c0.009_s0.001/c0.009_s0.001_gtrgamma/c0.009_s0.001_gtrgamma_base-snps-concat_pop	population	0.2	nonrandom_weighted	16	0.9752045468740241
simulation/sim_c0.009_s0.001/c0.009_s0.001_gtrgamma/c0.009_s0.001_gtrgamma_base-snps-concat_pop	population	0.2	nonrandom_weighted	17	0.9774286070582366
simulation/sim_c0.009_s0.001/c0.009_s0.001_gtrgamma/c0.009_s0.001_gtrgamma_base-snps-concat_pop	population	0.2	nonrandom_weighted	18	0.9741233827114195
simulation/sim_c0.009_s0.001/c0.009_s0.001_gtrgamma/c0.009_s0.001_gtrgamma_base-snps-concat_pop	population	0.2	nonrandom_weighted	19	0.9770645060766594
simulation/sim_c0.009_s0.001/c0.009_s0.001_gtrgamma/c0.009_s0.001_gtrgamma_base-snps-concat_pop	population	0.2	nonrandom_weighted	20	0.9738206810371759
