simulation/sim_c0.003_s0.007/c0.003_s0.007_gtr/c0.003_s0.007_gtr_base-snps-concat_phyloqr	phyloqr	0.2	random	1	0.9994082287351668
simulation/sim_c0.003_s0.007/c0.003_s0.007_gtr/c0.003_s0.007_gtr_base-snps-concat_phyloqr	phyloqr	0.2	random	2	0.9994994212057692
simulation/sim_c0.003_s0.007/c0.003_s0.007_gtr/c0.003_s0.007_gtr_base-snps-concat_phyloqr	phyloqr	0.2	random	3	0.9996522508851796
simulation/sim_c0.003_s0.007/c0.003_s0.007_gtr/c0.003_s0.007_gtr_base-snps-concat_phyloqr	phyloqr	0.2	random	4	0.9995609909062402
simulation/sim_c0.003_s0.007/c0.003_s0.007_gtr/c0.003_s0.007_gtr_base-snps-concat_phyloqr	phyloqr	0.2	random	5	0.9994030788564248
simulation/sim_c0.003_s0.007/c0.003_s0.007_gtr/c0.003_s0.007_gtr_base-snps-concat_phyloqr	phyloqr	0.2	random	6	0.9994658623181576
simulation/sim_c0.003_s0.007/c0.003_s0.007_gtr/c0.003_s0.007_gtr_base-snps-concat_phyloqr	phyloqr	0.2	random	7	0.9996894024102373
simulation/sim_c0.003_s0.007/c0.003_s0.007_gtr/c0.003_s0.007_gtr_base-snps-concat_phyloqr	phyloqr	0.2	random	8	0.9997193463889236
simulation/sim_c0.003_s0.007/c0.003_s0.007_gtr/c0.003_s0.007_gtr_base-snps-concat_phyloqr	phyloqr	0.2	random	9	0.999443860841624
simulation/sim_c0.003_s0.007/c0.003_s0.007_gtr/c0.003_s0.007_gtr_base-snps-concat_phyloqr	phyloqr	0.2	random	10	0.9994330708661417
simulation/sim_c0.003_s0.007/c0.003_s0.007_gtr/c0.003_s0.007_gtr_base-snps-concat_phyloqr	phyloqr	0.2	random	11	0.9995617879053462
simulation/sim_c0.003_s0.007/c0.003_s0.007_gtr/c0.003_s0.007_gtr_base-snps-concat_phyloqr	phyloqr	0.2	random	12	0.9995311034698343
simulation/sim_c0.003_s0.007/c0.003_s0.007_gtr/c0.003_s0.007_gtr_base-snps-concat_phyloqr	phyloqr	0.2	random	13	0.9994022149509187
simulation/sim_c0.003_s0.007/c0.003_s0.007_gtr/c0.003_s0.007_gtr_base-snps-concat_phyloqr	phyloqr	0.2	random	14	0.9994075644663403
simulation/sim_c0.003_s0.007/c0.003_s0.007_gtr/c0.003_s0.007_gtr_base-snps-concat_phyloqr	phyloqr	0.2	random	15	0.9996226889699409
simulation/sim_c0.003_s0.007/c0.003_s0.007_gtr/c0.003_s0.007_gtr_base-snps-concat_phyloqr	phyloqr	0.2	random	16	0.9994692310093978
simulation/sim_c0.003_s0.007/c0.003_s0.007_gtr/c0.003_s0.007_gtr_base-snps-concat_phyloqr	phyloqr	0.2	random	17	0.9995610734888387
simulation/sim_c0.003_s0.007/c0.003_s0.007_gtr/c0.003_s0.007_gtr_base-snps-concat_phyloqr	phyloqr	0.2	random	18	0.9995316890415236
simulation/sim_c0.003_s0.007/c0.003_s0.007_gtr/c0.003_s0.007_gtr_base-snps-concat_phyloqr	phyloqr	0.2	random	19	0.9994984640461413
simulation/sim_c0.003_s0.007/c0.003_s0.007_gtr/c0.003_s0.007_gtr_base-snps-concat_phyloqr	phyloqr	0.2	random	20	0.9994049483244598
simulation/sim_c0.003_s0.007/c0.003_s0.007_gtr/c0.003_s0.007_gtr_base-snps-concat_phyloqr	phyloqr	0.2	nonrandom	1	0.9999687196972067
simulation/sim_c0.003_s0.007/c0.003_s0.007_gtr/c0.003_s0.007_gtr_base-snps-concat_phyloqr	phyloqr	0.2	nonrandom	2	0.9997185124949176
simulation/sim_c0.003_s0.007/c0.003_s0.007_gtr/c0.003_s0.007_gtr_base-snps-concat_phyloqr	phyloqr	0.2	nonrandom	3	0.9994370249898352
simulation/sim_c0.003_s0.007/c0.003_s0.007_gtr/c0.003_s0.007_gtr_base-snps-concat_phyloqr	phyloqr	0.2	nonrandom	4	0.999750023435303
simulation/sim_c0.003_s0.007/c0.003_s0.007_gtr/c0.003_s0.007_gtr_base-snps-concat_phyloqr	phyloqr	0.2	nonrandom	5	0.9985923863743001
simulation/sim_c0.003_s0.007/c0.003_s0.007_gtr/c0.003_s0.007_gtr_base-snps-concat_phyloqr	phyloqr	0.2	nonrandom	6	0.9999374921865233
simulation/sim_c0.003_s0.007/c0.003_s0.007_gtr/c0.003_s0.007_gtr_base-snps-concat_phyloqr	phyloqr	0.2	nonrandom	7	0.99843618052732
simulation/sim_c0.003_s0.007/c0.003_s0.007_gtr/c0.003_s0.007_gtr_base-snps-concat_phyloqr	phyloqr	0.2	nonrandom	8	0.9999374374374375
simulation/sim_c0.003_s0.007/c0.003_s0.007_gtr/c0.003_s0.007_gtr_base-snps-concat_phyloqr	phyloqr	0.2	nonrandom	9	0.99962463636648
simulation/sim_c0.003_s0.007/c0.003_s0.007_gtr/c0.003_s0.007_gtr_base-snps-concat_phyloqr	phyloqr	0.2	nonrandom	10	0.9997810378804467
simulation/sim_c0.003_s0.007/c0.003_s0.007_gtr/c0.003_s0.007_gtr_base-snps-concat_phyloqr	phyloqr	0.2	nonrandom	11	0.9999375351364858
simulation/sim_c0.003_s0.007/c0.003_s0.007_gtr/c0.003_s0.007_gtr_base-snps-concat_phyloqr	phyloqr	0.2	nonrandom	12	0.9975601363821202
simulation/sim_c0.003_s0.007/c0.003_s0.007_gtr/c0.003_s0.007_gtr_base-snps-concat_phyloqr	phyloqr	0.2	nonrandom	13	0.9995933815019862
simulation/sim_c0.003_s0.007/c0.003_s0.007_gtr/c0.003_s0.007_gtr_base-snps-concat_phyloqr	phyloqr	0.2	nonrandom	14	0.9997497575776534
simulation/sim_c0.003_s0.007/c0.003_s0.007_gtr/c0.003_s0.007_gtr_base-snps-concat_phyloqr	phyloqr	0.2	nonrandom	15	0.9995307954581001
simulation/sim_c0.003_s0.007/c0.003_s0.007_gtr/c0.003_s0.007_gtr_base-snps-concat_phyloqr	phyloqr	0.2	nonrandom	16	0.9995620620620621
simulation/sim_c0.003_s0.007/c0.003_s0.007_gtr/c0.003_s0.007_gtr_base-snps-concat_phyloqr	phyloqr	0.2	nonrandom	17	1.0
simulation/sim_c0.003_s0.007/c0.003_s0.007_gtr/c0.003_s0.007_gtr_base-snps-concat_phyloqr	phyloqr	0.2	nonrandom	18	0.9998435984860333
simulation/sim_c0.003_s0.007/c0.003_s0.007_gtr/c0.003_s0.007_gtr_base-snps-concat_phyloqr	phyloqr	0.2	nonrandom	19	0.9997810995059103
simulation/sim_c0.003_s0.007/c0.003_s0.007_gtr/c0.003_s0.007_gtr_base-snps-concat_phyloqr	phyloqr	0.2	nonrandom	20	0.9998435984860333
simulation/sim_c0.003_s0.007/c0.003_s0.007_gtr/c0.003_s0.007_gtr_base-snps-concat_phyloqr	phyloqr	0.2	nonrandom_weighted	1	0.99962463636648
simulation/sim_c0.003_s0.007/c0.003_s0.007_gtr/c0.003_s0.007_gtr_base-snps-concat_phyloqr	phyloqr	0.2	nonrandom_weighted	2	0.9986861861861862
simulation/sim_c0.003_s0.007/c0.003_s0.007_gtr/c0.003_s0.007_gtr_base-snps-concat_phyloqr	phyloqr	0.2	nonrandom_weighted	3	0.9986861861861862
simulation/sim_c0.003_s0.007/c0.003_s0.007_gtr/c0.003_s0.007_gtr_base-snps-concat_phyloqr	phyloqr	0.2	nonrandom_weighted	4	0.9987491791488164
simulation/sim_c0.003_s0.007/c0.003_s0.007_gtr/c0.003_s0.007_gtr_base-snps-concat_phyloqr	phyloqr	0.2	nonrandom_weighted	5	0.9996874120846488
simulation/sim_c0.003_s0.007/c0.003_s0.007_gtr/c0.003_s0.007_gtr_base-snps-concat_phyloqr	phyloqr	0.2	nonrandom_weighted	6	0.9999374921865233
simulation/sim_c0.003_s0.007/c0.003_s0.007_gtr/c0.003_s0.007_gtr_base-snps-concat_phyloqr	phyloqr	0.2	nonrandom_weighted	7	0.9998123240538004
simulation/sim_c0.003_s0.007/c0.003_s0.007_gtr/c0.003_s0.007_gtr_base-snps-concat_phyloqr	phyloqr	0.2	nonrandom_weighted	8	0.9986549469798868
simulation/sim_c0.003_s0.007/c0.003_s0.007_gtr/c0.003_s0.007_gtr_base-snps-concat_phyloqr	phyloqr	0.2	nonrandom_weighted	9	0.9987497655810464
simulation/sim_c0.003_s0.007/c0.003_s0.007_gtr/c0.003_s0.007_gtr_base-snps-concat_phyloqr	phyloqr	0.2	nonrandom_weighted	10	0.9998748787888266
simulation/sim_c0.003_s0.007/c0.003_s0.007_gtr/c0.003_s0.007_gtr_base-snps-concat_phyloqr	phyloqr	0.2	nonrandom_weighted	11	0.9997810378804467
simulation/sim_c0.003_s0.007/c0.003_s0.007_gtr/c0.003_s0.007_gtr_base-snps-concat_phyloqr	phyloqr	0.2	nonrandom_weighted	12	0.9998748787888266
simulation/sim_c0.003_s0.007/c0.003_s0.007_gtr/c0.003_s0.007_gtr_base-snps-concat_phyloqr	phyloqr	0.2	nonrandom_weighted	13	0.9987174674674675
simulation/sim_c0.003_s0.007/c0.003_s0.007_gtr/c0.003_s0.007_gtr_base-snps-concat_phyloqr	phyloqr	0.2	nonrandom_weighted	14	0.9986237097278698
simulation/sim_c0.003_s0.007/c0.003_s0.007_gtr/c0.003_s0.007_gtr_base-snps-concat_phyloqr	phyloqr	0.2	nonrandom_weighted	15	0.9992805530357534
simulation/sim_c0.003_s0.007/c0.003_s0.007_gtr/c0.003_s0.007_gtr_base-snps-concat_phyloqr	phyloqr	0.2	nonrandom_weighted	16	0.9998748787888266
simulation/sim_c0.003_s0.007/c0.003_s0.007_gtr/c0.003_s0.007_gtr_base-snps-concat_phyloqr	phyloqr	0.2	nonrandom_weighted	17	0.9999374393944134
simulation/sim_c0.003_s0.007/c0.003_s0.007_gtr/c0.003_s0.007_gtr_base-snps-concat_phyloqr	phyloqr	0.2	nonrandom_weighted	18	0.9987175075854734
simulation/sim_c0.003_s0.007/c0.003_s0.007_gtr/c0.003_s0.007_gtr_base-snps-concat_phyloqr	phyloqr	0.2	nonrandom_weighted	19	0.9998748787888266
simulation/sim_c0.003_s0.007/c0.003_s0.007_gtr/c0.003_s0.007_gtr_base-snps-concat_phyloqr	phyloqr	0.2	nonrandom_weighted	20	1.0
