simulation/sim_c0.003_s0.007/c0.003_s0.007_gtrgamma/c0.003_s0.007_gtrgamma_base-snps-concat_phyloq	phyloq	0.2	random	1	0.9986326911124922
simulation/sim_c0.003_s0.007/c0.003_s0.007_gtrgamma/c0.003_s0.007_gtrgamma_base-snps-concat_phyloq	phyloq	0.2	random	2	0.9990648962034786
simulation/sim_c0.003_s0.007/c0.003_s0.007_gtrgamma/c0.003_s0.007_gtrgamma_base-snps-concat_phyloq	phyloq	0.2	random	3	0.9992552135054618
simulation/sim_c0.003_s0.007/c0.003_s0.007_gtrgamma/c0.003_s0.007_gtrgamma_base-snps-concat_phyloq	phyloq	0.2	random	4	0.9990003748594277
simulation/sim_c0.003_s0.007/c0.003_s0.007_gtrgamma/c0.003_s0.007_gtrgamma_base-snps-concat_phyloq	phyloq	0.2	random	5	0.9991162731978286
simulation/sim_c0.003_s0.007/c0.003_s0.007_gtrgamma/c0.003_s0.007_gtrgamma_base-snps-concat_phyloq	phyloq	0.2	random	6	0.9989390251513449
simulation/sim_c0.003_s0.007/c0.003_s0.007_gtrgamma/c0.003_s0.007_gtrgamma_base-snps-concat_phyloq	phyloq	0.2	random	7	0.9989941535173195
simulation/sim_c0.003_s0.007/c0.003_s0.007_gtrgamma/c0.003_s0.007_gtrgamma_base-snps-concat_phyloq	phyloq	0.2	random	8	0.9990603270062018
simulation/sim_c0.003_s0.007/c0.003_s0.007_gtrgamma/c0.003_s0.007_gtrgamma_base-snps-concat_phyloq	phyloq	0.2	random	9	0.998991554266986
simulation/sim_c0.003_s0.007/c0.003_s0.007_gtrgamma/c0.003_s0.007_gtrgamma_base-snps-concat_phyloq	phyloq	0.2	random	10	0.9986871717929482
simulation/sim_c0.003_s0.007/c0.003_s0.007_gtrgamma/c0.003_s0.007_gtrgamma_base-snps-concat_phyloq	phyloq	0.2	random	11	0.9991356957649092
simulation/sim_c0.003_s0.007/c0.003_s0.007_gtrgamma/c0.003_s0.007_gtrgamma_base-snps-concat_phyloq	phyloq	0.2	random	12	0.9991252733520775
simulation/sim_c0.003_s0.007/c0.003_s0.007_gtrgamma/c0.003_s0.007_gtrgamma_base-snps-concat_phyloq	phyloq	0.2	random	13	0.9989463898357608
simulation/sim_c0.003_s0.007/c0.003_s0.007_gtrgamma/c0.003_s0.007_gtrgamma_base-snps-concat_phyloq	phyloq	0.2	random	14	0.9990641377589219
simulation/sim_c0.003_s0.007/c0.003_s0.007_gtrgamma/c0.003_s0.007_gtrgamma_base-snps-concat_phyloq	phyloq	0.2	random	15	0.9992464678178964
simulation/sim_c0.003_s0.007/c0.003_s0.007_gtrgamma/c0.003_s0.007_gtrgamma_base-snps-concat_phyloq	phyloq	0.2	random	16	0.9989300100704934
simulation/sim_c0.003_s0.007/c0.003_s0.007_gtrgamma/c0.003_s0.007_gtrgamma_base-snps-concat_phyloq	phyloq	0.2	random	17	0.9987985329454914
simulation/sim_c0.003_s0.007/c0.003_s0.007_gtrgamma/c0.003_s0.007_gtrgamma_base-snps-concat_phyloq	phyloq	0.2	random	18	0.9988057825267127
simulation/sim_c0.003_s0.007/c0.003_s0.007_gtrgamma/c0.003_s0.007_gtrgamma_base-snps-concat_phyloq	phyloq	0.2	random	19	0.9988066825775657
simulation/sim_c0.003_s0.007/c0.003_s0.007_gtrgamma/c0.003_s0.007_gtrgamma_base-snps-concat_phyloq	phyloq	0.2	random	20	0.9992466097438473
simulation/sim_c0.003_s0.007/c0.003_s0.007_gtrgamma/c0.003_s0.007_gtrgamma_base-snps-concat_phyloq	phyloq	0.2	nonrandom	1	0.9987501562304711
simulation/sim_c0.003_s0.007/c0.003_s0.007_gtrgamma/c0.003_s0.007_gtrgamma_base-snps-concat_phyloq	phyloq	0.2	nonrandom	2	0.9993111222444889
simulation/sim_c0.003_s0.007/c0.003_s0.007_gtrgamma/c0.003_s0.007_gtrgamma_base-snps-concat_phyloq	phyloq	0.2	nonrandom	3	0.9962427202705242
simulation/sim_c0.003_s0.007/c0.003_s0.007_gtrgamma/c0.003_s0.007_gtrgamma_base-snps-concat_phyloq	phyloq	0.2	nonrandom	4	0.999937374749499
simulation/sim_c0.003_s0.007/c0.003_s0.007_gtrgamma/c0.003_s0.007_gtrgamma_base-snps-concat_phyloq	phyloq	0.2	nonrandom	5	0.9988101947523327
simulation/sim_c0.003_s0.007/c0.003_s0.007_gtrgamma/c0.003_s0.007_gtrgamma_base-snps-concat_phyloq	phyloq	0.2	nonrandom	6	0.9999375702334873
simulation/sim_c0.003_s0.007/c0.003_s0.007_gtrgamma/c0.003_s0.007_gtrgamma_base-snps-concat_phyloq	phyloq	0.2	nonrandom	7	0.9998747573423508
simulation/sim_c0.003_s0.007/c0.003_s0.007_gtrgamma/c0.003_s0.007_gtrgamma_base-snps-concat_phyloq	phyloq	0.2	nonrandom	8	0.9994990293694033
simulation/sim_c0.003_s0.007/c0.003_s0.007_gtrgamma/c0.003_s0.007_gtrgamma_base-snps-concat_phyloq	phyloq	0.2	nonrandom	9	0.999686893355877
simulation/sim_c0.003_s0.007/c0.003_s0.007_gtrgamma/c0.003_s0.007_gtrgamma_base-snps-concat_phyloq	phyloq	0.2	nonrandom	10	0.9991245075354888
simulation/sim_c0.003_s0.007/c0.003_s0.007_gtrgamma/c0.003_s0.007_gtrgamma_base-snps-concat_phyloq	phyloq	0.2	nonrandom	11	0.999874749498998
simulation/sim_c0.003_s0.007/c0.003_s0.007_gtrgamma/c0.003_s0.007_gtrgamma_base-snps-concat_phyloq	phyloq	0.2	nonrandom	12	0.9998747573423508
simulation/sim_c0.003_s0.007/c0.003_s0.007_gtrgamma/c0.003_s0.007_gtrgamma_base-snps-concat_phyloq	phyloq	0.2	nonrandom	13	0.9985597094370342
simulation/sim_c0.003_s0.007/c0.003_s0.007_gtrgamma/c0.003_s0.007_gtrgamma_base-snps-concat_phyloq	phyloq	0.2	nonrandom	14	0.9953066332916145
simulation/sim_c0.003_s0.007/c0.003_s0.007_gtrgamma/c0.003_s0.007_gtrgamma_base-snps-concat_phyloq	phyloq	0.2	nonrandom	15	0.9998124062031015
simulation/sim_c0.003_s0.007/c0.003_s0.007_gtrgamma/c0.003_s0.007_gtrgamma_base-snps-concat_phyloq	phyloq	0.2	nonrandom	16	0.9994993742177722
simulation/sim_c0.003_s0.007/c0.003_s0.007_gtrgamma/c0.003_s0.007_gtrgamma_base-snps-concat_phyloq	phyloq	0.2	nonrandom	17	0.9998747965443846
simulation/sim_c0.003_s0.007/c0.003_s0.007_gtrgamma/c0.003_s0.007_gtrgamma_base-snps-concat_phyloq	phyloq	0.2	nonrandom	18	0.9989357040005008
simulation/sim_c0.003_s0.007/c0.003_s0.007_gtrgamma/c0.003_s0.007_gtrgamma_base-snps-concat_phyloq	phyloq	0.2	nonrandom	19	0.9998121360135263
simulation/sim_c0.003_s0.007/c0.003_s0.007_gtrgamma/c0.003_s0.007_gtrgamma_base-snps-concat_phyloq	phyloq	0.2	nonrandom	20	0.999436372745491
simulation/sim_c0.003_s0.007/c0.003_s0.007_gtrgamma/c0.003_s0.007_gtrgamma_base-snps-concat_phyloq	phyloq	0.2	nonrandom_weighted	1	0.9998747573423508
simulation/sim_c0.003_s0.007/c0.003_s0.007_gtrgamma/c0.003_s0.007_gtrgamma_base-snps-concat_phyloq	phyloq	0.2	nonrandom_weighted	2	0.9997495146847016
simulation/sim_c0.003_s0.007/c0.003_s0.007_gtrgamma/c0.003_s0.007_gtrgamma_base-snps-concat_phyloq	phyloq	0.2	nonrandom_weighted	3	0.999874749498998
simulation/sim_c0.003_s0.007/c0.003_s0.007_gtrgamma/c0.003_s0.007_gtrgamma_base-snps-concat_phyloq	phyloq	0.2	nonrandom_weighted	4	0.999749498997996
simulation/sim_c0.003_s0.007/c0.003_s0.007_gtrgamma/c0.003_s0.007_gtrgamma_base-snps-concat_phyloq	phyloq	0.2	nonrandom_weighted	5	0.9998749609252892
simulation/sim_c0.003_s0.007/c0.003_s0.007_gtrgamma/c0.003_s0.007_gtrgamma_base-snps-concat_phyloq	phyloq	0.2	nonrandom_weighted	6	0.999812124248497
simulation/sim_c0.003_s0.007/c0.003_s0.007_gtrgamma/c0.003_s0.007_gtrgamma_base-snps-concat_phyloq	phyloq	0.2	nonrandom_weighted	7	0.9962429555416406
simulation/sim_c0.003_s0.007/c0.003_s0.007_gtrgamma/c0.003_s0.007_gtrgamma_base-snps-concat_phyloq	phyloq	0.2	nonrandom_weighted	8	1.0
simulation/sim_c0.003_s0.007/c0.003_s0.007_gtrgamma/c0.003_s0.007_gtrgamma_base-snps-concat_phyloq	phyloq	0.2	nonrandom_weighted	9	0.9974951468470161
simulation/sim_c0.003_s0.007/c0.003_s0.007_gtrgamma/c0.003_s0.007_gtrgamma_base-snps-concat_phyloq	phyloq	0.2	nonrandom_weighted	10	0.9973072828605423
simulation/sim_c0.003_s0.007/c0.003_s0.007_gtrgamma/c0.003_s0.007_gtrgamma_base-snps-concat_phyloq	phyloq	0.2	nonrandom_weighted	11	0.9987475734235081
simulation/sim_c0.003_s0.007/c0.003_s0.007_gtrgamma/c0.003_s0.007_gtrgamma_base-snps-concat_phyloq	phyloq	0.2	nonrandom_weighted	12	0.998560880991115
simulation/sim_c0.003_s0.007/c0.003_s0.007_gtrgamma/c0.003_s0.007_gtrgamma_base-snps-concat_phyloq	phyloq	0.2	nonrandom_weighted	13	0.9999373786711754
simulation/sim_c0.003_s0.007/c0.003_s0.007_gtrgamma/c0.003_s0.007_gtrgamma_base-snps-concat_phyloq	phyloq	0.2	nonrandom_weighted	14	0.9961798597194389
simulation/sim_c0.003_s0.007/c0.003_s0.007_gtrgamma/c0.003_s0.007_gtrgamma_base-snps-concat_phyloq	phyloq	0.2	nonrandom_weighted	15	0.9951231711891959
simulation/sim_c0.003_s0.007/c0.003_s0.007_gtrgamma/c0.003_s0.007_gtrgamma_base-snps-concat_phyloq	phyloq	0.2	nonrandom_weighted	16	0.9975021855876108
simulation/sim_c0.003_s0.007/c0.003_s0.007_gtrgamma/c0.003_s0.007_gtrgamma_base-snps-concat_phyloq	phyloq	0.2	nonrandom_weighted	17	0.999248638156659
simulation/sim_c0.003_s0.007/c0.003_s0.007_gtrgamma/c0.003_s0.007_gtrgamma_base-snps-concat_phyloq	phyloq	0.2	nonrandom_weighted	18	0.998685692827638
simulation/sim_c0.003_s0.007/c0.003_s0.007_gtrgamma/c0.003_s0.007_gtrgamma_base-snps-concat_phyloq	phyloq	0.2	nonrandom_weighted	19	0.9962427202705242
simulation/sim_c0.003_s0.007/c0.003_s0.007_gtrgamma/c0.003_s0.007_gtrgamma_base-snps-concat_phyloq	phyloq	0.2	nonrandom_weighted	20	0.999812124248497
