simulation/sim_c0.005_s0.005/c0.005_s0.005_gtr/c0.005_s0.005_gtr_base-snps-concat_phyloqr	phyloqr	0.2	random	1	0.9990975010114213
simulation/sim_c0.005_s0.005/c0.005_s0.005_gtr/c0.005_s0.005_gtr_base-snps-concat_phyloqr	phyloqr	0.2	random	2	0.9985368738909816
simulation/sim_c0.005_s0.005/c0.005_s0.005_gtr/c0.005_s0.005_gtr_base-snps-concat_phyloqr	phyloqr	0.2	random	3	0.9990284263641207
simulation/sim_c0.005_s0.005/c0.005_s0.005_gtr/c0.005_s0.005_gtr_base-snps-concat_phyloqr	phyloqr	0.2	random	4	0.9991584590450069
simulation/sim_c0.005_s0.005/c0.005_s0.005_gtr/c0.005_s0.005_gtr_base-snps-concat_phyloqr	phyloqr	0.2	random	5	0.9990339368630995
simulation/sim_c0.005_s0.005/c0.005_s0.005_gtr/c0.005_s0.005_gtr_base-snps-concat_phyloqr	phyloqr	0.2	random	6	0.9989995935848939
simulation/sim_c0.005_s0.005/c0.005_s0.005_gtr/c0.005_s0.005_gtr_base-snps-concat_phyloqr	phyloqr	0.2	random	7	0.9988113113113113
simulation/sim_c0.005_s0.005/c0.005_s0.005_gtr/c0.005_s0.005_gtr_base-snps-concat_phyloqr	phyloqr	0.2	random	8	0.9990048204011818
simulation/sim_c0.005_s0.005/c0.005_s0.005_gtr/c0.005_s0.005_gtr_base-snps-concat_phyloqr	phyloqr	0.2	random	9	0.9990636704119851
simulation/sim_c0.005_s0.005/c0.005_s0.005_gtr/c0.005_s0.005_gtr_base-snps-concat_phyloqr	phyloqr	0.2	random	10	0.9989090115644774
simulation/sim_c0.005_s0.005/c0.005_s0.005_gtr/c0.005_s0.005_gtr_base-snps-concat_phyloqr	phyloqr	0.2	random	11	0.9990005933976701
simulation/sim_c0.005_s0.005/c0.005_s0.005_gtr/c0.005_s0.005_gtr_base-snps-concat_phyloqr	phyloqr	0.2	random	12	0.9985578128918987
simulation/sim_c0.005_s0.005/c0.005_s0.005_gtr/c0.005_s0.005_gtr_base-snps-concat_phyloqr	phyloqr	0.2	random	13	0.9990905955031516
simulation/sim_c0.005_s0.005/c0.005_s0.005_gtr/c0.005_s0.005_gtr_base-snps-concat_phyloqr	phyloqr	0.2	random	14	0.9990261678132756
simulation/sim_c0.005_s0.005/c0.005_s0.005_gtr/c0.005_s0.005_gtr_base-snps-concat_phyloqr	phyloqr	0.2	random	15	0.9987865588052272
simulation/sim_c0.005_s0.005/c0.005_s0.005_gtr/c0.005_s0.005_gtr_base-snps-concat_phyloqr	phyloqr	0.2	random	16	0.999123520941589
simulation/sim_c0.005_s0.005/c0.005_s0.005_gtr/c0.005_s0.005_gtr_base-snps-concat_phyloqr	phyloqr	0.2	random	17	0.9989044697633654
simulation/sim_c0.005_s0.005/c0.005_s0.005_gtr/c0.005_s0.005_gtr_base-snps-concat_phyloqr	phyloqr	0.2	random	18	0.9987869739665951
simulation/sim_c0.005_s0.005/c0.005_s0.005_gtr/c0.005_s0.005_gtr_base-snps-concat_phyloqr	phyloqr	0.2	random	19	0.9991600037333167
simulation/sim_c0.005_s0.005/c0.005_s0.005_gtr/c0.005_s0.005_gtr_base-snps-concat_phyloqr	phyloqr	0.2	random	20	0.9988807710244054
simulation/sim_c0.005_s0.005/c0.005_s0.005_gtr/c0.005_s0.005_gtr_base-snps-concat_phyloqr	phyloqr	0.2	nonrandom	1	0.9993753708735438
simulation/sim_c0.005_s0.005/c0.005_s0.005_gtr/c0.005_s0.005_gtr_base-snps-concat_phyloqr	phyloqr	0.2	nonrandom	2	0.9995625136714478
simulation/sim_c0.005_s0.005/c0.005_s0.005_gtr/c0.005_s0.005_gtr_base-snps-concat_phyloqr	phyloqr	0.2	nonrandom	3	0.9996875390576178
simulation/sim_c0.005_s0.005/c0.005_s0.005_gtr/c0.005_s0.005_gtr_base-snps-concat_phyloqr	phyloqr	0.2	nonrandom	4	0.9995625136714478
simulation/sim_c0.005_s0.005/c0.005_s0.005_gtr/c0.005_s0.005_gtr_base-snps-concat_phyloqr	phyloqr	0.2	nonrandom	5	0.9994375
simulation/sim_c0.005_s0.005/c0.005_s0.005_gtr/c0.005_s0.005_gtr_base-snps-concat_phyloqr	phyloqr	0.2	nonrandom	6	0.9951272840855849
simulation/sim_c0.005_s0.005/c0.005_s0.005_gtr/c0.005_s0.005_gtr_base-snps-concat_phyloqr	phyloqr	0.2	nonrandom	7	0.9999375
simulation/sim_c0.005_s0.005/c0.005_s0.005_gtr/c0.005_s0.005_gtr_base-snps-concat_phyloqr	phyloqr	0.2	nonrandom	8	0.9996250117183838
simulation/sim_c0.005_s0.005/c0.005_s0.005_gtr/c0.005_s0.005_gtr_base-snps-concat_phyloqr	phyloqr	0.2	nonrandom	9	0.9991250273428955
simulation/sim_c0.005_s0.005/c0.005_s0.005_gtr/c0.005_s0.005_gtr_base-snps-concat_phyloqr	phyloqr	0.2	nonrandom	10	0.9994067875987387
simulation/sim_c0.005_s0.005/c0.005_s0.005_gtr/c0.005_s0.005_gtr_base-snps-concat_phyloqr	phyloqr	0.2	nonrandom	11	0.9995315574154461
simulation/sim_c0.005_s0.005/c0.005_s0.005_gtr/c0.005_s0.005_gtr_base-snps-concat_phyloqr	phyloqr	0.2	nonrandom	12	0.9993130152385711
simulation/sim_c0.005_s0.005/c0.005_s0.005_gtr/c0.005_s0.005_gtr_base-snps-concat_phyloqr	phyloqr	0.2	nonrandom	13	0.999937501953064
simulation/sim_c0.005_s0.005/c0.005_s0.005_gtr/c0.005_s0.005_gtr_base-snps-concat_phyloqr	phyloqr	0.2	nonrandom	14	0.9997812568357238
simulation/sim_c0.005_s0.005/c0.005_s0.005_gtr/c0.005_s0.005_gtr_base-snps-concat_phyloqr	phyloqr	0.2	nonrandom	15	0.9998128217126814
simulation/sim_c0.005_s0.005/c0.005_s0.005_gtr/c0.005_s0.005_gtr_base-snps-concat_phyloqr	phyloqr	0.2	nonrandom	16	0.9994072132784225
simulation/sim_c0.005_s0.005/c0.005_s0.005_gtr/c0.005_s0.005_gtr_base-snps-concat_phyloqr	phyloqr	0.2	nonrandom	17	0.9972813349582825
simulation/sim_c0.005_s0.005/c0.005_s0.005_gtr/c0.005_s0.005_gtr_base-snps-concat_phyloqr	phyloqr	0.2	nonrandom	18	0.9972813349582825
simulation/sim_c0.005_s0.005/c0.005_s0.005_gtr/c0.005_s0.005_gtr_base-snps-concat_phyloqr	phyloqr	0.2	nonrandom	19	0.99984375
simulation/sim_c0.005_s0.005/c0.005_s0.005_gtr/c0.005_s0.005_gtr_base-snps-concat_phyloqr	phyloqr	0.2	nonrandom	20	0.9993127362469151
simulation/sim_c0.005_s0.005/c0.005_s0.005_gtr/c0.005_s0.005_gtr_base-snps-concat_phyloqr	phyloqr	0.2	nonrandom_weighted	1	0.9996250937265684
simulation/sim_c0.005_s0.005/c0.005_s0.005_gtr/c0.005_s0.005_gtr_base-snps-concat_phyloqr	phyloqr	0.2	nonrandom_weighted	2	0.9974692245204024
simulation/sim_c0.005_s0.005/c0.005_s0.005_gtr/c0.005_s0.005_gtr_base-snps-concat_phyloqr	phyloqr	0.2	nonrandom_weighted	3	0.9995315574154461
simulation/sim_c0.005_s0.005/c0.005_s0.005_gtr/c0.005_s0.005_gtr_base-snps-concat_phyloqr	phyloqr	0.2	nonrandom_weighted	4	0.99965625
simulation/sim_c0.005_s0.005/c0.005_s0.005_gtr/c0.005_s0.005_gtr_base-snps-concat_phyloqr	phyloqr	0.2	nonrandom_weighted	5	0.9974688290990906
simulation/sim_c0.005_s0.005/c0.005_s0.005_gtr/c0.005_s0.005_gtr_base-snps-concat_phyloqr	phyloqr	0.2	nonrandom_weighted	6	0.9996250351529544
simulation/sim_c0.005_s0.005/c0.005_s0.005_gtr/c0.005_s0.005_gtr_base-snps-concat_phyloqr	phyloqr	0.2	nonrandom_weighted	7	0.9993757023348733
simulation/sim_c0.005_s0.005/c0.005_s0.005_gtr/c0.005_s0.005_gtr_base-snps-concat_phyloqr	phyloqr	0.2	nonrandom_weighted	8	0.9984375488265992
simulation/sim_c0.005_s0.005/c0.005_s0.005_gtr/c0.005_s0.005_gtr_base-snps-concat_phyloqr	phyloqr	0.2	nonrandom_weighted	9	0.9992500468720705
simulation/sim_c0.005_s0.005/c0.005_s0.005_gtr/c0.005_s0.005_gtr_base-snps-concat_phyloqr	phyloqr	0.2	nonrandom_weighted	10	0.997626112759644
simulation/sim_c0.005_s0.005/c0.005_s0.005_gtr/c0.005_s0.005_gtr_base-snps-concat_phyloqr	phyloqr	0.2	nonrandom_weighted	11	0.9997187587887878
simulation/sim_c0.005_s0.005/c0.005_s0.005_gtr/c0.005_s0.005_gtr_base-snps-concat_phyloqr	phyloqr	0.2	nonrandom_weighted	12	0.99984375
simulation/sim_c0.005_s0.005/c0.005_s0.005_gtr/c0.005_s0.005_gtr_base-snps-concat_phyloqr	phyloqr	0.2	nonrandom_weighted	13	0.999375
simulation/sim_c0.005_s0.005/c0.005_s0.005_gtr/c0.005_s0.005_gtr_base-snps-concat_phyloqr	phyloqr	0.2	nonrandom_weighted	14	0.998000062498047
simulation/sim_c0.005_s0.005/c0.005_s0.005_gtr/c0.005_s0.005_gtr_base-snps-concat_phyloqr	phyloqr	0.2	nonrandom_weighted	15	0.9995937626949157
simulation/sim_c0.005_s0.005/c0.005_s0.005_gtr/c0.005_s0.005_gtr_base-snps-concat_phyloqr	phyloqr	0.2	nonrandom_weighted	16	0.9998125
simulation/sim_c0.005_s0.005/c0.005_s0.005_gtr/c0.005_s0.005_gtr_base-snps-concat_phyloqr	phyloqr	0.2	nonrandom_weighted	17	0.9995004995004995
simulation/sim_c0.005_s0.005/c0.005_s0.005_gtr/c0.005_s0.005_gtr_base-snps-concat_phyloqr	phyloqr	0.2	nonrandom_weighted	18	0.9997500390563975
simulation/sim_c0.005_s0.005/c0.005_s0.005_gtr/c0.005_s0.005_gtr_base-snps-concat_phyloqr	phyloqr	0.2	nonrandom_weighted	19	0.998625
simulation/sim_c0.005_s0.005/c0.005_s0.005_gtr/c0.005_s0.005_gtr_base-snps-concat_phyloqr	phyloqr	0.2	nonrandom_weighted	20	0.9997500078122559
