simulation/sim_c0.009_s0.001/c0.009_s0.001_gtr/c0.009_s0.001_gtr_base-snps-concat_global	global	0.2	random	1	0.9744663562208957
simulation/sim_c0.009_s0.001/c0.009_s0.001_gtr/c0.009_s0.001_gtr_base-snps-concat_global	global	0.2	random	2	0.975321417372217
simulation/sim_c0.009_s0.001/c0.009_s0.001_gtr/c0.009_s0.001_gtr_base-snps-concat_global	global	0.2	random	3	0.9733142572779299
simulation/sim_c0.009_s0.001/c0.009_s0.001_gtr/c0.009_s0.001_gtr_base-snps-concat_global	global	0.2	random	4	0.9739615623062616
simulation/sim_c0.009_s0.001/c0.009_s0.001_gtr/c0.009_s0.001_gtr_base-snps-concat_global	global	0.2	random	5	0.9742823338937667
simulation/sim_c0.009_s0.001/c0.009_s0.001_gtr/c0.009_s0.001_gtr_base-snps-concat_global	global	0.2	random	6	0.9746538738006688
simulation/sim_c0.009_s0.001/c0.009_s0.001_gtr/c0.009_s0.001_gtr_base-snps-concat_global	global	0.2	random	7	0.9742665496489469
simulation/sim_c0.009_s0.001/c0.009_s0.001_gtr/c0.009_s0.001_gtr_base-snps-concat_global	global	0.2	random	8	0.9734961471538652
simulation/sim_c0.009_s0.001/c0.009_s0.001_gtr/c0.009_s0.001_gtr_base-snps-concat_global	global	0.2	random	9	0.975335271499578
simulation/sim_c0.009_s0.001/c0.009_s0.001_gtr/c0.009_s0.001_gtr_base-snps-concat_global	global	0.2	random	10	0.9740922903417812
simulation/sim_c0.009_s0.001/c0.009_s0.001_gtr/c0.009_s0.001_gtr_base-snps-concat_global	global	0.2	random	11	0.974137393149061
simulation/sim_c0.009_s0.001/c0.009_s0.001_gtr/c0.009_s0.001_gtr_base-snps-concat_global	global	0.2	random	12	0.9751182977656607
simulation/sim_c0.009_s0.001/c0.009_s0.001_gtr/c0.009_s0.001_gtr_base-snps-concat_global	global	0.2	random	13	0.974008549408718
simulation/sim_c0.009_s0.001/c0.009_s0.001_gtr/c0.009_s0.001_gtr_base-snps-concat_global	global	0.2	random	14	0.9730987939761295
simulation/sim_c0.009_s0.001/c0.009_s0.001_gtr/c0.009_s0.001_gtr_base-snps-concat_global	global	0.2	random	15	0.9730368527445188
simulation/sim_c0.009_s0.001/c0.009_s0.001_gtr/c0.009_s0.001_gtr_base-snps-concat_global	global	0.2	random	16	0.9751045111374556
simulation/sim_c0.009_s0.001/c0.009_s0.001_gtr/c0.009_s0.001_gtr_base-snps-concat_global	global	0.2	random	17	0.9734755521993581
simulation/sim_c0.009_s0.001/c0.009_s0.001_gtr/c0.009_s0.001_gtr_base-snps-concat_global	global	0.2	random	18	0.9737767132236289
simulation/sim_c0.009_s0.001/c0.009_s0.001_gtr/c0.009_s0.001_gtr_base-snps-concat_global	global	0.2	random	19	0.9744192520647097
simulation/sim_c0.009_s0.001/c0.009_s0.001_gtr/c0.009_s0.001_gtr_base-snps-concat_global	global	0.2	random	20	0.9726368934459438
simulation/sim_c0.009_s0.001/c0.009_s0.001_gtr/c0.009_s0.001_gtr_base-snps-concat_global	global	0.2	nonrandom	1	0.9744382988031624
simulation/sim_c0.009_s0.001/c0.009_s0.001_gtr/c0.009_s0.001_gtr_base-snps-concat_global	global	0.2	nonrandom	2	0.9748250874562718
simulation/sim_c0.009_s0.001/c0.009_s0.001_gtr/c0.009_s0.001_gtr_base-snps-concat_global	global	0.2	nonrandom	3	0.9740633105215462
simulation/sim_c0.009_s0.001/c0.009_s0.001_gtr/c0.009_s0.001_gtr_base-snps-concat_global	global	0.2	nonrandom	4	0.9752866560439903
simulation/sim_c0.009_s0.001/c0.009_s0.001_gtr/c0.009_s0.001_gtr_base-snps-concat_global	global	0.2	nonrandom	5	0.9739752561859535
simulation/sim_c0.009_s0.001/c0.009_s0.001_gtr/c0.009_s0.001_gtr_base-snps-concat_global	global	0.2	nonrandom	6	0.97334375
simulation/sim_c0.009_s0.001/c0.009_s0.001_gtr/c0.009_s0.001_gtr_base-snps-concat_global	global	0.2	nonrandom	7	0.974454945260597
simulation/sim_c0.009_s0.001/c0.009_s0.001_gtr/c0.009_s0.001_gtr_base-snps-concat_global	global	0.2	nonrandom	8	0.9741883066154182
simulation/sim_c0.009_s0.001/c0.009_s0.001_gtr/c0.009_s0.001_gtr_base-snps-concat_global	global	0.2	nonrandom	9	0.9739383144276741
simulation/sim_c0.009_s0.001/c0.009_s0.001_gtr/c0.009_s0.001_gtr_base-snps-concat_global	global	0.2	nonrandom	10	0.9741891131804262
simulation/sim_c0.009_s0.001/c0.009_s0.001_gtr/c0.009_s0.001_gtr_base-snps-concat_global	global	0.2	nonrandom	11	0.9740105582107269
simulation/sim_c0.009_s0.001/c0.009_s0.001_gtr/c0.009_s0.001_gtr_base-snps-concat_global	global	0.2	nonrandom	12	0.9714687061027002
simulation/sim_c0.009_s0.001/c0.009_s0.001_gtr/c0.009_s0.001_gtr_base-snps-concat_global	global	0.2	nonrandom	13	0.9740945595450142
simulation/sim_c0.009_s0.001/c0.009_s0.001_gtr/c0.009_s0.001_gtr_base-snps-concat_global	global	0.2	nonrandom	14	0.9760374414976599
simulation/sim_c0.009_s0.001/c0.009_s0.001_gtr/c0.009_s0.001_gtr_base-snps-concat_global	global	0.2	nonrandom	15	0.9750312109862672
simulation/sim_c0.009_s0.001/c0.009_s0.001_gtr/c0.009_s0.001_gtr_base-snps-concat_global	global	0.2	nonrandom	16	0.9730987939761295
simulation/sim_c0.009_s0.001/c0.009_s0.001_gtr/c0.009_s0.001_gtr_base-snps-concat_global	global	0.2	nonrandom	17	0.9726613759920015
simulation/sim_c0.009_s0.001/c0.009_s0.001_gtr/c0.009_s0.001_gtr_base-snps-concat_global	global	0.2	nonrandom	18	0.9746882909909065
simulation/sim_c0.009_s0.001/c0.009_s0.001_gtr/c0.009_s0.001_gtr_base-snps-concat_global	global	0.2	nonrandom	19	0.9740945595450142
simulation/sim_c0.009_s0.001/c0.009_s0.001_gtr/c0.009_s0.001_gtr_base-snps-concat_global	global	0.2	nonrandom	20	0.9736036486317631
simulation/sim_c0.009_s0.001/c0.009_s0.001_gtr/c0.009_s0.001_gtr_base-snps-concat_global	global	0.2	nonrandom_weighted	1	0.9757284582267424
simulation/sim_c0.009_s0.001/c0.009_s0.001_gtr/c0.009_s0.001_gtr_base-snps-concat_global	global	0.2	nonrandom_weighted	2	0.9740625
simulation/sim_c0.009_s0.001/c0.009_s0.001_gtr/c0.009_s0.001_gtr_base-snps-concat_global	global	0.2	nonrandom_weighted	3	0.9728125
simulation/sim_c0.009_s0.001/c0.009_s0.001_gtr/c0.009_s0.001_gtr_base-snps-concat_global	global	0.2	nonrandom_weighted	4	0.97353125
simulation/sim_c0.009_s0.001/c0.009_s0.001_gtr/c0.009_s0.001_gtr_base-snps-concat_global	global	0.2	nonrandom_weighted	5	0.97396875
simulation/sim_c0.009_s0.001/c0.009_s0.001_gtr/c0.009_s0.001_gtr_base-snps-concat_global	global	0.2	nonrandom_weighted	6	0.9737417259897589
simulation/sim_c0.009_s0.001/c0.009_s0.001_gtr/c0.009_s0.001_gtr_base-snps-concat_global	global	0.2	nonrandom_weighted	7	0.9739695634511422
simulation/sim_c0.009_s0.001/c0.009_s0.001_gtr/c0.009_s0.001_gtr_base-snps-concat_global	global	0.2	nonrandom_weighted	8	0.97425
simulation/sim_c0.009_s0.001/c0.009_s0.001_gtr/c0.009_s0.001_gtr_base-snps-concat_global	global	0.2	nonrandom_weighted	9	0.971844629855317
simulation/sim_c0.009_s0.001/c0.009_s0.001_gtr/c0.009_s0.001_gtr_base-snps-concat_global	global	0.2	nonrandom_weighted	10	0.974
simulation/sim_c0.009_s0.001/c0.009_s0.001_gtr/c0.009_s0.001_gtr_base-snps-concat_global	global	0.2	nonrandom_weighted	11	0.9728472894104429
simulation/sim_c0.009_s0.001/c0.009_s0.001_gtr/c0.009_s0.001_gtr_base-snps-concat_global	global	0.2	nonrandom_weighted	12	0.9738758163807381
simulation/sim_c0.009_s0.001/c0.009_s0.001_gtr/c0.009_s0.001_gtr_base-snps-concat_global	global	0.2	nonrandom_weighted	13	0.974679196977739
simulation/sim_c0.009_s0.001/c0.009_s0.001_gtr/c0.009_s0.001_gtr_base-snps-concat_global	global	0.2	nonrandom_weighted	14	0.9731875
simulation/sim_c0.009_s0.001/c0.009_s0.001_gtr/c0.009_s0.001_gtr_base-snps-concat_global	global	0.2	nonrandom_weighted	15	0.97271875
simulation/sim_c0.009_s0.001/c0.009_s0.001_gtr/c0.009_s0.001_gtr_base-snps-concat_global	global	0.2	nonrandom_weighted	16	0.9737187090330233
simulation/sim_c0.009_s0.001/c0.009_s0.001_gtr/c0.009_s0.001_gtr_base-snps-concat_global	global	0.2	nonrandom_weighted	17	0.9719696259491891
simulation/sim_c0.009_s0.001/c0.009_s0.001_gtr/c0.009_s0.001_gtr_base-snps-concat_global	global	0.2	nonrandom_weighted	18	0.9756875
simulation/sim_c0.009_s0.001/c0.009_s0.001_gtr/c0.009_s0.001_gtr_base-snps-concat_global	global	0.2	nonrandom_weighted	19	0.9704071747757883
simulation/sim_c0.009_s0.001/c0.009_s0.001_gtr/c0.009_s0.001_gtr_base-snps-concat_global	global	0.2	nonrandom_weighted	20	0.97253125
