simulation/sim_c0.009_s0.001/c0.009_s0.001_gtrgamma/c0.009_s0.001_gtrgamma_base-snps-concat_popWrong	population2	0.2	random	1	0.9753989781113984
simulation/sim_c0.009_s0.001/c0.009_s0.001_gtrgamma/c0.009_s0.001_gtrgamma_base-snps-concat_popWrong	population2	0.2	random	2	0.9752312371965982
simulation/sim_c0.009_s0.001/c0.009_s0.001_gtrgamma/c0.009_s0.001_gtrgamma_base-snps-concat_popWrong	population2	0.2	random	3	0.9749533871970167
simulation/sim_c0.009_s0.001/c0.009_s0.001_gtrgamma/c0.009_s0.001_gtrgamma_base-snps-concat_popWrong	population2	0.2	random	4	0.9760433741016266
simulation/sim_c0.009_s0.001/c0.009_s0.001_gtrgamma/c0.009_s0.001_gtrgamma_base-snps-concat_popWrong	population2	0.2	random	5	0.9754322676949869
simulation/sim_c0.009_s0.001/c0.009_s0.001_gtrgamma/c0.009_s0.001_gtrgamma_base-snps-concat_popWrong	population2	0.2	random	6	0.9739363025628266
simulation/sim_c0.009_s0.001/c0.009_s0.001_gtrgamma/c0.009_s0.001_gtrgamma_base-snps-concat_popWrong	population2	0.2	random	7	0.9770987615906404
simulation/sim_c0.009_s0.001/c0.009_s0.001_gtrgamma/c0.009_s0.001_gtrgamma_base-snps-concat_popWrong	population2	0.2	random	8	0.9763157894736842
simulation/sim_c0.009_s0.001/c0.009_s0.001_gtrgamma/c0.009_s0.001_gtrgamma_base-snps-concat_popWrong	population2	0.2	random	9	0.97646404744255
simulation/sim_c0.009_s0.001/c0.009_s0.001_gtrgamma/c0.009_s0.001_gtrgamma_base-snps-concat_popWrong	population2	0.2	random	10	0.9759237482205855
simulation/sim_c0.009_s0.001/c0.009_s0.001_gtrgamma/c0.009_s0.001_gtrgamma_base-snps-concat_popWrong	population2	0.2	random	11	0.9745119980106925
simulation/sim_c0.009_s0.001/c0.009_s0.001_gtrgamma/c0.009_s0.001_gtrgamma_base-snps-concat_popWrong	population2	0.2	random	12	0.9759729695907896
simulation/sim_c0.009_s0.001/c0.009_s0.001_gtrgamma/c0.009_s0.001_gtrgamma_base-snps-concat_popWrong	population2	0.2	random	13	0.9787048023480922
simulation/sim_c0.009_s0.001/c0.009_s0.001_gtrgamma/c0.009_s0.001_gtrgamma_base-snps-concat_popWrong	population2	0.2	random	14	0.9767181970571801
simulation/sim_c0.009_s0.001/c0.009_s0.001_gtrgamma/c0.009_s0.001_gtrgamma_base-snps-concat_popWrong	population2	0.2	random	15	0.9765487835465262
simulation/sim_c0.009_s0.001/c0.009_s0.001_gtrgamma/c0.009_s0.001_gtrgamma_base-snps-concat_popWrong	population2	0.2	random	16	0.9762514842822324
simulation/sim_c0.009_s0.001/c0.009_s0.001_gtrgamma/c0.009_s0.001_gtrgamma_base-snps-concat_popWrong	population2	0.2	random	17	0.9744741933470636
simulation/sim_c0.009_s0.001/c0.009_s0.001_gtrgamma/c0.009_s0.001_gtrgamma_base-snps-concat_popWrong	population2	0.2	random	18	0.9765050479870373
simulation/sim_c0.009_s0.001/c0.009_s0.001_gtrgamma/c0.009_s0.001_gtrgamma_base-snps-concat_popWrong	population2	0.2	random	19	0.9756541381690406
simulation/sim_c0.009_s0.001/c0.009_s0.001_gtrgamma/c0.009_s0.001_gtrgamma_base-snps-concat_popWrong	population2	0.2	random	20	0.9737039350405996
simulation/sim_c0.009_s0.001/c0.009_s0.001_gtrgamma/c0.009_s0.001_gtrgamma_base-snps-concat_popWrong	population2	0.2	nonrandom	1	0.9763764764702206
simulation/sim_c0.009_s0.001/c0.009_s0.001_gtrgamma/c0.009_s0.001_gtrgamma_base-snps-concat_popWrong	population2	0.2	nonrandom	2	0.9732483280205013
simulation/sim_c0.009_s0.001/c0.009_s0.001_gtrgamma/c0.009_s0.001_gtrgamma_base-snps-concat_popWrong	population2	0.2	nonrandom	3	0.974564089744391
simulation/sim_c0.009_s0.001/c0.009_s0.001_gtrgamma/c0.009_s0.001_gtrgamma_base-snps-concat_popWrong	population2	0.2	nonrandom	4	0.9713142928566965
simulation/sim_c0.009_s0.001/c0.009_s0.001_gtrgamma/c0.009_s0.001_gtrgamma_base-snps-concat_popWrong	population2	0.2	nonrandom	5	0.9736233514594662
simulation/sim_c0.009_s0.001/c0.009_s0.001_gtrgamma/c0.009_s0.001_gtrgamma_base-snps-concat_popWrong	population2	0.2	nonrandom	6	0.9766264608461971
simulation/sim_c0.009_s0.001/c0.009_s0.001_gtrgamma/c0.009_s0.001_gtrgamma_base-snps-concat_popWrong	population2	0.2	nonrandom	7	0.9769375
simulation/sim_c0.009_s0.001/c0.009_s0.001_gtrgamma/c0.009_s0.001_gtrgamma_base-snps-concat_popWrong	population2	0.2	nonrandom	8	0.977563902256109
simulation/sim_c0.009_s0.001/c0.009_s0.001_gtrgamma/c0.009_s0.001_gtrgamma_base-snps-concat_popWrong	population2	0.2	nonrandom	9	0.97606399600025
simulation/sim_c0.009_s0.001/c0.009_s0.001_gtrgamma/c0.009_s0.001_gtrgamma_base-snps-concat_popWrong	population2	0.2	nonrandom	10	0.9735955056179775
simulation/sim_c0.009_s0.001/c0.009_s0.001_gtrgamma/c0.009_s0.001_gtrgamma_base-snps-concat_popWrong	population2	0.2	nonrandom	11	0.973875
simulation/sim_c0.009_s0.001/c0.009_s0.001_gtrgamma/c0.009_s0.001_gtrgamma_base-snps-concat_popWrong	population2	0.2	nonrandom	12	0.9751875
simulation/sim_c0.009_s0.001/c0.009_s0.001_gtrgamma/c0.009_s0.001_gtrgamma_base-snps-concat_popWrong	population2	0.2	nonrandom	13	0.978124026176379
simulation/sim_c0.009_s0.001/c0.009_s0.001_gtrgamma/c0.009_s0.001_gtrgamma_base-snps-concat_popWrong	population2	0.2	nonrandom	14	0.9749390663083557
simulation/sim_c0.009_s0.001/c0.009_s0.001_gtrgamma/c0.009_s0.001_gtrgamma_base-snps-concat_popWrong	population2	0.2	nonrandom	15	0.9748066849588426
simulation/sim_c0.009_s0.001/c0.009_s0.001_gtrgamma/c0.009_s0.001_gtrgamma_base-snps-concat_popWrong	population2	0.2	nonrandom	16	0.9729983123945246
simulation/sim_c0.009_s0.001/c0.009_s0.001_gtrgamma/c0.009_s0.001_gtrgamma_base-snps-concat_popWrong	population2	0.2	nonrandom	17	0.9761860116257266
simulation/sim_c0.009_s0.001/c0.009_s0.001_gtrgamma/c0.009_s0.001_gtrgamma_base-snps-concat_popWrong	population2	0.2	nonrandom	18	0.9758140116242735
simulation/sim_c0.009_s0.001/c0.009_s0.001_gtrgamma/c0.009_s0.001_gtrgamma_base-snps-concat_popWrong	population2	0.2	nonrandom	19	0.9743958034097296
simulation/sim_c0.009_s0.001/c0.009_s0.001_gtrgamma/c0.009_s0.001_gtrgamma_base-snps-concat_popWrong	population2	0.2	nonrandom	20	0.9759870267573131
simulation/sim_c0.009_s0.001/c0.009_s0.001_gtrgamma/c0.009_s0.001_gtrgamma_base-snps-concat_popWrong	population2	0.2	nonrandom_weighted	1	0.9724409448818898
simulation/sim_c0.009_s0.001/c0.009_s0.001_gtrgamma/c0.009_s0.001_gtrgamma_base-snps-concat_popWrong	population2	0.2	nonrandom_weighted	2	0.973564152240485
simulation/sim_c0.009_s0.001/c0.009_s0.001_gtrgamma/c0.009_s0.001_gtrgamma_base-snps-concat_popWrong	population2	0.2	nonrandom_weighted	3	0.9742483905244078
simulation/sim_c0.009_s0.001/c0.009_s0.001_gtrgamma/c0.009_s0.001_gtrgamma_base-snps-concat_popWrong	population2	0.2	nonrandom_weighted	4	0.9730286570518824
simulation/sim_c0.009_s0.001/c0.009_s0.001_gtrgamma/c0.009_s0.001_gtrgamma_base-snps-concat_popWrong	population2	0.2	nonrandom_weighted	5	0.9739391288044498
simulation/sim_c0.009_s0.001/c0.009_s0.001_gtrgamma/c0.009_s0.001_gtrgamma_base-snps-concat_popWrong	population2	0.2	nonrandom_weighted	6	0.9764713224739437
simulation/sim_c0.009_s0.001/c0.009_s0.001_gtrgamma/c0.009_s0.001_gtrgamma_base-snps-concat_popWrong	population2	0.2	nonrandom_weighted	7	0.9748734295893493
simulation/sim_c0.009_s0.001/c0.009_s0.001_gtrgamma/c0.009_s0.001_gtrgamma_base-snps-concat_popWrong	population2	0.2	nonrandom_weighted	8	0.9738236210657526
simulation/sim_c0.009_s0.001/c0.009_s0.001_gtrgamma/c0.009_s0.001_gtrgamma_base-snps-concat_popWrong	population2	0.2	nonrandom_weighted	9	0.9719900187149095
simulation/sim_c0.009_s0.001/c0.009_s0.001_gtrgamma/c0.009_s0.001_gtrgamma_base-snps-concat_popWrong	population2	0.2	nonrandom_weighted	10	0.9755382215288612
simulation/sim_c0.009_s0.001/c0.009_s0.001_gtrgamma/c0.009_s0.001_gtrgamma_base-snps-concat_popWrong	population2	0.2	nonrandom_weighted	11	0.9728733045815363
simulation/sim_c0.009_s0.001/c0.009_s0.001_gtrgamma/c0.009_s0.001_gtrgamma_base-snps-concat_popWrong	population2	0.2	nonrandom_weighted	12	0.976125
simulation/sim_c0.009_s0.001/c0.009_s0.001_gtrgamma/c0.009_s0.001_gtrgamma_base-snps-concat_popWrong	population2	0.2	nonrandom_weighted	13	0.9708768201987376
simulation/sim_c0.009_s0.001/c0.009_s0.001_gtrgamma/c0.009_s0.001_gtrgamma_base-snps-concat_popWrong	population2	0.2	nonrandom_weighted	14	0.9713163309845981
simulation/sim_c0.009_s0.001/c0.009_s0.001_gtrgamma/c0.009_s0.001_gtrgamma_base-snps-concat_popWrong	population2	0.2	nonrandom_weighted	15	0.9746265858383851
simulation/sim_c0.009_s0.001/c0.009_s0.001_gtrgamma/c0.009_s0.001_gtrgamma_base-snps-concat_popWrong	population2	0.2	nonrandom_weighted	16	0.9737516405224673
simulation/sim_c0.009_s0.001/c0.009_s0.001_gtrgamma/c0.009_s0.001_gtrgamma_base-snps-concat_popWrong	population2	0.2	nonrandom_weighted	17	0.9723142303606025
simulation/sim_c0.009_s0.001/c0.009_s0.001_gtrgamma/c0.009_s0.001_gtrgamma_base-snps-concat_popWrong	population2	0.2	nonrandom_weighted	18	0.973564152240485
simulation/sim_c0.009_s0.001/c0.009_s0.001_gtrgamma/c0.009_s0.001_gtrgamma_base-snps-concat_popWrong	population2	0.2	nonrandom_weighted	19	0.9754375
simulation/sim_c0.009_s0.001/c0.009_s0.001_gtrgamma/c0.009_s0.001_gtrgamma_base-snps-concat_popWrong	population2	0.2	nonrandom_weighted	20	0.9764389725642147
