simulation/sim_c0.002_s0.008/c0.002_s0.008_gtr/c0.002_s0.008_gtr_base-snps-concat_phylo	phylo	0.2	random	1	0.9986201705970899
simulation/sim_c0.002_s0.008/c0.002_s0.008_gtr/c0.002_s0.008_gtr_base-snps-concat_phylo	phylo	0.2	random	2	0.9982752673335633
simulation/sim_c0.002_s0.008/c0.002_s0.008_gtr/c0.002_s0.008_gtr_base-snps-concat_phylo	phylo	0.2	random	3	0.998377079367061
simulation/sim_c0.002_s0.008/c0.002_s0.008_gtr/c0.002_s0.008_gtr_base-snps-concat_phylo	phylo	0.2	random	4	0.9985912406474032
simulation/sim_c0.002_s0.008/c0.002_s0.008_gtr/c0.002_s0.008_gtr_base-snps-concat_phylo	phylo	0.2	random	5	0.9987493746873437
simulation/sim_c0.002_s0.008/c0.002_s0.008_gtr/c0.002_s0.008_gtr_base-snps-concat_phylo	phylo	0.2	random	6	0.9984922255379299
simulation/sim_c0.002_s0.008/c0.002_s0.008_gtr/c0.002_s0.008_gtr_base-snps-concat_phylo	phylo	0.2	random	7	0.9985885009880493
simulation/sim_c0.002_s0.008/c0.002_s0.008_gtr/c0.002_s0.008_gtr_base-snps-concat_phylo	phylo	0.2	random	8	0.9985958124005367
simulation/sim_c0.002_s0.008/c0.002_s0.008_gtr/c0.002_s0.008_gtr_base-snps-concat_phylo	phylo	0.2	random	9	0.9984403269074802
simulation/sim_c0.002_s0.008/c0.002_s0.008_gtr/c0.002_s0.008_gtr_base-snps-concat_phylo	phylo	0.2	random	10	0.9984608135699702
simulation/sim_c0.002_s0.008/c0.002_s0.008_gtr/c0.002_s0.008_gtr_base-snps-concat_phylo	phylo	0.2	random	11	0.9984947787638371
simulation/sim_c0.002_s0.008/c0.002_s0.008_gtr/c0.002_s0.008_gtr_base-snps-concat_phylo	phylo	0.2	random	12	0.998620343659852
simulation/sim_c0.002_s0.008/c0.002_s0.008_gtr/c0.002_s0.008_gtr_base-snps-concat_phylo	phylo	0.2	random	13	0.9982303082989227
simulation/sim_c0.002_s0.008/c0.002_s0.008_gtr/c0.002_s0.008_gtr_base-snps-concat_phylo	phylo	0.2	random	14	0.998593881823579
simulation/sim_c0.002_s0.008/c0.002_s0.008_gtr/c0.002_s0.008_gtr_base-snps-concat_phylo	phylo	0.2	random	15	0.9984458535372374
simulation/sim_c0.002_s0.008/c0.002_s0.008_gtr/c0.002_s0.008_gtr_base-snps-concat_phylo	phylo	0.2	random	16	0.9984295495948238
simulation/sim_c0.002_s0.008/c0.002_s0.008_gtr/c0.002_s0.008_gtr_base-snps-concat_phylo	phylo	0.2	random	17	0.9984231108868424
simulation/sim_c0.002_s0.008/c0.002_s0.008_gtr/c0.002_s0.008_gtr_base-snps-concat_phylo	phylo	0.2	random	18	0.9985209428202788
simulation/sim_c0.002_s0.008/c0.002_s0.008_gtr/c0.002_s0.008_gtr_base-snps-concat_phylo	phylo	0.2	random	19	0.998377079367061
simulation/sim_c0.002_s0.008/c0.002_s0.008_gtr/c0.002_s0.008_gtr_base-snps-concat_phylo	phylo	0.2	random	20	0.9982761862972481
simulation/sim_c0.002_s0.008/c0.002_s0.008_gtr/c0.002_s0.008_gtr_base-snps-concat_phylo	phylo	0.2	nonrandom	1	0.9994355951335758
simulation/sim_c0.002_s0.008/c0.002_s0.008_gtr/c0.002_s0.008_gtr_base-snps-concat_phylo	phylo	0.2	nonrandom	2	0.9989651604001379
simulation/sim_c0.002_s0.008/c0.002_s0.008_gtr/c0.002_s0.008_gtr_base-snps-concat_phylo	phylo	0.2	nonrandom	3	0.9951707485339772
simulation/sim_c0.002_s0.008/c0.002_s0.008_gtr/c0.002_s0.008_gtr_base-snps-concat_phylo	phylo	0.2	nonrandom	4	0.9995616781465247
simulation/sim_c0.002_s0.008/c0.002_s0.008_gtr/c0.002_s0.008_gtr_base-snps-concat_phylo	phylo	0.2	nonrandom	5	0.9973972216124682
simulation/sim_c0.002_s0.008/c0.002_s0.008_gtr/c0.002_s0.008_gtr_base-snps-concat_phylo	phylo	0.2	nonrandom	6	0.9978048856972623
simulation/sim_c0.002_s0.008/c0.002_s0.008_gtr/c0.002_s0.008_gtr_base-snps-concat_phylo	phylo	0.2	nonrandom	7	0.9993109712173885
simulation/sim_c0.002_s0.008/c0.002_s0.008_gtr/c0.002_s0.008_gtr_base-snps-concat_phylo	phylo	0.2	nonrandom	8	0.9993101069334254
simulation/sim_c0.002_s0.008/c0.002_s0.008_gtr/c0.002_s0.008_gtr_base-snps-concat_phylo	phylo	0.2	nonrandom	9	0.9981184734547963
simulation/sim_c0.002_s0.008/c0.002_s0.008_gtr/c0.002_s0.008_gtr_base-snps-concat_phylo	phylo	0.2	nonrandom	10	0.9995611010094677
simulation/sim_c0.002_s0.008/c0.002_s0.008_gtr/c0.002_s0.008_gtr_base-snps-concat_phylo	phylo	0.2	nonrandom	11	0.997459939163975
simulation/sim_c0.002_s0.008/c0.002_s0.008_gtr/c0.002_s0.008_gtr_base-snps-concat_phylo	phylo	0.2	nonrandom	12	0.9994988881581008
simulation/sim_c0.002_s0.008/c0.002_s0.008_gtr/c0.002_s0.008_gtr_base-snps-concat_phylo	phylo	0.2	nonrandom	13	0.9974287416512496
simulation/sim_c0.002_s0.008/c0.002_s0.008_gtr/c0.002_s0.008_gtr_base-snps-concat_phylo	phylo	0.2	nonrandom	14	0.9968675604560832
simulation/sim_c0.002_s0.008/c0.002_s0.008_gtr/c0.002_s0.008_gtr_base-snps-concat_phylo	phylo	0.2	nonrandom	15	0.9992160306061652
simulation/sim_c0.002_s0.008/c0.002_s0.008_gtr/c0.002_s0.008_gtr_base-snps-concat_phylo	phylo	0.2	nonrandom	16	0.9973039907207123
simulation/sim_c0.002_s0.008/c0.002_s0.008_gtr/c0.002_s0.008_gtr_base-snps-concat_phylo	phylo	0.2	nonrandom	17	0.9991219542789049
simulation/sim_c0.002_s0.008/c0.002_s0.008_gtr/c0.002_s0.008_gtr_base-snps-concat_phylo	phylo	0.2	nonrandom	18	0.9964563472152533
simulation/sim_c0.002_s0.008/c0.002_s0.008_gtr/c0.002_s0.008_gtr_base-snps-concat_phylo	phylo	0.2	nonrandom	19	0.9969268399761674
simulation/sim_c0.002_s0.008/c0.002_s0.008_gtr/c0.002_s0.008_gtr_base-snps-concat_phylo	phylo	0.2	nonrandom	20	0.9993111653829294
simulation/sim_c0.002_s0.008/c0.002_s0.008_gtr/c0.002_s0.008_gtr_base-snps-concat_phylo	phylo	0.2	nonrandom_weighted	1	0.9998118473454797
simulation/sim_c0.002_s0.008/c0.002_s0.008_gtr/c0.002_s0.008_gtr_base-snps-concat_phylo	phylo	0.2	nonrandom_weighted	2	0.9991846718304117
simulation/sim_c0.002_s0.008/c0.002_s0.008_gtr/c0.002_s0.008_gtr_base-snps-concat_phylo	phylo	0.2	nonrandom_weighted	3	0.9999372824484932
simulation/sim_c0.002_s0.008/c0.002_s0.008_gtr/c0.002_s0.008_gtr_base-snps-concat_phylo	phylo	0.2	nonrandom_weighted	4	0.999968640240843
simulation/sim_c0.002_s0.008/c0.002_s0.008_gtr/c0.002_s0.008_gtr_base-snps-concat_phylo	phylo	0.2	nonrandom_weighted	5	0.9990278779516447
simulation/sim_c0.002_s0.008/c0.002_s0.008_gtr/c0.002_s0.008_gtr_base-snps-concat_phylo	phylo	0.2	nonrandom_weighted	6	0.9996242249639882
simulation/sim_c0.002_s0.008/c0.002_s0.008_gtr/c0.002_s0.008_gtr_base-snps-concat_phylo	phylo	0.2	nonrandom_weighted	7	0.9980245210247405
simulation/sim_c0.002_s0.008/c0.002_s0.008_gtr/c0.002_s0.008_gtr_base-snps-concat_phylo	phylo	0.2	nonrandom_weighted	8	0.9995923614812957
simulation/sim_c0.002_s0.008/c0.002_s0.008_gtr/c0.002_s0.008_gtr_base-snps-concat_phylo	phylo	0.2	nonrandom_weighted	9	0.9989651604001379
simulation/sim_c0.002_s0.008/c0.002_s0.008_gtr/c0.002_s0.008_gtr_base-snps-concat_phylo	phylo	0.2	nonrandom_weighted	10	0.9960178101091183
simulation/sim_c0.002_s0.008/c0.002_s0.008_gtr/c0.002_s0.008_gtr_base-snps-concat_phylo	phylo	0.2	nonrandom_weighted	11	0.9985899605188945
simulation/sim_c0.002_s0.008/c0.002_s0.008_gtr/c0.002_s0.008_gtr_base-snps-concat_phylo	phylo	0.2	nonrandom_weighted	12	0.9968028085133059
simulation/sim_c0.002_s0.008/c0.002_s0.008_gtr/c0.002_s0.008_gtr_base-snps-concat_phylo	phylo	0.2	nonrandom_weighted	13	0.9979630209965528
simulation/sim_c0.002_s0.008/c0.002_s0.008_gtr/c0.002_s0.008_gtr_base-snps-concat_phylo	phylo	0.2	nonrandom_weighted	14	0.9991533130546584
simulation/sim_c0.002_s0.008/c0.002_s0.008_gtr/c0.002_s0.008_gtr_base-snps-concat_phylo	phylo	0.2	nonrandom_weighted	15	0.9953934379994359
simulation/sim_c0.002_s0.008/c0.002_s0.008_gtr/c0.002_s0.008_gtr_base-snps-concat_phylo	phylo	0.2	nonrandom_weighted	16	0.9986202138668506
simulation/sim_c0.002_s0.008/c0.002_s0.008_gtr/c0.002_s0.008_gtr_base-snps-concat_phylo	phylo	0.2	nonrandom_weighted	17	0.9973345040609615
simulation/sim_c0.002_s0.008/c0.002_s0.008_gtr/c0.002_s0.008_gtr_base-snps-concat_phylo	phylo	0.2	nonrandom_weighted	18	0.9974285803882217
simulation/sim_c0.002_s0.008/c0.002_s0.008_gtr/c0.002_s0.008_gtr_base-snps-concat_phylo	phylo	0.2	nonrandom_weighted	19	0.999937280481686
simulation/sim_c0.002_s0.008/c0.002_s0.008_gtr/c0.002_s0.008_gtr_base-snps-concat_phylo	phylo	0.2	nonrandom_weighted	20	0.9992787481576719
