simulation/sim_c0.005_s0.005/c0.005_s0.005_gtrgamma/c0.005_s0.005_gtrgamma_base-snps-concat_phylo	phylo	0.2	random	1	0.9979881805607946
simulation/sim_c0.005_s0.005/c0.005_s0.005_gtrgamma/c0.005_s0.005_gtrgamma_base-snps-concat_phylo	phylo	0.2	random	2	0.9981842088785925
simulation/sim_c0.005_s0.005/c0.005_s0.005_gtrgamma/c0.005_s0.005_gtrgamma_base-snps-concat_phylo	phylo	0.2	random	3	0.9978851775828824
simulation/sim_c0.005_s0.005/c0.005_s0.005_gtrgamma/c0.005_s0.005_gtrgamma_base-snps-concat_phylo	phylo	0.2	random	4	0.9984388659922567
simulation/sim_c0.005_s0.005/c0.005_s0.005_gtrgamma/c0.005_s0.005_gtrgamma_base-snps-concat_phylo	phylo	0.2	random	5	0.9976366689470738
simulation/sim_c0.005_s0.005/c0.005_s0.005_gtrgamma/c0.005_s0.005_gtrgamma_base-snps-concat_phylo	phylo	0.2	random	6	0.9977487336626852
simulation/sim_c0.005_s0.005/c0.005_s0.005_gtrgamma/c0.005_s0.005_gtrgamma_base-snps-concat_phylo	phylo	0.2	random	7	0.9981307246557418
simulation/sim_c0.005_s0.005/c0.005_s0.005_gtrgamma/c0.005_s0.005_gtrgamma_base-snps-concat_phylo	phylo	0.2	random	8	0.9975241396385244
simulation/sim_c0.005_s0.005/c0.005_s0.005_gtrgamma/c0.005_s0.005_gtrgamma_base-snps-concat_phylo	phylo	0.2	random	9	0.99746882331152
simulation/sim_c0.005_s0.005/c0.005_s0.005_gtrgamma/c0.005_s0.005_gtrgamma_base-snps-concat_phylo	phylo	0.2	random	10	0.9981622151433472
simulation/sim_c0.005_s0.005/c0.005_s0.005_gtrgamma/c0.005_s0.005_gtrgamma_base-snps-concat_phylo	phylo	0.2	random	11	0.9982024421992189
simulation/sim_c0.005_s0.005/c0.005_s0.005_gtrgamma/c0.005_s0.005_gtrgamma_base-snps-concat_phylo	phylo	0.2	random	12	0.997936855267271
simulation/sim_c0.005_s0.005/c0.005_s0.005_gtrgamma/c0.005_s0.005_gtrgamma_base-snps-concat_phylo	phylo	0.2	random	13	0.998368269110079
simulation/sim_c0.005_s0.005/c0.005_s0.005_gtrgamma/c0.005_s0.005_gtrgamma_base-snps-concat_phylo	phylo	0.2	random	14	0.9980819205543868
simulation/sim_c0.005_s0.005/c0.005_s0.005_gtrgamma/c0.005_s0.005_gtrgamma_base-snps-concat_phylo	phylo	0.2	random	15	0.9980744145599105
simulation/sim_c0.005_s0.005/c0.005_s0.005_gtrgamma/c0.005_s0.005_gtrgamma_base-snps-concat_phylo	phylo	0.2	random	16	0.9979381443298969
simulation/sim_c0.005_s0.005/c0.005_s0.005_gtrgamma/c0.005_s0.005_gtrgamma_base-snps-concat_phylo	phylo	0.2	random	17	0.9983080586539667
simulation/sim_c0.005_s0.005/c0.005_s0.005_gtrgamma/c0.005_s0.005_gtrgamma_base-snps-concat_phylo	phylo	0.2	random	18	0.998318804483188
simulation/sim_c0.005_s0.005/c0.005_s0.005_gtrgamma/c0.005_s0.005_gtrgamma_base-snps-concat_phylo	phylo	0.2	random	19	0.9980768037719462
simulation/sim_c0.005_s0.005/c0.005_s0.005_gtrgamma/c0.005_s0.005_gtrgamma_base-snps-concat_phylo	phylo	0.2	random	20	0.9981618812194968
simulation/sim_c0.005_s0.005/c0.005_s0.005_gtrgamma/c0.005_s0.005_gtrgamma_base-snps-concat_phylo	phylo	0.2	nonrandom	1	0.9991250546840822
simulation/sim_c0.005_s0.005/c0.005_s0.005_gtrgamma/c0.005_s0.005_gtrgamma_base-snps-concat_phylo	phylo	0.2	nonrandom	2	0.9998126171143036
simulation/sim_c0.005_s0.005/c0.005_s0.005_gtrgamma/c0.005_s0.005_gtrgamma_base-snps-concat_phylo	phylo	0.2	nonrandom	3	0.9999375039060059
simulation/sim_c0.005_s0.005/c0.005_s0.005_gtrgamma/c0.005_s0.005_gtrgamma_base-snps-concat_phylo	phylo	0.2	nonrandom	4	0.9932504218486344
simulation/sim_c0.005_s0.005/c0.005_s0.005_gtrgamma/c0.005_s0.005_gtrgamma_base-snps-concat_phylo	phylo	0.2	nonrandom	5	0.9954372148259266
simulation/sim_c0.005_s0.005/c0.005_s0.005_gtrgamma/c0.005_s0.005_gtrgamma_base-snps-concat_phylo	phylo	0.2	nonrandom	6	0.9987539717151579
simulation/sim_c0.005_s0.005/c0.005_s0.005_gtrgamma/c0.005_s0.005_gtrgamma_base-snps-concat_phylo	phylo	0.2	nonrandom	7	0.998812425776611
simulation/sim_c0.005_s0.005/c0.005_s0.005_gtrgamma/c0.005_s0.005_gtrgamma_base-snps-concat_phylo	phylo	0.2	nonrandom	8	0.9996877731984514
simulation/sim_c0.005_s0.005/c0.005_s0.005_gtrgamma/c0.005_s0.005_gtrgamma_base-snps-concat_phylo	phylo	0.2	nonrandom	9	0.9953209807224406
simulation/sim_c0.005_s0.005/c0.005_s0.005_gtrgamma/c0.005_s0.005_gtrgamma_base-snps-concat_phylo	phylo	0.2	nonrandom	10	0.9996249765610351
simulation/sim_c0.005_s0.005/c0.005_s0.005_gtrgamma/c0.005_s0.005_gtrgamma_base-snps-concat_phylo	phylo	0.2	nonrandom	11	0.9991249453090818
simulation/sim_c0.005_s0.005/c0.005_s0.005_gtrgamma/c0.005_s0.005_gtrgamma_base-snps-concat_phylo	phylo	0.2	nonrandom	12	0.9991892229013347
simulation/sim_c0.005_s0.005/c0.005_s0.005_gtrgamma/c0.005_s0.005_gtrgamma_base-snps-concat_phylo	phylo	0.2	nonrandom	13	0.999125
simulation/sim_c0.005_s0.005/c0.005_s0.005_gtrgamma/c0.005_s0.005_gtrgamma_base-snps-concat_phylo	phylo	0.2	nonrandom	14	0.9998125117180177
simulation/sim_c0.005_s0.005/c0.005_s0.005_gtrgamma/c0.005_s0.005_gtrgamma_base-snps-concat_phylo	phylo	0.2	nonrandom	15	0.9985001874765654
simulation/sim_c0.005_s0.005/c0.005_s0.005_gtrgamma/c0.005_s0.005_gtrgamma_base-snps-concat_phylo	phylo	0.2	nonrandom	16	0.9942671984047856
simulation/sim_c0.005_s0.005/c0.005_s0.005_gtrgamma/c0.005_s0.005_gtrgamma_base-snps-concat_phylo	phylo	0.2	nonrandom	17	0.9986875
simulation/sim_c0.005_s0.005/c0.005_s0.005_gtrgamma/c0.005_s0.005_gtrgamma_base-snps-concat_phylo	phylo	0.2	nonrandom	18	0.9986250859321293
simulation/sim_c0.005_s0.005/c0.005_s0.005_gtrgamma/c0.005_s0.005_gtrgamma_base-snps-concat_phylo	phylo	0.2	nonrandom	19	0.9950003124804699
simulation/sim_c0.005_s0.005/c0.005_s0.005_gtrgamma/c0.005_s0.005_gtrgamma_base-snps-concat_phylo	phylo	0.2	nonrandom	20	0.9996250234360352
simulation/sim_c0.005_s0.005/c0.005_s0.005_gtrgamma/c0.005_s0.005_gtrgamma_base-snps-concat_phylo	phylo	0.2	nonrandom_weighted	1	0.9997500156240235
simulation/sim_c0.005_s0.005/c0.005_s0.005_gtrgamma/c0.005_s0.005_gtrgamma_base-snps-concat_phylo	phylo	0.2	nonrandom_weighted	2	0.9996874804675292
simulation/sim_c0.005_s0.005/c0.005_s0.005_gtrgamma/c0.005_s0.005_gtrgamma_base-snps-concat_phylo	phylo	0.2	nonrandom_weighted	3	0.9996875195300293
simulation/sim_c0.005_s0.005/c0.005_s0.005_gtrgamma/c0.005_s0.005_gtrgamma_base-snps-concat_phylo	phylo	0.2	nonrandom_weighted	4	0.9995001249687578
simulation/sim_c0.005_s0.005/c0.005_s0.005_gtrgamma/c0.005_s0.005_gtrgamma_base-snps-concat_phylo	phylo	0.2	nonrandom_weighted	5	0.9993130152385711
simulation/sim_c0.005_s0.005/c0.005_s0.005_gtrgamma/c0.005_s0.005_gtrgamma_base-snps-concat_phylo	phylo	0.2	nonrandom_weighted	6	0.9993125429660646
simulation/sim_c0.005_s0.005/c0.005_s0.005_gtrgamma/c0.005_s0.005_gtrgamma_base-snps-concat_phylo	phylo	0.2	nonrandom_weighted	7	0.992191404297851
simulation/sim_c0.005_s0.005/c0.005_s0.005_gtrgamma/c0.005_s0.005_gtrgamma_base-snps-concat_phylo	phylo	0.2	nonrandom_weighted	8	0.9948753202924817
simulation/sim_c0.005_s0.005/c0.005_s0.005_gtrgamma/c0.005_s0.005_gtrgamma_base-snps-concat_phylo	phylo	0.2	nonrandom_weighted	9	0.9986875820261234
simulation/sim_c0.005_s0.005/c0.005_s0.005_gtrgamma/c0.005_s0.005_gtrgamma_base-snps-concat_phylo	phylo	0.2	nonrandom_weighted	10	0.9971251796762702
simulation/sim_c0.005_s0.005/c0.005_s0.005_gtrgamma/c0.005_s0.005_gtrgamma_base-snps-concat_phylo	phylo	0.2	nonrandom_weighted	11	0.9993126288820846
simulation/sim_c0.005_s0.005/c0.005_s0.005_gtrgamma/c0.005_s0.005_gtrgamma_base-snps-concat_phylo	phylo	0.2	nonrandom_weighted	12	0.9995
simulation/sim_c0.005_s0.005/c0.005_s0.005_gtrgamma/c0.005_s0.005_gtrgamma_base-snps-concat_phylo	phylo	0.2	nonrandom_weighted	13	0.9955627773264171
simulation/sim_c0.005_s0.005/c0.005_s0.005_gtrgamma/c0.005_s0.005_gtrgamma_base-snps-concat_phylo	phylo	0.2	nonrandom_weighted	14	0.9973751640522467
simulation/sim_c0.005_s0.005/c0.005_s0.005_gtrgamma/c0.005_s0.005_gtrgamma_base-snps-concat_phylo	phylo	0.2	nonrandom_weighted	15	0.9953151352364296
simulation/sim_c0.005_s0.005/c0.005_s0.005_gtrgamma/c0.005_s0.005_gtrgamma_base-snps-concat_phylo	phylo	0.2	nonrandom_weighted	16	0.9951878007624524
simulation/sim_c0.005_s0.005/c0.005_s0.005_gtrgamma/c0.005_s0.005_gtrgamma_base-snps-concat_phylo	phylo	0.2	nonrandom_weighted	17	0.9992500937382827
simulation/sim_c0.005_s0.005/c0.005_s0.005_gtrgamma/c0.005_s0.005_gtrgamma_base-snps-concat_phylo	phylo	0.2	nonrandom_weighted	18	0.9998124882805175
simulation/sim_c0.005_s0.005/c0.005_s0.005_gtrgamma/c0.005_s0.005_gtrgamma_base-snps-concat_phylo	phylo	0.2	nonrandom_weighted	19	0.9946984344788873
simulation/sim_c0.005_s0.005/c0.005_s0.005_gtrgamma/c0.005_s0.005_gtrgamma_base-snps-concat_phylo	phylo	0.2	nonrandom_weighted	20	0.9992499531220701
