simulation/sim_c0.007_s0.003/c0.007_s0.003_gtr/c0.007_s0.003_gtr_base-snps-concat_phylo	phylo	0.2	random	1	0.9992095111617024
simulation/sim_c0.007_s0.003/c0.007_s0.003_gtr/c0.007_s0.003_gtr_base-snps-concat_phylo	phylo	0.2	random	2	0.9994718364557119
simulation/sim_c0.007_s0.003/c0.007_s0.003_gtr/c0.007_s0.003_gtr_base-snps-concat_phylo	phylo	0.2	random	3	0.9994983854280967
simulation/sim_c0.007_s0.003/c0.007_s0.003_gtr/c0.007_s0.003_gtr_base-snps-concat_phylo	phylo	0.2	random	4	0.9994331601322627
simulation/sim_c0.007_s0.003/c0.007_s0.003_gtr/c0.007_s0.003_gtr_base-snps-concat_phylo	phylo	0.2	random	5	0.9994997498749375
simulation/sim_c0.007_s0.003/c0.007_s0.003_gtr/c0.007_s0.003_gtr_base-snps-concat_phylo	phylo	0.2	random	6	0.9996862351353896
simulation/sim_c0.007_s0.003/c0.007_s0.003_gtr/c0.007_s0.003_gtr_base-snps-concat_phylo	phylo	0.2	random	7	0.9994658623181576
simulation/sim_c0.007_s0.003/c0.007_s0.003_gtr/c0.007_s0.003_gtr_base-snps-concat_phylo	phylo	0.2	random	8	0.9995642023346304
simulation/sim_c0.007_s0.003/c0.007_s0.003_gtr/c0.007_s0.003_gtr_base-snps-concat_phylo	phylo	0.2	random	9	0.999597198983702
simulation/sim_c0.007_s0.003/c0.007_s0.003_gtr/c0.007_s0.003_gtr_base-snps-concat_phylo	phylo	0.2	random	10	0.9995004527147273
simulation/sim_c0.007_s0.003/c0.007_s0.003_gtr/c0.007_s0.003_gtr_base-snps-concat_phylo	phylo	0.2	random	11	0.9995594297762532
simulation/sim_c0.007_s0.003/c0.007_s0.003_gtr/c0.007_s0.003_gtr_base-snps-concat_phylo	phylo	0.2	random	12	0.9994053766469502
simulation/sim_c0.007_s0.003/c0.007_s0.003_gtr/c0.007_s0.003_gtr_base-snps-concat_phylo	phylo	0.2	random	13	0.9995301340684125
simulation/sim_c0.007_s0.003/c0.007_s0.003_gtr/c0.007_s0.003_gtr_base-snps-concat_phylo	phylo	0.2	random	14	0.9995920928773141
simulation/sim_c0.007_s0.003/c0.007_s0.003_gtr/c0.007_s0.003_gtr_base-snps-concat_phylo	phylo	0.2	random	15	0.9995653658688026
simulation/sim_c0.007_s0.003/c0.007_s0.003_gtr/c0.007_s0.003_gtr_base-snps-concat_phylo	phylo	0.2	random	16	0.9995960349274416
simulation/sim_c0.007_s0.003/c0.007_s0.003_gtr/c0.007_s0.003_gtr_base-snps-concat_phylo	phylo	0.2	random	17	0.9995332337565347
simulation/sim_c0.007_s0.003/c0.007_s0.003_gtr/c0.007_s0.003_gtr_base-snps-concat_phylo	phylo	0.2	random	18	0.9992842249400927
simulation/sim_c0.007_s0.003/c0.007_s0.003_gtr/c0.007_s0.003_gtr_base-snps-concat_phylo	phylo	0.2	random	19	0.9992877713436349
simulation/sim_c0.007_s0.003/c0.007_s0.003_gtr/c0.007_s0.003_gtr_base-snps-concat_phylo	phylo	0.2	random	20	0.9994972189925525
simulation/sim_c0.007_s0.003/c0.007_s0.003_gtr/c0.007_s0.003_gtr_base-snps-concat_phylo	phylo	0.2	nonrandom	1	0.99959375
simulation/sim_c0.007_s0.003/c0.007_s0.003_gtr/c0.007_s0.003_gtr_base-snps-concat_phylo	phylo	0.2	nonrandom	2	0.9998440180939011
simulation/sim_c0.007_s0.003/c0.007_s0.003_gtr/c0.007_s0.003_gtr_base-snps-concat_phylo	phylo	0.2	nonrandom	3	0.9999375
simulation/sim_c0.007_s0.003/c0.007_s0.003_gtr/c0.007_s0.003_gtr_base-snps-concat_phylo	phylo	0.2	nonrandom	4	1.0
simulation/sim_c0.007_s0.003/c0.007_s0.003_gtr/c0.007_s0.003_gtr_base-snps-concat_phylo	phylo	0.2	nonrandom	5	0.99990625
simulation/sim_c0.007_s0.003/c0.007_s0.003_gtr/c0.007_s0.003_gtr_base-snps-concat_phylo	phylo	0.2	nonrandom	6	1.0
simulation/sim_c0.007_s0.003/c0.007_s0.003_gtr/c0.007_s0.003_gtr_base-snps-concat_phylo	phylo	0.2	nonrandom	7	0.9996875097653198
simulation/sim_c0.007_s0.003/c0.007_s0.003_gtr/c0.007_s0.003_gtr_base-snps-concat_phylo	phylo	0.2	nonrandom	8	0.9998750351463651
simulation/sim_c0.007_s0.003/c0.007_s0.003_gtr/c0.007_s0.003_gtr_base-snps-concat_phylo	phylo	0.2	nonrandom	9	1.0
simulation/sim_c0.007_s0.003/c0.007_s0.003_gtr/c0.007_s0.003_gtr_base-snps-concat_phylo	phylo	0.2	nonrandom	10	0.9991562763663635
simulation/sim_c0.007_s0.003/c0.007_s0.003_gtr/c0.007_s0.003_gtr_base-snps-concat_phylo	phylo	0.2	nonrandom	11	0.9998127048540658
simulation/sim_c0.007_s0.003/c0.007_s0.003_gtr/c0.007_s0.003_gtr_base-snps-concat_phylo	phylo	0.2	nonrandom	12	0.999937501953064
simulation/sim_c0.007_s0.003/c0.007_s0.003_gtr/c0.007_s0.003_gtr_base-snps-concat_phylo	phylo	0.2	nonrandom	13	0.9987500390612793
simulation/sim_c0.007_s0.003/c0.007_s0.003_gtr/c0.007_s0.003_gtr_base-snps-concat_phylo	phylo	0.2	nonrandom	14	0.9976593951877165
simulation/sim_c0.007_s0.003/c0.007_s0.003_gtr/c0.007_s0.003_gtr_base-snps-concat_phylo	phylo	0.2	nonrandom	15	0.9998437646470644
simulation/sim_c0.007_s0.003/c0.007_s0.003_gtr/c0.007_s0.003_gtr_base-snps-concat_phylo	phylo	0.2	nonrandom	16	0.999437570303712
simulation/sim_c0.007_s0.003/c0.007_s0.003_gtr/c0.007_s0.003_gtr_base-snps-concat_phylo	phylo	0.2	nonrandom	17	0.9996878803957676
simulation/sim_c0.007_s0.003/c0.007_s0.003_gtr/c0.007_s0.003_gtr_base-snps-concat_phylo	phylo	0.2	nonrandom	18	0.9975938251929627
simulation/sim_c0.007_s0.003/c0.007_s0.003_gtr/c0.007_s0.003_gtr_base-snps-concat_phylo	phylo	0.2	nonrandom	19	0.9999062587882386
simulation/sim_c0.007_s0.003/c0.007_s0.003_gtr/c0.007_s0.003_gtr_base-snps-concat_phylo	phylo	0.2	nonrandom	20	0.99990625
simulation/sim_c0.007_s0.003/c0.007_s0.003_gtr/c0.007_s0.003_gtr_base-snps-concat_phylo	phylo	0.2	nonrandom_weighted	1	0.9995625
simulation/sim_c0.007_s0.003/c0.007_s0.003_gtr/c0.007_s0.003_gtr_base-snps-concat_phylo	phylo	0.2	nonrandom_weighted	2	0.9999062529295959
simulation/sim_c0.007_s0.003/c0.007_s0.003_gtr/c0.007_s0.003_gtr_base-snps-concat_phylo	phylo	0.2	nonrandom_weighted	3	0.9999687646415742
simulation/sim_c0.007_s0.003/c0.007_s0.003_gtr/c0.007_s0.003_gtr_base-snps-concat_phylo	phylo	0.2	nonrandom_weighted	4	0.9976263351864576
simulation/sim_c0.007_s0.003/c0.007_s0.003_gtr/c0.007_s0.003_gtr_base-snps-concat_phylo	phylo	0.2	nonrandom_weighted	5	0.99984375
simulation/sim_c0.007_s0.003/c0.007_s0.003_gtr/c0.007_s0.003_gtr_base-snps-concat_phylo	phylo	0.2	nonrandom_weighted	6	0.9998752105821427
simulation/sim_c0.007_s0.003/c0.007_s0.003_gtr/c0.007_s0.003_gtr_base-snps-concat_phylo	phylo	0.2	nonrandom_weighted	7	0.9998126756166095
simulation/sim_c0.007_s0.003/c0.007_s0.003_gtr/c0.007_s0.003_gtr_base-snps-concat_phylo	phylo	0.2	nonrandom_weighted	8	0.9998750702729714
simulation/sim_c0.007_s0.003/c0.007_s0.003_gtr/c0.007_s0.003_gtr_base-snps-concat_phylo	phylo	0.2	nonrandom_weighted	9	0.999937501953064
simulation/sim_c0.007_s0.003/c0.007_s0.003_gtr/c0.007_s0.003_gtr_base-snps-concat_phylo	phylo	0.2	nonrandom_weighted	10	0.9998125058591919
simulation/sim_c0.007_s0.003/c0.007_s0.003_gtr/c0.007_s0.003_gtr_base-snps-concat_phylo	phylo	0.2	nonrandom_weighted	11	0.9998126288176878
simulation/sim_c0.007_s0.003/c0.007_s0.003_gtr/c0.007_s0.003_gtr_base-snps-concat_phylo	phylo	0.2	nonrandom_weighted	12	0.99765625
simulation/sim_c0.007_s0.003/c0.007_s0.003_gtr/c0.007_s0.003_gtr_base-snps-concat_phylo	phylo	0.2	nonrandom_weighted	13	0.999875
simulation/sim_c0.007_s0.003/c0.007_s0.003_gtr/c0.007_s0.003_gtr_base-snps-concat_phylo	phylo	0.2	nonrandom_weighted	14	0.9995
simulation/sim_c0.007_s0.003/c0.007_s0.003_gtr/c0.007_s0.003_gtr_base-snps-concat_phylo	phylo	0.2	nonrandom_weighted	15	0.9995940291049903
simulation/sim_c0.007_s0.003/c0.007_s0.003_gtr/c0.007_s0.003_gtr_base-snps-concat_phylo	phylo	0.2	nonrandom_weighted	16	0.9998439401978838
simulation/sim_c0.007_s0.003/c0.007_s0.003_gtr/c0.007_s0.003_gtr_base-snps-concat_phylo	phylo	0.2	nonrandom_weighted	17	0.999781441238916
simulation/sim_c0.007_s0.003/c0.007_s0.003_gtr/c0.007_s0.003_gtr_base-snps-concat_phylo	phylo	0.2	nonrandom_weighted	18	0.9997500078122559
simulation/sim_c0.007_s0.003/c0.007_s0.003_gtr/c0.007_s0.003_gtr_base-snps-concat_phylo	phylo	0.2	nonrandom_weighted	19	0.99984375
simulation/sim_c0.007_s0.003/c0.007_s0.003_gtr/c0.007_s0.003_gtr_base-snps-concat_phylo	phylo	0.2	nonrandom_weighted	20	0.999937501953064
