simulation/sim_c0.005_s0.005/c0.005_s0.005_gtr/c0.005_s0.005_gtr_base-snps-concat_phylo	phylo	0.2	random	1	0.9987862566911491
simulation/sim_c0.005_s0.005/c0.005_s0.005_gtr/c0.005_s0.005_gtr_base-snps-concat_phylo	phylo	0.2	random	2	0.9990612679141373
simulation/sim_c0.005_s0.005/c0.005_s0.005_gtr/c0.005_s0.005_gtr_base-snps-concat_phylo	phylo	0.2	random	3	0.9989572800808898
simulation/sim_c0.005_s0.005/c0.005_s0.005_gtr/c0.005_s0.005_gtr_base-snps-concat_phylo	phylo	0.2	random	4	0.9992807555194196
simulation/sim_c0.005_s0.005/c0.005_s0.005_gtr/c0.005_s0.005_gtr_base-snps-concat_phylo	phylo	0.2	random	5	0.9989357040005008
simulation/sim_c0.005_s0.005/c0.005_s0.005_gtr/c0.005_s0.005_gtr_base-snps-concat_phylo	phylo	0.2	random	6	0.9990639917631275
simulation/sim_c0.005_s0.005/c0.005_s0.005_gtr/c0.005_s0.005_gtr_base-snps-concat_phylo	phylo	0.2	random	7	0.9989005465854118
simulation/sim_c0.005_s0.005/c0.005_s0.005_gtr/c0.005_s0.005_gtr_base-snps-concat_phylo	phylo	0.2	random	8	0.999125191364389
simulation/sim_c0.005_s0.005/c0.005_s0.005_gtr/c0.005_s0.005_gtr_base-snps-concat_phylo	phylo	0.2	random	9	0.9986314152410576
simulation/sim_c0.005_s0.005/c0.005_s0.005_gtr/c0.005_s0.005_gtr_base-snps-concat_phylo	phylo	0.2	random	10	0.9987806784430202
simulation/sim_c0.005_s0.005/c0.005_s0.005_gtr/c0.005_s0.005_gtr_base-snps-concat_phylo	phylo	0.2	random	11	0.9989958579138948
simulation/sim_c0.005_s0.005/c0.005_s0.005_gtr/c0.005_s0.005_gtr_base-snps-concat_phylo	phylo	0.2	random	12	0.9990634950365237
simulation/sim_c0.005_s0.005/c0.005_s0.005_gtr/c0.005_s0.005_gtr_base-snps-concat_phylo	phylo	0.2	random	13	0.998962753418199
simulation/sim_c0.005_s0.005/c0.005_s0.005_gtr/c0.005_s0.005_gtr_base-snps-concat_phylo	phylo	0.2	random	14	0.9991166635118935
simulation/sim_c0.005_s0.005/c0.005_s0.005_gtr/c0.005_s0.005_gtr_base-snps-concat_phylo	phylo	0.2	random	15	0.9991283232675425
simulation/sim_c0.005_s0.005/c0.005_s0.005_gtr/c0.005_s0.005_gtr_base-snps-concat_phylo	phylo	0.2	random	16	0.9990953331669579
simulation/sim_c0.005_s0.005/c0.005_s0.005_gtr/c0.005_s0.005_gtr_base-snps-concat_phylo	phylo	0.2	random	17	0.9990976975731176
simulation/sim_c0.005_s0.005/c0.005_s0.005_gtr/c0.005_s0.005_gtr_base-snps-concat_phylo	phylo	0.2	random	18	0.9990971357409714
simulation/sim_c0.005_s0.005/c0.005_s0.005_gtr/c0.005_s0.005_gtr_base-snps-concat_phylo	phylo	0.2	random	19	0.9987502733776986
simulation/sim_c0.005_s0.005/c0.005_s0.005_gtr/c0.005_s0.005_gtr_base-snps-concat_phylo	phylo	0.2	random	20	0.9989404799002805
simulation/sim_c0.005_s0.005/c0.005_s0.005_gtr/c0.005_s0.005_gtr_base-snps-concat_phylo	phylo	0.2	nonrandom	1	0.9996875
simulation/sim_c0.005_s0.005/c0.005_s0.005_gtr/c0.005_s0.005_gtr_base-snps-concat_phylo	phylo	0.2	nonrandom	2	0.9974375800756227
simulation/sim_c0.005_s0.005/c0.005_s0.005_gtr/c0.005_s0.005_gtr_base-snps-concat_phylo	phylo	0.2	nonrandom	3	0.9974375800756227
simulation/sim_c0.005_s0.005/c0.005_s0.005_gtr/c0.005_s0.005_gtr_base-snps-concat_phylo	phylo	0.2	nonrandom	4	0.9972830330095874
simulation/sim_c0.005_s0.005/c0.005_s0.005_gtr/c0.005_s0.005_gtr_base-snps-concat_phylo	phylo	0.2	nonrandom	5	0.9994375175775757
simulation/sim_c0.005_s0.005/c0.005_s0.005_gtr/c0.005_s0.005_gtr_base-snps-concat_phylo	phylo	0.2	nonrandom	6	0.9991875253898316
simulation/sim_c0.005_s0.005/c0.005_s0.005_gtr/c0.005_s0.005_gtr_base-snps-concat_phylo	phylo	0.2	nonrandom	7	0.996250117183838
simulation/sim_c0.005_s0.005/c0.005_s0.005_gtr/c0.005_s0.005_gtr_base-snps-concat_phylo	phylo	0.2	nonrandom	8	0.9996875
simulation/sim_c0.005_s0.005/c0.005_s0.005_gtr/c0.005_s0.005_gtr_base-snps-concat_phylo	phylo	0.2	nonrandom	9	0.9998125058591919
simulation/sim_c0.005_s0.005/c0.005_s0.005_gtr/c0.005_s0.005_gtr_base-snps-concat_phylo	phylo	0.2	nonrandom	10	0.9998127983526255
simulation/sim_c0.005_s0.005/c0.005_s0.005_gtr/c0.005_s0.005_gtr_base-snps-concat_phylo	phylo	0.2	nonrandom	11	0.9996562607418518
simulation/sim_c0.005_s0.005/c0.005_s0.005_gtr/c0.005_s0.005_gtr_base-snps-concat_phylo	phylo	0.2	nonrandom	12	0.9995000156245117
simulation/sim_c0.005_s0.005/c0.005_s0.005_gtr/c0.005_s0.005_gtr_base-snps-concat_phylo	phylo	0.2	nonrandom	13	0.9997502575469047
simulation/sim_c0.005_s0.005/c0.005_s0.005_gtr/c0.005_s0.005_gtr_base-snps-concat_phylo	phylo	0.2	nonrandom	14	0.9970625
simulation/sim_c0.005_s0.005/c0.005_s0.005_gtr/c0.005_s0.005_gtr_base-snps-concat_phylo	phylo	0.2	nonrandom	15	0.9995625136714478
simulation/sim_c0.005_s0.005/c0.005_s0.005_gtr/c0.005_s0.005_gtr_base-snps-concat_phylo	phylo	0.2	nonrandom	16	0.9998750039061279
simulation/sim_c0.005_s0.005/c0.005_s0.005_gtr/c0.005_s0.005_gtr_base-snps-concat_phylo	phylo	0.2	nonrandom	17	0.9997812568357238
simulation/sim_c0.005_s0.005/c0.005_s0.005_gtr/c0.005_s0.005_gtr_base-snps-concat_phylo	phylo	0.2	nonrandom	18	0.9992506556762832
simulation/sim_c0.005_s0.005/c0.005_s0.005_gtr/c0.005_s0.005_gtr_base-snps-concat_phylo	phylo	0.2	nonrandom	19	0.9999375331854952
simulation/sim_c0.005_s0.005/c0.005_s0.005_gtr/c0.005_s0.005_gtr_base-snps-concat_phylo	phylo	0.2	nonrandom	20	0.99975
simulation/sim_c0.005_s0.005/c0.005_s0.005_gtr/c0.005_s0.005_gtr_base-snps-concat_phylo	phylo	0.2	nonrandom_weighted	1	0.99915625
simulation/sim_c0.005_s0.005/c0.005_s0.005_gtr/c0.005_s0.005_gtr_base-snps-concat_phylo	phylo	0.2	nonrandom_weighted	2	0.9998125
simulation/sim_c0.005_s0.005/c0.005_s0.005_gtr/c0.005_s0.005_gtr_base-snps-concat_phylo	phylo	0.2	nonrandom_weighted	3	0.9996253395360455
simulation/sim_c0.005_s0.005/c0.005_s0.005_gtr/c0.005_s0.005_gtr_base-snps-concat_phylo	phylo	0.2	nonrandom_weighted	4	0.9983438017561951
simulation/sim_c0.005_s0.005/c0.005_s0.005_gtr/c0.005_s0.005_gtr_base-snps-concat_phylo	phylo	0.2	nonrandom_weighted	5	0.9976250742164308
simulation/sim_c0.005_s0.005/c0.005_s0.005_gtr/c0.005_s0.005_gtr_base-snps-concat_phylo	phylo	0.2	nonrandom_weighted	6	0.9998437841722123
simulation/sim_c0.005_s0.005/c0.005_s0.005_gtr/c0.005_s0.005_gtr_base-snps-concat_phylo	phylo	0.2	nonrandom_weighted	7	0.9986253007154685
simulation/sim_c0.005_s0.005/c0.005_s0.005_gtr/c0.005_s0.005_gtr_base-snps-concat_phylo	phylo	0.2	nonrandom_weighted	8	0.9979375
simulation/sim_c0.005_s0.005/c0.005_s0.005_gtr/c0.005_s0.005_gtr_base-snps-concat_phylo	phylo	0.2	nonrandom_weighted	9	0.9998750039061279
simulation/sim_c0.005_s0.005/c0.005_s0.005_gtr/c0.005_s0.005_gtr_base-snps-concat_phylo	phylo	0.2	nonrandom_weighted	10	0.999875
simulation/sim_c0.005_s0.005/c0.005_s0.005_gtr/c0.005_s0.005_gtr_base-snps-concat_phylo	phylo	0.2	nonrandom_weighted	11	0.9993125214837036
simulation/sim_c0.005_s0.005/c0.005_s0.005_gtr/c0.005_s0.005_gtr_base-snps-concat_phylo	phylo	0.2	nonrandom_weighted	12	0.9985937939439392
simulation/sim_c0.005_s0.005/c0.005_s0.005_gtr/c0.005_s0.005_gtr_base-snps-concat_phylo	phylo	0.2	nonrandom_weighted	13	0.9996875
simulation/sim_c0.005_s0.005/c0.005_s0.005_gtr/c0.005_s0.005_gtr_base-snps-concat_phylo	phylo	0.2	nonrandom_weighted	14	0.9998126931601785
simulation/sim_c0.005_s0.005/c0.005_s0.005_gtr/c0.005_s0.005_gtr_base-snps-concat_phylo	phylo	0.2	nonrandom_weighted	15	0.9990317643751757
simulation/sim_c0.005_s0.005/c0.005_s0.005_gtr/c0.005_s0.005_gtr_base-snps-concat_phylo	phylo	0.2	nonrandom_weighted	16	0.99975
simulation/sim_c0.005_s0.005/c0.005_s0.005_gtr/c0.005_s0.005_gtr_base-snps-concat_phylo	phylo	0.2	nonrandom_weighted	17	0.9997500078122559
simulation/sim_c0.005_s0.005/c0.005_s0.005_gtr/c0.005_s0.005_gtr_base-snps-concat_phylo	phylo	0.2	nonrandom_weighted	18	0.9994063798544068
simulation/sim_c0.005_s0.005/c0.005_s0.005_gtr/c0.005_s0.005_gtr_base-snps-concat_phylo	phylo	0.2	nonrandom_weighted	19	0.9996566684353444
simulation/sim_c0.005_s0.005/c0.005_s0.005_gtr/c0.005_s0.005_gtr_base-snps-concat_phylo	phylo	0.2	nonrandom_weighted	20	0.998000062498047
