simulation/sim_c0.005_s0.005/c0.005_s0.005_gtr/c0.005_s0.005_gtr_base-snps-concat_popWrong	population2	0.2	random	1	0.9547400993967431
simulation/sim_c0.005_s0.005/c0.005_s0.005_gtr/c0.005_s0.005_gtr_base-snps-concat_popWrong	population2	0.2	random	2	0.9560782616758878
simulation/sim_c0.005_s0.005/c0.005_s0.005_gtr/c0.005_s0.005_gtr_base-snps-concat_popWrong	population2	0.2	random	3	0.9550869894099848
simulation/sim_c0.005_s0.005/c0.005_s0.005_gtr/c0.005_s0.005_gtr_base-snps-concat_popWrong	population2	0.2	random	4	0.9560532498042287
simulation/sim_c0.005_s0.005/c0.005_s0.005_gtr/c0.005_s0.005_gtr_base-snps-concat_popWrong	population2	0.2	random	5	0.9552323029657032
simulation/sim_c0.005_s0.005/c0.005_s0.005_gtr/c0.005_s0.005_gtr_base-snps-concat_popWrong	population2	0.2	random	6	0.9577904833317712
simulation/sim_c0.005_s0.005/c0.005_s0.005_gtr/c0.005_s0.005_gtr_base-snps-concat_popWrong	population2	0.2	random	7	0.9571293076193487
simulation/sim_c0.005_s0.005/c0.005_s0.005_gtr/c0.005_s0.005_gtr_base-snps-concat_popWrong	population2	0.2	random	8	0.9560360473120971
simulation/sim_c0.005_s0.005/c0.005_s0.005_gtr/c0.005_s0.005_gtr_base-snps-concat_popWrong	population2	0.2	random	9	0.9542428239432197
simulation/sim_c0.005_s0.005/c0.005_s0.005_gtr/c0.005_s0.005_gtr_base-snps-concat_popWrong	population2	0.2	random	10	0.9555362354840713
simulation/sim_c0.005_s0.005/c0.005_s0.005_gtr/c0.005_s0.005_gtr_base-snps-concat_popWrong	population2	0.2	random	11	0.9557816720055273
simulation/sim_c0.005_s0.005/c0.005_s0.005_gtr/c0.005_s0.005_gtr_base-snps-concat_popWrong	population2	0.2	random	12	0.9565780741396201
simulation/sim_c0.005_s0.005/c0.005_s0.005_gtr/c0.005_s0.005_gtr_base-snps-concat_popWrong	population2	0.2	random	13	0.9560250928497862
simulation/sim_c0.005_s0.005/c0.005_s0.005_gtr/c0.005_s0.005_gtr_base-snps-concat_popWrong	population2	0.2	random	14	0.9542367045418975
simulation/sim_c0.005_s0.005/c0.005_s0.005_gtr/c0.005_s0.005_gtr_base-snps-concat_popWrong	population2	0.2	random	15	0.9563492063492064
simulation/sim_c0.005_s0.005/c0.005_s0.005_gtr/c0.005_s0.005_gtr_base-snps-concat_popWrong	population2	0.2	random	16	0.9550712856428214
simulation/sim_c0.005_s0.005/c0.005_s0.005_gtr/c0.005_s0.005_gtr_base-snps-concat_popWrong	population2	0.2	random	17	0.9555860948870912
simulation/sim_c0.005_s0.005/c0.005_s0.005_gtr/c0.005_s0.005_gtr_base-snps-concat_popWrong	population2	0.2	random	18	0.9555790916453804
simulation/sim_c0.005_s0.005/c0.005_s0.005_gtr/c0.005_s0.005_gtr_base-snps-concat_popWrong	population2	0.2	random	19	0.9563245002033601
simulation/sim_c0.005_s0.005/c0.005_s0.005_gtr/c0.005_s0.005_gtr_base-snps-concat_popWrong	population2	0.2	random	20	0.9573865404967938
simulation/sim_c0.005_s0.005/c0.005_s0.005_gtr/c0.005_s0.005_gtr_base-snps-concat_popWrong	population2	0.2	nonrandom	1	0.95390625
simulation/sim_c0.005_s0.005/c0.005_s0.005_gtr/c0.005_s0.005_gtr_base-snps-concat_popWrong	population2	0.2	nonrandom	2	0.959051724137931
simulation/sim_c0.005_s0.005/c0.005_s0.005_gtr/c0.005_s0.005_gtr_base-snps-concat_popWrong	population2	0.2	nonrandom	3	0.9550326552295241
simulation/sim_c0.005_s0.005/c0.005_s0.005_gtr/c0.005_s0.005_gtr_base-snps-concat_popWrong	population2	0.2	nonrandom	4	0.9569030083635002
simulation/sim_c0.005_s0.005/c0.005_s0.005_gtr/c0.005_s0.005_gtr_base-snps-concat_popWrong	population2	0.2	nonrandom	5	0.9467204149870316
simulation/sim_c0.005_s0.005/c0.005_s0.005_gtr/c0.005_s0.005_gtr_base-snps-concat_popWrong	population2	0.2	nonrandom	6	0.95159375
simulation/sim_c0.005_s0.005/c0.005_s0.005_gtr/c0.005_s0.005_gtr_base-snps-concat_popWrong	population2	0.2	nonrandom	7	0.9565013593325209
simulation/sim_c0.005_s0.005/c0.005_s0.005_gtr/c0.005_s0.005_gtr_base-snps-concat_popWrong	population2	0.2	nonrandom	8	0.9554084436672495
simulation/sim_c0.005_s0.005/c0.005_s0.005_gtr/c0.005_s0.005_gtr_base-snps-concat_popWrong	population2	0.2	nonrandom	9	0.9563138651917128
simulation/sim_c0.005_s0.005/c0.005_s0.005_gtr/c0.005_s0.005_gtr_base-snps-concat_popWrong	population2	0.2	nonrandom	10	0.9584439102063754
simulation/sim_c0.005_s0.005/c0.005_s0.005_gtr/c0.005_s0.005_gtr_base-snps-concat_popWrong	population2	0.2	nonrandom	11	0.9536080866065579
simulation/sim_c0.005_s0.005/c0.005_s0.005_gtr/c0.005_s0.005_gtr_base-snps-concat_popWrong	population2	0.2	nonrandom	12	0.9555638886284804
simulation/sim_c0.005_s0.005/c0.005_s0.005_gtr/c0.005_s0.005_gtr_base-snps-concat_popWrong	population2	0.2	nonrandom	13	0.956310073648733
simulation/sim_c0.005_s0.005/c0.005_s0.005_gtr/c0.005_s0.005_gtr_base-snps-concat_popWrong	population2	0.2	nonrandom	14	0.9583736689254598
simulation/sim_c0.005_s0.005/c0.005_s0.005_gtr/c0.005_s0.005_gtr_base-snps-concat_popWrong	population2	0.2	nonrandom	15	0.957
simulation/sim_c0.005_s0.005/c0.005_s0.005_gtr/c0.005_s0.005_gtr_base-snps-concat_popWrong	population2	0.2	nonrandom	16	0.9556187144731089
simulation/sim_c0.005_s0.005/c0.005_s0.005_gtr/c0.005_s0.005_gtr_base-snps-concat_popWrong	population2	0.2	nonrandom	17	0.958688790975282
simulation/sim_c0.005_s0.005/c0.005_s0.005_gtr/c0.005_s0.005_gtr_base-snps-concat_popWrong	population2	0.2	nonrandom	18	0.9566657293716999
simulation/sim_c0.005_s0.005/c0.005_s0.005_gtr/c0.005_s0.005_gtr_base-snps-concat_popWrong	population2	0.2	nonrandom	19	0.9554446177847113
simulation/sim_c0.005_s0.005/c0.005_s0.005_gtr/c0.005_s0.005_gtr_base-snps-concat_popWrong	population2	0.2	nonrandom	20	0.9553763944876723
simulation/sim_c0.005_s0.005/c0.005_s0.005_gtr/c0.005_s0.005_gtr_base-snps-concat_popWrong	population2	0.2	nonrandom_weighted	1	0.9561756718793895
simulation/sim_c0.005_s0.005/c0.005_s0.005_gtr/c0.005_s0.005_gtr_base-snps-concat_popWrong	population2	0.2	nonrandom_weighted	2	0.9534782065692519
simulation/sim_c0.005_s0.005/c0.005_s0.005_gtr/c0.005_s0.005_gtr_base-snps-concat_popWrong	population2	0.2	nonrandom_weighted	3	0.9566750944220744
simulation/sim_c0.005_s0.005/c0.005_s0.005_gtr/c0.005_s0.005_gtr_base-snps-concat_popWrong	population2	0.2	nonrandom_weighted	4	0.9564416411665522
simulation/sim_c0.005_s0.005/c0.005_s0.005_gtr/c0.005_s0.005_gtr_base-snps-concat_popWrong	population2	0.2	nonrandom_weighted	5	0.95315625
simulation/sim_c0.005_s0.005/c0.005_s0.005_gtr/c0.005_s0.005_gtr_base-snps-concat_popWrong	population2	0.2	nonrandom_weighted	6	0.9542673409502404
simulation/sim_c0.005_s0.005/c0.005_s0.005_gtr/c0.005_s0.005_gtr_base-snps-concat_popWrong	population2	0.2	nonrandom_weighted	7	0.9539076903846755
simulation/sim_c0.005_s0.005/c0.005_s0.005_gtr/c0.005_s0.005_gtr_base-snps-concat_popWrong	population2	0.2	nonrandom_weighted	8	0.9596575107027905
simulation/sim_c0.005_s0.005/c0.005_s0.005_gtr/c0.005_s0.005_gtr_base-snps-concat_popWrong	population2	0.2	nonrandom_weighted	9	0.9562745955400087
simulation/sim_c0.005_s0.005/c0.005_s0.005_gtr/c0.005_s0.005_gtr_base-snps-concat_popWrong	population2	0.2	nonrandom_weighted	10	0.9495018893850911
simulation/sim_c0.005_s0.005/c0.005_s0.005_gtr/c0.005_s0.005_gtr_base-snps-concat_popWrong	population2	0.2	nonrandom_weighted	11	0.9518486135398451
simulation/sim_c0.005_s0.005/c0.005_s0.005_gtr/c0.005_s0.005_gtr_base-snps-concat_popWrong	population2	0.2	nonrandom_weighted	12	0.9573450829661573
simulation/sim_c0.005_s0.005/c0.005_s0.005_gtr/c0.005_s0.005_gtr_base-snps-concat_popWrong	population2	0.2	nonrandom_weighted	13	0.9536634900796751
simulation/sim_c0.005_s0.005/c0.005_s0.005_gtr/c0.005_s0.005_gtr_base-snps-concat_popWrong	population2	0.2	nonrandom_weighted	14	0.9551105835311758
simulation/sim_c0.005_s0.005/c0.005_s0.005_gtr/c0.005_s0.005_gtr_base-snps-concat_popWrong	population2	0.2	nonrandom_weighted	15	0.9528511170129668
simulation/sim_c0.005_s0.005/c0.005_s0.005_gtr/c0.005_s0.005_gtr_base-snps-concat_popWrong	population2	0.2	nonrandom_weighted	16	0.9534389550326552
simulation/sim_c0.005_s0.005/c0.005_s0.005_gtr/c0.005_s0.005_gtr_base-snps-concat_popWrong	population2	0.2	nonrandom_weighted	17	0.9534520462355514
simulation/sim_c0.005_s0.005/c0.005_s0.005_gtr/c0.005_s0.005_gtr_base-snps-concat_popWrong	population2	0.2	nonrandom_weighted	18	0.9570625
simulation/sim_c0.005_s0.005/c0.005_s0.005_gtr/c0.005_s0.005_gtr_base-snps-concat_popWrong	population2	0.2	nonrandom_weighted	19	0.95146875
simulation/sim_c0.005_s0.005/c0.005_s0.005_gtr/c0.005_s0.005_gtr_base-snps-concat_popWrong	population2	0.2	nonrandom_weighted	20	0.95425
