simulation/sim_c0.006_s0.004/c0.006_s0.004_gtr/c0.006_s0.004_gtr_base-snps-concat_popWrong	population2	0.2	random	1	0.9621238056705362
simulation/sim_c0.006_s0.004/c0.006_s0.004_gtr/c0.006_s0.004_gtr_base-snps-concat_popWrong	population2	0.2	random	2	0.9609450487797275
simulation/sim_c0.006_s0.004/c0.006_s0.004_gtr/c0.006_s0.004_gtr_base-snps-concat_popWrong	population2	0.2	random	3	0.9609595484477893
simulation/sim_c0.006_s0.004/c0.006_s0.004_gtr/c0.006_s0.004_gtr_base-snps-concat_popWrong	population2	0.2	random	4	0.9605296184738956
simulation/sim_c0.006_s0.004/c0.006_s0.004_gtr/c0.006_s0.004_gtr_base-snps-concat_popWrong	population2	0.2	random	5	0.9603410979088942
simulation/sim_c0.006_s0.004/c0.006_s0.004_gtr/c0.006_s0.004_gtr_base-snps-concat_popWrong	population2	0.2	random	6	0.9618480814408771
simulation/sim_c0.006_s0.004/c0.006_s0.004_gtr/c0.006_s0.004_gtr_base-snps-concat_popWrong	population2	0.2	random	7	0.9637021329674442
simulation/sim_c0.006_s0.004/c0.006_s0.004_gtr/c0.006_s0.004_gtr_base-snps-concat_popWrong	population2	0.2	random	8	0.9624130509373343
simulation/sim_c0.006_s0.004/c0.006_s0.004_gtr/c0.006_s0.004_gtr_base-snps-concat_popWrong	population2	0.2	random	9	0.9613413338333646
simulation/sim_c0.006_s0.004/c0.006_s0.004_gtr/c0.006_s0.004_gtr_base-snps-concat_popWrong	population2	0.2	random	10	0.962437343358396
simulation/sim_c0.006_s0.004/c0.006_s0.004_gtr/c0.006_s0.004_gtr_base-snps-concat_popWrong	population2	0.2	random	11	0.9622388525101341
simulation/sim_c0.006_s0.004/c0.006_s0.004_gtr/c0.006_s0.004_gtr_base-snps-concat_popWrong	population2	0.2	random	12	0.9620563415239514
simulation/sim_c0.006_s0.004/c0.006_s0.004_gtr/c0.006_s0.004_gtr_base-snps-concat_popWrong	population2	0.2	random	13	0.9611928104575164
simulation/sim_c0.006_s0.004/c0.006_s0.004_gtr/c0.006_s0.004_gtr_base-snps-concat_popWrong	population2	0.2	random	14	0.9631337851405622
simulation/sim_c0.006_s0.004/c0.006_s0.004_gtr/c0.006_s0.004_gtr_base-snps-concat_popWrong	population2	0.2	random	15	0.9635856972884964
simulation/sim_c0.006_s0.004/c0.006_s0.004_gtr/c0.006_s0.004_gtr_base-snps-concat_popWrong	population2	0.2	random	16	0.9624719241327676
simulation/sim_c0.006_s0.004/c0.006_s0.004_gtr/c0.006_s0.004_gtr_base-snps-concat_popWrong	population2	0.2	random	17	0.9605564084087848
simulation/sim_c0.006_s0.004/c0.006_s0.004_gtr/c0.006_s0.004_gtr_base-snps-concat_popWrong	population2	0.2	random	18	0.9621657291895799
simulation/sim_c0.006_s0.004/c0.006_s0.004_gtr/c0.006_s0.004_gtr_base-snps-concat_popWrong	population2	0.2	random	19	0.9608181989568277
simulation/sim_c0.006_s0.004/c0.006_s0.004_gtr/c0.006_s0.004_gtr_base-snps-concat_popWrong	population2	0.2	random	20	0.9617912129177619
simulation/sim_c0.006_s0.004/c0.006_s0.004_gtr/c0.006_s0.004_gtr_base-snps-concat_popWrong	population2	0.2	nonrandom	1	0.9610182726846791
simulation/sim_c0.006_s0.004/c0.006_s0.004_gtr/c0.006_s0.004_gtr_base-snps-concat_popWrong	population2	0.2	nonrandom	2	0.9575
simulation/sim_c0.006_s0.004/c0.006_s0.004_gtr/c0.006_s0.004_gtr_base-snps-concat_popWrong	population2	0.2	nonrandom	3	0.9599412555072961
simulation/sim_c0.006_s0.004/c0.006_s0.004_gtr/c0.006_s0.004_gtr_base-snps-concat_popWrong	population2	0.2	nonrandom	4	0.9601875
simulation/sim_c0.006_s0.004/c0.006_s0.004_gtr/c0.006_s0.004_gtr_base-snps-concat_popWrong	population2	0.2	nonrandom	5	0.9625625
simulation/sim_c0.006_s0.004/c0.006_s0.004_gtr/c0.006_s0.004_gtr_base-snps-concat_popWrong	population2	0.2	nonrandom	6	0.9595950126558545
simulation/sim_c0.006_s0.004/c0.006_s0.004_gtr/c0.006_s0.004_gtr_base-snps-concat_popWrong	population2	0.2	nonrandom	7	0.9602199931252149
simulation/sim_c0.006_s0.004/c0.006_s0.004_gtr/c0.006_s0.004_gtr_base-snps-concat_popWrong	population2	0.2	nonrandom	8	0.955272363818091
simulation/sim_c0.006_s0.004/c0.006_s0.004_gtr/c0.006_s0.004_gtr_base-snps-concat_popWrong	population2	0.2	nonrandom	9	0.9611574638292554
simulation/sim_c0.006_s0.004/c0.006_s0.004_gtr/c0.006_s0.004_gtr_base-snps-concat_popWrong	population2	0.2	nonrandom	10	0.9658725450401224
simulation/sim_c0.006_s0.004/c0.006_s0.004_gtr/c0.006_s0.004_gtr_base-snps-concat_popWrong	population2	0.2	nonrandom	11	0.9564701103090528
simulation/sim_c0.006_s0.004/c0.006_s0.004_gtr/c0.006_s0.004_gtr_base-snps-concat_popWrong	population2	0.2	nonrandom	12	0.9604133495676064
simulation/sim_c0.006_s0.004/c0.006_s0.004_gtr/c0.006_s0.004_gtr_base-snps-concat_popWrong	population2	0.2	nonrandom	13	0.9584101490485267
simulation/sim_c0.006_s0.004/c0.006_s0.004_gtr/c0.006_s0.004_gtr_base-snps-concat_popWrong	population2	0.2	nonrandom	14	0.96289592760181
simulation/sim_c0.006_s0.004/c0.006_s0.004_gtr/c0.006_s0.004_gtr_base-snps-concat_popWrong	population2	0.2	nonrandom	15	0.9591804865860896
simulation/sim_c0.006_s0.004/c0.006_s0.004_gtr/c0.006_s0.004_gtr_base-snps-concat_popWrong	population2	0.2	nonrandom	16	0.9601574950782789
simulation/sim_c0.006_s0.004/c0.006_s0.004_gtr/c0.006_s0.004_gtr_base-snps-concat_popWrong	population2	0.2	nonrandom	17	0.9597916276748394
simulation/sim_c0.006_s0.004/c0.006_s0.004_gtr/c0.006_s0.004_gtr_base-snps-concat_popWrong	population2	0.2	nonrandom	18	0.959162009428955
simulation/sim_c0.006_s0.004/c0.006_s0.004_gtr/c0.006_s0.004_gtr_base-snps-concat_popWrong	population2	0.2	nonrandom	19	0.9599075028905347
simulation/sim_c0.006_s0.004/c0.006_s0.004_gtr/c0.006_s0.004_gtr_base-snps-concat_popWrong	population2	0.2	nonrandom	20	0.9648175319202072
simulation/sim_c0.006_s0.004/c0.006_s0.004_gtr/c0.006_s0.004_gtr_base-snps-concat_popWrong	population2	0.2	nonrandom_weighted	1	0.95728125
simulation/sim_c0.006_s0.004/c0.006_s0.004_gtr/c0.006_s0.004_gtr_base-snps-concat_popWrong	population2	0.2	nonrandom_weighted	2	0.9612211736766452
simulation/sim_c0.006_s0.004/c0.006_s0.004_gtr/c0.006_s0.004_gtr_base-snps-concat_popWrong	population2	0.2	nonrandom_weighted	3	0.960501234336427
simulation/sim_c0.006_s0.004/c0.006_s0.004_gtr/c0.006_s0.004_gtr_base-snps-concat_popWrong	population2	0.2	nonrandom_weighted	4	0.9605
simulation/sim_c0.006_s0.004/c0.006_s0.004_gtr/c0.006_s0.004_gtr_base-snps-concat_popWrong	population2	0.2	nonrandom_weighted	5	0.9600012499609387
simulation/sim_c0.006_s0.004/c0.006_s0.004_gtr/c0.006_s0.004_gtr_base-snps-concat_popWrong	population2	0.2	nonrandom_weighted	6	0.960125
simulation/sim_c0.006_s0.004/c0.006_s0.004_gtr/c0.006_s0.004_gtr_base-snps-concat_popWrong	population2	0.2	nonrandom_weighted	7	0.9667864396188096
simulation/sim_c0.006_s0.004/c0.006_s0.004_gtr/c0.006_s0.004_gtr_base-snps-concat_popWrong	population2	0.2	nonrandom_weighted	8	0.95321875
simulation/sim_c0.006_s0.004/c0.006_s0.004_gtr/c0.006_s0.004_gtr_base-snps-concat_popWrong	population2	0.2	nonrandom_weighted	9	0.9646573544576732
simulation/sim_c0.006_s0.004/c0.006_s0.004_gtr/c0.006_s0.004_gtr_base-snps-concat_popWrong	population2	0.2	nonrandom_weighted	10	0.9573450829661573
simulation/sim_c0.006_s0.004/c0.006_s0.004_gtr/c0.006_s0.004_gtr_base-snps-concat_popWrong	population2	0.2	nonrandom_weighted	11	0.9597512577731946
simulation/sim_c0.006_s0.004/c0.006_s0.004_gtr/c0.006_s0.004_gtr_base-snps-concat_popWrong	population2	0.2	nonrandom_weighted	12	0.9580651209299419
simulation/sim_c0.006_s0.004/c0.006_s0.004_gtr/c0.006_s0.004_gtr_base-snps-concat_popWrong	population2	0.2	nonrandom_weighted	13	0.958626292928346
simulation/sim_c0.006_s0.004/c0.006_s0.004_gtr/c0.006_s0.004_gtr_base-snps-concat_popWrong	population2	0.2	nonrandom_weighted	14	0.9658448173494578
simulation/sim_c0.006_s0.004/c0.006_s0.004_gtr/c0.006_s0.004_gtr_base-snps-concat_popWrong	population2	0.2	nonrandom_weighted	15	0.9596575107027905
simulation/sim_c0.006_s0.004/c0.006_s0.004_gtr/c0.006_s0.004_gtr_base-snps-concat_popWrong	population2	0.2	nonrandom_weighted	16	0.9565964627210799
simulation/sim_c0.006_s0.004/c0.006_s0.004_gtr/c0.006_s0.004_gtr_base-snps-concat_popWrong	population2	0.2	nonrandom_weighted	17	0.9599075028905347
simulation/sim_c0.006_s0.004/c0.006_s0.004_gtr/c0.006_s0.004_gtr_base-snps-concat_popWrong	population2	0.2	nonrandom_weighted	18	0.96790625
simulation/sim_c0.006_s0.004/c0.006_s0.004_gtr/c0.006_s0.004_gtr_base-snps-concat_popWrong	population2	0.2	nonrandom_weighted	19	0.95778125
simulation/sim_c0.006_s0.004/c0.006_s0.004_gtr/c0.006_s0.004_gtr_base-snps-concat_popWrong	population2	0.2	nonrandom_weighted	20	0.9602512421486828
