simulation/sim_c0.008_s0.002/c0.008_s0.002_gtr/c0.008_s0.002_gtr_base-snps-concat_pop	population	0.2	random	1	0.9690631536228265
simulation/sim_c0.008_s0.002/c0.008_s0.002_gtr/c0.008_s0.002_gtr_base-snps-concat_pop	population	0.2	random	2	0.9678919121318023
simulation/sim_c0.008_s0.002/c0.008_s0.002_gtr/c0.008_s0.002_gtr_base-snps-concat_pop	population	0.2	random	3	0.9684902076781766
simulation/sim_c0.008_s0.002/c0.008_s0.002_gtr/c0.008_s0.002_gtr_base-snps-concat_pop	population	0.2	random	4	0.9679013890626955
simulation/sim_c0.008_s0.002/c0.008_s0.002_gtr/c0.008_s0.002_gtr_base-snps-concat_pop	population	0.2	random	5	0.9696482602118003
simulation/sim_c0.008_s0.002/c0.008_s0.002_gtr/c0.008_s0.002_gtr_base-snps-concat_pop	population	0.2	random	6	0.9693174702567313
simulation/sim_c0.008_s0.002/c0.008_s0.002_gtr/c0.008_s0.002_gtr_base-snps-concat_pop	population	0.2	random	7	0.9698271806291754
simulation/sim_c0.008_s0.002/c0.008_s0.002_gtr/c0.008_s0.002_gtr_base-snps-concat_pop	population	0.2	random	8	0.9692669910532099
simulation/sim_c0.008_s0.002/c0.008_s0.002_gtr/c0.008_s0.002_gtr_base-snps-concat_pop	population	0.2	random	9	0.9681640319298794
simulation/sim_c0.008_s0.002/c0.008_s0.002_gtr/c0.008_s0.002_gtr_base-snps-concat_pop	population	0.2	random	10	0.9687217670332409
simulation/sim_c0.008_s0.002/c0.008_s0.002_gtr/c0.008_s0.002_gtr_base-snps-concat_pop	population	0.2	random	11	0.9692451945616503
simulation/sim_c0.008_s0.002/c0.008_s0.002_gtr/c0.008_s0.002_gtr_base-snps-concat_pop	population	0.2	random	12	0.9687986547923024
simulation/sim_c0.008_s0.002/c0.008_s0.002_gtr/c0.008_s0.002_gtr_base-snps-concat_pop	population	0.2	random	13	0.9693731751257998
simulation/sim_c0.008_s0.002/c0.008_s0.002_gtr/c0.008_s0.002_gtr_base-snps-concat_pop	population	0.2	random	14	0.9680500141371619
simulation/sim_c0.008_s0.002/c0.008_s0.002_gtr/c0.008_s0.002_gtr_base-snps-concat_pop	population	0.2	random	15	0.9703645751838523
simulation/sim_c0.008_s0.002/c0.008_s0.002_gtr/c0.008_s0.002_gtr_base-snps-concat_pop	population	0.2	random	16	0.9703122067196396
simulation/sim_c0.008_s0.002/c0.008_s0.002_gtr/c0.008_s0.002_gtr_base-snps-concat_pop	population	0.2	random	17	0.9698785729973958
simulation/sim_c0.008_s0.002/c0.008_s0.002_gtr/c0.008_s0.002_gtr_base-snps-concat_pop	population	0.2	random	18	0.9702342275441691
simulation/sim_c0.008_s0.002/c0.008_s0.002_gtr/c0.008_s0.002_gtr_base-snps-concat_pop	population	0.2	random	19	0.9685560351617883
simulation/sim_c0.008_s0.002/c0.008_s0.002_gtr/c0.008_s0.002_gtr_base-snps-concat_pop	population	0.2	random	20	0.9690605310178364
simulation/sim_c0.008_s0.002/c0.008_s0.002_gtr/c0.008_s0.002_gtr_base-snps-concat_pop	population	0.2	nonrandom	1	0.9703759257523202
simulation/sim_c0.008_s0.002/c0.008_s0.002_gtr/c0.008_s0.002_gtr_base-snps-concat_pop	population	0.2	nonrandom	2	0.9723758632542733
simulation/sim_c0.008_s0.002/c0.008_s0.002_gtr/c0.008_s0.002_gtr_base-snps-concat_pop	population	0.2	nonrandom	3	0.9694072060248117
simulation/sim_c0.008_s0.002/c0.008_s0.002_gtr/c0.008_s0.002_gtr_base-snps-concat_pop	population	0.2	nonrandom	4	0.9701884316115121
simulation/sim_c0.008_s0.002/c0.008_s0.002_gtr/c0.008_s0.002_gtr_base-snps-concat_pop	population	0.2	nonrandom	5	0.967375
simulation/sim_c0.008_s0.002/c0.008_s0.002_gtr/c0.008_s0.002_gtr_base-snps-concat_pop	population	0.2	nonrandom	6	0.9704384237992563
simulation/sim_c0.008_s0.002/c0.008_s0.002_gtr/c0.008_s0.002_gtr_base-snps-concat_pop	population	0.2	nonrandom	7	0.9698266437607371
simulation/sim_c0.008_s0.002/c0.008_s0.002_gtr/c0.008_s0.002_gtr_base-snps-concat_pop	population	0.2	nonrandom	8	0.9707746588815687
simulation/sim_c0.008_s0.002/c0.008_s0.002_gtr/c0.008_s0.002_gtr_base-snps-concat_pop	population	0.2	nonrandom	9	0.9715080133712394
simulation/sim_c0.008_s0.002/c0.008_s0.002_gtr/c0.008_s0.002_gtr_base-snps-concat_pop	population	0.2	nonrandom	10	0.9652198368800975
simulation/sim_c0.008_s0.002/c0.008_s0.002_gtr/c0.008_s0.002_gtr_base-snps-concat_pop	population	0.2	nonrandom	11	0.9693788276465442
simulation/sim_c0.008_s0.002/c0.008_s0.002_gtr/c0.008_s0.002_gtr_base-snps-concat_pop	population	0.2	nonrandom	12	0.9708828761351933
simulation/sim_c0.008_s0.002/c0.008_s0.002_gtr/c0.008_s0.002_gtr_base-snps-concat_pop	population	0.2	nonrandom	13	0.9736875
simulation/sim_c0.008_s0.002/c0.008_s0.002_gtr/c0.008_s0.002_gtr_base-snps-concat_pop	population	0.2	nonrandom	14	0.9708759101278085
simulation/sim_c0.008_s0.002/c0.008_s0.002_gtr/c0.008_s0.002_gtr_base-snps-concat_pop	population	0.2	nonrandom	15	0.9689091647658032
simulation/sim_c0.008_s0.002/c0.008_s0.002_gtr/c0.008_s0.002_gtr_base-snps-concat_pop	population	0.2	nonrandom	16	0.970875
simulation/sim_c0.008_s0.002/c0.008_s0.002_gtr/c0.008_s0.002_gtr_base-snps-concat_pop	population	0.2	nonrandom	17	0.971875878878785
simulation/sim_c0.008_s0.002/c0.008_s0.002_gtr/c0.008_s0.002_gtr_base-snps-concat_pop	population	0.2	nonrandom	18	0.9650625
simulation/sim_c0.008_s0.002/c0.008_s0.002_gtr/c0.008_s0.002_gtr_base-snps-concat_pop	population	0.2	nonrandom	19	0.96725
simulation/sim_c0.008_s0.002/c0.008_s0.002_gtr/c0.008_s0.002_gtr_base-snps-concat_pop	population	0.2	nonrandom	20	0.9673447704759226
simulation/sim_c0.008_s0.002/c0.008_s0.002_gtr/c0.008_s0.002_gtr_base-snps-concat_pop	population	0.2	nonrandom_weighted	1	0.9668280493518663
simulation/sim_c0.008_s0.002/c0.008_s0.002_gtr/c0.008_s0.002_gtr_base-snps-concat_pop	population	0.2	nonrandom_weighted	2	0.9697471120824227
simulation/sim_c0.008_s0.002/c0.008_s0.002_gtr/c0.008_s0.002_gtr_base-snps-concat_pop	population	0.2	nonrandom_weighted	3	0.969279760232275
simulation/sim_c0.008_s0.002/c0.008_s0.002_gtr/c0.008_s0.002_gtr_base-snps-concat_pop	population	0.2	nonrandom_weighted	4	0.9647348874949286
simulation/sim_c0.008_s0.002/c0.008_s0.002_gtr/c0.008_s0.002_gtr_base-snps-concat_pop	population	0.2	nonrandom_weighted	5	0.9696259491890878
simulation/sim_c0.008_s0.002/c0.008_s0.002_gtr/c0.008_s0.002_gtr_base-snps-concat_pop	population	0.2	nonrandom_weighted	6	0.9678135058279429
simulation/sim_c0.008_s0.002/c0.008_s0.002_gtr/c0.008_s0.002_gtr_base-snps-concat_pop	population	0.2	nonrandom_weighted	7	0.9665458861747985
simulation/sim_c0.008_s0.002/c0.008_s0.002_gtr/c0.008_s0.002_gtr_base-snps-concat_pop	population	0.2	nonrandom_weighted	8	0.9658325012481278
simulation/sim_c0.008_s0.002/c0.008_s0.002_gtr/c0.008_s0.002_gtr_base-snps-concat_pop	population	0.2	nonrandom_weighted	9	0.96653125
simulation/sim_c0.008_s0.002/c0.008_s0.002_gtr/c0.008_s0.002_gtr_base-snps-concat_pop	population	0.2	nonrandom_weighted	10	0.970952023988006
simulation/sim_c0.008_s0.002/c0.008_s0.002_gtr/c0.008_s0.002_gtr_base-snps-concat_pop	population	0.2	nonrandom_weighted	11	0.9685577793736535
simulation/sim_c0.008_s0.002/c0.008_s0.002_gtr/c0.008_s0.002_gtr_base-snps-concat_pop	population	0.2	nonrandom_weighted	12	0.96728125
simulation/sim_c0.008_s0.002/c0.008_s0.002_gtr/c0.008_s0.002_gtr_base-snps-concat_pop	population	0.2	nonrandom_weighted	13	0.96809375
simulation/sim_c0.008_s0.002/c0.008_s0.002_gtr/c0.008_s0.002_gtr_base-snps-concat_pop	population	0.2	nonrandom_weighted	14	0.9699375
simulation/sim_c0.008_s0.002/c0.008_s0.002_gtr/c0.008_s0.002_gtr_base-snps-concat_pop	population	0.2	nonrandom_weighted	15	0.9640625
simulation/sim_c0.008_s0.002/c0.008_s0.002_gtr/c0.008_s0.002_gtr_base-snps-concat_pop	population	0.2	nonrandom_weighted	16	0.96671875
simulation/sim_c0.008_s0.002/c0.008_s0.002_gtr/c0.008_s0.002_gtr_base-snps-concat_pop	population	0.2	nonrandom_weighted	17	0.9690322177431955
simulation/sim_c0.008_s0.002/c0.008_s0.002_gtr/c0.008_s0.002_gtr_base-snps-concat_pop	population	0.2	nonrandom_weighted	18	0.9716875
simulation/sim_c0.008_s0.002/c0.008_s0.002_gtr/c0.008_s0.002_gtr_base-snps-concat_pop	population	0.2	nonrandom_weighted	19	0.967630166063179
simulation/sim_c0.008_s0.002/c0.008_s0.002_gtr/c0.008_s0.002_gtr_base-snps-concat_pop	population	0.2	nonrandom_weighted	20	0.9705321708696604
