simulation/sim_c0.005_s0.005/c0.005_s0.005_gtr/c0.005_s0.005_gtr_base-snps-concat_phyloq	phyloq	0.2	random	1	0.9987186298715505
simulation/sim_c0.005_s0.005/c0.005_s0.005_gtr/c0.005_s0.005_gtr_base-snps-concat_phyloq	phyloq	0.2	random	2	0.9990946553446554
simulation/sim_c0.005_s0.005/c0.005_s0.005_gtr/c0.005_s0.005_gtr_base-snps-concat_phyloq	phyloq	0.2	random	3	0.9989991868393069
simulation/sim_c0.005_s0.005/c0.005_s0.005_gtr/c0.005_s0.005_gtr_base-snps-concat_phyloq	phyloq	0.2	random	4	0.9988758431176618
simulation/sim_c0.005_s0.005/c0.005_s0.005_gtr/c0.005_s0.005_gtr_base-snps-concat_phyloq	phyloq	0.2	random	5	0.9991225596189401
simulation/sim_c0.005_s0.005/c0.005_s0.005_gtr/c0.005_s0.005_gtr_base-snps-concat_phyloq	phyloq	0.2	random	6	0.9988997862441846
simulation/sim_c0.005_s0.005/c0.005_s0.005_gtr/c0.005_s0.005_gtr_base-snps-concat_phyloq	phyloq	0.2	random	7	0.9991223120807473
simulation/sim_c0.005_s0.005/c0.005_s0.005_gtr/c0.005_s0.005_gtr_base-snps-concat_phyloq	phyloq	0.2	random	8	0.9990016535113718
simulation/sim_c0.005_s0.005/c0.005_s0.005_gtr/c0.005_s0.005_gtr_base-snps-concat_phyloq	phyloq	0.2	random	9	0.9992840912628007
simulation/sim_c0.005_s0.005/c0.005_s0.005_gtr/c0.005_s0.005_gtr_base-snps-concat_phyloq	phyloq	0.2	random	10	0.9989941218998523
simulation/sim_c0.005_s0.005/c0.005_s0.005_gtr/c0.005_s0.005_gtr_base-snps-concat_phyloq	phyloq	0.2	random	11	0.998999874984373
simulation/sim_c0.005_s0.005/c0.005_s0.005_gtr/c0.005_s0.005_gtr_base-snps-concat_phyloq	phyloq	0.2	random	12	0.9988732394366198
simulation/sim_c0.005_s0.005/c0.005_s0.005_gtr/c0.005_s0.005_gtr_base-snps-concat_phyloq	phyloq	0.2	random	13	0.9988430992433244
simulation/sim_c0.005_s0.005/c0.005_s0.005_gtr/c0.005_s0.005_gtr_base-snps-concat_phyloq	phyloq	0.2	random	14	0.9991594284113197
simulation/sim_c0.005_s0.005/c0.005_s0.005_gtr/c0.005_s0.005_gtr_base-snps-concat_phyloq	phyloq	0.2	random	15	0.9989320266365121
simulation/sim_c0.005_s0.005/c0.005_s0.005_gtr/c0.005_s0.005_gtr_base-snps-concat_phyloq	phyloq	0.2	random	16	0.9990985390115014
simulation/sim_c0.005_s0.005/c0.005_s0.005_gtr/c0.005_s0.005_gtr_base-snps-concat_phyloq	phyloq	0.2	random	17	0.9989945011783189
simulation/sim_c0.005_s0.005/c0.005_s0.005_gtr/c0.005_s0.005_gtr_base-snps-concat_phyloq	phyloq	0.2	random	18	0.9990626171728534
simulation/sim_c0.005_s0.005/c0.005_s0.005_gtr/c0.005_s0.005_gtr_base-snps-concat_phyloq	phyloq	0.2	random	19	0.999216767442589
simulation/sim_c0.005_s0.005/c0.005_s0.005_gtr/c0.005_s0.005_gtr_base-snps-concat_phyloq	phyloq	0.2	random	20	0.9991219542789049
simulation/sim_c0.005_s0.005/c0.005_s0.005_gtr/c0.005_s0.005_gtr_base-snps-concat_phyloq	phyloq	0.2	nonrandom	1	0.9972202267545367
simulation/sim_c0.005_s0.005/c0.005_s0.005_gtr/c0.005_s0.005_gtr_base-snps-concat_phyloq	phyloq	0.2	nonrandom	2	0.9999687509765319
simulation/sim_c0.005_s0.005/c0.005_s0.005_gtr/c0.005_s0.005_gtr_base-snps-concat_phyloq	phyloq	0.2	nonrandom	3	0.9994062685541076
simulation/sim_c0.005_s0.005/c0.005_s0.005_gtr/c0.005_s0.005_gtr_base-snps-concat_phyloq	phyloq	0.2	nonrandom	4	0.9974107811330172
simulation/sim_c0.005_s0.005/c0.005_s0.005_gtr/c0.005_s0.005_gtr_base-snps-concat_phyloq	phyloq	0.2	nonrandom	5	0.9997503121098626
simulation/sim_c0.005_s0.005/c0.005_s0.005_gtr/c0.005_s0.005_gtr_base-snps-concat_phyloq	phyloq	0.2	nonrandom	6	0.9962535123321886
simulation/sim_c0.005_s0.005/c0.005_s0.005_gtr/c0.005_s0.005_gtr_base-snps-concat_phyloq	phyloq	0.2	nonrandom	7	0.9998438963471745
simulation/sim_c0.005_s0.005/c0.005_s0.005_gtr/c0.005_s0.005_gtr_base-snps-concat_phyloq	phyloq	0.2	nonrandom	8	0.9990312802724914
simulation/sim_c0.005_s0.005/c0.005_s0.005_gtr/c0.005_s0.005_gtr_base-snps-concat_phyloq	phyloq	0.2	nonrandom	9	0.9989687822255554
simulation/sim_c0.005_s0.005/c0.005_s0.005_gtr/c0.005_s0.005_gtr_base-snps-concat_phyloq	phyloq	0.2	nonrandom	10	0.9975313271460267
simulation/sim_c0.005_s0.005/c0.005_s0.005_gtr/c0.005_s0.005_gtr_base-snps-concat_phyloq	phyloq	0.2	nonrandom	11	0.9971563388644105
simulation/sim_c0.005_s0.005/c0.005_s0.005_gtr/c0.005_s0.005_gtr_base-snps-concat_phyloq	phyloq	0.2	nonrandom	12	0.9996566577189587
simulation/sim_c0.005_s0.005/c0.005_s0.005_gtr/c0.005_s0.005_gtr_base-snps-concat_phyloq	phyloq	0.2	nonrandom	13	0.99728125
simulation/sim_c0.005_s0.005/c0.005_s0.005_gtr/c0.005_s0.005_gtr_base-snps-concat_phyloq	phyloq	0.2	nonrandom	14	0.9994062685541076
simulation/sim_c0.005_s0.005/c0.005_s0.005_gtr/c0.005_s0.005_gtr_base-snps-concat_phyloq	phyloq	0.2	nonrandom	15	0.9996562607418518
simulation/sim_c0.005_s0.005/c0.005_s0.005_gtr/c0.005_s0.005_gtr_base-snps-concat_phyloq	phyloq	0.2	nonrandom	16	0.9997187587887878
simulation/sim_c0.005_s0.005/c0.005_s0.005_gtr/c0.005_s0.005_gtr_base-snps-concat_phyloq	phyloq	0.2	nonrandom	17	0.9995003591168847
simulation/sim_c0.005_s0.005/c0.005_s0.005_gtr/c0.005_s0.005_gtr_base-snps-concat_phyloq	phyloq	0.2	nonrandom	18	0.9951618441177389
simulation/sim_c0.005_s0.005/c0.005_s0.005_gtr/c0.005_s0.005_gtr_base-snps-concat_phyloq	phyloq	0.2	nonrandom	19	0.9998750039061279
simulation/sim_c0.005_s0.005/c0.005_s0.005_gtr/c0.005_s0.005_gtr_base-snps-concat_phyloq	phyloq	0.2	nonrandom	20	0.9993754293922928
simulation/sim_c0.005_s0.005/c0.005_s0.005_gtr/c0.005_s0.005_gtr_base-snps-concat_phyloq	phyloq	0.2	nonrandom_weighted	1	0.9985954179411949
simulation/sim_c0.005_s0.005/c0.005_s0.005_gtr/c0.005_s0.005_gtr_base-snps-concat_phyloq	phyloq	0.2	nonrandom_weighted	2	0.9997187587887878
simulation/sim_c0.005_s0.005/c0.005_s0.005_gtr/c0.005_s0.005_gtr_base-snps-concat_phyloq	phyloq	0.2	nonrandom_weighted	3	0.9976250742164308
simulation/sim_c0.005_s0.005/c0.005_s0.005_gtr/c0.005_s0.005_gtr_base-snps-concat_phyloq	phyloq	0.2	nonrandom_weighted	4	0.9998750624687656
simulation/sim_c0.005_s0.005/c0.005_s0.005_gtr/c0.005_s0.005_gtr_base-snps-concat_phyloq	phyloq	0.2	nonrandom_weighted	5	0.9995314696236139
simulation/sim_c0.005_s0.005/c0.005_s0.005_gtr/c0.005_s0.005_gtr_base-snps-concat_phyloq	phyloq	0.2	nonrandom_weighted	6	0.99784375
simulation/sim_c0.005_s0.005/c0.005_s0.005_gtr/c0.005_s0.005_gtr_base-snps-concat_phyloq	phyloq	0.2	nonrandom_weighted	7	0.9985318464373848
simulation/sim_c0.005_s0.005/c0.005_s0.005_gtr/c0.005_s0.005_gtr_base-snps-concat_phyloq	phyloq	0.2	nonrandom_weighted	8	0.9993125214837036
simulation/sim_c0.005_s0.005/c0.005_s0.005_gtr/c0.005_s0.005_gtr_base-snps-concat_phyloq	phyloq	0.2	nonrandom_weighted	9	0.9995314696236139
simulation/sim_c0.005_s0.005/c0.005_s0.005_gtr/c0.005_s0.005_gtr_base-snps-concat_phyloq	phyloq	0.2	nonrandom_weighted	10	0.9991254099640794
simulation/sim_c0.005_s0.005/c0.005_s0.005_gtr/c0.005_s0.005_gtr_base-snps-concat_phyloq	phyloq	0.2	nonrandom_weighted	11	0.9996562607418518
simulation/sim_c0.005_s0.005/c0.005_s0.005_gtr/c0.005_s0.005_gtr_base-snps-concat_phyloq	phyloq	0.2	nonrandom_weighted	12	0.9998437548826599
simulation/sim_c0.005_s0.005/c0.005_s0.005_gtr/c0.005_s0.005_gtr_base-snps-concat_phyloq	phyloq	0.2	nonrandom_weighted	13	0.9998125
simulation/sim_c0.005_s0.005/c0.005_s0.005_gtr/c0.005_s0.005_gtr_base-snps-concat_phyloq	phyloq	0.2	nonrandom_weighted	14	0.9990320969151992
simulation/sim_c0.005_s0.005/c0.005_s0.005_gtr/c0.005_s0.005_gtr_base-snps-concat_phyloq	phyloq	0.2	nonrandom_weighted	15	0.999531293941193
simulation/sim_c0.005_s0.005/c0.005_s0.005_gtr/c0.005_s0.005_gtr_base-snps-concat_phyloq	phyloq	0.2	nonrandom_weighted	16	0.9976257419556389
simulation/sim_c0.005_s0.005/c0.005_s0.005_gtr/c0.005_s0.005_gtr_base-snps-concat_phyloq	phyloq	0.2	nonrandom_weighted	17	0.9996875488204968
simulation/sim_c0.005_s0.005/c0.005_s0.005_gtr/c0.005_s0.005_gtr_base-snps-concat_phyloq	phyloq	0.2	nonrandom_weighted	18	0.9995938896004498
simulation/sim_c0.005_s0.005/c0.005_s0.005_gtr/c0.005_s0.005_gtr_base-snps-concat_phyloq	phyloq	0.2	nonrandom_weighted	19	0.9995625
simulation/sim_c0.005_s0.005/c0.005_s0.005_gtr/c0.005_s0.005_gtr_base-snps-concat_phyloq	phyloq	0.2	nonrandom_weighted	20	0.9997813115061389
