simulation/sim_c0.005_s0.005/c0.005_s0.005_gtr/c0.005_s0.005_gtr_base-snps-concat_global	global	0.2	random	1	0.9556752019032116
simulation/sim_c0.005_s0.005/c0.005_s0.005_gtr/c0.005_s0.005_gtr_base-snps-concat_global	global	0.2	random	2	0.9563062352012628
simulation/sim_c0.005_s0.005/c0.005_s0.005_gtr/c0.005_s0.005_gtr_base-snps-concat_global	global	0.2	random	3	0.9555016181229773
simulation/sim_c0.005_s0.005/c0.005_s0.005_gtr/c0.005_s0.005_gtr_base-snps-concat_global	global	0.2	random	4	0.9557486171442857
simulation/sim_c0.005_s0.005/c0.005_s0.005_gtr/c0.005_s0.005_gtr_base-snps-concat_global	global	0.2	random	5	0.9553975234708836
simulation/sim_c0.005_s0.005/c0.005_s0.005_gtr/c0.005_s0.005_gtr_base-snps-concat_global	global	0.2	random	6	0.9567500388379679
simulation/sim_c0.005_s0.005/c0.005_s0.005_gtr/c0.005_s0.005_gtr_base-snps-concat_global	global	0.2	random	7	0.9561398024259097
simulation/sim_c0.005_s0.005/c0.005_s0.005_gtr/c0.005_s0.005_gtr_base-snps-concat_global	global	0.2	random	8	0.9553591090697455
simulation/sim_c0.005_s0.005/c0.005_s0.005_gtr/c0.005_s0.005_gtr_base-snps-concat_global	global	0.2	random	9	0.9567270112247132
simulation/sim_c0.005_s0.005/c0.005_s0.005_gtr/c0.005_s0.005_gtr_base-snps-concat_global	global	0.2	random	10	0.9559128304967657
simulation/sim_c0.005_s0.005/c0.005_s0.005_gtr/c0.005_s0.005_gtr_base-snps-concat_global	global	0.2	random	11	0.9576064470312162
simulation/sim_c0.005_s0.005/c0.005_s0.005_gtr/c0.005_s0.005_gtr_base-snps-concat_global	global	0.2	random	12	0.956328320802005
simulation/sim_c0.005_s0.005/c0.005_s0.005_gtr/c0.005_s0.005_gtr_base-snps-concat_global	global	0.2	random	13	0.9546697321816939
simulation/sim_c0.005_s0.005/c0.005_s0.005_gtr/c0.005_s0.005_gtr_base-snps-concat_global	global	0.2	random	14	0.9563700912459905
simulation/sim_c0.005_s0.005/c0.005_s0.005_gtr/c0.005_s0.005_gtr_base-snps-concat_global	global	0.2	random	15	0.955527950310559
simulation/sim_c0.005_s0.005/c0.005_s0.005_gtr/c0.005_s0.005_gtr_base-snps-concat_global	global	0.2	random	16	0.9567414153385522
simulation/sim_c0.005_s0.005/c0.005_s0.005_gtr/c0.005_s0.005_gtr_base-snps-concat_global	global	0.2	random	17	0.9548858105578435
simulation/sim_c0.005_s0.005/c0.005_s0.005_gtr/c0.005_s0.005_gtr_base-snps-concat_global	global	0.2	random	18	0.9543637679791017
simulation/sim_c0.005_s0.005/c0.005_s0.005_gtr/c0.005_s0.005_gtr_base-snps-concat_global	global	0.2	random	19	0.9564508543658881
simulation/sim_c0.005_s0.005/c0.005_s0.005_gtr/c0.005_s0.005_gtr_base-snps-concat_global	global	0.2	random	20	0.9566826636554687
simulation/sim_c0.005_s0.005/c0.005_s0.005_gtr/c0.005_s0.005_gtr_base-snps-concat_global	global	0.2	nonrandom	1	0.9554847974027596
simulation/sim_c0.005_s0.005/c0.005_s0.005_gtr/c0.005_s0.005_gtr_base-snps-concat_global	global	0.2	nonrandom	2	0.9549389081591201
simulation/sim_c0.005_s0.005/c0.005_s0.005_gtr/c0.005_s0.005_gtr_base-snps-concat_global	global	0.2	nonrandom	3	0.9541040931655687
simulation/sim_c0.005_s0.005/c0.005_s0.005_gtr/c0.005_s0.005_gtr_base-snps-concat_global	global	0.2	nonrandom	4	0.9562271691279778
simulation/sim_c0.005_s0.005/c0.005_s0.005_gtr/c0.005_s0.005_gtr_base-snps-concat_global	global	0.2	nonrandom	5	0.9556263866754164
simulation/sim_c0.005_s0.005/c0.005_s0.005_gtr/c0.005_s0.005_gtr_base-snps-concat_global	global	0.2	nonrandom	6	0.955875
simulation/sim_c0.005_s0.005/c0.005_s0.005_gtr/c0.005_s0.005_gtr_base-snps-concat_global	global	0.2	nonrandom	7	0.9561888690978407
simulation/sim_c0.005_s0.005/c0.005_s0.005_gtr/c0.005_s0.005_gtr_base-snps-concat_global	global	0.2	nonrandom	8	0.9514784400661942
simulation/sim_c0.005_s0.005/c0.005_s0.005_gtr/c0.005_s0.005_gtr_base-snps-concat_global	global	0.2	nonrandom	9	0.9547514140183119
simulation/sim_c0.005_s0.005/c0.005_s0.005_gtr/c0.005_s0.005_gtr_base-snps-concat_global	global	0.2	nonrandom	10	0.954951020153491
simulation/sim_c0.005_s0.005/c0.005_s0.005_gtr/c0.005_s0.005_gtr_base-snps-concat_global	global	0.2	nonrandom	11	0.9545766733266733
simulation/sim_c0.005_s0.005/c0.005_s0.005_gtr/c0.005_s0.005_gtr_base-snps-concat_global	global	0.2	nonrandom	12	0.9582825536701978
simulation/sim_c0.005_s0.005/c0.005_s0.005_gtr/c0.005_s0.005_gtr_base-snps-concat_global	global	0.2	nonrandom	13	0.9488125
simulation/sim_c0.005_s0.005/c0.005_s0.005_gtr/c0.005_s0.005_gtr_base-snps-concat_global	global	0.2	nonrandom	14	0.95690625
simulation/sim_c0.005_s0.005/c0.005_s0.005_gtr/c0.005_s0.005_gtr_base-snps-concat_global	global	0.2	nonrandom	15	0.9528107432854466
simulation/sim_c0.005_s0.005/c0.005_s0.005_gtr/c0.005_s0.005_gtr_base-snps-concat_global	global	0.2	nonrandom	16	0.958875
simulation/sim_c0.005_s0.005/c0.005_s0.005_gtr/c0.005_s0.005_gtr_base-snps-concat_global	global	0.2	nonrandom	17	0.9507515390144058
simulation/sim_c0.005_s0.005/c0.005_s0.005_gtr/c0.005_s0.005_gtr_base-snps-concat_global	global	0.2	nonrandom	18	0.9562134982354227
simulation/sim_c0.005_s0.005/c0.005_s0.005_gtr/c0.005_s0.005_gtr_base-snps-concat_global	global	0.2	nonrandom	19	0.9595
simulation/sim_c0.005_s0.005/c0.005_s0.005_gtr/c0.005_s0.005_gtr_base-snps-concat_global	global	0.2	nonrandom	20	0.95415625
simulation/sim_c0.005_s0.005/c0.005_s0.005_gtr/c0.005_s0.005_gtr_base-snps-concat_global	global	0.2	nonrandom_weighted	1	0.9509405662146115
simulation/sim_c0.005_s0.005/c0.005_s0.005_gtr/c0.005_s0.005_gtr_base-snps-concat_global	global	0.2	nonrandom_weighted	2	0.95578125
simulation/sim_c0.005_s0.005/c0.005_s0.005_gtr/c0.005_s0.005_gtr_base-snps-concat_global	global	0.2	nonrandom_weighted	3	0.96259375
simulation/sim_c0.005_s0.005/c0.005_s0.005_gtr/c0.005_s0.005_gtr_base-snps-concat_global	global	0.2	nonrandom_weighted	4	0.9505640448735977
simulation/sim_c0.005_s0.005/c0.005_s0.005_gtr/c0.005_s0.005_gtr_base-snps-concat_global	global	0.2	nonrandom_weighted	5	0.9572879237619122
simulation/sim_c0.005_s0.005/c0.005_s0.005_gtr/c0.005_s0.005_gtr_base-snps-concat_global	global	0.2	nonrandom_weighted	6	0.9591575263273022
simulation/sim_c0.005_s0.005/c0.005_s0.005_gtr/c0.005_s0.005_gtr_base-snps-concat_global	global	0.2	nonrandom_weighted	7	0.9518765038592544
simulation/sim_c0.005_s0.005/c0.005_s0.005_gtr/c0.005_s0.005_gtr_base-snps-concat_global	global	0.2	nonrandom_weighted	8	0.9522025537760295
simulation/sim_c0.005_s0.005/c0.005_s0.005_gtr/c0.005_s0.005_gtr_base-snps-concat_global	global	0.2	nonrandom_weighted	9	0.9513489882588059
simulation/sim_c0.005_s0.005/c0.005_s0.005_gtr/c0.005_s0.005_gtr_base-snps-concat_global	global	0.2	nonrandom_weighted	10	0.9568976279650437
simulation/sim_c0.005_s0.005/c0.005_s0.005_gtr/c0.005_s0.005_gtr_base-snps-concat_global	global	0.2	nonrandom_weighted	11	0.9547483069625191
simulation/sim_c0.005_s0.005/c0.005_s0.005_gtr/c0.005_s0.005_gtr_base-snps-concat_global	global	0.2	nonrandom_weighted	12	0.95490600212354
simulation/sim_c0.005_s0.005/c0.005_s0.005_gtr/c0.005_s0.005_gtr_base-snps-concat_global	global	0.2	nonrandom_weighted	13	0.9544560022490863
simulation/sim_c0.005_s0.005/c0.005_s0.005_gtr/c0.005_s0.005_gtr_base-snps-concat_global	global	0.2	nonrandom_weighted	14	0.9521875
simulation/sim_c0.005_s0.005/c0.005_s0.005_gtr/c0.005_s0.005_gtr_base-snps-concat_global	global	0.2	nonrandom_weighted	15	0.9552994096148439
simulation/sim_c0.005_s0.005/c0.005_s0.005_gtr/c0.005_s0.005_gtr_base-snps-concat_global	global	0.2	nonrandom_weighted	16	0.95659375
simulation/sim_c0.005_s0.005/c0.005_s0.005_gtr/c0.005_s0.005_gtr_base-snps-concat_global	global	0.2	nonrandom_weighted	17	0.9535014530795912
simulation/sim_c0.005_s0.005/c0.005_s0.005_gtr/c0.005_s0.005_gtr_base-snps-concat_global	global	0.2	nonrandom_weighted	18	0.956125
simulation/sim_c0.005_s0.005/c0.005_s0.005_gtr/c0.005_s0.005_gtr_base-snps-concat_global	global	0.2	nonrandom_weighted	19	0.9555
simulation/sim_c0.005_s0.005/c0.005_s0.005_gtr/c0.005_s0.005_gtr_base-snps-concat_global	global	0.2	nonrandom_weighted	20	0.9503247158736106
