simulation/sim_c0.004_s0.006/c0.004_s0.006_gtrgamma/c0.004_s0.006_gtrgamma_base-snps-concat_pop	population	0.2	random	1	0.9571763544366284
simulation/sim_c0.004_s0.006/c0.004_s0.006_gtrgamma/c0.004_s0.006_gtrgamma_base-snps-concat_pop	population	0.2	random	2	0.9570880261750456
simulation/sim_c0.004_s0.006/c0.004_s0.006_gtrgamma/c0.004_s0.006_gtrgamma_base-snps-concat_pop	population	0.2	random	3	0.9558962710581109
simulation/sim_c0.004_s0.006/c0.004_s0.006_gtrgamma/c0.004_s0.006_gtrgamma_base-snps-concat_pop	population	0.2	random	4	0.9569658093043533
simulation/sim_c0.004_s0.006/c0.004_s0.006_gtrgamma/c0.004_s0.006_gtrgamma_base-snps-concat_pop	population	0.2	random	5	0.9587007825114893
simulation/sim_c0.004_s0.006/c0.004_s0.006_gtrgamma/c0.004_s0.006_gtrgamma_base-snps-concat_pop	population	0.2	random	6	0.9552936775158998
simulation/sim_c0.004_s0.006/c0.004_s0.006_gtrgamma/c0.004_s0.006_gtrgamma_base-snps-concat_pop	population	0.2	random	7	0.9568783397539455
simulation/sim_c0.004_s0.006/c0.004_s0.006_gtrgamma/c0.004_s0.006_gtrgamma_base-snps-concat_pop	population	0.2	random	8	0.9566542288557214
simulation/sim_c0.004_s0.006/c0.004_s0.006_gtrgamma/c0.004_s0.006_gtrgamma_base-snps-concat_pop	population	0.2	random	9	0.9606416713299758
simulation/sim_c0.004_s0.006/c0.004_s0.006_gtrgamma/c0.004_s0.006_gtrgamma_base-snps-concat_pop	population	0.2	random	10	0.959856052615251
simulation/sim_c0.004_s0.006/c0.004_s0.006_gtrgamma/c0.004_s0.006_gtrgamma_base-snps-concat_pop	population	0.2	random	11	0.9559256244913291
simulation/sim_c0.004_s0.006/c0.004_s0.006_gtrgamma/c0.004_s0.006_gtrgamma_base-snps-concat_pop	population	0.2	random	12	0.9554080290599362
simulation/sim_c0.004_s0.006/c0.004_s0.006_gtrgamma/c0.004_s0.006_gtrgamma_base-snps-concat_pop	population	0.2	random	13	0.9560528110084919
simulation/sim_c0.004_s0.006/c0.004_s0.006_gtrgamma/c0.004_s0.006_gtrgamma_base-snps-concat_pop	population	0.2	random	14	0.9574027603513174
simulation/sim_c0.004_s0.006/c0.004_s0.006_gtrgamma/c0.004_s0.006_gtrgamma_base-snps-concat_pop	population	0.2	random	15	0.9593531468531469
simulation/sim_c0.004_s0.006/c0.004_s0.006_gtrgamma/c0.004_s0.006_gtrgamma_base-snps-concat_pop	population	0.2	random	16	0.9561804697156984
simulation/sim_c0.004_s0.006/c0.004_s0.006_gtrgamma/c0.004_s0.006_gtrgamma_base-snps-concat_pop	population	0.2	random	17	0.958431860609832
simulation/sim_c0.004_s0.006/c0.004_s0.006_gtrgamma/c0.004_s0.006_gtrgamma_base-snps-concat_pop	population	0.2	random	18	0.9602818306522011
simulation/sim_c0.004_s0.006/c0.004_s0.006_gtrgamma/c0.004_s0.006_gtrgamma_base-snps-concat_pop	population	0.2	random	19	0.9558532971103977
simulation/sim_c0.004_s0.006/c0.004_s0.006_gtrgamma/c0.004_s0.006_gtrgamma_base-snps-concat_pop	population	0.2	random	20	0.9554909274830878
simulation/sim_c0.004_s0.006/c0.004_s0.006_gtrgamma/c0.004_s0.006_gtrgamma_base-snps-concat_pop	population	0.2	nonrandom	1	0.957375
simulation/sim_c0.004_s0.006/c0.004_s0.006_gtrgamma/c0.004_s0.006_gtrgamma_base-snps-concat_pop	population	0.2	nonrandom	2	0.9593785099213777
simulation/sim_c0.004_s0.006/c0.004_s0.006_gtrgamma/c0.004_s0.006_gtrgamma_base-snps-concat_pop	population	0.2	nonrandom	3	0.957625
simulation/sim_c0.004_s0.006/c0.004_s0.006_gtrgamma/c0.004_s0.006_gtrgamma_base-snps-concat_pop	population	0.2	nonrandom	4	0.9525029685644647
simulation/sim_c0.004_s0.006/c0.004_s0.006_gtrgamma/c0.004_s0.006_gtrgamma_base-snps-concat_pop	population	0.2	nonrandom	5	0.9536903943503531
simulation/sim_c0.004_s0.006/c0.004_s0.006_gtrgamma/c0.004_s0.006_gtrgamma_base-snps-concat_pop	population	0.2	nonrandom	6	0.960625
simulation/sim_c0.004_s0.006/c0.004_s0.006_gtrgamma/c0.004_s0.006_gtrgamma_base-snps-concat_pop	population	0.2	nonrandom	7	0.965127179551278
simulation/sim_c0.004_s0.006/c0.004_s0.006_gtrgamma/c0.004_s0.006_gtrgamma_base-snps-concat_pop	population	0.2	nonrandom	8	0.9584813914344492
simulation/sim_c0.004_s0.006/c0.004_s0.006_gtrgamma/c0.004_s0.006_gtrgamma_base-snps-concat_pop	population	0.2	nonrandom	9	0.9579401287419537
simulation/sim_c0.004_s0.006/c0.004_s0.006_gtrgamma/c0.004_s0.006_gtrgamma_base-snps-concat_pop	population	0.2	nonrandom	10	0.9548778201362415
simulation/sim_c0.004_s0.006/c0.004_s0.006_gtrgamma/c0.004_s0.006_gtrgamma_base-snps-concat_pop	population	0.2	nonrandom	11	0.9603774764077245
simulation/sim_c0.004_s0.006/c0.004_s0.006_gtrgamma/c0.004_s0.006_gtrgamma_base-snps-concat_pop	population	0.2	nonrandom	12	0.9506219138696168
simulation/sim_c0.004_s0.006/c0.004_s0.006_gtrgamma/c0.004_s0.006_gtrgamma_base-snps-concat_pop	population	0.2	nonrandom	13	0.9609399412536717
simulation/sim_c0.004_s0.006/c0.004_s0.006_gtrgamma/c0.004_s0.006_gtrgamma_base-snps-concat_pop	population	0.2	nonrandom	14	0.9555625
simulation/sim_c0.004_s0.006/c0.004_s0.006_gtrgamma/c0.004_s0.006_gtrgamma_base-snps-concat_pop	population	0.2	nonrandom	15	0.950125
simulation/sim_c0.004_s0.006/c0.004_s0.006_gtrgamma/c0.004_s0.006_gtrgamma_base-snps-concat_pop	population	0.2	nonrandom	16	0.9564402224860946
simulation/sim_c0.004_s0.006/c0.004_s0.006_gtrgamma/c0.004_s0.006_gtrgamma_base-snps-concat_pop	population	0.2	nonrandom	17	0.9566902068620711
simulation/sim_c0.004_s0.006/c0.004_s0.006_gtrgamma/c0.004_s0.006_gtrgamma_base-snps-concat_pop	population	0.2	nonrandom	18	0.9607524529716893
simulation/sim_c0.004_s0.006/c0.004_s0.006_gtrgamma/c0.004_s0.006_gtrgamma_base-snps-concat_pop	population	0.2	nonrandom	19	0.9586224139008688
simulation/sim_c0.004_s0.006/c0.004_s0.006_gtrgamma/c0.004_s0.006_gtrgamma_base-snps-concat_pop	population	0.2	nonrandom	20	0.9506875
simulation/sim_c0.004_s0.006/c0.004_s0.006_gtrgamma/c0.004_s0.006_gtrgamma_base-snps-concat_pop	population	0.2	nonrandom_weighted	1	0.9509405662146115
simulation/sim_c0.004_s0.006/c0.004_s0.006_gtrgamma/c0.004_s0.006_gtrgamma_base-snps-concat_pop	population	0.2	nonrandom_weighted	2	0.954633264784695
simulation/sim_c0.004_s0.006/c0.004_s0.006_gtrgamma/c0.004_s0.006_gtrgamma_base-snps-concat_pop	population	0.2	nonrandom_weighted	3	0.958127617023936
simulation/sim_c0.004_s0.006/c0.004_s0.006_gtrgamma/c0.004_s0.006_gtrgamma_base-snps-concat_pop	population	0.2	nonrandom_weighted	4	0.9523750155840918
simulation/sim_c0.004_s0.006/c0.004_s0.006_gtrgamma/c0.004_s0.006_gtrgamma_base-snps-concat_pop	population	0.2	nonrandom_weighted	5	0.9563152302981064
simulation/sim_c0.004_s0.006/c0.004_s0.006_gtrgamma/c0.004_s0.006_gtrgamma_base-snps-concat_pop	population	0.2	nonrandom_weighted	6	0.9566902068620711
simulation/sim_c0.004_s0.006/c0.004_s0.006_gtrgamma/c0.004_s0.006_gtrgamma_base-snps-concat_pop	population	0.2	nonrandom_weighted	7	0.955125
simulation/sim_c0.004_s0.006/c0.004_s0.006_gtrgamma/c0.004_s0.006_gtrgamma_base-snps-concat_pop	population	0.2	nonrandom_weighted	8	0.9530029373164177
simulation/sim_c0.004_s0.006/c0.004_s0.006_gtrgamma/c0.004_s0.006_gtrgamma_base-snps-concat_pop	population	0.2	nonrandom_weighted	9	0.9490815944020992
simulation/sim_c0.004_s0.006/c0.004_s0.006_gtrgamma/c0.004_s0.006_gtrgamma_base-snps-concat_pop	population	0.2	nonrandom_weighted	10	0.9541875
simulation/sim_c0.004_s0.006/c0.004_s0.006_gtrgamma/c0.004_s0.006_gtrgamma_base-snps-concat_pop	population	0.2	nonrandom_weighted	11	0.9405977584059776
simulation/sim_c0.004_s0.006/c0.004_s0.006_gtrgamma/c0.004_s0.006_gtrgamma_base-snps-concat_pop	population	0.2	nonrandom_weighted	12	0.9546304374922099
simulation/sim_c0.004_s0.006/c0.004_s0.006_gtrgamma/c0.004_s0.006_gtrgamma_base-snps-concat_pop	population	0.2	nonrandom_weighted	13	0.9415844058478071
simulation/sim_c0.004_s0.006/c0.004_s0.006_gtrgamma/c0.004_s0.006_gtrgamma_base-snps-concat_pop	population	0.2	nonrandom_weighted	14	0.9537528904443472
simulation/sim_c0.004_s0.006/c0.004_s0.006_gtrgamma/c0.004_s0.006_gtrgamma_base-snps-concat_pop	population	0.2	nonrandom_weighted	15	0.955
simulation/sim_c0.004_s0.006/c0.004_s0.006_gtrgamma/c0.004_s0.006_gtrgamma_base-snps-concat_pop	population	0.2	nonrandom_weighted	16	0.9591734814907298
simulation/sim_c0.004_s0.006/c0.004_s0.006_gtrgamma/c0.004_s0.006_gtrgamma_base-snps-concat_pop	population	0.2	nonrandom_weighted	17	0.9500249563264288
simulation/sim_c0.004_s0.006/c0.004_s0.006_gtrgamma/c0.004_s0.006_gtrgamma_base-snps-concat_pop	population	0.2	nonrandom_weighted	18	0.9494343396462279
simulation/sim_c0.004_s0.006/c0.004_s0.006_gtrgamma/c0.004_s0.006_gtrgamma_base-snps-concat_pop	population	0.2	nonrandom_weighted	19	0.9541290121533188
simulation/sim_c0.004_s0.006/c0.004_s0.006_gtrgamma/c0.004_s0.006_gtrgamma_base-snps-concat_pop	population	0.2	nonrandom_weighted	20	0.9610649334416599
