simulation/sim_c0.007_s0.003/c0.007_s0.003_gtrgamma/c0.007_s0.003_gtrgamma_base-snps-concat_popWrong	population2	0.2	random	1	0.9720165641862216
simulation/sim_c0.007_s0.003/c0.007_s0.003_gtrgamma/c0.007_s0.003_gtrgamma_base-snps-concat_popWrong	population2	0.2	random	2	0.9719416386083053
simulation/sim_c0.007_s0.003/c0.007_s0.003_gtrgamma/c0.007_s0.003_gtrgamma_base-snps-concat_popWrong	population2	0.2	random	3	0.9699950199203188
simulation/sim_c0.007_s0.003/c0.007_s0.003_gtrgamma/c0.007_s0.003_gtrgamma_base-snps-concat_popWrong	population2	0.2	random	4	0.9728796534622387
simulation/sim_c0.007_s0.003/c0.007_s0.003_gtrgamma/c0.007_s0.003_gtrgamma_base-snps-concat_popWrong	population2	0.2	random	5	0.9691361858038875
simulation/sim_c0.007_s0.003/c0.007_s0.003_gtrgamma/c0.007_s0.003_gtrgamma_base-snps-concat_popWrong	population2	0.2	random	6	0.9709408146613946
simulation/sim_c0.007_s0.003/c0.007_s0.003_gtrgamma/c0.007_s0.003_gtrgamma_base-snps-concat_popWrong	population2	0.2	random	7	0.9705900601848979
simulation/sim_c0.007_s0.003/c0.007_s0.003_gtrgamma/c0.007_s0.003_gtrgamma_base-snps-concat_popWrong	population2	0.2	random	8	0.9698191670342133
simulation/sim_c0.007_s0.003/c0.007_s0.003_gtrgamma/c0.007_s0.003_gtrgamma_base-snps-concat_popWrong	population2	0.2	random	9	0.9705016596730757
simulation/sim_c0.007_s0.003/c0.007_s0.003_gtrgamma/c0.007_s0.003_gtrgamma_base-snps-concat_popWrong	population2	0.2	random	10	0.970520697573388
simulation/sim_c0.007_s0.003/c0.007_s0.003_gtrgamma/c0.007_s0.003_gtrgamma_base-snps-concat_popWrong	population2	0.2	random	11	0.9712426402231175
simulation/sim_c0.007_s0.003/c0.007_s0.003_gtrgamma/c0.007_s0.003_gtrgamma_base-snps-concat_popWrong	population2	0.2	random	12	0.9713339995003747
simulation/sim_c0.007_s0.003/c0.007_s0.003_gtrgamma/c0.007_s0.003_gtrgamma_base-snps-concat_popWrong	population2	0.2	random	13	0.968895800933126
simulation/sim_c0.007_s0.003/c0.007_s0.003_gtrgamma/c0.007_s0.003_gtrgamma_base-snps-concat_popWrong	population2	0.2	random	14	0.9717686650878724
simulation/sim_c0.007_s0.003/c0.007_s0.003_gtrgamma/c0.007_s0.003_gtrgamma_base-snps-concat_popWrong	population2	0.2	random	15	0.9699229116643499
simulation/sim_c0.007_s0.003/c0.007_s0.003_gtrgamma/c0.007_s0.003_gtrgamma_base-snps-concat_popWrong	population2	0.2	random	16	0.9711425570042638
simulation/sim_c0.007_s0.003/c0.007_s0.003_gtrgamma/c0.007_s0.003_gtrgamma_base-snps-concat_popWrong	population2	0.2	random	17	0.9700049887752556
simulation/sim_c0.007_s0.003/c0.007_s0.003_gtrgamma/c0.007_s0.003_gtrgamma_base-snps-concat_popWrong	population2	0.2	random	18	0.9680577652674092
simulation/sim_c0.007_s0.003/c0.007_s0.003_gtrgamma/c0.007_s0.003_gtrgamma_base-snps-concat_popWrong	population2	0.2	random	19	0.9732895389191869
simulation/sim_c0.007_s0.003/c0.007_s0.003_gtrgamma/c0.007_s0.003_gtrgamma_base-snps-concat_popWrong	population2	0.2	random	20	0.9699487692115457
simulation/sim_c0.007_s0.003/c0.007_s0.003_gtrgamma/c0.007_s0.003_gtrgamma_base-snps-concat_popWrong	population2	0.2	nonrandom	1	0.9706231639477467
simulation/sim_c0.007_s0.003/c0.007_s0.003_gtrgamma/c0.007_s0.003_gtrgamma_base-snps-concat_popWrong	population2	0.2	nonrandom	2	0.9647522029873133
simulation/sim_c0.007_s0.003/c0.007_s0.003_gtrgamma/c0.007_s0.003_gtrgamma_base-snps-concat_popWrong	population2	0.2	nonrandom	3	0.9583776013999125
simulation/sim_c0.007_s0.003/c0.007_s0.003_gtrgamma/c0.007_s0.003_gtrgamma_base-snps-concat_popWrong	population2	0.2	nonrandom	4	0.9660382070171057
simulation/sim_c0.007_s0.003/c0.007_s0.003_gtrgamma/c0.007_s0.003_gtrgamma_base-snps-concat_popWrong	population2	0.2	nonrandom	5	0.9656853553347085
simulation/sim_c0.007_s0.003/c0.007_s0.003_gtrgamma/c0.007_s0.003_gtrgamma_base-snps-concat_popWrong	population2	0.2	nonrandom	6	0.9701268670708081
simulation/sim_c0.007_s0.003/c0.007_s0.003_gtrgamma/c0.007_s0.003_gtrgamma_base-snps-concat_popWrong	population2	0.2	nonrandom	7	0.9692519217548903
simulation/sim_c0.007_s0.003/c0.007_s0.003_gtrgamma/c0.007_s0.003_gtrgamma_base-snps-concat_popWrong	population2	0.2	nonrandom	8	0.9716892694206613
simulation/sim_c0.007_s0.003/c0.007_s0.003_gtrgamma/c0.007_s0.003_gtrgamma_base-snps-concat_popWrong	population2	0.2	nonrandom	9	0.9729391913005437
simulation/sim_c0.007_s0.003/c0.007_s0.003_gtrgamma/c0.007_s0.003_gtrgamma_base-snps-concat_popWrong	population2	0.2	nonrandom	10	0.971773942301701
simulation/sim_c0.007_s0.003/c0.007_s0.003_gtrgamma/c0.007_s0.003_gtrgamma_base-snps-concat_popWrong	population2	0.2	nonrandom	11	0.9719497719747611
simulation/sim_c0.007_s0.003/c0.007_s0.003_gtrgamma/c0.007_s0.003_gtrgamma_base-snps-concat_popWrong	population2	0.2	nonrandom	12	0.9671895506530842
simulation/sim_c0.007_s0.003/c0.007_s0.003_gtrgamma/c0.007_s0.003_gtrgamma_base-snps-concat_popWrong	population2	0.2	nonrandom	13	0.9728766952065496
simulation/sim_c0.007_s0.003/c0.007_s0.003_gtrgamma/c0.007_s0.003_gtrgamma_base-snps-concat_popWrong	population2	0.2	nonrandom	14	0.9709375
simulation/sim_c0.007_s0.003/c0.007_s0.003_gtrgamma/c0.007_s0.003_gtrgamma_base-snps-concat_popWrong	population2	0.2	nonrandom	15	0.9655537560732528
simulation/sim_c0.007_s0.003/c0.007_s0.003_gtrgamma/c0.007_s0.003_gtrgamma_base-snps-concat_popWrong	population2	0.2	nonrandom	16	0.9697481092568285
simulation/sim_c0.007_s0.003/c0.007_s0.003_gtrgamma/c0.007_s0.003_gtrgamma_base-snps-concat_popWrong	population2	0.2	nonrandom	17	0.9709393162927317
simulation/sim_c0.007_s0.003/c0.007_s0.003_gtrgamma/c0.007_s0.003_gtrgamma_base-snps-concat_popWrong	population2	0.2	nonrandom	18	0.9686778561178012
simulation/sim_c0.007_s0.003/c0.007_s0.003_gtrgamma/c0.007_s0.003_gtrgamma_base-snps-concat_popWrong	population2	0.2	nonrandom	19	0.9604399725017186
simulation/sim_c0.007_s0.003/c0.007_s0.003_gtrgamma/c0.007_s0.003_gtrgamma_base-snps-concat_popWrong	population2	0.2	nonrandom	20	0.9717482342646415
simulation/sim_c0.007_s0.003/c0.007_s0.003_gtrgamma/c0.007_s0.003_gtrgamma_base-snps-concat_popWrong	population2	0.2	nonrandom_weighted	1	0.9656228514282142
simulation/sim_c0.007_s0.003/c0.007_s0.003_gtrgamma/c0.007_s0.003_gtrgamma_base-snps-concat_popWrong	population2	0.2	nonrandom_weighted	2	0.9701231326957935
simulation/sim_c0.007_s0.003/c0.007_s0.003_gtrgamma/c0.007_s0.003_gtrgamma_base-snps-concat_popWrong	population2	0.2	nonrandom_weighted	3	0.9725830627029728
simulation/sim_c0.007_s0.003/c0.007_s0.003_gtrgamma/c0.007_s0.003_gtrgamma_base-snps-concat_popWrong	population2	0.2	nonrandom_weighted	4	0.9701949512621845
simulation/sim_c0.007_s0.003/c0.007_s0.003_gtrgamma/c0.007_s0.003_gtrgamma_base-snps-concat_popWrong	population2	0.2	nonrandom_weighted	5	0.9745609100568785
simulation/sim_c0.007_s0.003/c0.007_s0.003_gtrgamma/c0.007_s0.003_gtrgamma_base-snps-concat_popWrong	population2	0.2	nonrandom_weighted	6	0.9670226719130598
simulation/sim_c0.007_s0.003/c0.007_s0.003_gtrgamma/c0.007_s0.003_gtrgamma_base-snps-concat_popWrong	population2	0.2	nonrandom_weighted	7	0.9736891444284732
simulation/sim_c0.007_s0.003/c0.007_s0.003_gtrgamma/c0.007_s0.003_gtrgamma_base-snps-concat_popWrong	population2	0.2	nonrandom_weighted	8	0.9683895504707276
simulation/sim_c0.007_s0.003/c0.007_s0.003_gtrgamma/c0.007_s0.003_gtrgamma_base-snps-concat_popWrong	population2	0.2	nonrandom_weighted	9	0.9654396600212487
simulation/sim_c0.007_s0.003/c0.007_s0.003_gtrgamma/c0.007_s0.003_gtrgamma_base-snps-concat_popWrong	population2	0.2	nonrandom_weighted	10	0.9697481092568285
simulation/sim_c0.007_s0.003/c0.007_s0.003_gtrgamma/c0.007_s0.003_gtrgamma_base-snps-concat_popWrong	population2	0.2	nonrandom_weighted	11	0.9741379310344828
simulation/sim_c0.007_s0.003/c0.007_s0.003_gtrgamma/c0.007_s0.003_gtrgamma_base-snps-concat_popWrong	population2	0.2	nonrandom_weighted	12	0.9692672871509775
simulation/sim_c0.007_s0.003/c0.007_s0.003_gtrgamma/c0.007_s0.003_gtrgamma_base-snps-concat_popWrong	population2	0.2	nonrandom_weighted	13	0.9722517342666084
simulation/sim_c0.007_s0.003/c0.007_s0.003_gtrgamma/c0.007_s0.003_gtrgamma_base-snps-concat_popWrong	population2	0.2	nonrandom_weighted	14	0.967125
simulation/sim_c0.007_s0.003/c0.007_s0.003_gtrgamma/c0.007_s0.003_gtrgamma_base-snps-concat_popWrong	population2	0.2	nonrandom_weighted	15	0.9650205761316872
simulation/sim_c0.007_s0.003/c0.007_s0.003_gtrgamma/c0.007_s0.003_gtrgamma_base-snps-concat_popWrong	population2	0.2	nonrandom_weighted	16	0.9709356834802175
simulation/sim_c0.007_s0.003/c0.007_s0.003_gtrgamma/c0.007_s0.003_gtrgamma_base-snps-concat_popWrong	population2	0.2	nonrandom_weighted	17	0.9739391288044498
simulation/sim_c0.007_s0.003/c0.007_s0.003_gtrgamma/c0.007_s0.003_gtrgamma_base-snps-concat_popWrong	population2	0.2	nonrandom_weighted	18	0.9715
simulation/sim_c0.007_s0.003/c0.007_s0.003_gtrgamma/c0.007_s0.003_gtrgamma_base-snps-concat_popWrong	population2	0.2	nonrandom_weighted	19	0.9698768826948315
simulation/sim_c0.007_s0.003/c0.007_s0.003_gtrgamma/c0.007_s0.003_gtrgamma_base-snps-concat_popWrong	population2	0.2	nonrandom_weighted	20	0.9678729920620038
