simulation/sim_c0.009_s0.001/c0.009_s0.001_gtr/c0.009_s0.001_gtr_base-snps-concat_popWrong	population2	0.2	random	1	0.9732534804966763
simulation/sim_c0.009_s0.001/c0.009_s0.001_gtr/c0.009_s0.001_gtr_base-snps-concat_popWrong	population2	0.2	random	2	0.9736256851996867
simulation/sim_c0.009_s0.001/c0.009_s0.001_gtr/c0.009_s0.001_gtr_base-snps-concat_popWrong	population2	0.2	random	3	0.9738123478369436
simulation/sim_c0.009_s0.001/c0.009_s0.001_gtr/c0.009_s0.001_gtr_base-snps-concat_popWrong	population2	0.2	random	4	0.9743244933700275
simulation/sim_c0.009_s0.001/c0.009_s0.001_gtr/c0.009_s0.001_gtr_base-snps-concat_popWrong	population2	0.2	random	5	0.9746650046743534
simulation/sim_c0.009_s0.001/c0.009_s0.001_gtr/c0.009_s0.001_gtr_base-snps-concat_popWrong	population2	0.2	random	6	0.9747623108752645
simulation/sim_c0.009_s0.001/c0.009_s0.001_gtr/c0.009_s0.001_gtr_base-snps-concat_popWrong	population2	0.2	random	7	0.9747103525601096
simulation/sim_c0.009_s0.001/c0.009_s0.001_gtr/c0.009_s0.001_gtr_base-snps-concat_popWrong	population2	0.2	random	8	0.974713429219347
simulation/sim_c0.009_s0.001/c0.009_s0.001_gtr/c0.009_s0.001_gtr_base-snps-concat_popWrong	population2	0.2	random	9	0.9723382209802506
simulation/sim_c0.009_s0.001/c0.009_s0.001_gtr/c0.009_s0.001_gtr_base-snps-concat_popWrong	population2	0.2	random	10	0.975659924580048
simulation/sim_c0.009_s0.001/c0.009_s0.001_gtr/c0.009_s0.001_gtr_base-snps-concat_popWrong	population2	0.2	random	11	0.9735182454268771
simulation/sim_c0.009_s0.001/c0.009_s0.001_gtr/c0.009_s0.001_gtr_base-snps-concat_popWrong	population2	0.2	random	12	0.9738216620273356
simulation/sim_c0.009_s0.001/c0.009_s0.001_gtr/c0.009_s0.001_gtr_base-snps-concat_popWrong	population2	0.2	random	13	0.9744369299497425
simulation/sim_c0.009_s0.001/c0.009_s0.001_gtr/c0.009_s0.001_gtr_base-snps-concat_popWrong	population2	0.2	random	14	0.973546457281735
simulation/sim_c0.009_s0.001/c0.009_s0.001_gtr/c0.009_s0.001_gtr_base-snps-concat_popWrong	population2	0.2	random	15	0.9742919389978214
simulation/sim_c0.009_s0.001/c0.009_s0.001_gtr/c0.009_s0.001_gtr_base-snps-concat_popWrong	population2	0.2	random	16	0.9752102148863282
simulation/sim_c0.009_s0.001/c0.009_s0.001_gtr/c0.009_s0.001_gtr_base-snps-concat_popWrong	population2	0.2	random	17	0.973314650474856
simulation/sim_c0.009_s0.001/c0.009_s0.001_gtr/c0.009_s0.001_gtr_base-snps-concat_popWrong	population2	0.2	random	18	0.9744274927756891
simulation/sim_c0.009_s0.001/c0.009_s0.001_gtr/c0.009_s0.001_gtr_base-snps-concat_popWrong	population2	0.2	random	19	0.9743421873051503
simulation/sim_c0.009_s0.001/c0.009_s0.001_gtr/c0.009_s0.001_gtr_base-snps-concat_popWrong	population2	0.2	random	20	0.9736597458940192
simulation/sim_c0.009_s0.001/c0.009_s0.001_gtr/c0.009_s0.001_gtr_base-snps-concat_popWrong	population2	0.2	nonrandom	1	0.9675635136401988
simulation/sim_c0.009_s0.001/c0.009_s0.001_gtr/c0.009_s0.001_gtr_base-snps-concat_popWrong	population2	0.2	nonrandom	2	0.9710625
simulation/sim_c0.009_s0.001/c0.009_s0.001_gtr/c0.009_s0.001_gtr_base-snps-concat_popWrong	population2	0.2	nonrandom	3	0.9704375
simulation/sim_c0.009_s0.001/c0.009_s0.001_gtr/c0.009_s0.001_gtr_base-snps-concat_popWrong	population2	0.2	nonrandom	4	0.9762863115853849
simulation/sim_c0.009_s0.001/c0.009_s0.001_gtr/c0.009_s0.001_gtr_base-snps-concat_popWrong	population2	0.2	nonrandom	5	0.9739383144276741
simulation/sim_c0.009_s0.001/c0.009_s0.001_gtr/c0.009_s0.001_gtr_base-snps-concat_popWrong	population2	0.2	nonrandom	6	0.972448438328809
simulation/sim_c0.009_s0.001/c0.009_s0.001_gtr/c0.009_s0.001_gtr_base-snps-concat_popWrong	population2	0.2	nonrandom	7	0.971375
simulation/sim_c0.009_s0.001/c0.009_s0.001_gtr/c0.009_s0.001_gtr_base-snps-concat_popWrong	population2	0.2	nonrandom	8	0.9696506073000906
simulation/sim_c0.009_s0.001/c0.009_s0.001_gtr/c0.009_s0.001_gtr_base-snps-concat_popWrong	population2	0.2	nonrandom	9	0.9720946220430612
simulation/sim_c0.009_s0.001/c0.009_s0.001_gtr/c0.009_s0.001_gtr_base-snps-concat_popWrong	population2	0.2	nonrandom	10	0.9724372580846548
simulation/sim_c0.009_s0.001/c0.009_s0.001_gtr/c0.009_s0.001_gtr_base-snps-concat_popWrong	population2	0.2	nonrandom	11	0.9715946376675729
simulation/sim_c0.009_s0.001/c0.009_s0.001_gtr/c0.009_s0.001_gtr_base-snps-concat_popWrong	population2	0.2	nonrandom	12	0.9767856026994939
simulation/sim_c0.009_s0.001/c0.009_s0.001_gtr/c0.009_s0.001_gtr_base-snps-concat_popWrong	population2	0.2	nonrandom	13	0.9708756048072421
simulation/sim_c0.009_s0.001/c0.009_s0.001_gtr/c0.009_s0.001_gtr_base-snps-concat_popWrong	population2	0.2	nonrandom	14	0.9749070341551827
simulation/sim_c0.009_s0.001/c0.009_s0.001_gtr/c0.009_s0.001_gtr_base-snps-concat_popWrong	population2	0.2	nonrandom	15	0.9741883066154182
simulation/sim_c0.009_s0.001/c0.009_s0.001_gtr/c0.009_s0.001_gtr_base-snps-concat_popWrong	population2	0.2	nonrandom	16	0.9725659292588427
simulation/sim_c0.009_s0.001/c0.009_s0.001_gtr/c0.009_s0.001_gtr_base-snps-concat_popWrong	population2	0.2	nonrandom	17	0.9724696103246774
simulation/sim_c0.009_s0.001/c0.009_s0.001_gtr/c0.009_s0.001_gtr_base-snps-concat_popWrong	population2	0.2	nonrandom	18	0.9746882909909065
simulation/sim_c0.009_s0.001/c0.009_s0.001_gtr/c0.009_s0.001_gtr_base-snps-concat_popWrong	population2	0.2	nonrandom	19	0.9713732713139575
simulation/sim_c0.009_s0.001/c0.009_s0.001_gtr/c0.009_s0.001_gtr_base-snps-concat_popWrong	population2	0.2	nonrandom	20	0.9714383925502328
simulation/sim_c0.009_s0.001/c0.009_s0.001_gtr/c0.009_s0.001_gtr_base-snps-concat_popWrong	population2	0.2	nonrandom_weighted	1	0.9733758320052498
simulation/sim_c0.009_s0.001/c0.009_s0.001_gtr/c0.009_s0.001_gtr_base-snps-concat_popWrong	population2	0.2	nonrandom_weighted	2	0.9722196181369333
simulation/sim_c0.009_s0.001/c0.009_s0.001_gtr/c0.009_s0.001_gtr_base-snps-concat_popWrong	population2	0.2	nonrandom_weighted	3	0.971750882784913
simulation/sim_c0.009_s0.001/c0.009_s0.001_gtr/c0.009_s0.001_gtr_base-snps-concat_popWrong	population2	0.2	nonrandom_weighted	4	0.9745151316405885
simulation/sim_c0.009_s0.001/c0.009_s0.001_gtr/c0.009_s0.001_gtr_base-snps-concat_popWrong	population2	0.2	nonrandom_weighted	5	0.9727712724434036
simulation/sim_c0.009_s0.001/c0.009_s0.001_gtr/c0.009_s0.001_gtr_base-snps-concat_popWrong	population2	0.2	nonrandom_weighted	6	0.9723446142308053
simulation/sim_c0.009_s0.001/c0.009_s0.001_gtr/c0.009_s0.001_gtr_base-snps-concat_popWrong	population2	0.2	nonrandom_weighted	7	0.97296875
simulation/sim_c0.009_s0.001/c0.009_s0.001_gtr/c0.009_s0.001_gtr_base-snps-concat_popWrong	population2	0.2	nonrandom_weighted	8	0.9733541341653666
simulation/sim_c0.009_s0.001/c0.009_s0.001_gtr/c0.009_s0.001_gtr_base-snps-concat_popWrong	population2	0.2	nonrandom_weighted	9	0.97353125
simulation/sim_c0.009_s0.001/c0.009_s0.001_gtr/c0.009_s0.001_gtr_base-snps-concat_popWrong	population2	0.2	nonrandom_weighted	10	0.97525
simulation/sim_c0.009_s0.001/c0.009_s0.001_gtr/c0.009_s0.001_gtr_base-snps-concat_popWrong	population2	0.2	nonrandom_weighted	11	0.9726571044654855
simulation/sim_c0.009_s0.001/c0.009_s0.001_gtr/c0.009_s0.001_gtr_base-snps-concat_popWrong	population2	0.2	nonrandom_weighted	12	0.975168455203394
simulation/sim_c0.009_s0.001/c0.009_s0.001_gtr/c0.009_s0.001_gtr_base-snps-concat_popWrong	population2	0.2	nonrandom_weighted	13	0.97296875
simulation/sim_c0.009_s0.001/c0.009_s0.001_gtr/c0.009_s0.001_gtr_base-snps-concat_popWrong	population2	0.2	nonrandom_weighted	14	0.9743029319012083
simulation/sim_c0.009_s0.001/c0.009_s0.001_gtr/c0.009_s0.001_gtr_base-snps-concat_popWrong	population2	0.2	nonrandom_weighted	15	0.97352068696331
simulation/sim_c0.009_s0.001/c0.009_s0.001_gtr/c0.009_s0.001_gtr_base-snps-concat_popWrong	population2	0.2	nonrandom_weighted	16	0.9750945282959907
simulation/sim_c0.009_s0.001/c0.009_s0.001_gtr/c0.009_s0.001_gtr_base-snps-concat_popWrong	population2	0.2	nonrandom_weighted	17	0.9721953200662313
simulation/sim_c0.009_s0.001/c0.009_s0.001_gtr/c0.009_s0.001_gtr_base-snps-concat_popWrong	population2	0.2	nonrandom_weighted	18	0.9730320927471017
simulation/sim_c0.009_s0.001/c0.009_s0.001_gtr/c0.009_s0.001_gtr_base-snps-concat_popWrong	population2	0.2	nonrandom_weighted	19	0.97409375
simulation/sim_c0.009_s0.001/c0.009_s0.001_gtr/c0.009_s0.001_gtr_base-snps-concat_popWrong	population2	0.2	nonrandom_weighted	20	0.9710634042686166
