simulation/sim_c0.002_s0.008/c0.002_s0.008_gtr/c0.002_s0.008_gtr_base-snps-concat_phyloq	phyloq	0.2	random	1	0.9982858567599576
simulation/sim_c0.002_s0.008/c0.002_s0.008_gtr/c0.002_s0.008_gtr_base-snps-concat_phyloq	phyloq	0.2	random	2	0.9985367827900751
simulation/sim_c0.002_s0.008/c0.002_s0.008_gtr/c0.002_s0.008_gtr_base-snps-concat_phyloq	phyloq	0.2	random	3	0.9986791206717615
simulation/sim_c0.002_s0.008/c0.002_s0.008_gtr/c0.002_s0.008_gtr_base-snps-concat_phyloq	phyloq	0.2	random	4	0.9979893182532202
simulation/sim_c0.002_s0.008/c0.002_s0.008_gtr/c0.002_s0.008_gtr_base-snps-concat_phyloq	phyloq	0.2	random	5	0.9984591679506933
simulation/sim_c0.002_s0.008/c0.002_s0.008_gtr/c0.002_s0.008_gtr_base-snps-concat_phyloq	phyloq	0.2	random	6	0.9985572248533702
simulation/sim_c0.002_s0.008/c0.002_s0.008_gtr/c0.002_s0.008_gtr_base-snps-concat_phyloq	phyloq	0.2	random	7	0.9987068693622658
simulation/sim_c0.002_s0.008/c0.002_s0.008_gtr/c0.002_s0.008_gtr_base-snps-concat_phyloq	phyloq	0.2	random	8	0.9984792526613079
simulation/sim_c0.002_s0.008/c0.002_s0.008_gtr/c0.002_s0.008_gtr_base-snps-concat_phyloq	phyloq	0.2	random	9	0.9985285830567905
simulation/sim_c0.002_s0.008/c0.002_s0.008_gtr/c0.002_s0.008_gtr_base-snps-concat_phyloq	phyloq	0.2	random	10	0.9986768319576587
simulation/sim_c0.002_s0.008/c0.002_s0.008_gtr/c0.002_s0.008_gtr_base-snps-concat_phyloq	phyloq	0.2	random	11	0.9985522754453326
simulation/sim_c0.002_s0.008/c0.002_s0.008_gtr/c0.002_s0.008_gtr_base-snps-concat_phyloq	phyloq	0.2	random	12	0.9984465778109175
simulation/sim_c0.002_s0.008/c0.002_s0.008_gtr/c0.002_s0.008_gtr_base-snps-concat_phyloq	phyloq	0.2	random	13	0.9983023138832998
simulation/sim_c0.002_s0.008/c0.002_s0.008_gtr/c0.002_s0.008_gtr_base-snps-concat_phyloq	phyloq	0.2	random	14	0.9986219855934857
simulation/sim_c0.002_s0.008/c0.002_s0.008_gtr/c0.002_s0.008_gtr_base-snps-concat_phyloq	phyloq	0.2	random	15	0.9985620056894557
simulation/sim_c0.002_s0.008/c0.002_s0.008_gtr/c0.002_s0.008_gtr_base-snps-concat_phyloq	phyloq	0.2	random	16	0.9984189723320158
simulation/sim_c0.002_s0.008/c0.002_s0.008_gtr/c0.002_s0.008_gtr_base-snps-concat_phyloq	phyloq	0.2	random	17	0.9985508159536262
simulation/sim_c0.002_s0.008/c0.002_s0.008_gtr/c0.002_s0.008_gtr_base-snps-concat_phyloq	phyloq	0.2	random	18	0.9982710383200779
simulation/sim_c0.002_s0.008/c0.002_s0.008_gtr/c0.002_s0.008_gtr_base-snps-concat_phyloq	phyloq	0.2	random	19	0.9984220658314135
simulation/sim_c0.002_s0.008/c0.002_s0.008_gtr/c0.002_s0.008_gtr_base-snps-concat_phyloq	phyloq	0.2	random	20	0.9983940042826552
simulation/sim_c0.002_s0.008/c0.002_s0.008_gtr/c0.002_s0.008_gtr_base-snps-concat_phyloq	phyloq	0.2	nonrandom	1	0.9974912979397285
simulation/sim_c0.002_s0.008/c0.002_s0.008_gtr/c0.002_s0.008_gtr_base-snps-concat_phyloq	phyloq	0.2	nonrandom	2	0.9997804885697262
simulation/sim_c0.002_s0.008/c0.002_s0.008_gtr/c0.002_s0.008_gtr_base-snps-concat_phyloq	phyloq	0.2	nonrandom	3	0.9974320430915696
simulation/sim_c0.002_s0.008/c0.002_s0.008_gtr/c0.002_s0.008_gtr_base-snps-concat_phyloq	phyloq	0.2	nonrandom	4	0.999843206121233
simulation/sim_c0.002_s0.008/c0.002_s0.008_gtr/c0.002_s0.008_gtr_base-snps-concat_phyloq	phyloq	0.2	nonrandom	5	0.9975540154912352
simulation/sim_c0.002_s0.008/c0.002_s0.008_gtr/c0.002_s0.008_gtr_base-snps-concat_phyloq	phyloq	0.2	nonrandom	6	0.9972404277337013
simulation/sim_c0.002_s0.008/c0.002_s0.008_gtr/c0.002_s0.008_gtr_base-snps-concat_phyloq	phyloq	0.2	nonrandom	7	0.9996236946909592
simulation/sim_c0.002_s0.008/c0.002_s0.008_gtr/c0.002_s0.008_gtr_base-snps-concat_phyloq	phyloq	0.2	nonrandom	8	0.9988726395891397
simulation/sim_c0.002_s0.008/c0.002_s0.008_gtr/c0.002_s0.008_gtr_base-snps-concat_phyloq	phyloq	0.2	nonrandom	9	0.9969897463234141
simulation/sim_c0.002_s0.008/c0.002_s0.008_gtr/c0.002_s0.008_gtr_base-snps-concat_phyloq	phyloq	0.2	nonrandom	10	0.999498416878272
simulation/sim_c0.002_s0.008/c0.002_s0.008_gtr/c0.002_s0.008_gtr_base-snps-concat_phyloq	phyloq	0.2	nonrandom	11	0.999686412242466
simulation/sim_c0.002_s0.008/c0.002_s0.008_gtr/c0.002_s0.008_gtr_base-snps-concat_phyloq	phyloq	0.2	nonrandom	12	0.9990915071582971
simulation/sim_c0.002_s0.008/c0.002_s0.008_gtr/c0.002_s0.008_gtr_base-snps-concat_phyloq	phyloq	0.2	nonrandom	13	0.9996237418869345
simulation/sim_c0.002_s0.008/c0.002_s0.008_gtr/c0.002_s0.008_gtr_base-snps-concat_phyloq	phyloq	0.2	nonrandom	14	0.9974285803882217
simulation/sim_c0.002_s0.008/c0.002_s0.008_gtr/c0.002_s0.008_gtr_base-snps-concat_phyloq	phyloq	0.2	nonrandom	15	0.995206616748645
simulation/sim_c0.002_s0.008/c0.002_s0.008_gtr/c0.002_s0.008_gtr_base-snps-concat_phyloq	phyloq	0.2	nonrandom	16	0.9958920003763053
simulation/sim_c0.002_s0.008/c0.002_s0.008_gtr/c0.002_s0.008_gtr_base-snps-concat_phyloq	phyloq	0.2	nonrandom	17	0.9997806811417113
simulation/sim_c0.002_s0.008/c0.002_s0.008_gtr/c0.002_s0.008_gtr_base-snps-concat_phyloq	phyloq	0.2	nonrandom	18	0.9975568502161248
simulation/sim_c0.002_s0.008/c0.002_s0.008_gtr/c0.002_s0.008_gtr_base-snps-concat_phyloq	phyloq	0.2	nonrandom	19	0.9996550426492724
simulation/sim_c0.002_s0.008/c0.002_s0.008_gtr/c0.002_s0.008_gtr_base-snps-concat_phyloq	phyloq	0.2	nonrandom	20	0.9994669008121922
simulation/sim_c0.002_s0.008/c0.002_s0.008_gtr/c0.002_s0.008_gtr_base-snps-concat_phyloq	phyloq	0.2	nonrandom_weighted	1	0.9984013040343563
simulation/sim_c0.002_s0.008/c0.002_s0.008_gtr/c0.002_s0.008_gtr_base-snps-concat_phyloq	phyloq	0.2	nonrandom_weighted	2	0.9992473893819185
simulation/sim_c0.002_s0.008/c0.002_s0.008_gtr/c0.002_s0.008_gtr_base-snps-concat_phyloq	phyloq	0.2	nonrandom_weighted	3	0.9995610734888387
simulation/sim_c0.002_s0.008/c0.002_s0.008_gtr/c0.002_s0.008_gtr_base-snps-concat_phyloq	phyloq	0.2	nonrandom_weighted	4	0.9979616795760293
simulation/sim_c0.002_s0.008/c0.002_s0.008_gtr/c0.002_s0.008_gtr_base-snps-concat_phyloq	phyloq	0.2	nonrandom_weighted	5	0.9978989620245226
simulation/sim_c0.002_s0.008/c0.002_s0.008_gtr/c0.002_s0.008_gtr_base-snps-concat_phyloq	phyloq	0.2	nonrandom_weighted	6	0.9981184734547963
simulation/sim_c0.002_s0.008/c0.002_s0.008_gtr/c0.002_s0.008_gtr_base-snps-concat_phyloq	phyloq	0.2	nonrandom_weighted	7	0.9996236946909592
simulation/sim_c0.002_s0.008/c0.002_s0.008_gtr/c0.002_s0.008_gtr_base-snps-concat_phyloq	phyloq	0.2	nonrandom_weighted	8	0.9978989620245226
simulation/sim_c0.002_s0.008/c0.002_s0.008_gtr/c0.002_s0.008_gtr_base-snps-concat_phyloq	phyloq	0.2	nonrandom_weighted	9	0.9955840901973066
simulation/sim_c0.002_s0.008/c0.002_s0.008_gtr/c0.002_s0.008_gtr_base-snps-concat_phyloq	phyloq	0.2	nonrandom_weighted	10	0.9999059236727398
simulation/sim_c0.002_s0.008/c0.002_s0.008_gtr/c0.002_s0.008_gtr_base-snps-concat_phyloq	phyloq	0.2	nonrandom_weighted	11	0.9985888108379327
simulation/sim_c0.002_s0.008/c0.002_s0.008_gtr/c0.002_s0.008_gtr_base-snps-concat_phyloq	phyloq	0.2	nonrandom_weighted	12	0.9979930383517828
simulation/sim_c0.002_s0.008/c0.002_s0.008_gtr/c0.002_s0.008_gtr_base-snps-concat_phyloq	phyloq	0.2	nonrandom_weighted	13	0.9986202138668506
simulation/sim_c0.002_s0.008/c0.002_s0.008_gtr/c0.002_s0.008_gtr_base-snps-concat_phyloq	phyloq	0.2	nonrandom_weighted	14	0.9978998181932167
simulation/sim_c0.002_s0.008/c0.002_s0.008_gtr/c0.002_s0.008_gtr_base-snps-concat_phyloq	phyloq	0.2	nonrandom_weighted	15	0.9974912979397285
simulation/sim_c0.002_s0.008/c0.002_s0.008_gtr/c0.002_s0.008_gtr_base-snps-concat_phyloq	phyloq	0.2	nonrandom_weighted	16	0.9992164974301115
simulation/sim_c0.002_s0.008/c0.002_s0.008_gtr/c0.002_s0.008_gtr_base-snps-concat_phyloq	phyloq	0.2	nonrandom_weighted	17	0.9998745648969865
simulation/sim_c0.002_s0.008/c0.002_s0.008_gtr/c0.002_s0.008_gtr_base-snps-concat_phyloq	phyloq	0.2	nonrandom_weighted	18	0.9985574963153439
simulation/sim_c0.002_s0.008/c0.002_s0.008_gtr/c0.002_s0.008_gtr_base-snps-concat_phyloq	phyloq	0.2	nonrandom_weighted	19	0.9978362444730158
simulation/sim_c0.002_s0.008/c0.002_s0.008_gtr/c0.002_s0.008_gtr_base-snps-concat_phyloq	phyloq	0.2	nonrandom_weighted	20	0.9989975251401898
