simulation/sim_c0.008_s0.002/c0.008_s0.002_gtr/c0.008_s0.002_gtr_base-snps-concat_global	global	0.2	random	1	0.9688911032915019
simulation/sim_c0.008_s0.002/c0.008_s0.002_gtr/c0.008_s0.002_gtr_base-snps-concat_global	global	0.2	random	2	0.9686663762524115
simulation/sim_c0.008_s0.002/c0.008_s0.002_gtr/c0.008_s0.002_gtr_base-snps-concat_global	global	0.2	random	3	0.9680210918114144
simulation/sim_c0.008_s0.002/c0.008_s0.002_gtr/c0.008_s0.002_gtr_base-snps-concat_global	global	0.2	random	4	0.9679219402705904
simulation/sim_c0.008_s0.002/c0.008_s0.002_gtr/c0.008_s0.002_gtr_base-snps-concat_global	global	0.2	random	5	0.9691455198035388
simulation/sim_c0.008_s0.002/c0.008_s0.002_gtr/c0.008_s0.002_gtr_base-snps-concat_global	global	0.2	random	6	0.9692433229764931
simulation/sim_c0.008_s0.002/c0.008_s0.002_gtr/c0.008_s0.002_gtr_base-snps-concat_global	global	0.2	random	7	0.9702929920321225
simulation/sim_c0.008_s0.002/c0.008_s0.002_gtr/c0.008_s0.002_gtr_base-snps-concat_global	global	0.2	random	8	0.9685269611696274
simulation/sim_c0.008_s0.002/c0.008_s0.002_gtr/c0.008_s0.002_gtr_base-snps-concat_global	global	0.2	random	9	0.9696520394965141
simulation/sim_c0.008_s0.002/c0.008_s0.002_gtr/c0.008_s0.002_gtr_base-snps-concat_global	global	0.2	random	10	0.9686597297717037
simulation/sim_c0.008_s0.002/c0.008_s0.002_gtr/c0.008_s0.002_gtr_base-snps-concat_global	global	0.2	random	11	0.9686120952203369
simulation/sim_c0.008_s0.002/c0.008_s0.002_gtr/c0.008_s0.002_gtr_base-snps-concat_global	global	0.2	random	12	0.9686867743642419
simulation/sim_c0.008_s0.002/c0.008_s0.002_gtr/c0.008_s0.002_gtr_base-snps-concat_global	global	0.2	random	13	0.9688477417740523
simulation/sim_c0.008_s0.002/c0.008_s0.002_gtr/c0.008_s0.002_gtr_base-snps-concat_global	global	0.2	random	14	0.9688378192718416
simulation/sim_c0.008_s0.002/c0.008_s0.002_gtr/c0.008_s0.002_gtr_base-snps-concat_global	global	0.2	random	15	0.9678923486152402
simulation/sim_c0.008_s0.002/c0.008_s0.002_gtr/c0.008_s0.002_gtr_base-snps-concat_global	global	0.2	random	16	0.969964995624453
simulation/sim_c0.008_s0.002/c0.008_s0.002_gtr/c0.008_s0.002_gtr_base-snps-concat_global	global	0.2	random	17	0.9685606884339371
simulation/sim_c0.008_s0.002/c0.008_s0.002_gtr/c0.008_s0.002_gtr_base-snps-concat_global	global	0.2	random	18	0.9675452584185349
simulation/sim_c0.008_s0.002/c0.008_s0.002_gtr/c0.008_s0.002_gtr_base-snps-concat_global	global	0.2	random	19	0.9705277587388622
simulation/sim_c0.008_s0.002/c0.008_s0.002_gtr/c0.008_s0.002_gtr_base-snps-concat_global	global	0.2	random	20	0.9696800248524386
simulation/sim_c0.008_s0.002/c0.008_s0.002_gtr/c0.008_s0.002_gtr_base-snps-concat_global	global	0.2	nonrandom	1	0.9674154144146959
simulation/sim_c0.008_s0.002/c0.008_s0.002_gtr/c0.008_s0.002_gtr_base-snps-concat_global	global	0.2	nonrandom	2	0.9655635761382457
simulation/sim_c0.008_s0.002/c0.008_s0.002_gtr/c0.008_s0.002_gtr_base-snps-concat_global	global	0.2	nonrandom	3	0.9684697353207712
simulation/sim_c0.008_s0.002/c0.008_s0.002_gtr/c0.008_s0.002_gtr_base-snps-concat_global	global	0.2	nonrandom	4	0.9684447080121102
simulation/sim_c0.008_s0.002/c0.008_s0.002_gtr/c0.008_s0.002_gtr_base-snps-concat_global	global	0.2	nonrandom	5	0.9689072216493234
simulation/sim_c0.008_s0.002/c0.008_s0.002_gtr/c0.008_s0.002_gtr_base-snps-concat_global	global	0.2	nonrandom	6	0.9667072675598863
simulation/sim_c0.008_s0.002/c0.008_s0.002_gtr/c0.008_s0.002_gtr_base-snps-concat_global	global	0.2	nonrandom	7	0.9707224096987876
simulation/sim_c0.008_s0.002/c0.008_s0.002_gtr/c0.008_s0.002_gtr_base-snps-concat_global	global	0.2	nonrandom	8	0.9721258710665291
simulation/sim_c0.008_s0.002/c0.008_s0.002_gtr/c0.008_s0.002_gtr_base-snps-concat_global	global	0.2	nonrandom	9	0.96653125
simulation/sim_c0.008_s0.002/c0.008_s0.002_gtr/c0.008_s0.002_gtr_base-snps-concat_global	global	0.2	nonrandom	10	0.9714383925502328
simulation/sim_c0.008_s0.002/c0.008_s0.002_gtr/c0.008_s0.002_gtr_base-snps-concat_global	global	0.2	nonrandom	11	0.9693310869836516
simulation/sim_c0.008_s0.002/c0.008_s0.002_gtr/c0.008_s0.002_gtr_base-snps-concat_global	global	0.2	nonrandom	12	0.96834375
simulation/sim_c0.008_s0.002/c0.008_s0.002_gtr/c0.008_s0.002_gtr_base-snps-concat_global	global	0.2	nonrandom	13	0.968063498015687
simulation/sim_c0.008_s0.002/c0.008_s0.002_gtr/c0.008_s0.002_gtr_base-snps-concat_global	global	0.2	nonrandom	14	0.970851947889656
simulation/sim_c0.008_s0.002/c0.008_s0.002_gtr/c0.008_s0.002_gtr_base-snps-concat_global	global	0.2	nonrandom	15	0.9664511292287509
simulation/sim_c0.008_s0.002/c0.008_s0.002_gtr/c0.008_s0.002_gtr_base-snps-concat_global	global	0.2	nonrandom	16	0.9713133964563607
simulation/sim_c0.008_s0.002/c0.008_s0.002_gtr/c0.008_s0.002_gtr_base-snps-concat_global	global	0.2	nonrandom	17	0.966063560513734
simulation/sim_c0.008_s0.002/c0.008_s0.002_gtr/c0.008_s0.002_gtr_base-snps-concat_global	global	0.2	nonrandom	18	0.9668760351239024
simulation/sim_c0.008_s0.002/c0.008_s0.002_gtr/c0.008_s0.002_gtr_base-snps-concat_global	global	0.2	nonrandom	19	0.96559375
simulation/sim_c0.008_s0.002/c0.008_s0.002_gtr/c0.008_s0.002_gtr_base-snps-concat_global	global	0.2	nonrandom	20	0.9642901735547509
simulation/sim_c0.008_s0.002/c0.008_s0.002_gtr/c0.008_s0.002_gtr_base-snps-concat_global	global	0.2	nonrandom_weighted	1	0.96834375
simulation/sim_c0.008_s0.002/c0.008_s0.002_gtr/c0.008_s0.002_gtr_base-snps-concat_global	global	0.2	nonrandom_weighted	2	0.9657583419171583
simulation/sim_c0.008_s0.002/c0.008_s0.002_gtr/c0.008_s0.002_gtr_base-snps-concat_global	global	0.2	nonrandom_weighted	3	0.9656077218629932
simulation/sim_c0.008_s0.002/c0.008_s0.002_gtr/c0.008_s0.002_gtr_base-snps-concat_global	global	0.2	nonrandom_weighted	4	0.9702196806349802
simulation/sim_c0.008_s0.002/c0.008_s0.002_gtr/c0.008_s0.002_gtr_base-snps-concat_global	global	0.2	nonrandom_weighted	5	0.967375
simulation/sim_c0.008_s0.002/c0.008_s0.002_gtr/c0.008_s0.002_gtr_base-snps-concat_global	global	0.2	nonrandom_weighted	6	0.9691375378752382
simulation/sim_c0.008_s0.002/c0.008_s0.002_gtr/c0.008_s0.002_gtr_base-snps-concat_global	global	0.2	nonrandom_weighted	7	0.9693600274853984
simulation/sim_c0.008_s0.002/c0.008_s0.002_gtr/c0.008_s0.002_gtr_base-snps-concat_global	global	0.2	nonrandom_weighted	8	0.9691572138370675
simulation/sim_c0.008_s0.002/c0.008_s0.002_gtr/c0.008_s0.002_gtr_base-snps-concat_global	global	0.2	nonrandom_weighted	9	0.9709465791940018
simulation/sim_c0.008_s0.002/c0.008_s0.002_gtr/c0.008_s0.002_gtr_base-snps-concat_global	global	0.2	nonrandom_weighted	10	0.9701571825880442
simulation/sim_c0.008_s0.002/c0.008_s0.002_gtr/c0.008_s0.002_gtr_base-snps-concat_global	global	0.2	nonrandom_weighted	11	0.9646886034811412
simulation/sim_c0.008_s0.002/c0.008_s0.002_gtr/c0.008_s0.002_gtr_base-snps-concat_global	global	0.2	nonrandom_weighted	12	0.9697017023270342
simulation/sim_c0.008_s0.002/c0.008_s0.002_gtr/c0.008_s0.002_gtr_base-snps-concat_global	global	0.2	nonrandom_weighted	13	0.96796875
simulation/sim_c0.008_s0.002/c0.008_s0.002_gtr/c0.008_s0.002_gtr_base-snps-concat_global	global	0.2	nonrandom_weighted	14	0.9654073310209056
simulation/sim_c0.008_s0.002/c0.008_s0.002_gtr/c0.008_s0.002_gtr_base-snps-concat_global	global	0.2	nonrandom_weighted	15	0.9660625
simulation/sim_c0.008_s0.002/c0.008_s0.002_gtr/c0.008_s0.002_gtr_base-snps-concat_global	global	0.2	nonrandom_weighted	16	0.9648448485984813
simulation/sim_c0.008_s0.002/c0.008_s0.002_gtr/c0.008_s0.002_gtr_base-snps-concat_global	global	0.2	nonrandom_weighted	17	0.9676290463692039
simulation/sim_c0.008_s0.002/c0.008_s0.002_gtr/c0.008_s0.002_gtr_base-snps-concat_global	global	0.2	nonrandom_weighted	18	0.9683759882503672
simulation/sim_c0.008_s0.002/c0.008_s0.002_gtr/c0.008_s0.002_gtr_base-snps-concat_global	global	0.2	nonrandom_weighted	19	0.96765625
simulation/sim_c0.008_s0.002/c0.008_s0.002_gtr/c0.008_s0.002_gtr_base-snps-concat_global	global	0.2	nonrandom_weighted	20	0.9714044891205944
