simulation/sim_c0.008_s0.002/c0.008_s0.002_gtr/c0.008_s0.002_gtr_base-snps-concat_phyloq	phyloq	0.2	random	1	0.9995322293947049
simulation/sim_c0.008_s0.002/c0.008_s0.002_gtr/c0.008_s0.002_gtr_base-snps-concat_phyloq	phyloq	0.2	random	2	0.9994692310093978
simulation/sim_c0.008_s0.002/c0.008_s0.002_gtr/c0.008_s0.002_gtr_base-snps-concat_phyloq	phyloq	0.2	random	3	0.9993757607915353
simulation/sim_c0.008_s0.002/c0.008_s0.002_gtr/c0.008_s0.002_gtr_base-snps-concat_phyloq	phyloq	0.2	random	4	0.999528287053052
simulation/sim_c0.008_s0.002/c0.008_s0.002_gtr/c0.008_s0.002_gtr_base-snps-concat_phyloq	phyloq	0.2	random	5	0.9995358910891089
simulation/sim_c0.008_s0.002/c0.008_s0.002_gtr/c0.008_s0.002_gtr_base-snps-concat_phyloq	phyloq	0.2	random	6	0.9993434422385493
simulation/sim_c0.008_s0.002/c0.008_s0.002_gtr/c0.008_s0.002_gtr_base-snps-concat_phyloq	phyloq	0.2	random	7	0.9995978220517263
simulation/sim_c0.008_s0.002/c0.008_s0.002_gtr/c0.008_s0.002_gtr_base-snps-concat_phyloq	phyloq	0.2	random	8	0.9995263207755708
simulation/sim_c0.008_s0.002/c0.008_s0.002_gtr/c0.008_s0.002_gtr_base-snps-concat_phyloq	phyloq	0.2	random	9	0.9994096078553228
simulation/sim_c0.008_s0.002/c0.008_s0.002_gtr/c0.008_s0.002_gtr_base-snps-concat_phyloq	phyloq	0.2	random	10	0.9993386243386243
simulation/sim_c0.008_s0.002/c0.008_s0.002_gtr/c0.008_s0.002_gtr_base-snps-concat_phyloq	phyloq	0.2	random	11	0.9993433190531286
simulation/sim_c0.008_s0.002/c0.008_s0.002_gtr/c0.008_s0.002_gtr_base-snps-concat_phyloq	phyloq	0.2	random	12	0.9994993272209531
simulation/sim_c0.008_s0.002/c0.008_s0.002_gtr/c0.008_s0.002_gtr_base-snps-concat_phyloq	phyloq	0.2	random	13	0.9994376054489783
simulation/sim_c0.008_s0.002/c0.008_s0.002_gtr/c0.008_s0.002_gtr_base-snps-concat_phyloq	phyloq	0.2	random	14	0.9995015265748645
simulation/sim_c0.008_s0.002/c0.008_s0.002_gtr/c0.008_s0.002_gtr_base-snps-concat_phyloq	phyloq	0.2	random	15	0.9995018524860675
simulation/sim_c0.008_s0.002/c0.008_s0.002_gtr/c0.008_s0.002_gtr_base-snps-concat_phyloq	phyloq	0.2	random	16	0.9995611285266458
simulation/sim_c0.008_s0.002/c0.008_s0.002_gtr/c0.008_s0.002_gtr_base-snps-concat_phyloq	phyloq	0.2	random	17	0.9994689989067624
simulation/sim_c0.008_s0.002/c0.008_s0.002_gtr/c0.008_s0.002_gtr_base-snps-concat_phyloq	phyloq	0.2	random	18	0.9994367078704428
simulation/sim_c0.008_s0.002/c0.008_s0.002_gtr/c0.008_s0.002_gtr_base-snps-concat_phyloq	phyloq	0.2	random	19	0.9994372010130381
simulation/sim_c0.008_s0.002/c0.008_s0.002_gtr/c0.008_s0.002_gtr_base-snps-concat_phyloq	phyloq	0.2	random	20	0.9994331779821136
simulation/sim_c0.008_s0.002/c0.008_s0.002_gtr/c0.008_s0.002_gtr_base-snps-concat_phyloq	phyloq	0.2	nonrandom	1	0.999937501953064
simulation/sim_c0.008_s0.002/c0.008_s0.002_gtr/c0.008_s0.002_gtr_base-snps-concat_phyloq	phyloq	0.2	nonrandom	2	0.9997190221972464
simulation/sim_c0.008_s0.002/c0.008_s0.002_gtr/c0.008_s0.002_gtr_base-snps-concat_phyloq	phyloq	0.2	nonrandom	3	0.9998437548826599
simulation/sim_c0.008_s0.002/c0.008_s0.002_gtr/c0.008_s0.002_gtr_base-snps-concat_phyloq	phyloq	0.2	nonrandom	4	0.9999063231850117
simulation/sim_c0.008_s0.002/c0.008_s0.002_gtr/c0.008_s0.002_gtr_base-snps-concat_phyloq	phyloq	0.2	nonrandom	5	0.99946875
simulation/sim_c0.008_s0.002/c0.008_s0.002_gtr/c0.008_s0.002_gtr_base-snps-concat_phyloq	phyloq	0.2	nonrandom	6	0.9976250742164308
simulation/sim_c0.008_s0.002/c0.008_s0.002_gtr/c0.008_s0.002_gtr_base-snps-concat_phyloq	phyloq	0.2	nonrandom	7	1.0
simulation/sim_c0.008_s0.002/c0.008_s0.002_gtr/c0.008_s0.002_gtr_base-snps-concat_phyloq	phyloq	0.2	nonrandom	8	0.9999687509765319
simulation/sim_c0.008_s0.002/c0.008_s0.002_gtr/c0.008_s0.002_gtr_base-snps-concat_phyloq	phyloq	0.2	nonrandom	9	0.9996566791510612
simulation/sim_c0.008_s0.002/c0.008_s0.002_gtr/c0.008_s0.002_gtr_base-snps-concat_phyloq	phyloq	0.2	nonrandom	10	0.999875
simulation/sim_c0.008_s0.002/c0.008_s0.002_gtr/c0.008_s0.002_gtr_base-snps-concat_phyloq	phyloq	0.2	nonrandom	11	0.9999687509765319
simulation/sim_c0.008_s0.002/c0.008_s0.002_gtr/c0.008_s0.002_gtr_base-snps-concat_phyloq	phyloq	0.2	nonrandom	12	0.99996875
simulation/sim_c0.008_s0.002/c0.008_s0.002_gtr/c0.008_s0.002_gtr_base-snps-concat_phyloq	phyloq	0.2	nonrandom	13	1.0
simulation/sim_c0.008_s0.002/c0.008_s0.002_gtr/c0.008_s0.002_gtr_base-snps-concat_phyloq	phyloq	0.2	nonrandom	14	0.9998439645487455
simulation/sim_c0.008_s0.002/c0.008_s0.002_gtr/c0.008_s0.002_gtr_base-snps-concat_phyloq	phyloq	0.2	nonrandom	15	0.9997500078122559
simulation/sim_c0.008_s0.002/c0.008_s0.002_gtr/c0.008_s0.002_gtr_base-snps-concat_phyloq	phyloq	0.2	nonrandom	16	0.9999062587882386
simulation/sim_c0.008_s0.002/c0.008_s0.002_gtr/c0.008_s0.002_gtr_base-snps-concat_phyloq	phyloq	0.2	nonrandom	17	0.9999687919358362
simulation/sim_c0.008_s0.002/c0.008_s0.002_gtr/c0.008_s0.002_gtr_base-snps-concat_phyloq	phyloq	0.2	nonrandom	18	0.9977190351206099
simulation/sim_c0.008_s0.002/c0.008_s0.002_gtr/c0.008_s0.002_gtr_base-snps-concat_phyloq	phyloq	0.2	nonrandom	19	0.9999375975039002
simulation/sim_c0.008_s0.002/c0.008_s0.002_gtr/c0.008_s0.002_gtr_base-snps-concat_phyloq	phyloq	0.2	nonrandom	20	0.9999063582732466
simulation/sim_c0.008_s0.002/c0.008_s0.002_gtr/c0.008_s0.002_gtr_base-snps-concat_phyloq	phyloq	0.2	nonrandom_weighted	1	0.9997813183380194
simulation/sim_c0.008_s0.002/c0.008_s0.002_gtr/c0.008_s0.002_gtr_base-snps-concat_phyloq	phyloq	0.2	nonrandom_weighted	2	0.9976258161257068
simulation/sim_c0.008_s0.002/c0.008_s0.002_gtr/c0.008_s0.002_gtr_base-snps-concat_phyloq	phyloq	0.2	nonrandom_weighted	3	0.9995
simulation/sim_c0.008_s0.002/c0.008_s0.002_gtr/c0.008_s0.002_gtr_base-snps-concat_phyloq	phyloq	0.2	nonrandom_weighted	4	0.9991875253898316
simulation/sim_c0.008_s0.002/c0.008_s0.002_gtr/c0.008_s0.002_gtr_base-snps-concat_phyloq	phyloq	0.2	nonrandom_weighted	5	0.99990625
simulation/sim_c0.008_s0.002/c0.008_s0.002_gtr/c0.008_s0.002_gtr_base-snps-concat_phyloq	phyloq	0.2	nonrandom_weighted	6	0.9995316744200569
simulation/sim_c0.008_s0.002/c0.008_s0.002_gtr/c0.008_s0.002_gtr_base-snps-concat_phyloq	phyloq	0.2	nonrandom_weighted	7	0.9995937626949157
simulation/sim_c0.008_s0.002/c0.008_s0.002_gtr/c0.008_s0.002_gtr_base-snps-concat_phyloq	phyloq	0.2	nonrandom_weighted	8	0.99925
simulation/sim_c0.008_s0.002/c0.008_s0.002_gtr/c0.008_s0.002_gtr_base-snps-concat_phyloq	phyloq	0.2	nonrandom_weighted	9	0.9997503510688095
simulation/sim_c0.008_s0.002/c0.008_s0.002_gtr/c0.008_s0.002_gtr_base-snps-concat_phyloq	phyloq	0.2	nonrandom_weighted	10	0.9997812568357238
simulation/sim_c0.008_s0.002/c0.008_s0.002_gtr/c0.008_s0.002_gtr_base-snps-concat_phyloq	phyloq	0.2	nonrandom_weighted	11	0.9998751638474502
simulation/sim_c0.008_s0.002/c0.008_s0.002_gtr/c0.008_s0.002_gtr_base-snps-concat_phyloq	phyloq	0.2	nonrandom_weighted	12	0.9976250742164308
simulation/sim_c0.008_s0.002/c0.008_s0.002_gtr/c0.008_s0.002_gtr_base-snps-concat_phyloq	phyloq	0.2	nonrandom_weighted	13	0.9998125
simulation/sim_c0.008_s0.002/c0.008_s0.002_gtr/c0.008_s0.002_gtr_base-snps-concat_phyloq	phyloq	0.2	nonrandom_weighted	14	0.9996564003248579
simulation/sim_c0.008_s0.002/c0.008_s0.002_gtr/c0.008_s0.002_gtr_base-snps-concat_phyloq	phyloq	0.2	nonrandom_weighted	15	0.9997188202949263
simulation/sim_c0.008_s0.002/c0.008_s0.002_gtr/c0.008_s0.002_gtr_base-snps-concat_phyloq	phyloq	0.2	nonrandom_weighted	16	0.99759375
simulation/sim_c0.008_s0.002/c0.008_s0.002_gtr/c0.008_s0.002_gtr_base-snps-concat_phyloq	phyloq	0.2	nonrandom_weighted	17	0.9997500078122559
simulation/sim_c0.008_s0.002/c0.008_s0.002_gtr/c0.008_s0.002_gtr_base-snps-concat_phyloq	phyloq	0.2	nonrandom_weighted	18	0.9993756438672619
simulation/sim_c0.008_s0.002/c0.008_s0.002_gtr/c0.008_s0.002_gtr_base-snps-concat_phyloq	phyloq	0.2	nonrandom_weighted	19	0.999875
simulation/sim_c0.008_s0.002/c0.008_s0.002_gtr/c0.008_s0.002_gtr_base-snps-concat_phyloq	phyloq	0.2	nonrandom_weighted	20	0.9998750039061279
