simulation/sim_c0.005_s0.005/c0.005_s0.005_gtrgamma/c0.005_s0.005_gtrgamma_base-snps-concat_phyloq	phyloq	0.2	random	1	0.9977511244377811
simulation/sim_c0.005_s0.005/c0.005_s0.005_gtrgamma/c0.005_s0.005_gtrgamma_base-snps-concat_phyloq	phyloq	0.2	random	2	0.9982494529540481
simulation/sim_c0.005_s0.005/c0.005_s0.005_gtrgamma/c0.005_s0.005_gtrgamma_base-snps-concat_phyloq	phyloq	0.2	random	3	0.9980376020763436
simulation/sim_c0.005_s0.005/c0.005_s0.005_gtrgamma/c0.005_s0.005_gtrgamma_base-snps-concat_phyloq	phyloq	0.2	random	4	0.9985578128918987
simulation/sim_c0.005_s0.005/c0.005_s0.005_gtrgamma/c0.005_s0.005_gtrgamma_base-snps-concat_phyloq	phyloq	0.2	random	5	0.9972760477929796
simulation/sim_c0.005_s0.005/c0.005_s0.005_gtrgamma/c0.005_s0.005_gtrgamma_base-snps-concat_phyloq	phyloq	0.2	random	6	0.9980435468602082
simulation/sim_c0.005_s0.005/c0.005_s0.005_gtrgamma/c0.005_s0.005_gtrgamma_base-snps-concat_phyloq	phyloq	0.2	random	7	0.9980103214574395
simulation/sim_c0.005_s0.005/c0.005_s0.005_gtrgamma/c0.005_s0.005_gtrgamma_base-snps-concat_phyloq	phyloq	0.2	random	8	0.9978028876333961
simulation/sim_c0.005_s0.005/c0.005_s0.005_gtrgamma/c0.005_s0.005_gtrgamma_base-snps-concat_phyloq	phyloq	0.2	random	9	0.9977565900168256
simulation/sim_c0.005_s0.005/c0.005_s0.005_gtrgamma/c0.005_s0.005_gtrgamma_base-snps-concat_phyloq	phyloq	0.2	random	10	0.9983719474013776
simulation/sim_c0.005_s0.005/c0.005_s0.005_gtrgamma/c0.005_s0.005_gtrgamma_base-snps-concat_phyloq	phyloq	0.2	random	11	0.9982533840683675
simulation/sim_c0.005_s0.005/c0.005_s0.005_gtrgamma/c0.005_s0.005_gtrgamma_base-snps-concat_phyloq	phyloq	0.2	random	12	0.9978751328041997
simulation/sim_c0.005_s0.005/c0.005_s0.005_gtrgamma/c0.005_s0.005_gtrgamma_base-snps-concat_phyloq	phyloq	0.2	random	13	0.9978996945010183
simulation/sim_c0.005_s0.005/c0.005_s0.005_gtrgamma/c0.005_s0.005_gtrgamma_base-snps-concat_phyloq	phyloq	0.2	random	14	0.9983619983619983
simulation/sim_c0.005_s0.005/c0.005_s0.005_gtrgamma/c0.005_s0.005_gtrgamma_base-snps-concat_phyloq	phyloq	0.2	random	15	0.9981324701195219
simulation/sim_c0.005_s0.005/c0.005_s0.005_gtrgamma/c0.005_s0.005_gtrgamma_base-snps-concat_phyloq	phyloq	0.2	random	16	0.9979922198519262
simulation/sim_c0.005_s0.005/c0.005_s0.005_gtrgamma/c0.005_s0.005_gtrgamma_base-snps-concat_phyloq	phyloq	0.2	random	17	0.9979002290659201
simulation/sim_c0.005_s0.005/c0.005_s0.005_gtrgamma/c0.005_s0.005_gtrgamma_base-snps-concat_phyloq	phyloq	0.2	random	18	0.9981389578163772
simulation/sim_c0.005_s0.005/c0.005_s0.005_gtrgamma/c0.005_s0.005_gtrgamma_base-snps-concat_phyloq	phyloq	0.2	random	19	0.9977607762642284
simulation/sim_c0.005_s0.005/c0.005_s0.005_gtrgamma/c0.005_s0.005_gtrgamma_base-snps-concat_phyloq	phyloq	0.2	random	20	0.9978285147040575
simulation/sim_c0.005_s0.005/c0.005_s0.005_gtrgamma/c0.005_s0.005_gtrgamma_base-snps-concat_phyloq	phyloq	0.2	nonrandom	1	0.9996250234360352
simulation/sim_c0.005_s0.005/c0.005_s0.005_gtrgamma/c0.005_s0.005_gtrgamma_base-snps-concat_phyloq	phyloq	0.2	nonrandom	2	0.999500031248047
simulation/sim_c0.005_s0.005/c0.005_s0.005_gtrgamma/c0.005_s0.005_gtrgamma_base-snps-concat_phyloq	phyloq	0.2	nonrandom	3	0.9991250546840822
simulation/sim_c0.005_s0.005/c0.005_s0.005_gtrgamma/c0.005_s0.005_gtrgamma_base-snps-concat_phyloq	phyloq	0.2	nonrandom	4	0.9969376913942879
simulation/sim_c0.005_s0.005/c0.005_s0.005_gtrgamma/c0.005_s0.005_gtrgamma_base-snps-concat_phyloq	phyloq	0.2	nonrandom	5	0.9991875507780764
simulation/sim_c0.005_s0.005/c0.005_s0.005_gtrgamma/c0.005_s0.005_gtrgamma_base-snps-concat_phyloq	phyloq	0.2	nonrandom	6	0.9998125117180177
simulation/sim_c0.005_s0.005/c0.005_s0.005_gtrgamma/c0.005_s0.005_gtrgamma_base-snps-concat_phyloq	phyloq	0.2	nonrandom	7	0.9995625273420411
simulation/sim_c0.005_s0.005/c0.005_s0.005_gtrgamma/c0.005_s0.005_gtrgamma_base-snps-concat_phyloq	phyloq	0.2	nonrandom	8	0.9949996874804675
simulation/sim_c0.005_s0.005/c0.005_s0.005_gtrgamma/c0.005_s0.005_gtrgamma_base-snps-concat_phyloq	phyloq	0.2	nonrandom	9	0.9951878007624524
simulation/sim_c0.005_s0.005/c0.005_s0.005_gtrgamma/c0.005_s0.005_gtrgamma_base-snps-concat_phyloq	phyloq	0.2	nonrandom	10	0.9987500781201175
simulation/sim_c0.005_s0.005/c0.005_s0.005_gtrgamma/c0.005_s0.005_gtrgamma_base-snps-concat_phyloq	phyloq	0.2	nonrandom	11	0.9951335163463938
simulation/sim_c0.005_s0.005/c0.005_s0.005_gtrgamma/c0.005_s0.005_gtrgamma_base-snps-concat_phyloq	phyloq	0.2	nonrandom	12	0.9991886662922049
simulation/sim_c0.005_s0.005/c0.005_s0.005_gtrgamma/c0.005_s0.005_gtrgamma_base-snps-concat_phyloq	phyloq	0.2	nonrandom	13	0.9989375664020999
simulation/sim_c0.005_s0.005/c0.005_s0.005_gtrgamma/c0.005_s0.005_gtrgamma_base-snps-concat_phyloq	phyloq	0.2	nonrandom	14	0.9991252186953262
simulation/sim_c0.005_s0.005/c0.005_s0.005_gtrgamma/c0.005_s0.005_gtrgamma_base-snps-concat_phyloq	phyloq	0.2	nonrandom	15	0.9950118468636987
simulation/sim_c0.005_s0.005/c0.005_s0.005_gtrgamma/c0.005_s0.005_gtrgamma_base-snps-concat_phyloq	phyloq	0.2	nonrandom	16	0.9952497031064441
simulation/sim_c0.005_s0.005/c0.005_s0.005_gtrgamma/c0.005_s0.005_gtrgamma_base-snps-concat_phyloq	phyloq	0.2	nonrandom	17	0.9993749609350584
simulation/sim_c0.005_s0.005/c0.005_s0.005_gtrgamma/c0.005_s0.005_gtrgamma_base-snps-concat_phyloq	phyloq	0.2	nonrandom	18	0.9977501406162115
simulation/sim_c0.005_s0.005/c0.005_s0.005_gtrgamma/c0.005_s0.005_gtrgamma_base-snps-concat_phyloq	phyloq	0.2	nonrandom	19	0.9996874804675292
simulation/sim_c0.005_s0.005/c0.005_s0.005_gtrgamma/c0.005_s0.005_gtrgamma_base-snps-concat_phyloq	phyloq	0.2	nonrandom	20	0.9984375976501468
simulation/sim_c0.005_s0.005/c0.005_s0.005_gtrgamma/c0.005_s0.005_gtrgamma_base-snps-concat_phyloq	phyloq	0.2	nonrandom_weighted	1	0.9977498593662104
simulation/sim_c0.005_s0.005/c0.005_s0.005_gtrgamma/c0.005_s0.005_gtrgamma_base-snps-concat_phyloq	phyloq	0.2	nonrandom_weighted	2	0.9986258588382261
simulation/sim_c0.005_s0.005/c0.005_s0.005_gtrgamma/c0.005_s0.005_gtrgamma_base-snps-concat_phyloq	phyloq	0.2	nonrandom_weighted	3	0.9979373710856928
simulation/sim_c0.005_s0.005/c0.005_s0.005_gtrgamma/c0.005_s0.005_gtrgamma_base-snps-concat_phyloq	phyloq	0.2	nonrandom_weighted	4	0.9981261711430356
simulation/sim_c0.005_s0.005/c0.005_s0.005_gtrgamma/c0.005_s0.005_gtrgamma_base-snps-concat_phyloq	phyloq	0.2	nonrandom_weighted	5	0.996125
simulation/sim_c0.005_s0.005/c0.005_s0.005_gtrgamma/c0.005_s0.005_gtrgamma_base-snps-concat_phyloq	phyloq	0.2	nonrandom_weighted	6	0.9996250234360352
simulation/sim_c0.005_s0.005/c0.005_s0.005_gtrgamma/c0.005_s0.005_gtrgamma_base-snps-concat_phyloq	phyloq	0.2	nonrandom_weighted	7	0.9995009357454773
simulation/sim_c0.005_s0.005/c0.005_s0.005_gtrgamma/c0.005_s0.005_gtrgamma_base-snps-concat_phyloq	phyloq	0.2	nonrandom_weighted	8	0.9990025559503771
simulation/sim_c0.005_s0.005/c0.005_s0.005_gtrgamma/c0.005_s0.005_gtrgamma_base-snps-concat_phyloq	phyloq	0.2	nonrandom_weighted	9	0.9986911810532876
simulation/sim_c0.005_s0.005/c0.005_s0.005_gtrgamma/c0.005_s0.005_gtrgamma_base-snps-concat_phyloq	phyloq	0.2	nonrandom_weighted	10	0.9997501873594804
simulation/sim_c0.005_s0.005/c0.005_s0.005_gtrgamma/c0.005_s0.005_gtrgamma_base-snps-concat_phyloq	phyloq	0.2	nonrandom_weighted	11	0.9984375976501468
simulation/sim_c0.005_s0.005/c0.005_s0.005_gtrgamma/c0.005_s0.005_gtrgamma_base-snps-concat_phyloq	phyloq	0.2	nonrandom_weighted	12	0.9998125585754452
simulation/sim_c0.005_s0.005/c0.005_s0.005_gtrgamma/c0.005_s0.005_gtrgamma_base-snps-concat_phyloq	phyloq	0.2	nonrandom_weighted	13	0.9998124882805175
simulation/sim_c0.005_s0.005/c0.005_s0.005_gtrgamma/c0.005_s0.005_gtrgamma_base-snps-concat_phyloq	phyloq	0.2	nonrandom_weighted	14	0.9993125429660646
simulation/sim_c0.005_s0.005/c0.005_s0.005_gtrgamma/c0.005_s0.005_gtrgamma_base-snps-concat_phyloq	phyloq	0.2	nonrandom_weighted	15	0.9929995624726545
simulation/sim_c0.005_s0.005/c0.005_s0.005_gtrgamma/c0.005_s0.005_gtrgamma_base-snps-concat_phyloq	phyloq	0.2	nonrandom_weighted	16	0.9996250234360352
simulation/sim_c0.005_s0.005/c0.005_s0.005_gtrgamma/c0.005_s0.005_gtrgamma_base-snps-concat_phyloq	phyloq	0.2	nonrandom_weighted	17	0.9946280217377725
simulation/sim_c0.005_s0.005/c0.005_s0.005_gtrgamma/c0.005_s0.005_gtrgamma_base-snps-concat_phyloq	phyloq	0.2	nonrandom_weighted	18	0.999500031248047
simulation/sim_c0.005_s0.005/c0.005_s0.005_gtrgamma/c0.005_s0.005_gtrgamma_base-snps-concat_phyloq	phyloq	0.2	nonrandom_weighted	19	0.9995625273420411
simulation/sim_c0.005_s0.005/c0.005_s0.005_gtrgamma/c0.005_s0.005_gtrgamma_base-snps-concat_phyloq	phyloq	0.2	nonrandom_weighted	20	0.9957497343583974
