simulation/sim_c0.004_s0.006/c0.004_s0.006_gtr/c0.004_s0.006_gtr_base-snps-concat_popWrong	population2	0.2	random	1	0.9568291309516361
simulation/sim_c0.004_s0.006/c0.004_s0.006_gtr/c0.004_s0.006_gtr_base-snps-concat_popWrong	population2	0.2	random	2	0.9577721837633731
simulation/sim_c0.004_s0.006/c0.004_s0.006_gtr/c0.004_s0.006_gtr_base-snps-concat_popWrong	population2	0.2	random	3	0.9583268735853152
simulation/sim_c0.004_s0.006/c0.004_s0.006_gtr/c0.004_s0.006_gtr_base-snps-concat_popWrong	population2	0.2	random	4	0.958169275837087
simulation/sim_c0.004_s0.006/c0.004_s0.006_gtr/c0.004_s0.006_gtr_base-snps-concat_popWrong	population2	0.2	random	5	0.9560669456066946
simulation/sim_c0.004_s0.006/c0.004_s0.006_gtr/c0.004_s0.006_gtr_base-snps-concat_popWrong	population2	0.2	random	6	0.957832462710051
simulation/sim_c0.004_s0.006/c0.004_s0.006_gtr/c0.004_s0.006_gtr_base-snps-concat_popWrong	population2	0.2	random	7	0.9576350969685559
simulation/sim_c0.004_s0.006/c0.004_s0.006_gtr/c0.004_s0.006_gtr_base-snps-concat_popWrong	population2	0.2	random	8	0.9566470367121914
simulation/sim_c0.004_s0.006/c0.004_s0.006_gtr/c0.004_s0.006_gtr_base-snps-concat_popWrong	population2	0.2	random	9	0.9578767123287671
simulation/sim_c0.004_s0.006/c0.004_s0.006_gtr/c0.004_s0.006_gtr_base-snps-concat_popWrong	population2	0.2	random	10	0.9567472967060441
simulation/sim_c0.004_s0.006/c0.004_s0.006_gtr/c0.004_s0.006_gtr_base-snps-concat_popWrong	population2	0.2	random	11	0.9569208597029889
simulation/sim_c0.004_s0.006/c0.004_s0.006_gtr/c0.004_s0.006_gtr_base-snps-concat_popWrong	population2	0.2	random	12	0.9580799101712361
simulation/sim_c0.004_s0.006/c0.004_s0.006_gtr/c0.004_s0.006_gtr_base-snps-concat_popWrong	population2	0.2	random	13	0.9592261997325289
simulation/sim_c0.004_s0.006/c0.004_s0.006_gtr/c0.004_s0.006_gtr_base-snps-concat_popWrong	population2	0.2	random	14	0.9568402109051873
simulation/sim_c0.004_s0.006/c0.004_s0.006_gtr/c0.004_s0.006_gtr_base-snps-concat_popWrong	population2	0.2	random	15	0.9563765719100071
simulation/sim_c0.004_s0.006/c0.004_s0.006_gtr/c0.004_s0.006_gtr_base-snps-concat_popWrong	population2	0.2	random	16	0.9579081632653061
simulation/sim_c0.004_s0.006/c0.004_s0.006_gtr/c0.004_s0.006_gtr_base-snps-concat_popWrong	population2	0.2	random	17	0.9562306416794418
simulation/sim_c0.004_s0.006/c0.004_s0.006_gtr/c0.004_s0.006_gtr_base-snps-concat_popWrong	population2	0.2	random	18	0.9578869139778287
simulation/sim_c0.004_s0.006/c0.004_s0.006_gtr/c0.004_s0.006_gtr_base-snps-concat_popWrong	population2	0.2	random	19	0.9573683388029379
simulation/sim_c0.004_s0.006/c0.004_s0.006_gtr/c0.004_s0.006_gtr_base-snps-concat_popWrong	population2	0.2	random	20	0.9571030466230391
simulation/sim_c0.004_s0.006/c0.004_s0.006_gtr/c0.004_s0.006_gtr_base-snps-concat_popWrong	population2	0.2	nonrandom	1	0.954538353382284
simulation/sim_c0.004_s0.006/c0.004_s0.006_gtr/c0.004_s0.006_gtr_base-snps-concat_popWrong	population2	0.2	nonrandom	2	0.953032717727571
simulation/sim_c0.004_s0.006/c0.004_s0.006_gtr/c0.004_s0.006_gtr_base-snps-concat_popWrong	population2	0.2	nonrandom	3	0.951126527296022
simulation/sim_c0.004_s0.006/c0.004_s0.006_gtr/c0.004_s0.006_gtr_base-snps-concat_popWrong	population2	0.2	nonrandom	4	0.947884771605324
simulation/sim_c0.004_s0.006/c0.004_s0.006_gtr/c0.004_s0.006_gtr_base-snps-concat_popWrong	population2	0.2	nonrandom	5	0.9523452392112747
simulation/sim_c0.004_s0.006/c0.004_s0.006_gtr/c0.004_s0.006_gtr_base-snps-concat_popWrong	population2	0.2	nonrandom	6	0.9555013905815444
simulation/sim_c0.004_s0.006/c0.004_s0.006_gtr/c0.004_s0.006_gtr_base-snps-concat_popWrong	population2	0.2	nonrandom	7	0.9490974954718631
simulation/sim_c0.004_s0.006/c0.004_s0.006_gtr/c0.004_s0.006_gtr_base-snps-concat_popWrong	population2	0.2	nonrandom	8	0.955040744325455
simulation/sim_c0.004_s0.006/c0.004_s0.006_gtr/c0.004_s0.006_gtr_base-snps-concat_popWrong	population2	0.2	nonrandom	9	0.9560951220274366
simulation/sim_c0.004_s0.006/c0.004_s0.006_gtr/c0.004_s0.006_gtr_base-snps-concat_popWrong	population2	0.2	nonrandom	10	0.9567226628364454
simulation/sim_c0.004_s0.006/c0.004_s0.006_gtr/c0.004_s0.006_gtr_base-snps-concat_popWrong	population2	0.2	nonrandom	11	0.9527514765163588
simulation/sim_c0.004_s0.006/c0.004_s0.006_gtr/c0.004_s0.006_gtr_base-snps-concat_popWrong	population2	0.2	nonrandom	12	0.9476395653802923
simulation/sim_c0.004_s0.006/c0.004_s0.006_gtr/c0.004_s0.006_gtr_base-snps-concat_popWrong	population2	0.2	nonrandom	13	0.953125
simulation/sim_c0.004_s0.006/c0.004_s0.006_gtr/c0.004_s0.006_gtr_base-snps-concat_popWrong	population2	0.2	nonrandom	14	0.9545156557300284
simulation/sim_c0.004_s0.006/c0.004_s0.006_gtr/c0.004_s0.006_gtr_base-snps-concat_popWrong	population2	0.2	nonrandom	15	0.9521875
simulation/sim_c0.004_s0.006/c0.004_s0.006_gtr/c0.004_s0.006_gtr_base-snps-concat_popWrong	population2	0.2	nonrandom	16	0.9576342675039835
simulation/sim_c0.004_s0.006/c0.004_s0.006_gtr/c0.004_s0.006_gtr_base-snps-concat_popWrong	population2	0.2	nonrandom	17	0.9581888065997938
simulation/sim_c0.004_s0.006/c0.004_s0.006_gtr/c0.004_s0.006_gtr_base-snps-concat_popWrong	population2	0.2	nonrandom	18	0.949350487134649
simulation/sim_c0.004_s0.006/c0.004_s0.006_gtr/c0.004_s0.006_gtr_base-snps-concat_popWrong	population2	0.2	nonrandom	19	0.9534702040561233
simulation/sim_c0.004_s0.006/c0.004_s0.006_gtr/c0.004_s0.006_gtr_base-snps-concat_popWrong	population2	0.2	nonrandom	20	0.956
simulation/sim_c0.004_s0.006/c0.004_s0.006_gtr/c0.004_s0.006_gtr_base-snps-concat_popWrong	population2	0.2	nonrandom_weighted	1	0.946875
simulation/sim_c0.004_s0.006/c0.004_s0.006_gtr/c0.004_s0.006_gtr_base-snps-concat_popWrong	population2	0.2	nonrandom_weighted	2	0.9523764882347426
simulation/sim_c0.004_s0.006/c0.004_s0.006_gtr/c0.004_s0.006_gtr_base-snps-concat_popWrong	population2	0.2	nonrandom_weighted	3	0.9517202587419143
simulation/sim_c0.004_s0.006/c0.004_s0.006_gtr/c0.004_s0.006_gtr_base-snps-concat_popWrong	population2	0.2	nonrandom_weighted	4	0.9504702978031937
simulation/sim_c0.004_s0.006/c0.004_s0.006_gtr/c0.004_s0.006_gtr_base-snps-concat_popWrong	population2	0.2	nonrandom_weighted	5	0.94753125
simulation/sim_c0.004_s0.006/c0.004_s0.006_gtr/c0.004_s0.006_gtr_base-snps-concat_popWrong	population2	0.2	nonrandom_weighted	6	0.9501578075685135
simulation/sim_c0.004_s0.006/c0.004_s0.006_gtr/c0.004_s0.006_gtr_base-snps-concat_popWrong	population2	0.2	nonrandom_weighted	7	0.9524939875691039
simulation/sim_c0.004_s0.006/c0.004_s0.006_gtr/c0.004_s0.006_gtr_base-snps-concat_popWrong	population2	0.2	nonrandom_weighted	8	0.9466579169400956
simulation/sim_c0.004_s0.006/c0.004_s0.006_gtr/c0.004_s0.006_gtr_base-snps-concat_popWrong	population2	0.2	nonrandom_weighted	9	0.9498140683103653
simulation/sim_c0.004_s0.006/c0.004_s0.006_gtr/c0.004_s0.006_gtr_base-snps-concat_popWrong	population2	0.2	nonrandom_weighted	10	0.95378125
simulation/sim_c0.004_s0.006/c0.004_s0.006_gtr/c0.004_s0.006_gtr_base-snps-concat_popWrong	population2	0.2	nonrandom_weighted	11	0.951384769101071
simulation/sim_c0.004_s0.006/c0.004_s0.006_gtr/c0.004_s0.006_gtr_base-snps-concat_popWrong	population2	0.2	nonrandom_weighted	12	0.9495
simulation/sim_c0.004_s0.006/c0.004_s0.006_gtr/c0.004_s0.006_gtr_base-snps-concat_popWrong	population2	0.2	nonrandom_weighted	13	0.9545951689009718
simulation/sim_c0.004_s0.006/c0.004_s0.006_gtr/c0.004_s0.006_gtr_base-snps-concat_popWrong	population2	0.2	nonrandom_weighted	14	0.9465016718227556
simulation/sim_c0.004_s0.006/c0.004_s0.006_gtr/c0.004_s0.006_gtr_base-snps-concat_popWrong	population2	0.2	nonrandom_weighted	15	0.949314083934877
simulation/sim_c0.004_s0.006/c0.004_s0.006_gtr/c0.004_s0.006_gtr_base-snps-concat_popWrong	population2	0.2	nonrandom_weighted	16	0.9465016718227556
simulation/sim_c0.004_s0.006/c0.004_s0.006_gtr/c0.004_s0.006_gtr_base-snps-concat_popWrong	population2	0.2	nonrandom_weighted	17	0.9560013749570326
simulation/sim_c0.004_s0.006/c0.004_s0.006_gtr/c0.004_s0.006_gtr_base-snps-concat_popWrong	population2	0.2	nonrandom_weighted	18	0.9490015937001969
simulation/sim_c0.004_s0.006/c0.004_s0.006_gtr/c0.004_s0.006_gtr_base-snps-concat_popWrong	population2	0.2	nonrandom_weighted	19	0.9555951376519484
simulation/sim_c0.004_s0.006/c0.004_s0.006_gtr/c0.004_s0.006_gtr_base-snps-concat_popWrong	population2	0.2	nonrandom_weighted	20	0.9509375
