simulation/sim_c0.003_s0.007/c0.003_s0.007_gtrgamma/c0.003_s0.007_gtrgamma_base-snps-concat_popWrong	population2	0.2	random	1	0.9358966356656888
simulation/sim_c0.003_s0.007/c0.003_s0.007_gtrgamma/c0.003_s0.007_gtrgamma_base-snps-concat_popWrong	population2	0.2	random	2	0.9342955757765924
simulation/sim_c0.003_s0.007/c0.003_s0.007_gtrgamma/c0.003_s0.007_gtrgamma_base-snps-concat_popWrong	population2	0.2	random	3	0.9368282104469169
simulation/sim_c0.003_s0.007/c0.003_s0.007_gtrgamma/c0.003_s0.007_gtrgamma_base-snps-concat_popWrong	population2	0.2	random	4	0.9347312095569935
simulation/sim_c0.003_s0.007/c0.003_s0.007_gtrgamma/c0.003_s0.007_gtrgamma_base-snps-concat_popWrong	population2	0.2	random	5	0.9345300950369588
simulation/sim_c0.003_s0.007/c0.003_s0.007_gtrgamma/c0.003_s0.007_gtrgamma_base-snps-concat_popWrong	population2	0.2	random	6	0.932100693359985
simulation/sim_c0.003_s0.007/c0.003_s0.007_gtrgamma/c0.003_s0.007_gtrgamma_base-snps-concat_popWrong	population2	0.2	random	7	0.9340377641615606
simulation/sim_c0.003_s0.007/c0.003_s0.007_gtrgamma/c0.003_s0.007_gtrgamma_base-snps-concat_popWrong	population2	0.2	random	8	0.9301242236024845
simulation/sim_c0.003_s0.007/c0.003_s0.007_gtrgamma/c0.003_s0.007_gtrgamma_base-snps-concat_popWrong	population2	0.2	random	9	0.935939532866613
simulation/sim_c0.003_s0.007/c0.003_s0.007_gtrgamma/c0.003_s0.007_gtrgamma_base-snps-concat_popWrong	population2	0.2	random	10	0.936492123778096
simulation/sim_c0.003_s0.007/c0.003_s0.007_gtrgamma/c0.003_s0.007_gtrgamma_base-snps-concat_popWrong	population2	0.2	random	11	0.9369278996865203
simulation/sim_c0.003_s0.007/c0.003_s0.007_gtrgamma/c0.003_s0.007_gtrgamma_base-snps-concat_popWrong	population2	0.2	random	12	0.9345167158000376
simulation/sim_c0.003_s0.007/c0.003_s0.007_gtrgamma/c0.003_s0.007_gtrgamma_base-snps-concat_popWrong	population2	0.2	random	13	0.9347920681295456
simulation/sim_c0.003_s0.007/c0.003_s0.007_gtrgamma/c0.003_s0.007_gtrgamma_base-snps-concat_popWrong	population2	0.2	random	14	0.9361997226074896
simulation/sim_c0.003_s0.007/c0.003_s0.007_gtrgamma/c0.003_s0.007_gtrgamma_base-snps-concat_popWrong	population2	0.2	random	15	0.9365862801449456
simulation/sim_c0.003_s0.007/c0.003_s0.007_gtrgamma/c0.003_s0.007_gtrgamma_base-snps-concat_popWrong	population2	0.2	random	16	0.9332627778123638
simulation/sim_c0.003_s0.007/c0.003_s0.007_gtrgamma/c0.003_s0.007_gtrgamma_base-snps-concat_popWrong	population2	0.2	random	17	0.9369403455669063
simulation/sim_c0.003_s0.007/c0.003_s0.007_gtrgamma/c0.003_s0.007_gtrgamma_base-snps-concat_popWrong	population2	0.2	random	18	0.9358302122347066
simulation/sim_c0.003_s0.007/c0.003_s0.007_gtrgamma/c0.003_s0.007_gtrgamma_base-snps-concat_popWrong	population2	0.2	random	19	0.9372174786539428
simulation/sim_c0.003_s0.007/c0.003_s0.007_gtrgamma/c0.003_s0.007_gtrgamma_base-snps-concat_popWrong	population2	0.2	random	20	0.9347691161866931
simulation/sim_c0.003_s0.007/c0.003_s0.007_gtrgamma/c0.003_s0.007_gtrgamma_base-snps-concat_popWrong	population2	0.2	nonrandom	1	0.9343102260629971
simulation/sim_c0.003_s0.007/c0.003_s0.007_gtrgamma/c0.003_s0.007_gtrgamma_base-snps-concat_popWrong	population2	0.2	nonrandom	2	0.9335587701171019
simulation/sim_c0.003_s0.007/c0.003_s0.007_gtrgamma/c0.003_s0.007_gtrgamma_base-snps-concat_popWrong	population2	0.2	nonrandom	3	0.9337466341035757
simulation/sim_c0.003_s0.007/c0.003_s0.007_gtrgamma/c0.003_s0.007_gtrgamma_base-snps-concat_popWrong	population2	0.2	nonrandom	4	0.9314142678347935
simulation/sim_c0.003_s0.007/c0.003_s0.007_gtrgamma/c0.003_s0.007_gtrgamma_base-snps-concat_popWrong	population2	0.2	nonrandom	5	0.9384480928896934
simulation/sim_c0.003_s0.007/c0.003_s0.007_gtrgamma/c0.003_s0.007_gtrgamma_base-snps-concat_popWrong	population2	0.2	nonrandom	6	0.9400087669860354
simulation/sim_c0.003_s0.007/c0.003_s0.007_gtrgamma/c0.003_s0.007_gtrgamma_base-snps-concat_popWrong	population2	0.2	nonrandom	7	0.9308490684006503
simulation/sim_c0.003_s0.007/c0.003_s0.007_gtrgamma/c0.003_s0.007_gtrgamma_base-snps-concat_popWrong	population2	0.2	nonrandom	8	0.934493987975952
simulation/sim_c0.003_s0.007/c0.003_s0.007_gtrgamma/c0.003_s0.007_gtrgamma_base-snps-concat_popWrong	population2	0.2	nonrandom	9	0.9223495522574989
simulation/sim_c0.003_s0.007/c0.003_s0.007_gtrgamma/c0.003_s0.007_gtrgamma_base-snps-concat_popWrong	population2	0.2	nonrandom	10	0.9294257624146784
simulation/sim_c0.003_s0.007/c0.003_s0.007_gtrgamma/c0.003_s0.007_gtrgamma_base-snps-concat_popWrong	population2	0.2	nonrandom	11	0.9439539107019851
simulation/sim_c0.003_s0.007/c0.003_s0.007_gtrgamma/c0.003_s0.007_gtrgamma_base-snps-concat_popWrong	population2	0.2	nonrandom	12	0.9415730337078652
simulation/sim_c0.003_s0.007/c0.003_s0.007_gtrgamma/c0.003_s0.007_gtrgamma_base-snps-concat_popWrong	population2	0.2	nonrandom	13	0.9314922662658902
simulation/sim_c0.003_s0.007/c0.003_s0.007_gtrgamma/c0.003_s0.007_gtrgamma_base-snps-concat_popWrong	population2	0.2	nonrandom	14	0.9291752770993801
simulation/sim_c0.003_s0.007/c0.003_s0.007_gtrgamma/c0.003_s0.007_gtrgamma_base-snps-concat_popWrong	population2	0.2	nonrandom	15	0.9306112224448898
simulation/sim_c0.003_s0.007/c0.003_s0.007_gtrgamma/c0.003_s0.007_gtrgamma_base-snps-concat_popWrong	population2	0.2	nonrandom	16	0.9384874789233748
simulation/sim_c0.003_s0.007/c0.003_s0.007_gtrgamma/c0.003_s0.007_gtrgamma_base-snps-concat_popWrong	population2	0.2	nonrandom	17	0.9304097951024488
simulation/sim_c0.003_s0.007/c0.003_s0.007_gtrgamma/c0.003_s0.007_gtrgamma_base-snps-concat_popWrong	population2	0.2	nonrandom	18	0.9341849834053478
simulation/sim_c0.003_s0.007/c0.003_s0.007_gtrgamma/c0.003_s0.007_gtrgamma_base-snps-concat_popWrong	population2	0.2	nonrandom	19	0.931053916964118
simulation/sim_c0.003_s0.007/c0.003_s0.007_gtrgamma/c0.003_s0.007_gtrgamma_base-snps-concat_popWrong	population2	0.2	nonrandom	20	0.9325526052104208
simulation/sim_c0.003_s0.007/c0.003_s0.007_gtrgamma/c0.003_s0.007_gtrgamma_base-snps-concat_popWrong	population2	0.2	nonrandom_weighted	1	0.9321153725833699
simulation/sim_c0.003_s0.007/c0.003_s0.007_gtrgamma/c0.003_s0.007_gtrgamma_base-snps-concat_popWrong	population2	0.2	nonrandom_weighted	2	0.9242414763841101
simulation/sim_c0.003_s0.007/c0.003_s0.007_gtrgamma/c0.003_s0.007_gtrgamma_base-snps-concat_popWrong	population2	0.2	nonrandom_weighted	3	0.9199073204333396
simulation/sim_c0.003_s0.007/c0.003_s0.007_gtrgamma/c0.003_s0.007_gtrgamma_base-snps-concat_popWrong	population2	0.2	nonrandom_weighted	4	0.9182165445550755
simulation/sim_c0.003_s0.007/c0.003_s0.007_gtrgamma/c0.003_s0.007_gtrgamma_base-snps-concat_popWrong	population2	0.2	nonrandom_weighted	5	0.9278602291940635
simulation/sim_c0.003_s0.007/c0.003_s0.007_gtrgamma/c0.003_s0.007_gtrgamma_base-snps-concat_popWrong	population2	0.2	nonrandom_weighted	6	0.926545181288747
simulation/sim_c0.003_s0.007/c0.003_s0.007_gtrgamma/c0.003_s0.007_gtrgamma_base-snps-concat_popWrong	population2	0.2	nonrandom_weighted	7	0.9207213977080594
simulation/sim_c0.003_s0.007/c0.003_s0.007_gtrgamma/c0.003_s0.007_gtrgamma_base-snps-concat_popWrong	population2	0.2	nonrandom_weighted	8	0.9229757655457449
simulation/sim_c0.003_s0.007/c0.003_s0.007_gtrgamma/c0.003_s0.007_gtrgamma_base-snps-concat_popWrong	population2	0.2	nonrandom_weighted	9	0.9262900801603207
simulation/sim_c0.003_s0.007/c0.003_s0.007_gtrgamma/c0.003_s0.007_gtrgamma_base-snps-concat_popWrong	population2	0.2	nonrandom_weighted	10	0.9292461682827651
simulation/sim_c0.003_s0.007/c0.003_s0.007_gtrgamma/c0.003_s0.007_gtrgamma_base-snps-concat_popWrong	population2	0.2	nonrandom_weighted	11	0.9440165320308097
simulation/sim_c0.003_s0.007/c0.003_s0.007_gtrgamma/c0.003_s0.007_gtrgamma_base-snps-concat_popWrong	population2	0.2	nonrandom_weighted	12	0.9219756173804314
simulation/sim_c0.003_s0.007/c0.003_s0.007_gtrgamma/c0.003_s0.007_gtrgamma_base-snps-concat_popWrong	population2	0.2	nonrandom_weighted	13	0.9228505228880957
simulation/sim_c0.003_s0.007/c0.003_s0.007_gtrgamma/c0.003_s0.007_gtrgamma_base-snps-concat_popWrong	population2	0.2	nonrandom_weighted	14	0.9203030113316221
simulation/sim_c0.003_s0.007/c0.003_s0.007_gtrgamma/c0.003_s0.007_gtrgamma_base-snps-concat_popWrong	population2	0.2	nonrandom_weighted	15	0.9197850940213657
simulation/sim_c0.003_s0.007/c0.003_s0.007_gtrgamma/c0.003_s0.007_gtrgamma_base-snps-concat_popWrong	population2	0.2	nonrandom_weighted	16	0.9357057977359434
simulation/sim_c0.003_s0.007/c0.003_s0.007_gtrgamma/c0.003_s0.007_gtrgamma_base-snps-concat_popWrong	population2	0.2	nonrandom_weighted	17	0.9272340159058176
simulation/sim_c0.003_s0.007/c0.003_s0.007_gtrgamma/c0.003_s0.007_gtrgamma_base-snps-concat_popWrong	population2	0.2	nonrandom_weighted	18	0.9100757718078778
simulation/sim_c0.003_s0.007/c0.003_s0.007_gtrgamma/c0.003_s0.007_gtrgamma_base-snps-concat_popWrong	population2	0.2	nonrandom_weighted	19	0.9284731774415406
simulation/sim_c0.003_s0.007/c0.003_s0.007_gtrgamma/c0.003_s0.007_gtrgamma_base-snps-concat_popWrong	population2	0.2	nonrandom_weighted	20	0.9209718830233578
