simulation/sim_c0.007_s0.003/c0.007_s0.003_gtr/c0.007_s0.003_gtr_base-snps-concat_phyloqr	phyloqr	0.2	random	1	0.9996879583112304
simulation/sim_c0.007_s0.003/c0.007_s0.003_gtr/c0.007_s0.003_gtr_base-snps-concat_phyloqr	phyloqr	0.2	random	2	0.9992543805144775
simulation/sim_c0.007_s0.003/c0.007_s0.003_gtr/c0.007_s0.003_gtr_base-snps-concat_phyloqr	phyloqr	0.2	random	3	0.9992490848221269
simulation/sim_c0.007_s0.003/c0.007_s0.003_gtr/c0.007_s0.003_gtr_base-snps-concat_phyloqr	phyloqr	0.2	random	4	0.9995987901981359
simulation/sim_c0.007_s0.003/c0.007_s0.003_gtr/c0.007_s0.003_gtr_base-snps-concat_phyloqr	phyloqr	0.2	random	5	0.9994980549629816
simulation/sim_c0.007_s0.003/c0.007_s0.003_gtr/c0.007_s0.003_gtr_base-snps-concat_phyloqr	phyloqr	0.2	random	6	0.9995344651004003
simulation/sim_c0.007_s0.003/c0.007_s0.003_gtr/c0.007_s0.003_gtr_base-snps-concat_phyloqr	phyloqr	0.2	random	7	0.9993433190531286
simulation/sim_c0.007_s0.003/c0.007_s0.003_gtr/c0.007_s0.003_gtr_base-snps-concat_phyloqr	phyloqr	0.2	random	8	0.9994009899429364
simulation/sim_c0.007_s0.003/c0.007_s0.003_gtr/c0.007_s0.003_gtr_base-snps-concat_phyloqr	phyloqr	0.2	random	9	0.9997801645625275
simulation/sim_c0.007_s0.003/c0.007_s0.003_gtr/c0.007_s0.003_gtr_base-snps-concat_phyloqr	phyloqr	0.2	random	10	0.9995032598571872
simulation/sim_c0.007_s0.003/c0.007_s0.003_gtr/c0.007_s0.003_gtr_base-snps-concat_phyloqr	phyloqr	0.2	random	11	0.9994066393928984
simulation/sim_c0.007_s0.003/c0.007_s0.003_gtr/c0.007_s0.003_gtr_base-snps-concat_phyloqr	phyloqr	0.2	random	12	0.9995646630803197
simulation/sim_c0.007_s0.003/c0.007_s0.003_gtr/c0.007_s0.003_gtr_base-snps-concat_phyloqr	phyloqr	0.2	random	13	0.9994353118333542
simulation/sim_c0.007_s0.003/c0.007_s0.003_gtr/c0.007_s0.003_gtr_base-snps-concat_phyloqr	phyloqr	0.2	random	14	0.9995303106212425
simulation/sim_c0.007_s0.003/c0.007_s0.003_gtr/c0.007_s0.003_gtr_base-snps-concat_phyloqr	phyloqr	0.2	random	15	0.9995622811405703
simulation/sim_c0.007_s0.003/c0.007_s0.003_gtr/c0.007_s0.003_gtr_base-snps-concat_phyloqr	phyloqr	0.2	random	16	0.9994349218308533
simulation/sim_c0.007_s0.003/c0.007_s0.003_gtr/c0.007_s0.003_gtr_base-snps-concat_phyloqr	phyloqr	0.2	random	17	0.99946608040201
simulation/sim_c0.007_s0.003/c0.007_s0.003_gtr/c0.007_s0.003_gtr_base-snps-concat_phyloqr	phyloqr	0.2	random	18	0.9994073057366566
simulation/sim_c0.007_s0.003/c0.007_s0.003_gtr/c0.007_s0.003_gtr_base-snps-concat_phyloqr	phyloqr	0.2	random	19	0.9993417959567465
simulation/sim_c0.007_s0.003/c0.007_s0.003_gtr/c0.007_s0.003_gtr_base-snps-concat_phyloqr	phyloqr	0.2	random	20	0.999594117830716
simulation/sim_c0.007_s0.003/c0.007_s0.003_gtr/c0.007_s0.003_gtr_base-snps-concat_phyloqr	phyloqr	0.2	nonrandom	1	0.9999063816508036
simulation/sim_c0.007_s0.003/c0.007_s0.003_gtr/c0.007_s0.003_gtr_base-snps-concat_phyloqr	phyloqr	0.2	nonrandom	2	0.9992812724602356
simulation/sim_c0.007_s0.003/c0.007_s0.003_gtr/c0.007_s0.003_gtr_base-snps-concat_phyloqr	phyloqr	0.2	nonrandom	3	0.9996877341993505
simulation/sim_c0.007_s0.003/c0.007_s0.003_gtr/c0.007_s0.003_gtr_base-snps-concat_phyloqr	phyloqr	0.2	nonrandom	4	0.9999063114830892
simulation/sim_c0.007_s0.003/c0.007_s0.003_gtr/c0.007_s0.003_gtr_base-snps-concat_phyloqr	phyloqr	0.2	nonrandom	5	0.9976563232398987
simulation/sim_c0.007_s0.003/c0.007_s0.003_gtr/c0.007_s0.003_gtr_base-snps-concat_phyloqr	phyloqr	0.2	nonrandom	6	0.9998751248751249
simulation/sim_c0.007_s0.003/c0.007_s0.003_gtr/c0.007_s0.003_gtr_base-snps-concat_phyloqr	phyloqr	0.2	nonrandom	7	0.9995938769134646
simulation/sim_c0.007_s0.003/c0.007_s0.003_gtr/c0.007_s0.003_gtr_base-snps-concat_phyloqr	phyloqr	0.2	nonrandom	8	0.9994062685541076
simulation/sim_c0.007_s0.003/c0.007_s0.003_gtr/c0.007_s0.003_gtr_base-snps-concat_phyloqr	phyloqr	0.2	nonrandom	9	0.9999687909618625
simulation/sim_c0.007_s0.003/c0.007_s0.003_gtr/c0.007_s0.003_gtr_base-snps-concat_phyloqr	phyloqr	0.2	nonrandom	10	0.9980313115215149
simulation/sim_c0.007_s0.003/c0.007_s0.003_gtr/c0.007_s0.003_gtr_base-snps-concat_phyloqr	phyloqr	0.2	nonrandom	11	0.9996562607418518
simulation/sim_c0.007_s0.003/c0.007_s0.003_gtr/c0.007_s0.003_gtr_base-snps-concat_phyloqr	phyloqr	0.2	nonrandom	12	0.99934375
simulation/sim_c0.007_s0.003/c0.007_s0.003_gtr/c0.007_s0.003_gtr_base-snps-concat_phyloqr	phyloqr	0.2	nonrandom	13	0.998125058591919
simulation/sim_c0.007_s0.003/c0.007_s0.003_gtr/c0.007_s0.003_gtr_base-snps-concat_phyloqr	phyloqr	0.2	nonrandom	14	0.9999375292831485
simulation/sim_c0.007_s0.003/c0.007_s0.003_gtr/c0.007_s0.003_gtr_base-snps-concat_phyloqr	phyloqr	0.2	nonrandom	15	0.9999375097640993
simulation/sim_c0.007_s0.003/c0.007_s0.003_gtr/c0.007_s0.003_gtr_base-snps-concat_phyloqr	phyloqr	0.2	nonrandom	16	0.999375312343828
simulation/sim_c0.007_s0.003/c0.007_s0.003_gtr/c0.007_s0.003_gtr_base-snps-concat_phyloqr	phyloqr	0.2	nonrandom	17	0.9999687539057618
simulation/sim_c0.007_s0.003/c0.007_s0.003_gtr/c0.007_s0.003_gtr_base-snps-concat_phyloqr	phyloqr	0.2	nonrandom	18	0.9990312802724914
simulation/sim_c0.007_s0.003/c0.007_s0.003_gtr/c0.007_s0.003_gtr_base-snps-concat_phyloqr	phyloqr	0.2	nonrandom	19	0.998125058591919
simulation/sim_c0.007_s0.003/c0.007_s0.003_gtr/c0.007_s0.003_gtr_base-snps-concat_phyloqr	phyloqr	0.2	nonrandom	20	0.9975938251929627
simulation/sim_c0.007_s0.003/c0.007_s0.003_gtr/c0.007_s0.003_gtr_base-snps-concat_phyloqr	phyloqr	0.2	nonrandom_weighted	1	0.9975625761694947
simulation/sim_c0.007_s0.003/c0.007_s0.003_gtr/c0.007_s0.003_gtr_base-snps-concat_phyloqr	phyloqr	0.2	nonrandom_weighted	2	0.9998750156230471
simulation/sim_c0.007_s0.003/c0.007_s0.003_gtr/c0.007_s0.003_gtr_base-snps-concat_phyloqr	phyloqr	0.2	nonrandom_weighted	3	0.9975625761694947
simulation/sim_c0.007_s0.003/c0.007_s0.003_gtr/c0.007_s0.003_gtr_base-snps-concat_phyloqr	phyloqr	0.2	nonrandom_weighted	4	0.9999375429392293
simulation/sim_c0.007_s0.003/c0.007_s0.003_gtr/c0.007_s0.003_gtr_base-snps-concat_phyloqr	phyloqr	0.2	nonrandom_weighted	5	0.99928125
simulation/sim_c0.007_s0.003/c0.007_s0.003_gtr/c0.007_s0.003_gtr_base-snps-concat_phyloqr	phyloqr	0.2	nonrandom_weighted	6	0.9997500078122559
simulation/sim_c0.007_s0.003/c0.007_s0.003_gtr/c0.007_s0.003_gtr_base-snps-concat_phyloqr	phyloqr	0.2	nonrandom_weighted	7	0.9997501327419808
simulation/sim_c0.007_s0.003/c0.007_s0.003_gtr/c0.007_s0.003_gtr_base-snps-concat_phyloqr	phyloqr	0.2	nonrandom_weighted	8	0.9991260378300768
simulation/sim_c0.007_s0.003/c0.007_s0.003_gtr/c0.007_s0.003_gtr_base-snps-concat_phyloqr	phyloqr	0.2	nonrandom_weighted	9	0.9999062529295959
simulation/sim_c0.007_s0.003/c0.007_s0.003_gtr/c0.007_s0.003_gtr_base-snps-concat_phyloqr	phyloqr	0.2	nonrandom_weighted	10	0.9995312646479797
simulation/sim_c0.007_s0.003/c0.007_s0.003_gtr/c0.007_s0.003_gtr_base-snps-concat_phyloqr	phyloqr	0.2	nonrandom_weighted	11	0.9995937626949157
simulation/sim_c0.007_s0.003/c0.007_s0.003_gtr/c0.007_s0.003_gtr_base-snps-concat_phyloqr	phyloqr	0.2	nonrandom_weighted	12	0.9996875097653198
simulation/sim_c0.007_s0.003/c0.007_s0.003_gtr/c0.007_s0.003_gtr_base-snps-concat_phyloqr	phyloqr	0.2	nonrandom_weighted	13	0.9975631092226943
simulation/sim_c0.007_s0.003/c0.007_s0.003_gtr/c0.007_s0.003_gtr_base-snps-concat_phyloqr	phyloqr	0.2	nonrandom_weighted	14	0.9996875097653198
simulation/sim_c0.007_s0.003/c0.007_s0.003_gtr/c0.007_s0.003_gtr_base-snps-concat_phyloqr	phyloqr	0.2	nonrandom_weighted	15	0.9998438914733523
simulation/sim_c0.007_s0.003/c0.007_s0.003_gtr/c0.007_s0.003_gtr_base-snps-concat_phyloqr	phyloqr	0.2	nonrandom_weighted	16	0.9998750663709904
simulation/sim_c0.007_s0.003/c0.007_s0.003_gtr/c0.007_s0.003_gtr_base-snps-concat_phyloqr	phyloqr	0.2	nonrandom_weighted	17	0.9998752105821427
simulation/sim_c0.007_s0.003/c0.007_s0.003_gtr/c0.007_s0.003_gtr_base-snps-concat_phyloqr	phyloqr	0.2	nonrandom_weighted	18	0.99965625
simulation/sim_c0.007_s0.003/c0.007_s0.003_gtr/c0.007_s0.003_gtr_base-snps-concat_phyloqr	phyloqr	0.2	nonrandom_weighted	19	0.999812581995377
simulation/sim_c0.007_s0.003/c0.007_s0.003_gtr/c0.007_s0.003_gtr_base-snps-concat_phyloqr	phyloqr	0.2	nonrandom_weighted	20	0.99971875
