simulation/sim_c0.004_s0.006/c0.004_s0.006_gtrgamma/c0.004_s0.006_gtrgamma_base-snps-concat_global	global	0.2	random	1	0.956049444375078
simulation/sim_c0.004_s0.006/c0.004_s0.006_gtrgamma/c0.004_s0.006_gtrgamma_base-snps-concat_global	global	0.2	random	2	0.9566051751888077
simulation/sim_c0.004_s0.006/c0.004_s0.006_gtrgamma/c0.004_s0.006_gtrgamma_base-snps-concat_global	global	0.2	random	3	0.954979879275654
simulation/sim_c0.004_s0.006/c0.004_s0.006_gtrgamma/c0.004_s0.006_gtrgamma_base-snps-concat_global	global	0.2	random	4	0.9591682894654187
simulation/sim_c0.004_s0.006/c0.004_s0.006_gtrgamma/c0.004_s0.006_gtrgamma_base-snps-concat_global	global	0.2	random	5	0.9572155986090413
simulation/sim_c0.004_s0.006/c0.004_s0.006_gtrgamma/c0.004_s0.006_gtrgamma_base-snps-concat_global	global	0.2	random	6	0.9609933525649066
simulation/sim_c0.004_s0.006/c0.004_s0.006_gtrgamma/c0.004_s0.006_gtrgamma_base-snps-concat_global	global	0.2	random	7	0.956766917293233
simulation/sim_c0.004_s0.006/c0.004_s0.006_gtrgamma/c0.004_s0.006_gtrgamma_base-snps-concat_global	global	0.2	random	8	0.9574190340026109
simulation/sim_c0.004_s0.006/c0.004_s0.006_gtrgamma/c0.004_s0.006_gtrgamma_base-snps-concat_global	global	0.2	random	9	0.9570113226328232
simulation/sim_c0.004_s0.006/c0.004_s0.006_gtrgamma/c0.004_s0.006_gtrgamma_base-snps-concat_global	global	0.2	random	10	0.9546130952380952
simulation/sim_c0.004_s0.006/c0.004_s0.006_gtrgamma/c0.004_s0.006_gtrgamma_base-snps-concat_global	global	0.2	random	11	0.9583568163316426
simulation/sim_c0.004_s0.006/c0.004_s0.006_gtrgamma/c0.004_s0.006_gtrgamma_base-snps-concat_global	global	0.2	random	12	0.9567221983156083
simulation/sim_c0.004_s0.006/c0.004_s0.006_gtrgamma/c0.004_s0.006_gtrgamma_base-snps-concat_global	global	0.2	random	13	0.957421607131725
simulation/sim_c0.004_s0.006/c0.004_s0.006_gtrgamma/c0.004_s0.006_gtrgamma_base-snps-concat_global	global	0.2	random	14	0.9587660924186827
simulation/sim_c0.004_s0.006/c0.004_s0.006_gtrgamma/c0.004_s0.006_gtrgamma_base-snps-concat_global	global	0.2	random	15	0.957643776551899
simulation/sim_c0.004_s0.006/c0.004_s0.006_gtrgamma/c0.004_s0.006_gtrgamma_base-snps-concat_global	global	0.2	random	16	0.9548285624410192
simulation/sim_c0.004_s0.006/c0.004_s0.006_gtrgamma/c0.004_s0.006_gtrgamma_base-snps-concat_global	global	0.2	random	17	0.9581389562729365
simulation/sim_c0.004_s0.006/c0.004_s0.006_gtrgamma/c0.004_s0.006_gtrgamma_base-snps-concat_global	global	0.2	random	18	0.9595274007038713
simulation/sim_c0.004_s0.006/c0.004_s0.006_gtrgamma/c0.004_s0.006_gtrgamma_base-snps-concat_global	global	0.2	random	19	0.9568716207720357
simulation/sim_c0.004_s0.006/c0.004_s0.006_gtrgamma/c0.004_s0.006_gtrgamma_base-snps-concat_global	global	0.2	random	20	0.955996010969833
simulation/sim_c0.004_s0.006/c0.004_s0.006_gtrgamma/c0.004_s0.006_gtrgamma_base-snps-concat_global	global	0.2	nonrandom	1	0.958205784969076
simulation/sim_c0.004_s0.006/c0.004_s0.006_gtrgamma/c0.004_s0.006_gtrgamma_base-snps-concat_global	global	0.2	nonrandom	2	0.9600399600399601
simulation/sim_c0.004_s0.006/c0.004_s0.006_gtrgamma/c0.004_s0.006_gtrgamma_base-snps-concat_global	global	0.2	nonrandom	3	0.9603149803137304
simulation/sim_c0.004_s0.006/c0.004_s0.006_gtrgamma/c0.004_s0.006_gtrgamma_base-snps-concat_global	global	0.2	nonrandom	4	0.9590025623398538
simulation/sim_c0.004_s0.006/c0.004_s0.006_gtrgamma/c0.004_s0.006_gtrgamma_base-snps-concat_global	global	0.2	nonrandom	5	0.9552472029501844
simulation/sim_c0.004_s0.006/c0.004_s0.006_gtrgamma/c0.004_s0.006_gtrgamma_base-snps-concat_global	global	0.2	nonrandom	6	0.953147420300705
simulation/sim_c0.004_s0.006/c0.004_s0.006_gtrgamma/c0.004_s0.006_gtrgamma_base-snps-concat_global	global	0.2	nonrandom	7	0.9595599724982812
simulation/sim_c0.004_s0.006/c0.004_s0.006_gtrgamma/c0.004_s0.006_gtrgamma_base-snps-concat_global	global	0.2	nonrandom	8	0.9541221326332896
simulation/sim_c0.004_s0.006/c0.004_s0.006_gtrgamma/c0.004_s0.006_gtrgamma_base-snps-concat_global	global	0.2	nonrandom	9	0.950628085744641
simulation/sim_c0.004_s0.006/c0.004_s0.006_gtrgamma/c0.004_s0.006_gtrgamma_base-snps-concat_global	global	0.2	nonrandom	10	0.958419179621652
simulation/sim_c0.004_s0.006/c0.004_s0.006_gtrgamma/c0.004_s0.006_gtrgamma_base-snps-concat_global	global	0.2	nonrandom	11	0.9552145708582834
simulation/sim_c0.004_s0.006/c0.004_s0.006_gtrgamma/c0.004_s0.006_gtrgamma_base-snps-concat_global	global	0.2	nonrandom	12	0.958127617023936
simulation/sim_c0.004_s0.006/c0.004_s0.006_gtrgamma/c0.004_s0.006_gtrgamma_base-snps-concat_global	global	0.2	nonrandom	13	0.9574308719805256
simulation/sim_c0.004_s0.006/c0.004_s0.006_gtrgamma/c0.004_s0.006_gtrgamma_base-snps-concat_global	global	0.2	nonrandom	14	0.9605649646897069
simulation/sim_c0.004_s0.006/c0.004_s0.006_gtrgamma/c0.004_s0.006_gtrgamma_base-snps-concat_global	global	0.2	nonrandom	15	0.9559402537341416
simulation/sim_c0.004_s0.006/c0.004_s0.006_gtrgamma/c0.004_s0.006_gtrgamma_base-snps-concat_global	global	0.2	nonrandom	16	0.955627773264171
simulation/sim_c0.004_s0.006/c0.004_s0.006_gtrgamma/c0.004_s0.006_gtrgamma_base-snps-concat_global	global	0.2	nonrandom	17	0.9573151678020124
simulation/sim_c0.004_s0.006/c0.004_s0.006_gtrgamma/c0.004_s0.006_gtrgamma_base-snps-concat_global	global	0.2	nonrandom	18	0.9595599724982812
simulation/sim_c0.004_s0.006/c0.004_s0.006_gtrgamma/c0.004_s0.006_gtrgamma_base-snps-concat_global	global	0.2	nonrandom	19	0.9567226628364454
simulation/sim_c0.004_s0.006/c0.004_s0.006_gtrgamma/c0.004_s0.006_gtrgamma_base-snps-concat_global	global	0.2	nonrandom	20	0.9438925335832552
simulation/sim_c0.004_s0.006/c0.004_s0.006_gtrgamma/c0.004_s0.006_gtrgamma_base-snps-concat_global	global	0.2	nonrandom_weighted	1	0.948684292768298
simulation/sim_c0.004_s0.006/c0.004_s0.006_gtrgamma/c0.004_s0.006_gtrgamma_base-snps-concat_global	global	0.2	nonrandom_weighted	2	0.9526811910855859
simulation/sim_c0.004_s0.006/c0.004_s0.006_gtrgamma/c0.004_s0.006_gtrgamma_base-snps-concat_global	global	0.2	nonrandom_weighted	3	0.9530654334104118
simulation/sim_c0.004_s0.006/c0.004_s0.006_gtrgamma/c0.004_s0.006_gtrgamma_base-snps-concat_global	global	0.2	nonrandom_weighted	4	0.9510214281251952
simulation/sim_c0.004_s0.006/c0.004_s0.006_gtrgamma/c0.004_s0.006_gtrgamma_base-snps-concat_global	global	0.2	nonrandom_weighted	5	0.9553973013493253
simulation/sim_c0.004_s0.006/c0.004_s0.006_gtrgamma/c0.004_s0.006_gtrgamma_base-snps-concat_global	global	0.2	nonrandom_weighted	6	0.951128054496594
simulation/sim_c0.004_s0.006/c0.004_s0.006_gtrgamma/c0.004_s0.006_gtrgamma_base-snps-concat_global	global	0.2	nonrandom_weighted	7	0.9633125
simulation/sim_c0.004_s0.006/c0.004_s0.006_gtrgamma/c0.004_s0.006_gtrgamma_base-snps-concat_global	global	0.2	nonrandom_weighted	8	0.9446176874142447
simulation/sim_c0.004_s0.006/c0.004_s0.006_gtrgamma/c0.004_s0.006_gtrgamma_base-snps-concat_global	global	0.2	nonrandom_weighted	9	0.9491875
simulation/sim_c0.004_s0.006/c0.004_s0.006_gtrgamma/c0.004_s0.006_gtrgamma_base-snps-concat_global	global	0.2	nonrandom_weighted	10	0.953875
simulation/sim_c0.004_s0.006/c0.004_s0.006_gtrgamma/c0.004_s0.006_gtrgamma_base-snps-concat_global	global	0.2	nonrandom_weighted	11	0.9598150115617774
simulation/sim_c0.004_s0.006/c0.004_s0.006_gtrgamma/c0.004_s0.006_gtrgamma_base-snps-concat_global	global	0.2	nonrandom_weighted	12	0.9548778201362415
simulation/sim_c0.004_s0.006/c0.004_s0.006_gtrgamma/c0.004_s0.006_gtrgamma_base-snps-concat_global	global	0.2	nonrandom_weighted	13	0.9529404412224236
simulation/sim_c0.004_s0.006/c0.004_s0.006_gtrgamma/c0.004_s0.006_gtrgamma_base-snps-concat_global	global	0.2	nonrandom_weighted	14	0.953704860677246
simulation/sim_c0.004_s0.006/c0.004_s0.006_gtrgamma/c0.004_s0.006_gtrgamma_base-snps-concat_global	global	0.2	nonrandom_weighted	15	0.9563343328335832
simulation/sim_c0.004_s0.006/c0.004_s0.006_gtrgamma/c0.004_s0.006_gtrgamma_base-snps-concat_global	global	0.2	nonrandom_weighted	16	0.946125
simulation/sim_c0.004_s0.006/c0.004_s0.006_gtrgamma/c0.004_s0.006_gtrgamma_base-snps-concat_global	global	0.2	nonrandom_weighted	17	0.9563397876327295
simulation/sim_c0.004_s0.006/c0.004_s0.006_gtrgamma/c0.004_s0.006_gtrgamma_base-snps-concat_global	global	0.2	nonrandom_weighted	18	0.9530029373164177
simulation/sim_c0.004_s0.006/c0.004_s0.006_gtrgamma/c0.004_s0.006_gtrgamma_base-snps-concat_global	global	0.2	nonrandom_weighted	19	0.9540086233831157
simulation/sim_c0.004_s0.006/c0.004_s0.006_gtrgamma/c0.004_s0.006_gtrgamma_base-snps-concat_global	global	0.2	nonrandom_weighted	20	0.9510839007934029
