simulation/sim_c0.006_s0.004/c0.006_s0.004_gtrgamma/c0.006_s0.004_gtrgamma_base-snps-concat_popWrong	population2	0.2	random	1	0.9644764625512359
simulation/sim_c0.006_s0.004/c0.006_s0.004_gtrgamma/c0.006_s0.004_gtrgamma_base-snps-concat_popWrong	population2	0.2	random	2	0.9656902210937016
simulation/sim_c0.006_s0.004/c0.006_s0.004_gtrgamma/c0.006_s0.004_gtrgamma_base-snps-concat_popWrong	population2	0.2	random	3	0.9659332416552069
simulation/sim_c0.006_s0.004/c0.006_s0.004_gtrgamma/c0.006_s0.004_gtrgamma_base-snps-concat_popWrong	population2	0.2	random	4	0.9649111715243093
simulation/sim_c0.006_s0.004/c0.006_s0.004_gtrgamma/c0.006_s0.004_gtrgamma_base-snps-concat_popWrong	population2	0.2	random	5	0.9637292783248161
simulation/sim_c0.006_s0.004/c0.006_s0.004_gtrgamma/c0.006_s0.004_gtrgamma_base-snps-concat_popWrong	population2	0.2	random	6	0.9644981647892672
simulation/sim_c0.006_s0.004/c0.006_s0.004_gtrgamma/c0.006_s0.004_gtrgamma_base-snps-concat_popWrong	population2	0.2	random	7	0.9635258358662614
simulation/sim_c0.006_s0.004/c0.006_s0.004_gtrgamma/c0.006_s0.004_gtrgamma_base-snps-concat_popWrong	population2	0.2	random	8	0.9637580502588711
simulation/sim_c0.006_s0.004/c0.006_s0.004_gtrgamma/c0.006_s0.004_gtrgamma_base-snps-concat_popWrong	population2	0.2	random	9	0.9652254478072885
simulation/sim_c0.006_s0.004/c0.006_s0.004_gtrgamma/c0.006_s0.004_gtrgamma_base-snps-concat_popWrong	population2	0.2	random	10	0.9673062357990406
simulation/sim_c0.006_s0.004/c0.006_s0.004_gtrgamma/c0.006_s0.004_gtrgamma_base-snps-concat_popWrong	population2	0.2	random	11	0.9659646483640466
simulation/sim_c0.006_s0.004/c0.006_s0.004_gtrgamma/c0.006_s0.004_gtrgamma_base-snps-concat_popWrong	population2	0.2	random	12	0.9654829280427887
simulation/sim_c0.006_s0.004/c0.006_s0.004_gtrgamma/c0.006_s0.004_gtrgamma_base-snps-concat_popWrong	population2	0.2	random	13	0.9665308680664368
simulation/sim_c0.006_s0.004/c0.006_s0.004_gtrgamma/c0.006_s0.004_gtrgamma_base-snps-concat_popWrong	population2	0.2	random	14	0.9653766543310544
simulation/sim_c0.006_s0.004/c0.006_s0.004_gtrgamma/c0.006_s0.004_gtrgamma_base-snps-concat_popWrong	population2	0.2	random	15	0.965508622844289
simulation/sim_c0.006_s0.004/c0.006_s0.004_gtrgamma/c0.006_s0.004_gtrgamma_base-snps-concat_popWrong	population2	0.2	random	16	0.9657071339173967
simulation/sim_c0.006_s0.004/c0.006_s0.004_gtrgamma/c0.006_s0.004_gtrgamma_base-snps-concat_popWrong	population2	0.2	random	17	0.9671754777860512
simulation/sim_c0.006_s0.004/c0.006_s0.004_gtrgamma/c0.006_s0.004_gtrgamma_base-snps-concat_popWrong	population2	0.2	random	18	0.9660754155296453
simulation/sim_c0.006_s0.004/c0.006_s0.004_gtrgamma/c0.006_s0.004_gtrgamma_base-snps-concat_popWrong	population2	0.2	random	19	0.9649822418842295
simulation/sim_c0.006_s0.004/c0.006_s0.004_gtrgamma/c0.006_s0.004_gtrgamma_base-snps-concat_popWrong	population2	0.2	random	20	0.9656832104013001
simulation/sim_c0.006_s0.004/c0.006_s0.004_gtrgamma/c0.006_s0.004_gtrgamma_base-snps-concat_popWrong	population2	0.2	nonrandom	1	0.968927434953516
simulation/sim_c0.006_s0.004/c0.006_s0.004_gtrgamma/c0.006_s0.004_gtrgamma_base-snps-concat_popWrong	population2	0.2	nonrandom	2	0.9628148240734954
simulation/sim_c0.006_s0.004/c0.006_s0.004_gtrgamma/c0.006_s0.004_gtrgamma_base-snps-concat_popWrong	population2	0.2	nonrandom	3	0.9675
simulation/sim_c0.006_s0.004/c0.006_s0.004_gtrgamma/c0.006_s0.004_gtrgamma_base-snps-concat_popWrong	population2	0.2	nonrandom	4	0.9631273045434661
simulation/sim_c0.006_s0.004/c0.006_s0.004_gtrgamma/c0.006_s0.004_gtrgamma_base-snps-concat_popWrong	population2	0.2	nonrandom	5	0.9650646834572839
simulation/sim_c0.006_s0.004/c0.006_s0.004_gtrgamma/c0.006_s0.004_gtrgamma_base-snps-concat_popWrong	population2	0.2	nonrandom	6	0.9619398787575777
simulation/sim_c0.006_s0.004/c0.006_s0.004_gtrgamma/c0.006_s0.004_gtrgamma_base-snps-concat_popWrong	population2	0.2	nonrandom	7	0.9598150115617774
simulation/sim_c0.006_s0.004/c0.006_s0.004_gtrgamma/c0.006_s0.004_gtrgamma_base-snps-concat_popWrong	population2	0.2	nonrandom	8	0.9657478592412025
simulation/sim_c0.006_s0.004/c0.006_s0.004_gtrgamma/c0.006_s0.004_gtrgamma_base-snps-concat_popWrong	population2	0.2	nonrandom	9	0.9663146053371664
simulation/sim_c0.006_s0.004/c0.006_s0.004_gtrgamma/c0.006_s0.004_gtrgamma_base-snps-concat_popWrong	population2	0.2	nonrandom	10	0.9683291770573567
simulation/sim_c0.006_s0.004/c0.006_s0.004_gtrgamma/c0.006_s0.004_gtrgamma_base-snps-concat_popWrong	population2	0.2	nonrandom	11	0.9674354647165447
simulation/sim_c0.006_s0.004/c0.006_s0.004_gtrgamma/c0.006_s0.004_gtrgamma_base-snps-concat_popWrong	population2	0.2	nonrandom	12	0.9696268983188551
simulation/sim_c0.006_s0.004/c0.006_s0.004_gtrgamma/c0.006_s0.004_gtrgamma_base-snps-concat_popWrong	population2	0.2	nonrandom	13	0.9680605037814863
simulation/sim_c0.006_s0.004/c0.006_s0.004_gtrgamma/c0.006_s0.004_gtrgamma_base-snps-concat_popWrong	population2	0.2	nonrandom	14	0.9644352772048252
simulation/sim_c0.006_s0.004/c0.006_s0.004_gtrgamma/c0.006_s0.004_gtrgamma_base-snps-concat_popWrong	population2	0.2	nonrandom	15	0.9644352772048252
simulation/sim_c0.006_s0.004/c0.006_s0.004_gtrgamma/c0.006_s0.004_gtrgamma_base-snps-concat_popWrong	population2	0.2	nonrandom	16	0.9643147303293544
simulation/sim_c0.006_s0.004/c0.006_s0.004_gtrgamma/c0.006_s0.004_gtrgamma_base-snps-concat_popWrong	population2	0.2	nonrandom	17	0.9663960024984385
simulation/sim_c0.006_s0.004/c0.006_s0.004_gtrgamma/c0.006_s0.004_gtrgamma_base-snps-concat_popWrong	population2	0.2	nonrandom	18	0.9683528532270123
simulation/sim_c0.006_s0.004/c0.006_s0.004_gtrgamma/c0.006_s0.004_gtrgamma_base-snps-concat_popWrong	population2	0.2	nonrandom	19	0.9567472967060441
simulation/sim_c0.006_s0.004/c0.006_s0.004_gtrgamma/c0.006_s0.004_gtrgamma_base-snps-concat_popWrong	population2	0.2	nonrandom	20	0.9640647459533779
simulation/sim_c0.006_s0.004/c0.006_s0.004_gtrgamma/c0.006_s0.004_gtrgamma_base-snps-concat_popWrong	population2	0.2	nonrandom_weighted	1	0.9576901443659771
simulation/sim_c0.006_s0.004/c0.006_s0.004_gtrgamma/c0.006_s0.004_gtrgamma_base-snps-concat_popWrong	population2	0.2	nonrandom_weighted	2	0.965127179551278
simulation/sim_c0.006_s0.004/c0.006_s0.004_gtrgamma/c0.006_s0.004_gtrgamma_base-snps-concat_popWrong	population2	0.2	nonrandom_weighted	3	0.9590716246568505
simulation/sim_c0.006_s0.004/c0.006_s0.004_gtrgamma/c0.006_s0.004_gtrgamma_base-snps-concat_popWrong	population2	0.2	nonrandom_weighted	4	0.965122820176261
simulation/sim_c0.006_s0.004/c0.006_s0.004_gtrgamma/c0.006_s0.004_gtrgamma_base-snps-concat_popWrong	population2	0.2	nonrandom_weighted	5	0.9579348709294331
simulation/sim_c0.006_s0.004/c0.006_s0.004_gtrgamma/c0.006_s0.004_gtrgamma_base-snps-concat_popWrong	population2	0.2	nonrandom_weighted	6	0.9648103006437903
simulation/sim_c0.006_s0.004/c0.006_s0.004_gtrgamma/c0.006_s0.004_gtrgamma_base-snps-concat_popWrong	population2	0.2	nonrandom_weighted	7	0.9708143241047434
simulation/sim_c0.006_s0.004/c0.006_s0.004_gtrgamma/c0.006_s0.004_gtrgamma_base-snps-concat_popWrong	population2	0.2	nonrandom_weighted	8	0.9641227576723546
simulation/sim_c0.006_s0.004/c0.006_s0.004_gtrgamma/c0.006_s0.004_gtrgamma_base-snps-concat_popWrong	population2	0.2	nonrandom_weighted	9	0.9628542889249594
simulation/sim_c0.006_s0.004/c0.006_s0.004_gtrgamma/c0.006_s0.004_gtrgamma_base-snps-concat_popWrong	population2	0.2	nonrandom_weighted	10	0.9591849490593162
simulation/sim_c0.006_s0.004/c0.006_s0.004_gtrgamma/c0.006_s0.004_gtrgamma_base-snps-concat_popWrong	population2	0.2	nonrandom_weighted	11	0.9635410163565988
simulation/sim_c0.006_s0.004/c0.006_s0.004_gtrgamma/c0.006_s0.004_gtrgamma_base-snps-concat_popWrong	population2	0.2	nonrandom_weighted	12	0.9639977498593663
simulation/sim_c0.006_s0.004/c0.006_s0.004_gtrgamma/c0.006_s0.004_gtrgamma_base-snps-concat_popWrong	population2	0.2	nonrandom_weighted	13	0.9662752935298526
simulation/sim_c0.006_s0.004/c0.006_s0.004_gtrgamma/c0.006_s0.004_gtrgamma_base-snps-concat_popWrong	population2	0.2	nonrandom_weighted	14	0.9641897381413662
simulation/sim_c0.006_s0.004/c0.006_s0.004_gtrgamma/c0.006_s0.004_gtrgamma_base-snps-concat_popWrong	population2	0.2	nonrandom_weighted	15	0.959
simulation/sim_c0.006_s0.004/c0.006_s0.004_gtrgamma/c0.006_s0.004_gtrgamma_base-snps-concat_popWrong	population2	0.2	nonrandom_weighted	16	0.9661292338457693
simulation/sim_c0.006_s0.004/c0.006_s0.004_gtrgamma/c0.006_s0.004_gtrgamma_base-snps-concat_popWrong	population2	0.2	nonrandom_weighted	17	0.9672264186278794
simulation/sim_c0.006_s0.004/c0.006_s0.004_gtrgamma/c0.006_s0.004_gtrgamma_base-snps-concat_popWrong	population2	0.2	nonrandom_weighted	18	0.9626226639164948
simulation/sim_c0.006_s0.004/c0.006_s0.004_gtrgamma/c0.006_s0.004_gtrgamma_base-snps-concat_popWrong	population2	0.2	nonrandom_weighted	19	0.9624976561035065
simulation/sim_c0.006_s0.004/c0.006_s0.004_gtrgamma/c0.006_s0.004_gtrgamma_base-snps-concat_popWrong	population2	0.2	nonrandom_weighted	20	0.962310144384024
