simulation/sim_c0.003_s0.007/c0.003_s0.007_gtrgamma/c0.003_s0.007_gtrgamma_base-snps-concat_phyloqr	phyloqr	0.2	random	1	0.9988638515432683
simulation/sim_c0.003_s0.007/c0.003_s0.007_gtrgamma/c0.003_s0.007_gtrgamma_base-snps-concat_phyloqr	phyloqr	0.2	random	2	0.9990653623278709
simulation/sim_c0.003_s0.007/c0.003_s0.007_gtrgamma/c0.003_s0.007_gtrgamma_base-snps-concat_phyloqr	phyloqr	0.2	random	3	0.9991288114499066
simulation/sim_c0.003_s0.007/c0.003_s0.007_gtrgamma/c0.003_s0.007_gtrgamma_base-snps-concat_phyloqr	phyloqr	0.2	random	4	0.9988767550702028
simulation/sim_c0.003_s0.007/c0.003_s0.007_gtrgamma/c0.003_s0.007_gtrgamma_base-snps-concat_phyloqr	phyloqr	0.2	random	5	0.9992492492492493
simulation/sim_c0.003_s0.007/c0.003_s0.007_gtrgamma/c0.003_s0.007_gtrgamma_base-snps-concat_phyloqr	phyloqr	0.2	random	6	0.999118221326447
simulation/sim_c0.003_s0.007/c0.003_s0.007_gtrgamma/c0.003_s0.007_gtrgamma_base-snps-concat_phyloqr	phyloqr	0.2	random	7	0.9991833657893083
simulation/sim_c0.003_s0.007/c0.003_s0.007_gtrgamma/c0.003_s0.007_gtrgamma_base-snps-concat_phyloqr	phyloqr	0.2	random	8	0.9991336097530787
simulation/sim_c0.003_s0.007/c0.003_s0.007_gtrgamma/c0.003_s0.007_gtrgamma_base-snps-concat_phyloqr	phyloqr	0.2	random	9	0.9988670694864048
simulation/sim_c0.003_s0.007/c0.003_s0.007_gtrgamma/c0.003_s0.007_gtrgamma_base-snps-concat_phyloqr	phyloqr	0.2	random	10	0.9991267465069861
simulation/sim_c0.003_s0.007/c0.003_s0.007_gtrgamma/c0.003_s0.007_gtrgamma_base-snps-concat_phyloqr	phyloqr	0.2	random	11	0.9991861775385
simulation/sim_c0.003_s0.007/c0.003_s0.007_gtrgamma/c0.003_s0.007_gtrgamma_base-snps-concat_phyloqr	phyloqr	0.2	random	12	0.9991252186953262
simulation/sim_c0.003_s0.007/c0.003_s0.007_gtrgamma/c0.003_s0.007_gtrgamma_base-snps-concat_phyloqr	phyloqr	0.2	random	13	0.9991099809281627
simulation/sim_c0.003_s0.007/c0.003_s0.007_gtrgamma/c0.003_s0.007_gtrgamma_base-snps-concat_phyloqr	phyloqr	0.2	random	14	0.9988808058198098
simulation/sim_c0.003_s0.007/c0.003_s0.007_gtrgamma/c0.003_s0.007_gtrgamma_base-snps-concat_phyloqr	phyloqr	0.2	random	15	0.9988893002591632
simulation/sim_c0.003_s0.007/c0.003_s0.007_gtrgamma/c0.003_s0.007_gtrgamma_base-snps-concat_phyloqr	phyloqr	0.2	random	16	0.9993803829233534
simulation/sim_c0.003_s0.007/c0.003_s0.007_gtrgamma/c0.003_s0.007_gtrgamma_base-snps-concat_phyloqr	phyloqr	0.2	random	17	0.9989974309167241
simulation/sim_c0.003_s0.007/c0.003_s0.007_gtrgamma/c0.003_s0.007_gtrgamma_base-snps-concat_phyloqr	phyloqr	0.2	random	18	0.9987455309540237
simulation/sim_c0.003_s0.007/c0.003_s0.007_gtrgamma/c0.003_s0.007_gtrgamma_base-snps-concat_phyloqr	phyloqr	0.2	random	19	0.9990033015635706
simulation/sim_c0.003_s0.007/c0.003_s0.007_gtrgamma/c0.003_s0.007_gtrgamma_base-snps-concat_phyloqr	phyloqr	0.2	random	20	0.9986922406277245
simulation/sim_c0.003_s0.007/c0.003_s0.007_gtrgamma/c0.003_s0.007_gtrgamma_base-snps-concat_phyloqr	phyloqr	0.2	nonrandom	1	0.9993119409520235
simulation/sim_c0.003_s0.007/c0.003_s0.007_gtrgamma/c0.003_s0.007_gtrgamma_base-snps-concat_phyloqr	phyloqr	0.2	nonrandom	2	0.9998747573423508
simulation/sim_c0.003_s0.007/c0.003_s0.007_gtrgamma/c0.003_s0.007_gtrgamma_base-snps-concat_phyloqr	phyloqr	0.2	nonrandom	3	0.9998121360135263
simulation/sim_c0.003_s0.007/c0.003_s0.007_gtrgamma/c0.003_s0.007_gtrgamma_base-snps-concat_phyloqr	phyloqr	0.2	nonrandom	4	0.9998121360135263
simulation/sim_c0.003_s0.007/c0.003_s0.007_gtrgamma/c0.003_s0.007_gtrgamma_base-snps-concat_phyloqr	phyloqr	0.2	nonrandom	5	0.9998121360135263
simulation/sim_c0.003_s0.007/c0.003_s0.007_gtrgamma/c0.003_s0.007_gtrgamma_base-snps-concat_phyloqr	phyloqr	0.2	nonrandom	6	0.9991233013964557
simulation/sim_c0.003_s0.007/c0.003_s0.007_gtrgamma/c0.003_s0.007_gtrgamma_base-snps-concat_phyloqr	phyloqr	0.2	nonrandom	7	0.9956165069822782
simulation/sim_c0.003_s0.007/c0.003_s0.007_gtrgamma/c0.003_s0.007_gtrgamma_base-snps-concat_phyloqr	phyloqr	0.2	nonrandom	8	0.9996242720270524
simulation/sim_c0.003_s0.007/c0.003_s0.007_gtrgamma/c0.003_s0.007_gtrgamma_base-snps-concat_phyloqr	phyloqr	0.2	nonrandom	9	1.0
simulation/sim_c0.003_s0.007/c0.003_s0.007_gtrgamma/c0.003_s0.007_gtrgamma_base-snps-concat_phyloqr	phyloqr	0.2	nonrandom	10	0.9998747573423508
simulation/sim_c0.003_s0.007/c0.003_s0.007_gtrgamma/c0.003_s0.007_gtrgamma_base-snps-concat_phyloqr	phyloqr	0.2	nonrandom	11	0.9992485440541048
simulation/sim_c0.003_s0.007/c0.003_s0.007_gtrgamma/c0.003_s0.007_gtrgamma_base-snps-concat_phyloqr	phyloqr	0.2	nonrandom	12	0.999373786711754
simulation/sim_c0.003_s0.007/c0.003_s0.007_gtrgamma/c0.003_s0.007_gtrgamma_base-snps-concat_phyloqr	phyloqr	0.2	nonrandom	13	0.9999373786711754
simulation/sim_c0.003_s0.007/c0.003_s0.007_gtrgamma/c0.003_s0.007_gtrgamma_base-snps-concat_phyloqr	phyloqr	0.2	nonrandom	14	0.9994990293694033
simulation/sim_c0.003_s0.007/c0.003_s0.007_gtrgamma/c0.003_s0.007_gtrgamma_base-snps-concat_phyloqr	phyloqr	0.2	nonrandom	15	0.9995616506982278
simulation/sim_c0.003_s0.007/c0.003_s0.007_gtrgamma/c0.003_s0.007_gtrgamma_base-snps-concat_phyloqr	phyloqr	0.2	nonrandom	16	0.9997495303694427
simulation/sim_c0.003_s0.007/c0.003_s0.007_gtrgamma/c0.003_s0.007_gtrgamma_base-snps-concat_phyloqr	phyloqr	0.2	nonrandom	17	1.0
simulation/sim_c0.003_s0.007/c0.003_s0.007_gtrgamma/c0.003_s0.007_gtrgamma_base-snps-concat_phyloqr	phyloqr	0.2	nonrandom	18	0.9961800989416996
simulation/sim_c0.003_s0.007/c0.003_s0.007_gtrgamma/c0.003_s0.007_gtrgamma_base-snps-concat_phyloqr	phyloqr	0.2	nonrandom	19	0.9998121360135263
simulation/sim_c0.003_s0.007/c0.003_s0.007_gtrgamma/c0.003_s0.007_gtrgamma_base-snps-concat_phyloqr	phyloqr	0.2	nonrandom	20	0.999686893355877
simulation/sim_c0.003_s0.007/c0.003_s0.007_gtrgamma/c0.003_s0.007_gtrgamma_base-snps-concat_phyloqr	phyloqr	0.2	nonrandom_weighted	1	0.99937374749499
simulation/sim_c0.003_s0.007/c0.003_s0.007_gtrgamma/c0.003_s0.007_gtrgamma_base-snps-concat_phyloqr	phyloqr	0.2	nonrandom_weighted	2	0.9998121360135263
simulation/sim_c0.003_s0.007/c0.003_s0.007_gtrgamma/c0.003_s0.007_gtrgamma_base-snps-concat_phyloqr	phyloqr	0.2	nonrandom_weighted	3	0.9961800989416996
simulation/sim_c0.003_s0.007/c0.003_s0.007_gtrgamma/c0.003_s0.007_gtrgamma_base-snps-concat_phyloqr	phyloqr	0.2	nonrandom_weighted	4	0.999686893355877
simulation/sim_c0.003_s0.007/c0.003_s0.007_gtrgamma/c0.003_s0.007_gtrgamma_base-snps-concat_phyloqr	phyloqr	0.2	nonrandom_weighted	5	0.999686893355877
simulation/sim_c0.003_s0.007/c0.003_s0.007_gtrgamma/c0.003_s0.007_gtrgamma_base-snps-concat_phyloqr	phyloqr	0.2	nonrandom_weighted	6	0.9986849520946834
simulation/sim_c0.003_s0.007/c0.003_s0.007_gtrgamma/c0.003_s0.007_gtrgamma_base-snps-concat_phyloqr	phyloqr	0.2	nonrandom_weighted	7	0.9998121360135263
simulation/sim_c0.003_s0.007/c0.003_s0.007_gtrgamma/c0.003_s0.007_gtrgamma_base-snps-concat_phyloqr	phyloqr	0.2	nonrandom_weighted	8	0.9998750078120118
simulation/sim_c0.003_s0.007/c0.003_s0.007_gtrgamma/c0.003_s0.007_gtrgamma_base-snps-concat_phyloqr	phyloqr	0.2	nonrandom_weighted	9	0.9998121360135263
simulation/sim_c0.003_s0.007/c0.003_s0.007_gtrgamma/c0.003_s0.007_gtrgamma_base-snps-concat_phyloqr	phyloqr	0.2	nonrandom_weighted	10	1.0
simulation/sim_c0.003_s0.007/c0.003_s0.007_gtrgamma/c0.003_s0.007_gtrgamma_base-snps-concat_phyloqr	phyloqr	0.2	nonrandom_weighted	11	0.998496993987976
simulation/sim_c0.003_s0.007/c0.003_s0.007_gtrgamma/c0.003_s0.007_gtrgamma_base-snps-concat_phyloqr	phyloqr	0.2	nonrandom_weighted	12	0.9997495146847016
simulation/sim_c0.003_s0.007/c0.003_s0.007_gtrgamma/c0.003_s0.007_gtrgamma_base-snps-concat_phyloqr	phyloqr	0.2	nonrandom_weighted	13	0.9993746091307066
simulation/sim_c0.003_s0.007/c0.003_s0.007_gtrgamma/c0.003_s0.007_gtrgamma_base-snps-concat_phyloqr	phyloqr	0.2	nonrandom_weighted	14	0.9999373786711754
simulation/sim_c0.003_s0.007/c0.003_s0.007_gtrgamma/c0.003_s0.007_gtrgamma_base-snps-concat_phyloqr	phyloqr	0.2	nonrandom_weighted	15	0.9995616506982278
simulation/sim_c0.003_s0.007/c0.003_s0.007_gtrgamma/c0.003_s0.007_gtrgamma_base-snps-concat_phyloqr	phyloqr	0.2	nonrandom_weighted	16	0.9962427202705242
simulation/sim_c0.003_s0.007/c0.003_s0.007_gtrgamma/c0.003_s0.007_gtrgamma_base-snps-concat_phyloqr	phyloqr	0.2	nonrandom_weighted	17	1.0
simulation/sim_c0.003_s0.007/c0.003_s0.007_gtrgamma/c0.003_s0.007_gtrgamma_base-snps-concat_phyloqr	phyloqr	0.2	nonrandom_weighted	18	0.9987481221832749
simulation/sim_c0.003_s0.007/c0.003_s0.007_gtrgamma/c0.003_s0.007_gtrgamma_base-snps-concat_phyloqr	phyloqr	0.2	nonrandom_weighted	19	0.999749498997996
simulation/sim_c0.003_s0.007/c0.003_s0.007_gtrgamma/c0.003_s0.007_gtrgamma_base-snps-concat_phyloqr	phyloqr	0.2	nonrandom_weighted	20	0.9986237097278698
