simulation/sim_c0.005_s0.005/c0.005_s0.005_gtr/c0.005_s0.005_gtr_base-snps-concat_pop	population	0.2	random	1	0.9554314942457037
simulation/sim_c0.005_s0.005/c0.005_s0.005_gtr/c0.005_s0.005_gtr_base-snps-concat_pop	population	0.2	random	2	0.9559928331185364
simulation/sim_c0.005_s0.005/c0.005_s0.005_gtr/c0.005_s0.005_gtr_base-snps-concat_pop	population	0.2	random	3	0.9561128526645768
simulation/sim_c0.005_s0.005/c0.005_s0.005_gtr/c0.005_s0.005_gtr_base-snps-concat_pop	population	0.2	random	4	0.9589350747205827
simulation/sim_c0.005_s0.005/c0.005_s0.005_gtr/c0.005_s0.005_gtr_base-snps-concat_pop	population	0.2	random	5	0.9550408296333095
simulation/sim_c0.005_s0.005/c0.005_s0.005_gtr/c0.005_s0.005_gtr_base-snps-concat_pop	population	0.2	random	6	0.9545666718531196
simulation/sim_c0.005_s0.005/c0.005_s0.005_gtr/c0.005_s0.005_gtr_base-snps-concat_pop	population	0.2	random	7	0.9574873492846879
simulation/sim_c0.005_s0.005/c0.005_s0.005_gtr/c0.005_s0.005_gtr_base-snps-concat_pop	population	0.2	random	8	0.9547029547029547
simulation/sim_c0.005_s0.005/c0.005_s0.005_gtr/c0.005_s0.005_gtr_base-snps-concat_pop	population	0.2	random	9	0.9576316035239548
simulation/sim_c0.005_s0.005/c0.005_s0.005_gtr/c0.005_s0.005_gtr_base-snps-concat_pop	population	0.2	random	10	0.9535652447662522
simulation/sim_c0.005_s0.005/c0.005_s0.005_gtr/c0.005_s0.005_gtr_base-snps-concat_pop	population	0.2	random	11	0.9572532402791625
simulation/sim_c0.005_s0.005/c0.005_s0.005_gtr/c0.005_s0.005_gtr_base-snps-concat_pop	population	0.2	random	12	0.9551384326607226
simulation/sim_c0.005_s0.005/c0.005_s0.005_gtr/c0.005_s0.005_gtr_base-snps-concat_pop	population	0.2	random	13	0.9556850946471105
simulation/sim_c0.005_s0.005/c0.005_s0.005_gtr/c0.005_s0.005_gtr_base-snps-concat_pop	population	0.2	random	14	0.9561891732222256
simulation/sim_c0.005_s0.005/c0.005_s0.005_gtr/c0.005_s0.005_gtr_base-snps-concat_pop	population	0.2	random	15	0.9555403556771546
simulation/sim_c0.005_s0.005/c0.005_s0.005_gtr/c0.005_s0.005_gtr_base-snps-concat_pop	population	0.2	random	16	0.956818820005616
simulation/sim_c0.005_s0.005/c0.005_s0.005_gtr/c0.005_s0.005_gtr_base-snps-concat_pop	population	0.2	random	17	0.95500078015291
simulation/sim_c0.005_s0.005/c0.005_s0.005_gtr/c0.005_s0.005_gtr_base-snps-concat_pop	population	0.2	random	18	0.9582438781542674
simulation/sim_c0.005_s0.005/c0.005_s0.005_gtr/c0.005_s0.005_gtr_base-snps-concat_pop	population	0.2	random	19	0.9559505894156007
simulation/sim_c0.005_s0.005/c0.005_s0.005_gtr/c0.005_s0.005_gtr_base-snps-concat_pop	population	0.2	random	20	0.9556479556479557
simulation/sim_c0.005_s0.005/c0.005_s0.005_gtr/c0.005_s0.005_gtr_base-snps-concat_pop	population	0.2	nonrandom	1	0.9599038941587619
simulation/sim_c0.005_s0.005/c0.005_s0.005_gtr/c0.005_s0.005_gtr_base-snps-concat_pop	population	0.2	nonrandom	2	0.951212660361457
simulation/sim_c0.005_s0.005/c0.005_s0.005_gtr/c0.005_s0.005_gtr_base-snps-concat_pop	population	0.2	nonrandom	3	0.9621586150865571
simulation/sim_c0.005_s0.005/c0.005_s0.005_gtr/c0.005_s0.005_gtr_base-snps-concat_pop	population	0.2	nonrandom	4	0.9569519885122058
simulation/sim_c0.005_s0.005/c0.005_s0.005_gtr/c0.005_s0.005_gtr_base-snps-concat_pop	population	0.2	nonrandom	5	0.956425383150732
simulation/sim_c0.005_s0.005/c0.005_s0.005_gtr/c0.005_s0.005_gtr_base-snps-concat_pop	population	0.2	nonrandom	6	0.9501497379585725
simulation/sim_c0.005_s0.005/c0.005_s0.005_gtr/c0.005_s0.005_gtr_base-snps-concat_pop	population	0.2	nonrandom	7	0.953765520683846
simulation/sim_c0.005_s0.005/c0.005_s0.005_gtr/c0.005_s0.005_gtr_base-snps-concat_pop	population	0.2	nonrandom	8	0.949345332958345
simulation/sim_c0.005_s0.005/c0.005_s0.005_gtr/c0.005_s0.005_gtr_base-snps-concat_pop	population	0.2	nonrandom	9	0.9552588062774953
simulation/sim_c0.005_s0.005/c0.005_s0.005_gtr/c0.005_s0.005_gtr_base-snps-concat_pop	population	0.2	nonrandom	10	0.9591887753507703
simulation/sim_c0.005_s0.005/c0.005_s0.005_gtr/c0.005_s0.005_gtr_base-snps-concat_pop	population	0.2	nonrandom	11	0.9520639980000625
simulation/sim_c0.005_s0.005/c0.005_s0.005_gtr/c0.005_s0.005_gtr_base-snps-concat_pop	population	0.2	nonrandom	12	0.9578243618982162
simulation/sim_c0.005_s0.005/c0.005_s0.005_gtr/c0.005_s0.005_gtr_base-snps-concat_pop	population	0.2	nonrandom	13	0.9533468559837728
simulation/sim_c0.005_s0.005/c0.005_s0.005_gtr/c0.005_s0.005_gtr_base-snps-concat_pop	population	0.2	nonrandom	14	0.9553125
simulation/sim_c0.005_s0.005/c0.005_s0.005_gtr/c0.005_s0.005_gtr_base-snps-concat_pop	population	0.2	nonrandom	15	0.9578125
simulation/sim_c0.005_s0.005/c0.005_s0.005_gtr/c0.005_s0.005_gtr_base-snps-concat_pop	population	0.2	nonrandom	16	0.9570724402570662
simulation/sim_c0.005_s0.005/c0.005_s0.005_gtr/c0.005_s0.005_gtr_base-snps-concat_pop	population	0.2	nonrandom	17	0.9543792769427866
simulation/sim_c0.005_s0.005/c0.005_s0.005_gtr/c0.005_s0.005_gtr_base-snps-concat_pop	population	0.2	nonrandom	18	0.9534389550326552
simulation/sim_c0.005_s0.005/c0.005_s0.005_gtr/c0.005_s0.005_gtr_base-snps-concat_pop	population	0.2	nonrandom	19	0.9470329052217118
simulation/sim_c0.005_s0.005/c0.005_s0.005_gtr/c0.005_s0.005_gtr_base-snps-concat_pop	population	0.2	nonrandom	20	0.9592825224211743
simulation/sim_c0.005_s0.005/c0.005_s0.005_gtr/c0.005_s0.005_gtr_base-snps-concat_pop	population	0.2	nonrandom_weighted	1	0.9494473240492101
simulation/sim_c0.005_s0.005/c0.005_s0.005_gtr/c0.005_s0.005_gtr_base-snps-concat_pop	population	0.2	nonrandom_weighted	2	0.95609375
simulation/sim_c0.005_s0.005/c0.005_s0.005_gtr/c0.005_s0.005_gtr_base-snps-concat_pop	population	0.2	nonrandom_weighted	3	0.9570638417549452
simulation/sim_c0.005_s0.005/c0.005_s0.005_gtr/c0.005_s0.005_gtr_base-snps-concat_pop	population	0.2	nonrandom_weighted	4	0.9596177269746088
simulation/sim_c0.005_s0.005/c0.005_s0.005_gtr/c0.005_s0.005_gtr_base-snps-concat_pop	population	0.2	nonrandom_weighted	5	0.9546192259675406
simulation/sim_c0.005_s0.005/c0.005_s0.005_gtr/c0.005_s0.005_gtr_base-snps-concat_pop	population	0.2	nonrandom_weighted	6	0.960328616499547
simulation/sim_c0.005_s0.005/c0.005_s0.005_gtr/c0.005_s0.005_gtr_base-snps-concat_pop	population	0.2	nonrandom_weighted	7	0.9503140526858536
simulation/sim_c0.005_s0.005/c0.005_s0.005_gtr/c0.005_s0.005_gtr_base-snps-concat_pop	population	0.2	nonrandom_weighted	8	0.9510015312021499
simulation/sim_c0.005_s0.005/c0.005_s0.005_gtr/c0.005_s0.005_gtr_base-snps-concat_pop	population	0.2	nonrandom_weighted	9	0.9588202212085234
simulation/sim_c0.005_s0.005/c0.005_s0.005_gtr/c0.005_s0.005_gtr_base-snps-concat_pop	population	0.2	nonrandom_weighted	10	0.9514511543628354
simulation/sim_c0.005_s0.005/c0.005_s0.005_gtr/c0.005_s0.005_gtr_base-snps-concat_pop	population	0.2	nonrandom_weighted	11	0.9525952313990188
simulation/sim_c0.005_s0.005/c0.005_s0.005_gtr/c0.005_s0.005_gtr_base-snps-concat_pop	population	0.2	nonrandom_weighted	12	0.9533764569857192
simulation/sim_c0.005_s0.005/c0.005_s0.005_gtr/c0.005_s0.005_gtr_base-snps-concat_pop	population	0.2	nonrandom_weighted	13	0.9501890565919815
simulation/sim_c0.005_s0.005/c0.005_s0.005_gtr/c0.005_s0.005_gtr_base-snps-concat_pop	population	0.2	nonrandom_weighted	14	0.9549639524359415
simulation/sim_c0.005_s0.005/c0.005_s0.005_gtr/c0.005_s0.005_gtr_base-snps-concat_pop	population	0.2	nonrandom_weighted	15	0.9519702509296585
simulation/sim_c0.005_s0.005/c0.005_s0.005_gtr/c0.005_s0.005_gtr_base-snps-concat_pop	population	0.2	nonrandom_weighted	16	0.9544076747601637
simulation/sim_c0.005_s0.005/c0.005_s0.005_gtr/c0.005_s0.005_gtr_base-snps-concat_pop	population	0.2	nonrandom_weighted	17	0.9528764726102309
simulation/sim_c0.005_s0.005/c0.005_s0.005_gtr/c0.005_s0.005_gtr_base-snps-concat_pop	population	0.2	nonrandom_weighted	18	0.9579493267518511
simulation/sim_c0.005_s0.005/c0.005_s0.005_gtr/c0.005_s0.005_gtr_base-snps-concat_pop	population	0.2	nonrandom_weighted	19	0.9436338072176222
simulation/sim_c0.005_s0.005/c0.005_s0.005_gtr/c0.005_s0.005_gtr_base-snps-concat_pop	population	0.2	nonrandom_weighted	20	0.95384375
