simulation/sim_c0.006_s0.004/c0.006_s0.004_gtr/c0.006_s0.004_gtr_base-snps-concat_phyloq	phyloq	0.2	random	1	0.9995616095193361
simulation/sim_c0.006_s0.004/c0.006_s0.004_gtr/c0.006_s0.004_gtr_base-snps-concat_phyloq	phyloq	0.2	random	2	0.9995954566671853
simulation/sim_c0.006_s0.004/c0.006_s0.004_gtr/c0.006_s0.004_gtr_base-snps-concat_phyloq	phyloq	0.2	random	3	0.9994977398292315
simulation/sim_c0.006_s0.004/c0.006_s0.004_gtr/c0.006_s0.004_gtr_base-snps-concat_phyloq	phyloq	0.2	random	4	0.9995942065176676
simulation/sim_c0.006_s0.004/c0.006_s0.004_gtr/c0.006_s0.004_gtr_base-snps-concat_phyloq	phyloq	0.2	random	5	0.9994978501710448
simulation/sim_c0.006_s0.004/c0.006_s0.004_gtr/c0.006_s0.004_gtr_base-snps-concat_phyloq	phyloq	0.2	random	6	0.9994707841733338
simulation/sim_c0.006_s0.004/c0.006_s0.004_gtr/c0.006_s0.004_gtr_base-snps-concat_phyloq	phyloq	0.2	random	7	0.9995944976449671
simulation/sim_c0.006_s0.004/c0.006_s0.004_gtr/c0.006_s0.004_gtr_base-snps-concat_phyloq	phyloq	0.2	random	8	0.9992801026636201
simulation/sim_c0.006_s0.004/c0.006_s0.004_gtr/c0.006_s0.004_gtr_base-snps-concat_phyloq	phyloq	0.2	random	9	0.9995612110574813
simulation/sim_c0.006_s0.004/c0.006_s0.004_gtr/c0.006_s0.004_gtr_base-snps-concat_phyloq	phyloq	0.2	random	10	0.9994967129061684
simulation/sim_c0.006_s0.004/c0.006_s0.004_gtr/c0.006_s0.004_gtr_base-snps-concat_phyloq	phyloq	0.2	random	11	0.9996870207505243
simulation/sim_c0.006_s0.004/c0.006_s0.004_gtr/c0.006_s0.004_gtr_base-snps-concat_phyloq	phyloq	0.2	random	12	0.9995353159851301
simulation/sim_c0.006_s0.004/c0.006_s0.004_gtr/c0.006_s0.004_gtr_base-snps-concat_phyloq	phyloq	0.2	random	13	0.9996250585845962
simulation/sim_c0.006_s0.004/c0.006_s0.004_gtr/c0.006_s0.004_gtr_base-snps-concat_phyloq	phyloq	0.2	random	14	0.9994669843857779
simulation/sim_c0.006_s0.004/c0.006_s0.004_gtr/c0.006_s0.004_gtr_base-snps-concat_phyloq	phyloq	0.2	random	15	0.9994073611977542
simulation/sim_c0.006_s0.004/c0.006_s0.004_gtr/c0.006_s0.004_gtr_base-snps-concat_phyloq	phyloq	0.2	random	16	0.9994719348926785
simulation/sim_c0.006_s0.004/c0.006_s0.004_gtr/c0.006_s0.004_gtr_base-snps-concat_phyloq	phyloq	0.2	random	17	0.9994682348525133
simulation/sim_c0.006_s0.004/c0.006_s0.004_gtr/c0.006_s0.004_gtr_base-snps-concat_phyloq	phyloq	0.2	random	18	0.9996840442338073
simulation/sim_c0.006_s0.004/c0.006_s0.004_gtr/c0.006_s0.004_gtr_base-snps-concat_phyloq	phyloq	0.2	random	19	0.9994715409244925
simulation/sim_c0.006_s0.004/c0.006_s0.004_gtr/c0.006_s0.004_gtr_base-snps-concat_phyloq	phyloq	0.2	random	20	0.999159454579416
simulation/sim_c0.006_s0.004/c0.006_s0.004_gtr/c0.006_s0.004_gtr_base-snps-concat_phyloq	phyloq	0.2	nonrandom	1	0.9998751677433448
simulation/sim_c0.006_s0.004/c0.006_s0.004_gtr/c0.006_s0.004_gtr_base-snps-concat_phyloq	phyloq	0.2	nonrandom	2	0.9976879335124664
simulation/sim_c0.006_s0.004/c0.006_s0.004_gtr/c0.006_s0.004_gtr_base-snps-concat_phyloq	phyloq	0.2	nonrandom	3	1.0
simulation/sim_c0.006_s0.004/c0.006_s0.004_gtr/c0.006_s0.004_gtr_base-snps-concat_phyloq	phyloq	0.2	nonrandom	4	0.999937501953064
simulation/sim_c0.006_s0.004/c0.006_s0.004_gtr/c0.006_s0.004_gtr_base-snps-concat_phyloq	phyloq	0.2	nonrandom	5	0.9998750546635847
simulation/sim_c0.006_s0.004/c0.006_s0.004_gtr/c0.006_s0.004_gtr_base-snps-concat_phyloq	phyloq	0.2	nonrandom	6	0.99778125
simulation/sim_c0.006_s0.004/c0.006_s0.004_gtr/c0.006_s0.004_gtr_base-snps-concat_phyloq	phyloq	0.2	nonrandom	7	0.9998125058591919
simulation/sim_c0.006_s0.004/c0.006_s0.004_gtr/c0.006_s0.004_gtr_base-snps-concat_phyloq	phyloq	0.2	nonrandom	8	0.9999063407324155
simulation/sim_c0.006_s0.004/c0.006_s0.004_gtr/c0.006_s0.004_gtr_base-snps-concat_phyloq	phyloq	0.2	nonrandom	9	0.9998438719750196
simulation/sim_c0.006_s0.004/c0.006_s0.004_gtr/c0.006_s0.004_gtr_base-snps-concat_phyloq	phyloq	0.2	nonrandom	10	0.9997814821751888
simulation/sim_c0.006_s0.004/c0.006_s0.004_gtr/c0.006_s0.004_gtr_base-snps-concat_phyloq	phyloq	0.2	nonrandom	11	0.9995625
simulation/sim_c0.006_s0.004/c0.006_s0.004_gtr/c0.006_s0.004_gtr_base-snps-concat_phyloq	phyloq	0.2	nonrandom	12	0.9998437548826599
simulation/sim_c0.006_s0.004/c0.006_s0.004_gtr/c0.006_s0.004_gtr_base-snps-concat_phyloq	phyloq	0.2	nonrandom	13	0.9975625761694947
simulation/sim_c0.006_s0.004/c0.006_s0.004_gtr/c0.006_s0.004_gtr_base-snps-concat_phyloq	phyloq	0.2	nonrandom	14	0.999937501953064
simulation/sim_c0.006_s0.004/c0.006_s0.004_gtr/c0.006_s0.004_gtr_base-snps-concat_phyloq	phyloq	0.2	nonrandom	15	0.999937501953064
simulation/sim_c0.006_s0.004/c0.006_s0.004_gtr/c0.006_s0.004_gtr_base-snps-concat_phyloq	phyloq	0.2	nonrandom	16	0.9998437548826599
simulation/sim_c0.006_s0.004/c0.006_s0.004_gtr/c0.006_s0.004_gtr_base-snps-concat_phyloq	phyloq	0.2	nonrandom	17	0.9980942859820675
simulation/sim_c0.006_s0.004/c0.006_s0.004_gtr/c0.006_s0.004_gtr_base-snps-concat_phyloq	phyloq	0.2	nonrandom	18	0.9998437548826599
simulation/sim_c0.006_s0.004/c0.006_s0.004_gtr/c0.006_s0.004_gtr_base-snps-concat_phyloq	phyloq	0.2	nonrandom	19	0.9998125058591919
simulation/sim_c0.006_s0.004/c0.006_s0.004_gtr/c0.006_s0.004_gtr_base-snps-concat_phyloq	phyloq	0.2	nonrandom	20	0.99984375
simulation/sim_c0.006_s0.004/c0.006_s0.004_gtr/c0.006_s0.004_gtr_base-snps-concat_phyloq	phyloq	0.2	nonrandom_weighted	1	0.9998750039061279
simulation/sim_c0.006_s0.004/c0.006_s0.004_gtr/c0.006_s0.004_gtr_base-snps-concat_phyloq	phyloq	0.2	nonrandom_weighted	2	0.9996876171435711
simulation/sim_c0.006_s0.004/c0.006_s0.004_gtr/c0.006_s0.004_gtr_base-snps-concat_phyloq	phyloq	0.2	nonrandom_weighted	3	0.999937501953064
simulation/sim_c0.006_s0.004/c0.006_s0.004_gtr/c0.006_s0.004_gtr_base-snps-concat_phyloq	phyloq	0.2	nonrandom_weighted	4	0.999937513668885
simulation/sim_c0.006_s0.004/c0.006_s0.004_gtr/c0.006_s0.004_gtr_base-snps-concat_phyloq	phyloq	0.2	nonrandom_weighted	5	0.9999375195251484
simulation/sim_c0.006_s0.004/c0.006_s0.004_gtr/c0.006_s0.004_gtr_base-snps-concat_phyloq	phyloq	0.2	nonrandom_weighted	6	0.9998127223921593
simulation/sim_c0.006_s0.004/c0.006_s0.004_gtr/c0.006_s0.004_gtr_base-snps-concat_phyloq	phyloq	0.2	nonrandom_weighted	7	0.999625
simulation/sim_c0.006_s0.004/c0.006_s0.004_gtr/c0.006_s0.004_gtr_base-snps-concat_phyloq	phyloq	0.2	nonrandom_weighted	8	0.9987187900378113
simulation/sim_c0.006_s0.004/c0.006_s0.004_gtr/c0.006_s0.004_gtr_base-snps-concat_phyloq	phyloq	0.2	nonrandom_weighted	9	0.999937501953064
simulation/sim_c0.006_s0.004/c0.006_s0.004_gtr/c0.006_s0.004_gtr_base-snps-concat_phyloq	phyloq	0.2	nonrandom_weighted	10	0.9998125058591919
simulation/sim_c0.006_s0.004/c0.006_s0.004_gtr/c0.006_s0.004_gtr_base-snps-concat_phyloq	phyloq	0.2	nonrandom_weighted	11	0.9998125058591919
simulation/sim_c0.006_s0.004/c0.006_s0.004_gtr/c0.006_s0.004_gtr_base-snps-concat_phyloq	phyloq	0.2	nonrandom_weighted	12	0.9996875292941286
simulation/sim_c0.006_s0.004/c0.006_s0.004_gtr/c0.006_s0.004_gtr_base-snps-concat_phyloq	phyloq	0.2	nonrandom_weighted	13	0.9999062529295959
simulation/sim_c0.006_s0.004/c0.006_s0.004_gtr/c0.006_s0.004_gtr_base-snps-concat_phyloq	phyloq	0.2	nonrandom_weighted	14	0.99978125
simulation/sim_c0.006_s0.004/c0.006_s0.004_gtr/c0.006_s0.004_gtr_base-snps-concat_phyloq	phyloq	0.2	nonrandom_weighted	15	0.9980940478050304
simulation/sim_c0.006_s0.004/c0.006_s0.004_gtr/c0.006_s0.004_gtr_base-snps-concat_phyloq	phyloq	0.2	nonrandom_weighted	16	0.9986875410143433
simulation/sim_c0.006_s0.004/c0.006_s0.004_gtr/c0.006_s0.004_gtr_base-snps-concat_phyloq	phyloq	0.2	nonrandom_weighted	17	0.9997500859079691
simulation/sim_c0.006_s0.004/c0.006_s0.004_gtr/c0.006_s0.004_gtr_base-snps-concat_phyloq	phyloq	0.2	nonrandom_weighted	18	0.9996250117183838
simulation/sim_c0.006_s0.004/c0.006_s0.004_gtr/c0.006_s0.004_gtr_base-snps-concat_phyloq	phyloq	0.2	nonrandom_weighted	19	0.9975657709952251
simulation/sim_c0.006_s0.004/c0.006_s0.004_gtr/c0.006_s0.004_gtr_base-snps-concat_phyloq	phyloq	0.2	nonrandom_weighted	20	0.9995312646479797
