simulation/sim_c0.007_s0.003/c0.007_s0.003_gtrgamma/c0.007_s0.003_gtrgamma_base-snps-concat_pop	population	0.2	random	1	0.9717503460425317
simulation/sim_c0.007_s0.003/c0.007_s0.003_gtrgamma/c0.007_s0.003_gtrgamma_base-snps-concat_pop	population	0.2	random	2	0.9701586107454078
simulation/sim_c0.007_s0.003/c0.007_s0.003_gtrgamma/c0.007_s0.003_gtrgamma_base-snps-concat_pop	population	0.2	random	3	0.9696141179394768
simulation/sim_c0.007_s0.003/c0.007_s0.003_gtrgamma/c0.007_s0.003_gtrgamma_base-snps-concat_pop	population	0.2	random	4	0.9714179197216354
simulation/sim_c0.007_s0.003/c0.007_s0.003_gtrgamma/c0.007_s0.003_gtrgamma_base-snps-concat_pop	population	0.2	random	5	0.9719304826206552
simulation/sim_c0.007_s0.003/c0.007_s0.003_gtrgamma/c0.007_s0.003_gtrgamma_base-snps-concat_pop	population	0.2	random	6	0.9690978051358577
simulation/sim_c0.007_s0.003/c0.007_s0.003_gtrgamma/c0.007_s0.003_gtrgamma_base-snps-concat_pop	population	0.2	random	7	0.9683970125300907
simulation/sim_c0.007_s0.003/c0.007_s0.003_gtrgamma/c0.007_s0.003_gtrgamma_base-snps-concat_pop	population	0.2	random	8	0.9725670307845085
simulation/sim_c0.007_s0.003/c0.007_s0.003_gtrgamma/c0.007_s0.003_gtrgamma_base-snps-concat_pop	population	0.2	random	9	0.9709864603481625
simulation/sim_c0.007_s0.003/c0.007_s0.003_gtrgamma/c0.007_s0.003_gtrgamma_base-snps-concat_pop	population	0.2	random	10	0.9717573872472783
simulation/sim_c0.007_s0.003/c0.007_s0.003_gtrgamma/c0.007_s0.003_gtrgamma_base-snps-concat_pop	population	0.2	random	11	0.9696440815308858
simulation/sim_c0.007_s0.003/c0.007_s0.003_gtrgamma/c0.007_s0.003_gtrgamma_base-snps-concat_pop	population	0.2	random	12	0.9710764587525151
simulation/sim_c0.007_s0.003/c0.007_s0.003_gtrgamma/c0.007_s0.003_gtrgamma_base-snps-concat_pop	population	0.2	random	13	0.9700557966522009
simulation/sim_c0.007_s0.003/c0.007_s0.003_gtrgamma/c0.007_s0.003_gtrgamma_base-snps-concat_pop	population	0.2	random	14	0.9728311785647368
simulation/sim_c0.007_s0.003/c0.007_s0.003_gtrgamma/c0.007_s0.003_gtrgamma_base-snps-concat_pop	population	0.2	random	15	0.9716999050332383
simulation/sim_c0.007_s0.003/c0.007_s0.003_gtrgamma/c0.007_s0.003_gtrgamma_base-snps-concat_pop	population	0.2	random	16	0.9691442848219862
simulation/sim_c0.007_s0.003/c0.007_s0.003_gtrgamma/c0.007_s0.003_gtrgamma_base-snps-concat_pop	population	0.2	random	17	0.9688306897823681
simulation/sim_c0.007_s0.003/c0.007_s0.003_gtrgamma/c0.007_s0.003_gtrgamma_base-snps-concat_pop	population	0.2	random	18	0.9698919357861203
simulation/sim_c0.007_s0.003/c0.007_s0.003_gtrgamma/c0.007_s0.003_gtrgamma_base-snps-concat_pop	population	0.2	random	19	0.9695902095308734
simulation/sim_c0.007_s0.003/c0.007_s0.003_gtrgamma/c0.007_s0.003_gtrgamma_base-snps-concat_pop	population	0.2	random	20	0.9698143866008374
simulation/sim_c0.007_s0.003/c0.007_s0.003_gtrgamma/c0.007_s0.003_gtrgamma_base-snps-concat_pop	population	0.2	nonrandom	1	0.9697518905068433
simulation/sim_c0.007_s0.003/c0.007_s0.003_gtrgamma/c0.007_s0.003_gtrgamma_base-snps-concat_pop	population	0.2	nonrandom	2	0.9711238617936884
simulation/sim_c0.007_s0.003/c0.007_s0.003_gtrgamma/c0.007_s0.003_gtrgamma_base-snps-concat_pop	population	0.2	nonrandom	3	0.9712665170780354
simulation/sim_c0.007_s0.003/c0.007_s0.003_gtrgamma/c0.007_s0.003_gtrgamma_base-snps-concat_pop	population	0.2	nonrandom	4	0.9708768201987376
simulation/sim_c0.007_s0.003/c0.007_s0.003_gtrgamma/c0.007_s0.003_gtrgamma_base-snps-concat_pop	population	0.2	nonrandom	5	0.9716910386201725
simulation/sim_c0.007_s0.003/c0.007_s0.003_gtrgamma/c0.007_s0.003_gtrgamma_base-snps-concat_pop	population	0.2	nonrandom	6	0.9708234412095464
simulation/sim_c0.007_s0.003/c0.007_s0.003_gtrgamma/c0.007_s0.003_gtrgamma_base-snps-concat_pop	population	0.2	nonrandom	7	0.9761192168599576
simulation/sim_c0.007_s0.003/c0.007_s0.003_gtrgamma/c0.007_s0.003_gtrgamma_base-snps-concat_pop	population	0.2	nonrandom	8	0.966564589713143
simulation/sim_c0.007_s0.003/c0.007_s0.003_gtrgamma/c0.007_s0.003_gtrgamma_base-snps-concat_pop	population	0.2	nonrandom	9	0.9755015311543028
simulation/sim_c0.007_s0.003/c0.007_s0.003_gtrgamma/c0.007_s0.003_gtrgamma_base-snps-concat_pop	population	0.2	nonrandom	10	0.9720017498906318
simulation/sim_c0.007_s0.003/c0.007_s0.003_gtrgamma/c0.007_s0.003_gtrgamma_base-snps-concat_pop	population	0.2	nonrandom	11	0.97106430848072
simulation/sim_c0.007_s0.003/c0.007_s0.003_gtrgamma/c0.007_s0.003_gtrgamma_base-snps-concat_pop	population	0.2	nonrandom	12	0.9750871948181365
simulation/sim_c0.007_s0.003/c0.007_s0.003_gtrgamma/c0.007_s0.003_gtrgamma_base-snps-concat_pop	population	0.2	nonrandom	13	0.9735938572944628
simulation/sim_c0.007_s0.003/c0.007_s0.003_gtrgamma/c0.007_s0.003_gtrgamma_base-snps-concat_pop	population	0.2	nonrandom	14	0.968626960814949
simulation/sim_c0.007_s0.003/c0.007_s0.003_gtrgamma/c0.007_s0.003_gtrgamma_base-snps-concat_pop	population	0.2	nonrandom	15	0.9761637339323599
simulation/sim_c0.007_s0.003/c0.007_s0.003_gtrgamma/c0.007_s0.003_gtrgamma_base-snps-concat_pop	population	0.2	nonrandom	16	0.9664395975251546
simulation/sim_c0.007_s0.003/c0.007_s0.003_gtrgamma/c0.007_s0.003_gtrgamma_base-snps-concat_pop	population	0.2	nonrandom	17	0.9712517967627023
simulation/sim_c0.007_s0.003/c0.007_s0.003_gtrgamma/c0.007_s0.003_gtrgamma_base-snps-concat_pop	population	0.2	nonrandom	18	0.9672479529970623
simulation/sim_c0.007_s0.003/c0.007_s0.003_gtrgamma/c0.007_s0.003_gtrgamma_base-snps-concat_pop	population	0.2	nonrandom	19	0.9743108944309019
simulation/sim_c0.007_s0.003/c0.007_s0.003_gtrgamma/c0.007_s0.003_gtrgamma_base-snps-concat_pop	population	0.2	nonrandom	20	0.9714982186386649
simulation/sim_c0.007_s0.003/c0.007_s0.003_gtrgamma/c0.007_s0.003_gtrgamma_base-snps-concat_pop	population	0.2	nonrandom_weighted	1	0.9738108631789487
simulation/sim_c0.007_s0.003/c0.007_s0.003_gtrgamma/c0.007_s0.003_gtrgamma_base-snps-concat_pop	population	0.2	nonrandom_weighted	2	0.967
simulation/sim_c0.007_s0.003/c0.007_s0.003_gtrgamma/c0.007_s0.003_gtrgamma_base-snps-concat_pop	population	0.2	nonrandom_weighted	3	0.9653233364573571
simulation/sim_c0.007_s0.003/c0.007_s0.003_gtrgamma/c0.007_s0.003_gtrgamma_base-snps-concat_pop	population	0.2	nonrandom_weighted	4	0.9767514530341853
simulation/sim_c0.007_s0.003/c0.007_s0.003_gtrgamma/c0.007_s0.003_gtrgamma_base-snps-concat_pop	population	0.2	nonrandom_weighted	5	0.9711893006687082
simulation/sim_c0.007_s0.003/c0.007_s0.003_gtrgamma/c0.007_s0.003_gtrgamma_base-snps-concat_pop	population	0.2	nonrandom_weighted	6	0.9674395350290607
simulation/sim_c0.007_s0.003/c0.007_s0.003_gtrgamma/c0.007_s0.003_gtrgamma_base-snps-concat_pop	population	0.2	nonrandom_weighted	7	0.9688006988643454
simulation/sim_c0.007_s0.003/c0.007_s0.003_gtrgamma/c0.007_s0.003_gtrgamma_base-snps-concat_pop	population	0.2	nonrandom_weighted	8	0.966685417838615
simulation/sim_c0.007_s0.003/c0.007_s0.003_gtrgamma/c0.007_s0.003_gtrgamma_base-snps-concat_pop	population	0.2	nonrandom_weighted	9	0.9733766639585026
simulation/sim_c0.007_s0.003/c0.007_s0.003_gtrgamma/c0.007_s0.003_gtrgamma_base-snps-concat_pop	population	0.2	nonrandom_weighted	10	0.970839837652201
simulation/sim_c0.007_s0.003/c0.007_s0.003_gtrgamma/c0.007_s0.003_gtrgamma_base-snps-concat_pop	population	0.2	nonrandom_weighted	11	0.9716515766468935
simulation/sim_c0.007_s0.003/c0.007_s0.003_gtrgamma/c0.007_s0.003_gtrgamma_base-snps-concat_pop	population	0.2	nonrandom_weighted	12	0.9678406394404896
simulation/sim_c0.007_s0.003/c0.007_s0.003_gtrgamma/c0.007_s0.003_gtrgamma_base-snps-concat_pop	population	0.2	nonrandom_weighted	13	0.9652998814204581
simulation/sim_c0.007_s0.003/c0.007_s0.003_gtrgamma/c0.007_s0.003_gtrgamma_base-snps-concat_pop	population	0.2	nonrandom_weighted	14	0.9686387205597551
simulation/sim_c0.007_s0.003/c0.007_s0.003_gtrgamma/c0.007_s0.003_gtrgamma_base-snps-concat_pop	population	0.2	nonrandom_weighted	15	0.9717482342646415
simulation/sim_c0.007_s0.003/c0.007_s0.003_gtrgamma/c0.007_s0.003_gtrgamma_base-snps-concat_pop	population	0.2	nonrandom_weighted	16	0.9728733045815363
simulation/sim_c0.007_s0.003/c0.007_s0.003_gtrgamma/c0.007_s0.003_gtrgamma_base-snps-concat_pop	population	0.2	nonrandom_weighted	17	0.9680254300673149
simulation/sim_c0.007_s0.003/c0.007_s0.003_gtrgamma/c0.007_s0.003_gtrgamma_base-snps-concat_pop	population	0.2	nonrandom_weighted	18	0.9666229139321207
simulation/sim_c0.007_s0.003/c0.007_s0.003_gtrgamma/c0.007_s0.003_gtrgamma_base-snps-concat_pop	population	0.2	nonrandom_weighted	19	0.9720607537971123
simulation/sim_c0.007_s0.003/c0.007_s0.003_gtrgamma/c0.007_s0.003_gtrgamma_base-snps-concat_pop	population	0.2	nonrandom_weighted	20	0.9743733983373961
