simulation/sim_c0.004_s0.006/c0.004_s0.006_gtrgamma/c0.004_s0.006_gtrgamma_base-snps-concat_nmf	nmf	0.2	random	1	0.9703814323937527
simulation/sim_c0.004_s0.006/c0.004_s0.006_gtrgamma/c0.004_s0.006_gtrgamma_base-snps-concat_nmf	nmf	0.2	random	2	0.970358910891089
simulation/sim_c0.004_s0.006/c0.004_s0.006_gtrgamma/c0.004_s0.006_gtrgamma_base-snps-concat_nmf	nmf	0.2	random	3	0.9677981937091249
simulation/sim_c0.004_s0.006/c0.004_s0.006_gtrgamma/c0.004_s0.006_gtrgamma_base-snps-concat_nmf	nmf	0.2	random	4	0.9706155848986424
simulation/sim_c0.004_s0.006/c0.004_s0.006_gtrgamma/c0.004_s0.006_gtrgamma_base-snps-concat_nmf	nmf	0.2	random	5	0.9700771595257512
simulation/sim_c0.004_s0.006/c0.004_s0.006_gtrgamma/c0.004_s0.006_gtrgamma_base-snps-concat_nmf	nmf	0.2	random	6	0.9705808556015556
simulation/sim_c0.004_s0.006/c0.004_s0.006_gtrgamma/c0.004_s0.006_gtrgamma_base-snps-concat_nmf	nmf	0.2	random	7	0.9672370088719898
simulation/sim_c0.004_s0.006/c0.004_s0.006_gtrgamma/c0.004_s0.006_gtrgamma_base-snps-concat_nmf	nmf	0.2	random	8	0.9684873949579832
simulation/sim_c0.004_s0.006/c0.004_s0.006_gtrgamma/c0.004_s0.006_gtrgamma_base-snps-concat_nmf	nmf	0.2	random	9	0.9690958835965676
simulation/sim_c0.004_s0.006/c0.004_s0.006_gtrgamma/c0.004_s0.006_gtrgamma_base-snps-concat_nmf	nmf	0.2	random	10	0.967946328736489
simulation/sim_c0.004_s0.006/c0.004_s0.006_gtrgamma/c0.004_s0.006_gtrgamma_base-snps-concat_nmf	nmf	0.2	random	11	0.9686526237068428
simulation/sim_c0.004_s0.006/c0.004_s0.006_gtrgamma/c0.004_s0.006_gtrgamma_base-snps-concat_nmf	nmf	0.2	random	12	0.9652596189764662
simulation/sim_c0.004_s0.006/c0.004_s0.006_gtrgamma/c0.004_s0.006_gtrgamma_base-snps-concat_nmf	nmf	0.2	random	13	0.9691731669266771
simulation/sim_c0.004_s0.006/c0.004_s0.006_gtrgamma/c0.004_s0.006_gtrgamma_base-snps-concat_nmf	nmf	0.2	random	14	0.9688819875776398
simulation/sim_c0.004_s0.006/c0.004_s0.006_gtrgamma/c0.004_s0.006_gtrgamma_base-snps-concat_nmf	nmf	0.2	random	15	0.9695061112496882
simulation/sim_c0.004_s0.006/c0.004_s0.006_gtrgamma/c0.004_s0.006_gtrgamma_base-snps-concat_nmf	nmf	0.2	random	16	0.9687948573924983
simulation/sim_c0.004_s0.006/c0.004_s0.006_gtrgamma/c0.004_s0.006_gtrgamma_base-snps-concat_nmf	nmf	0.2	random	17	0.9712154180913894
simulation/sim_c0.004_s0.006/c0.004_s0.006_gtrgamma/c0.004_s0.006_gtrgamma_base-snps-concat_nmf	nmf	0.2	random	18	0.9684931506849315
simulation/sim_c0.004_s0.006/c0.004_s0.006_gtrgamma/c0.004_s0.006_gtrgamma_base-snps-concat_nmf	nmf	0.2	random	19	0.969602938382623
simulation/sim_c0.004_s0.006/c0.004_s0.006_gtrgamma/c0.004_s0.006_gtrgamma_base-snps-concat_nmf	nmf	0.2	random	20	0.967762167586553
simulation/sim_c0.004_s0.006/c0.004_s0.006_gtrgamma/c0.004_s0.006_gtrgamma_base-snps-concat_nmf	nmf	0.2	nonrandom	1	0.9550653084182239
simulation/sim_c0.004_s0.006/c0.004_s0.006_gtrgamma/c0.004_s0.006_gtrgamma_base-snps-concat_nmf	nmf	0.2	nonrandom	2	0.9495031560527467
simulation/sim_c0.004_s0.006/c0.004_s0.006_gtrgamma/c0.004_s0.006_gtrgamma_base-snps-concat_nmf	nmf	0.2	nonrandom	3	0.9646897068933191
simulation/sim_c0.004_s0.006/c0.004_s0.006_gtrgamma/c0.004_s0.006_gtrgamma_base-snps-concat_nmf	nmf	0.2	nonrandom	4	0.9617523904755952
simulation/sim_c0.004_s0.006/c0.004_s0.006_gtrgamma/c0.004_s0.006_gtrgamma_base-snps-concat_nmf	nmf	0.2	nonrandom	5	0.9648388708468648
simulation/sim_c0.004_s0.006/c0.004_s0.006_gtrgamma/c0.004_s0.006_gtrgamma_base-snps-concat_nmf	nmf	0.2	nonrandom	6	0.959797740183532
simulation/sim_c0.004_s0.006/c0.004_s0.006_gtrgamma/c0.004_s0.006_gtrgamma_base-snps-concat_nmf	nmf	0.2	nonrandom	7	0.9578098631164448
simulation/sim_c0.004_s0.006/c0.004_s0.006_gtrgamma/c0.004_s0.006_gtrgamma_base-snps-concat_nmf	nmf	0.2	nonrandom	8	0.9534579439252336
simulation/sim_c0.004_s0.006/c0.004_s0.006_gtrgamma/c0.004_s0.006_gtrgamma_base-snps-concat_nmf	nmf	0.2	nonrandom	9	0.9596532801197306
simulation/sim_c0.004_s0.006/c0.004_s0.006_gtrgamma/c0.004_s0.006_gtrgamma_base-snps-concat_nmf	nmf	0.2	nonrandom	10	0.9647359880164773
simulation/sim_c0.004_s0.006/c0.004_s0.006_gtrgamma/c0.004_s0.006_gtrgamma_base-snps-concat_nmf	nmf	0.2	nonrandom	11	0.9575651521779889
simulation/sim_c0.004_s0.006/c0.004_s0.006_gtrgamma/c0.004_s0.006_gtrgamma_base-snps-concat_nmf	nmf	0.2	nonrandom	12	0.9582838943358521
simulation/sim_c0.004_s0.006/c0.004_s0.006_gtrgamma/c0.004_s0.006_gtrgamma_base-snps-concat_nmf	nmf	0.2	nonrandom	13	0.958627585775889
simulation/sim_c0.004_s0.006/c0.004_s0.006_gtrgamma/c0.004_s0.006_gtrgamma_base-snps-concat_nmf	nmf	0.2	nonrandom	14	0.959375
simulation/sim_c0.004_s0.006/c0.004_s0.006_gtrgamma/c0.004_s0.006_gtrgamma_base-snps-concat_nmf	nmf	0.2	nonrandom	15	0.9597474842177636
simulation/sim_c0.004_s0.006/c0.004_s0.006_gtrgamma/c0.004_s0.006_gtrgamma_base-snps-concat_nmf	nmf	0.2	nonrandom	16	0.9529970623163948
simulation/sim_c0.004_s0.006/c0.004_s0.006_gtrgamma/c0.004_s0.006_gtrgamma_base-snps-concat_nmf	nmf	0.2	nonrandom	17	0.9628773201674895
simulation/sim_c0.004_s0.006/c0.004_s0.006_gtrgamma/c0.004_s0.006_gtrgamma_base-snps-concat_nmf	nmf	0.2	nonrandom	18	0.9563777263921005
simulation/sim_c0.004_s0.006/c0.004_s0.006_gtrgamma/c0.004_s0.006_gtrgamma_base-snps-concat_nmf	nmf	0.2	nonrandom	19	0.9531875
simulation/sim_c0.004_s0.006/c0.004_s0.006_gtrgamma/c0.004_s0.006_gtrgamma_base-snps-concat_nmf	nmf	0.2	nonrandom	20	0.9550596912307019
simulation/sim_c0.004_s0.006/c0.004_s0.006_gtrgamma/c0.004_s0.006_gtrgamma_base-snps-concat_nmf	nmf	0.2	nonrandom_weighted	1	0.938621163822739
simulation/sim_c0.004_s0.006/c0.004_s0.006_gtrgamma/c0.004_s0.006_gtrgamma_base-snps-concat_nmf	nmf	0.2	nonrandom_weighted	2	0.9531737124329717
simulation/sim_c0.004_s0.006/c0.004_s0.006_gtrgamma/c0.004_s0.006_gtrgamma_base-snps-concat_nmf	nmf	0.2	nonrandom_weighted	3	0.9453159177551403
simulation/sim_c0.004_s0.006/c0.004_s0.006_gtrgamma/c0.004_s0.006_gtrgamma_base-snps-concat_nmf	nmf	0.2	nonrandom_weighted	4	0.952684542783924
simulation/sim_c0.004_s0.006/c0.004_s0.006_gtrgamma/c0.004_s0.006_gtrgamma_base-snps-concat_nmf	nmf	0.2	nonrandom_weighted	5	0.9477099712966429
simulation/sim_c0.004_s0.006/c0.004_s0.006_gtrgamma/c0.004_s0.006_gtrgamma_base-snps-concat_nmf	nmf	0.2	nonrandom_weighted	6	0.9569401912380476
simulation/sim_c0.004_s0.006/c0.004_s0.006_gtrgamma/c0.004_s0.006_gtrgamma_base-snps-concat_nmf	nmf	0.2	nonrandom_weighted	7	0.9528678304239402
simulation/sim_c0.004_s0.006/c0.004_s0.006_gtrgamma/c0.004_s0.006_gtrgamma_base-snps-concat_nmf	nmf	0.2	nonrandom_weighted	8	0.9514466037617947
simulation/sim_c0.004_s0.006/c0.004_s0.006_gtrgamma/c0.004_s0.006_gtrgamma_base-snps-concat_nmf	nmf	0.2	nonrandom_weighted	9	0.9472467029189324
simulation/sim_c0.004_s0.006/c0.004_s0.006_gtrgamma/c0.004_s0.006_gtrgamma_base-snps-concat_nmf	nmf	0.2	nonrandom_weighted	10	0.9451284294731579
simulation/sim_c0.004_s0.006/c0.004_s0.006_gtrgamma/c0.004_s0.006_gtrgamma_base-snps-concat_nmf	nmf	0.2	nonrandom_weighted	11	0.9438160114992813
simulation/sim_c0.004_s0.006/c0.004_s0.006_gtrgamma/c0.004_s0.006_gtrgamma_base-snps-concat_nmf	nmf	0.2	nonrandom_weighted	12	0.9464341521345084
simulation/sim_c0.004_s0.006/c0.004_s0.006_gtrgamma/c0.004_s0.006_gtrgamma_base-snps-concat_nmf	nmf	0.2	nonrandom_weighted	13	0.9450618054688475
simulation/sim_c0.004_s0.006/c0.004_s0.006_gtrgamma/c0.004_s0.006_gtrgamma_base-snps-concat_nmf	nmf	0.2	nonrandom_weighted	14	0.9448784450971814
simulation/sim_c0.004_s0.006/c0.004_s0.006_gtrgamma/c0.004_s0.006_gtrgamma_base-snps-concat_nmf	nmf	0.2	nonrandom_weighted	15	0.939496218513657
simulation/sim_c0.004_s0.006/c0.004_s0.006_gtrgamma/c0.004_s0.006_gtrgamma_base-snps-concat_nmf	nmf	0.2	nonrandom_weighted	16	0.9570651834260359
simulation/sim_c0.004_s0.006/c0.004_s0.006_gtrgamma/c0.004_s0.006_gtrgamma_base-snps-concat_nmf	nmf	0.2	nonrandom_weighted	17	0.9513489882588059
simulation/sim_c0.004_s0.006/c0.004_s0.006_gtrgamma/c0.004_s0.006_gtrgamma_base-snps-concat_nmf	nmf	0.2	nonrandom_weighted	18	0.9512758125896812
simulation/sim_c0.004_s0.006/c0.004_s0.006_gtrgamma/c0.004_s0.006_gtrgamma_base-snps-concat_nmf	nmf	0.2	nonrandom_weighted	19	0.9468091755734733
simulation/sim_c0.004_s0.006/c0.004_s0.006_gtrgamma/c0.004_s0.006_gtrgamma_base-snps-concat_nmf	nmf	0.2	nonrandom_weighted	20	0.942125
