simulation/sim_c0.006_s0.004/c0.006_s0.004_gtrgamma/c0.006_s0.004_gtrgamma_base-snps-concat_pop	population	0.2	random	1	0.9631978117617804
simulation/sim_c0.006_s0.004/c0.006_s0.004_gtrgamma/c0.006_s0.004_gtrgamma_base-snps-concat_pop	population	0.2	random	2	0.9656076399725361
simulation/sim_c0.006_s0.004/c0.006_s0.004_gtrgamma/c0.006_s0.004_gtrgamma_base-snps-concat_pop	population	0.2	random	3	0.9655410494602059
simulation/sim_c0.006_s0.004/c0.006_s0.004_gtrgamma/c0.006_s0.004_gtrgamma_base-snps-concat_pop	population	0.2	random	4	0.9630723781388478
simulation/sim_c0.006_s0.004/c0.006_s0.004_gtrgamma/c0.006_s0.004_gtrgamma_base-snps-concat_pop	population	0.2	random	5	0.9659838376245067
simulation/sim_c0.006_s0.004/c0.006_s0.004_gtrgamma/c0.006_s0.004_gtrgamma_base-snps-concat_pop	population	0.2	random	6	0.9655365126676602
simulation/sim_c0.006_s0.004/c0.006_s0.004_gtrgamma/c0.006_s0.004_gtrgamma_base-snps-concat_pop	population	0.2	random	7	0.9627555835168292
simulation/sim_c0.006_s0.004/c0.006_s0.004_gtrgamma/c0.006_s0.004_gtrgamma_base-snps-concat_pop	population	0.2	random	8	0.9641096061419387
simulation/sim_c0.006_s0.004/c0.006_s0.004_gtrgamma/c0.006_s0.004_gtrgamma_base-snps-concat_pop	population	0.2	random	9	0.9658794282162834
simulation/sim_c0.006_s0.004/c0.006_s0.004_gtrgamma/c0.006_s0.004_gtrgamma_base-snps-concat_pop	population	0.2	random	10	0.9658408408408409
simulation/sim_c0.006_s0.004/c0.006_s0.004_gtrgamma/c0.006_s0.004_gtrgamma_base-snps-concat_pop	population	0.2	random	11	0.9642635177128651
simulation/sim_c0.006_s0.004/c0.006_s0.004_gtrgamma/c0.006_s0.004_gtrgamma_base-snps-concat_pop	population	0.2	random	12	0.9653829239178238
simulation/sim_c0.006_s0.004/c0.006_s0.004_gtrgamma/c0.006_s0.004_gtrgamma_base-snps-concat_pop	population	0.2	random	13	0.9647557856652735
simulation/sim_c0.006_s0.004/c0.006_s0.004_gtrgamma/c0.006_s0.004_gtrgamma_base-snps-concat_pop	population	0.2	random	14	0.9652292272474169
simulation/sim_c0.006_s0.004/c0.006_s0.004_gtrgamma/c0.006_s0.004_gtrgamma_base-snps-concat_pop	population	0.2	random	15	0.965459402373113
simulation/sim_c0.006_s0.004/c0.006_s0.004_gtrgamma/c0.006_s0.004_gtrgamma_base-snps-concat_pop	population	0.2	random	16	0.964822533788051
simulation/sim_c0.006_s0.004/c0.006_s0.004_gtrgamma/c0.006_s0.004_gtrgamma_base-snps-concat_pop	population	0.2	random	17	0.9647125070387287
simulation/sim_c0.006_s0.004/c0.006_s0.004_gtrgamma/c0.006_s0.004_gtrgamma_base-snps-concat_pop	population	0.2	random	18	0.9655537560732528
simulation/sim_c0.006_s0.004/c0.006_s0.004_gtrgamma/c0.006_s0.004_gtrgamma_base-snps-concat_pop	population	0.2	random	19	0.9655598837568787
simulation/sim_c0.006_s0.004/c0.006_s0.004_gtrgamma/c0.006_s0.004_gtrgamma_base-snps-concat_pop	population	0.2	random	20	0.9647435897435898
simulation/sim_c0.006_s0.004/c0.006_s0.004_gtrgamma/c0.006_s0.004_gtrgamma_base-snps-concat_pop	population	0.2	nonrandom	1	0.9593150428098244
simulation/sim_c0.006_s0.004/c0.006_s0.004_gtrgamma/c0.006_s0.004_gtrgamma_base-snps-concat_pop	population	0.2	nonrandom	2	0.9683144803449785
simulation/sim_c0.006_s0.004/c0.006_s0.004_gtrgamma/c0.006_s0.004_gtrgamma_base-snps-concat_pop	population	0.2	nonrandom	3	0.9631921009873766
simulation/sim_c0.006_s0.004/c0.006_s0.004_gtrgamma/c0.006_s0.004_gtrgamma_base-snps-concat_pop	population	0.2	nonrandom	4	0.9663251280769711
simulation/sim_c0.006_s0.004/c0.006_s0.004_gtrgamma/c0.006_s0.004_gtrgamma_base-snps-concat_pop	population	0.2	nonrandom	5	0.9628773201674895
simulation/sim_c0.006_s0.004/c0.006_s0.004_gtrgamma/c0.006_s0.004_gtrgamma_base-snps-concat_pop	population	0.2	nonrandom	6	0.9648146990813075
simulation/sim_c0.006_s0.004/c0.006_s0.004_gtrgamma/c0.006_s0.004_gtrgamma_base-snps-concat_pop	population	0.2	nonrandom	7	0.9707112970711297
simulation/sim_c0.006_s0.004/c0.006_s0.004_gtrgamma/c0.006_s0.004_gtrgamma_base-snps-concat_pop	population	0.2	nonrandom	8	0.9618773826635836
simulation/sim_c0.006_s0.004/c0.006_s0.004_gtrgamma/c0.006_s0.004_gtrgamma_base-snps-concat_pop	population	0.2	nonrandom	9	0.9644305772230889
simulation/sim_c0.006_s0.004/c0.006_s0.004_gtrgamma/c0.006_s0.004_gtrgamma_base-snps-concat_pop	population	0.2	nonrandom	10	0.9649396912692957
simulation/sim_c0.006_s0.004/c0.006_s0.004_gtrgamma/c0.006_s0.004_gtrgamma_base-snps-concat_pop	population	0.2	nonrandom	11	0.9649396912692957
simulation/sim_c0.006_s0.004/c0.006_s0.004_gtrgamma/c0.006_s0.004_gtrgamma_base-snps-concat_pop	population	0.2	nonrandom	12	0.9652721491364799
simulation/sim_c0.006_s0.004/c0.006_s0.004_gtrgamma/c0.006_s0.004_gtrgamma_base-snps-concat_pop	population	0.2	nonrandom	13	0.9696856053503344
simulation/sim_c0.006_s0.004/c0.006_s0.004_gtrgamma/c0.006_s0.004_gtrgamma_base-snps-concat_pop	population	0.2	nonrandom	14	0.9636545306938112
simulation/sim_c0.006_s0.004/c0.006_s0.004_gtrgamma/c0.006_s0.004_gtrgamma_base-snps-concat_pop	population	0.2	nonrandom	15	0.9700262270513301
simulation/sim_c0.006_s0.004/c0.006_s0.004_gtrgamma/c0.006_s0.004_gtrgamma_base-snps-concat_pop	population	0.2	nonrandom	16	0.9648771951753016
simulation/sim_c0.006_s0.004/c0.006_s0.004_gtrgamma/c0.006_s0.004_gtrgamma_base-snps-concat_pop	population	0.2	nonrandom	17	0.9672836044120396
simulation/sim_c0.006_s0.004/c0.006_s0.004_gtrgamma/c0.006_s0.004_gtrgamma_base-snps-concat_pop	population	0.2	nonrandom	18	0.9650930435868615
simulation/sim_c0.006_s0.004/c0.006_s0.004_gtrgamma/c0.006_s0.004_gtrgamma_base-snps-concat_pop	population	0.2	nonrandom	19	0.9661896131491782
simulation/sim_c0.006_s0.004/c0.006_s0.004_gtrgamma/c0.006_s0.004_gtrgamma_base-snps-concat_pop	population	0.2	nonrandom	20	0.9605625
simulation/sim_c0.006_s0.004/c0.006_s0.004_gtrgamma/c0.006_s0.004_gtrgamma_base-snps-concat_pop	population	0.2	nonrandom_weighted	1	0.9672479529970623
simulation/sim_c0.006_s0.004/c0.006_s0.004_gtrgamma/c0.006_s0.004_gtrgamma_base-snps-concat_pop	population	0.2	nonrandom_weighted	2	0.9596849803112695
simulation/sim_c0.006_s0.004/c0.006_s0.004_gtrgamma/c0.006_s0.004_gtrgamma_base-snps-concat_pop	population	0.2	nonrandom_weighted	3	0.9587474217138571
simulation/sim_c0.006_s0.004/c0.006_s0.004_gtrgamma/c0.006_s0.004_gtrgamma_base-snps-concat_pop	population	0.2	nonrandom_weighted	4	0.9608149490656834
simulation/sim_c0.006_s0.004/c0.006_s0.004_gtrgamma/c0.006_s0.004_gtrgamma_base-snps-concat_pop	population	0.2	nonrandom_weighted	5	0.9683105194074629
simulation/sim_c0.006_s0.004/c0.006_s0.004_gtrgamma/c0.006_s0.004_gtrgamma_base-snps-concat_pop	population	0.2	nonrandom_weighted	6	0.965875
simulation/sim_c0.006_s0.004/c0.006_s0.004_gtrgamma/c0.006_s0.004_gtrgamma_base-snps-concat_pop	population	0.2	nonrandom_weighted	7	0.9597474842177636
simulation/sim_c0.006_s0.004/c0.006_s0.004_gtrgamma/c0.006_s0.004_gtrgamma_base-snps-concat_pop	population	0.2	nonrandom_weighted	8	0.9608149490656834
simulation/sim_c0.006_s0.004/c0.006_s0.004_gtrgamma/c0.006_s0.004_gtrgamma_base-snps-concat_pop	population	0.2	nonrandom_weighted	9	0.9632522967314543
simulation/sim_c0.006_s0.004/c0.006_s0.004_gtrgamma/c0.006_s0.004_gtrgamma_base-snps-concat_pop	population	0.2	nonrandom_weighted	10	0.9669979373710857
simulation/sim_c0.006_s0.004/c0.006_s0.004_gtrgamma/c0.006_s0.004_gtrgamma_base-snps-concat_pop	population	0.2	nonrandom_weighted	11	0.9651707134386118
simulation/sim_c0.006_s0.004/c0.006_s0.004_gtrgamma/c0.006_s0.004_gtrgamma_base-snps-concat_pop	population	0.2	nonrandom_weighted	12	0.9631851990749422
simulation/sim_c0.006_s0.004/c0.006_s0.004_gtrgamma/c0.006_s0.004_gtrgamma_base-snps-concat_pop	population	0.2	nonrandom_weighted	13	0.9631944010498031
simulation/sim_c0.006_s0.004/c0.006_s0.004_gtrgamma/c0.006_s0.004_gtrgamma_base-snps-concat_pop	population	0.2	nonrandom_weighted	14	0.9665020936191488
simulation/sim_c0.006_s0.004/c0.006_s0.004_gtrgamma/c0.006_s0.004_gtrgamma_base-snps-concat_pop	population	0.2	nonrandom_weighted	15	0.9664395975251546
simulation/sim_c0.006_s0.004/c0.006_s0.004_gtrgamma/c0.006_s0.004_gtrgamma_base-snps-concat_pop	population	0.2	nonrandom_weighted	16	0.9660021248671958
simulation/sim_c0.006_s0.004/c0.006_s0.004_gtrgamma/c0.006_s0.004_gtrgamma_base-snps-concat_pop	population	0.2	nonrandom_weighted	17	0.9665833853841349
simulation/sim_c0.006_s0.004/c0.006_s0.004_gtrgamma/c0.006_s0.004_gtrgamma_base-snps-concat_pop	population	0.2	nonrandom_weighted	18	0.9703731483217701
simulation/sim_c0.006_s0.004/c0.006_s0.004_gtrgamma/c0.006_s0.004_gtrgamma_base-snps-concat_pop	population	0.2	nonrandom_weighted	19	0.9650174912543729
simulation/sim_c0.006_s0.004/c0.006_s0.004_gtrgamma/c0.006_s0.004_gtrgamma_base-snps-concat_pop	population	0.2	nonrandom_weighted	20	0.9592142188961646
