simulation/sim_c0.003_s0.007/c0.003_s0.007_gtr/c0.003_s0.007_gtr_base-snps-concat_pop	population	0.2	random	1	0.9331189309020514
simulation/sim_c0.003_s0.007/c0.003_s0.007_gtr/c0.003_s0.007_gtr_base-snps-concat_pop	population	0.2	random	2	0.9342920353982301
simulation/sim_c0.003_s0.007/c0.003_s0.007_gtr/c0.003_s0.007_gtr_base-snps-concat_pop	population	0.2	random	3	0.9355519838643598
simulation/sim_c0.003_s0.007/c0.003_s0.007_gtr/c0.003_s0.007_gtr_base-snps-concat_pop	population	0.2	random	4	0.9335234752084247
simulation/sim_c0.003_s0.007/c0.003_s0.007_gtr/c0.003_s0.007_gtr_base-snps-concat_pop	population	0.2	random	5	0.9342696629213483
simulation/sim_c0.003_s0.007/c0.003_s0.007_gtr/c0.003_s0.007_gtr_base-snps-concat_pop	population	0.2	random	6	0.9345832293486399
simulation/sim_c0.003_s0.007/c0.003_s0.007_gtr/c0.003_s0.007_gtr_base-snps-concat_pop	population	0.2	random	7	0.9333083785638531
simulation/sim_c0.003_s0.007/c0.003_s0.007_gtr/c0.003_s0.007_gtr_base-snps-concat_pop	population	0.2	random	8	0.9336298430795251
simulation/sim_c0.003_s0.007/c0.003_s0.007_gtr/c0.003_s0.007_gtr_base-snps-concat_pop	population	0.2	random	9	0.9363287705403636
simulation/sim_c0.003_s0.007/c0.003_s0.007_gtr/c0.003_s0.007_gtr_base-snps-concat_pop	population	0.2	random	10	0.9350142156403287
simulation/sim_c0.003_s0.007/c0.003_s0.007_gtr/c0.003_s0.007_gtr_base-snps-concat_pop	population	0.2	random	11	0.9342379633375868
simulation/sim_c0.003_s0.007/c0.003_s0.007_gtr/c0.003_s0.007_gtr_base-snps-concat_pop	population	0.2	random	12	0.9363764705882353
simulation/sim_c0.003_s0.007/c0.003_s0.007_gtr/c0.003_s0.007_gtr_base-snps-concat_pop	population	0.2	random	13	0.9343061062648691
simulation/sim_c0.003_s0.007/c0.003_s0.007_gtr/c0.003_s0.007_gtr_base-snps-concat_pop	population	0.2	random	14	0.9357356982263303
simulation/sim_c0.003_s0.007/c0.003_s0.007_gtr/c0.003_s0.007_gtr_base-snps-concat_pop	population	0.2	random	15	0.9352878196246379
simulation/sim_c0.003_s0.007/c0.003_s0.007_gtr/c0.003_s0.007_gtr_base-snps-concat_pop	population	0.2	random	16	0.9353445578018401
simulation/sim_c0.003_s0.007/c0.003_s0.007_gtr/c0.003_s0.007_gtr_base-snps-concat_pop	population	0.2	random	17	0.9339383508058207
simulation/sim_c0.003_s0.007/c0.003_s0.007_gtr/c0.003_s0.007_gtr_base-snps-concat_pop	population	0.2	random	18	0.9343109241058812
simulation/sim_c0.003_s0.007/c0.003_s0.007_gtr/c0.003_s0.007_gtr_base-snps-concat_pop	population	0.2	random	19	0.9336265117009581
simulation/sim_c0.003_s0.007/c0.003_s0.007_gtr/c0.003_s0.007_gtr_base-snps-concat_pop	population	0.2	random	20	0.9333249976555906
simulation/sim_c0.003_s0.007/c0.003_s0.007_gtr/c0.003_s0.007_gtr_base-snps-concat_pop	population	0.2	nonrandom	1	0.9327998999812465
simulation/sim_c0.003_s0.007/c0.003_s0.007_gtr/c0.003_s0.007_gtr_base-snps-concat_pop	population	0.2	nonrandom	2	0.9360943413932247
simulation/sim_c0.003_s0.007/c0.003_s0.007_gtr/c0.003_s0.007_gtr_base-snps-concat_pop	population	0.2	nonrandom	3	0.9323094247552316
simulation/sim_c0.003_s0.007/c0.003_s0.007_gtr/c0.003_s0.007_gtr_base-snps-concat_pop	population	0.2	nonrandom	4	0.9330601520222715
simulation/sim_c0.003_s0.007/c0.003_s0.007_gtr/c0.003_s0.007_gtr_base-snps-concat_pop	population	0.2	nonrandom	5	0.9306853339166848
simulation/sim_c0.003_s0.007/c0.003_s0.007_gtr/c0.003_s0.007_gtr_base-snps-concat_pop	population	0.2	nonrandom	6	0.9321535767883942
simulation/sim_c0.003_s0.007/c0.003_s0.007_gtr/c0.003_s0.007_gtr_base-snps-concat_pop	population	0.2	nonrandom	7	0.9340611217116581
simulation/sim_c0.003_s0.007/c0.003_s0.007_gtr/c0.003_s0.007_gtr_base-snps-concat_pop	population	0.2	nonrandom	8	0.9316212580937784
simulation/sim_c0.003_s0.007/c0.003_s0.007_gtr/c0.003_s0.007_gtr_base-snps-concat_pop	population	0.2	nonrandom	9	0.9352540466220861
simulation/sim_c0.003_s0.007/c0.003_s0.007_gtr/c0.003_s0.007_gtr_base-snps-concat_pop	population	0.2	nonrandom	10	0.9299924924924925
simulation/sim_c0.003_s0.007/c0.003_s0.007_gtr/c0.003_s0.007_gtr_base-snps-concat_pop	population	0.2	nonrandom	11	0.9306828490099784
simulation/sim_c0.003_s0.007/c0.003_s0.007_gtr/c0.003_s0.007_gtr_base-snps-concat_pop	population	0.2	nonrandom	12	0.927523538427852
simulation/sim_c0.003_s0.007/c0.003_s0.007_gtr/c0.003_s0.007_gtr_base-snps-concat_pop	population	0.2	nonrandom	13	0.9399530883502737
simulation/sim_c0.003_s0.007/c0.003_s0.007_gtr/c0.003_s0.007_gtr_base-snps-concat_pop	population	0.2	nonrandom	14	0.9265206660626699
simulation/sim_c0.003_s0.007/c0.003_s0.007_gtr/c0.003_s0.007_gtr_base-snps-concat_pop	population	0.2	nonrandom	15	0.9280379964378339
simulation/sim_c0.003_s0.007/c0.003_s0.007_gtr/c0.003_s0.007_gtr_base-snps-concat_pop	population	0.2	nonrandom	16	0.937533235321718
simulation/sim_c0.003_s0.007/c0.003_s0.007_gtr/c0.003_s0.007_gtr_base-snps-concat_pop	population	0.2	nonrandom	17	0.9317464779933152
simulation/sim_c0.003_s0.007/c0.003_s0.007_gtr/c0.003_s0.007_gtr_base-snps-concat_pop	population	0.2	nonrandom	18	0.9267598586484035
simulation/sim_c0.003_s0.007/c0.003_s0.007_gtr/c0.003_s0.007_gtr_base-snps-concat_pop	population	0.2	nonrandom	19	0.9333895973993498
simulation/sim_c0.003_s0.007/c0.003_s0.007_gtr/c0.003_s0.007_gtr_base-snps-concat_pop	population	0.2	nonrandom	20	0.9278521391043283
simulation/sim_c0.003_s0.007/c0.003_s0.007_gtr/c0.003_s0.007_gtr_base-snps-concat_pop	population	0.2	nonrandom_weighted	1	0.9176801625762075
simulation/sim_c0.003_s0.007/c0.003_s0.007_gtr/c0.003_s0.007_gtr_base-snps-concat_pop	population	0.2	nonrandom_weighted	2	0.9358581436077058
simulation/sim_c0.003_s0.007/c0.003_s0.007_gtr/c0.003_s0.007_gtr_base-snps-concat_pop	population	0.2	nonrandom_weighted	3	0.9273335835835835
simulation/sim_c0.003_s0.007/c0.003_s0.007_gtr/c0.003_s0.007_gtr_base-snps-concat_pop	population	0.2	nonrandom_weighted	4	0.9242196784887722
simulation/sim_c0.003_s0.007/c0.003_s0.007_gtr/c0.003_s0.007_gtr_base-snps-concat_pop	population	0.2	nonrandom_weighted	5	0.9248226063580381
simulation/sim_c0.003_s0.007/c0.003_s0.007_gtr/c0.003_s0.007_gtr_base-snps-concat_pop	population	0.2	nonrandom_weighted	6	0.9287857008936942
simulation/sim_c0.003_s0.007/c0.003_s0.007_gtr/c0.003_s0.007_gtr_base-snps-concat_pop	population	0.2	nonrandom_weighted	7	0.9311833338546717
simulation/sim_c0.003_s0.007/c0.003_s0.007_gtr/c0.003_s0.007_gtr_base-snps-concat_pop	population	0.2	nonrandom_weighted	8	0.9281491444837187
simulation/sim_c0.003_s0.007/c0.003_s0.007_gtr/c0.003_s0.007_gtr_base-snps-concat_pop	population	0.2	nonrandom_weighted	9	0.9259595232881854
simulation/sim_c0.003_s0.007/c0.003_s0.007_gtr/c0.003_s0.007_gtr_base-snps-concat_pop	population	0.2	nonrandom_weighted	10	0.9186341036305076
simulation/sim_c0.003_s0.007/c0.003_s0.007_gtr/c0.003_s0.007_gtr_base-snps-concat_pop	population	0.2	nonrandom_weighted	11	0.9260533641965655
simulation/sim_c0.003_s0.007/c0.003_s0.007_gtr/c0.003_s0.007_gtr_base-snps-concat_pop	population	0.2	nonrandom_weighted	12	0.9238970703186068
simulation/sim_c0.003_s0.007/c0.003_s0.007_gtr/c0.003_s0.007_gtr_base-snps-concat_pop	population	0.2	nonrandom_weighted	13	0.9239864864864865
simulation/sim_c0.003_s0.007/c0.003_s0.007_gtr/c0.003_s0.007_gtr_base-snps-concat_pop	population	0.2	nonrandom_weighted	14	0.9336231974725515
simulation/sim_c0.003_s0.007/c0.003_s0.007_gtr/c0.003_s0.007_gtr_base-snps-concat_pop	population	0.2	nonrandom_weighted	15	0.9213300384747725
simulation/sim_c0.003_s0.007/c0.003_s0.007_gtr/c0.003_s0.007_gtr_base-snps-concat_pop	population	0.2	nonrandom_weighted	16	0.9241765460289656
simulation/sim_c0.003_s0.007/c0.003_s0.007_gtr/c0.003_s0.007_gtr_base-snps-concat_pop	population	0.2	nonrandom_weighted	17	0.9323014383989994
simulation/sim_c0.003_s0.007/c0.003_s0.007_gtr/c0.003_s0.007_gtr_base-snps-concat_pop	population	0.2	nonrandom_weighted	18	0.9252087960211455
simulation/sim_c0.003_s0.007/c0.003_s0.007_gtr/c0.003_s0.007_gtr_base-snps-concat_pop	population	0.2	nonrandom_weighted	19	0.9299293352510787
simulation/sim_c0.003_s0.007/c0.003_s0.007_gtr/c0.003_s0.007_gtr_base-snps-concat_pop	population	0.2	nonrandom_weighted	20	0.9189840157652726
