simulation/sim_c0.005_s0.005/c0.005_s0.005_gtrgamma/c0.005_s0.005_gtrgamma_base-snps-concat_phyloqr	phyloqr	0.2	random	1	0.9975009371485692
simulation/sim_c0.005_s0.005/c0.005_s0.005_gtrgamma/c0.005_s0.005_gtrgamma_base-snps-concat_phyloqr	phyloqr	0.2	random	2	0.9984436282139078
simulation/sim_c0.005_s0.005/c0.005_s0.005_gtrgamma/c0.005_s0.005_gtrgamma_base-snps-concat_phyloqr	phyloqr	0.2	random	3	0.9977770916949675
simulation/sim_c0.005_s0.005/c0.005_s0.005_gtrgamma/c0.005_s0.005_gtrgamma_base-snps-concat_phyloqr	phyloqr	0.2	random	4	0.9986357435197817
simulation/sim_c0.005_s0.005/c0.005_s0.005_gtrgamma/c0.005_s0.005_gtrgamma_base-snps-concat_phyloqr	phyloqr	0.2	random	5	0.9981324701195219
simulation/sim_c0.005_s0.005/c0.005_s0.005_gtrgamma/c0.005_s0.005_gtrgamma_base-snps-concat_phyloqr	phyloqr	0.2	random	6	0.9980026215592035
simulation/sim_c0.005_s0.005/c0.005_s0.005_gtrgamma/c0.005_s0.005_gtrgamma_base-snps-concat_phyloqr	phyloqr	0.2	random	7	0.9983639567077774
simulation/sim_c0.005_s0.005/c0.005_s0.005_gtrgamma/c0.005_s0.005_gtrgamma_base-snps-concat_phyloqr	phyloqr	0.2	random	8	0.998551637279597
simulation/sim_c0.005_s0.005/c0.005_s0.005_gtrgamma/c0.005_s0.005_gtrgamma_base-snps-concat_phyloqr	phyloqr	0.2	random	9	0.9981068972045182
simulation/sim_c0.005_s0.005/c0.005_s0.005_gtrgamma/c0.005_s0.005_gtrgamma_base-snps-concat_phyloqr	phyloqr	0.2	random	10	0.9979783940868027
simulation/sim_c0.005_s0.005/c0.005_s0.005_gtrgamma/c0.005_s0.005_gtrgamma_base-snps-concat_phyloqr	phyloqr	0.2	random	11	0.997549173631622
simulation/sim_c0.005_s0.005/c0.005_s0.005_gtrgamma/c0.005_s0.005_gtrgamma_base-snps-concat_phyloqr	phyloqr	0.2	random	12	0.9981358354564096
simulation/sim_c0.005_s0.005/c0.005_s0.005_gtrgamma/c0.005_s0.005_gtrgamma_base-snps-concat_phyloqr	phyloqr	0.2	random	13	0.9982296408700051
simulation/sim_c0.005_s0.005/c0.005_s0.005_gtrgamma/c0.005_s0.005_gtrgamma_base-snps-concat_phyloqr	phyloqr	0.2	random	14	0.9981887452376491
simulation/sim_c0.005_s0.005/c0.005_s0.005_gtrgamma/c0.005_s0.005_gtrgamma_base-snps-concat_phyloqr	phyloqr	0.2	random	15	0.9981301421091997
simulation/sim_c0.005_s0.005/c0.005_s0.005_gtrgamma/c0.005_s0.005_gtrgamma_base-snps-concat_phyloqr	phyloqr	0.2	random	16	0.9979749631811488
simulation/sim_c0.005_s0.005/c0.005_s0.005_gtrgamma/c0.005_s0.005_gtrgamma_base-snps-concat_phyloqr	phyloqr	0.2	random	17	0.99842846366608
simulation/sim_c0.005_s0.005/c0.005_s0.005_gtrgamma/c0.005_s0.005_gtrgamma_base-snps-concat_phyloqr	phyloqr	0.2	random	18	0.9978747343417927
simulation/sim_c0.005_s0.005/c0.005_s0.005_gtrgamma/c0.005_s0.005_gtrgamma_base-snps-concat_phyloqr	phyloqr	0.2	random	19	0.9982431923704355
simulation/sim_c0.005_s0.005/c0.005_s0.005_gtrgamma/c0.005_s0.005_gtrgamma_base-snps-concat_phyloqr	phyloqr	0.2	random	20	0.9983295180350182
simulation/sim_c0.005_s0.005/c0.005_s0.005_gtrgamma/c0.005_s0.005_gtrgamma_base-snps-concat_phyloqr	phyloqr	0.2	nonrandom	1	0.9989379646404698
simulation/sim_c0.005_s0.005/c0.005_s0.005_gtrgamma/c0.005_s0.005_gtrgamma_base-snps-concat_phyloqr	phyloqr	0.2	nonrandom	2	0.9998750078120118
simulation/sim_c0.005_s0.005/c0.005_s0.005_gtrgamma/c0.005_s0.005_gtrgamma_base-snps-concat_phyloqr	phyloqr	0.2	nonrandom	3	0.9994375351540529
simulation/sim_c0.005_s0.005/c0.005_s0.005_gtrgamma/c0.005_s0.005_gtrgamma_base-snps-concat_phyloqr	phyloqr	0.2	nonrandom	4	0.999500031248047
simulation/sim_c0.005_s0.005/c0.005_s0.005_gtrgamma/c0.005_s0.005_gtrgamma_base-snps-concat_phyloqr	phyloqr	0.2	nonrandom	5	0.9991875
simulation/sim_c0.005_s0.005/c0.005_s0.005_gtrgamma/c0.005_s0.005_gtrgamma_base-snps-concat_phyloqr	phyloqr	0.2	nonrandom	6	0.9983125
simulation/sim_c0.005_s0.005/c0.005_s0.005_gtrgamma/c0.005_s0.005_gtrgamma_base-snps-concat_phyloqr	phyloqr	0.2	nonrandom	7	0.9981268731268731
simulation/sim_c0.005_s0.005/c0.005_s0.005_gtrgamma/c0.005_s0.005_gtrgamma_base-snps-concat_phyloqr	phyloqr	0.2	nonrandom	8	0.998812425776611
simulation/sim_c0.005_s0.005/c0.005_s0.005_gtrgamma/c0.005_s0.005_gtrgamma_base-snps-concat_phyloqr	phyloqr	0.2	nonrandom	9	0.9995637542066559
simulation/sim_c0.005_s0.005/c0.005_s0.005_gtrgamma/c0.005_s0.005_gtrgamma_base-snps-concat_phyloqr	phyloqr	0.2	nonrandom	10	0.9993752342871424
simulation/sim_c0.005_s0.005/c0.005_s0.005_gtrgamma/c0.005_s0.005_gtrgamma_base-snps-concat_phyloqr	phyloqr	0.2	nonrandom	11	0.9993749609350584
simulation/sim_c0.005_s0.005/c0.005_s0.005_gtrgamma/c0.005_s0.005_gtrgamma_base-snps-concat_phyloqr	phyloqr	0.2	nonrandom	12	0.9905630898068871
simulation/sim_c0.005_s0.005/c0.005_s0.005_gtrgamma/c0.005_s0.005_gtrgamma_base-snps-concat_phyloqr	phyloqr	0.2	nonrandom	13	0.9952568183236598
simulation/sim_c0.005_s0.005/c0.005_s0.005_gtrgamma/c0.005_s0.005_gtrgamma_base-snps-concat_phyloqr	phyloqr	0.2	nonrandom	14	0.9993125429660646
simulation/sim_c0.005_s0.005/c0.005_s0.005_gtrgamma/c0.005_s0.005_gtrgamma_base-snps-concat_phyloqr	phyloqr	0.2	nonrandom	15	0.9997500156240235
simulation/sim_c0.005_s0.005/c0.005_s0.005_gtrgamma/c0.005_s0.005_gtrgamma_base-snps-concat_phyloqr	phyloqr	0.2	nonrandom	16	0.9976263351864576
simulation/sim_c0.005_s0.005/c0.005_s0.005_gtrgamma/c0.005_s0.005_gtrgamma_base-snps-concat_phyloqr	phyloqr	0.2	nonrandom	17	0.9991265830681889
simulation/sim_c0.005_s0.005/c0.005_s0.005_gtrgamma/c0.005_s0.005_gtrgamma_base-snps-concat_phyloqr	phyloqr	0.2	nonrandom	18	0.9998125
simulation/sim_c0.005_s0.005/c0.005_s0.005_gtrgamma/c0.005_s0.005_gtrgamma_base-snps-concat_phyloqr	phyloqr	0.2	nonrandom	19	0.9953253552729993
simulation/sim_c0.005_s0.005/c0.005_s0.005_gtrgamma/c0.005_s0.005_gtrgamma_base-snps-concat_phyloqr	phyloqr	0.2	nonrandom	20	0.9996875195300293
simulation/sim_c0.005_s0.005/c0.005_s0.005_gtrgamma/c0.005_s0.005_gtrgamma_base-snps-concat_phyloqr	phyloqr	0.2	nonrandom_weighted	1	0.9988749296831052
simulation/sim_c0.005_s0.005/c0.005_s0.005_gtrgamma/c0.005_s0.005_gtrgamma_base-snps-concat_phyloqr	phyloqr	0.2	nonrandom_weighted	2	0.9965637885792827
simulation/sim_c0.005_s0.005/c0.005_s0.005_gtrgamma/c0.005_s0.005_gtrgamma_base-snps-concat_phyloqr	phyloqr	0.2	nonrandom_weighted	3	0.9994375
simulation/sim_c0.005_s0.005/c0.005_s0.005_gtrgamma/c0.005_s0.005_gtrgamma_base-snps-concat_phyloqr	phyloqr	0.2	nonrandom_weighted	4	0.9988750703081057
simulation/sim_c0.005_s0.005/c0.005_s0.005_gtrgamma/c0.005_s0.005_gtrgamma_base-snps-concat_phyloqr	phyloqr	0.2	nonrandom_weighted	5	0.9985657271139935
simulation/sim_c0.005_s0.005/c0.005_s0.005_gtrgamma/c0.005_s0.005_gtrgamma_base-snps-concat_phyloqr	phyloqr	0.2	nonrandom_weighted	6	0.9991249453090818
simulation/sim_c0.005_s0.005/c0.005_s0.005_gtrgamma/c0.005_s0.005_gtrgamma_base-snps-concat_phyloqr	phyloqr	0.2	nonrandom_weighted	7	0.9950040592018985
simulation/sim_c0.005_s0.005/c0.005_s0.005_gtrgamma/c0.005_s0.005_gtrgamma_base-snps-concat_phyloqr	phyloqr	0.2	nonrandom_weighted	8	0.999313915050209
simulation/sim_c0.005_s0.005/c0.005_s0.005_gtrgamma/c0.005_s0.005_gtrgamma_base-snps-concat_phyloqr	phyloqr	0.2	nonrandom_weighted	9	0.9995625273420411
simulation/sim_c0.005_s0.005/c0.005_s0.005_gtrgamma/c0.005_s0.005_gtrgamma_base-snps-concat_phyloqr	phyloqr	0.2	nonrandom_weighted	10	0.9996259118398902
simulation/sim_c0.005_s0.005/c0.005_s0.005_gtrgamma/c0.005_s0.005_gtrgamma_base-snps-concat_phyloqr	phyloqr	0.2	nonrandom_weighted	11	0.999187449215576
simulation/sim_c0.005_s0.005/c0.005_s0.005_gtrgamma/c0.005_s0.005_gtrgamma_base-snps-concat_phyloqr	phyloqr	0.2	nonrandom_weighted	12	0.9992501405986377
simulation/sim_c0.005_s0.005/c0.005_s0.005_gtrgamma/c0.005_s0.005_gtrgamma_base-snps-concat_phyloqr	phyloqr	0.2	nonrandom_weighted	13	0.9981248828051753
simulation/sim_c0.005_s0.005/c0.005_s0.005_gtrgamma/c0.005_s0.005_gtrgamma_base-snps-concat_phyloqr	phyloqr	0.2	nonrandom_weighted	14	0.9945628398225111
simulation/sim_c0.005_s0.005/c0.005_s0.005_gtrgamma/c0.005_s0.005_gtrgamma_base-snps-concat_phyloqr	phyloqr	0.2	nonrandom_weighted	15	0.9991250546840822
simulation/sim_c0.005_s0.005/c0.005_s0.005_gtrgamma/c0.005_s0.005_gtrgamma_base-snps-concat_phyloqr	phyloqr	0.2	nonrandom_weighted	16	0.9995006242197253
simulation/sim_c0.005_s0.005/c0.005_s0.005_gtrgamma/c0.005_s0.005_gtrgamma_base-snps-concat_phyloqr	phyloqr	0.2	nonrandom_weighted	17	0.9989375
simulation/sim_c0.005_s0.005/c0.005_s0.005_gtrgamma/c0.005_s0.005_gtrgamma_base-snps-concat_phyloqr	phyloqr	0.2	nonrandom_weighted	18	0.9997499843740234
simulation/sim_c0.005_s0.005/c0.005_s0.005_gtrgamma/c0.005_s0.005_gtrgamma_base-snps-concat_phyloqr	phyloqr	0.2	nonrandom_weighted	19	0.9949378163864758
simulation/sim_c0.005_s0.005/c0.005_s0.005_gtrgamma/c0.005_s0.005_gtrgamma_base-snps-concat_phyloqr	phyloqr	0.2	nonrandom_weighted	20	0.9984375976501468
