simulation/sim_c0.001_s0.009/c0.001_s0.009_gtrgamma/c0.001_s0.009_gtrgamma_base-snps-concat_popWrong	population2	0.2	random	1	0.8768968008933851
simulation/sim_c0.001_s0.009/c0.001_s0.009_gtrgamma/c0.001_s0.009_gtrgamma_base-snps-concat_popWrong	population2	0.2	random	2	0.8787878787878788
simulation/sim_c0.001_s0.009/c0.001_s0.009_gtrgamma/c0.001_s0.009_gtrgamma_base-snps-concat_popWrong	population2	0.2	random	3	0.8797317340555878
simulation/sim_c0.001_s0.009/c0.001_s0.009_gtrgamma/c0.001_s0.009_gtrgamma_base-snps-concat_popWrong	population2	0.2	random	4	0.88230026226572
simulation/sim_c0.001_s0.009/c0.001_s0.009_gtrgamma/c0.001_s0.009_gtrgamma_base-snps-concat_popWrong	population2	0.2	random	5	0.8793025799395227
simulation/sim_c0.001_s0.009/c0.001_s0.009_gtrgamma/c0.001_s0.009_gtrgamma_base-snps-concat_popWrong	population2	0.2	random	6	0.8831370518959493
simulation/sim_c0.001_s0.009/c0.001_s0.009_gtrgamma/c0.001_s0.009_gtrgamma_base-snps-concat_popWrong	population2	0.2	random	7	0.8883438750484058
simulation/sim_c0.001_s0.009/c0.001_s0.009_gtrgamma/c0.001_s0.009_gtrgamma_base-snps-concat_popWrong	population2	0.2	random	8	0.8843709468223087
simulation/sim_c0.001_s0.009/c0.001_s0.009_gtrgamma/c0.001_s0.009_gtrgamma_base-snps-concat_popWrong	population2	0.2	random	9	0.8830310880829015
simulation/sim_c0.001_s0.009/c0.001_s0.009_gtrgamma/c0.001_s0.009_gtrgamma_base-snps-concat_popWrong	population2	0.2	random	10	0.8813460416261428
simulation/sim_c0.001_s0.009/c0.001_s0.009_gtrgamma/c0.001_s0.009_gtrgamma_base-snps-concat_popWrong	population2	0.2	random	11	0.8834304746044963
simulation/sim_c0.001_s0.009/c0.001_s0.009_gtrgamma/c0.001_s0.009_gtrgamma_base-snps-concat_popWrong	population2	0.2	random	12	0.8845484432411526
simulation/sim_c0.001_s0.009/c0.001_s0.009_gtrgamma/c0.001_s0.009_gtrgamma_base-snps-concat_popWrong	population2	0.2	random	13	0.8820556023588879
simulation/sim_c0.001_s0.009/c0.001_s0.009_gtrgamma/c0.001_s0.009_gtrgamma_base-snps-concat_popWrong	population2	0.2	random	14	0.8833945013199408
simulation/sim_c0.001_s0.009/c0.001_s0.009_gtrgamma/c0.001_s0.009_gtrgamma_base-snps-concat_popWrong	population2	0.2	random	15	0.8832088591295391
simulation/sim_c0.001_s0.009/c0.001_s0.009_gtrgamma/c0.001_s0.009_gtrgamma_base-snps-concat_popWrong	population2	0.2	random	16	0.8817162736760726
simulation/sim_c0.001_s0.009/c0.001_s0.009_gtrgamma/c0.001_s0.009_gtrgamma_base-snps-concat_popWrong	population2	0.2	random	17	0.879749723000717
simulation/sim_c0.001_s0.009/c0.001_s0.009_gtrgamma/c0.001_s0.009_gtrgamma_base-snps-concat_popWrong	population2	0.2	random	18	0.885085098090165
simulation/sim_c0.001_s0.009/c0.001_s0.009_gtrgamma/c0.001_s0.009_gtrgamma_base-snps-concat_popWrong	population2	0.2	random	19	0.8869036058781641
simulation/sim_c0.001_s0.009/c0.001_s0.009_gtrgamma/c0.001_s0.009_gtrgamma_base-snps-concat_popWrong	population2	0.2	random	20	0.8807645436469759
simulation/sim_c0.001_s0.009/c0.001_s0.009_gtrgamma/c0.001_s0.009_gtrgamma_base-snps-concat_popWrong	population2	0.2	nonrandom	1	0.8587384595519401
simulation/sim_c0.001_s0.009/c0.001_s0.009_gtrgamma/c0.001_s0.009_gtrgamma_base-snps-concat_popWrong	population2	0.2	nonrandom	2	0.8544879654126605
simulation/sim_c0.001_s0.009/c0.001_s0.009_gtrgamma/c0.001_s0.009_gtrgamma_base-snps-concat_popWrong	population2	0.2	nonrandom	3	0.8669772256728778
simulation/sim_c0.001_s0.009/c0.001_s0.009_gtrgamma/c0.001_s0.009_gtrgamma_base-snps-concat_popWrong	population2	0.2	nonrandom	4	0.8447072508724311
simulation/sim_c0.001_s0.009/c0.001_s0.009_gtrgamma/c0.001_s0.009_gtrgamma_base-snps-concat_popWrong	population2	0.2	nonrandom	5	0.8642118863049095
simulation/sim_c0.001_s0.009/c0.001_s0.009_gtrgamma/c0.001_s0.009_gtrgamma_base-snps-concat_popWrong	population2	0.2	nonrandom	6	0.8674387009122081
simulation/sim_c0.001_s0.009/c0.001_s0.009_gtrgamma/c0.001_s0.009_gtrgamma_base-snps-concat_popWrong	population2	0.2	nonrandom	7	0.8587603519668737
simulation/sim_c0.001_s0.009/c0.001_s0.009_gtrgamma/c0.001_s0.009_gtrgamma_base-snps-concat_popWrong	population2	0.2	nonrandom	8	0.8622004005426707
simulation/sim_c0.001_s0.009/c0.001_s0.009_gtrgamma/c0.001_s0.009_gtrgamma_base-snps-concat_popWrong	population2	0.2	nonrandom	9	0.853917319014039
simulation/sim_c0.001_s0.009/c0.001_s0.009_gtrgamma/c0.001_s0.009_gtrgamma_base-snps-concat_popWrong	population2	0.2	nonrandom	10	0.8798111132673524
simulation/sim_c0.001_s0.009/c0.001_s0.009_gtrgamma/c0.001_s0.009_gtrgamma_base-snps-concat_popWrong	population2	0.2	nonrandom	11	0.8610842519177464
simulation/sim_c0.001_s0.009/c0.001_s0.009_gtrgamma/c0.001_s0.009_gtrgamma_base-snps-concat_popWrong	population2	0.2	nonrandom	12	0.8580294802172227
simulation/sim_c0.001_s0.009/c0.001_s0.009_gtrgamma/c0.001_s0.009_gtrgamma_base-snps-concat_popWrong	population2	0.2	nonrandom	13	0.8551594989022343
simulation/sim_c0.001_s0.009/c0.001_s0.009_gtrgamma/c0.001_s0.009_gtrgamma_base-snps-concat_popWrong	population2	0.2	nonrandom	14	0.863131378374887
simulation/sim_c0.001_s0.009/c0.001_s0.009_gtrgamma/c0.001_s0.009_gtrgamma_base-snps-concat_popWrong	population2	0.2	nonrandom	15	0.8665329624118522
simulation/sim_c0.001_s0.009/c0.001_s0.009_gtrgamma/c0.001_s0.009_gtrgamma_base-snps-concat_popWrong	population2	0.2	nonrandom	16	0.8561178980027148
simulation/sim_c0.001_s0.009/c0.001_s0.009_gtrgamma/c0.001_s0.009_gtrgamma_base-snps-concat_popWrong	population2	0.2	nonrandom	17	0.8675103305785123
simulation/sim_c0.001_s0.009/c0.001_s0.009_gtrgamma/c0.001_s0.009_gtrgamma_base-snps-concat_popWrong	population2	0.2	nonrandom	18	0.8574844881075491
simulation/sim_c0.001_s0.009/c0.001_s0.009_gtrgamma/c0.001_s0.009_gtrgamma_base-snps-concat_popWrong	population2	0.2	nonrandom	19	0.8784369541308145
simulation/sim_c0.001_s0.009/c0.001_s0.009_gtrgamma/c0.001_s0.009_gtrgamma_base-snps-concat_popWrong	population2	0.2	nonrandom	20	0.8572167949796209
simulation/sim_c0.001_s0.009/c0.001_s0.009_gtrgamma/c0.001_s0.009_gtrgamma_base-snps-concat_popWrong	population2	0.2	nonrandom_weighted	1	0.8134825645338681
simulation/sim_c0.001_s0.009/c0.001_s0.009_gtrgamma/c0.001_s0.009_gtrgamma_base-snps-concat_popWrong	population2	0.2	nonrandom_weighted	2	0.8400621118012422
simulation/sim_c0.001_s0.009/c0.001_s0.009_gtrgamma/c0.001_s0.009_gtrgamma_base-snps-concat_popWrong	population2	0.2	nonrandom_weighted	3	0.8463925523661753
simulation/sim_c0.001_s0.009/c0.001_s0.009_gtrgamma/c0.001_s0.009_gtrgamma_base-snps-concat_popWrong	population2	0.2	nonrandom_weighted	4	0.8150352591059067
simulation/sim_c0.001_s0.009/c0.001_s0.009_gtrgamma/c0.001_s0.009_gtrgamma_base-snps-concat_popWrong	population2	0.2	nonrandom_weighted	5	0.8481594099760627
simulation/sim_c0.001_s0.009/c0.001_s0.009_gtrgamma/c0.001_s0.009_gtrgamma_base-snps-concat_popWrong	population2	0.2	nonrandom_weighted	6	0.8325677686485088
simulation/sim_c0.001_s0.009/c0.001_s0.009_gtrgamma/c0.001_s0.009_gtrgamma_base-snps-concat_popWrong	population2	0.2	nonrandom_weighted	7	0.8150804419461136
simulation/sim_c0.001_s0.009/c0.001_s0.009_gtrgamma/c0.001_s0.009_gtrgamma_base-snps-concat_popWrong	population2	0.2	nonrandom_weighted	8	0.8427249789739276
simulation/sim_c0.001_s0.009/c0.001_s0.009_gtrgamma/c0.001_s0.009_gtrgamma_base-snps-concat_popWrong	population2	0.2	nonrandom_weighted	9	0.8080481335317332
simulation/sim_c0.001_s0.009/c0.001_s0.009_gtrgamma/c0.001_s0.009_gtrgamma_base-snps-concat_popWrong	population2	0.2	nonrandom_weighted	10	0.8306826997672614
simulation/sim_c0.001_s0.009/c0.001_s0.009_gtrgamma/c0.001_s0.009_gtrgamma_base-snps-concat_popWrong	population2	0.2	nonrandom_weighted	11	0.8370317655431196
simulation/sim_c0.001_s0.009/c0.001_s0.009_gtrgamma/c0.001_s0.009_gtrgamma_base-snps-concat_popWrong	population2	0.2	nonrandom_weighted	12	0.8443511943189155
simulation/sim_c0.001_s0.009/c0.001_s0.009_gtrgamma/c0.001_s0.009_gtrgamma_base-snps-concat_popWrong	population2	0.2	nonrandom_weighted	13	0.8353138723843968
simulation/sim_c0.001_s0.009/c0.001_s0.009_gtrgamma/c0.001_s0.009_gtrgamma_base-snps-concat_popWrong	population2	0.2	nonrandom_weighted	14	0.821246037394061
simulation/sim_c0.001_s0.009/c0.001_s0.009_gtrgamma/c0.001_s0.009_gtrgamma_base-snps-concat_popWrong	population2	0.2	nonrandom_weighted	15	0.8304449042938438
simulation/sim_c0.001_s0.009/c0.001_s0.009_gtrgamma/c0.001_s0.009_gtrgamma_base-snps-concat_popWrong	population2	0.2	nonrandom_weighted	16	0.8276129032258065
simulation/sim_c0.001_s0.009/c0.001_s0.009_gtrgamma/c0.001_s0.009_gtrgamma_base-snps-concat_popWrong	population2	0.2	nonrandom_weighted	17	0.8284494469241219
simulation/sim_c0.001_s0.009/c0.001_s0.009_gtrgamma/c0.001_s0.009_gtrgamma_base-snps-concat_popWrong	population2	0.2	nonrandom_weighted	18	0.8098473084886129
simulation/sim_c0.001_s0.009/c0.001_s0.009_gtrgamma/c0.001_s0.009_gtrgamma_base-snps-concat_popWrong	population2	0.2	nonrandom_weighted	19	0.8190279214064116
simulation/sim_c0.001_s0.009/c0.001_s0.009_gtrgamma/c0.001_s0.009_gtrgamma_base-snps-concat_popWrong	population2	0.2	nonrandom_weighted	20	0.8289337474120083
