simulation/sim_c0.001_s0.009/c0.001_s0.009_gtr/c0.001_s0.009_gtr_base-snps-concat_pop	population	0.2	random	1	0.8801443121228568
simulation/sim_c0.001_s0.009/c0.001_s0.009_gtr/c0.001_s0.009_gtr_base-snps-concat_pop	population	0.2	random	2	0.877928639090622
simulation/sim_c0.001_s0.009/c0.001_s0.009_gtr/c0.001_s0.009_gtr_base-snps-concat_pop	population	0.2	random	3	0.8766519823788547
simulation/sim_c0.001_s0.009/c0.001_s0.009_gtr/c0.001_s0.009_gtr_base-snps-concat_pop	population	0.2	random	4	0.8752269036017961
simulation/sim_c0.001_s0.009/c0.001_s0.009_gtr/c0.001_s0.009_gtr_base-snps-concat_pop	population	0.2	random	5	0.8781578359043147
simulation/sim_c0.001_s0.009/c0.001_s0.009_gtr/c0.001_s0.009_gtr_base-snps-concat_pop	population	0.2	random	6	0.8795048229490684
simulation/sim_c0.001_s0.009/c0.001_s0.009_gtr/c0.001_s0.009_gtr_base-snps-concat_pop	population	0.2	random	7	0.8786980362152512
simulation/sim_c0.001_s0.009/c0.001_s0.009_gtr/c0.001_s0.009_gtr_base-snps-concat_pop	population	0.2	random	8	0.8811890621526344
simulation/sim_c0.001_s0.009/c0.001_s0.009_gtr/c0.001_s0.009_gtr_base-snps-concat_pop	population	0.2	random	9	0.8804823865439543
simulation/sim_c0.001_s0.009/c0.001_s0.009_gtr/c0.001_s0.009_gtr_base-snps-concat_pop	population	0.2	random	10	0.8765263291783262
simulation/sim_c0.001_s0.009/c0.001_s0.009_gtr/c0.001_s0.009_gtr_base-snps-concat_pop	population	0.2	random	11	0.8765893553127596
simulation/sim_c0.001_s0.009/c0.001_s0.009_gtr/c0.001_s0.009_gtr_base-snps-concat_pop	population	0.2	random	12	0.880101313914833
simulation/sim_c0.001_s0.009/c0.001_s0.009_gtr/c0.001_s0.009_gtr_base-snps-concat_pop	population	0.2	random	13	0.8790096199337644
simulation/sim_c0.001_s0.009/c0.001_s0.009_gtr/c0.001_s0.009_gtr_base-snps-concat_pop	population	0.2	random	14	0.8782262145748988
simulation/sim_c0.001_s0.009/c0.001_s0.009_gtr/c0.001_s0.009_gtr_base-snps-concat_pop	population	0.2	random	15	0.8825250437271426
simulation/sim_c0.001_s0.009/c0.001_s0.009_gtr/c0.001_s0.009_gtr_base-snps-concat_pop	population	0.2	random	16	0.8757289553752535
simulation/sim_c0.001_s0.009/c0.001_s0.009_gtr/c0.001_s0.009_gtr_base-snps-concat_pop	population	0.2	random	17	0.8787503178235444
simulation/sim_c0.001_s0.009/c0.001_s0.009_gtr/c0.001_s0.009_gtr_base-snps-concat_pop	population	0.2	random	18	0.8774257489050161
simulation/sim_c0.001_s0.009/c0.001_s0.009_gtr/c0.001_s0.009_gtr_base-snps-concat_pop	population	0.2	random	19	0.8791472183676043
simulation/sim_c0.001_s0.009/c0.001_s0.009_gtr/c0.001_s0.009_gtr_base-snps-concat_pop	population	0.2	random	20	0.8763454557034583
simulation/sim_c0.001_s0.009/c0.001_s0.009_gtr/c0.001_s0.009_gtr_base-snps-concat_pop	population	0.2	nonrandom	1	0.8656260927615476
simulation/sim_c0.001_s0.009/c0.001_s0.009_gtr/c0.001_s0.009_gtr_base-snps-concat_pop	population	0.2	nonrandom	2	0.8658168293225673
simulation/sim_c0.001_s0.009/c0.001_s0.009_gtr/c0.001_s0.009_gtr_base-snps-concat_pop	population	0.2	nonrandom	3	0.8614890640895219
simulation/sim_c0.001_s0.009/c0.001_s0.009_gtr/c0.001_s0.009_gtr_base-snps-concat_pop	population	0.2	nonrandom	4	0.8641485478495476
simulation/sim_c0.001_s0.009/c0.001_s0.009_gtr/c0.001_s0.009_gtr_base-snps-concat_pop	population	0.2	nonrandom	5	0.8629196337741607
simulation/sim_c0.001_s0.009/c0.001_s0.009_gtr/c0.001_s0.009_gtr_base-snps-concat_pop	population	0.2	nonrandom	6	0.862245221918852
simulation/sim_c0.001_s0.009/c0.001_s0.009_gtr/c0.001_s0.009_gtr_base-snps-concat_pop	population	0.2	nonrandom	7	0.8631802883088843
simulation/sim_c0.001_s0.009/c0.001_s0.009_gtr/c0.001_s0.009_gtr_base-snps-concat_pop	population	0.2	nonrandom	8	0.8680690159194179
simulation/sim_c0.001_s0.009/c0.001_s0.009_gtr/c0.001_s0.009_gtr_base-snps-concat_pop	population	0.2	nonrandom	9	0.8707082909460834
simulation/sim_c0.001_s0.009/c0.001_s0.009_gtr/c0.001_s0.009_gtr_base-snps-concat_pop	population	0.2	nonrandom	10	0.8529991104333461
simulation/sim_c0.001_s0.009/c0.001_s0.009_gtr/c0.001_s0.009_gtr_base-snps-concat_pop	population	0.2	nonrandom	11	0.8660393553104238
simulation/sim_c0.001_s0.009/c0.001_s0.009_gtr/c0.001_s0.009_gtr_base-snps-concat_pop	population	0.2	nonrandom	12	0.8679785103474584
simulation/sim_c0.001_s0.009/c0.001_s0.009_gtr/c0.001_s0.009_gtr_base-snps-concat_pop	population	0.2	nonrandom	13	0.8524923702950152
simulation/sim_c0.001_s0.009/c0.001_s0.009_gtr/c0.001_s0.009_gtr_base-snps-concat_pop	population	0.2	nonrandom	14	0.8761126653102747
simulation/sim_c0.001_s0.009/c0.001_s0.009_gtr/c0.001_s0.009_gtr_base-snps-concat_pop	population	0.2	nonrandom	15	0.8634644117366563
simulation/sim_c0.001_s0.009/c0.001_s0.009_gtr/c0.001_s0.009_gtr_base-snps-concat_pop	population	0.2	nonrandom	16	0.864838269371171
simulation/sim_c0.001_s0.009/c0.001_s0.009_gtr/c0.001_s0.009_gtr_base-snps-concat_pop	population	0.2	nonrandom	17	0.8675345292903636
simulation/sim_c0.001_s0.009/c0.001_s0.009_gtr/c0.001_s0.009_gtr_base-snps-concat_pop	population	0.2	nonrandom	18	0.8695956256358087
simulation/sim_c0.001_s0.009/c0.001_s0.009_gtr/c0.001_s0.009_gtr_base-snps-concat_pop	population	0.2	nonrandom	19	0.8683458264515309
simulation/sim_c0.001_s0.009/c0.001_s0.009_gtr/c0.001_s0.009_gtr_base-snps-concat_pop	population	0.2	nonrandom	20	0.8645241195338055
simulation/sim_c0.001_s0.009/c0.001_s0.009_gtr/c0.001_s0.009_gtr_base-snps-concat_pop	population	0.2	nonrandom_weighted	1	0.8386368693772451
simulation/sim_c0.001_s0.009/c0.001_s0.009_gtr/c0.001_s0.009_gtr_base-snps-concat_pop	population	0.2	nonrandom_weighted	2	0.834822138156849
simulation/sim_c0.001_s0.009/c0.001_s0.009_gtr/c0.001_s0.009_gtr_base-snps-concat_pop	population	0.2	nonrandom_weighted	3	0.8380010808405124
simulation/sim_c0.001_s0.009/c0.001_s0.009_gtr/c0.001_s0.009_gtr_base-snps-concat_pop	population	0.2	nonrandom_weighted	4	0.8269383603013638
simulation/sim_c0.001_s0.009/c0.001_s0.009_gtr/c0.001_s0.009_gtr_base-snps-concat_pop	population	0.2	nonrandom_weighted	5	0.8290104447760246
simulation/sim_c0.001_s0.009/c0.001_s0.009_gtr/c0.001_s0.009_gtr_base-snps-concat_pop	population	0.2	nonrandom_weighted	6	0.8320996283000286
simulation/sim_c0.001_s0.009/c0.001_s0.009_gtr/c0.001_s0.009_gtr_base-snps-concat_pop	population	0.2	nonrandom_weighted	7	0.8359816945274264
simulation/sim_c0.001_s0.009/c0.001_s0.009_gtr/c0.001_s0.009_gtr_base-snps-concat_pop	population	0.2	nonrandom_weighted	8	0.8254124678132053
simulation/sim_c0.001_s0.009/c0.001_s0.009_gtr/c0.001_s0.009_gtr_base-snps-concat_pop	population	0.2	nonrandom_weighted	9	0.8218838414343389
simulation/sim_c0.001_s0.009/c0.001_s0.009_gtr/c0.001_s0.009_gtr_base-snps-concat_pop	population	0.2	nonrandom_weighted	10	0.8228057348126013
simulation/sim_c0.001_s0.009/c0.001_s0.009_gtr/c0.001_s0.009_gtr_base-snps-concat_pop	population	0.2	nonrandom_weighted	11	0.8347254422460063
simulation/sim_c0.001_s0.009/c0.001_s0.009_gtr/c0.001_s0.009_gtr_base-snps-concat_pop	population	0.2	nonrandom_weighted	12	0.8272562545697301
simulation/sim_c0.001_s0.009/c0.001_s0.009_gtr/c0.001_s0.009_gtr_base-snps-concat_pop	population	0.2	nonrandom_weighted	13	0.825094573544839
simulation/sim_c0.001_s0.009/c0.001_s0.009_gtr/c0.001_s0.009_gtr_base-snps-concat_pop	population	0.2	nonrandom_weighted	14	0.8347850966429298
simulation/sim_c0.001_s0.009/c0.001_s0.009_gtr/c0.001_s0.009_gtr_base-snps-concat_pop	population	0.2	nonrandom_weighted	15	0.820746624305004
simulation/sim_c0.001_s0.009/c0.001_s0.009_gtr/c0.001_s0.009_gtr_base-snps-concat_pop	population	0.2	nonrandom_weighted	16	0.8250309946911657
simulation/sim_c0.001_s0.009/c0.001_s0.009_gtr/c0.001_s0.009_gtr_base-snps-concat_pop	population	0.2	nonrandom_weighted	17	0.842563467098783
simulation/sim_c0.001_s0.009/c0.001_s0.009_gtr/c0.001_s0.009_gtr_base-snps-concat_pop	population	0.2	nonrandom_weighted	18	0.8378764773160503
simulation/sim_c0.001_s0.009/c0.001_s0.009_gtr/c0.001_s0.009_gtr_base-snps-concat_pop	population	0.2	nonrandom_weighted	19	0.8292535605289929
simulation/sim_c0.001_s0.009/c0.001_s0.009_gtr/c0.001_s0.009_gtr_base-snps-concat_pop	population	0.2	nonrandom_weighted	20	0.8290628179043744
