simulation/sim_c0.001_s0.009/c0.001_s0.009_gtr/c0.001_s0.009_gtr_base-snps-concat_global	global	0.2	random	1	0.877888103876265
simulation/sim_c0.001_s0.009/c0.001_s0.009_gtr/c0.001_s0.009_gtr_base-snps-concat_global	global	0.2	random	2	0.8795322755368635
simulation/sim_c0.001_s0.009/c0.001_s0.009_gtr/c0.001_s0.009_gtr_base-snps-concat_global	global	0.2	random	3	0.878882982130276
simulation/sim_c0.001_s0.009/c0.001_s0.009_gtr/c0.001_s0.009_gtr_base-snps-concat_global	global	0.2	random	4	0.8758835891230975
simulation/sim_c0.001_s0.009/c0.001_s0.009_gtr/c0.001_s0.009_gtr_base-snps-concat_global	global	0.2	random	5	0.8765005281859214
simulation/sim_c0.001_s0.009/c0.001_s0.009_gtr/c0.001_s0.009_gtr_base-snps-concat_global	global	0.2	random	6	0.8766305049722329
simulation/sim_c0.001_s0.009/c0.001_s0.009_gtr/c0.001_s0.009_gtr_base-snps-concat_global	global	0.2	random	7	0.8767214360338114
simulation/sim_c0.001_s0.009/c0.001_s0.009_gtr/c0.001_s0.009_gtr_base-snps-concat_global	global	0.2	random	8	0.87935939647732
simulation/sim_c0.001_s0.009/c0.001_s0.009_gtr/c0.001_s0.009_gtr_base-snps-concat_global	global	0.2	random	9	0.8761241935996441
simulation/sim_c0.001_s0.009/c0.001_s0.009_gtr/c0.001_s0.009_gtr_base-snps-concat_global	global	0.2	random	10	0.8787907808210432
simulation/sim_c0.001_s0.009/c0.001_s0.009_gtr/c0.001_s0.009_gtr_base-snps-concat_global	global	0.2	random	11	0.8794240387372176
simulation/sim_c0.001_s0.009/c0.001_s0.009_gtr/c0.001_s0.009_gtr_base-snps-concat_global	global	0.2	random	12	0.8781006828648563
simulation/sim_c0.001_s0.009/c0.001_s0.009_gtr/c0.001_s0.009_gtr_base-snps-concat_global	global	0.2	random	13	0.8781202241467142
simulation/sim_c0.001_s0.009/c0.001_s0.009_gtr/c0.001_s0.009_gtr_base-snps-concat_global	global	0.2	random	14	0.8776219358099571
simulation/sim_c0.001_s0.009/c0.001_s0.009_gtr/c0.001_s0.009_gtr_base-snps-concat_global	global	0.2	random	15	0.8783319549589669
simulation/sim_c0.001_s0.009/c0.001_s0.009_gtr/c0.001_s0.009_gtr_base-snps-concat_global	global	0.2	random	16	0.8760962806478458
simulation/sim_c0.001_s0.009/c0.001_s0.009_gtr/c0.001_s0.009_gtr_base-snps-concat_global	global	0.2	random	17	0.8786822933164397
simulation/sim_c0.001_s0.009/c0.001_s0.009_gtr/c0.001_s0.009_gtr_base-snps-concat_global	global	0.2	random	18	0.8774478636826043
simulation/sim_c0.001_s0.009/c0.001_s0.009_gtr/c0.001_s0.009_gtr_base-snps-concat_global	global	0.2	random	19	0.8788611420391284
simulation/sim_c0.001_s0.009/c0.001_s0.009_gtr/c0.001_s0.009_gtr_base-snps-concat_global	global	0.2	random	20	0.8787821303234373
simulation/sim_c0.001_s0.009/c0.001_s0.009_gtr/c0.001_s0.009_gtr_base-snps-concat_global	global	0.2	nonrandom	1	0.8677166354427968
simulation/sim_c0.001_s0.009/c0.001_s0.009_gtr/c0.001_s0.009_gtr_base-snps-concat_global	global	0.2	nonrandom	2	0.8756079727882506
simulation/sim_c0.001_s0.009/c0.001_s0.009_gtr/c0.001_s0.009_gtr_base-snps-concat_global	global	0.2	nonrandom	3	0.8582689679285465
simulation/sim_c0.001_s0.009/c0.001_s0.009_gtr/c0.001_s0.009_gtr_base-snps-concat_global	global	0.2	nonrandom	4	0.8740185014464189
simulation/sim_c0.001_s0.009/c0.001_s0.009_gtr/c0.001_s0.009_gtr_base-snps-concat_global	global	0.2	nonrandom	5	0.8750635001270003
simulation/sim_c0.001_s0.009/c0.001_s0.009_gtr/c0.001_s0.009_gtr_base-snps-concat_global	global	0.2	nonrandom	6	0.8660711447372604
simulation/sim_c0.001_s0.009/c0.001_s0.009_gtr/c0.001_s0.009_gtr_base-snps-concat_global	global	0.2	nonrandom	7	0.8635439176306089
simulation/sim_c0.001_s0.009/c0.001_s0.009_gtr/c0.001_s0.009_gtr_base-snps-concat_global	global	0.2	nonrandom	8	0.8717590238942552
simulation/sim_c0.001_s0.009/c0.001_s0.009_gtr/c0.001_s0.009_gtr_base-snps-concat_global	global	0.2	nonrandom	9	0.8642661920803407
simulation/sim_c0.001_s0.009/c0.001_s0.009_gtr/c0.001_s0.009_gtr_base-snps-concat_global	global	0.2	nonrandom	10	0.8711562897077509
simulation/sim_c0.001_s0.009/c0.001_s0.009_gtr/c0.001_s0.009_gtr_base-snps-concat_global	global	0.2	nonrandom	11	0.869313666274597
simulation/sim_c0.001_s0.009/c0.001_s0.009_gtr/c0.001_s0.009_gtr_base-snps-concat_global	global	0.2	nonrandom	12	0.8643476052940616
simulation/sim_c0.001_s0.009/c0.001_s0.009_gtr/c0.001_s0.009_gtr_base-snps-concat_global	global	0.2	nonrandom	13	0.8657532504688941
simulation/sim_c0.001_s0.009/c0.001_s0.009_gtr/c0.001_s0.009_gtr_base-snps-concat_global	global	0.2	nonrandom	14	0.8632736751756366
simulation/sim_c0.001_s0.009/c0.001_s0.009_gtr/c0.001_s0.009_gtr_base-snps-concat_global	global	0.2	nonrandom	15	0.8631739572736521
simulation/sim_c0.001_s0.009/c0.001_s0.009_gtr/c0.001_s0.009_gtr_base-snps-concat_global	global	0.2	nonrandom	16	0.8689363595905651
simulation/sim_c0.001_s0.009/c0.001_s0.009_gtr/c0.001_s0.009_gtr_base-snps-concat_global	global	0.2	nonrandom	17	0.8731283974949932
simulation/sim_c0.001_s0.009/c0.001_s0.009_gtr/c0.001_s0.009_gtr_base-snps-concat_global	global	0.2	nonrandom	18	0.8625917802994183
simulation/sim_c0.001_s0.009/c0.001_s0.009_gtr/c0.001_s0.009_gtr_base-snps-concat_global	global	0.2	nonrandom	19	0.8803763868137457
simulation/sim_c0.001_s0.009/c0.001_s0.009_gtr/c0.001_s0.009_gtr_base-snps-concat_global	global	0.2	nonrandom	20	0.8643572223105037
simulation/sim_c0.001_s0.009/c0.001_s0.009_gtr/c0.001_s0.009_gtr_base-snps-concat_global	global	0.2	nonrandom_weighted	1	0.8175409627841992
simulation/sim_c0.001_s0.009/c0.001_s0.009_gtr/c0.001_s0.009_gtr_base-snps-concat_global	global	0.2	nonrandom_weighted	2	0.8177830053724131
simulation/sim_c0.001_s0.009/c0.001_s0.009_gtr/c0.001_s0.009_gtr_base-snps-concat_global	global	0.2	nonrandom_weighted	3	0.8326922465587946
simulation/sim_c0.001_s0.009/c0.001_s0.009_gtr/c0.001_s0.009_gtr_base-snps-concat_global	global	0.2	nonrandom_weighted	4	0.8486823282576215
simulation/sim_c0.001_s0.009/c0.001_s0.009_gtr/c0.001_s0.009_gtr_base-snps-concat_global	global	0.2	nonrandom_weighted	5	0.8337412198455328
simulation/sim_c0.001_s0.009/c0.001_s0.009_gtr/c0.001_s0.009_gtr_base-snps-concat_global	global	0.2	nonrandom_weighted	6	0.8368753772356174
simulation/sim_c0.001_s0.009/c0.001_s0.009_gtr/c0.001_s0.009_gtr_base-snps-concat_global	global	0.2	nonrandom_weighted	7	0.8208608850457783
simulation/sim_c0.001_s0.009/c0.001_s0.009_gtr/c0.001_s0.009_gtr_base-snps-concat_global	global	0.2	nonrandom_weighted	8	0.8283316378433367
simulation/sim_c0.001_s0.009/c0.001_s0.009_gtr/c0.001_s0.009_gtr_base-snps-concat_global	global	0.2	nonrandom_weighted	9	0.8324379311441015
simulation/sim_c0.001_s0.009/c0.001_s0.009_gtr/c0.001_s0.009_gtr_base-snps-concat_global	global	0.2	nonrandom_weighted	10	0.8349264822636476
simulation/sim_c0.001_s0.009/c0.001_s0.009_gtr/c0.001_s0.009_gtr_base-snps-concat_global	global	0.2	nonrandom_weighted	11	0.8188808744558482
simulation/sim_c0.001_s0.009/c0.001_s0.009_gtr/c0.001_s0.009_gtr_base-snps-concat_global	global	0.2	nonrandom_weighted	12	0.820123307697197
simulation/sim_c0.001_s0.009/c0.001_s0.009_gtr/c0.001_s0.009_gtr_base-snps-concat_global	global	0.2	nonrandom_weighted	13	0.819881107543631
simulation/sim_c0.001_s0.009/c0.001_s0.009_gtr/c0.001_s0.009_gtr_base-snps-concat_global	global	0.2	nonrandom_weighted	14	0.8312460267005721
simulation/sim_c0.001_s0.009/c0.001_s0.009_gtr/c0.001_s0.009_gtr_base-snps-concat_global	global	0.2	nonrandom_weighted	15	0.8326604571319579
simulation/sim_c0.001_s0.009/c0.001_s0.009_gtr/c0.001_s0.009_gtr_base-snps-concat_global	global	0.2	nonrandom_weighted	16	0.8376513971453095
simulation/sim_c0.001_s0.009/c0.001_s0.009_gtr/c0.001_s0.009_gtr_base-snps-concat_global	global	0.2	nonrandom_weighted	17	0.8189644218551462
simulation/sim_c0.001_s0.009/c0.001_s0.009_gtr/c0.001_s0.009_gtr_base-snps-concat_global	global	0.2	nonrandom_weighted	18	0.8289674465920651
simulation/sim_c0.001_s0.009/c0.001_s0.009_gtr/c0.001_s0.009_gtr_base-snps-concat_global	global	0.2	nonrandom_weighted	19	0.8307213020949232
simulation/sim_c0.001_s0.009/c0.001_s0.009_gtr/c0.001_s0.009_gtr_base-snps-concat_global	global	0.2	nonrandom_weighted	20	0.8328194042661411
