simulation/sim_c0.007_s0.003/c0.007_s0.003_gtrgamma/c0.007_s0.003_gtrgamma_base-snps-concat_nmf	nmf	0.2	random	1	0.9729629400482583
simulation/sim_c0.007_s0.003/c0.007_s0.003_gtrgamma/c0.007_s0.003_gtrgamma_base-snps-concat_nmf	nmf	0.2	random	2	0.9750905231614434
simulation/sim_c0.007_s0.003/c0.007_s0.003_gtrgamma/c0.007_s0.003_gtrgamma_base-snps-concat_nmf	nmf	0.2	random	3	0.9782124288190146
simulation/sim_c0.007_s0.003/c0.007_s0.003_gtrgamma/c0.007_s0.003_gtrgamma_base-snps-concat_nmf	nmf	0.2	random	4	0.975283859230914
simulation/sim_c0.007_s0.003/c0.007_s0.003_gtrgamma/c0.007_s0.003_gtrgamma_base-snps-concat_nmf	nmf	0.2	random	5	0.9720354427197888
simulation/sim_c0.007_s0.003/c0.007_s0.003_gtrgamma/c0.007_s0.003_gtrgamma_base-snps-concat_nmf	nmf	0.2	random	6	0.976083707025411
simulation/sim_c0.007_s0.003/c0.007_s0.003_gtrgamma/c0.007_s0.003_gtrgamma_base-snps-concat_nmf	nmf	0.2	random	7	0.9759409685620388
simulation/sim_c0.007_s0.003/c0.007_s0.003_gtrgamma/c0.007_s0.003_gtrgamma_base-snps-concat_nmf	nmf	0.2	random	8	0.9717478653942743
simulation/sim_c0.007_s0.003/c0.007_s0.003_gtrgamma/c0.007_s0.003_gtrgamma_base-snps-concat_nmf	nmf	0.2	random	9	0.9747281071226505
simulation/sim_c0.007_s0.003/c0.007_s0.003_gtrgamma/c0.007_s0.003_gtrgamma_base-snps-concat_nmf	nmf	0.2	random	10	0.9741232764591072
simulation/sim_c0.007_s0.003/c0.007_s0.003_gtrgamma/c0.007_s0.003_gtrgamma_base-snps-concat_nmf	nmf	0.2	random	11	0.969150211343133
simulation/sim_c0.007_s0.003/c0.007_s0.003_gtrgamma/c0.007_s0.003_gtrgamma_base-snps-concat_nmf	nmf	0.2	random	12	0.9746370038013336
simulation/sim_c0.007_s0.003/c0.007_s0.003_gtrgamma/c0.007_s0.003_gtrgamma_base-snps-concat_nmf	nmf	0.2	random	13	0.974261498192696
simulation/sim_c0.007_s0.003/c0.007_s0.003_gtrgamma/c0.007_s0.003_gtrgamma_base-snps-concat_nmf	nmf	0.2	random	14	0.9741665102896103
simulation/sim_c0.007_s0.003/c0.007_s0.003_gtrgamma/c0.007_s0.003_gtrgamma_base-snps-concat_nmf	nmf	0.2	random	15	0.97606783919598
simulation/sim_c0.007_s0.003/c0.007_s0.003_gtrgamma/c0.007_s0.003_gtrgamma_base-snps-concat_nmf	nmf	0.2	random	16	0.9742397587333501
simulation/sim_c0.007_s0.003/c0.007_s0.003_gtrgamma/c0.007_s0.003_gtrgamma_base-snps-concat_nmf	nmf	0.2	random	17	0.9753195240193918
simulation/sim_c0.007_s0.003/c0.007_s0.003_gtrgamma/c0.007_s0.003_gtrgamma_base-snps-concat_nmf	nmf	0.2	random	18	0.9761979329783902
simulation/sim_c0.007_s0.003/c0.007_s0.003_gtrgamma/c0.007_s0.003_gtrgamma_base-snps-concat_nmf	nmf	0.2	random	19	0.9742916119346969
simulation/sim_c0.007_s0.003/c0.007_s0.003_gtrgamma/c0.007_s0.003_gtrgamma_base-snps-concat_nmf	nmf	0.2	random	20	0.97568407960199
simulation/sim_c0.007_s0.003/c0.007_s0.003_gtrgamma/c0.007_s0.003_gtrgamma_base-snps-concat_nmf	nmf	0.2	nonrandom	1	0.9770014374101619
simulation/sim_c0.007_s0.003/c0.007_s0.003_gtrgamma/c0.007_s0.003_gtrgamma_base-snps-concat_nmf	nmf	0.2	nonrandom	2	0.9771834673648775
simulation/sim_c0.007_s0.003/c0.007_s0.003_gtrgamma/c0.007_s0.003_gtrgamma_base-snps-concat_nmf	nmf	0.2	nonrandom	3	0.9654504560789704
simulation/sim_c0.007_s0.003/c0.007_s0.003_gtrgamma/c0.007_s0.003_gtrgamma_base-snps-concat_nmf	nmf	0.2	nonrandom	4	0.9644397225173427
simulation/sim_c0.007_s0.003/c0.007_s0.003_gtrgamma/c0.007_s0.003_gtrgamma_base-snps-concat_nmf	nmf	0.2	nonrandom	5	0.9652721491364799
simulation/sim_c0.007_s0.003/c0.007_s0.003_gtrgamma/c0.007_s0.003_gtrgamma_base-snps-concat_nmf	nmf	0.2	nonrandom	6	0.9714535573739771
simulation/sim_c0.007_s0.003/c0.007_s0.003_gtrgamma/c0.007_s0.003_gtrgamma_base-snps-concat_nmf	nmf	0.2	nonrandom	7	0.9727284073889166
simulation/sim_c0.007_s0.003/c0.007_s0.003_gtrgamma/c0.007_s0.003_gtrgamma_base-snps-concat_nmf	nmf	0.2	nonrandom	8	0.9724060432013985
simulation/sim_c0.007_s0.003/c0.007_s0.003_gtrgamma/c0.007_s0.003_gtrgamma_base-snps-concat_nmf	nmf	0.2	nonrandom	9	0.973804029189796
simulation/sim_c0.007_s0.003/c0.007_s0.003_gtrgamma/c0.007_s0.003_gtrgamma_base-snps-concat_nmf	nmf	0.2	nonrandom	10	0.9730353910492479
simulation/sim_c0.007_s0.003/c0.007_s0.003_gtrgamma/c0.007_s0.003_gtrgamma_base-snps-concat_nmf	nmf	0.2	nonrandom	11	0.9723176904330438
simulation/sim_c0.007_s0.003/c0.007_s0.003_gtrgamma/c0.007_s0.003_gtrgamma_base-snps-concat_nmf	nmf	0.2	nonrandom	12	0.9735053924318933
simulation/sim_c0.007_s0.003/c0.007_s0.003_gtrgamma/c0.007_s0.003_gtrgamma_base-snps-concat_nmf	nmf	0.2	nonrandom	13	0.9645779971262572
simulation/sim_c0.007_s0.003/c0.007_s0.003_gtrgamma/c0.007_s0.003_gtrgamma_base-snps-concat_nmf	nmf	0.2	nonrandom	14	0.9716267733266671
simulation/sim_c0.007_s0.003/c0.007_s0.003_gtrgamma/c0.007_s0.003_gtrgamma_base-snps-concat_nmf	nmf	0.2	nonrandom	15	0.9676270233110431
simulation/sim_c0.007_s0.003/c0.007_s0.003_gtrgamma/c0.007_s0.003_gtrgamma_base-snps-concat_nmf	nmf	0.2	nonrandom	16	0.970564339728767
simulation/sim_c0.007_s0.003/c0.007_s0.003_gtrgamma/c0.007_s0.003_gtrgamma_base-snps-concat_nmf	nmf	0.2	nonrandom	17	0.9755366949575637
simulation/sim_c0.007_s0.003/c0.007_s0.003_gtrgamma/c0.007_s0.003_gtrgamma_base-snps-concat_nmf	nmf	0.2	nonrandom	18	0.9725607850490655
simulation/sim_c0.007_s0.003/c0.007_s0.003_gtrgamma/c0.007_s0.003_gtrgamma_base-snps-concat_nmf	nmf	0.2	nonrandom	19	0.977971918876755
simulation/sim_c0.007_s0.003/c0.007_s0.003_gtrgamma/c0.007_s0.003_gtrgamma_base-snps-concat_nmf	nmf	0.2	nonrandom	20	0.9692519217548903
simulation/sim_c0.007_s0.003/c0.007_s0.003_gtrgamma/c0.007_s0.003_gtrgamma_base-snps-concat_nmf	nmf	0.2	nonrandom_weighted	1	0.9697498908501216
simulation/sim_c0.007_s0.003/c0.007_s0.003_gtrgamma/c0.007_s0.003_gtrgamma_base-snps-concat_nmf	nmf	0.2	nonrandom_weighted	2	0.9715607225451591
simulation/sim_c0.007_s0.003/c0.007_s0.003_gtrgamma/c0.007_s0.003_gtrgamma_base-snps-concat_nmf	nmf	0.2	nonrandom_weighted	3	0.966685417838615
simulation/sim_c0.007_s0.003/c0.007_s0.003_gtrgamma/c0.007_s0.003_gtrgamma_base-snps-concat_nmf	nmf	0.2	nonrandom_weighted	4	0.9708143241047434
simulation/sim_c0.007_s0.003/c0.007_s0.003_gtrgamma/c0.007_s0.003_gtrgamma_base-snps-concat_nmf	nmf	0.2	nonrandom_weighted	5	0.9729391913005437
simulation/sim_c0.007_s0.003/c0.007_s0.003_gtrgamma/c0.007_s0.003_gtrgamma_base-snps-concat_nmf	nmf	0.2	nonrandom_weighted	6	0.9632729544034978
simulation/sim_c0.007_s0.003/c0.007_s0.003_gtrgamma/c0.007_s0.003_gtrgamma_base-snps-concat_nmf	nmf	0.2	nonrandom_weighted	7	0.9735016561464909
simulation/sim_c0.007_s0.003/c0.007_s0.003_gtrgamma/c0.007_s0.003_gtrgamma_base-snps-concat_nmf	nmf	0.2	nonrandom_weighted	8	0.9730016873945379
simulation/sim_c0.007_s0.003/c0.007_s0.003_gtrgamma/c0.007_s0.003_gtrgamma_base-snps-concat_nmf	nmf	0.2	nonrandom_weighted	9	0.9693903048475763
simulation/sim_c0.007_s0.003/c0.007_s0.003_gtrgamma/c0.007_s0.003_gtrgamma_base-snps-concat_nmf	nmf	0.2	nonrandom_weighted	10	0.9735
simulation/sim_c0.007_s0.003/c0.007_s0.003_gtrgamma/c0.007_s0.003_gtrgamma_base-snps-concat_nmf	nmf	0.2	nonrandom_weighted	11	0.9736858553659604
simulation/sim_c0.007_s0.003/c0.007_s0.003_gtrgamma/c0.007_s0.003_gtrgamma_base-snps-concat_nmf	nmf	0.2	nonrandom_weighted	12	0.9703143553527904
simulation/sim_c0.007_s0.003/c0.007_s0.003_gtrgamma/c0.007_s0.003_gtrgamma_base-snps-concat_nmf	nmf	0.2	nonrandom_weighted	13	0.9757515155302794
simulation/sim_c0.007_s0.003/c0.007_s0.003_gtrgamma/c0.007_s0.003_gtrgamma_base-snps-concat_nmf	nmf	0.2	nonrandom_weighted	14	0.9762485155322208
simulation/sim_c0.007_s0.003/c0.007_s0.003_gtrgamma/c0.007_s0.003_gtrgamma_base-snps-concat_nmf	nmf	0.2	nonrandom_weighted	15	0.9659396287732017
simulation/sim_c0.007_s0.003/c0.007_s0.003_gtrgamma/c0.007_s0.003_gtrgamma_base-snps-concat_nmf	nmf	0.2	nonrandom_weighted	16	0.9705036870391202
simulation/sim_c0.007_s0.003/c0.007_s0.003_gtrgamma/c0.007_s0.003_gtrgamma_base-snps-concat_nmf	nmf	0.2	nonrandom_weighted	17	0.9679670946030163
simulation/sim_c0.007_s0.003/c0.007_s0.003_gtrgamma/c0.007_s0.003_gtrgamma_base-snps-concat_nmf	nmf	0.2	nonrandom_weighted	18	0.9750670074175652
simulation/sim_c0.007_s0.003/c0.007_s0.003_gtrgamma/c0.007_s0.003_gtrgamma_base-snps-concat_nmf	nmf	0.2	nonrandom_weighted	19	0.9683489096573209
simulation/sim_c0.007_s0.003/c0.007_s0.003_gtrgamma/c0.007_s0.003_gtrgamma_base-snps-concat_nmf	nmf	0.2	nonrandom_weighted	20	0.9749984374023376
