simulation/sim_c0.008_s0.002/c0.008_s0.002_gtr/c0.008_s0.002_gtr_base-snps-concat_phyloqr	phyloqr	0.2	random	1	0.9993755268991789
simulation/sim_c0.008_s0.002/c0.008_s0.002_gtr/c0.008_s0.002_gtr_base-snps-concat_phyloqr	phyloqr	0.2	random	2	0.9995006553898009
simulation/sim_c0.008_s0.002/c0.008_s0.002_gtr/c0.008_s0.002_gtr_base-snps-concat_phyloqr	phyloqr	0.2	random	3	0.9996868541366568
simulation/sim_c0.008_s0.002/c0.008_s0.002_gtr/c0.008_s0.002_gtr_base-snps-concat_phyloqr	phyloqr	0.2	random	4	0.9995311620928924
simulation/sim_c0.008_s0.002/c0.008_s0.002_gtr/c0.008_s0.002_gtr_base-snps-concat_phyloqr	phyloqr	0.2	random	5	0.9996897781914068
simulation/sim_c0.008_s0.002/c0.008_s0.002_gtr/c0.008_s0.002_gtr_base-snps-concat_phyloqr	phyloqr	0.2	random	6	0.9996573315473039
simulation/sim_c0.008_s0.002/c0.008_s0.002_gtr/c0.008_s0.002_gtr_base-snps-concat_phyloqr	phyloqr	0.2	random	7	0.9995661470761412
simulation/sim_c0.008_s0.002/c0.008_s0.002_gtr/c0.008_s0.002_gtr_base-snps-concat_phyloqr	phyloqr	0.2	random	8	0.9993427847150502
simulation/sim_c0.008_s0.002/c0.008_s0.002_gtr/c0.008_s0.002_gtr_base-snps-concat_phyloqr	phyloqr	0.2	random	9	0.9994952840604397
simulation/sim_c0.008_s0.002/c0.008_s0.002_gtr/c0.008_s0.002_gtr_base-snps-concat_phyloqr	phyloqr	0.2	random	10	0.9995953559311482
simulation/sim_c0.008_s0.002/c0.008_s0.002_gtr/c0.008_s0.002_gtr_base-snps-concat_phyloqr	phyloqr	0.2	random	11	0.9994639084229447
simulation/sim_c0.008_s0.002/c0.008_s0.002_gtr/c0.008_s0.002_gtr_base-snps-concat_phyloqr	phyloqr	0.2	random	12	0.9992231923686419
simulation/sim_c0.008_s0.002/c0.008_s0.002_gtr/c0.008_s0.002_gtr_base-snps-concat_phyloqr	phyloqr	0.2	random	13	0.9996867069770357
simulation/sim_c0.008_s0.002/c0.008_s0.002_gtr/c0.008_s0.002_gtr_base-snps-concat_phyloqr	phyloqr	0.2	random	14	0.9995008111818295
simulation/sim_c0.008_s0.002/c0.008_s0.002_gtr/c0.008_s0.002_gtr_base-snps-concat_phyloqr	phyloqr	0.2	random	15	0.9993762085958455
simulation/sim_c0.008_s0.002/c0.008_s0.002_gtr/c0.008_s0.002_gtr_base-snps-concat_phyloqr	phyloqr	0.2	random	16	0.9995322585674639
simulation/sim_c0.008_s0.002/c0.008_s0.002_gtr/c0.008_s0.002_gtr_base-snps-concat_phyloqr	phyloqr	0.2	random	17	0.999590564076722
simulation/sim_c0.008_s0.002/c0.008_s0.002_gtr/c0.008_s0.002_gtr_base-snps-concat_phyloqr	phyloqr	0.2	random	18	0.9993514114522206
simulation/sim_c0.008_s0.002/c0.008_s0.002_gtr/c0.008_s0.002_gtr_base-snps-concat_phyloqr	phyloqr	0.2	random	19	0.9995031827356
simulation/sim_c0.008_s0.002/c0.008_s0.002_gtr/c0.008_s0.002_gtr_base-snps-concat_phyloqr	phyloqr	0.2	random	20	0.9997502965228791
simulation/sim_c0.008_s0.002/c0.008_s0.002_gtr/c0.008_s0.002_gtr_base-snps-concat_phyloqr	phyloqr	0.2	nonrandom	1	1.0
simulation/sim_c0.008_s0.002/c0.008_s0.002_gtr/c0.008_s0.002_gtr_base-snps-concat_phyloqr	phyloqr	0.2	nonrandom	2	0.9991875
simulation/sim_c0.008_s0.002/c0.008_s0.002_gtr/c0.008_s0.002_gtr_base-snps-concat_phyloqr	phyloqr	0.2	nonrandom	3	0.9996250117183838
simulation/sim_c0.008_s0.002/c0.008_s0.002_gtr/c0.008_s0.002_gtr_base-snps-concat_phyloqr	phyloqr	0.2	nonrandom	4	0.9997814480626932
simulation/sim_c0.008_s0.002/c0.008_s0.002_gtr/c0.008_s0.002_gtr_base-snps-concat_phyloqr	phyloqr	0.2	nonrandom	5	0.9996562607418518
simulation/sim_c0.008_s0.002/c0.008_s0.002_gtr/c0.008_s0.002_gtr_base-snps-concat_phyloqr	phyloqr	0.2	nonrandom	6	0.999937501953064
simulation/sim_c0.008_s0.002/c0.008_s0.002_gtr/c0.008_s0.002_gtr_base-snps-concat_phyloqr	phyloqr	0.2	nonrandom	7	0.9999063231850117
simulation/sim_c0.008_s0.002/c0.008_s0.002_gtr/c0.008_s0.002_gtr_base-snps-concat_phyloqr	phyloqr	0.2	nonrandom	8	0.9999062529295959
simulation/sim_c0.008_s0.002/c0.008_s0.002_gtr/c0.008_s0.002_gtr_base-snps-concat_phyloqr	phyloqr	0.2	nonrandom	9	0.9999063582732466
simulation/sim_c0.008_s0.002/c0.008_s0.002_gtr/c0.008_s0.002_gtr_base-snps-concat_phyloqr	phyloqr	0.2	nonrandom	10	0.9997814889964102
simulation/sim_c0.008_s0.002/c0.008_s0.002_gtr/c0.008_s0.002_gtr_base-snps-concat_phyloqr	phyloqr	0.2	nonrandom	11	0.9996876854367719
simulation/sim_c0.008_s0.002/c0.008_s0.002_gtr/c0.008_s0.002_gtr_base-snps-concat_phyloqr	phyloqr	0.2	nonrandom	12	0.9999375526899179
simulation/sim_c0.008_s0.002/c0.008_s0.002_gtr/c0.008_s0.002_gtr_base-snps-concat_phyloqr	phyloqr	0.2	nonrandom	13	0.9999062529295959
simulation/sim_c0.008_s0.002/c0.008_s0.002_gtr/c0.008_s0.002_gtr_base-snps-concat_phyloqr	phyloqr	0.2	nonrandom	14	0.999937501953064
simulation/sim_c0.008_s0.002/c0.008_s0.002_gtr/c0.008_s0.002_gtr_base-snps-concat_phyloqr	phyloqr	0.2	nonrandom	15	0.9998125058591919
simulation/sim_c0.008_s0.002/c0.008_s0.002_gtr/c0.008_s0.002_gtr_base-snps-concat_phyloqr	phyloqr	0.2	nonrandom	16	0.9998437548826599
simulation/sim_c0.008_s0.002/c0.008_s0.002_gtr/c0.008_s0.002_gtr_base-snps-concat_phyloqr	phyloqr	0.2	nonrandom	17	0.9999062587882386
simulation/sim_c0.008_s0.002/c0.008_s0.002_gtr/c0.008_s0.002_gtr_base-snps-concat_phyloqr	phyloqr	0.2	nonrandom	18	0.9993445283725576
simulation/sim_c0.008_s0.002/c0.008_s0.002_gtr/c0.008_s0.002_gtr_base-snps-concat_phyloqr	phyloqr	0.2	nonrandom	19	0.99971875
simulation/sim_c0.008_s0.002/c0.008_s0.002_gtr/c0.008_s0.002_gtr_base-snps-concat_phyloqr	phyloqr	0.2	nonrandom	20	0.9996562607418518
simulation/sim_c0.008_s0.002/c0.008_s0.002_gtr/c0.008_s0.002_gtr_base-snps-concat_phyloqr	phyloqr	0.2	nonrandom_weighted	1	0.9998125058591919
simulation/sim_c0.008_s0.002/c0.008_s0.002_gtr/c0.008_s0.002_gtr_base-snps-concat_phyloqr	phyloqr	0.2	nonrandom_weighted	2	0.9995938769134646
simulation/sim_c0.008_s0.002/c0.008_s0.002_gtr/c0.008_s0.002_gtr_base-snps-concat_phyloqr	phyloqr	0.2	nonrandom_weighted	3	0.9997812568357238
simulation/sim_c0.008_s0.002/c0.008_s0.002_gtr/c0.008_s0.002_gtr_base-snps-concat_phyloqr	phyloqr	0.2	nonrandom_weighted	4	0.9997815435508536
simulation/sim_c0.008_s0.002/c0.008_s0.002_gtr/c0.008_s0.002_gtr_base-snps-concat_phyloqr	phyloqr	0.2	nonrandom_weighted	5	0.9997813729777001
simulation/sim_c0.008_s0.002/c0.008_s0.002_gtr/c0.008_s0.002_gtr_base-snps-concat_phyloqr	phyloqr	0.2	nonrandom_weighted	6	0.9999375
simulation/sim_c0.008_s0.002/c0.008_s0.002_gtr/c0.008_s0.002_gtr_base-snps-concat_phyloqr	phyloqr	0.2	nonrandom_weighted	7	0.9999687607384962
simulation/sim_c0.008_s0.002/c0.008_s0.002_gtr/c0.008_s0.002_gtr_base-snps-concat_phyloqr	phyloqr	0.2	nonrandom_weighted	8	0.9996875097653198
simulation/sim_c0.008_s0.002/c0.008_s0.002_gtr/c0.008_s0.002_gtr_base-snps-concat_phyloqr	phyloqr	0.2	nonrandom_weighted	9	0.9998125995564856
simulation/sim_c0.008_s0.002/c0.008_s0.002_gtr/c0.008_s0.002_gtr_base-snps-concat_phyloqr	phyloqr	0.2	nonrandom_weighted	10	0.9993125214837036
simulation/sim_c0.008_s0.002/c0.008_s0.002_gtr/c0.008_s0.002_gtr_base-snps-concat_phyloqr	phyloqr	0.2	nonrandom_weighted	11	0.9998437548826599
simulation/sim_c0.008_s0.002/c0.008_s0.002_gtr/c0.008_s0.002_gtr_base-snps-concat_phyloqr	phyloqr	0.2	nonrandom_weighted	12	0.9999062529295959
simulation/sim_c0.008_s0.002/c0.008_s0.002_gtr/c0.008_s0.002_gtr_base-snps-concat_phyloqr	phyloqr	0.2	nonrandom_weighted	13	0.997721028971029
simulation/sim_c0.008_s0.002/c0.008_s0.002_gtr/c0.008_s0.002_gtr_base-snps-concat_phyloqr	phyloqr	0.2	nonrandom_weighted	14	0.99984375
simulation/sim_c0.008_s0.002/c0.008_s0.002_gtr/c0.008_s0.002_gtr_base-snps-concat_phyloqr	phyloqr	0.2	nonrandom_weighted	15	0.9995626640009996
simulation/sim_c0.008_s0.002/c0.008_s0.002_gtr/c0.008_s0.002_gtr_base-snps-concat_phyloqr	phyloqr	0.2	nonrandom_weighted	16	0.998063952035973
simulation/sim_c0.008_s0.002/c0.008_s0.002_gtr/c0.008_s0.002_gtr_base-snps-concat_phyloqr	phyloqr	0.2	nonrandom_weighted	17	0.9997812568357238
simulation/sim_c0.008_s0.002/c0.008_s0.002_gtr/c0.008_s0.002_gtr_base-snps-concat_phyloqr	phyloqr	0.2	nonrandom_weighted	18	0.9975625761694947
simulation/sim_c0.008_s0.002/c0.008_s0.002_gtr/c0.008_s0.002_gtr_base-snps-concat_phyloqr	phyloqr	0.2	nonrandom_weighted	19	0.9996564217891054
simulation/sim_c0.008_s0.002/c0.008_s0.002_gtr/c0.008_s0.002_gtr_base-snps-concat_phyloqr	phyloqr	0.2	nonrandom_weighted	20	0.999937501953064
