simulation/sim_c0.002_s0.008/c0.002_s0.008_gtrgamma/c0.002_s0.008_gtrgamma_base-snps-concat_global	global	0.2	random	1	0.9173275054636278
simulation/sim_c0.002_s0.008/c0.002_s0.008_gtrgamma/c0.002_s0.008_gtrgamma_base-snps-concat_global	global	0.2	random	2	0.9168811601481575
simulation/sim_c0.002_s0.008/c0.002_s0.008_gtrgamma/c0.002_s0.008_gtrgamma_base-snps-concat_global	global	0.2	random	3	0.9158242736346875
simulation/sim_c0.002_s0.008/c0.002_s0.008_gtrgamma/c0.002_s0.008_gtrgamma_base-snps-concat_global	global	0.2	random	4	0.9170851117248305
simulation/sim_c0.002_s0.008/c0.002_s0.008_gtrgamma/c0.002_s0.008_gtrgamma_base-snps-concat_global	global	0.2	random	5	0.916751012145749
simulation/sim_c0.002_s0.008/c0.002_s0.008_gtrgamma/c0.002_s0.008_gtrgamma_base-snps-concat_global	global	0.2	random	6	0.9182188773910317
simulation/sim_c0.002_s0.008/c0.002_s0.008_gtrgamma/c0.002_s0.008_gtrgamma_base-snps-concat_global	global	0.2	random	7	0.9157574219741182
simulation/sim_c0.002_s0.008/c0.002_s0.008_gtrgamma/c0.002_s0.008_gtrgamma_base-snps-concat_global	global	0.2	random	8	0.9147720135661349
simulation/sim_c0.002_s0.008/c0.002_s0.008_gtrgamma/c0.002_s0.008_gtrgamma_base-snps-concat_global	global	0.2	random	9	0.9164871372449627
simulation/sim_c0.002_s0.008/c0.002_s0.008_gtrgamma/c0.002_s0.008_gtrgamma_base-snps-concat_global	global	0.2	random	10	0.918852920919166
simulation/sim_c0.002_s0.008/c0.002_s0.008_gtrgamma/c0.002_s0.008_gtrgamma_base-snps-concat_global	global	0.2	random	11	0.9156734017464465
simulation/sim_c0.002_s0.008/c0.002_s0.008_gtrgamma/c0.002_s0.008_gtrgamma_base-snps-concat_global	global	0.2	random	12	0.9213454568576334
simulation/sim_c0.002_s0.008/c0.002_s0.008_gtrgamma/c0.002_s0.008_gtrgamma_base-snps-concat_global	global	0.2	random	13	0.9136035186930569
simulation/sim_c0.002_s0.008/c0.002_s0.008_gtrgamma/c0.002_s0.008_gtrgamma_base-snps-concat_global	global	0.2	random	14	0.9166823632824763
simulation/sim_c0.002_s0.008/c0.002_s0.008_gtrgamma/c0.002_s0.008_gtrgamma_base-snps-concat_global	global	0.2	random	15	0.917062361506806
simulation/sim_c0.002_s0.008/c0.002_s0.008_gtrgamma/c0.002_s0.008_gtrgamma_base-snps-concat_global	global	0.2	random	16	0.9163311524911928
simulation/sim_c0.002_s0.008/c0.002_s0.008_gtrgamma/c0.002_s0.008_gtrgamma_base-snps-concat_global	global	0.2	random	17	0.9150198876191679
simulation/sim_c0.002_s0.008/c0.002_s0.008_gtrgamma/c0.002_s0.008_gtrgamma_base-snps-concat_global	global	0.2	random	18	0.9169887839807364
simulation/sim_c0.002_s0.008/c0.002_s0.008_gtrgamma/c0.002_s0.008_gtrgamma_base-snps-concat_global	global	0.2	random	19	0.9148013078470825
simulation/sim_c0.002_s0.008/c0.002_s0.008_gtrgamma/c0.002_s0.008_gtrgamma_base-snps-concat_global	global	0.2	random	20	0.9170158730158731
simulation/sim_c0.002_s0.008/c0.002_s0.008_gtrgamma/c0.002_s0.008_gtrgamma_base-snps-concat_global	global	0.2	nonrandom	1	0.9227767637988545
simulation/sim_c0.002_s0.008/c0.002_s0.008_gtrgamma/c0.002_s0.008_gtrgamma_base-snps-concat_global	global	0.2	nonrandom	2	0.917771216784974
simulation/sim_c0.002_s0.008/c0.002_s0.008_gtrgamma/c0.002_s0.008_gtrgamma_base-snps-concat_global	global	0.2	nonrandom	3	0.9155921756085288
simulation/sim_c0.002_s0.008/c0.002_s0.008_gtrgamma/c0.002_s0.008_gtrgamma_base-snps-concat_global	global	0.2	nonrandom	4	0.9117499056485092
simulation/sim_c0.002_s0.008/c0.002_s0.008_gtrgamma/c0.002_s0.008_gtrgamma_base-snps-concat_global	global	0.2	nonrandom	5	0.906602051733904
simulation/sim_c0.002_s0.008/c0.002_s0.008_gtrgamma/c0.002_s0.008_gtrgamma_base-snps-concat_global	global	0.2	nonrandom	6	0.9098118194977658
simulation/sim_c0.002_s0.008/c0.002_s0.008_gtrgamma/c0.002_s0.008_gtrgamma_base-snps-concat_global	global	0.2	nonrandom	7	0.9035485088712721
simulation/sim_c0.002_s0.008/c0.002_s0.008_gtrgamma/c0.002_s0.008_gtrgamma_base-snps-concat_global	global	0.2	nonrandom	8	0.9117850626061789
simulation/sim_c0.002_s0.008/c0.002_s0.008_gtrgamma/c0.002_s0.008_gtrgamma_base-snps-concat_global	global	0.2	nonrandom	9	0.9256718484486123
simulation/sim_c0.002_s0.008/c0.002_s0.008_gtrgamma/c0.002_s0.008_gtrgamma_base-snps-concat_global	global	0.2	nonrandom	10	0.9013236308889029
simulation/sim_c0.002_s0.008/c0.002_s0.008_gtrgamma/c0.002_s0.008_gtrgamma_base-snps-concat_global	global	0.2	nonrandom	11	0.9179409728777296
simulation/sim_c0.002_s0.008/c0.002_s0.008_gtrgamma/c0.002_s0.008_gtrgamma_base-snps-concat_global	global	0.2	nonrandom	12	0.9153449144008057
simulation/sim_c0.002_s0.008/c0.002_s0.008_gtrgamma/c0.002_s0.008_gtrgamma_base-snps-concat_global	global	0.2	nonrandom	13	0.9103782491031531
simulation/sim_c0.002_s0.008/c0.002_s0.008_gtrgamma/c0.002_s0.008_gtrgamma_base-snps-concat_global	global	0.2	nonrandom	14	0.9125180942790609
simulation/sim_c0.002_s0.008/c0.002_s0.008_gtrgamma/c0.002_s0.008_gtrgamma_base-snps-concat_global	global	0.2	nonrandom	15	0.9029522613065326
simulation/sim_c0.002_s0.008/c0.002_s0.008_gtrgamma/c0.002_s0.008_gtrgamma_base-snps-concat_global	global	0.2	nonrandom	16	0.9186229466926805
simulation/sim_c0.002_s0.008/c0.002_s0.008_gtrgamma/c0.002_s0.008_gtrgamma_base-snps-concat_global	global	0.2	nonrandom	17	0.9000942507068803
simulation/sim_c0.002_s0.008/c0.002_s0.008_gtrgamma/c0.002_s0.008_gtrgamma_base-snps-concat_global	global	0.2	nonrandom	18	0.9234642497482377
simulation/sim_c0.002_s0.008/c0.002_s0.008_gtrgamma/c0.002_s0.008_gtrgamma_base-snps-concat_global	global	0.2	nonrandom	19	0.9016681299385426
simulation/sim_c0.002_s0.008/c0.002_s0.008_gtrgamma/c0.002_s0.008_gtrgamma_base-snps-concat_global	global	0.2	nonrandom	20	0.911735142605855
simulation/sim_c0.002_s0.008/c0.002_s0.008_gtrgamma/c0.002_s0.008_gtrgamma_base-snps-concat_global	global	0.2	nonrandom_weighted	1	0.8955881427402606
simulation/sim_c0.002_s0.008/c0.002_s0.008_gtrgamma/c0.002_s0.008_gtrgamma_base-snps-concat_global	global	0.2	nonrandom_weighted	2	0.9013091641490433
simulation/sim_c0.002_s0.008/c0.002_s0.008_gtrgamma/c0.002_s0.008_gtrgamma_base-snps-concat_global	global	0.2	nonrandom_weighted	3	0.8977487108539807
simulation/sim_c0.002_s0.008/c0.002_s0.008_gtrgamma/c0.002_s0.008_gtrgamma_base-snps-concat_global	global	0.2	nonrandom_weighted	4	0.9010006923028511
simulation/sim_c0.002_s0.008/c0.002_s0.008_gtrgamma/c0.002_s0.008_gtrgamma_base-snps-concat_global	global	0.2	nonrandom_weighted	5	0.8973503681792435
simulation/sim_c0.002_s0.008/c0.002_s0.008_gtrgamma/c0.002_s0.008_gtrgamma_base-snps-concat_global	global	0.2	nonrandom_weighted	6	0.8899798590130916
simulation/sim_c0.002_s0.008/c0.002_s0.008_gtrgamma/c0.002_s0.008_gtrgamma_base-snps-concat_global	global	0.2	nonrandom_weighted	7	0.8897489144798942
simulation/sim_c0.002_s0.008/c0.002_s0.008_gtrgamma/c0.002_s0.008_gtrgamma_base-snps-concat_global	global	0.2	nonrandom_weighted	8	0.8930975901340212
simulation/sim_c0.002_s0.008/c0.002_s0.008_gtrgamma/c0.002_s0.008_gtrgamma_base-snps-concat_global	global	0.2	nonrandom_weighted	9	0.8889728096676737
simulation/sim_c0.002_s0.008/c0.002_s0.008_gtrgamma/c0.002_s0.008_gtrgamma_base-snps-concat_global	global	0.2	nonrandom_weighted	10	0.9030493555485696
simulation/sim_c0.002_s0.008/c0.002_s0.008_gtrgamma/c0.002_s0.008_gtrgamma_base-snps-concat_global	global	0.2	nonrandom_weighted	11	0.8953993328717981
simulation/sim_c0.002_s0.008/c0.002_s0.008_gtrgamma/c0.002_s0.008_gtrgamma_base-snps-concat_global	global	0.2	nonrandom_weighted	12	0.8920668845863716
simulation/sim_c0.002_s0.008/c0.002_s0.008_gtrgamma/c0.002_s0.008_gtrgamma_base-snps-concat_global	global	0.2	nonrandom_weighted	13	0.9020138451856513
simulation/sim_c0.002_s0.008/c0.002_s0.008_gtrgamma/c0.002_s0.008_gtrgamma_base-snps-concat_global	global	0.2	nonrandom_weighted	14	0.8891056705897161
simulation/sim_c0.002_s0.008/c0.002_s0.008_gtrgamma/c0.002_s0.008_gtrgamma_base-snps-concat_global	global	0.2	nonrandom_weighted	15	0.8934415911379657
simulation/sim_c0.002_s0.008/c0.002_s0.008_gtrgamma/c0.002_s0.008_gtrgamma_base-snps-concat_global	global	0.2	nonrandom_weighted	16	0.9093826694355296
simulation/sim_c0.002_s0.008/c0.002_s0.008_gtrgamma/c0.002_s0.008_gtrgamma_base-snps-concat_global	global	0.2	nonrandom_weighted	17	0.9060297079556898
simulation/sim_c0.002_s0.008/c0.002_s0.008_gtrgamma/c0.002_s0.008_gtrgamma_base-snps-concat_global	global	0.2	nonrandom_weighted	18	0.8896721001951036
simulation/sim_c0.002_s0.008/c0.002_s0.008_gtrgamma/c0.002_s0.008_gtrgamma_base-snps-concat_global	global	0.2	nonrandom_weighted	19	0.8879819163631797
simulation/sim_c0.002_s0.008/c0.002_s0.008_gtrgamma/c0.002_s0.008_gtrgamma_base-snps-concat_global	global	0.2	nonrandom_weighted	20	0.9105322763306908
