simulation/sim_c0.006_s0.004/c0.006_s0.004_gtrgamma/c0.006_s0.004_gtrgamma_base-snps-concat_nmf	nmf	0.2	random	1	0.9748196887258004
simulation/sim_c0.006_s0.004/c0.006_s0.004_gtrgamma/c0.006_s0.004_gtrgamma_base-snps-concat_nmf	nmf	0.2	random	2	0.9741992322698383
simulation/sim_c0.006_s0.004/c0.006_s0.004_gtrgamma/c0.006_s0.004_gtrgamma_base-snps-concat_nmf	nmf	0.2	random	3	0.9727341105678826
simulation/sim_c0.006_s0.004/c0.006_s0.004_gtrgamma/c0.006_s0.004_gtrgamma_base-snps-concat_nmf	nmf	0.2	random	4	0.9738351932412836
simulation/sim_c0.006_s0.004/c0.006_s0.004_gtrgamma/c0.006_s0.004_gtrgamma_base-snps-concat_nmf	nmf	0.2	random	5	0.9716705061951311
simulation/sim_c0.006_s0.004/c0.006_s0.004_gtrgamma/c0.006_s0.004_gtrgamma_base-snps-concat_nmf	nmf	0.2	random	6	0.9734619263741805
simulation/sim_c0.006_s0.004/c0.006_s0.004_gtrgamma/c0.006_s0.004_gtrgamma_base-snps-concat_nmf	nmf	0.2	random	7	0.9720628585682215
simulation/sim_c0.006_s0.004/c0.006_s0.004_gtrgamma/c0.006_s0.004_gtrgamma_base-snps-concat_nmf	nmf	0.2	random	8	0.974125
simulation/sim_c0.006_s0.004/c0.006_s0.004_gtrgamma/c0.006_s0.004_gtrgamma_base-snps-concat_nmf	nmf	0.2	random	9	0.9753706805633103
simulation/sim_c0.006_s0.004/c0.006_s0.004_gtrgamma/c0.006_s0.004_gtrgamma_base-snps-concat_nmf	nmf	0.2	random	10	0.9755600814663951
simulation/sim_c0.006_s0.004/c0.006_s0.004_gtrgamma/c0.006_s0.004_gtrgamma_base-snps-concat_nmf	nmf	0.2	random	11	0.9716165413533835
simulation/sim_c0.006_s0.004/c0.006_s0.004_gtrgamma/c0.006_s0.004_gtrgamma_base-snps-concat_nmf	nmf	0.2	random	12	0.9768695543158027
simulation/sim_c0.006_s0.004/c0.006_s0.004_gtrgamma/c0.006_s0.004_gtrgamma_base-snps-concat_nmf	nmf	0.2	random	13	0.9752568278626911
simulation/sim_c0.006_s0.004/c0.006_s0.004_gtrgamma/c0.006_s0.004_gtrgamma_base-snps-concat_nmf	nmf	0.2	random	14	0.9767051807677972
simulation/sim_c0.006_s0.004/c0.006_s0.004_gtrgamma/c0.006_s0.004_gtrgamma_base-snps-concat_nmf	nmf	0.2	random	15	0.9729009329187028
simulation/sim_c0.006_s0.004/c0.006_s0.004_gtrgamma/c0.006_s0.004_gtrgamma_base-snps-concat_nmf	nmf	0.2	random	16	0.9758256938339822
simulation/sim_c0.006_s0.004/c0.006_s0.004_gtrgamma/c0.006_s0.004_gtrgamma_base-snps-concat_nmf	nmf	0.2	random	17	0.9721496953872933
simulation/sim_c0.006_s0.004/c0.006_s0.004_gtrgamma/c0.006_s0.004_gtrgamma_base-snps-concat_nmf	nmf	0.2	random	18	0.9726417430056945
simulation/sim_c0.006_s0.004/c0.006_s0.004_gtrgamma/c0.006_s0.004_gtrgamma_base-snps-concat_nmf	nmf	0.2	random	19	0.9753846153846154
simulation/sim_c0.006_s0.004/c0.006_s0.004_gtrgamma/c0.006_s0.004_gtrgamma_base-snps-concat_nmf	nmf	0.2	random	20	0.9769341964678524
simulation/sim_c0.006_s0.004/c0.006_s0.004_gtrgamma/c0.006_s0.004_gtrgamma_base-snps-concat_nmf	nmf	0.2	nonrandom	1	0.9664818391377484
simulation/sim_c0.006_s0.004/c0.006_s0.004_gtrgamma/c0.006_s0.004_gtrgamma_base-snps-concat_nmf	nmf	0.2	nonrandom	2	0.9705643903960087
simulation/sim_c0.006_s0.004/c0.006_s0.004_gtrgamma/c0.006_s0.004_gtrgamma_base-snps-concat_nmf	nmf	0.2	nonrandom	3	0.9599227125405135
simulation/sim_c0.006_s0.004/c0.006_s0.004_gtrgamma/c0.006_s0.004_gtrgamma_base-snps-concat_nmf	nmf	0.2	nonrandom	4	0.9665020936191488
simulation/sim_c0.006_s0.004/c0.006_s0.004_gtrgamma/c0.006_s0.004_gtrgamma_base-snps-concat_nmf	nmf	0.2	nonrandom	5	0.9643236488597313
simulation/sim_c0.006_s0.004/c0.006_s0.004_gtrgamma/c0.006_s0.004_gtrgamma_base-snps-concat_nmf	nmf	0.2	nonrandom	6	0.9628936700966636
simulation/sim_c0.006_s0.004/c0.006_s0.004_gtrgamma/c0.006_s0.004_gtrgamma_base-snps-concat_nmf	nmf	0.2	nonrandom	7	0.9709900804791316
simulation/sim_c0.006_s0.004/c0.006_s0.004_gtrgamma/c0.006_s0.004_gtrgamma_base-snps-concat_nmf	nmf	0.2	nonrandom	8	0.9623773514155365
simulation/sim_c0.006_s0.004/c0.006_s0.004_gtrgamma/c0.006_s0.004_gtrgamma_base-snps-concat_nmf	nmf	0.2	nonrandom	9	0.95769543210648
simulation/sim_c0.006_s0.004/c0.006_s0.004_gtrgamma/c0.006_s0.004_gtrgamma_base-snps-concat_nmf	nmf	0.2	nonrandom	10	0.9705018436347729
simulation/sim_c0.006_s0.004/c0.006_s0.004_gtrgamma/c0.006_s0.004_gtrgamma_base-snps-concat_nmf	nmf	0.2	nonrandom	11	0.9682212649060373
simulation/sim_c0.006_s0.004/c0.006_s0.004_gtrgamma/c0.006_s0.004_gtrgamma_base-snps-concat_nmf	nmf	0.2	nonrandom	12	0.9686230389399337
simulation/sim_c0.006_s0.004/c0.006_s0.004_gtrgamma/c0.006_s0.004_gtrgamma_base-snps-concat_nmf	nmf	0.2	nonrandom	13	0.9669375
simulation/sim_c0.006_s0.004/c0.006_s0.004_gtrgamma/c0.006_s0.004_gtrgamma_base-snps-concat_nmf	nmf	0.2	nonrandom	14	0.969126929566902
simulation/sim_c0.006_s0.004/c0.006_s0.004_gtrgamma/c0.006_s0.004_gtrgamma_base-snps-concat_nmf	nmf	0.2	nonrandom	15	0.9608149490656834
simulation/sim_c0.006_s0.004/c0.006_s0.004_gtrgamma/c0.006_s0.004_gtrgamma_base-snps-concat_nmf	nmf	0.2	nonrandom	16	0.963
simulation/sim_c0.006_s0.004/c0.006_s0.004_gtrgamma/c0.006_s0.004_gtrgamma_base-snps-concat_nmf	nmf	0.2	nonrandom	17	0.9627476717294831
simulation/sim_c0.006_s0.004/c0.006_s0.004_gtrgamma/c0.006_s0.004_gtrgamma_base-snps-concat_nmf	nmf	0.2	nonrandom	18	0.9661588411588412
simulation/sim_c0.006_s0.004/c0.006_s0.004_gtrgamma/c0.006_s0.004_gtrgamma_base-snps-concat_nmf	nmf	0.2	nonrandom	19	0.9643950277968643
simulation/sim_c0.006_s0.004/c0.006_s0.004_gtrgamma/c0.006_s0.004_gtrgamma_base-snps-concat_nmf	nmf	0.2	nonrandom	20	0.962
simulation/sim_c0.006_s0.004/c0.006_s0.004_gtrgamma/c0.006_s0.004_gtrgamma_base-snps-concat_nmf	nmf	0.2	nonrandom_weighted	1	0.970579068752727
simulation/sim_c0.006_s0.004/c0.006_s0.004_gtrgamma/c0.006_s0.004_gtrgamma_base-snps-concat_nmf	nmf	0.2	nonrandom_weighted	2	0.967875
simulation/sim_c0.006_s0.004/c0.006_s0.004_gtrgamma/c0.006_s0.004_gtrgamma_base-snps-concat_nmf	nmf	0.2	nonrandom_weighted	3	0.965935370960685
simulation/sim_c0.006_s0.004/c0.006_s0.004_gtrgamma/c0.006_s0.004_gtrgamma_base-snps-concat_nmf	nmf	0.2	nonrandom_weighted	4	0.9663167104111986
simulation/sim_c0.006_s0.004/c0.006_s0.004_gtrgamma/c0.006_s0.004_gtrgamma_base-snps-concat_nmf	nmf	0.2	nonrandom_weighted	5	0.9570965328011973
simulation/sim_c0.006_s0.004/c0.006_s0.004_gtrgamma/c0.006_s0.004_gtrgamma_base-snps-concat_nmf	nmf	0.2	nonrandom_weighted	6	0.9657324761250858
simulation/sim_c0.006_s0.004/c0.006_s0.004_gtrgamma/c0.006_s0.004_gtrgamma_base-snps-concat_nmf	nmf	0.2	nonrandom_weighted	7	0.9671241422333126
simulation/sim_c0.006_s0.004/c0.006_s0.004_gtrgamma/c0.006_s0.004_gtrgamma_base-snps-concat_nmf	nmf	0.2	nonrandom_weighted	8	0.966
simulation/sim_c0.006_s0.004/c0.006_s0.004_gtrgamma/c0.006_s0.004_gtrgamma_base-snps-concat_nmf	nmf	0.2	nonrandom_weighted	9	0.9670020623711018
simulation/sim_c0.006_s0.004/c0.006_s0.004_gtrgamma/c0.006_s0.004_gtrgamma_base-snps-concat_nmf	nmf	0.2	nonrandom_weighted	10	0.9683789526309211
simulation/sim_c0.006_s0.004/c0.006_s0.004_gtrgamma/c0.006_s0.004_gtrgamma_base-snps-concat_nmf	nmf	0.2	nonrandom_weighted	11	0.9588989911570557
simulation/sim_c0.006_s0.004/c0.006_s0.004_gtrgamma/c0.006_s0.004_gtrgamma_base-snps-concat_nmf	nmf	0.2	nonrandom_weighted	12	0.9735776157537235
simulation/sim_c0.006_s0.004/c0.006_s0.004_gtrgamma/c0.006_s0.004_gtrgamma_base-snps-concat_nmf	nmf	0.2	nonrandom_weighted	13	0.96501312007997
simulation/sim_c0.006_s0.004/c0.006_s0.004_gtrgamma/c0.006_s0.004_gtrgamma_base-snps-concat_nmf	nmf	0.2	nonrandom_weighted	14	0.9671854490905681
simulation/sim_c0.006_s0.004/c0.006_s0.004_gtrgamma/c0.006_s0.004_gtrgamma_base-snps-concat_nmf	nmf	0.2	nonrandom_weighted	15	0.9665604100256266
simulation/sim_c0.006_s0.004/c0.006_s0.004_gtrgamma/c0.006_s0.004_gtrgamma_base-snps-concat_nmf	nmf	0.2	nonrandom_weighted	16	0.9641809672386895
simulation/sim_c0.006_s0.004/c0.006_s0.004_gtrgamma/c0.006_s0.004_gtrgamma_base-snps-concat_nmf	nmf	0.2	nonrandom_weighted	17	0.9682480155009688
simulation/sim_c0.006_s0.004/c0.006_s0.004_gtrgamma/c0.006_s0.004_gtrgamma_base-snps-concat_nmf	nmf	0.2	nonrandom_weighted	18	0.9694355897243577
simulation/sim_c0.006_s0.004/c0.006_s0.004_gtrgamma/c0.006_s0.004_gtrgamma_base-snps-concat_nmf	nmf	0.2	nonrandom_weighted	19	0.9732516717705143
simulation/sim_c0.006_s0.004/c0.006_s0.004_gtrgamma/c0.006_s0.004_gtrgamma_base-snps-concat_nmf	nmf	0.2	nonrandom_weighted	20	0.972125
