simulation/sim_c0.002_s0.008/c0.002_s0.008_gtrgamma/c0.002_s0.008_gtrgamma_base-snps-concat_popWrong	population2	0.2	random	1	0.9171519819650573
simulation/sim_c0.002_s0.008/c0.002_s0.008_gtrgamma/c0.002_s0.008_gtrgamma_base-snps-concat_popWrong	population2	0.2	random	2	0.919251134644478
simulation/sim_c0.002_s0.008/c0.002_s0.008_gtrgamma/c0.002_s0.008_gtrgamma_base-snps-concat_popWrong	population2	0.2	random	3	0.9180614539095678
simulation/sim_c0.002_s0.008/c0.002_s0.008_gtrgamma/c0.002_s0.008_gtrgamma_base-snps-concat_popWrong	population2	0.2	random	4	0.9171838756190834
simulation/sim_c0.002_s0.008/c0.002_s0.008_gtrgamma/c0.002_s0.008_gtrgamma_base-snps-concat_popWrong	population2	0.2	random	5	0.9144424582383036
simulation/sim_c0.002_s0.008/c0.002_s0.008_gtrgamma/c0.002_s0.008_gtrgamma_base-snps-concat_popWrong	population2	0.2	random	6	0.9152161706906232
simulation/sim_c0.002_s0.008/c0.002_s0.008_gtrgamma/c0.002_s0.008_gtrgamma_base-snps-concat_popWrong	population2	0.2	random	7	0.9153362664990572
simulation/sim_c0.002_s0.008/c0.002_s0.008_gtrgamma/c0.002_s0.008_gtrgamma_base-snps-concat_popWrong	population2	0.2	random	8	0.9155124653739612
simulation/sim_c0.002_s0.008/c0.002_s0.008_gtrgamma/c0.002_s0.008_gtrgamma_base-snps-concat_popWrong	population2	0.2	random	9	0.9155046163642152
simulation/sim_c0.002_s0.008/c0.002_s0.008_gtrgamma/c0.002_s0.008_gtrgamma_base-snps-concat_popWrong	population2	0.2	random	10	0.9138072152616005
simulation/sim_c0.002_s0.008/c0.002_s0.008_gtrgamma/c0.002_s0.008_gtrgamma_base-snps-concat_popWrong	population2	0.2	random	11	0.916031488191928
simulation/sim_c0.002_s0.008/c0.002_s0.008_gtrgamma/c0.002_s0.008_gtrgamma_base-snps-concat_popWrong	population2	0.2	random	12	0.9167397569226914
simulation/sim_c0.002_s0.008/c0.002_s0.008_gtrgamma/c0.002_s0.008_gtrgamma_base-snps-concat_popWrong	population2	0.2	random	13	0.9170302915322835
simulation/sim_c0.002_s0.008/c0.002_s0.008_gtrgamma/c0.002_s0.008_gtrgamma_base-snps-concat_popWrong	population2	0.2	random	14	0.9156064995591384
simulation/sim_c0.002_s0.008/c0.002_s0.008_gtrgamma/c0.002_s0.008_gtrgamma_base-snps-concat_popWrong	population2	0.2	random	15	0.9171281147747294
simulation/sim_c0.002_s0.008/c0.002_s0.008_gtrgamma/c0.002_s0.008_gtrgamma_base-snps-concat_popWrong	population2	0.2	random	16	0.9200274690972656
simulation/sim_c0.002_s0.008/c0.002_s0.008_gtrgamma/c0.002_s0.008_gtrgamma_base-snps-concat_popWrong	population2	0.2	random	17	0.9194719888839765
simulation/sim_c0.002_s0.008/c0.002_s0.008_gtrgamma/c0.002_s0.008_gtrgamma_base-snps-concat_popWrong	population2	0.2	random	18	0.9135165381745834
simulation/sim_c0.002_s0.008/c0.002_s0.008_gtrgamma/c0.002_s0.008_gtrgamma_base-snps-concat_popWrong	population2	0.2	random	19	0.9145803565881842
simulation/sim_c0.002_s0.008/c0.002_s0.008_gtrgamma/c0.002_s0.008_gtrgamma_base-snps-concat_popWrong	population2	0.2	random	20	0.9132241813602016
simulation/sim_c0.002_s0.008/c0.002_s0.008_gtrgamma/c0.002_s0.008_gtrgamma_base-snps-concat_popWrong	population2	0.2	nonrandom	1	0.9043789658855312
simulation/sim_c0.002_s0.008/c0.002_s0.008_gtrgamma/c0.002_s0.008_gtrgamma_base-snps-concat_popWrong	population2	0.2	nonrandom	2	0.911413111866113
simulation/sim_c0.002_s0.008/c0.002_s0.008_gtrgamma/c0.002_s0.008_gtrgamma_base-snps-concat_popWrong	population2	0.2	nonrandom	3	0.9140595552205051
simulation/sim_c0.002_s0.008/c0.002_s0.008_gtrgamma/c0.002_s0.008_gtrgamma_base-snps-concat_popWrong	population2	0.2	nonrandom	4	0.9075841285786037
simulation/sim_c0.002_s0.008/c0.002_s0.008_gtrgamma/c0.002_s0.008_gtrgamma_base-snps-concat_popWrong	population2	0.2	nonrandom	5	0.8970986216879602
simulation/sim_c0.002_s0.008/c0.002_s0.008_gtrgamma/c0.002_s0.008_gtrgamma_base-snps-concat_popWrong	population2	0.2	nonrandom	6	0.9130215872616275
simulation/sim_c0.002_s0.008/c0.002_s0.008_gtrgamma/c0.002_s0.008_gtrgamma_base-snps-concat_popWrong	population2	0.2	nonrandom	7	0.9165829776550339
simulation/sim_c0.002_s0.008/c0.002_s0.008_gtrgamma/c0.002_s0.008_gtrgamma_base-snps-concat_popWrong	population2	0.2	nonrandom	8	0.9056319457524957
simulation/sim_c0.002_s0.008/c0.002_s0.008_gtrgamma/c0.002_s0.008_gtrgamma_base-snps-concat_popWrong	population2	0.2	nonrandom	9	0.9032034741015798
simulation/sim_c0.002_s0.008/c0.002_s0.008_gtrgamma/c0.002_s0.008_gtrgamma_base-snps-concat_popWrong	population2	0.2	nonrandom	10	0.8997484276729559
simulation/sim_c0.002_s0.008/c0.002_s0.008_gtrgamma/c0.002_s0.008_gtrgamma_base-snps-concat_popWrong	population2	0.2	nonrandom	11	0.9091480666457089
simulation/sim_c0.002_s0.008/c0.002_s0.008_gtrgamma/c0.002_s0.008_gtrgamma_base-snps-concat_popWrong	population2	0.2	nonrandom	12	0.9104224289665577
simulation/sim_c0.002_s0.008/c0.002_s0.008_gtrgamma/c0.002_s0.008_gtrgamma_base-snps-concat_popWrong	population2	0.2	nonrandom	13	0.9132733337529109
simulation/sim_c0.002_s0.008/c0.002_s0.008_gtrgamma/c0.002_s0.008_gtrgamma_base-snps-concat_popWrong	population2	0.2	nonrandom	14	0.9159113796576033
simulation/sim_c0.002_s0.008/c0.002_s0.008_gtrgamma/c0.002_s0.008_gtrgamma_base-snps-concat_popWrong	population2	0.2	nonrandom	15	0.9010006923028511
simulation/sim_c0.002_s0.008/c0.002_s0.008_gtrgamma/c0.002_s0.008_gtrgamma_base-snps-concat_popWrong	population2	0.2	nonrandom	16	0.9118887280508527
simulation/sim_c0.002_s0.008/c0.002_s0.008_gtrgamma/c0.002_s0.008_gtrgamma_base-snps-concat_popWrong	population2	0.2	nonrandom	17	0.8928930817610062
simulation/sim_c0.002_s0.008/c0.002_s0.008_gtrgamma/c0.002_s0.008_gtrgamma_base-snps-concat_popWrong	population2	0.2	nonrandom	18	0.9145229259701868
simulation/sim_c0.002_s0.008/c0.002_s0.008_gtrgamma/c0.002_s0.008_gtrgamma_base-snps-concat_popWrong	population2	0.2	nonrandom	19	0.9116129843985908
simulation/sim_c0.002_s0.008/c0.002_s0.008_gtrgamma/c0.002_s0.008_gtrgamma_base-snps-concat_popWrong	population2	0.2	nonrandom	20	0.9133689839572192
simulation/sim_c0.002_s0.008/c0.002_s0.008_gtrgamma/c0.002_s0.008_gtrgamma_base-snps-concat_popWrong	population2	0.2	nonrandom_weighted	1	0.8926301214676821
simulation/sim_c0.002_s0.008/c0.002_s0.008_gtrgamma/c0.002_s0.008_gtrgamma_base-snps-concat_popWrong	population2	0.2	nonrandom_weighted	2	0.9123922210334193
simulation/sim_c0.002_s0.008/c0.002_s0.008_gtrgamma/c0.002_s0.008_gtrgamma_base-snps-concat_popWrong	population2	0.2	nonrandom_weighted	3	0.895776952608723
simulation/sim_c0.002_s0.008/c0.002_s0.008_gtrgamma/c0.002_s0.008_gtrgamma_base-snps-concat_popWrong	population2	0.2	nonrandom_weighted	4	0.9083013405500661
simulation/sim_c0.002_s0.008/c0.002_s0.008_gtrgamma/c0.002_s0.008_gtrgamma_base-snps-concat_popWrong	population2	0.2	nonrandom_weighted	5	0.8993014034866889
simulation/sim_c0.002_s0.008/c0.002_s0.008_gtrgamma/c0.002_s0.008_gtrgamma_base-snps-concat_popWrong	population2	0.2	nonrandom_weighted	6	0.909027996225228
simulation/sim_c0.002_s0.008/c0.002_s0.008_gtrgamma/c0.002_s0.008_gtrgamma_base-snps-concat_popWrong	population2	0.2	nonrandom_weighted	7	0.9032664107244005
simulation/sim_c0.002_s0.008/c0.002_s0.008_gtrgamma/c0.002_s0.008_gtrgamma_base-snps-concat_popWrong	population2	0.2	nonrandom_weighted	8	0.8987979105041224
simulation/sim_c0.002_s0.008/c0.002_s0.008_gtrgamma/c0.002_s0.008_gtrgamma_base-snps-concat_popWrong	population2	0.2	nonrandom_weighted	9	0.8968468751966769
simulation/sim_c0.002_s0.008/c0.002_s0.008_gtrgamma/c0.002_s0.008_gtrgamma_base-snps-concat_popWrong	population2	0.2	nonrandom_weighted	10	0.909130954628406
simulation/sim_c0.002_s0.008/c0.002_s0.008_gtrgamma/c0.002_s0.008_gtrgamma_base-snps-concat_popWrong	population2	0.2	nonrandom_weighted	11	0.9067279249795456
simulation/sim_c0.002_s0.008/c0.002_s0.008_gtrgamma/c0.002_s0.008_gtrgamma_base-snps-concat_popWrong	population2	0.2	nonrandom_weighted	12	0.9070367573011078
simulation/sim_c0.002_s0.008/c0.002_s0.008_gtrgamma/c0.002_s0.008_gtrgamma_base-snps-concat_popWrong	population2	0.2	nonrandom_weighted	13	0.9043363333123544
simulation/sim_c0.002_s0.008/c0.002_s0.008_gtrgamma/c0.002_s0.008_gtrgamma_base-snps-concat_popWrong	population2	0.2	nonrandom_weighted	14	0.8970108013062045
simulation/sim_c0.002_s0.008/c0.002_s0.008_gtrgamma/c0.002_s0.008_gtrgamma_base-snps-concat_popWrong	population2	0.2	nonrandom_weighted	15	0.8888539240984329
simulation/sim_c0.002_s0.008/c0.002_s0.008_gtrgamma/c0.002_s0.008_gtrgamma_base-snps-concat_popWrong	population2	0.2	nonrandom_weighted	16	0.8935741708099944
simulation/sim_c0.002_s0.008/c0.002_s0.008_gtrgamma/c0.002_s0.008_gtrgamma_base-snps-concat_popWrong	population2	0.2	nonrandom_weighted	17	0.9144223508683614
simulation/sim_c0.002_s0.008/c0.002_s0.008_gtrgamma/c0.002_s0.008_gtrgamma_base-snps-concat_popWrong	population2	0.2	nonrandom_weighted	18	0.903455220592863
simulation/sim_c0.002_s0.008/c0.002_s0.008_gtrgamma/c0.002_s0.008_gtrgamma_base-snps-concat_popWrong	population2	0.2	nonrandom_weighted	19	0.8915601988797281
simulation/sim_c0.002_s0.008/c0.002_s0.008_gtrgamma/c0.002_s0.008_gtrgamma_base-snps-concat_popWrong	population2	0.2	nonrandom_weighted	20	0.8939517905469192
