simulation/sim_c0.003_s0.007/c0.003_s0.007_gtr/c0.003_s0.007_gtr_base-snps-concat_global	global	0.2	random	1	0.933617577492842
simulation/sim_c0.003_s0.007/c0.003_s0.007_gtr/c0.003_s0.007_gtr_base-snps-concat_global	global	0.2	random	2	0.934515263125039
simulation/sim_c0.003_s0.007/c0.003_s0.007_gtr/c0.003_s0.007_gtr_base-snps-concat_global	global	0.2	random	3	0.934812060871483
simulation/sim_c0.003_s0.007/c0.003_s0.007_gtr/c0.003_s0.007_gtr_base-snps-concat_global	global	0.2	random	4	0.9351098644226274
simulation/sim_c0.003_s0.007/c0.003_s0.007_gtr/c0.003_s0.007_gtr_base-snps-concat_global	global	0.2	random	5	0.932415834724278
simulation/sim_c0.003_s0.007/c0.003_s0.007_gtr/c0.003_s0.007_gtr_base-snps-concat_global	global	0.2	random	6	0.9338214675183051
simulation/sim_c0.003_s0.007/c0.003_s0.007_gtr/c0.003_s0.007_gtr_base-snps-concat_global	global	0.2	random	7	0.9339240032445248
simulation/sim_c0.003_s0.007/c0.003_s0.007_gtr/c0.003_s0.007_gtr_base-snps-concat_global	global	0.2	random	8	0.9326054809174716
simulation/sim_c0.003_s0.007/c0.003_s0.007_gtr/c0.003_s0.007_gtr_base-snps-concat_global	global	0.2	random	9	0.9341328644983047
simulation/sim_c0.003_s0.007/c0.003_s0.007_gtr/c0.003_s0.007_gtr_base-snps-concat_global	global	0.2	random	10	0.9342898405123697
simulation/sim_c0.003_s0.007/c0.003_s0.007_gtr/c0.003_s0.007_gtr_base-snps-concat_global	global	0.2	random	11	0.9335303735379198
simulation/sim_c0.003_s0.007/c0.003_s0.007_gtr/c0.003_s0.007_gtr_base-snps-concat_global	global	0.2	random	12	0.933188364690681
simulation/sim_c0.003_s0.007/c0.003_s0.007_gtr/c0.003_s0.007_gtr_base-snps-concat_global	global	0.2	random	13	0.9333146800969968
simulation/sim_c0.003_s0.007/c0.003_s0.007_gtr/c0.003_s0.007_gtr_base-snps-concat_global	global	0.2	random	14	0.9346286430586023
simulation/sim_c0.003_s0.007/c0.003_s0.007_gtr/c0.003_s0.007_gtr_base-snps-concat_global	global	0.2	random	15	0.9343863153951805
simulation/sim_c0.003_s0.007/c0.003_s0.007_gtr/c0.003_s0.007_gtr_base-snps-concat_global	global	0.2	random	16	0.9350242680444654
simulation/sim_c0.003_s0.007/c0.003_s0.007_gtr/c0.003_s0.007_gtr_base-snps-concat_global	global	0.2	random	17	0.9342676113486688
simulation/sim_c0.003_s0.007/c0.003_s0.007_gtr/c0.003_s0.007_gtr_base-snps-concat_global	global	0.2	random	18	0.9340217834834741
simulation/sim_c0.003_s0.007/c0.003_s0.007_gtr/c0.003_s0.007_gtr_base-snps-concat_global	global	0.2	random	19	0.9342400099589194
simulation/sim_c0.003_s0.007/c0.003_s0.007_gtr/c0.003_s0.007_gtr_base-snps-concat_global	global	0.2	random	20	0.9368912400809086
simulation/sim_c0.003_s0.007/c0.003_s0.007_gtr/c0.003_s0.007_gtr_base-snps-concat_global	global	0.2	nonrandom	1	0.9207669930244925
simulation/sim_c0.003_s0.007/c0.003_s0.007_gtr/c0.003_s0.007_gtr_base-snps-concat_global	global	0.2	nonrandom	2	0.9381881881881882
simulation/sim_c0.003_s0.007/c0.003_s0.007_gtr/c0.003_s0.007_gtr_base-snps-concat_global	global	0.2	nonrandom	3	0.934496996996997
simulation/sim_c0.003_s0.007/c0.003_s0.007_gtr/c0.003_s0.007_gtr_base-snps-concat_global	global	0.2	nonrandom	4	0.9381565782891446
simulation/sim_c0.003_s0.007/c0.003_s0.007_gtr/c0.003_s0.007_gtr_base-snps-concat_global	global	0.2	nonrandom	5	0.9329226343110889
simulation/sim_c0.003_s0.007/c0.003_s0.007_gtr/c0.003_s0.007_gtr_base-snps-concat_global	global	0.2	nonrandom	6	0.9291134497080223
simulation/sim_c0.003_s0.007/c0.003_s0.007_gtr/c0.003_s0.007_gtr_base-snps-concat_global	global	0.2	nonrandom	7	0.931056056056056
simulation/sim_c0.003_s0.007/c0.003_s0.007_gtr/c0.003_s0.007_gtr_base-snps-concat_global	global	0.2	nonrandom	8	0.9307629819408861
simulation/sim_c0.003_s0.007/c0.003_s0.007_gtr/c0.003_s0.007_gtr_base-snps-concat_global	global	0.2	nonrandom	9	0.9385855304260902
simulation/sim_c0.003_s0.007/c0.003_s0.007_gtr/c0.003_s0.007_gtr_base-snps-concat_global	global	0.2	nonrandom	10	0.9276822020644354
simulation/sim_c0.003_s0.007/c0.003_s0.007_gtr/c0.003_s0.007_gtr_base-snps-concat_global	global	0.2	nonrandom	11	0.9303627267041901
simulation/sim_c0.003_s0.007/c0.003_s0.007_gtr/c0.003_s0.007_gtr_base-snps-concat_global	global	0.2	nonrandom	12	0.9210485157496324
simulation/sim_c0.003_s0.007/c0.003_s0.007_gtr/c0.003_s0.007_gtr_base-snps-concat_global	global	0.2	nonrandom	13	0.9367199474490913
simulation/sim_c0.003_s0.007/c0.003_s0.007_gtr/c0.003_s0.007_gtr_base-snps-concat_global	global	0.2	nonrandom	14	0.9323073073073073
simulation/sim_c0.003_s0.007/c0.003_s0.007_gtr/c0.003_s0.007_gtr_base-snps-concat_global	global	0.2	nonrandom	15	0.929611802212915
simulation/sim_c0.003_s0.007/c0.003_s0.007_gtr/c0.003_s0.007_gtr_base-snps-concat_global	global	0.2	nonrandom	16	0.9326514014014013
simulation/sim_c0.003_s0.007/c0.003_s0.007_gtr/c0.003_s0.007_gtr_base-snps-concat_global	global	0.2	nonrandom	17	0.9266476899496388
simulation/sim_c0.003_s0.007/c0.003_s0.007_gtr/c0.003_s0.007_gtr_base-snps-concat_global	global	0.2	nonrandom	18	0.9255192692692693
simulation/sim_c0.003_s0.007/c0.003_s0.007_gtr/c0.003_s0.007_gtr_base-snps-concat_global	global	0.2	nonrandom	19	0.9286496293284119
simulation/sim_c0.003_s0.007/c0.003_s0.007_gtr/c0.003_s0.007_gtr_base-snps-concat_global	global	0.2	nonrandom	20	0.9288685914479652
simulation/sim_c0.003_s0.007/c0.003_s0.007_gtr/c0.003_s0.007_gtr_base-snps-concat_global	global	0.2	nonrandom_weighted	1	0.9309018111295317
simulation/sim_c0.003_s0.007/c0.003_s0.007_gtr/c0.003_s0.007_gtr_base-snps-concat_global	global	0.2	nonrandom_weighted	2	0.9261793189628241
simulation/sim_c0.003_s0.007/c0.003_s0.007_gtr/c0.003_s0.007_gtr_base-snps-concat_global	global	0.2	nonrandom_weighted	3	0.9209152574161483
simulation/sim_c0.003_s0.007/c0.003_s0.007_gtr/c0.003_s0.007_gtr_base-snps-concat_global	global	0.2	nonrandom_weighted	4	0.9306128830519075
simulation/sim_c0.003_s0.007/c0.003_s0.007_gtr/c0.003_s0.007_gtr_base-snps-concat_global	global	0.2	nonrandom_weighted	5	0.9294982022823198
simulation/sim_c0.003_s0.007/c0.003_s0.007_gtr/c0.003_s0.007_gtr_base-snps-concat_global	global	0.2	nonrandom_weighted	6	0.9269047916927311
simulation/sim_c0.003_s0.007/c0.003_s0.007_gtr/c0.003_s0.007_gtr_base-snps-concat_global	global	0.2	nonrandom_weighted	7	0.9359539669137192
simulation/sim_c0.003_s0.007/c0.003_s0.007_gtr/c0.003_s0.007_gtr_base-snps-concat_global	global	0.2	nonrandom_weighted	8	0.920733612447666
simulation/sim_c0.003_s0.007/c0.003_s0.007_gtr/c0.003_s0.007_gtr_base-snps-concat_global	global	0.2	nonrandom_weighted	9	0.9209859551440458
simulation/sim_c0.003_s0.007/c0.003_s0.007_gtr/c0.003_s0.007_gtr_base-snps-concat_global	global	0.2	nonrandom_weighted	10	0.9178523405985177
simulation/sim_c0.003_s0.007/c0.003_s0.007_gtr/c0.003_s0.007_gtr_base-snps-concat_global	global	0.2	nonrandom_weighted	11	0.9258344020770121
simulation/sim_c0.003_s0.007/c0.003_s0.007_gtr/c0.003_s0.007_gtr_base-snps-concat_global	global	0.2	nonrandom_weighted	12	0.9194845006099659
simulation/sim_c0.003_s0.007/c0.003_s0.007_gtr/c0.003_s0.007_gtr_base-snps-concat_global	global	0.2	nonrandom_weighted	13	0.9243329475429323
simulation/sim_c0.003_s0.007/c0.003_s0.007_gtr/c0.003_s0.007_gtr_base-snps-concat_global	global	0.2	nonrandom_weighted	14	0.9256154399574588
simulation/sim_c0.003_s0.007/c0.003_s0.007_gtr/c0.003_s0.007_gtr_base-snps-concat_global	global	0.2	nonrandom_weighted	15	0.9253964778379055
simulation/sim_c0.003_s0.007/c0.003_s0.007_gtr/c0.003_s0.007_gtr_base-snps-concat_global	global	0.2	nonrandom_weighted	16	0.9174512809283993
simulation/sim_c0.003_s0.007/c0.003_s0.007_gtr/c0.003_s0.007_gtr_base-snps-concat_global	global	0.2	nonrandom_weighted	17	0.9197347430323125
simulation/sim_c0.003_s0.007/c0.003_s0.007_gtr/c0.003_s0.007_gtr_base-snps-concat_global	global	0.2	nonrandom_weighted	18	0.9217334249828157
simulation/sim_c0.003_s0.007/c0.003_s0.007_gtr/c0.003_s0.007_gtr_base-snps-concat_global	global	0.2	nonrandom_weighted	19	0.9120075046904316
simulation/sim_c0.003_s0.007/c0.003_s0.007_gtr/c0.003_s0.007_gtr_base-snps-concat_global	global	0.2	nonrandom_weighted	20	0.9258031217742188
