simulation/sim_c0.009_s0.001/c0.009_s0.001_gtrgamma/c0.009_s0.001_gtrgamma_base-snps-concat_phyloqr	phyloqr	0.2	random	1	1.0
simulation/sim_c0.009_s0.001/c0.009_s0.001_gtrgamma/c0.009_s0.001_gtrgamma_base-snps-concat_phyloqr	phyloqr	0.2	random	2	1.0
simulation/sim_c0.009_s0.001/c0.009_s0.001_gtrgamma/c0.009_s0.001_gtrgamma_base-snps-concat_phyloqr	phyloqr	0.2	random	3	1.0
simulation/sim_c0.009_s0.001/c0.009_s0.001_gtrgamma/c0.009_s0.001_gtrgamma_base-snps-concat_phyloqr	phyloqr	0.2	random	4	1.0
simulation/sim_c0.009_s0.001/c0.009_s0.001_gtrgamma/c0.009_s0.001_gtrgamma_base-snps-concat_phyloqr	phyloqr	0.2	random	5	1.0
simulation/sim_c0.009_s0.001/c0.009_s0.001_gtrgamma/c0.009_s0.001_gtrgamma_base-snps-concat_phyloqr	phyloqr	0.2	random	6	1.0
simulation/sim_c0.009_s0.001/c0.009_s0.001_gtrgamma/c0.009_s0.001_gtrgamma_base-snps-concat_phyloqr	phyloqr	0.2	random	7	1.0
simulation/sim_c0.009_s0.001/c0.009_s0.001_gtrgamma/c0.009_s0.001_gtrgamma_base-snps-concat_phyloqr	phyloqr	0.2	random	8	1.0
simulation/sim_c0.009_s0.001/c0.009_s0.001_gtrgamma/c0.009_s0.001_gtrgamma_base-snps-concat_phyloqr	phyloqr	0.2	random	9	1.0
simulation/sim_c0.009_s0.001/c0.009_s0.001_gtrgamma/c0.009_s0.001_gtrgamma_base-snps-concat_phyloqr	phyloqr	0.2	random	10	1.0
simulation/sim_c0.009_s0.001/c0.009_s0.001_gtrgamma/c0.009_s0.001_gtrgamma_base-snps-concat_phyloqr	phyloqr	0.2	random	11	1.0
simulation/sim_c0.009_s0.001/c0.009_s0.001_gtrgamma/c0.009_s0.001_gtrgamma_base-snps-concat_phyloqr	phyloqr	0.2	random	12	1.0
simulation/sim_c0.009_s0.001/c0.009_s0.001_gtrgamma/c0.009_s0.001_gtrgamma_base-snps-concat_phyloqr	phyloqr	0.2	random	13	1.0
simulation/sim_c0.009_s0.001/c0.009_s0.001_gtrgamma/c0.009_s0.001_gtrgamma_base-snps-concat_phyloqr	phyloqr	0.2	random	14	1.0
simulation/sim_c0.009_s0.001/c0.009_s0.001_gtrgamma/c0.009_s0.001_gtrgamma_base-snps-concat_phyloqr	phyloqr	0.2	random	15	1.0
simulation/sim_c0.009_s0.001/c0.009_s0.001_gtrgamma/c0.009_s0.001_gtrgamma_base-snps-concat_phyloqr	phyloqr	0.2	random	16	1.0
simulation/sim_c0.009_s0.001/c0.009_s0.001_gtrgamma/c0.009_s0.001_gtrgamma_base-snps-concat_phyloqr	phyloqr	0.2	random	17	1.0
simulation/sim_c0.009_s0.001/c0.009_s0.001_gtrgamma/c0.009_s0.001_gtrgamma_base-snps-concat_phyloqr	phyloqr	0.2	random	18	1.0
simulation/sim_c0.009_s0.001/c0.009_s0.001_gtrgamma/c0.009_s0.001_gtrgamma_base-snps-concat_phyloqr	phyloqr	0.2	random	19	1.0
simulation/sim_c0.009_s0.001/c0.009_s0.001_gtrgamma/c0.009_s0.001_gtrgamma_base-snps-concat_phyloqr	phyloqr	0.2	random	20	1.0
simulation/sim_c0.009_s0.001/c0.009_s0.001_gtrgamma/c0.009_s0.001_gtrgamma_base-snps-concat_phyloqr	phyloqr	0.2	nonrandom	1	1.0
simulation/sim_c0.009_s0.001/c0.009_s0.001_gtrgamma/c0.009_s0.001_gtrgamma_base-snps-concat_phyloqr	phyloqr	0.2	nonrandom	2	1.0
simulation/sim_c0.009_s0.001/c0.009_s0.001_gtrgamma/c0.009_s0.001_gtrgamma_base-snps-concat_phyloqr	phyloqr	0.2	nonrandom	3	1.0
simulation/sim_c0.009_s0.001/c0.009_s0.001_gtrgamma/c0.009_s0.001_gtrgamma_base-snps-concat_phyloqr	phyloqr	0.2	nonrandom	4	1.0
simulation/sim_c0.009_s0.001/c0.009_s0.001_gtrgamma/c0.009_s0.001_gtrgamma_base-snps-concat_phyloqr	phyloqr	0.2	nonrandom	5	1.0
simulation/sim_c0.009_s0.001/c0.009_s0.001_gtrgamma/c0.009_s0.001_gtrgamma_base-snps-concat_phyloqr	phyloqr	0.2	nonrandom	6	1.0
simulation/sim_c0.009_s0.001/c0.009_s0.001_gtrgamma/c0.009_s0.001_gtrgamma_base-snps-concat_phyloqr	phyloqr	0.2	nonrandom	7	1.0
simulation/sim_c0.009_s0.001/c0.009_s0.001_gtrgamma/c0.009_s0.001_gtrgamma_base-snps-concat_phyloqr	phyloqr	0.2	nonrandom	8	1.0
simulation/sim_c0.009_s0.001/c0.009_s0.001_gtrgamma/c0.009_s0.001_gtrgamma_base-snps-concat_phyloqr	phyloqr	0.2	nonrandom	9	1.0
simulation/sim_c0.009_s0.001/c0.009_s0.001_gtrgamma/c0.009_s0.001_gtrgamma_base-snps-concat_phyloqr	phyloqr	0.2	nonrandom	10	1.0
simulation/sim_c0.009_s0.001/c0.009_s0.001_gtrgamma/c0.009_s0.001_gtrgamma_base-snps-concat_phyloqr	phyloqr	0.2	nonrandom	11	1.0
simulation/sim_c0.009_s0.001/c0.009_s0.001_gtrgamma/c0.009_s0.001_gtrgamma_base-snps-concat_phyloqr	phyloqr	0.2	nonrandom	12	1.0
simulation/sim_c0.009_s0.001/c0.009_s0.001_gtrgamma/c0.009_s0.001_gtrgamma_base-snps-concat_phyloqr	phyloqr	0.2	nonrandom	13	1.0
simulation/sim_c0.009_s0.001/c0.009_s0.001_gtrgamma/c0.009_s0.001_gtrgamma_base-snps-concat_phyloqr	phyloqr	0.2	nonrandom	14	1.0
simulation/sim_c0.009_s0.001/c0.009_s0.001_gtrgamma/c0.009_s0.001_gtrgamma_base-snps-concat_phyloqr	phyloqr	0.2	nonrandom	15	1.0
simulation/sim_c0.009_s0.001/c0.009_s0.001_gtrgamma/c0.009_s0.001_gtrgamma_base-snps-concat_phyloqr	phyloqr	0.2	nonrandom	16	1.0
simulation/sim_c0.009_s0.001/c0.009_s0.001_gtrgamma/c0.009_s0.001_gtrgamma_base-snps-concat_phyloqr	phyloqr	0.2	nonrandom	17	1.0
simulation/sim_c0.009_s0.001/c0.009_s0.001_gtrgamma/c0.009_s0.001_gtrgamma_base-snps-concat_phyloqr	phyloqr	0.2	nonrandom	18	1.0
simulation/sim_c0.009_s0.001/c0.009_s0.001_gtrgamma/c0.009_s0.001_gtrgamma_base-snps-concat_phyloqr	phyloqr	0.2	nonrandom	19	1.0
simulation/sim_c0.009_s0.001/c0.009_s0.001_gtrgamma/c0.009_s0.001_gtrgamma_base-snps-concat_phyloqr	phyloqr	0.2	nonrandom	20	1.0
simulation/sim_c0.009_s0.001/c0.009_s0.001_gtrgamma/c0.009_s0.001_gtrgamma_base-snps-concat_phyloqr	phyloqr	0.2	nonrandom_weighted	1	1.0
simulation/sim_c0.009_s0.001/c0.009_s0.001_gtrgamma/c0.009_s0.001_gtrgamma_base-snps-concat_phyloqr	phyloqr	0.2	nonrandom_weighted	2	1.0
simulation/sim_c0.009_s0.001/c0.009_s0.001_gtrgamma/c0.009_s0.001_gtrgamma_base-snps-concat_phyloqr	phyloqr	0.2	nonrandom_weighted	3	1.0
simulation/sim_c0.009_s0.001/c0.009_s0.001_gtrgamma/c0.009_s0.001_gtrgamma_base-snps-concat_phyloqr	phyloqr	0.2	nonrandom_weighted	4	1.0
simulation/sim_c0.009_s0.001/c0.009_s0.001_gtrgamma/c0.009_s0.001_gtrgamma_base-snps-concat_phyloqr	phyloqr	0.2	nonrandom_weighted	5	1.0
simulation/sim_c0.009_s0.001/c0.009_s0.001_gtrgamma/c0.009_s0.001_gtrgamma_base-snps-concat_phyloqr	phyloqr	0.2	nonrandom_weighted	6	1.0
simulation/sim_c0.009_s0.001/c0.009_s0.001_gtrgamma/c0.009_s0.001_gtrgamma_base-snps-concat_phyloqr	phyloqr	0.2	nonrandom_weighted	7	1.0
simulation/sim_c0.009_s0.001/c0.009_s0.001_gtrgamma/c0.009_s0.001_gtrgamma_base-snps-concat_phyloqr	phyloqr	0.2	nonrandom_weighted	8	1.0
simulation/sim_c0.009_s0.001/c0.009_s0.001_gtrgamma/c0.009_s0.001_gtrgamma_base-snps-concat_phyloqr	phyloqr	0.2	nonrandom_weighted	9	1.0
simulation/sim_c0.009_s0.001/c0.009_s0.001_gtrgamma/c0.009_s0.001_gtrgamma_base-snps-concat_phyloqr	phyloqr	0.2	nonrandom_weighted	10	1.0
simulation/sim_c0.009_s0.001/c0.009_s0.001_gtrgamma/c0.009_s0.001_gtrgamma_base-snps-concat_phyloqr	phyloqr	0.2	nonrandom_weighted	11	1.0
simulation/sim_c0.009_s0.001/c0.009_s0.001_gtrgamma/c0.009_s0.001_gtrgamma_base-snps-concat_phyloqr	phyloqr	0.2	nonrandom_weighted	12	1.0
simulation/sim_c0.009_s0.001/c0.009_s0.001_gtrgamma/c0.009_s0.001_gtrgamma_base-snps-concat_phyloqr	phyloqr	0.2	nonrandom_weighted	13	1.0
simulation/sim_c0.009_s0.001/c0.009_s0.001_gtrgamma/c0.009_s0.001_gtrgamma_base-snps-concat_phyloqr	phyloqr	0.2	nonrandom_weighted	14	1.0
simulation/sim_c0.009_s0.001/c0.009_s0.001_gtrgamma/c0.009_s0.001_gtrgamma_base-snps-concat_phyloqr	phyloqr	0.2	nonrandom_weighted	15	1.0
simulation/sim_c0.009_s0.001/c0.009_s0.001_gtrgamma/c0.009_s0.001_gtrgamma_base-snps-concat_phyloqr	phyloqr	0.2	nonrandom_weighted	16	1.0
simulation/sim_c0.009_s0.001/c0.009_s0.001_gtrgamma/c0.009_s0.001_gtrgamma_base-snps-concat_phyloqr	phyloqr	0.2	nonrandom_weighted	17	1.0
simulation/sim_c0.009_s0.001/c0.009_s0.001_gtrgamma/c0.009_s0.001_gtrgamma_base-snps-concat_phyloqr	phyloqr	0.2	nonrandom_weighted	18	1.0
simulation/sim_c0.009_s0.001/c0.009_s0.001_gtrgamma/c0.009_s0.001_gtrgamma_base-snps-concat_phyloqr	phyloqr	0.2	nonrandom_weighted	19	1.0
simulation/sim_c0.009_s0.001/c0.009_s0.001_gtrgamma/c0.009_s0.001_gtrgamma_base-snps-concat_phyloqr	phyloqr	0.2	nonrandom_weighted	20	1.0
