simulation/sim_c0.001_s0.009/c0.001_s0.009_gtrgamma/c0.001_s0.009_gtrgamma_base-snps-concat_pop	population	0.2	random	1	0.8778710391046912
simulation/sim_c0.001_s0.009/c0.001_s0.009_gtrgamma/c0.001_s0.009_gtrgamma_base-snps-concat_pop	population	0.2	random	2	0.881664499349805
simulation/sim_c0.001_s0.009/c0.001_s0.009_gtrgamma/c0.001_s0.009_gtrgamma_base-snps-concat_pop	population	0.2	random	3	0.8800288770755398
simulation/sim_c0.001_s0.009/c0.001_s0.009_gtrgamma/c0.001_s0.009_gtrgamma_base-snps-concat_pop	population	0.2	random	4	0.8814713896457765
simulation/sim_c0.001_s0.009/c0.001_s0.009_gtrgamma/c0.001_s0.009_gtrgamma_base-snps-concat_pop	population	0.2	random	5	0.8832414910858996
simulation/sim_c0.001_s0.009/c0.001_s0.009_gtrgamma/c0.001_s0.009_gtrgamma_base-snps-concat_pop	population	0.2	random	6	0.881167522589872
simulation/sim_c0.001_s0.009/c0.001_s0.009_gtrgamma/c0.001_s0.009_gtrgamma_base-snps-concat_pop	population	0.2	random	7	0.8839033170480843
simulation/sim_c0.001_s0.009/c0.001_s0.009_gtrgamma/c0.001_s0.009_gtrgamma_base-snps-concat_pop	population	0.2	random	8	0.8796653796653797
simulation/sim_c0.001_s0.009/c0.001_s0.009_gtrgamma/c0.001_s0.009_gtrgamma_base-snps-concat_pop	population	0.2	random	9	0.8820210143987547
simulation/sim_c0.001_s0.009/c0.001_s0.009_gtrgamma/c0.001_s0.009_gtrgamma_base-snps-concat_pop	population	0.2	random	10	0.881255686988171
simulation/sim_c0.001_s0.009/c0.001_s0.009_gtrgamma/c0.001_s0.009_gtrgamma_base-snps-concat_pop	population	0.2	random	11	0.8873193805481759
simulation/sim_c0.001_s0.009/c0.001_s0.009_gtrgamma/c0.001_s0.009_gtrgamma_base-snps-concat_pop	population	0.2	random	12	0.8835465942871914
simulation/sim_c0.001_s0.009/c0.001_s0.009_gtrgamma/c0.001_s0.009_gtrgamma_base-snps-concat_pop	population	0.2	random	13	0.8777219430485762
simulation/sim_c0.001_s0.009/c0.001_s0.009_gtrgamma/c0.001_s0.009_gtrgamma_base-snps-concat_pop	population	0.2	random	14	0.8846571665921145
simulation/sim_c0.001_s0.009/c0.001_s0.009_gtrgamma/c0.001_s0.009_gtrgamma_base-snps-concat_pop	population	0.2	random	15	0.8756235019757725
simulation/sim_c0.001_s0.009/c0.001_s0.009_gtrgamma/c0.001_s0.009_gtrgamma_base-snps-concat_pop	population	0.2	random	16	0.879917980264001
simulation/sim_c0.001_s0.009/c0.001_s0.009_gtrgamma/c0.001_s0.009_gtrgamma_base-snps-concat_pop	population	0.2	random	17	0.880776873277354
simulation/sim_c0.001_s0.009/c0.001_s0.009_gtrgamma/c0.001_s0.009_gtrgamma_base-snps-concat_pop	population	0.2	random	18	0.8790243902439024
simulation/sim_c0.001_s0.009/c0.001_s0.009_gtrgamma/c0.001_s0.009_gtrgamma_base-snps-concat_pop	population	0.2	random	19	0.8843745924090257
simulation/sim_c0.001_s0.009/c0.001_s0.009_gtrgamma/c0.001_s0.009_gtrgamma_base-snps-concat_pop	population	0.2	random	20	0.8802344513187886
simulation/sim_c0.001_s0.009/c0.001_s0.009_gtrgamma/c0.001_s0.009_gtrgamma_base-snps-concat_pop	population	0.2	nonrandom	1	0.8781055900621118
simulation/sim_c0.001_s0.009/c0.001_s0.009_gtrgamma/c0.001_s0.009_gtrgamma_base-snps-concat_pop	population	0.2	nonrandom	2	0.8705184420944029
simulation/sim_c0.001_s0.009/c0.001_s0.009_gtrgamma/c0.001_s0.009_gtrgamma_base-snps-concat_pop	population	0.2	nonrandom	3	0.8735200879860258
simulation/sim_c0.001_s0.009/c0.001_s0.009_gtrgamma/c0.001_s0.009_gtrgamma_base-snps-concat_pop	population	0.2	nonrandom	4	0.8820144815102147
simulation/sim_c0.001_s0.009/c0.001_s0.009_gtrgamma/c0.001_s0.009_gtrgamma_base-snps-concat_pop	population	0.2	nonrandom	5	0.8760432166655884
simulation/sim_c0.001_s0.009/c0.001_s0.009_gtrgamma/c0.001_s0.009_gtrgamma_base-snps-concat_pop	population	0.2	nonrandom	6	0.8772724332017856
simulation/sim_c0.001_s0.009/c0.001_s0.009_gtrgamma/c0.001_s0.009_gtrgamma_base-snps-concat_pop	population	0.2	nonrandom	7	0.8568382970476129
simulation/sim_c0.001_s0.009/c0.001_s0.009_gtrgamma/c0.001_s0.009_gtrgamma_base-snps-concat_pop	population	0.2	nonrandom	8	0.8736998514115899
simulation/sim_c0.001_s0.009/c0.001_s0.009_gtrgamma/c0.001_s0.009_gtrgamma_base-snps-concat_pop	population	0.2	nonrandom	9	0.876912153875944
simulation/sim_c0.001_s0.009/c0.001_s0.009_gtrgamma/c0.001_s0.009_gtrgamma_base-snps-concat_pop	population	0.2	nonrandom	10	0.8797955618813482
simulation/sim_c0.001_s0.009/c0.001_s0.009_gtrgamma/c0.001_s0.009_gtrgamma_base-snps-concat_pop	population	0.2	nonrandom	11	0.8636657612210581
simulation/sim_c0.001_s0.009/c0.001_s0.009_gtrgamma/c0.001_s0.009_gtrgamma_base-snps-concat_pop	population	0.2	nonrandom	12	0.8869120786698583
simulation/sim_c0.001_s0.009/c0.001_s0.009_gtrgamma/c0.001_s0.009_gtrgamma_base-snps-concat_pop	population	0.2	nonrandom	13	0.8739729572362036
simulation/sim_c0.001_s0.009/c0.001_s0.009_gtrgamma/c0.001_s0.009_gtrgamma_base-snps-concat_pop	population	0.2	nonrandom	14	0.8604515753380345
simulation/sim_c0.001_s0.009/c0.001_s0.009_gtrgamma/c0.001_s0.009_gtrgamma_base-snps-concat_pop	population	0.2	nonrandom	15	0.8685385262340687
simulation/sim_c0.001_s0.009/c0.001_s0.009_gtrgamma/c0.001_s0.009_gtrgamma_base-snps-concat_pop	population	0.2	nonrandom	16	0.8569951534733441
simulation/sim_c0.001_s0.009/c0.001_s0.009_gtrgamma/c0.001_s0.009_gtrgamma_base-snps-concat_pop	population	0.2	nonrandom	17	0.8453774988678269
simulation/sim_c0.001_s0.009/c0.001_s0.009_gtrgamma/c0.001_s0.009_gtrgamma_base-snps-concat_pop	population	0.2	nonrandom	18	0.8808229813664596
simulation/sim_c0.001_s0.009/c0.001_s0.009_gtrgamma/c0.001_s0.009_gtrgamma_base-snps-concat_pop	population	0.2	nonrandom	19	0.8759048603929679
simulation/sim_c0.001_s0.009/c0.001_s0.009_gtrgamma/c0.001_s0.009_gtrgamma_base-snps-concat_pop	population	0.2	nonrandom	20	0.8572260318281796
simulation/sim_c0.001_s0.009/c0.001_s0.009_gtrgamma/c0.001_s0.009_gtrgamma_base-snps-concat_pop	population	0.2	nonrandom_weighted	1	0.8284919453969075
simulation/sim_c0.001_s0.009/c0.001_s0.009_gtrgamma/c0.001_s0.009_gtrgamma_base-snps-concat_pop	population	0.2	nonrandom_weighted	2	0.8392730095077938
simulation/sim_c0.001_s0.009/c0.001_s0.009_gtrgamma/c0.001_s0.009_gtrgamma_base-snps-concat_pop	population	0.2	nonrandom_weighted	3	0.8345733324707253
simulation/sim_c0.001_s0.009/c0.001_s0.009_gtrgamma/c0.001_s0.009_gtrgamma_base-snps-concat_pop	population	0.2	nonrandom_weighted	4	0.8451141434391773
simulation/sim_c0.001_s0.009/c0.001_s0.009_gtrgamma/c0.001_s0.009_gtrgamma_base-snps-concat_pop	population	0.2	nonrandom_weighted	5	0.8342498544348839
simulation/sim_c0.001_s0.009/c0.001_s0.009_gtrgamma/c0.001_s0.009_gtrgamma_base-snps-concat_pop	population	0.2	nonrandom_weighted	6	0.8211813417868926
simulation/sim_c0.001_s0.009/c0.001_s0.009_gtrgamma/c0.001_s0.009_gtrgamma_base-snps-concat_pop	population	0.2	nonrandom_weighted	7	0.8367729831144465
simulation/sim_c0.001_s0.009/c0.001_s0.009_gtrgamma/c0.001_s0.009_gtrgamma_base-snps-concat_pop	population	0.2	nonrandom_weighted	8	0.8305654281098546
simulation/sim_c0.001_s0.009/c0.001_s0.009_gtrgamma/c0.001_s0.009_gtrgamma_base-snps-concat_pop	population	0.2	nonrandom_weighted	9	0.8278449893252248
simulation/sim_c0.001_s0.009/c0.001_s0.009_gtrgamma/c0.001_s0.009_gtrgamma_base-snps-concat_pop	population	0.2	nonrandom_weighted	10	0.8245455133596429
simulation/sim_c0.001_s0.009/c0.001_s0.009_gtrgamma/c0.001_s0.009_gtrgamma_base-snps-concat_pop	population	0.2	nonrandom_weighted	11	0.8404606327230381
simulation/sim_c0.001_s0.009/c0.001_s0.009_gtrgamma/c0.001_s0.009_gtrgamma_base-snps-concat_pop	population	0.2	nonrandom_weighted	12	0.8390433096315449
simulation/sim_c0.001_s0.009/c0.001_s0.009_gtrgamma/c0.001_s0.009_gtrgamma_base-snps-concat_pop	population	0.2	nonrandom_weighted	13	0.8292682926829268
simulation/sim_c0.001_s0.009/c0.001_s0.009_gtrgamma/c0.001_s0.009_gtrgamma_base-snps-concat_pop	population	0.2	nonrandom_weighted	14	0.8383256776864851
simulation/sim_c0.001_s0.009/c0.001_s0.009_gtrgamma/c0.001_s0.009_gtrgamma_base-snps-concat_pop	population	0.2	nonrandom_weighted	15	0.8291389014685903
simulation/sim_c0.001_s0.009/c0.001_s0.009_gtrgamma/c0.001_s0.009_gtrgamma_base-snps-concat_pop	population	0.2	nonrandom_weighted	16	0.8362554182571004
simulation/sim_c0.001_s0.009/c0.001_s0.009_gtrgamma/c0.001_s0.009_gtrgamma_base-snps-concat_pop	population	0.2	nonrandom_weighted	17	0.8287396480331263
simulation/sim_c0.001_s0.009/c0.001_s0.009_gtrgamma/c0.001_s0.009_gtrgamma_base-snps-concat_pop	population	0.2	nonrandom_weighted	18	0.8242220353238016
simulation/sim_c0.001_s0.009/c0.001_s0.009_gtrgamma/c0.001_s0.009_gtrgamma_base-snps-concat_pop	population	0.2	nonrandom_weighted	19	0.8374613003095975
simulation/sim_c0.001_s0.009/c0.001_s0.009_gtrgamma/c0.001_s0.009_gtrgamma_base-snps-concat_pop	population	0.2	nonrandom_weighted	20	0.8568287635799275
