simulation/sim_c0.008_s0.002/c0.008_s0.002_gtr/c0.008_s0.002_gtr_base-snps-concat_popWrong	population2	0.2	random	1	0.9700909863677865
simulation/sim_c0.008_s0.002/c0.008_s0.002_gtr/c0.008_s0.002_gtr_base-snps-concat_popWrong	population2	0.2	random	2	0.9672835633626098
simulation/sim_c0.008_s0.002/c0.008_s0.002_gtr/c0.008_s0.002_gtr_base-snps-concat_popWrong	population2	0.2	random	3	0.969570368522791
simulation/sim_c0.008_s0.002/c0.008_s0.002_gtr/c0.008_s0.002_gtr_base-snps-concat_popWrong	population2	0.2	random	4	0.9689254021510771
simulation/sim_c0.008_s0.002/c0.008_s0.002_gtr/c0.008_s0.002_gtr_base-snps-concat_popWrong	population2	0.2	random	5	0.9679509248536822
simulation/sim_c0.008_s0.002/c0.008_s0.002_gtr/c0.008_s0.002_gtr_base-snps-concat_popWrong	population2	0.2	random	6	0.9678499874780867
simulation/sim_c0.008_s0.002/c0.008_s0.002_gtr/c0.008_s0.002_gtr_base-snps-concat_popWrong	population2	0.2	random	7	0.9687216539989365
simulation/sim_c0.008_s0.002/c0.008_s0.002_gtr/c0.008_s0.002_gtr_base-snps-concat_popWrong	population2	0.2	random	8	0.9686760493212107
simulation/sim_c0.008_s0.002/c0.008_s0.002_gtr/c0.008_s0.002_gtr_base-snps-concat_popWrong	population2	0.2	random	9	0.9696446509291813
simulation/sim_c0.008_s0.002/c0.008_s0.002_gtr/c0.008_s0.002_gtr_base-snps-concat_popWrong	population2	0.2	random	10	0.9680137844611529
simulation/sim_c0.008_s0.002/c0.008_s0.002_gtr/c0.008_s0.002_gtr_base-snps-concat_popWrong	population2	0.2	random	11	0.9693661093087098
simulation/sim_c0.008_s0.002/c0.008_s0.002_gtr/c0.008_s0.002_gtr_base-snps-concat_popWrong	population2	0.2	random	12	0.9682439867945292
simulation/sim_c0.008_s0.002/c0.008_s0.002_gtr/c0.008_s0.002_gtr_base-snps-concat_popWrong	population2	0.2	random	13	0.9688593203398301
simulation/sim_c0.008_s0.002/c0.008_s0.002_gtr/c0.008_s0.002_gtr_base-snps-concat_popWrong	population2	0.2	random	14	0.968416453404906
simulation/sim_c0.008_s0.002/c0.008_s0.002_gtr/c0.008_s0.002_gtr_base-snps-concat_popWrong	population2	0.2	random	15	0.9691141460969803
simulation/sim_c0.008_s0.002/c0.008_s0.002_gtr/c0.008_s0.002_gtr_base-snps-concat_popWrong	population2	0.2	random	16	0.9686223137144818
simulation/sim_c0.008_s0.002/c0.008_s0.002_gtr/c0.008_s0.002_gtr_base-snps-concat_popWrong	population2	0.2	random	17	0.9703196347031964
simulation/sim_c0.008_s0.002/c0.008_s0.002_gtr/c0.008_s0.002_gtr_base-snps-concat_popWrong	population2	0.2	random	18	0.9683296495105779
simulation/sim_c0.008_s0.002/c0.008_s0.002_gtr/c0.008_s0.002_gtr_base-snps-concat_popWrong	population2	0.2	random	19	0.9678332555607404
simulation/sim_c0.008_s0.002/c0.008_s0.002_gtr/c0.008_s0.002_gtr_base-snps-concat_popWrong	population2	0.2	random	20	0.9695120071518851
simulation/sim_c0.008_s0.002/c0.008_s0.002_gtr/c0.008_s0.002_gtr_base-snps-concat_popWrong	population2	0.2	nonrandom	1	0.9676109566792641
simulation/sim_c0.008_s0.002/c0.008_s0.002_gtr/c0.008_s0.002_gtr_base-snps-concat_popWrong	population2	0.2	nonrandom	2	0.9680249804839969
simulation/sim_c0.008_s0.002/c0.008_s0.002_gtr/c0.008_s0.002_gtr_base-snps-concat_popWrong	population2	0.2	nonrandom	3	0.9659293001778415
simulation/sim_c0.008_s0.002/c0.008_s0.002_gtr/c0.008_s0.002_gtr_base-snps-concat_popWrong	population2	0.2	nonrandom	4	0.9686884784850474
simulation/sim_c0.008_s0.002/c0.008_s0.002_gtr/c0.008_s0.002_gtr_base-snps-concat_popWrong	population2	0.2	nonrandom	5	0.9644698603168651
simulation/sim_c0.008_s0.002/c0.008_s0.002_gtr/c0.008_s0.002_gtr_base-snps-concat_popWrong	population2	0.2	nonrandom	6	0.9654073310209056
simulation/sim_c0.008_s0.002/c0.008_s0.002_gtr/c0.008_s0.002_gtr_base-snps-concat_popWrong	population2	0.2	nonrandom	7	0.9659698134433299
simulation/sim_c0.008_s0.002/c0.008_s0.002_gtr/c0.008_s0.002_gtr_base-snps-concat_popWrong	population2	0.2	nonrandom	8	0.9673770389350665
simulation/sim_c0.008_s0.002/c0.008_s0.002_gtr/c0.008_s0.002_gtr_base-snps-concat_popWrong	population2	0.2	nonrandom	9	0.9683447392268991
simulation/sim_c0.008_s0.002/c0.008_s0.002_gtr/c0.008_s0.002_gtr_base-snps-concat_popWrong	population2	0.2	nonrandom	10	0.9692509609074716
simulation/sim_c0.008_s0.002/c0.008_s0.002_gtr/c0.008_s0.002_gtr_base-snps-concat_popWrong	population2	0.2	nonrandom	11	0.9675182709725779
simulation/sim_c0.008_s0.002/c0.008_s0.002_gtr/c0.008_s0.002_gtr_base-snps-concat_popWrong	population2	0.2	nonrandom	12	0.9664072997718821
simulation/sim_c0.008_s0.002/c0.008_s0.002_gtr/c0.008_s0.002_gtr_base-snps-concat_popWrong	population2	0.2	nonrandom	13	0.9685634823911753
simulation/sim_c0.008_s0.002/c0.008_s0.002_gtr/c0.008_s0.002_gtr_base-snps-concat_popWrong	population2	0.2	nonrandom	14	0.9706727465800488
simulation/sim_c0.008_s0.002/c0.008_s0.002_gtr/c0.008_s0.002_gtr_base-snps-concat_popWrong	population2	0.2	nonrandom	15	0.9671885253585826
simulation/sim_c0.008_s0.002/c0.008_s0.002_gtr/c0.008_s0.002_gtr_base-snps-concat_popWrong	population2	0.2	nonrandom	16	0.9703134277053842
simulation/sim_c0.008_s0.002/c0.008_s0.002_gtr/c0.008_s0.002_gtr_base-snps-concat_popWrong	population2	0.2	nonrandom	17	0.9655269320843092
simulation/sim_c0.008_s0.002/c0.008_s0.002_gtr/c0.008_s0.002_gtr_base-snps-concat_popWrong	population2	0.2	nonrandom	18	0.968063498015687
simulation/sim_c0.008_s0.002/c0.008_s0.002_gtr/c0.008_s0.002_gtr_base-snps-concat_popWrong	population2	0.2	nonrandom	19	0.9655625
simulation/sim_c0.008_s0.002/c0.008_s0.002_gtr/c0.008_s0.002_gtr_base-snps-concat_popWrong	population2	0.2	nonrandom	20	0.9659698134433299
simulation/sim_c0.008_s0.002/c0.008_s0.002_gtr/c0.008_s0.002_gtr_base-snps-concat_popWrong	population2	0.2	nonrandom_weighted	1	0.9703125
simulation/sim_c0.008_s0.002/c0.008_s0.002_gtr/c0.008_s0.002_gtr_base-snps-concat_popWrong	population2	0.2	nonrandom_weighted	2	0.9675947626636667
simulation/sim_c0.008_s0.002/c0.008_s0.002_gtr/c0.008_s0.002_gtr_base-snps-concat_popWrong	population2	0.2	nonrandom_weighted	3	0.9676572607106028
simulation/sim_c0.008_s0.002/c0.008_s0.002_gtr/c0.008_s0.002_gtr_base-snps-concat_popWrong	population2	0.2	nonrandom_weighted	4	0.9662510546545421
simulation/sim_c0.008_s0.002/c0.008_s0.002_gtr/c0.008_s0.002_gtr_base-snps-concat_popWrong	population2	0.2	nonrandom_weighted	5	0.9675225407918135
simulation/sim_c0.008_s0.002/c0.008_s0.002_gtr/c0.008_s0.002_gtr_base-snps-concat_popWrong	population2	0.2	nonrandom_weighted	6	0.9646886034811412
simulation/sim_c0.008_s0.002/c0.008_s0.002_gtr/c0.008_s0.002_gtr_base-snps-concat_popWrong	population2	0.2	nonrandom_weighted	7	0.9714883517581663
simulation/sim_c0.008_s0.002/c0.008_s0.002_gtr/c0.008_s0.002_gtr_base-snps-concat_popWrong	population2	0.2	nonrandom_weighted	8	0.9682455428232429
simulation/sim_c0.008_s0.002/c0.008_s0.002_gtr/c0.008_s0.002_gtr_base-snps-concat_popWrong	population2	0.2	nonrandom_weighted	9	0.9670789605197402
simulation/sim_c0.008_s0.002/c0.008_s0.002_gtr/c0.008_s0.002_gtr_base-snps-concat_popWrong	population2	0.2	nonrandom_weighted	10	0.9658154345654346
simulation/sim_c0.008_s0.002/c0.008_s0.002_gtr/c0.008_s0.002_gtr_base-snps-concat_popWrong	population2	0.2	nonrandom_weighted	11	0.9640636230117808
simulation/sim_c0.008_s0.002/c0.008_s0.002_gtr/c0.008_s0.002_gtr_base-snps-concat_popWrong	population2	0.2	nonrandom_weighted	12	0.96871875
simulation/sim_c0.008_s0.002/c0.008_s0.002_gtr/c0.008_s0.002_gtr_base-snps-concat_popWrong	population2	0.2	nonrandom_weighted	13	0.967732866870744
simulation/sim_c0.008_s0.002/c0.008_s0.002_gtr/c0.008_s0.002_gtr_base-snps-concat_popWrong	population2	0.2	nonrandom_weighted	14	0.9672663668165917
simulation/sim_c0.008_s0.002/c0.008_s0.002_gtr/c0.008_s0.002_gtr_base-snps-concat_popWrong	population2	0.2	nonrandom_weighted	15	0.96815625
simulation/sim_c0.008_s0.002/c0.008_s0.002_gtr/c0.008_s0.002_gtr_base-snps-concat_popWrong	population2	0.2	nonrandom_weighted	16	0.9688447236023874
simulation/sim_c0.008_s0.002/c0.008_s0.002_gtr/c0.008_s0.002_gtr_base-snps-concat_popWrong	population2	0.2	nonrandom_weighted	17	0.9673125
simulation/sim_c0.008_s0.002/c0.008_s0.002_gtr/c0.008_s0.002_gtr_base-snps-concat_popWrong	population2	0.2	nonrandom_weighted	18	0.9676261238761239
simulation/sim_c0.008_s0.002/c0.008_s0.002_gtr/c0.008_s0.002_gtr_base-snps-concat_popWrong	population2	0.2	nonrandom_weighted	19	0.9683753746253746
simulation/sim_c0.008_s0.002/c0.008_s0.002_gtr/c0.008_s0.002_gtr_base-snps-concat_popWrong	population2	0.2	nonrandom_weighted	20	0.9693826543364159
