simulation/sim_c0.006_s0.004/c0.006_s0.004_gtr/c0.006_s0.004_gtr_base-snps-concat_phyloqr	phyloqr	0.2	random	1	0.9996868247157934
simulation/sim_c0.006_s0.004/c0.006_s0.004_gtr/c0.006_s0.004_gtr_base-snps-concat_phyloqr	phyloqr	0.2	random	2	0.9993429697766097
simulation/sim_c0.006_s0.004/c0.006_s0.004_gtr/c0.006_s0.004_gtr_base-snps-concat_phyloqr	phyloqr	0.2	random	3	0.9994692641503543
simulation/sim_c0.006_s0.004/c0.006_s0.004_gtr/c0.006_s0.004_gtr_base-snps-concat_phyloqr	phyloqr	0.2	random	4	0.9995605499403604
simulation/sim_c0.006_s0.004/c0.006_s0.004_gtr/c0.006_s0.004_gtr_base-snps-concat_phyloqr	phyloqr	0.2	random	5	0.9996562822235415
simulation/sim_c0.006_s0.004/c0.006_s0.004_gtr/c0.006_s0.004_gtr_base-snps-concat_phyloqr	phyloqr	0.2	random	6	0.9995604395604396
simulation/sim_c0.006_s0.004/c0.006_s0.004_gtr/c0.006_s0.004_gtr_base-snps-concat_phyloqr	phyloqr	0.2	random	7	0.99962421319638
simulation/sim_c0.006_s0.004/c0.006_s0.004_gtr/c0.006_s0.004_gtr_base-snps-concat_phyloqr	phyloqr	0.2	random	8	0.9994348153730218
simulation/sim_c0.006_s0.004/c0.006_s0.004_gtr/c0.006_s0.004_gtr_base-snps-concat_phyloqr	phyloqr	0.2	random	9	0.9994972189925525
simulation/sim_c0.006_s0.004/c0.006_s0.004_gtr/c0.006_s0.004_gtr_base-snps-concat_phyloqr	phyloqr	0.2	random	10	0.9994682015828823
simulation/sim_c0.006_s0.004/c0.006_s0.004_gtr/c0.006_s0.004_gtr_base-snps-concat_phyloqr	phyloqr	0.2	random	11	0.9995618427641462
simulation/sim_c0.006_s0.004/c0.006_s0.004_gtr/c0.006_s0.004_gtr_base-snps-concat_phyloqr	phyloqr	0.2	random	12	0.9995038298136261
simulation/sim_c0.006_s0.004/c0.006_s0.004_gtr/c0.006_s0.004_gtr_base-snps-concat_phyloqr	phyloqr	0.2	random	13	0.9996305418719211
simulation/sim_c0.006_s0.004/c0.006_s0.004_gtr/c0.006_s0.004_gtr_base-snps-concat_phyloqr	phyloqr	0.2	random	14	0.9996874413952617
simulation/sim_c0.006_s0.004/c0.006_s0.004_gtr/c0.006_s0.004_gtr_base-snps-concat_phyloqr	phyloqr	0.2	random	15	0.999561142283941
simulation/sim_c0.006_s0.004/c0.006_s0.004_gtr/c0.006_s0.004_gtr_base-snps-concat_phyloqr	phyloqr	0.2	random	16	0.9996238362433779
simulation/sim_c0.006_s0.004/c0.006_s0.004_gtr/c0.006_s0.004_gtr_base-snps-concat_phyloqr	phyloqr	0.2	random	17	0.9994094977623074
simulation/sim_c0.006_s0.004/c0.006_s0.004_gtr/c0.006_s0.004_gtr_base-snps-concat_phyloqr	phyloqr	0.2	random	18	0.9995633187772925
simulation/sim_c0.006_s0.004/c0.006_s0.004_gtr/c0.006_s0.004_gtr_base-snps-concat_phyloqr	phyloqr	0.2	random	19	0.9994978028876333
simulation/sim_c0.006_s0.004/c0.006_s0.004_gtr/c0.006_s0.004_gtr_base-snps-concat_phyloqr	phyloqr	0.2	random	20	0.9995641480651287
simulation/sim_c0.006_s0.004/c0.006_s0.004_gtr/c0.006_s0.004_gtr_base-snps-concat_phyloqr	phyloqr	0.2	nonrandom	1	0.9998750039061279
simulation/sim_c0.006_s0.004/c0.006_s0.004_gtr/c0.006_s0.004_gtr_base-snps-concat_phyloqr	phyloqr	0.2	nonrandom	2	0.9994687666010437
simulation/sim_c0.006_s0.004/c0.006_s0.004_gtr/c0.006_s0.004_gtr_base-snps-concat_phyloqr	phyloqr	0.2	nonrandom	3	0.9999062997782429
simulation/sim_c0.006_s0.004/c0.006_s0.004_gtr/c0.006_s0.004_gtr_base-snps-concat_phyloqr	phyloqr	0.2	nonrandom	4	0.9998750156230471
simulation/sim_c0.006_s0.004/c0.006_s0.004_gtr/c0.006_s0.004_gtr_base-snps-concat_phyloqr	phyloqr	0.2	nonrandom	5	0.9998437548826599
simulation/sim_c0.006_s0.004/c0.006_s0.004_gtr/c0.006_s0.004_gtr_base-snps-concat_phyloqr	phyloqr	0.2	nonrandom	6	0.9993751171655315
simulation/sim_c0.006_s0.004/c0.006_s0.004_gtr/c0.006_s0.004_gtr_base-snps-concat_phyloqr	phyloqr	0.2	nonrandom	7	0.9999375
simulation/sim_c0.006_s0.004/c0.006_s0.004_gtr/c0.006_s0.004_gtr_base-snps-concat_phyloqr	phyloqr	0.2	nonrandom	8	0.9999375936095857
simulation/sim_c0.006_s0.004/c0.006_s0.004_gtr/c0.006_s0.004_gtr_base-snps-concat_phyloqr	phyloqr	0.2	nonrandom	9	0.9985000468735352
simulation/sim_c0.006_s0.004/c0.006_s0.004_gtr/c0.006_s0.004_gtr_base-snps-concat_phyloqr	phyloqr	0.2	nonrandom	10	0.99953125
simulation/sim_c0.006_s0.004/c0.006_s0.004_gtr/c0.006_s0.004_gtr_base-snps-concat_phyloqr	phyloqr	0.2	nonrandom	11	0.9978750664041749
simulation/sim_c0.006_s0.004/c0.006_s0.004_gtr/c0.006_s0.004_gtr_base-snps-concat_phyloqr	phyloqr	0.2	nonrandom	12	0.9999375
simulation/sim_c0.006_s0.004/c0.006_s0.004_gtr/c0.006_s0.004_gtr_base-snps-concat_phyloqr	phyloqr	0.2	nonrandom	13	0.9998125
simulation/sim_c0.006_s0.004/c0.006_s0.004_gtr/c0.006_s0.004_gtr_base-snps-concat_phyloqr	phyloqr	0.2	nonrandom	14	0.9975938251929627
simulation/sim_c0.006_s0.004/c0.006_s0.004_gtr/c0.006_s0.004_gtr_base-snps-concat_phyloqr	phyloqr	0.2	nonrandom	15	0.9995000156245117
simulation/sim_c0.006_s0.004/c0.006_s0.004_gtr/c0.006_s0.004_gtr_base-snps-concat_phyloqr	phyloqr	0.2	nonrandom	16	0.9999687597625742
simulation/sim_c0.006_s0.004/c0.006_s0.004_gtr/c0.006_s0.004_gtr_base-snps-concat_phyloqr	phyloqr	0.2	nonrandom	17	0.9998437548826599
simulation/sim_c0.006_s0.004/c0.006_s0.004_gtr/c0.006_s0.004_gtr_base-snps-concat_phyloqr	phyloqr	0.2	nonrandom	18	0.9976250742164308
simulation/sim_c0.006_s0.004/c0.006_s0.004_gtr/c0.006_s0.004_gtr_base-snps-concat_phyloqr	phyloqr	0.2	nonrandom	19	0.9999687558582766
simulation/sim_c0.006_s0.004/c0.006_s0.004_gtr/c0.006_s0.004_gtr_base-snps-concat_phyloqr	phyloqr	0.2	nonrandom	20	0.9992816540695859
simulation/sim_c0.006_s0.004/c0.006_s0.004_gtr/c0.006_s0.004_gtr_base-snps-concat_phyloqr	phyloqr	0.2	nonrandom_weighted	1	0.9997500078122559
simulation/sim_c0.006_s0.004/c0.006_s0.004_gtr/c0.006_s0.004_gtr_base-snps-concat_phyloqr	phyloqr	0.2	nonrandom_weighted	2	0.9998750039061279
simulation/sim_c0.006_s0.004/c0.006_s0.004_gtr/c0.006_s0.004_gtr_base-snps-concat_phyloqr	phyloqr	0.2	nonrandom_weighted	3	0.9995937626949157
simulation/sim_c0.006_s0.004/c0.006_s0.004_gtr/c0.006_s0.004_gtr_base-snps-concat_phyloqr	phyloqr	0.2	nonrandom_weighted	4	0.9998125761409428
simulation/sim_c0.006_s0.004/c0.006_s0.004_gtr/c0.006_s0.004_gtr_base-snps-concat_phyloqr	phyloqr	0.2	nonrandom_weighted	5	0.9998125
simulation/sim_c0.006_s0.004/c0.006_s0.004_gtr/c0.006_s0.004_gtr_base-snps-concat_phyloqr	phyloqr	0.2	nonrandom_weighted	6	0.999906352427033
simulation/sim_c0.006_s0.004/c0.006_s0.004_gtr/c0.006_s0.004_gtr_base-snps-concat_phyloqr	phyloqr	0.2	nonrandom_weighted	7	0.99990625
simulation/sim_c0.006_s0.004/c0.006_s0.004_gtr/c0.006_s0.004_gtr_base-snps-concat_phyloqr	phyloqr	0.2	nonrandom_weighted	8	0.99978125
simulation/sim_c0.006_s0.004/c0.006_s0.004_gtr/c0.006_s0.004_gtr_base-snps-concat_phyloqr	phyloqr	0.2	nonrandom_weighted	9	0.9998750039061279
simulation/sim_c0.006_s0.004/c0.006_s0.004_gtr/c0.006_s0.004_gtr_base-snps-concat_phyloqr	phyloqr	0.2	nonrandom_weighted	10	0.9997189432265318
simulation/sim_c0.006_s0.004/c0.006_s0.004_gtr/c0.006_s0.004_gtr_base-snps-concat_phyloqr	phyloqr	0.2	nonrandom_weighted	11	0.9998437548826599
simulation/sim_c0.006_s0.004/c0.006_s0.004_gtr/c0.006_s0.004_gtr_base-snps-concat_phyloqr	phyloqr	0.2	nonrandom_weighted	12	0.9997188027244892
simulation/sim_c0.006_s0.004/c0.006_s0.004_gtr/c0.006_s0.004_gtr_base-snps-concat_phyloqr	phyloqr	0.2	nonrandom_weighted	13	0.9998438719750196
simulation/sim_c0.006_s0.004/c0.006_s0.004_gtr/c0.006_s0.004_gtr_base-snps-concat_phyloqr	phyloqr	0.2	nonrandom_weighted	14	0.9991562763663635
simulation/sim_c0.006_s0.004/c0.006_s0.004_gtr/c0.006_s0.004_gtr_base-snps-concat_phyloqr	phyloqr	0.2	nonrandom_weighted	15	0.998062560544983
simulation/sim_c0.006_s0.004/c0.006_s0.004_gtr/c0.006_s0.004_gtr_base-snps-concat_phyloqr	phyloqr	0.2	nonrandom_weighted	16	0.998093809568451
simulation/sim_c0.006_s0.004/c0.006_s0.004_gtr/c0.006_s0.004_gtr_base-snps-concat_phyloqr	phyloqr	0.2	nonrandom_weighted	17	0.9998750039061279
simulation/sim_c0.006_s0.004/c0.006_s0.004_gtr/c0.006_s0.004_gtr_base-snps-concat_phyloqr	phyloqr	0.2	nonrandom_weighted	18	0.9980638915779284
simulation/sim_c0.006_s0.004/c0.006_s0.004_gtr/c0.006_s0.004_gtr_base-snps-concat_phyloqr	phyloqr	0.2	nonrandom_weighted	19	0.9998126697680227
simulation/sim_c0.006_s0.004/c0.006_s0.004_gtr/c0.006_s0.004_gtr_base-snps-concat_phyloqr	phyloqr	0.2	nonrandom_weighted	20	0.9986880329865991
