simulation/sim_c0.009_s0.001/c0.009_s0.001_gtr/c0.009_s0.001_gtr_base-snps-concat_nmf	nmf	0.2	random	1	0.9743549352572383
simulation/sim_c0.009_s0.001/c0.009_s0.001_gtr/c0.009_s0.001_gtr_base-snps-concat_nmf	nmf	0.2	random	2	0.9757252626626941
simulation/sim_c0.009_s0.001/c0.009_s0.001_gtr/c0.009_s0.001_gtr_base-snps-concat_nmf	nmf	0.2	random	3	0.9751409613407682
simulation/sim_c0.009_s0.001/c0.009_s0.001_gtr/c0.009_s0.001_gtr_base-snps-concat_nmf	nmf	0.2	random	4	0.9746658377370221
simulation/sim_c0.009_s0.001/c0.009_s0.001_gtr/c0.009_s0.001_gtr_base-snps-concat_nmf	nmf	0.2	random	5	0.9738488488488488
simulation/sim_c0.009_s0.001/c0.009_s0.001_gtr/c0.009_s0.001_gtr_base-snps-concat_nmf	nmf	0.2	random	6	0.9742487933987234
simulation/sim_c0.009_s0.001/c0.009_s0.001_gtr/c0.009_s0.001_gtr_base-snps-concat_nmf	nmf	0.2	random	7	0.9742540228089361
simulation/sim_c0.009_s0.001/c0.009_s0.001_gtr/c0.009_s0.001_gtr_base-snps-concat_nmf	nmf	0.2	random	8	0.973916859991222
simulation/sim_c0.009_s0.001/c0.009_s0.001_gtr/c0.009_s0.001_gtr_base-snps-concat_nmf	nmf	0.2	random	9	0.9739730713019683
simulation/sim_c0.009_s0.001/c0.009_s0.001_gtr/c0.009_s0.001_gtr_base-snps-concat_nmf	nmf	0.2	random	10	0.9761897341602518
simulation/sim_c0.009_s0.001/c0.009_s0.001_gtr/c0.009_s0.001_gtr_base-snps-concat_nmf	nmf	0.2	random	11	0.9728405915413357
simulation/sim_c0.009_s0.001/c0.009_s0.001_gtr/c0.009_s0.001_gtr_base-snps-concat_nmf	nmf	0.2	random	12	0.9743733983373961
simulation/sim_c0.009_s0.001/c0.009_s0.001_gtr/c0.009_s0.001_gtr_base-snps-concat_nmf	nmf	0.2	random	13	0.9729881647565812
simulation/sim_c0.009_s0.001/c0.009_s0.001_gtr/c0.009_s0.001_gtr_base-snps-concat_nmf	nmf	0.2	random	14	0.973971058071791
simulation/sim_c0.009_s0.001/c0.009_s0.001_gtr/c0.009_s0.001_gtr_base-snps-concat_nmf	nmf	0.2	random	15	0.9732476926914443
simulation/sim_c0.009_s0.001/c0.009_s0.001_gtr/c0.009_s0.001_gtr_base-snps-concat_nmf	nmf	0.2	random	16	0.9757927252096072
simulation/sim_c0.009_s0.001/c0.009_s0.001_gtr/c0.009_s0.001_gtr_base-snps-concat_nmf	nmf	0.2	random	17	0.9745741324921136
simulation/sim_c0.009_s0.001/c0.009_s0.001_gtr/c0.009_s0.001_gtr_base-snps-concat_nmf	nmf	0.2	random	18	0.9728193723745985
simulation/sim_c0.009_s0.001/c0.009_s0.001_gtr/c0.009_s0.001_gtr_base-snps-concat_nmf	nmf	0.2	random	19	0.9752612363086994
simulation/sim_c0.009_s0.001/c0.009_s0.001_gtr/c0.009_s0.001_gtr_base-snps-concat_nmf	nmf	0.2	random	20	0.9740829470147164
simulation/sim_c0.009_s0.001/c0.009_s0.001_gtr/c0.009_s0.001_gtr_base-snps-concat_nmf	nmf	0.2	nonrandom	1	0.97225
simulation/sim_c0.009_s0.001/c0.009_s0.001_gtr/c0.009_s0.001_gtr_base-snps-concat_nmf	nmf	0.2	nonrandom	2	0.9712009995314697
simulation/sim_c0.009_s0.001/c0.009_s0.001_gtr/c0.009_s0.001_gtr_base-snps-concat_nmf	nmf	0.2	nonrandom	3	0.9734778669832245
simulation/sim_c0.009_s0.001/c0.009_s0.001_gtr/c0.009_s0.001_gtr_base-snps-concat_nmf	nmf	0.2	nonrandom	4	0.9728513855478147
simulation/sim_c0.009_s0.001/c0.009_s0.001_gtr/c0.009_s0.001_gtr_base-snps-concat_nmf	nmf	0.2	nonrandom	5	0.9750007812255868
simulation/sim_c0.009_s0.001/c0.009_s0.001_gtr/c0.009_s0.001_gtr_base-snps-concat_nmf	nmf	0.2	nonrandom	6	0.9750156152404748
simulation/sim_c0.009_s0.001/c0.009_s0.001_gtr/c0.009_s0.001_gtr_base-snps-concat_nmf	nmf	0.2	nonrandom	7	0.9757507577888191
simulation/sim_c0.009_s0.001/c0.009_s0.001_gtr/c0.009_s0.001_gtr_base-snps-concat_nmf	nmf	0.2	nonrandom	8	0.9747744372639006
simulation/sim_c0.009_s0.001/c0.009_s0.001_gtr/c0.009_s0.001_gtr_base-snps-concat_nmf	nmf	0.2	nonrandom	9	0.9725633573950814
simulation/sim_c0.009_s0.001/c0.009_s0.001_gtr/c0.009_s0.001_gtr_base-snps-concat_nmf	nmf	0.2	nonrandom	10	0.9762819911877754
simulation/sim_c0.009_s0.001/c0.009_s0.001_gtr/c0.009_s0.001_gtr_base-snps-concat_nmf	nmf	0.2	nonrandom	11	0.9721571200899972
simulation/sim_c0.009_s0.001/c0.009_s0.001_gtr/c0.009_s0.001_gtr_base-snps-concat_nmf	nmf	0.2	nonrandom	12	0.9726937960304581
simulation/sim_c0.009_s0.001/c0.009_s0.001_gtr/c0.009_s0.001_gtr_base-snps-concat_nmf	nmf	0.2	nonrandom	13	0.9741570575919503
simulation/sim_c0.009_s0.001/c0.009_s0.001_gtr/c0.009_s0.001_gtr_base-snps-concat_nmf	nmf	0.2	nonrandom	14	0.9748757851317147
simulation/sim_c0.009_s0.001/c0.009_s0.001_gtr/c0.009_s0.001_gtr_base-snps-concat_nmf	nmf	0.2	nonrandom	15	0.9740320614980782
simulation/sim_c0.009_s0.001/c0.009_s0.001_gtr/c0.009_s0.001_gtr_base-snps-concat_nmf	nmf	0.2	nonrandom	16	0.9720236050832111
simulation/sim_c0.009_s0.001/c0.009_s0.001_gtr/c0.009_s0.001_gtr_base-snps-concat_nmf	nmf	0.2	nonrandom	17	0.973375
simulation/sim_c0.009_s0.001/c0.009_s0.001_gtr/c0.009_s0.001_gtr_base-snps-concat_nmf	nmf	0.2	nonrandom	18	0.9732708821233411
simulation/sim_c0.009_s0.001/c0.009_s0.001_gtr/c0.009_s0.001_gtr_base-snps-concat_nmf	nmf	0.2	nonrandom	19	0.9726588132362591
simulation/sim_c0.009_s0.001/c0.009_s0.001_gtr/c0.009_s0.001_gtr_base-snps-concat_nmf	nmf	0.2	nonrandom	20	0.975861099834494
simulation/sim_c0.009_s0.001/c0.009_s0.001_gtr/c0.009_s0.001_gtr_base-snps-concat_nmf	nmf	0.2	nonrandom_weighted	1	0.9768125
simulation/sim_c0.009_s0.001/c0.009_s0.001_gtr/c0.009_s0.001_gtr_base-snps-concat_nmf	nmf	0.2	nonrandom_weighted	2	0.973625
simulation/sim_c0.009_s0.001/c0.009_s0.001_gtr/c0.009_s0.001_gtr_base-snps-concat_nmf	nmf	0.2	nonrandom_weighted	3	0.9747195400143746
simulation/sim_c0.009_s0.001/c0.009_s0.001_gtr/c0.009_s0.001_gtr_base-snps-concat_nmf	nmf	0.2	nonrandom_weighted	4	0.9743133027092903
simulation/sim_c0.009_s0.001/c0.009_s0.001_gtr/c0.009_s0.001_gtr_base-snps-concat_nmf	nmf	0.2	nonrandom_weighted	5	0.975532014624543
simulation/sim_c0.009_s0.001/c0.009_s0.001_gtr/c0.009_s0.001_gtr_base-snps-concat_nmf	nmf	0.2	nonrandom_weighted	6	0.9727508515358895
simulation/sim_c0.009_s0.001/c0.009_s0.001_gtr/c0.009_s0.001_gtr_base-snps-concat_nmf	nmf	0.2	nonrandom_weighted	7	0.974125
simulation/sim_c0.009_s0.001/c0.009_s0.001_gtr/c0.009_s0.001_gtr_base-snps-concat_nmf	nmf	0.2	nonrandom_weighted	8	0.97225
simulation/sim_c0.009_s0.001/c0.009_s0.001_gtr/c0.009_s0.001_gtr_base-snps-concat_nmf	nmf	0.2	nonrandom_weighted	9	0.9743125
simulation/sim_c0.009_s0.001/c0.009_s0.001_gtr/c0.009_s0.001_gtr_base-snps-concat_nmf	nmf	0.2	nonrandom_weighted	10	0.9704696728227243
simulation/sim_c0.009_s0.001/c0.009_s0.001_gtr/c0.009_s0.001_gtr_base-snps-concat_nmf	nmf	0.2	nonrandom_weighted	11	0.9738288569643972
simulation/sim_c0.009_s0.001/c0.009_s0.001_gtr/c0.009_s0.001_gtr_base-snps-concat_nmf	nmf	0.2	nonrandom_weighted	12	0.9726883534889534
simulation/sim_c0.009_s0.001/c0.009_s0.001_gtr/c0.009_s0.001_gtr_base-snps-concat_nmf	nmf	0.2	nonrandom_weighted	13	0.970625
simulation/sim_c0.009_s0.001/c0.009_s0.001_gtr/c0.009_s0.001_gtr_base-snps-concat_nmf	nmf	0.2	nonrandom_weighted	14	0.9750625
simulation/sim_c0.009_s0.001/c0.009_s0.001_gtr/c0.009_s0.001_gtr_base-snps-concat_nmf	nmf	0.2	nonrandom_weighted	15	0.9736258241929939
simulation/sim_c0.009_s0.001/c0.009_s0.001_gtr/c0.009_s0.001_gtr_base-snps-concat_nmf	nmf	0.2	nonrandom_weighted	16	0.974625
simulation/sim_c0.009_s0.001/c0.009_s0.001_gtr/c0.009_s0.001_gtr_base-snps-concat_nmf	nmf	0.2	nonrandom_weighted	17	0.9721883691134652
simulation/sim_c0.009_s0.001/c0.009_s0.001_gtr/c0.009_s0.001_gtr_base-snps-concat_nmf	nmf	0.2	nonrandom_weighted	18	0.9745632948970344
simulation/sim_c0.009_s0.001/c0.009_s0.001_gtr/c0.009_s0.001_gtr_base-snps-concat_nmf	nmf	0.2	nonrandom_weighted	19	0.97315625
simulation/sim_c0.009_s0.001/c0.009_s0.001_gtr/c0.009_s0.001_gtr_base-snps-concat_nmf	nmf	0.2	nonrandom_weighted	20	0.9762261793189628
