simulation/sim_c0.003_s0.007/c0.003_s0.007_gtr/c0.003_s0.007_gtr_base-snps-concat_popWrong	population2	0.2	random	1	0.931548543387788
simulation/sim_c0.003_s0.007/c0.003_s0.007_gtr/c0.003_s0.007_gtr_base-snps-concat_popWrong	population2	0.2	random	2	0.9359582691763818
simulation/sim_c0.003_s0.007/c0.003_s0.007_gtr/c0.003_s0.007_gtr_base-snps-concat_popWrong	population2	0.2	random	3	0.9339720108950879
simulation/sim_c0.003_s0.007/c0.003_s0.007_gtr/c0.003_s0.007_gtr_base-snps-concat_popWrong	population2	0.2	random	4	0.933536069222811
simulation/sim_c0.003_s0.007/c0.003_s0.007_gtr/c0.003_s0.007_gtr_base-snps-concat_popWrong	population2	0.2	random	5	0.9357954009248483
simulation/sim_c0.003_s0.007/c0.003_s0.007_gtr/c0.003_s0.007_gtr_base-snps-concat_popWrong	population2	0.2	random	6	0.9325786634234572
simulation/sim_c0.003_s0.007/c0.003_s0.007_gtr/c0.003_s0.007_gtr_base-snps-concat_popWrong	population2	0.2	random	7	0.936187424162285
simulation/sim_c0.003_s0.007/c0.003_s0.007_gtr/c0.003_s0.007_gtr_base-snps-concat_popWrong	population2	0.2	random	8	0.9336106122191764
simulation/sim_c0.003_s0.007/c0.003_s0.007_gtr/c0.003_s0.007_gtr_base-snps-concat_popWrong	population2	0.2	random	9	0.9340756395293821
simulation/sim_c0.003_s0.007/c0.003_s0.007_gtr/c0.003_s0.007_gtr_base-snps-concat_popWrong	population2	0.2	random	10	0.9340902710627281
simulation/sim_c0.003_s0.007/c0.003_s0.007_gtr/c0.003_s0.007_gtr_base-snps-concat_popWrong	population2	0.2	random	11	0.932866135384043
simulation/sim_c0.003_s0.007/c0.003_s0.007_gtr/c0.003_s0.007_gtr_base-snps-concat_popWrong	population2	0.2	random	12	0.9333789712792109
simulation/sim_c0.003_s0.007/c0.003_s0.007_gtr/c0.003_s0.007_gtr_base-snps-concat_popWrong	population2	0.2	random	13	0.9328977685193952
simulation/sim_c0.003_s0.007/c0.003_s0.007_gtr/c0.003_s0.007_gtr_base-snps-concat_popWrong	population2	0.2	random	14	0.9330756904515034
simulation/sim_c0.003_s0.007/c0.003_s0.007_gtr/c0.003_s0.007_gtr_base-snps-concat_popWrong	population2	0.2	random	15	0.9353254067584481
simulation/sim_c0.003_s0.007/c0.003_s0.007_gtr/c0.003_s0.007_gtr_base-snps-concat_popWrong	population2	0.2	random	16	0.9360898736152286
simulation/sim_c0.003_s0.007/c0.003_s0.007_gtr/c0.003_s0.007_gtr_base-snps-concat_popWrong	population2	0.2	random	17	0.9343778454582562
simulation/sim_c0.003_s0.007/c0.003_s0.007_gtr/c0.003_s0.007_gtr_base-snps-concat_popWrong	population2	0.2	random	18	0.9325677451655298
simulation/sim_c0.003_s0.007/c0.003_s0.007_gtr/c0.003_s0.007_gtr_base-snps-concat_popWrong	population2	0.2	random	19	0.9343507144647781
simulation/sim_c0.003_s0.007/c0.003_s0.007_gtr/c0.003_s0.007_gtr_base-snps-concat_popWrong	population2	0.2	random	20	0.9358352003983071
simulation/sim_c0.003_s0.007/c0.003_s0.007_gtr/c0.003_s0.007_gtr_base-snps-concat_popWrong	population2	0.2	nonrandom	1	0.9343093093093093
simulation/sim_c0.003_s0.007/c0.003_s0.007_gtr/c0.003_s0.007_gtr_base-snps-concat_popWrong	population2	0.2	nonrandom	2	0.9318089399105384
simulation/sim_c0.003_s0.007/c0.003_s0.007_gtr/c0.003_s0.007_gtr_base-snps-concat_popWrong	population2	0.2	nonrandom	3	0.9335606368669649
simulation/sim_c0.003_s0.007/c0.003_s0.007_gtr/c0.003_s0.007_gtr_base-snps-concat_popWrong	population2	0.2	nonrandom	4	0.9300531084036239
simulation/sim_c0.003_s0.007/c0.003_s0.007_gtr/c0.003_s0.007_gtr_base-snps-concat_popWrong	population2	0.2	nonrandom	5	0.9308370870870871
simulation/sim_c0.003_s0.007/c0.003_s0.007_gtr/c0.003_s0.007_gtr_base-snps-concat_popWrong	population2	0.2	nonrandom	6	0.9265538490412587
simulation/sim_c0.003_s0.007/c0.003_s0.007_gtr/c0.003_s0.007_gtr_base-snps-concat_popWrong	population2	0.2	nonrandom	7	0.9351660724338525
simulation/sim_c0.003_s0.007/c0.003_s0.007_gtr/c0.003_s0.007_gtr_base-snps-concat_popWrong	population2	0.2	nonrandom	8	0.927367664071538
simulation/sim_c0.003_s0.007/c0.003_s0.007_gtr/c0.003_s0.007_gtr_base-snps-concat_popWrong	population2	0.2	nonrandom	9	0.9317755255255256
simulation/sim_c0.003_s0.007/c0.003_s0.007_gtr/c0.003_s0.007_gtr_base-snps-concat_popWrong	population2	0.2	nonrandom	10	0.9262535950981619
simulation/sim_c0.003_s0.007/c0.003_s0.007_gtr/c0.003_s0.007_gtr_base-snps-concat_popWrong	population2	0.2	nonrandom	11	0.9346867277675248
simulation/sim_c0.003_s0.007/c0.003_s0.007_gtr/c0.003_s0.007_gtr_base-snps-concat_popWrong	population2	0.2	nonrandom	12	0.9301176176176176
simulation/sim_c0.003_s0.007/c0.003_s0.007_gtr/c0.003_s0.007_gtr_base-snps-concat_popWrong	population2	0.2	nonrandom	13	0.9378244823919435
simulation/sim_c0.003_s0.007/c0.003_s0.007_gtr/c0.003_s0.007_gtr_base-snps-concat_popWrong	population2	0.2	nonrandom	14	0.9339834958739685
simulation/sim_c0.003_s0.007/c0.003_s0.007_gtr/c0.003_s0.007_gtr_base-snps-concat_popWrong	population2	0.2	nonrandom	15	0.940848947417811
simulation/sim_c0.003_s0.007/c0.003_s0.007_gtr/c0.003_s0.007_gtr_base-snps-concat_popWrong	population2	0.2	nonrandom	16	0.9317755255255256
simulation/sim_c0.003_s0.007/c0.003_s0.007_gtr/c0.003_s0.007_gtr_base-snps-concat_popWrong	population2	0.2	nonrandom	17	0.9259664706618291
simulation/sim_c0.003_s0.007/c0.003_s0.007_gtr/c0.003_s0.007_gtr_base-snps-concat_popWrong	population2	0.2	nonrandom	18	0.9228964654363466
simulation/sim_c0.003_s0.007/c0.003_s0.007_gtr/c0.003_s0.007_gtr_base-snps-concat_popWrong	population2	0.2	nonrandom	19	0.9250523945071788
simulation/sim_c0.003_s0.007/c0.003_s0.007_gtr/c0.003_s0.007_gtr_base-snps-concat_popWrong	population2	0.2	nonrandom	20	0.9321737501171034
simulation/sim_c0.003_s0.007/c0.003_s0.007_gtr/c0.003_s0.007_gtr_base-snps-concat_popWrong	population2	0.2	nonrandom_weighted	1	0.9239310625254137
simulation/sim_c0.003_s0.007/c0.003_s0.007_gtr/c0.003_s0.007_gtr_base-snps-concat_popWrong	population2	0.2	nonrandom_weighted	2	0.9078202682842939
simulation/sim_c0.003_s0.007/c0.003_s0.007_gtr/c0.003_s0.007_gtr_base-snps-concat_popWrong	population2	0.2	nonrandom_weighted	3	0.9230480480480481
simulation/sim_c0.003_s0.007/c0.003_s0.007_gtr/c0.003_s0.007_gtr_base-snps-concat_popWrong	population2	0.2	nonrandom_weighted	4	0.926488513830286
simulation/sim_c0.003_s0.007/c0.003_s0.007_gtr/c0.003_s0.007_gtr_base-snps-concat_popWrong	population2	0.2	nonrandom_weighted	5	0.9273472196159379
simulation/sim_c0.003_s0.007/c0.003_s0.007_gtr/c0.003_s0.007_gtr_base-snps-concat_popWrong	population2	0.2	nonrandom_weighted	6	0.9277402402402403
simulation/sim_c0.003_s0.007/c0.003_s0.007_gtr/c0.003_s0.007_gtr_base-snps-concat_popWrong	population2	0.2	nonrandom_weighted	7	0.9179204854702994
simulation/sim_c0.003_s0.007/c0.003_s0.007_gtr/c0.003_s0.007_gtr_base-snps-concat_popWrong	population2	0.2	nonrandom_weighted	8	0.9223935687697457
simulation/sim_c0.003_s0.007/c0.003_s0.007_gtr/c0.003_s0.007_gtr_base-snps-concat_popWrong	population2	0.2	nonrandom_weighted	9	0.9309708494933067
simulation/sim_c0.003_s0.007/c0.003_s0.007_gtr/c0.003_s0.007_gtr_base-snps-concat_popWrong	population2	0.2	nonrandom_weighted	10	0.927238047590757
simulation/sim_c0.003_s0.007/c0.003_s0.007_gtr/c0.003_s0.007_gtr_base-snps-concat_popWrong	population2	0.2	nonrandom_weighted	11	0.9319653414245049
simulation/sim_c0.003_s0.007/c0.003_s0.007_gtr/c0.003_s0.007_gtr_base-snps-concat_popWrong	population2	0.2	nonrandom_weighted	12	0.9237699020926523
simulation/sim_c0.003_s0.007/c0.003_s0.007_gtr/c0.003_s0.007_gtr_base-snps-concat_popWrong	population2	0.2	nonrandom_weighted	13	0.9213300384747725
simulation/sim_c0.003_s0.007/c0.003_s0.007_gtr/c0.003_s0.007_gtr_base-snps-concat_popWrong	population2	0.2	nonrandom_weighted	14	0.9224561293753324
simulation/sim_c0.003_s0.007/c0.003_s0.007_gtr/c0.003_s0.007_gtr_base-snps-concat_popWrong	population2	0.2	nonrandom_weighted	15	0.9249820419126144
simulation/sim_c0.003_s0.007/c0.003_s0.007_gtr/c0.003_s0.007_gtr_base-snps-concat_popWrong	population2	0.2	nonrandom_weighted	16	0.9277737808501987
simulation/sim_c0.003_s0.007/c0.003_s0.007_gtr/c0.003_s0.007_gtr_base-snps-concat_popWrong	population2	0.2	nonrandom_weighted	17	0.931871500516125
simulation/sim_c0.003_s0.007/c0.003_s0.007_gtr/c0.003_s0.007_gtr_base-snps-concat_popWrong	population2	0.2	nonrandom_weighted	18	0.9241428928928929
simulation/sim_c0.003_s0.007/c0.003_s0.007_gtr/c0.003_s0.007_gtr_base-snps-concat_popWrong	population2	0.2	nonrandom_weighted	19	0.9278653653653653
simulation/sim_c0.003_s0.007/c0.003_s0.007_gtr/c0.003_s0.007_gtr_base-snps-concat_popWrong	population2	0.2	nonrandom_weighted	20	0.9201413869686259
