simulation/sim_c0.007_s0.003/c0.007_s0.003_gtr/c0.007_s0.003_gtr_base-snps-concat_phyloq	phyloq	0.2	random	1	0.9994352764008283
simulation/sim_c0.007_s0.003/c0.007_s0.003_gtr/c0.007_s0.003_gtr_base-snps-concat_phyloq	phyloq	0.2	random	2	0.9995006865559856
simulation/sim_c0.007_s0.003/c0.007_s0.003_gtr/c0.007_s0.003_gtr_base-snps-concat_phyloq	phyloq	0.2	random	3	0.9995924126038565
simulation/sim_c0.007_s0.003/c0.007_s0.003_gtr/c0.007_s0.003_gtr_base-snps-concat_phyloq	phyloq	0.2	random	4	0.999344651104731
simulation/sim_c0.007_s0.003/c0.007_s0.003_gtr/c0.007_s0.003_gtr_base-snps-concat_phyloq	phyloq	0.2	random	5	0.9995248202236513
simulation/sim_c0.007_s0.003/c0.007_s0.003_gtr/c0.007_s0.003_gtr_base-snps-concat_phyloq	phyloq	0.2	random	6	0.999498338245438
simulation/sim_c0.007_s0.003/c0.007_s0.003_gtr/c0.007_s0.003_gtr_base-snps-concat_phyloq	phyloq	0.2	random	7	0.9994383424862706
simulation/sim_c0.007_s0.003/c0.007_s0.003_gtr/c0.007_s0.003_gtr_base-snps-concat_phyloq	phyloq	0.2	random	8	0.999470008729268
simulation/sim_c0.007_s0.003/c0.007_s0.003_gtr/c0.007_s0.003_gtr_base-snps-concat_phyloq	phyloq	0.2	random	9	0.9995942698417652
simulation/sim_c0.007_s0.003/c0.007_s0.003_gtr/c0.007_s0.003_gtr_base-snps-concat_phyloq	phyloq	0.2	random	10	0.99946931385403
simulation/sim_c0.007_s0.003/c0.007_s0.003_gtr/c0.007_s0.003_gtr_base-snps-concat_phyloq	phyloq	0.2	random	11	0.9994071762870514
simulation/sim_c0.007_s0.003/c0.007_s0.003_gtr/c0.007_s0.003_gtr_base-snps-concat_phyloq	phyloq	0.2	random	12	0.99949609473419
simulation/sim_c0.007_s0.003/c0.007_s0.003_gtr/c0.007_s0.003_gtr_base-snps-concat_phyloq	phyloq	0.2	random	13	0.9995310155077539
simulation/sim_c0.007_s0.003/c0.007_s0.003_gtr/c0.007_s0.003_gtr_base-snps-concat_phyloq	phyloq	0.2	random	14	0.9993721747865394
simulation/sim_c0.007_s0.003/c0.007_s0.003_gtr/c0.007_s0.003_gtr_base-snps-concat_phyloq	phyloq	0.2	random	15	0.9996274217585693
simulation/sim_c0.007_s0.003/c0.007_s0.003_gtr/c0.007_s0.003_gtr_base-snps-concat_phyloq	phyloq	0.2	random	16	0.9994067320302255
simulation/sim_c0.007_s0.003/c0.007_s0.003_gtr/c0.007_s0.003_gtr_base-snps-concat_phyloq	phyloq	0.2	random	17	0.9995353879510609
simulation/sim_c0.007_s0.003/c0.007_s0.003_gtr/c0.007_s0.003_gtr_base-snps-concat_phyloq	phyloq	0.2	random	18	0.9995307954581001
simulation/sim_c0.007_s0.003/c0.007_s0.003_gtr/c0.007_s0.003_gtr_base-snps-concat_phyloq	phyloq	0.2	random	19	0.9994658958811147
simulation/sim_c0.007_s0.003/c0.007_s0.003_gtr/c0.007_s0.003_gtr_base-snps-concat_phyloq	phyloq	0.2	random	20	0.9992863127191486
simulation/sim_c0.007_s0.003/c0.007_s0.003_gtr/c0.007_s0.003_gtr_base-snps-concat_phyloq	phyloq	0.2	nonrandom	1	0.998125
simulation/sim_c0.007_s0.003/c0.007_s0.003_gtr/c0.007_s0.003_gtr_base-snps-concat_phyloq	phyloq	0.2	nonrandom	2	1.0
simulation/sim_c0.007_s0.003/c0.007_s0.003_gtr/c0.007_s0.003_gtr_base-snps-concat_phyloq	phyloq	0.2	nonrandom	3	0.9998750039061279
simulation/sim_c0.007_s0.003/c0.007_s0.003_gtr/c0.007_s0.003_gtr_base-snps-concat_phyloq	phyloq	0.2	nonrandom	4	0.9996876366589617
simulation/sim_c0.007_s0.003/c0.007_s0.003_gtr/c0.007_s0.003_gtr_base-snps-concat_phyloq	phyloq	0.2	nonrandom	5	0.9999687665927476
simulation/sim_c0.007_s0.003/c0.007_s0.003_gtr/c0.007_s0.003_gtr_base-snps-concat_phyloq	phyloq	0.2	nonrandom	6	0.9994687666010437
simulation/sim_c0.007_s0.003/c0.007_s0.003_gtr/c0.007_s0.003_gtr_base-snps-concat_phyloq	phyloq	0.2	nonrandom	7	0.99978125
simulation/sim_c0.007_s0.003/c0.007_s0.003_gtr/c0.007_s0.003_gtr_base-snps-concat_phyloq	phyloq	0.2	nonrandom	8	0.9987518721917125
simulation/sim_c0.007_s0.003/c0.007_s0.003_gtr/c0.007_s0.003_gtr_base-snps-concat_phyloq	phyloq	0.2	nonrandom	9	0.999656647001904
simulation/sim_c0.007_s0.003/c0.007_s0.003_gtr/c0.007_s0.003_gtr_base-snps-concat_phyloq	phyloq	0.2	nonrandom	10	0.999812710700462
simulation/sim_c0.007_s0.003/c0.007_s0.003_gtr/c0.007_s0.003_gtr_base-snps-concat_phyloq	phyloq	0.2	nonrandom	11	0.999937501953064
simulation/sim_c0.007_s0.003/c0.007_s0.003_gtr/c0.007_s0.003_gtr_base-snps-concat_phyloq	phyloq	0.2	nonrandom	12	0.9998750234331063
simulation/sim_c0.007_s0.003/c0.007_s0.003_gtr/c0.007_s0.003_gtr_base-snps-concat_phyloq	phyloq	0.2	nonrandom	13	0.997625
simulation/sim_c0.007_s0.003/c0.007_s0.003_gtr/c0.007_s0.003_gtr_base-snps-concat_phyloq	phyloq	0.2	nonrandom	14	0.9977188212868348
simulation/sim_c0.007_s0.003/c0.007_s0.003_gtr/c0.007_s0.003_gtr_base-snps-concat_phyloq	phyloq	0.2	nonrandom	15	0.9998750390502967
simulation/sim_c0.007_s0.003/c0.007_s0.003_gtr/c0.007_s0.003_gtr_base-snps-concat_phyloq	phyloq	0.2	nonrandom	16	0.9998125058591919
simulation/sim_c0.007_s0.003/c0.007_s0.003_gtr/c0.007_s0.003_gtr_base-snps-concat_phyloq	phyloq	0.2	nonrandom	17	0.9999062675748297
simulation/sim_c0.007_s0.003/c0.007_s0.003_gtr/c0.007_s0.003_gtr_base-snps-concat_phyloq	phyloq	0.2	nonrandom	18	0.9976599794078188
simulation/sim_c0.007_s0.003/c0.007_s0.003_gtr/c0.007_s0.003_gtr_base-snps-concat_phyloq	phyloq	0.2	nonrandom	19	0.9999687509765319
simulation/sim_c0.007_s0.003/c0.007_s0.003_gtr/c0.007_s0.003_gtr_base-snps-concat_phyloq	phyloq	0.2	nonrandom	20	0.9998750546635847
simulation/sim_c0.007_s0.003/c0.007_s0.003_gtr/c0.007_s0.003_gtr_base-snps-concat_phyloq	phyloq	0.2	nonrandom_weighted	1	0.9997812636710206
simulation/sim_c0.007_s0.003/c0.007_s0.003_gtr/c0.007_s0.003_gtr_base-snps-concat_phyloq	phyloq	0.2	nonrandom_weighted	2	0.9986877460476161
simulation/sim_c0.007_s0.003/c0.007_s0.003_gtr/c0.007_s0.003_gtr_base-snps-concat_phyloq	phyloq	0.2	nonrandom_weighted	3	0.9992189208610617
simulation/sim_c0.007_s0.003/c0.007_s0.003_gtr/c0.007_s0.003_gtr_base-snps-concat_phyloq	phyloq	0.2	nonrandom_weighted	4	0.99984375
simulation/sim_c0.007_s0.003/c0.007_s0.003_gtr/c0.007_s0.003_gtr_base-snps-concat_phyloq	phyloq	0.2	nonrandom_weighted	5	0.9999063173344159
simulation/sim_c0.007_s0.003/c0.007_s0.003_gtr/c0.007_s0.003_gtr_base-snps-concat_phyloq	phyloq	0.2	nonrandom_weighted	6	0.9985625449204713
simulation/sim_c0.007_s0.003/c0.007_s0.003_gtr/c0.007_s0.003_gtr_base-snps-concat_phyloq	phyloq	0.2	nonrandom_weighted	7	0.9999375936095857
simulation/sim_c0.007_s0.003/c0.007_s0.003_gtr/c0.007_s0.003_gtr_base-snps-concat_phyloq	phyloq	0.2	nonrandom_weighted	8	0.9996875097653198
simulation/sim_c0.007_s0.003/c0.007_s0.003_gtr/c0.007_s0.003_gtr_base-snps-concat_phyloq	phyloq	0.2	nonrandom_weighted	9	0.99978125
simulation/sim_c0.007_s0.003/c0.007_s0.003_gtr/c0.007_s0.003_gtr_base-snps-concat_phyloq	phyloq	0.2	nonrandom_weighted	10	0.9998751014800474
simulation/sim_c0.007_s0.003/c0.007_s0.003_gtr/c0.007_s0.003_gtr_base-snps-concat_phyloq	phyloq	0.2	nonrandom_weighted	11	0.99978125
simulation/sim_c0.007_s0.003/c0.007_s0.003_gtr/c0.007_s0.003_gtr_base-snps-concat_phyloq	phyloq	0.2	nonrandom_weighted	12	0.99984375
simulation/sim_c0.007_s0.003/c0.007_s0.003_gtr/c0.007_s0.003_gtr_base-snps-concat_phyloq	phyloq	0.2	nonrandom_weighted	13	0.9996875
simulation/sim_c0.007_s0.003/c0.007_s0.003_gtr/c0.007_s0.003_gtr_base-snps-concat_phyloq	phyloq	0.2	nonrandom_weighted	14	0.9996565826855234
simulation/sim_c0.007_s0.003/c0.007_s0.003_gtr/c0.007_s0.003_gtr_base-snps-concat_phyloq	phyloq	0.2	nonrandom_weighted	15	0.9999063611960797
simulation/sim_c0.007_s0.003/c0.007_s0.003_gtr/c0.007_s0.003_gtr_base-snps-concat_phyloq	phyloq	0.2	nonrandom_weighted	16	0.999937501953064
simulation/sim_c0.007_s0.003/c0.007_s0.003_gtr/c0.007_s0.003_gtr_base-snps-concat_phyloq	phyloq	0.2	nonrandom_weighted	17	0.999750265343073
simulation/sim_c0.007_s0.003/c0.007_s0.003_gtr/c0.007_s0.003_gtr_base-snps-concat_phyloq	phyloq	0.2	nonrandom_weighted	18	0.9996875292941286
simulation/sim_c0.007_s0.003/c0.007_s0.003_gtr/c0.007_s0.003_gtr_base-snps-concat_phyloq	phyloq	0.2	nonrandom_weighted	19	0.99940625
simulation/sim_c0.007_s0.003/c0.007_s0.003_gtr/c0.007_s0.003_gtr_base-snps-concat_phyloq	phyloq	0.2	nonrandom_weighted	20	0.9998750039061279
