simulation/sim_c0.002_s0.008/c0.002_s0.008_gtr/c0.002_s0.008_gtr_base-snps-concat_global	global	0.2	random	1	0.9169750450706898
simulation/sim_c0.002_s0.008/c0.002_s0.008_gtr/c0.002_s0.008_gtr_base-snps-concat_global	global	0.2	random	2	0.9167221218747029
simulation/sim_c0.002_s0.008/c0.002_s0.008_gtr/c0.002_s0.008_gtr_base-snps-concat_global	global	0.2	random	3	0.9140198706828576
simulation/sim_c0.002_s0.008/c0.002_s0.008_gtr/c0.002_s0.008_gtr_base-snps-concat_global	global	0.2	random	4	0.9159342877550387
simulation/sim_c0.002_s0.008/c0.002_s0.008_gtr/c0.002_s0.008_gtr_base-snps-concat_global	global	0.2	random	5	0.9165728580362726
simulation/sim_c0.002_s0.008/c0.002_s0.008_gtr/c0.002_s0.008_gtr_base-snps-concat_global	global	0.2	random	6	0.9182814610093905
simulation/sim_c0.002_s0.008/c0.002_s0.008_gtr/c0.002_s0.008_gtr_base-snps-concat_global	global	0.2	random	7	0.9153054480219054
simulation/sim_c0.002_s0.008/c0.002_s0.008_gtr/c0.002_s0.008_gtr_base-snps-concat_global	global	0.2	random	8	0.9182743668698549
simulation/sim_c0.002_s0.008/c0.002_s0.008_gtr/c0.002_s0.008_gtr_base-snps-concat_global	global	0.2	random	9	0.916287391317995
simulation/sim_c0.002_s0.008/c0.002_s0.008_gtr/c0.002_s0.008_gtr_base-snps-concat_global	global	0.2	random	10	0.9177452369705558
simulation/sim_c0.002_s0.008/c0.002_s0.008_gtr/c0.002_s0.008_gtr_base-snps-concat_global	global	0.2	random	11	0.9187120858609426
simulation/sim_c0.002_s0.008/c0.002_s0.008_gtr/c0.002_s0.008_gtr_base-snps-concat_global	global	0.2	random	12	0.9155116345152022
simulation/sim_c0.002_s0.008/c0.002_s0.008_gtr/c0.002_s0.008_gtr_base-snps-concat_global	global	0.2	random	13	0.9168254960162474
simulation/sim_c0.002_s0.008/c0.002_s0.008_gtr/c0.002_s0.008_gtr_base-snps-concat_global	global	0.2	random	14	0.91559316721517
simulation/sim_c0.002_s0.008/c0.002_s0.008_gtr/c0.002_s0.008_gtr_base-snps-concat_global	global	0.2	random	15	0.915996086970242
simulation/sim_c0.002_s0.008/c0.002_s0.008_gtr/c0.002_s0.008_gtr_base-snps-concat_global	global	0.2	random	16	0.9175312334486089
simulation/sim_c0.002_s0.008/c0.002_s0.008_gtr/c0.002_s0.008_gtr_base-snps-concat_global	global	0.2	random	17	0.9168834425047795
simulation/sim_c0.002_s0.008/c0.002_s0.008_gtr/c0.002_s0.008_gtr_base-snps-concat_global	global	0.2	random	18	0.9164393440566896
simulation/sim_c0.002_s0.008/c0.002_s0.008_gtr/c0.002_s0.008_gtr_base-snps-concat_global	global	0.2	random	19	0.9176031138175654
simulation/sim_c0.002_s0.008/c0.002_s0.008_gtr/c0.002_s0.008_gtr_base-snps-concat_global	global	0.2	random	20	0.9186057348783746
simulation/sim_c0.002_s0.008/c0.002_s0.008_gtr/c0.002_s0.008_gtr_base-snps-concat_global	global	0.2	nonrandom	1	0.906456771927624
simulation/sim_c0.002_s0.008/c0.002_s0.008_gtr/c0.002_s0.008_gtr_base-snps-concat_global	global	0.2	nonrandom	2	0.9210386026529525
simulation/sim_c0.002_s0.008/c0.002_s0.008_gtr/c0.002_s0.008_gtr_base-snps-concat_global	global	0.2	nonrandom	3	0.9081795683092635
simulation/sim_c0.002_s0.008/c0.002_s0.008_gtr/c0.002_s0.008_gtr_base-snps-concat_global	global	0.2	nonrandom	4	0.904394950349278
simulation/sim_c0.002_s0.008/c0.002_s0.008_gtr/c0.002_s0.008_gtr_base-snps-concat_global	global	0.2	nonrandom	5	0.9102797290516809
simulation/sim_c0.002_s0.008/c0.002_s0.008_gtr/c0.002_s0.008_gtr_base-snps-concat_global	global	0.2	nonrandom	6	0.9069271535639248
simulation/sim_c0.002_s0.008/c0.002_s0.008_gtr/c0.002_s0.008_gtr_base-snps-concat_global	global	0.2	nonrandom	7	0.9303208002759572
simulation/sim_c0.002_s0.008/c0.002_s0.008_gtr/c0.002_s0.008_gtr_base-snps-concat_global	global	0.2	nonrandom	8	0.9066762833578977
simulation/sim_c0.002_s0.008/c0.002_s0.008_gtr/c0.002_s0.008_gtr_base-snps-concat_global	global	0.2	nonrandom	9	0.9172102358253889
simulation/sim_c0.002_s0.008/c0.002_s0.008_gtr/c0.002_s0.008_gtr_base-snps-concat_global	global	0.2	nonrandom	10	0.9186841445057702
simulation/sim_c0.002_s0.008/c0.002_s0.008_gtr/c0.002_s0.008_gtr_base-snps-concat_global	global	0.2	nonrandom	11	0.9121954278904951
simulation/sim_c0.002_s0.008/c0.002_s0.008_gtr/c0.002_s0.008_gtr_base-snps-concat_global	global	0.2	nonrandom	12	0.916711091598984
simulation/sim_c0.002_s0.008/c0.002_s0.008_gtr/c0.002_s0.008_gtr_base-snps-concat_global	global	0.2	nonrandom	13	0.919251152435009
simulation/sim_c0.002_s0.008/c0.002_s0.008_gtr/c0.002_s0.008_gtr_base-snps-concat_global	global	0.2	nonrandom	14	0.90614318417009
simulation/sim_c0.002_s0.008/c0.002_s0.008_gtr/c0.002_s0.008_gtr_base-snps-concat_global	global	0.2	nonrandom	15	0.9182764676367285
simulation/sim_c0.002_s0.008/c0.002_s0.008_gtr/c0.002_s0.008_gtr_base-snps-concat_global	global	0.2	nonrandom	16	0.9141415723999624
simulation/sim_c0.002_s0.008/c0.002_s0.008_gtr/c0.002_s0.008_gtr_base-snps-concat_global	global	0.2	nonrandom	17	0.9096780261466596
simulation/sim_c0.002_s0.008/c0.002_s0.008_gtr/c0.002_s0.008_gtr_base-snps-concat_global	global	0.2	nonrandom	18	0.9113686188537425
simulation/sim_c0.002_s0.008/c0.002_s0.008_gtr/c0.002_s0.008_gtr_base-snps-concat_global	global	0.2	nonrandom	19	0.913633656227468
simulation/sim_c0.002_s0.008/c0.002_s0.008_gtr/c0.002_s0.008_gtr_base-snps-concat_global	global	0.2	nonrandom	20	0.9165778418709637
simulation/sim_c0.002_s0.008/c0.002_s0.008_gtr/c0.002_s0.008_gtr_base-snps-concat_global	global	0.2	nonrandom_weighted	1	0.904697691921726
simulation/sim_c0.002_s0.008/c0.002_s0.008_gtr/c0.002_s0.008_gtr_base-snps-concat_global	global	0.2	nonrandom_weighted	2	0.8957386096390831
simulation/sim_c0.002_s0.008/c0.002_s0.008_gtr/c0.002_s0.008_gtr_base-snps-concat_global	global	0.2	nonrandom_weighted	3	0.8974005205230315
simulation/sim_c0.002_s0.008/c0.002_s0.008_gtr/c0.002_s0.008_gtr_base-snps-concat_global	global	0.2	nonrandom_weighted	4	0.8935590032910202
simulation/sim_c0.002_s0.008/c0.002_s0.008_gtr/c0.002_s0.008_gtr_base-snps-concat_global	global	0.2	nonrandom_weighted	5	0.9043797222309308
simulation/sim_c0.002_s0.008/c0.002_s0.008_gtr/c0.002_s0.008_gtr_base-snps-concat_global	global	0.2	nonrandom_weighted	6	0.8989274962368289
simulation/sim_c0.002_s0.008/c0.002_s0.008_gtr/c0.002_s0.008_gtr_base-snps-concat_global	global	0.2	nonrandom_weighted	7	0.9043557339521465
simulation/sim_c0.002_s0.008/c0.002_s0.008_gtr/c0.002_s0.008_gtr_base-snps-concat_global	global	0.2	nonrandom_weighted	8	0.9157703283263822
simulation/sim_c0.002_s0.008/c0.002_s0.008_gtr/c0.002_s0.008_gtr_base-snps-concat_global	global	0.2	nonrandom_weighted	9	0.889617109348051
simulation/sim_c0.002_s0.008/c0.002_s0.008_gtr/c0.002_s0.008_gtr_base-snps-concat_global	global	0.2	nonrandom_weighted	10	0.9020979020979021
simulation/sim_c0.002_s0.008/c0.002_s0.008_gtr/c0.002_s0.008_gtr_base-snps-concat_global	global	0.2	nonrandom_weighted	11	0.9004327646763672
simulation/sim_c0.002_s0.008/c0.002_s0.008_gtr/c0.002_s0.008_gtr_base-snps-concat_global	global	0.2	nonrandom_weighted	12	0.9097265771980434
simulation/sim_c0.002_s0.008/c0.002_s0.008_gtr/c0.002_s0.008_gtr_base-snps-concat_global	global	0.2	nonrandom_weighted	13	0.9020639543988224
simulation/sim_c0.002_s0.008/c0.002_s0.008_gtr/c0.002_s0.008_gtr_base-snps-concat_global	global	0.2	nonrandom_weighted	14	0.895444712668903
simulation/sim_c0.002_s0.008/c0.002_s0.008_gtr/c0.002_s0.008_gtr_base-snps-concat_global	global	0.2	nonrandom_weighted	15	0.8910754575081474
simulation/sim_c0.002_s0.008/c0.002_s0.008_gtr/c0.002_s0.008_gtr_base-snps-concat_global	global	0.2	nonrandom_weighted	16	0.8942521534847299
simulation/sim_c0.002_s0.008/c0.002_s0.008_gtr/c0.002_s0.008_gtr_base-snps-concat_global	global	0.2	nonrandom_weighted	17	0.9089654739878955
simulation/sim_c0.002_s0.008/c0.002_s0.008_gtr/c0.002_s0.008_gtr_base-snps-concat_global	global	0.2	nonrandom_weighted	18	0.8946031546928408
simulation/sim_c0.002_s0.008/c0.002_s0.008_gtr/c0.002_s0.008_gtr_base-snps-concat_global	global	0.2	nonrandom_weighted	19	0.8975195208379065
simulation/sim_c0.002_s0.008/c0.002_s0.008_gtr/c0.002_s0.008_gtr_base-snps-concat_global	global	0.2	nonrandom_weighted	20	0.8982137261046694
