simulation/sim_c0.004_s0.006/c0.004_s0.006_gtr/c0.004_s0.006_gtr_base-snps-concat_pop	population	0.2	random	1	0.9552126694000188
simulation/sim_c0.004_s0.006/c0.004_s0.006_gtr/c0.004_s0.006_gtr_base-snps-concat_pop	population	0.2	random	2	0.9574195163157401
simulation/sim_c0.004_s0.006/c0.004_s0.006_gtr/c0.004_s0.006_gtr_base-snps-concat_pop	population	0.2	random	3	0.9558021382040333
simulation/sim_c0.004_s0.006/c0.004_s0.006_gtr/c0.004_s0.006_gtr_base-snps-concat_pop	population	0.2	random	4	0.9572010018785222
simulation/sim_c0.004_s0.006/c0.004_s0.006_gtr/c0.004_s0.006_gtr_base-snps-concat_pop	population	0.2	random	5	0.9572657564989714
simulation/sim_c0.004_s0.006/c0.004_s0.006_gtr/c0.004_s0.006_gtr_base-snps-concat_pop	population	0.2	random	6	0.9581433378408126
simulation/sim_c0.004_s0.006/c0.004_s0.006_gtr/c0.004_s0.006_gtr_base-snps-concat_pop	population	0.2	random	7	0.9570171868641016
simulation/sim_c0.004_s0.006/c0.004_s0.006_gtr/c0.004_s0.006_gtr_base-snps-concat_pop	population	0.2	random	8	0.9570696016509287
simulation/sim_c0.004_s0.006/c0.004_s0.006_gtr/c0.004_s0.006_gtr_base-snps-concat_pop	population	0.2	random	9	0.9569969261340703
simulation/sim_c0.004_s0.006/c0.004_s0.006_gtr/c0.004_s0.006_gtr_base-snps-concat_pop	population	0.2	random	10	0.9573858326584014
simulation/sim_c0.004_s0.006/c0.004_s0.006_gtr/c0.004_s0.006_gtr_base-snps-concat_pop	population	0.2	random	11	0.9584219082155808
simulation/sim_c0.004_s0.006/c0.004_s0.006_gtr/c0.004_s0.006_gtr_base-snps-concat_pop	population	0.2	random	12	0.9567692692692693
simulation/sim_c0.004_s0.006/c0.004_s0.006_gtr/c0.004_s0.006_gtr_base-snps-concat_pop	population	0.2	random	13	0.957660465262694
simulation/sim_c0.004_s0.006/c0.004_s0.006_gtr/c0.004_s0.006_gtr_base-snps-concat_pop	population	0.2	random	14	0.9560910056878555
simulation/sim_c0.004_s0.006/c0.004_s0.006_gtr/c0.004_s0.006_gtr_base-snps-concat_pop	population	0.2	random	15	0.9573115912825123
simulation/sim_c0.004_s0.006/c0.004_s0.006_gtr/c0.004_s0.006_gtr_base-snps-concat_pop	population	0.2	random	16	0.9556004673635015
simulation/sim_c0.004_s0.006/c0.004_s0.006_gtr/c0.004_s0.006_gtr_base-snps-concat_pop	population	0.2	random	17	0.9561137351809565
simulation/sim_c0.004_s0.006/c0.004_s0.006_gtr/c0.004_s0.006_gtr_base-snps-concat_pop	population	0.2	random	18	0.9569811320754718
simulation/sim_c0.004_s0.006/c0.004_s0.006_gtr/c0.004_s0.006_gtr_base-snps-concat_pop	population	0.2	random	19	0.9569373491710284
simulation/sim_c0.004_s0.006/c0.004_s0.006_gtr/c0.004_s0.006_gtr_base-snps-concat_pop	population	0.2	random	20	0.9584490993662785
simulation/sim_c0.004_s0.006/c0.004_s0.006_gtr/c0.004_s0.006_gtr_base-snps-concat_pop	population	0.2	nonrandom	1	0.9592512733977063
simulation/sim_c0.004_s0.006/c0.004_s0.006_gtr/c0.004_s0.006_gtr_base-snps-concat_pop	population	0.2	nonrandom	2	0.9534702040561233
simulation/sim_c0.004_s0.006/c0.004_s0.006_gtr/c0.004_s0.006_gtr_base-snps-concat_pop	population	0.2	nonrandom	3	0.9583541458541458
simulation/sim_c0.004_s0.006/c0.004_s0.006_gtr/c0.004_s0.006_gtr_base-snps-concat_pop	population	0.2	nonrandom	4	0.9536889472203993
simulation/sim_c0.004_s0.006/c0.004_s0.006_gtr/c0.004_s0.006_gtr_base-snps-concat_pop	population	0.2	nonrandom	5	0.9528452235867629
simulation/sim_c0.004_s0.006/c0.004_s0.006_gtr/c0.004_s0.006_gtr_base-snps-concat_pop	population	0.2	nonrandom	6	0.9572932612702677
simulation/sim_c0.004_s0.006/c0.004_s0.006_gtr/c0.004_s0.006_gtr_base-snps-concat_pop	population	0.2	nonrandom	7	0.9609257871064468
simulation/sim_c0.004_s0.006/c0.004_s0.006_gtr/c0.004_s0.006_gtr_base-snps-concat_pop	population	0.2	nonrandom	8	0.9597825067966625
simulation/sim_c0.004_s0.006/c0.004_s0.006_gtr/c0.004_s0.006_gtr_base-snps-concat_pop	population	0.2	nonrandom	9	0.9482133933033483
simulation/sim_c0.004_s0.006/c0.004_s0.006_gtr/c0.004_s0.006_gtr_base-snps-concat_pop	population	0.2	nonrandom	10	0.9563138651917128
simulation/sim_c0.004_s0.006/c0.004_s0.006_gtr/c0.004_s0.006_gtr_base-snps-concat_pop	population	0.2	nonrandom	11	0.9555625
simulation/sim_c0.004_s0.006/c0.004_s0.006_gtr/c0.004_s0.006_gtr_base-snps-concat_pop	population	0.2	nonrandom	12	0.960626230430299
simulation/sim_c0.004_s0.006/c0.004_s0.006_gtr/c0.004_s0.006_gtr_base-snps-concat_pop	population	0.2	nonrandom	13	0.9535900559043068
simulation/sim_c0.004_s0.006/c0.004_s0.006_gtr/c0.004_s0.006_gtr_base-snps-concat_pop	population	0.2	nonrandom	14	0.9601587400787451
simulation/sim_c0.004_s0.006/c0.004_s0.006_gtr/c0.004_s0.006_gtr_base-snps-concat_pop	population	0.2	nonrandom	15	0.958782538045686
simulation/sim_c0.004_s0.006/c0.004_s0.006_gtr/c0.004_s0.006_gtr_base-snps-concat_pop	population	0.2	nonrandom	16	0.9516890097184463
simulation/sim_c0.004_s0.006/c0.004_s0.006_gtr/c0.004_s0.006_gtr_base-snps-concat_pop	population	0.2	nonrandom	17	0.9547201649948439
simulation/sim_c0.004_s0.006/c0.004_s0.006_gtr/c0.004_s0.006_gtr_base-snps-concat_pop	population	0.2	nonrandom	18	0.9564157840472397
simulation/sim_c0.004_s0.006/c0.004_s0.006_gtr/c0.004_s0.006_gtr_base-snps-concat_pop	population	0.2	nonrandom	19	0.9563682928352801
simulation/sim_c0.004_s0.006/c0.004_s0.006_gtr/c0.004_s0.006_gtr_base-snps-concat_pop	population	0.2	nonrandom	20	0.9542273323751796
simulation/sim_c0.004_s0.006/c0.004_s0.006_gtr/c0.004_s0.006_gtr_base-snps-concat_pop	population	0.2	nonrandom_weighted	1	0.9496283804884142
simulation/sim_c0.004_s0.006/c0.004_s0.006_gtr/c0.004_s0.006_gtr_base-snps-concat_pop	population	0.2	nonrandom_weighted	2	0.9561875
simulation/sim_c0.004_s0.006/c0.004_s0.006_gtr/c0.004_s0.006_gtr_base-snps-concat_pop	population	0.2	nonrandom_weighted	3	0.9510480772234544
simulation/sim_c0.004_s0.006/c0.004_s0.006_gtr/c0.004_s0.006_gtr_base-snps-concat_pop	population	0.2	nonrandom_weighted	4	0.9554140127388535
simulation/sim_c0.004_s0.006/c0.004_s0.006_gtr/c0.004_s0.006_gtr_base-snps-concat_pop	population	0.2	nonrandom_weighted	5	0.9555326396050123
simulation/sim_c0.004_s0.006/c0.004_s0.006_gtr/c0.004_s0.006_gtr_base-snps-concat_pop	population	0.2	nonrandom_weighted	6	0.9606574794537671
simulation/sim_c0.004_s0.006/c0.004_s0.006_gtr/c0.004_s0.006_gtr_base-snps-concat_pop	population	0.2	nonrandom_weighted	7	0.94940625
simulation/sim_c0.004_s0.006/c0.004_s0.006_gtr/c0.004_s0.006_gtr_base-snps-concat_pop	population	0.2	nonrandom_weighted	8	0.9479911341429151
simulation/sim_c0.004_s0.006/c0.004_s0.006_gtr/c0.004_s0.006_gtr_base-snps-concat_pop	population	0.2	nonrandom_weighted	9	0.94656631585522
simulation/sim_c0.004_s0.006/c0.004_s0.006_gtr/c0.004_s0.006_gtr_base-snps-concat_pop	population	0.2	nonrandom_weighted	10	0.9531889628449111
simulation/sim_c0.004_s0.006/c0.004_s0.006_gtr/c0.004_s0.006_gtr_base-snps-concat_pop	population	0.2	nonrandom_weighted	11	0.9478453798318802
simulation/sim_c0.004_s0.006/c0.004_s0.006_gtr/c0.004_s0.006_gtr_base-snps-concat_pop	population	0.2	nonrandom_weighted	12	0.952843446488242
simulation/sim_c0.004_s0.006/c0.004_s0.006_gtr/c0.004_s0.006_gtr_base-snps-concat_pop	population	0.2	nonrandom_weighted	13	0.9499578296317122
simulation/sim_c0.004_s0.006/c0.004_s0.006_gtr/c0.004_s0.006_gtr_base-snps-concat_pop	population	0.2	nonrandom_weighted	14	0.9516265116715102
simulation/sim_c0.004_s0.006/c0.004_s0.006_gtr/c0.004_s0.006_gtr_base-snps-concat_pop	population	0.2	nonrandom_weighted	15	0.9525163225141358
simulation/sim_c0.004_s0.006/c0.004_s0.006_gtr/c0.004_s0.006_gtr_base-snps-concat_pop	population	0.2	nonrandom_weighted	16	0.9576901443659771
simulation/sim_c0.004_s0.006/c0.004_s0.006_gtr/c0.004_s0.006_gtr_base-snps-concat_pop	population	0.2	nonrandom_weighted	17	0.9546889159713758
simulation/sim_c0.004_s0.006/c0.004_s0.006_gtr/c0.004_s0.006_gtr_base-snps-concat_pop	population	0.2	nonrandom_weighted	18	0.9580026248359478
simulation/sim_c0.004_s0.006/c0.004_s0.006_gtr/c0.004_s0.006_gtr_base-snps-concat_pop	population	0.2	nonrandom_weighted	19	0.9501875
simulation/sim_c0.004_s0.006/c0.004_s0.006_gtr/c0.004_s0.006_gtr_base-snps-concat_pop	population	0.2	nonrandom_weighted	20	0.9515640136245742
