simulation/sim_c0.005_s0.005/c0.005_s0.005_gtr/c0.005_s0.005_gtr_base-snps-concat_nmf	nmf	0.2	random	1	0.9645740188772975
simulation/sim_c0.005_s0.005/c0.005_s0.005_gtr/c0.005_s0.005_gtr_base-snps-concat_nmf	nmf	0.2	random	2	0.9634348165495706
simulation/sim_c0.005_s0.005/c0.005_s0.005_gtr/c0.005_s0.005_gtr_base-snps-concat_nmf	nmf	0.2	random	3	0.9633504592869375
simulation/sim_c0.005_s0.005/c0.005_s0.005_gtr/c0.005_s0.005_gtr_base-snps-concat_nmf	nmf	0.2	random	4	0.9634714620797498
simulation/sim_c0.005_s0.005/c0.005_s0.005_gtr/c0.005_s0.005_gtr_base-snps-concat_nmf	nmf	0.2	random	5	0.9643535381837427
simulation/sim_c0.005_s0.005/c0.005_s0.005_gtr/c0.005_s0.005_gtr_base-snps-concat_nmf	nmf	0.2	random	6	0.9624826891602669
simulation/sim_c0.005_s0.005/c0.005_s0.005_gtr/c0.005_s0.005_gtr_base-snps-concat_nmf	nmf	0.2	random	7	0.9664834301869012
simulation/sim_c0.005_s0.005/c0.005_s0.005_gtr/c0.005_s0.005_gtr_base-snps-concat_nmf	nmf	0.2	random	8	0.9632105973569388
simulation/sim_c0.005_s0.005/c0.005_s0.005_gtr/c0.005_s0.005_gtr_base-snps-concat_nmf	nmf	0.2	random	9	0.9635338345864661
simulation/sim_c0.005_s0.005/c0.005_s0.005_gtr/c0.005_s0.005_gtr_base-snps-concat_nmf	nmf	0.2	random	10	0.9639259120205244
simulation/sim_c0.005_s0.005/c0.005_s0.005_gtr/c0.005_s0.005_gtr_base-snps-concat_nmf	nmf	0.2	random	11	0.9633668903803132
simulation/sim_c0.005_s0.005/c0.005_s0.005_gtr/c0.005_s0.005_gtr_base-snps-concat_nmf	nmf	0.2	random	12	0.9611441747421556
simulation/sim_c0.005_s0.005/c0.005_s0.005_gtr/c0.005_s0.005_gtr_base-snps-concat_nmf	nmf	0.2	random	13	0.9619175347763708
simulation/sim_c0.005_s0.005/c0.005_s0.005_gtr/c0.005_s0.005_gtr_base-snps-concat_nmf	nmf	0.2	random	14	0.9620695028829671
simulation/sim_c0.005_s0.005/c0.005_s0.005_gtr/c0.005_s0.005_gtr_base-snps-concat_nmf	nmf	0.2	random	15	0.9632912581827293
simulation/sim_c0.005_s0.005/c0.005_s0.005_gtr/c0.005_s0.005_gtr_base-snps-concat_nmf	nmf	0.2	random	16	0.9647915698124904
simulation/sim_c0.005_s0.005/c0.005_s0.005_gtr/c0.005_s0.005_gtr_base-snps-concat_nmf	nmf	0.2	random	17	0.9625608033892986
simulation/sim_c0.005_s0.005/c0.005_s0.005_gtr/c0.005_s0.005_gtr_base-snps-concat_nmf	nmf	0.2	random	18	0.9649483893098825
simulation/sim_c0.005_s0.005/c0.005_s0.005_gtr/c0.005_s0.005_gtr_base-snps-concat_nmf	nmf	0.2	random	19	0.963091769276561
simulation/sim_c0.005_s0.005/c0.005_s0.005_gtr/c0.005_s0.005_gtr_base-snps-concat_nmf	nmf	0.2	random	20	0.9636866243638876
simulation/sim_c0.005_s0.005/c0.005_s0.005_gtr/c0.005_s0.005_gtr_base-snps-concat_nmf	nmf	0.2	nonrandom	1	0.95675
simulation/sim_c0.005_s0.005/c0.005_s0.005_gtr/c0.005_s0.005_gtr_base-snps-concat_nmf	nmf	0.2	nonrandom	2	0.9576888222243055
simulation/sim_c0.005_s0.005/c0.005_s0.005_gtr/c0.005_s0.005_gtr_base-snps-concat_nmf	nmf	0.2	nonrandom	3	0.9579375
simulation/sim_c0.005_s0.005/c0.005_s0.005_gtr/c0.005_s0.005_gtr_base-snps-concat_nmf	nmf	0.2	nonrandom	4	0.9578599076039456
simulation/sim_c0.005_s0.005/c0.005_s0.005_gtr/c0.005_s0.005_gtr_base-snps-concat_nmf	nmf	0.2	nonrandom	5	0.9560638730039687
simulation/sim_c0.005_s0.005/c0.005_s0.005_gtr/c0.005_s0.005_gtr_base-snps-concat_nmf	nmf	0.2	nonrandom	6	0.9574075810130933
simulation/sim_c0.005_s0.005/c0.005_s0.005_gtr/c0.005_s0.005_gtr_base-snps-concat_nmf	nmf	0.2	nonrandom	7	0.9547101449275363
simulation/sim_c0.005_s0.005/c0.005_s0.005_gtr/c0.005_s0.005_gtr_base-snps-concat_nmf	nmf	0.2	nonrandom	8	0.9574700790600293
simulation/sim_c0.005_s0.005/c0.005_s0.005_gtr/c0.005_s0.005_gtr_base-snps-concat_nmf	nmf	0.2	nonrandom	9	0.9542685783900291
simulation/sim_c0.005_s0.005/c0.005_s0.005_gtr/c0.005_s0.005_gtr_base-snps-concat_nmf	nmf	0.2	nonrandom	10	0.9545326708540358
simulation/sim_c0.005_s0.005/c0.005_s0.005_gtr/c0.005_s0.005_gtr_base-snps-concat_nmf	nmf	0.2	nonrandom	11	0.9530586766541823
simulation/sim_c0.005_s0.005/c0.005_s0.005_gtr/c0.005_s0.005_gtr_base-snps-concat_nmf	nmf	0.2	nonrandom	12	0.9583151189658402
simulation/sim_c0.005_s0.005/c0.005_s0.005_gtr/c0.005_s0.005_gtr_base-snps-concat_nmf	nmf	0.2	nonrandom	13	0.950449887528118
simulation/sim_c0.005_s0.005/c0.005_s0.005_gtr/c0.005_s0.005_gtr_base-snps-concat_nmf	nmf	0.2	nonrandom	14	0.9602512421486828
simulation/sim_c0.005_s0.005/c0.005_s0.005_gtr/c0.005_s0.005_gtr_base-snps-concat_nmf	nmf	0.2	nonrandom	15	0.9533329168488787
simulation/sim_c0.005_s0.005/c0.005_s0.005_gtr/c0.005_s0.005_gtr_base-snps-concat_nmf	nmf	0.2	nonrandom	16	0.958657541951814
simulation/sim_c0.005_s0.005/c0.005_s0.005_gtr/c0.005_s0.005_gtr_base-snps-concat_nmf	nmf	0.2	nonrandom	17	0.9540003747423647
simulation/sim_c0.005_s0.005/c0.005_s0.005_gtr/c0.005_s0.005_gtr_base-snps-concat_nmf	nmf	0.2	nonrandom	18	0.9571915132956286
simulation/sim_c0.005_s0.005/c0.005_s0.005_gtr/c0.005_s0.005_gtr_base-snps-concat_nmf	nmf	0.2	nonrandom	19	0.9533452079622512
simulation/sim_c0.005_s0.005/c0.005_s0.005_gtr/c0.005_s0.005_gtr_base-snps-concat_nmf	nmf	0.2	nonrandom	20	0.9560013749570326
simulation/sim_c0.005_s0.005/c0.005_s0.005_gtr/c0.005_s0.005_gtr_base-snps-concat_nmf	nmf	0.2	nonrandom_weighted	1	0.9594075185150464
simulation/sim_c0.005_s0.005/c0.005_s0.005_gtr/c0.005_s0.005_gtr_base-snps-concat_nmf	nmf	0.2	nonrandom_weighted	2	0.9574375
simulation/sim_c0.005_s0.005/c0.005_s0.005_gtr/c0.005_s0.005_gtr_base-snps-concat_nmf	nmf	0.2	nonrandom_weighted	3	0.9555326396050123
simulation/sim_c0.005_s0.005/c0.005_s0.005_gtr/c0.005_s0.005_gtr_base-snps-concat_nmf	nmf	0.2	nonrandom_weighted	4	0.9508426966292135
simulation/sim_c0.005_s0.005/c0.005_s0.005_gtr/c0.005_s0.005_gtr_base-snps-concat_nmf	nmf	0.2	nonrandom_weighted	5	0.95590625
simulation/sim_c0.005_s0.005/c0.005_s0.005_gtr/c0.005_s0.005_gtr_base-snps-concat_nmf	nmf	0.2	nonrandom_weighted	6	0.9563860010614716
simulation/sim_c0.005_s0.005/c0.005_s0.005_gtr/c0.005_s0.005_gtr_base-snps-concat_nmf	nmf	0.2	nonrandom_weighted	7	0.95521875
simulation/sim_c0.005_s0.005/c0.005_s0.005_gtr/c0.005_s0.005_gtr_base-snps-concat_nmf	nmf	0.2	nonrandom_weighted	8	0.94909375
simulation/sim_c0.005_s0.005/c0.005_s0.005_gtr/c0.005_s0.005_gtr_base-snps-concat_nmf	nmf	0.2	nonrandom_weighted	9	0.95771875
simulation/sim_c0.005_s0.005/c0.005_s0.005_gtr/c0.005_s0.005_gtr_base-snps-concat_nmf	nmf	0.2	nonrandom_weighted	10	0.9575158301880907
simulation/sim_c0.005_s0.005/c0.005_s0.005_gtr/c0.005_s0.005_gtr_base-snps-concat_nmf	nmf	0.2	nonrandom_weighted	11	0.9540276520707843
simulation/sim_c0.005_s0.005/c0.005_s0.005_gtr/c0.005_s0.005_gtr_base-snps-concat_nmf	nmf	0.2	nonrandom_weighted	12	0.9531767351783594
simulation/sim_c0.005_s0.005/c0.005_s0.005_gtr/c0.005_s0.005_gtr_base-snps-concat_nmf	nmf	0.2	nonrandom_weighted	13	0.9522010615048392
simulation/sim_c0.005_s0.005/c0.005_s0.005_gtr/c0.005_s0.005_gtr_base-snps-concat_nmf	nmf	0.2	nonrandom_weighted	14	0.9556263866754164
simulation/sim_c0.005_s0.005/c0.005_s0.005_gtr/c0.005_s0.005_gtr_base-snps-concat_nmf	nmf	0.2	nonrandom_weighted	15	0.9571888378488173
simulation/sim_c0.005_s0.005/c0.005_s0.005_gtr/c0.005_s0.005_gtr_base-snps-concat_nmf	nmf	0.2	nonrandom_weighted	16	0.960125
simulation/sim_c0.005_s0.005/c0.005_s0.005_gtr/c0.005_s0.005_gtr_base-snps-concat_nmf	nmf	0.2	nonrandom_weighted	17	0.9504077997562577
simulation/sim_c0.005_s0.005/c0.005_s0.005_gtr/c0.005_s0.005_gtr_base-snps-concat_nmf	nmf	0.2	nonrandom_weighted	18	0.9580950595293897
simulation/sim_c0.005_s0.005/c0.005_s0.005_gtr/c0.005_s0.005_gtr_base-snps-concat_nmf	nmf	0.2	nonrandom_weighted	19	0.9545625
simulation/sim_c0.005_s0.005/c0.005_s0.005_gtr/c0.005_s0.005_gtr_base-snps-concat_nmf	nmf	0.2	nonrandom_weighted	20	0.9608762226180432
