simulation/sim_c0.007_s0.003/c0.007_s0.003_gtrgamma/c0.007_s0.003_gtrgamma_base-snps-concat_global	global	0.2	random	1	0.9699378881987578
simulation/sim_c0.007_s0.003/c0.007_s0.003_gtrgamma/c0.007_s0.003_gtrgamma_base-snps-concat_global	global	0.2	random	2	0.9715965965965966
simulation/sim_c0.007_s0.003/c0.007_s0.003_gtrgamma/c0.007_s0.003_gtrgamma_base-snps-concat_global	global	0.2	random	3	0.970995670995671
simulation/sim_c0.007_s0.003/c0.007_s0.003_gtrgamma/c0.007_s0.003_gtrgamma_base-snps-concat_global	global	0.2	random	4	0.9708346261247285
simulation/sim_c0.007_s0.003/c0.007_s0.003_gtrgamma/c0.007_s0.003_gtrgamma_base-snps-concat_global	global	0.2	random	5	0.9721771678103556
simulation/sim_c0.007_s0.003/c0.007_s0.003_gtrgamma/c0.007_s0.003_gtrgamma_base-snps-concat_global	global	0.2	random	6	0.9714178262504701
simulation/sim_c0.007_s0.003/c0.007_s0.003_gtrgamma/c0.007_s0.003_gtrgamma_base-snps-concat_global	global	0.2	random	7	0.9695576540755467
simulation/sim_c0.007_s0.003/c0.007_s0.003_gtrgamma/c0.007_s0.003_gtrgamma_base-snps-concat_global	global	0.2	random	8	0.9685482324362334
simulation/sim_c0.007_s0.003/c0.007_s0.003_gtrgamma/c0.007_s0.003_gtrgamma_base-snps-concat_global	global	0.2	random	9	0.9711580120071795
simulation/sim_c0.007_s0.003/c0.007_s0.003_gtrgamma/c0.007_s0.003_gtrgamma_base-snps-concat_global	global	0.2	random	10	0.9704996233994476
simulation/sim_c0.007_s0.003/c0.007_s0.003_gtrgamma/c0.007_s0.003_gtrgamma_base-snps-concat_global	global	0.2	random	11	0.9703509101144681
simulation/sim_c0.007_s0.003/c0.007_s0.003_gtrgamma/c0.007_s0.003_gtrgamma_base-snps-concat_global	global	0.2	random	12	0.9696417347580139
simulation/sim_c0.007_s0.003/c0.007_s0.003_gtrgamma/c0.007_s0.003_gtrgamma_base-snps-concat_global	global	0.2	random	13	0.9712844150990407
simulation/sim_c0.007_s0.003/c0.007_s0.003_gtrgamma/c0.007_s0.003_gtrgamma_base-snps-concat_global	global	0.2	random	14	0.970481777333999
simulation/sim_c0.007_s0.003/c0.007_s0.003_gtrgamma/c0.007_s0.003_gtrgamma_base-snps-concat_global	global	0.2	random	15	0.9701152336330252
simulation/sim_c0.007_s0.003/c0.007_s0.003_gtrgamma/c0.007_s0.003_gtrgamma_base-snps-concat_global	global	0.2	random	16	0.9711460224072104
simulation/sim_c0.007_s0.003/c0.007_s0.003_gtrgamma/c0.007_s0.003_gtrgamma_base-snps-concat_global	global	0.2	random	17	0.9695472234233121
simulation/sim_c0.007_s0.003/c0.007_s0.003_gtrgamma/c0.007_s0.003_gtrgamma_base-snps-concat_global	global	0.2	random	18	0.9707084040480232
simulation/sim_c0.007_s0.003/c0.007_s0.003_gtrgamma/c0.007_s0.003_gtrgamma_base-snps-concat_global	global	0.2	random	19	0.9706213981458282
simulation/sim_c0.007_s0.003/c0.007_s0.003_gtrgamma/c0.007_s0.003_gtrgamma_base-snps-concat_global	global	0.2	random	20	0.9704488778054863
simulation/sim_c0.007_s0.003/c0.007_s0.003_gtrgamma/c0.007_s0.003_gtrgamma_base-snps-concat_global	global	0.2	nonrandom	1	0.9730016873945379
simulation/sim_c0.007_s0.003/c0.007_s0.003_gtrgamma/c0.007_s0.003_gtrgamma_base-snps-concat_global	global	0.2	nonrandom	2	0.9717676452217364
simulation/sim_c0.007_s0.003/c0.007_s0.003_gtrgamma/c0.007_s0.003_gtrgamma_base-snps-concat_global	global	0.2	nonrandom	3	0.9714873970551535
simulation/sim_c0.007_s0.003/c0.007_s0.003_gtrgamma/c0.007_s0.003_gtrgamma_base-snps-concat_global	global	0.2	nonrandom	4	0.9664979061191324
simulation/sim_c0.007_s0.003/c0.007_s0.003_gtrgamma/c0.007_s0.003_gtrgamma_base-snps-concat_global	global	0.2	nonrandom	5	0.9674456385903524
simulation/sim_c0.007_s0.003/c0.007_s0.003_gtrgamma/c0.007_s0.003_gtrgamma_base-snps-concat_global	global	0.2	nonrandom	6	0.9677520154990313
simulation/sim_c0.007_s0.003/c0.007_s0.003_gtrgamma/c0.007_s0.003_gtrgamma_base-snps-concat_global	global	0.2	nonrandom	7	0.9744984061503844
simulation/sim_c0.007_s0.003/c0.007_s0.003_gtrgamma/c0.007_s0.003_gtrgamma_base-snps-concat_global	global	0.2	nonrandom	8	0.9723746570217012
simulation/sim_c0.007_s0.003/c0.007_s0.003_gtrgamma/c0.007_s0.003_gtrgamma_base-snps-concat_global	global	0.2	nonrandom	9	0.96606462096119
simulation/sim_c0.007_s0.003/c0.007_s0.003_gtrgamma/c0.007_s0.003_gtrgamma_base-snps-concat_global	global	0.2	nonrandom	10	0.9661228826801675
simulation/sim_c0.007_s0.003/c0.007_s0.003_gtrgamma/c0.007_s0.003_gtrgamma_base-snps-concat_global	global	0.2	nonrandom	11	0.967625
simulation/sim_c0.007_s0.003/c0.007_s0.003_gtrgamma/c0.007_s0.003_gtrgamma_base-snps-concat_global	global	0.2	nonrandom	12	0.9660784435991769
simulation/sim_c0.007_s0.003/c0.007_s0.003_gtrgamma/c0.007_s0.003_gtrgamma_base-snps-concat_global	global	0.2	nonrandom	13	0.9673716389044856
simulation/sim_c0.007_s0.003/c0.007_s0.003_gtrgamma/c0.007_s0.003_gtrgamma_base-snps-concat_global	global	0.2	nonrandom	14	0.9714695967037084
simulation/sim_c0.007_s0.003/c0.007_s0.003_gtrgamma/c0.007_s0.003_gtrgamma_base-snps-concat_global	global	0.2	nonrandom	15	0.96525
simulation/sim_c0.007_s0.003/c0.007_s0.003_gtrgamma/c0.007_s0.003_gtrgamma_base-snps-concat_global	global	0.2	nonrandom	16	0.9730016873945379
simulation/sim_c0.007_s0.003/c0.007_s0.003_gtrgamma/c0.007_s0.003_gtrgamma_base-snps-concat_global	global	0.2	nonrandom	17	0.9700018748828199
simulation/sim_c0.007_s0.003/c0.007_s0.003_gtrgamma/c0.007_s0.003_gtrgamma_base-snps-concat_global	global	0.2	nonrandom	18	0.9759375
simulation/sim_c0.007_s0.003/c0.007_s0.003_gtrgamma/c0.007_s0.003_gtrgamma_base-snps-concat_global	global	0.2	nonrandom	19	0.9695019061308668
simulation/sim_c0.007_s0.003/c0.007_s0.003_gtrgamma/c0.007_s0.003_gtrgamma_base-snps-concat_global	global	0.2	nonrandom	20	0.9708143241047434
simulation/sim_c0.007_s0.003/c0.007_s0.003_gtrgamma/c0.007_s0.003_gtrgamma_base-snps-concat_global	global	0.2	nonrandom_weighted	1	0.970186490363625
simulation/sim_c0.007_s0.003/c0.007_s0.003_gtrgamma/c0.007_s0.003_gtrgamma_base-snps-concat_global	global	0.2	nonrandom_weighted	2	0.9719090625973217
simulation/sim_c0.007_s0.003/c0.007_s0.003_gtrgamma/c0.007_s0.003_gtrgamma_base-snps-concat_global	global	0.2	nonrandom_weighted	3	0.9731891756765202
simulation/sim_c0.007_s0.003/c0.007_s0.003_gtrgamma/c0.007_s0.003_gtrgamma_base-snps-concat_global	global	0.2	nonrandom_weighted	4	0.9649068129402232
simulation/sim_c0.007_s0.003/c0.007_s0.003_gtrgamma/c0.007_s0.003_gtrgamma_base-snps-concat_global	global	0.2	nonrandom_weighted	5	0.973067549834406
simulation/sim_c0.007_s0.003/c0.007_s0.003_gtrgamma/c0.007_s0.003_gtrgamma_base-snps-concat_global	global	0.2	nonrandom_weighted	6	0.9698731170698168
simulation/sim_c0.007_s0.003/c0.007_s0.003_gtrgamma/c0.007_s0.003_gtrgamma_base-snps-concat_global	global	0.2	nonrandom_weighted	7	0.9714802795806291
simulation/sim_c0.007_s0.003/c0.007_s0.003_gtrgamma/c0.007_s0.003_gtrgamma_base-snps-concat_global	global	0.2	nonrandom_weighted	8	0.971489175868738
simulation/sim_c0.007_s0.003/c0.007_s0.003_gtrgamma/c0.007_s0.003_gtrgamma_base-snps-concat_global	global	0.2	nonrandom_weighted	9	0.9690644334729079
simulation/sim_c0.007_s0.003/c0.007_s0.003_gtrgamma/c0.007_s0.003_gtrgamma_base-snps-concat_global	global	0.2	nonrandom_weighted	10	0.9678125
simulation/sim_c0.007_s0.003/c0.007_s0.003_gtrgamma/c0.007_s0.003_gtrgamma_base-snps-concat_global	global	0.2	nonrandom_weighted	11	0.9697234533990886
simulation/sim_c0.007_s0.003/c0.007_s0.003_gtrgamma/c0.007_s0.003_gtrgamma_base-snps-concat_global	global	0.2	nonrandom_weighted	12	0.9768139491281795
simulation/sim_c0.007_s0.003/c0.007_s0.003_gtrgamma/c0.007_s0.003_gtrgamma_base-snps-concat_global	global	0.2	nonrandom_weighted	13	0.9699981248828051
simulation/sim_c0.007_s0.003/c0.007_s0.003_gtrgamma/c0.007_s0.003_gtrgamma_base-snps-concat_global	global	0.2	nonrandom_weighted	14	0.9683769764389726
simulation/sim_c0.007_s0.003/c0.007_s0.003_gtrgamma/c0.007_s0.003_gtrgamma_base-snps-concat_global	global	0.2	nonrandom_weighted	15	0.9721598002496878
simulation/sim_c0.007_s0.003/c0.007_s0.003_gtrgamma/c0.007_s0.003_gtrgamma_base-snps-concat_global	global	0.2	nonrandom_weighted	16	0.9734855574271633
simulation/sim_c0.007_s0.003/c0.007_s0.003_gtrgamma/c0.007_s0.003_gtrgamma_base-snps-concat_global	global	0.2	nonrandom_weighted	17	0.9672876814754814
simulation/sim_c0.007_s0.003/c0.007_s0.003_gtrgamma/c0.007_s0.003_gtrgamma_base-snps-concat_global	global	0.2	nonrandom_weighted	18	0.9673125
simulation/sim_c0.007_s0.003/c0.007_s0.003_gtrgamma/c0.007_s0.003_gtrgamma_base-snps-concat_global	global	0.2	nonrandom_weighted	19	0.9715124632973074
simulation/sim_c0.007_s0.003/c0.007_s0.003_gtrgamma/c0.007_s0.003_gtrgamma_base-snps-concat_global	global	0.2	nonrandom_weighted	20	0.9701231326957935
