simulation/sim_c0.002_s0.008/c0.002_s0.008_gtr/c0.002_s0.008_gtr_base-snps-concat_phyloqr	phyloqr	0.2	random	1	0.9985762647514791
simulation/sim_c0.002_s0.008/c0.002_s0.008_gtr/c0.002_s0.008_gtr_base-snps-concat_phyloqr	phyloqr	0.2	random	2	0.9988472442907437
simulation/sim_c0.002_s0.008/c0.002_s0.008_gtr/c0.002_s0.008_gtr_base-snps-concat_phyloqr	phyloqr	0.2	random	3	0.9987106107302346
simulation/sim_c0.002_s0.008/c0.002_s0.008_gtr/c0.002_s0.008_gtr_base-snps-concat_phyloqr	phyloqr	0.2	random	4	0.9984556714677424
simulation/sim_c0.002_s0.008/c0.002_s0.008_gtr/c0.002_s0.008_gtr_base-snps-concat_phyloqr	phyloqr	0.2	random	5	0.9982852154392966
simulation/sim_c0.002_s0.008/c0.002_s0.008_gtr/c0.002_s0.008_gtr_base-snps-concat_phyloqr	phyloqr	0.2	random	6	0.9985631735124161
simulation/sim_c0.002_s0.008/c0.002_s0.008_gtr/c0.002_s0.008_gtr_base-snps-concat_phyloqr	phyloqr	0.2	random	7	0.9984748031250973
simulation/sim_c0.002_s0.008/c0.002_s0.008_gtr/c0.002_s0.008_gtr_base-snps-concat_phyloqr	phyloqr	0.2	random	8	0.998273914135074
simulation/sim_c0.002_s0.008/c0.002_s0.008_gtr/c0.002_s0.008_gtr_base-snps-concat_phyloqr	phyloqr	0.2	random	9	0.9983397030261262
simulation/sim_c0.002_s0.008/c0.002_s0.008_gtr/c0.002_s0.008_gtr_base-snps-concat_phyloqr	phyloqr	0.2	random	10	0.9984701842023104
simulation/sim_c0.002_s0.008/c0.002_s0.008_gtr/c0.002_s0.008_gtr_base-snps-concat_phyloqr	phyloqr	0.2	random	11	0.9985592583312453
simulation/sim_c0.002_s0.008/c0.002_s0.008_gtr/c0.002_s0.008_gtr_base-snps-concat_phyloqr	phyloqr	0.2	random	12	0.9985642946317104
simulation/sim_c0.002_s0.008/c0.002_s0.008_gtr/c0.002_s0.008_gtr_base-snps-concat_phyloqr	phyloqr	0.2	random	13	0.9986462235934893
simulation/sim_c0.002_s0.008/c0.002_s0.008_gtr/c0.002_s0.008_gtr_base-snps-concat_phyloqr	phyloqr	0.2	random	14	0.9983397030261262
simulation/sim_c0.002_s0.008/c0.002_s0.008_gtr/c0.002_s0.008_gtr_base-snps-concat_phyloqr	phyloqr	0.2	random	15	0.9985568174687833
simulation/sim_c0.002_s0.008/c0.002_s0.008_gtr/c0.002_s0.008_gtr_base-snps-concat_phyloqr	phyloqr	0.2	random	16	0.9984679360910483
simulation/sim_c0.002_s0.008/c0.002_s0.008_gtr/c0.002_s0.008_gtr_base-snps-concat_phyloqr	phyloqr	0.2	random	17	0.9980632867897417
simulation/sim_c0.002_s0.008/c0.002_s0.008_gtr/c0.002_s0.008_gtr_base-snps-concat_phyloqr	phyloqr	0.2	random	18	0.9985298717547701
simulation/sim_c0.002_s0.008/c0.002_s0.008_gtr/c0.002_s0.008_gtr_base-snps-concat_phyloqr	phyloqr	0.2	random	19	0.9984654411073878
simulation/sim_c0.002_s0.008/c0.002_s0.008_gtr/c0.002_s0.008_gtr_base-snps-concat_phyloqr	phyloqr	0.2	random	20	0.9983128690598931
simulation/sim_c0.002_s0.008/c0.002_s0.008_gtr/c0.002_s0.008_gtr_base-snps-concat_phyloqr	phyloqr	0.2	nonrandom	1	0.9974929489188342
simulation/sim_c0.002_s0.008/c0.002_s0.008_gtr/c0.002_s0.008_gtr_base-snps-concat_phyloqr	phyloqr	0.2	nonrandom	2	0.9957037129954842
simulation/sim_c0.002_s0.008/c0.002_s0.008_gtr/c0.002_s0.008_gtr_base-snps-concat_phyloqr	phyloqr	0.2	nonrandom	3	0.9950195771339077
simulation/sim_c0.002_s0.008/c0.002_s0.008_gtr/c0.002_s0.008_gtr_base-snps-concat_phyloqr	phyloqr	0.2	nonrandom	4	0.9993111222444889
simulation/sim_c0.002_s0.008/c0.002_s0.008_gtr/c0.002_s0.008_gtr_base-snps-concat_phyloqr	phyloqr	0.2	nonrandom	5	0.9995926935488925
simulation/sim_c0.002_s0.008/c0.002_s0.008_gtr/c0.002_s0.008_gtr_base-snps-concat_phyloqr	phyloqr	0.2	nonrandom	6	0.9974299504795336
simulation/sim_c0.002_s0.008/c0.002_s0.008_gtr/c0.002_s0.008_gtr_base-snps-concat_phyloqr	phyloqr	0.2	nonrandom	7	0.9992473893819185
simulation/sim_c0.002_s0.008/c0.002_s0.008_gtr/c0.002_s0.008_gtr_base-snps-concat_phyloqr	phyloqr	0.2	nonrandom	8	0.997212390766436
simulation/sim_c0.002_s0.008/c0.002_s0.008_gtr/c0.002_s0.008_gtr_base-snps-concat_phyloqr	phyloqr	0.2	nonrandom	9	0.997428661022264
simulation/sim_c0.002_s0.008/c0.002_s0.008_gtr/c0.002_s0.008_gtr_base-snps-concat_phyloqr	phyloqr	0.2	nonrandom	10	0.9998434123578968
simulation/sim_c0.002_s0.008/c0.002_s0.008_gtr/c0.002_s0.008_gtr_base-snps-concat_phyloqr	phyloqr	0.2	nonrandom	11	0.9952333166081284
simulation/sim_c0.002_s0.008/c0.002_s0.008_gtr/c0.002_s0.008_gtr_base-snps-concat_phyloqr	phyloqr	0.2	nonrandom	12	0.9996550426492724
simulation/sim_c0.002_s0.008/c0.002_s0.008_gtr/c0.002_s0.008_gtr_base-snps-concat_phyloqr	phyloqr	0.2	nonrandom	13	0.9996239894717052
simulation/sim_c0.002_s0.008/c0.002_s0.008_gtr/c0.002_s0.008_gtr_base-snps-concat_phyloqr	phyloqr	0.2	nonrandom	14	0.9976480918184955
simulation/sim_c0.002_s0.008/c0.002_s0.008_gtr/c0.002_s0.008_gtr_base-snps-concat_phyloqr	phyloqr	0.2	nonrandom	15	0.9994042019441831
simulation/sim_c0.002_s0.008/c0.002_s0.008_gtr/c0.002_s0.008_gtr_base-snps-concat_phyloqr	phyloqr	0.2	nonrandom	16	0.9993421258732496
simulation/sim_c0.002_s0.008/c0.002_s0.008_gtr/c0.002_s0.008_gtr_base-snps-concat_phyloqr	phyloqr	0.2	nonrandom	17	0.9995609633718013
simulation/sim_c0.002_s0.008/c0.002_s0.008_gtr/c0.002_s0.008_gtr_base-snps-concat_phyloqr	phyloqr	0.2	nonrandom	18	0.9964250995641131
simulation/sim_c0.002_s0.008/c0.002_s0.008_gtr/c0.002_s0.008_gtr_base-snps-concat_phyloqr	phyloqr	0.2	nonrandom	19	0.999843206121233
simulation/sim_c0.002_s0.008/c0.002_s0.008_gtr/c0.002_s0.008_gtr_base-snps-concat_phyloqr	phyloqr	0.2	nonrandom	20	0.997616733042742
simulation/sim_c0.002_s0.008/c0.002_s0.008_gtr/c0.002_s0.008_gtr_base-snps-concat_phyloqr	phyloqr	0.2	nonrandom_weighted	1	0.9994983854280967
simulation/sim_c0.002_s0.008/c0.002_s0.008_gtr/c0.002_s0.008_gtr_base-snps-concat_phyloqr	phyloqr	0.2	nonrandom_weighted	2	0.9965511835710926
simulation/sim_c0.002_s0.008/c0.002_s0.008_gtr/c0.002_s0.008_gtr_base-snps-concat_phyloqr	phyloqr	0.2	nonrandom_weighted	3	0.998651741761515
simulation/sim_c0.002_s0.008/c0.002_s0.008_gtr/c0.002_s0.008_gtr_base-snps-concat_phyloqr	phyloqr	0.2	nonrandom_weighted	4	0.9990592367273982
simulation/sim_c0.002_s0.008/c0.002_s0.008_gtr/c0.002_s0.008_gtr_base-snps-concat_phyloqr	phyloqr	0.2	nonrandom_weighted	5	0.9979930383517828
simulation/sim_c0.002_s0.008/c0.002_s0.008_gtr/c0.002_s0.008_gtr_base-snps-concat_phyloqr	phyloqr	0.2	nonrandom_weighted	6	0.9995923359152059
simulation/sim_c0.002_s0.008/c0.002_s0.008_gtr/c0.002_s0.008_gtr_base-snps-concat_phyloqr	phyloqr	0.2	nonrandom_weighted	7	0.998557632008027
simulation/sim_c0.002_s0.008/c0.002_s0.008_gtr/c0.002_s0.008_gtr_base-snps-concat_phyloqr	phyloqr	0.2	nonrandom_weighted	8	0.9990905955031516
simulation/sim_c0.002_s0.008/c0.002_s0.008_gtr/c0.002_s0.008_gtr_base-snps-concat_phyloqr	phyloqr	0.2	nonrandom_weighted	9	0.9990905955031516
simulation/sim_c0.002_s0.008/c0.002_s0.008_gtr/c0.002_s0.008_gtr_base-snps-concat_phyloqr	phyloqr	0.2	nonrandom_weighted	10	0.9974318822424053
simulation/sim_c0.002_s0.008/c0.002_s0.008_gtr/c0.002_s0.008_gtr_base-snps-concat_phyloqr	phyloqr	0.2	nonrandom_weighted	11	0.9989338016243846
simulation/sim_c0.002_s0.008/c0.002_s0.008_gtr/c0.002_s0.008_gtr_base-snps-concat_phyloqr	phyloqr	0.2	nonrandom_weighted	12	0.9994355420364389
simulation/sim_c0.002_s0.008/c0.002_s0.008_gtr/c0.002_s0.008_gtr_base-snps-concat_phyloqr	phyloqr	0.2	nonrandom_weighted	13	0.9992787481576719
simulation/sim_c0.002_s0.008/c0.002_s0.008_gtr/c0.002_s0.008_gtr_base-snps-concat_phyloqr	phyloqr	0.2	nonrandom_weighted	14	0.9968656950321266
simulation/sim_c0.002_s0.008/c0.002_s0.008_gtr/c0.002_s0.008_gtr_base-snps-concat_phyloqr	phyloqr	0.2	nonrandom_weighted	15	0.9986202138668506
simulation/sim_c0.002_s0.008/c0.002_s0.008_gtr/c0.002_s0.008_gtr_base-snps-concat_phyloqr	phyloqr	0.2	nonrandom_weighted	16	0.9981811910063031
simulation/sim_c0.002_s0.008/c0.002_s0.008_gtr/c0.002_s0.008_gtr_base-snps-concat_phyloqr	phyloqr	0.2	nonrandom_weighted	17	0.998620343659852
simulation/sim_c0.002_s0.008/c0.002_s0.008_gtr/c0.002_s0.008_gtr_base-snps-concat_phyloqr	phyloqr	0.2	nonrandom_weighted	18	0.9956414035307767
simulation/sim_c0.002_s0.008/c0.002_s0.008_gtr/c0.002_s0.008_gtr_base-snps-concat_phyloqr	phyloqr	0.2	nonrandom_weighted	19	0.9986829314183574
simulation/sim_c0.002_s0.008/c0.002_s0.008_gtr/c0.002_s0.008_gtr_base-snps-concat_phyloqr	phyloqr	0.2	nonrandom_weighted	20	0.9993414657091787
