simulation/sim_c0.009_s0.001/c0.009_s0.001_gtr/c0.009_s0.001_gtr_base-snps-concat_pop	population	0.2	random	1	0.9733412693440261
simulation/sim_c0.009_s0.001/c0.009_s0.001_gtr/c0.009_s0.001_gtr_base-snps-concat_pop	population	0.2	random	2	0.9736146115311615
simulation/sim_c0.009_s0.001/c0.009_s0.001_gtr/c0.009_s0.001_gtr_base-snps-concat_pop	population	0.2	random	3	0.9742662094566962
simulation/sim_c0.009_s0.001/c0.009_s0.001_gtr/c0.009_s0.001_gtr_base-snps-concat_pop	population	0.2	random	4	0.9751517982251284
simulation/sim_c0.009_s0.001/c0.009_s0.001_gtr/c0.009_s0.001_gtr_base-snps-concat_pop	population	0.2	random	5	0.9745119475245978
simulation/sim_c0.009_s0.001/c0.009_s0.001_gtr/c0.009_s0.001_gtr_base-snps-concat_pop	population	0.2	random	6	0.9737596609324358
simulation/sim_c0.009_s0.001/c0.009_s0.001_gtr/c0.009_s0.001_gtr_base-snps-concat_pop	population	0.2	random	7	0.9736216283872583
simulation/sim_c0.009_s0.001/c0.009_s0.001_gtr/c0.009_s0.001_gtr_base-snps-concat_pop	population	0.2	random	8	0.9752107243942646
simulation/sim_c0.009_s0.001/c0.009_s0.001_gtr/c0.009_s0.001_gtr_base-snps-concat_pop	population	0.2	random	9	0.9737903225806451
simulation/sim_c0.009_s0.001/c0.009_s0.001_gtr/c0.009_s0.001_gtr_base-snps-concat_pop	population	0.2	random	10	0.9735939319548044
simulation/sim_c0.009_s0.001/c0.009_s0.001_gtr/c0.009_s0.001_gtr_base-snps-concat_pop	population	0.2	random	11	0.9745435117382696
simulation/sim_c0.009_s0.001/c0.009_s0.001_gtr/c0.009_s0.001_gtr_base-snps-concat_pop	population	0.2	random	12	0.9741679085941382
simulation/sim_c0.009_s0.001/c0.009_s0.001_gtr/c0.009_s0.001_gtr_base-snps-concat_pop	population	0.2	random	13	0.9738048461034708
simulation/sim_c0.009_s0.001/c0.009_s0.001_gtr/c0.009_s0.001_gtr_base-snps-concat_pop	population	0.2	random	14	0.9738396624472574
simulation/sim_c0.009_s0.001/c0.009_s0.001_gtr/c0.009_s0.001_gtr_base-snps-concat_pop	population	0.2	random	15	0.9746065253158662
simulation/sim_c0.009_s0.001/c0.009_s0.001_gtr/c0.009_s0.001_gtr_base-snps-concat_pop	population	0.2	random	16	0.9751948748698205
simulation/sim_c0.009_s0.001/c0.009_s0.001_gtr/c0.009_s0.001_gtr_base-snps-concat_pop	population	0.2	random	17	0.9750085907969136
simulation/sim_c0.009_s0.001/c0.009_s0.001_gtr/c0.009_s0.001_gtr_base-snps-concat_pop	population	0.2	random	18	0.9734859143920208
simulation/sim_c0.009_s0.001/c0.009_s0.001_gtr/c0.009_s0.001_gtr_base-snps-concat_pop	population	0.2	random	19	0.9741789211827314
simulation/sim_c0.009_s0.001/c0.009_s0.001_gtr/c0.009_s0.001_gtr_base-snps-concat_pop	population	0.2	random	20	0.9759823260217768
simulation/sim_c0.009_s0.001/c0.009_s0.001_gtr/c0.009_s0.001_gtr_base-snps-concat_pop	population	0.2	nonrandom	1	0.9729274004683841
simulation/sim_c0.009_s0.001/c0.009_s0.001_gtr/c0.009_s0.001_gtr_base-snps-concat_pop	population	0.2	nonrandom	2	0.9753144212464501
simulation/sim_c0.009_s0.001/c0.009_s0.001_gtr/c0.009_s0.001_gtr_base-snps-concat_pop	population	0.2	nonrandom	3	0.97409375
simulation/sim_c0.009_s0.001/c0.009_s0.001_gtr/c0.009_s0.001_gtr_base-snps-concat_pop	population	0.2	nonrandom	4	0.9740633105215462
simulation/sim_c0.009_s0.001/c0.009_s0.001_gtr/c0.009_s0.001_gtr_base-snps-concat_pop	population	0.2	nonrandom	5	0.9732912657753342
simulation/sim_c0.009_s0.001/c0.009_s0.001_gtr/c0.009_s0.001_gtr_base-snps-concat_pop	population	0.2	nonrandom	6	0.9750945282959907
simulation/sim_c0.009_s0.001/c0.009_s0.001_gtr/c0.009_s0.001_gtr_base-snps-concat_pop	population	0.2	nonrandom	7	0.9722578024930488
simulation/sim_c0.009_s0.001/c0.009_s0.001_gtr/c0.009_s0.001_gtr_base-snps-concat_pop	population	0.2	nonrandom	8	0.9733603997501562
simulation/sim_c0.009_s0.001/c0.009_s0.001_gtr/c0.009_s0.001_gtr_base-snps-concat_pop	population	0.2	nonrandom	9	0.9768757226336677
simulation/sim_c0.009_s0.001/c0.009_s0.001_gtr/c0.009_s0.001_gtr_base-snps-concat_pop	population	0.2	nonrandom	10	0.9746257929439704
simulation/sim_c0.009_s0.001/c0.009_s0.001_gtr/c0.009_s0.001_gtr_base-snps-concat_pop	population	0.2	nonrandom	11	0.97515625
simulation/sim_c0.009_s0.001/c0.009_s0.001_gtr/c0.009_s0.001_gtr_base-snps-concat_pop	population	0.2	nonrandom	12	0.9738165911576316
simulation/sim_c0.009_s0.001/c0.009_s0.001_gtr/c0.009_s0.001_gtr_base-snps-concat_pop	population	0.2	nonrandom	13	0.9722013993003499
simulation/sim_c0.009_s0.001/c0.009_s0.001_gtr/c0.009_s0.001_gtr_base-snps-concat_pop	population	0.2	nonrandom	14	0.972625
simulation/sim_c0.009_s0.001/c0.009_s0.001_gtr/c0.009_s0.001_gtr_base-snps-concat_pop	population	0.2	nonrandom	15	0.97278125
simulation/sim_c0.009_s0.001/c0.009_s0.001_gtr/c0.009_s0.001_gtr_base-snps-concat_pop	population	0.2	nonrandom	16	0.9731214684856242
simulation/sim_c0.009_s0.001/c0.009_s0.001_gtr/c0.009_s0.001_gtr_base-snps-concat_pop	population	0.2	nonrandom	17	0.97340625
simulation/sim_c0.009_s0.001/c0.009_s0.001_gtr/c0.009_s0.001_gtr_base-snps-concat_pop	population	0.2	nonrandom	18	0.9771257148214119
simulation/sim_c0.009_s0.001/c0.009_s0.001_gtr/c0.009_s0.001_gtr_base-snps-concat_pop	population	0.2	nonrandom	19	0.9735633261460579
simulation/sim_c0.009_s0.001/c0.009_s0.001_gtr/c0.009_s0.001_gtr_base-snps-concat_pop	population	0.2	nonrandom	20	0.9739768822243049
simulation/sim_c0.009_s0.001/c0.009_s0.001_gtr/c0.009_s0.001_gtr_base-snps-concat_pop	population	0.2	nonrandom_weighted	1	0.9727002967359051
simulation/sim_c0.009_s0.001/c0.009_s0.001_gtr/c0.009_s0.001_gtr_base-snps-concat_pop	population	0.2	nonrandom_weighted	2	0.9750007812255868
simulation/sim_c0.009_s0.001/c0.009_s0.001_gtr/c0.009_s0.001_gtr_base-snps-concat_pop	population	0.2	nonrandom_weighted	3	0.9710625
simulation/sim_c0.009_s0.001/c0.009_s0.001_gtr/c0.009_s0.001_gtr_base-snps-concat_pop	population	0.2	nonrandom_weighted	4	0.9736661466458658
simulation/sim_c0.009_s0.001/c0.009_s0.001_gtr/c0.009_s0.001_gtr_base-snps-concat_pop	population	0.2	nonrandom_weighted	5	0.9736004493540535
simulation/sim_c0.009_s0.001/c0.009_s0.001_gtr/c0.009_s0.001_gtr_base-snps-concat_pop	population	0.2	nonrandom_weighted	6	0.97221875
simulation/sim_c0.009_s0.001/c0.009_s0.001_gtr/c0.009_s0.001_gtr_base-snps-concat_pop	population	0.2	nonrandom_weighted	7	0.9734375
simulation/sim_c0.009_s0.001/c0.009_s0.001_gtr/c0.009_s0.001_gtr_base-snps-concat_pop	population	0.2	nonrandom_weighted	8	0.9711538461538461
simulation/sim_c0.009_s0.001/c0.009_s0.001_gtr/c0.009_s0.001_gtr_base-snps-concat_pop	population	0.2	nonrandom_weighted	9	0.971625
simulation/sim_c0.009_s0.001/c0.009_s0.001_gtr/c0.009_s0.001_gtr_base-snps-concat_pop	population	0.2	nonrandom_weighted	10	0.9745625
simulation/sim_c0.009_s0.001/c0.009_s0.001_gtr/c0.009_s0.001_gtr_base-snps-concat_pop	population	0.2	nonrandom_weighted	11	0.9730556683006025
simulation/sim_c0.009_s0.001/c0.009_s0.001_gtr/c0.009_s0.001_gtr_base-snps-concat_pop	population	0.2	nonrandom_weighted	12	0.9735320771225899
simulation/sim_c0.009_s0.001/c0.009_s0.001_gtr/c0.009_s0.001_gtr_base-snps-concat_pop	population	0.2	nonrandom_weighted	13	0.97434375
simulation/sim_c0.009_s0.001/c0.009_s0.001_gtr/c0.009_s0.001_gtr_base-snps-concat_pop	population	0.2	nonrandom_weighted	14	0.971529360347142
simulation/sim_c0.009_s0.001/c0.009_s0.001_gtr/c0.009_s0.001_gtr_base-snps-concat_pop	population	0.2	nonrandom_weighted	15	0.97459375
simulation/sim_c0.009_s0.001/c0.009_s0.001_gtr/c0.009_s0.001_gtr_base-snps-concat_pop	population	0.2	nonrandom_weighted	16	0.9712508984094247
simulation/sim_c0.009_s0.001/c0.009_s0.001_gtr/c0.009_s0.001_gtr_base-snps-concat_pop	population	0.2	nonrandom_weighted	17	0.9745320458735665
simulation/sim_c0.009_s0.001/c0.009_s0.001_gtr/c0.009_s0.001_gtr_base-snps-concat_pop	population	0.2	nonrandom_weighted	18	0.9735814883052806
simulation/sim_c0.009_s0.001/c0.009_s0.001_gtr/c0.009_s0.001_gtr_base-snps-concat_pop	population	0.2	nonrandom_weighted	19	0.9736480579492943
simulation/sim_c0.009_s0.001/c0.009_s0.001_gtr/c0.009_s0.001_gtr_base-snps-concat_pop	population	0.2	nonrandom_weighted	20	0.9714696415737009
