simulation/sim_c0.003_s0.007/c0.003_s0.007_gtr/c0.003_s0.007_gtr_base-snps-concat_phylo	phylo	0.2	random	1	0.9994033787602838
simulation/sim_c0.003_s0.007/c0.003_s0.007_gtr/c0.003_s0.007_gtr_base-snps-concat_phylo	phylo	0.2	random	2	0.9993163455562462
simulation/sim_c0.003_s0.007/c0.003_s0.007_gtr/c0.003_s0.007_gtr_base-snps-concat_phylo	phylo	0.2	random	3	0.9995613210503227
simulation/sim_c0.003_s0.007/c0.003_s0.007_gtr/c0.003_s0.007_gtr_base-snps-concat_phylo	phylo	0.2	random	4	0.9993796910861609
simulation/sim_c0.003_s0.007/c0.003_s0.007_gtr/c0.003_s0.007_gtr_base-snps-concat_phylo	phylo	0.2	random	5	0.999466465806735
simulation/sim_c0.003_s0.007/c0.003_s0.007_gtr/c0.003_s0.007_gtr_base-snps-concat_phylo	phylo	0.2	random	6	0.9994670679331641
simulation/sim_c0.003_s0.007/c0.003_s0.007_gtr/c0.003_s0.007_gtr_base-snps-concat_phylo	phylo	0.2	random	7	0.9994043326958648
simulation/sim_c0.003_s0.007/c0.003_s0.007_gtr/c0.003_s0.007_gtr_base-snps-concat_phylo	phylo	0.2	random	8	0.999503429440427
simulation/sim_c0.003_s0.007/c0.003_s0.007_gtr/c0.003_s0.007_gtr_base-snps-concat_phylo	phylo	0.2	random	9	0.9995648119365869
simulation/sim_c0.003_s0.007/c0.003_s0.007_gtr/c0.003_s0.007_gtr_base-snps-concat_phylo	phylo	0.2	random	10	0.9995586102528533
simulation/sim_c0.003_s0.007/c0.003_s0.007_gtr/c0.003_s0.007_gtr_base-snps-concat_phylo	phylo	0.2	random	11	0.9995345517733577
simulation/sim_c0.003_s0.007/c0.003_s0.007_gtr/c0.003_s0.007_gtr_base-snps-concat_phylo	phylo	0.2	random	12	0.9994642294358651
simulation/sim_c0.003_s0.007/c0.003_s0.007_gtr/c0.003_s0.007_gtr_base-snps-concat_phylo	phylo	0.2	random	13	0.9994038654618473
simulation/sim_c0.003_s0.007/c0.003_s0.007_gtr/c0.003_s0.007_gtr_base-snps-concat_phylo	phylo	0.2	random	14	0.9995354886659235
simulation/sim_c0.003_s0.007/c0.003_s0.007_gtr/c0.003_s0.007_gtr_base-snps-concat_phylo	phylo	0.2	random	15	0.9994960312460628
simulation/sim_c0.003_s0.007/c0.003_s0.007_gtr/c0.003_s0.007_gtr_base-snps-concat_phylo	phylo	0.2	random	16	0.9996576727974357
simulation/sim_c0.003_s0.007/c0.003_s0.007_gtr/c0.003_s0.007_gtr_base-snps-concat_phylo	phylo	0.2	random	17	0.9994675019577134
simulation/sim_c0.003_s0.007/c0.003_s0.007_gtr/c0.003_s0.007_gtr_base-snps-concat_phylo	phylo	0.2	random	18	0.9995603015075377
simulation/sim_c0.003_s0.007/c0.003_s0.007_gtr/c0.003_s0.007_gtr_base-snps-concat_phylo	phylo	0.2	random	19	0.9994699756812372
simulation/sim_c0.003_s0.007/c0.003_s0.007_gtr/c0.003_s0.007_gtr_base-snps-concat_phylo	phylo	0.2	random	20	0.9994353472614342
simulation/sim_c0.003_s0.007/c0.003_s0.007_gtr/c0.003_s0.007_gtr_base-snps-concat_phylo	phylo	0.2	nonrandom	1	0.999687656171914
simulation/sim_c0.003_s0.007/c0.003_s0.007_gtr/c0.003_s0.007_gtr_base-snps-concat_phylo	phylo	0.2	nonrandom	2	0.9999687255668491
simulation/sim_c0.003_s0.007/c0.003_s0.007_gtr/c0.003_s0.007_gtr_base-snps-concat_phylo	phylo	0.2	nonrandom	3	0.9997810378804467
simulation/sim_c0.003_s0.007/c0.003_s0.007_gtr/c0.003_s0.007_gtr_base-snps-concat_phylo	phylo	0.2	nonrandom	4	1.0
simulation/sim_c0.003_s0.007/c0.003_s0.007_gtr/c0.003_s0.007_gtr_base-snps-concat_phylo	phylo	0.2	nonrandom	5	0.9997498514743128
simulation/sim_c0.003_s0.007/c0.003_s0.007_gtr/c0.003_s0.007_gtr_base-snps-concat_phylo	phylo	0.2	nonrandom	6	0.9999374374374375
simulation/sim_c0.003_s0.007/c0.003_s0.007_gtr/c0.003_s0.007_gtr_base-snps-concat_phylo	phylo	0.2	nonrandom	7	0.9994056556556556
simulation/sim_c0.003_s0.007/c0.003_s0.007_gtr/c0.003_s0.007_gtr_base-snps-concat_phylo	phylo	0.2	nonrandom	8	0.9998123240538004
simulation/sim_c0.003_s0.007/c0.003_s0.007_gtr/c0.003_s0.007_gtr_base-snps-concat_phylo	phylo	0.2	nonrandom	9	0.9999061590916201
simulation/sim_c0.003_s0.007/c0.003_s0.007_gtr/c0.003_s0.007_gtr_base-snps-concat_phylo	phylo	0.2	nonrandom	10	0.9996561747882349
simulation/sim_c0.003_s0.007/c0.003_s0.007_gtr/c0.003_s0.007_gtr_base-snps-concat_phylo	phylo	0.2	nonrandom	11	0.99981231818324
simulation/sim_c0.003_s0.007/c0.003_s0.007_gtr/c0.003_s0.007_gtr_base-snps-concat_phylo	phylo	0.2	nonrandom	12	0.9997184684684685
simulation/sim_c0.003_s0.007/c0.003_s0.007_gtr/c0.003_s0.007_gtr_base-snps-concat_phylo	phylo	0.2	nonrandom	13	0.9976852575932935
simulation/sim_c0.003_s0.007/c0.003_s0.007_gtr/c0.003_s0.007_gtr_base-snps-concat_phylo	phylo	0.2	nonrandom	14	0.9996559059059059
simulation/sim_c0.003_s0.007/c0.003_s0.007_gtr/c0.003_s0.007_gtr_base-snps-concat_phylo	phylo	0.2	nonrandom	15	0.9975601363821202
simulation/sim_c0.003_s0.007/c0.003_s0.007_gtr/c0.003_s0.007_gtr_base-snps-concat_phylo	phylo	0.2	nonrandom	16	0.9994369369369369
simulation/sim_c0.003_s0.007/c0.003_s0.007_gtr/c0.003_s0.007_gtr_base-snps-concat_phylo	phylo	0.2	nonrandom	17	0.99962463636648
simulation/sim_c0.003_s0.007/c0.003_s0.007_gtr/c0.003_s0.007_gtr_base-snps-concat_phylo	phylo	0.2	nonrandom	18	0.9976252226353779
simulation/sim_c0.003_s0.007/c0.003_s0.007_gtr/c0.003_s0.007_gtr_base-snps-concat_phylo	phylo	0.2	nonrandom	19	0.9998748748748749
simulation/sim_c0.003_s0.007/c0.003_s0.007_gtr/c0.003_s0.007_gtr_base-snps-concat_phylo	phylo	0.2	nonrandom	20	1.0
simulation/sim_c0.003_s0.007/c0.003_s0.007_gtr/c0.003_s0.007_gtr_base-snps-concat_phylo	phylo	0.2	nonrandom_weighted	1	0.9993118118118118
simulation/sim_c0.003_s0.007/c0.003_s0.007_gtr/c0.003_s0.007_gtr_base-snps-concat_phylo	phylo	0.2	nonrandom_weighted	2	0.9997811063510429
simulation/sim_c0.003_s0.007/c0.003_s0.007_gtr/c0.003_s0.007_gtr_base-snps-concat_phylo	phylo	0.2	nonrandom_weighted	3	0.9999687304565353
simulation/sim_c0.003_s0.007/c0.003_s0.007_gtr/c0.003_s0.007_gtr_base-snps-concat_phylo	phylo	0.2	nonrandom_weighted	4	0.9986874589830932
simulation/sim_c0.003_s0.007/c0.003_s0.007_gtr/c0.003_s0.007_gtr_base-snps-concat_phylo	phylo	0.2	nonrandom_weighted	5	0.9992805530357534
simulation/sim_c0.003_s0.007/c0.003_s0.007_gtr/c0.003_s0.007_gtr_base-snps-concat_phylo	phylo	0.2	nonrandom_weighted	6	1.0
simulation/sim_c0.003_s0.007/c0.003_s0.007_gtr/c0.003_s0.007_gtr_base-snps-concat_phylo	phylo	0.2	nonrandom_weighted	7	0.9999687548820497
simulation/sim_c0.003_s0.007/c0.003_s0.007_gtr/c0.003_s0.007_gtr_base-snps-concat_phylo	phylo	0.2	nonrandom_weighted	8	0.9999061590916201
simulation/sim_c0.003_s0.007/c0.003_s0.007_gtr/c0.003_s0.007_gtr_base-snps-concat_phylo	phylo	0.2	nonrandom_weighted	9	0.9998748748748749
simulation/sim_c0.003_s0.007/c0.003_s0.007_gtr/c0.003_s0.007_gtr_base-snps-concat_phylo	phylo	0.2	nonrandom_weighted	10	0.9987175075854734
simulation/sim_c0.003_s0.007/c0.003_s0.007_gtr/c0.003_s0.007_gtr_base-snps-concat_phylo	phylo	0.2	nonrandom_weighted	11	0.9999687236105465
simulation/sim_c0.003_s0.007/c0.003_s0.007_gtr/c0.003_s0.007_gtr_base-snps-concat_phylo	phylo	0.2	nonrandom_weighted	12	0.9999061590916201
simulation/sim_c0.003_s0.007/c0.003_s0.007_gtr/c0.003_s0.007_gtr_base-snps-concat_phylo	phylo	0.2	nonrandom_weighted	13	1.0
simulation/sim_c0.003_s0.007/c0.003_s0.007_gtr/c0.003_s0.007_gtr_base-snps-concat_phylo	phylo	0.2	nonrandom_weighted	14	0.9999061590916201
simulation/sim_c0.003_s0.007/c0.003_s0.007_gtr/c0.003_s0.007_gtr_base-snps-concat_phylo	phylo	0.2	nonrandom_weighted	15	0.9999061590916201
simulation/sim_c0.003_s0.007/c0.003_s0.007_gtr/c0.003_s0.007_gtr_base-snps-concat_phylo	phylo	0.2	nonrandom_weighted	16	0.9999374393944134
simulation/sim_c0.003_s0.007/c0.003_s0.007_gtr/c0.003_s0.007_gtr_base-snps-concat_phylo	phylo	0.2	nonrandom_weighted	17	1.0
simulation/sim_c0.003_s0.007/c0.003_s0.007_gtr/c0.003_s0.007_gtr_base-snps-concat_phylo	phylo	0.2	nonrandom_weighted	18	1.0
simulation/sim_c0.003_s0.007/c0.003_s0.007_gtr/c0.003_s0.007_gtr_base-snps-concat_phylo	phylo	0.2	nonrandom_weighted	19	0.9999061561561562
simulation/sim_c0.003_s0.007/c0.003_s0.007_gtr/c0.003_s0.007_gtr_base-snps-concat_phylo	phylo	0.2	nonrandom_weighted	20	0.9999687294787204
