simulation/sim_c0.008_s0.002/c0.008_s0.002_gtr/c0.008_s0.002_gtr_base-snps-concat_phylo	phylo	0.2	random	1	0.9994670846394984
simulation/sim_c0.008_s0.002/c0.008_s0.002_gtr/c0.008_s0.002_gtr_base-snps-concat_phylo	phylo	0.2	random	2	0.9993741394417324
simulation/sim_c0.008_s0.002/c0.008_s0.002_gtr/c0.008_s0.002_gtr_base-snps-concat_phylo	phylo	0.2	random	3	0.9994405594405594
simulation/sim_c0.008_s0.002/c0.008_s0.002_gtr/c0.008_s0.002_gtr_base-snps-concat_phylo	phylo	0.2	random	4	0.9994094243441501
simulation/sim_c0.008_s0.002/c0.008_s0.002_gtr/c0.008_s0.002_gtr_base-snps-concat_phylo	phylo	0.2	random	5	0.9995596099402327
simulation/sim_c0.008_s0.002/c0.008_s0.002_gtr/c0.008_s0.002_gtr_base-snps-concat_phylo	phylo	0.2	random	6	0.9996879875195008
simulation/sim_c0.008_s0.002/c0.008_s0.002_gtr/c0.008_s0.002_gtr_base-snps-concat_phylo	phylo	0.2	random	7	0.999685900053397
simulation/sim_c0.008_s0.002/c0.008_s0.002_gtr/c0.008_s0.002_gtr_base-snps-concat_phylo	phylo	0.2	random	8	0.9995942698417652
simulation/sim_c0.008_s0.002/c0.008_s0.002_gtr/c0.008_s0.002_gtr_base-snps-concat_phylo	phylo	0.2	random	9	0.9994344069128044
simulation/sim_c0.008_s0.002/c0.008_s0.002_gtr/c0.008_s0.002_gtr_base-snps-concat_phylo	phylo	0.2	random	10	0.999442741710783
simulation/sim_c0.008_s0.002/c0.008_s0.002_gtr/c0.008_s0.002_gtr_base-snps-concat_phylo	phylo	0.2	random	11	0.999718159897285
simulation/sim_c0.008_s0.002/c0.008_s0.002_gtr/c0.008_s0.002_gtr_base-snps-concat_phylo	phylo	0.2	random	12	0.9994644994644994
simulation/sim_c0.008_s0.002/c0.008_s0.002_gtr/c0.008_s0.002_gtr_base-snps-concat_phylo	phylo	0.2	random	13	0.9996234703482899
simulation/sim_c0.008_s0.002/c0.008_s0.002_gtr/c0.008_s0.002_gtr_base-snps-concat_phylo	phylo	0.2	random	14	0.9995321710382684
simulation/sim_c0.008_s0.002/c0.008_s0.002_gtr/c0.008_s0.002_gtr_base-snps-concat_phylo	phylo	0.2	random	15	0.9995619250265975
simulation/sim_c0.008_s0.002/c0.008_s0.002_gtr/c0.008_s0.002_gtr_base-snps-concat_phylo	phylo	0.2	random	16	0.9995922464086319
simulation/sim_c0.008_s0.002/c0.008_s0.002_gtr/c0.008_s0.002_gtr_base-snps-concat_phylo	phylo	0.2	random	17	0.9994365138993239
simulation/sim_c0.008_s0.002/c0.008_s0.002_gtr/c0.008_s0.002_gtr_base-snps-concat_phylo	phylo	0.2	random	18	0.9993799218701557
simulation/sim_c0.008_s0.002/c0.008_s0.002_gtr/c0.008_s0.002_gtr_base-snps-concat_phylo	phylo	0.2	random	19	0.9995647307548813
simulation/sim_c0.008_s0.002/c0.008_s0.002_gtr/c0.008_s0.002_gtr_base-snps-concat_phylo	phylo	0.2	random	20	0.9994381145621976
simulation/sim_c0.008_s0.002/c0.008_s0.002_gtr/c0.008_s0.002_gtr_base-snps-concat_phylo	phylo	0.2	nonrandom	1	0.9999375
simulation/sim_c0.008_s0.002/c0.008_s0.002_gtr/c0.008_s0.002_gtr_base-snps-concat_phylo	phylo	0.2	nonrandom	2	0.99990625
simulation/sim_c0.008_s0.002/c0.008_s0.002_gtr/c0.008_s0.002_gtr_base-snps-concat_phylo	phylo	0.2	nonrandom	3	0.9998437548826599
simulation/sim_c0.008_s0.002/c0.008_s0.002_gtr/c0.008_s0.002_gtr_base-snps-concat_phylo	phylo	0.2	nonrandom	4	0.9995941811824935
simulation/sim_c0.008_s0.002/c0.008_s0.002_gtr/c0.008_s0.002_gtr_base-snps-concat_phylo	phylo	0.2	nonrandom	5	0.9999687509765319
simulation/sim_c0.008_s0.002/c0.008_s0.002_gtr/c0.008_s0.002_gtr_base-snps-concat_phylo	phylo	0.2	nonrandom	6	0.99996875
simulation/sim_c0.008_s0.002/c0.008_s0.002_gtr/c0.008_s0.002_gtr_base-snps-concat_phylo	phylo	0.2	nonrandom	7	0.9998125
simulation/sim_c0.008_s0.002/c0.008_s0.002_gtr/c0.008_s0.002_gtr_base-snps-concat_phylo	phylo	0.2	nonrandom	8	0.99990625
simulation/sim_c0.008_s0.002/c0.008_s0.002_gtr/c0.008_s0.002_gtr_base-snps-concat_phylo	phylo	0.2	nonrandom	9	0.9976255194176274
simulation/sim_c0.008_s0.002/c0.008_s0.002_gtr/c0.008_s0.002_gtr_base-snps-concat_phylo	phylo	0.2	nonrandom	10	0.9988125
simulation/sim_c0.008_s0.002/c0.008_s0.002_gtr/c0.008_s0.002_gtr_base-snps-concat_phylo	phylo	0.2	nonrandom	11	0.999937501953064
simulation/sim_c0.008_s0.002/c0.008_s0.002_gtr/c0.008_s0.002_gtr_base-snps-concat_phylo	phylo	0.2	nonrandom	12	0.9994687666010437
simulation/sim_c0.008_s0.002/c0.008_s0.002_gtr/c0.008_s0.002_gtr_base-snps-concat_phylo	phylo	0.2	nonrandom	13	1.0
simulation/sim_c0.008_s0.002/c0.008_s0.002_gtr/c0.008_s0.002_gtr_base-snps-concat_phylo	phylo	0.2	nonrandom	14	1.0
simulation/sim_c0.008_s0.002/c0.008_s0.002_gtr/c0.008_s0.002_gtr_base-snps-concat_phylo	phylo	0.2	nonrandom	15	0.9975625
simulation/sim_c0.008_s0.002/c0.008_s0.002_gtr/c0.008_s0.002_gtr_base-snps-concat_phylo	phylo	0.2	nonrandom	16	0.999656689866109
simulation/sim_c0.008_s0.002/c0.008_s0.002_gtr/c0.008_s0.002_gtr_base-snps-concat_phylo	phylo	0.2	nonrandom	17	0.9998437548826599
simulation/sim_c0.008_s0.002/c0.008_s0.002_gtr/c0.008_s0.002_gtr_base-snps-concat_phylo	phylo	0.2	nonrandom	18	0.999937501953064
simulation/sim_c0.008_s0.002/c0.008_s0.002_gtr/c0.008_s0.002_gtr_base-snps-concat_phylo	phylo	0.2	nonrandom	19	0.9999687509765319
simulation/sim_c0.008_s0.002/c0.008_s0.002_gtr/c0.008_s0.002_gtr_base-snps-concat_phylo	phylo	0.2	nonrandom	20	0.9997191537165325
simulation/sim_c0.008_s0.002/c0.008_s0.002_gtr/c0.008_s0.002_gtr_base-snps-concat_phylo	phylo	0.2	nonrandom_weighted	1	0.99984375
simulation/sim_c0.008_s0.002/c0.008_s0.002_gtr/c0.008_s0.002_gtr_base-snps-concat_phylo	phylo	0.2	nonrandom_weighted	2	0.99865625
simulation/sim_c0.008_s0.002/c0.008_s0.002_gtr/c0.008_s0.002_gtr_base-snps-concat_phylo	phylo	0.2	nonrandom_weighted	3	0.9998437548826599
simulation/sim_c0.008_s0.002/c0.008_s0.002_gtr/c0.008_s0.002_gtr_base-snps-concat_phylo	phylo	0.2	nonrandom_weighted	4	0.9999063173344159
simulation/sim_c0.008_s0.002/c0.008_s0.002_gtr/c0.008_s0.002_gtr_base-snps-concat_phylo	phylo	0.2	nonrandom_weighted	5	0.9993125214837036
simulation/sim_c0.008_s0.002/c0.008_s0.002_gtr/c0.008_s0.002_gtr_base-snps-concat_phylo	phylo	0.2	nonrandom_weighted	6	0.9997812568357238
simulation/sim_c0.008_s0.002/c0.008_s0.002_gtr/c0.008_s0.002_gtr_base-snps-concat_phylo	phylo	0.2	nonrandom_weighted	7	0.9998439450686641
simulation/sim_c0.008_s0.002/c0.008_s0.002_gtr/c0.008_s0.002_gtr_base-snps-concat_phylo	phylo	0.2	nonrandom_weighted	8	0.9996875
simulation/sim_c0.008_s0.002/c0.008_s0.002_gtr/c0.008_s0.002_gtr_base-snps-concat_phylo	phylo	0.2	nonrandom_weighted	9	0.99984375
simulation/sim_c0.008_s0.002/c0.008_s0.002_gtr/c0.008_s0.002_gtr_base-snps-concat_phylo	phylo	0.2	nonrandom_weighted	10	0.99984375
simulation/sim_c0.008_s0.002/c0.008_s0.002_gtr/c0.008_s0.002_gtr_base-snps-concat_phylo	phylo	0.2	nonrandom_weighted	11	0.9998125058591919
simulation/sim_c0.008_s0.002/c0.008_s0.002_gtr/c0.008_s0.002_gtr_base-snps-concat_phylo	phylo	0.2	nonrandom_weighted	12	0.9998750663709904
simulation/sim_c0.008_s0.002/c0.008_s0.002_gtr/c0.008_s0.002_gtr_base-snps-concat_phylo	phylo	0.2	nonrandom_weighted	13	0.9984397428696249
simulation/sim_c0.008_s0.002/c0.008_s0.002_gtr/c0.008_s0.002_gtr_base-snps-concat_phylo	phylo	0.2	nonrandom_weighted	14	0.9995625136714478
simulation/sim_c0.008_s0.002/c0.008_s0.002_gtr/c0.008_s0.002_gtr_base-snps-concat_phylo	phylo	0.2	nonrandom_weighted	15	0.9997815026375753
simulation/sim_c0.008_s0.002/c0.008_s0.002_gtr/c0.008_s0.002_gtr_base-snps-concat_phylo	phylo	0.2	nonrandom_weighted	16	0.9997500078122559
simulation/sim_c0.008_s0.002/c0.008_s0.002_gtr/c0.008_s0.002_gtr_base-snps-concat_phylo	phylo	0.2	nonrandom_weighted	17	0.9995937626949157
simulation/sim_c0.008_s0.002/c0.008_s0.002_gtr/c0.008_s0.002_gtr_base-snps-concat_phylo	phylo	0.2	nonrandom_weighted	18	0.99984375
simulation/sim_c0.008_s0.002/c0.008_s0.002_gtr/c0.008_s0.002_gtr_base-snps-concat_phylo	phylo	0.2	nonrandom_weighted	19	0.999500530686146
simulation/sim_c0.008_s0.002/c0.008_s0.002_gtr/c0.008_s0.002_gtr_base-snps-concat_phylo	phylo	0.2	nonrandom_weighted	20	0.9996875
