simulation/sim_c0.006_s0.004/c0.006_s0.004_gtrgamma/c0.006_s0.004_gtrgamma_base-snps-concat_global	global	0.2	random	1	0.9661703320665379
simulation/sim_c0.006_s0.004/c0.006_s0.004_gtrgamma/c0.006_s0.004_gtrgamma_base-snps-concat_global	global	0.2	random	2	0.9660921693518172
simulation/sim_c0.006_s0.004/c0.006_s0.004_gtrgamma/c0.006_s0.004_gtrgamma_base-snps-concat_global	global	0.2	random	3	0.9651916661421288
simulation/sim_c0.006_s0.004/c0.006_s0.004_gtrgamma/c0.006_s0.004_gtrgamma_base-snps-concat_global	global	0.2	random	4	0.9676609105180534
simulation/sim_c0.006_s0.004/c0.006_s0.004_gtrgamma/c0.006_s0.004_gtrgamma_base-snps-concat_global	global	0.2	random	5	0.9678575843738411
simulation/sim_c0.006_s0.004/c0.006_s0.004_gtrgamma/c0.006_s0.004_gtrgamma_base-snps-concat_global	global	0.2	random	6	0.9645649745562864
simulation/sim_c0.006_s0.004/c0.006_s0.004_gtrgamma/c0.006_s0.004_gtrgamma_base-snps-concat_global	global	0.2	random	7	0.9663233714538447
simulation/sim_c0.006_s0.004/c0.006_s0.004_gtrgamma/c0.006_s0.004_gtrgamma_base-snps-concat_global	global	0.2	random	8	0.9638486160798343
simulation/sim_c0.006_s0.004/c0.006_s0.004_gtrgamma/c0.006_s0.004_gtrgamma_base-snps-concat_global	global	0.2	random	9	0.9661249143782302
simulation/sim_c0.006_s0.004/c0.006_s0.004_gtrgamma/c0.006_s0.004_gtrgamma_base-snps-concat_global	global	0.2	random	10	0.9640141915864167
simulation/sim_c0.006_s0.004/c0.006_s0.004_gtrgamma/c0.006_s0.004_gtrgamma_base-snps-concat_global	global	0.2	random	11	0.9666061023745379
simulation/sim_c0.006_s0.004/c0.006_s0.004_gtrgamma/c0.006_s0.004_gtrgamma_base-snps-concat_global	global	0.2	random	12	0.963873990506134
simulation/sim_c0.006_s0.004/c0.006_s0.004_gtrgamma/c0.006_s0.004_gtrgamma_base-snps-concat_global	global	0.2	random	13	0.9655737704918033
simulation/sim_c0.006_s0.004/c0.006_s0.004_gtrgamma/c0.006_s0.004_gtrgamma_base-snps-concat_global	global	0.2	random	14	0.964591804817016
simulation/sim_c0.006_s0.004/c0.006_s0.004_gtrgamma/c0.006_s0.004_gtrgamma_base-snps-concat_global	global	0.2	random	15	0.9667023352426513
simulation/sim_c0.006_s0.004/c0.006_s0.004_gtrgamma/c0.006_s0.004_gtrgamma_base-snps-concat_global	global	0.2	random	16	0.9659974905897114
simulation/sim_c0.006_s0.004/c0.006_s0.004_gtrgamma/c0.006_s0.004_gtrgamma_base-snps-concat_global	global	0.2	random	17	0.9622085735773377
simulation/sim_c0.006_s0.004/c0.006_s0.004_gtrgamma/c0.006_s0.004_gtrgamma_base-snps-concat_global	global	0.2	random	18	0.9653668867571945
simulation/sim_c0.006_s0.004/c0.006_s0.004_gtrgamma/c0.006_s0.004_gtrgamma_base-snps-concat_global	global	0.2	random	19	0.9635751263020021
simulation/sim_c0.006_s0.004/c0.006_s0.004_gtrgamma/c0.006_s0.004_gtrgamma_base-snps-concat_global	global	0.2	random	20	0.9647882919507161
simulation/sim_c0.006_s0.004/c0.006_s0.004_gtrgamma/c0.006_s0.004_gtrgamma_base-snps-concat_global	global	0.2	nonrandom	1	0.9655710097923034
simulation/sim_c0.006_s0.004/c0.006_s0.004_gtrgamma/c0.006_s0.004_gtrgamma_base-snps-concat_global	global	0.2	nonrandom	2	0.9648771951753016
simulation/sim_c0.006_s0.004/c0.006_s0.004_gtrgamma/c0.006_s0.004_gtrgamma_base-snps-concat_global	global	0.2	nonrandom	3	0.964127242047372
simulation/sim_c0.006_s0.004/c0.006_s0.004_gtrgamma/c0.006_s0.004_gtrgamma_base-snps-concat_global	global	0.2	nonrandom	4	0.9643770665668476
simulation/sim_c0.006_s0.004/c0.006_s0.004_gtrgamma/c0.006_s0.004_gtrgamma_base-snps-concat_global	global	0.2	nonrandom	5	0.9647522029873133
simulation/sim_c0.006_s0.004/c0.006_s0.004_gtrgamma/c0.006_s0.004_gtrgamma_base-snps-concat_global	global	0.2	nonrandom	6	0.965627148303231
simulation/sim_c0.006_s0.004/c0.006_s0.004_gtrgamma/c0.006_s0.004_gtrgamma_base-snps-concat_global	global	0.2	nonrandom	7	0.9570651834260359
simulation/sim_c0.006_s0.004/c0.006_s0.004_gtrgamma/c0.006_s0.004_gtrgamma_base-snps-concat_global	global	0.2	nonrandom	8	0.9728464419475655
simulation/sim_c0.006_s0.004/c0.006_s0.004_gtrgamma/c0.006_s0.004_gtrgamma_base-snps-concat_global	global	0.2	nonrandom	9	0.9634785865900861
simulation/sim_c0.006_s0.004/c0.006_s0.004_gtrgamma/c0.006_s0.004_gtrgamma_base-snps-concat_global	global	0.2	nonrandom	10	0.96212736703956
simulation/sim_c0.006_s0.004/c0.006_s0.004_gtrgamma/c0.006_s0.004_gtrgamma_base-snps-concat_global	global	0.2	nonrandom	11	0.9613149178176364
simulation/sim_c0.006_s0.004/c0.006_s0.004_gtrgamma/c0.006_s0.004_gtrgamma_base-snps-concat_global	global	0.2	nonrandom	12	0.9672622766462576
simulation/sim_c0.006_s0.004/c0.006_s0.004_gtrgamma/c0.006_s0.004_gtrgamma_base-snps-concat_global	global	0.2	nonrandom	13	0.9605600350021877
simulation/sim_c0.006_s0.004/c0.006_s0.004_gtrgamma/c0.006_s0.004_gtrgamma_base-snps-concat_global	global	0.2	nonrandom	14	0.963935245952872
simulation/sim_c0.006_s0.004/c0.006_s0.004_gtrgamma/c0.006_s0.004_gtrgamma_base-snps-concat_global	global	0.2	nonrandom	15	0.9655646522092369
simulation/sim_c0.006_s0.004/c0.006_s0.004_gtrgamma/c0.006_s0.004_gtrgamma_base-snps-concat_global	global	0.2	nonrandom	16	0.9657842157842158
simulation/sim_c0.006_s0.004/c0.006_s0.004_gtrgamma/c0.006_s0.004_gtrgamma_base-snps-concat_global	global	0.2	nonrandom	17	0.96675
simulation/sim_c0.006_s0.004/c0.006_s0.004_gtrgamma/c0.006_s0.004_gtrgamma_base-snps-concat_global	global	0.2	nonrandom	18	0.9678145115930255
simulation/sim_c0.006_s0.004/c0.006_s0.004_gtrgamma/c0.006_s0.004_gtrgamma_base-snps-concat_global	global	0.2	nonrandom	19	0.9683382251920315
simulation/sim_c0.006_s0.004/c0.006_s0.004_gtrgamma/c0.006_s0.004_gtrgamma_base-snps-concat_global	global	0.2	nonrandom	20	0.9658125
simulation/sim_c0.006_s0.004/c0.006_s0.004_gtrgamma/c0.006_s0.004_gtrgamma_base-snps-concat_global	global	0.2	nonrandom_weighted	1	0.9658146365852134
simulation/sim_c0.006_s0.004/c0.006_s0.004_gtrgamma/c0.006_s0.004_gtrgamma_base-snps-concat_global	global	0.2	nonrandom_weighted	2	0.9629976873554598
simulation/sim_c0.006_s0.004/c0.006_s0.004_gtrgamma/c0.006_s0.004_gtrgamma_base-snps-concat_global	global	0.2	nonrandom_weighted	3	0.9627154634024482
simulation/sim_c0.006_s0.004/c0.006_s0.004_gtrgamma/c0.006_s0.004_gtrgamma_base-snps-concat_global	global	0.2	nonrandom_weighted	4	0.9665854724876647
simulation/sim_c0.006_s0.004/c0.006_s0.004_gtrgamma/c0.006_s0.004_gtrgamma_base-snps-concat_global	global	0.2	nonrandom_weighted	5	0.964627210799325
simulation/sim_c0.006_s0.004/c0.006_s0.004_gtrgamma/c0.006_s0.004_gtrgamma_base-snps-concat_global	global	0.2	nonrandom_weighted	6	0.9646227889243078
simulation/sim_c0.006_s0.004/c0.006_s0.004_gtrgamma/c0.006_s0.004_gtrgamma_base-snps-concat_global	global	0.2	nonrandom_weighted	7	0.9628935532233883
simulation/sim_c0.006_s0.004/c0.006_s0.004_gtrgamma/c0.006_s0.004_gtrgamma_base-snps-concat_global	global	0.2	nonrandom_weighted	8	0.9589006870705808
simulation/sim_c0.006_s0.004/c0.006_s0.004_gtrgamma/c0.006_s0.004_gtrgamma_base-snps-concat_global	global	0.2	nonrandom_weighted	9	0.968375
simulation/sim_c0.006_s0.004/c0.006_s0.004_gtrgamma/c0.006_s0.004_gtrgamma_base-snps-concat_global	global	0.2	nonrandom_weighted	10	0.969125
simulation/sim_c0.006_s0.004/c0.006_s0.004_gtrgamma/c0.006_s0.004_gtrgamma_base-snps-concat_global	global	0.2	nonrandom_weighted	11	0.9591900506218362
simulation/sim_c0.006_s0.004/c0.006_s0.004_gtrgamma/c0.006_s0.004_gtrgamma_base-snps-concat_global	global	0.2	nonrandom_weighted	12	0.9600649959377539
simulation/sim_c0.006_s0.004/c0.006_s0.004_gtrgamma/c0.006_s0.004_gtrgamma_base-snps-concat_global	global	0.2	nonrandom_weighted	13	0.9635625
simulation/sim_c0.006_s0.004/c0.006_s0.004_gtrgamma/c0.006_s0.004_gtrgamma_base-snps-concat_global	global	0.2	nonrandom_weighted	14	0.96675
simulation/sim_c0.006_s0.004/c0.006_s0.004_gtrgamma/c0.006_s0.004_gtrgamma_base-snps-concat_global	global	0.2	nonrandom_weighted	15	0.9645465326758629
simulation/sim_c0.006_s0.004/c0.006_s0.004_gtrgamma/c0.006_s0.004_gtrgamma_base-snps-concat_global	global	0.2	nonrandom_weighted	16	0.9607904251340232
simulation/sim_c0.006_s0.004/c0.006_s0.004_gtrgamma/c0.006_s0.004_gtrgamma_base-snps-concat_global	global	0.2	nonrandom_weighted	17	0.9664354022126382
simulation/sim_c0.006_s0.004/c0.006_s0.004_gtrgamma/c0.006_s0.004_gtrgamma_base-snps-concat_global	global	0.2	nonrandom_weighted	18	0.9677520154990313
simulation/sim_c0.006_s0.004/c0.006_s0.004_gtrgamma/c0.006_s0.004_gtrgamma_base-snps-concat_global	global	0.2	nonrandom_weighted	19	0.9651446061590355
simulation/sim_c0.006_s0.004/c0.006_s0.004_gtrgamma/c0.006_s0.004_gtrgamma_base-snps-concat_global	global	0.2	nonrandom_weighted	20	0.9615649021936129
