simulation/sim_c0.008_s0.002/c0.008_s0.002_gtrgamma/c0.008_s0.002_gtrgamma_base-snps-concat_popWrong	population2	0.2	random	1	0.969626753507014
simulation/sim_c0.008_s0.002/c0.008_s0.002_gtrgamma/c0.008_s0.002_gtrgamma_base-snps-concat_popWrong	population2	0.2	random	2	0.970529345513703
simulation/sim_c0.008_s0.002/c0.008_s0.002_gtrgamma/c0.008_s0.002_gtrgamma_base-snps-concat_popWrong	population2	0.2	random	3	0.9709973916283692
simulation/sim_c0.008_s0.002/c0.008_s0.002_gtrgamma/c0.008_s0.002_gtrgamma_base-snps-concat_popWrong	population2	0.2	random	4	0.9709626842270305
simulation/sim_c0.008_s0.002/c0.008_s0.002_gtrgamma/c0.008_s0.002_gtrgamma_base-snps-concat_popWrong	population2	0.2	random	5	0.9726147305239464
simulation/sim_c0.008_s0.002/c0.008_s0.002_gtrgamma/c0.008_s0.002_gtrgamma_base-snps-concat_popWrong	population2	0.2	random	6	0.9705425393076875
simulation/sim_c0.008_s0.002/c0.008_s0.002_gtrgamma/c0.008_s0.002_gtrgamma_base-snps-concat_popWrong	population2	0.2	random	7	0.9727176021525562
simulation/sim_c0.008_s0.002/c0.008_s0.002_gtrgamma/c0.008_s0.002_gtrgamma_base-snps-concat_popWrong	population2	0.2	random	8	0.9716827465229921
simulation/sim_c0.008_s0.002/c0.008_s0.002_gtrgamma/c0.008_s0.002_gtrgamma_base-snps-concat_popWrong	population2	0.2	random	9	0.9720314960629921
simulation/sim_c0.008_s0.002/c0.008_s0.002_gtrgamma/c0.008_s0.002_gtrgamma_base-snps-concat_popWrong	population2	0.2	random	10	0.973272288560292
simulation/sim_c0.008_s0.002/c0.008_s0.002_gtrgamma/c0.008_s0.002_gtrgamma_base-snps-concat_popWrong	population2	0.2	random	11	0.969717998864425
simulation/sim_c0.008_s0.002/c0.008_s0.002_gtrgamma/c0.008_s0.002_gtrgamma_base-snps-concat_popWrong	population2	0.2	random	12	0.9729272419627749
simulation/sim_c0.008_s0.002/c0.008_s0.002_gtrgamma/c0.008_s0.002_gtrgamma_base-snps-concat_popWrong	population2	0.2	random	13	0.9722656983659926
simulation/sim_c0.008_s0.002/c0.008_s0.002_gtrgamma/c0.008_s0.002_gtrgamma_base-snps-concat_popWrong	population2	0.2	random	14	0.9721580623010175
simulation/sim_c0.008_s0.002/c0.008_s0.002_gtrgamma/c0.008_s0.002_gtrgamma_base-snps-concat_popWrong	population2	0.2	random	15	0.974354174466492
simulation/sim_c0.008_s0.002/c0.008_s0.002_gtrgamma/c0.008_s0.002_gtrgamma_base-snps-concat_popWrong	population2	0.2	random	16	0.9727404057534075
simulation/sim_c0.008_s0.002/c0.008_s0.002_gtrgamma/c0.008_s0.002_gtrgamma_base-snps-concat_popWrong	population2	0.2	random	17	0.9718870506281876
simulation/sim_c0.008_s0.002/c0.008_s0.002_gtrgamma/c0.008_s0.002_gtrgamma_base-snps-concat_popWrong	population2	0.2	random	18	0.9722084367245658
simulation/sim_c0.008_s0.002/c0.008_s0.002_gtrgamma/c0.008_s0.002_gtrgamma_base-snps-concat_popWrong	population2	0.2	random	19	0.9722099968563345
simulation/sim_c0.008_s0.002/c0.008_s0.002_gtrgamma/c0.008_s0.002_gtrgamma_base-snps-concat_popWrong	population2	0.2	random	20	0.9754494730316181
simulation/sim_c0.008_s0.002/c0.008_s0.002_gtrgamma/c0.008_s0.002_gtrgamma_base-snps-concat_popWrong	population2	0.2	nonrandom	1	0.9716267733266671
simulation/sim_c0.008_s0.002/c0.008_s0.002_gtrgamma/c0.008_s0.002_gtrgamma_base-snps-concat_popWrong	population2	0.2	nonrandom	2	0.9707518280107493
simulation/sim_c0.008_s0.002/c0.008_s0.002_gtrgamma/c0.008_s0.002_gtrgamma_base-snps-concat_popWrong	population2	0.2	nonrandom	3	0.964127242047372
simulation/sim_c0.008_s0.002/c0.008_s0.002_gtrgamma/c0.008_s0.002_gtrgamma_base-snps-concat_popWrong	population2	0.2	nonrandom	4	0.9690605662853928
simulation/sim_c0.008_s0.002/c0.008_s0.002_gtrgamma/c0.008_s0.002_gtrgamma_base-snps-concat_popWrong	population2	0.2	nonrandom	5	0.9742725115523917
simulation/sim_c0.008_s0.002/c0.008_s0.002_gtrgamma/c0.008_s0.002_gtrgamma_base-snps-concat_popWrong	population2	0.2	nonrandom	6	0.9713608286017346
simulation/sim_c0.008_s0.002/c0.008_s0.002_gtrgamma/c0.008_s0.002_gtrgamma_base-snps-concat_popWrong	population2	0.2	nonrandom	7	0.9735016561464909
simulation/sim_c0.008_s0.002/c0.008_s0.002_gtrgamma/c0.008_s0.002_gtrgamma_base-snps-concat_popWrong	population2	0.2	nonrandom	8	0.9731702751606663
simulation/sim_c0.008_s0.002/c0.008_s0.002_gtrgamma/c0.008_s0.002_gtrgamma_base-snps-concat_popWrong	population2	0.2	nonrandom	9	0.974171813587872
simulation/sim_c0.008_s0.002/c0.008_s0.002_gtrgamma/c0.008_s0.002_gtrgamma_base-snps-concat_popWrong	population2	0.2	nonrandom	10	0.9704559650218614
simulation/sim_c0.008_s0.002/c0.008_s0.002_gtrgamma/c0.008_s0.002_gtrgamma_base-snps-concat_popWrong	population2	0.2	nonrandom	11	0.9699981248828051
simulation/sim_c0.008_s0.002/c0.008_s0.002_gtrgamma/c0.008_s0.002_gtrgamma_base-snps-concat_popWrong	population2	0.2	nonrandom	12	0.9696856053503344
simulation/sim_c0.008_s0.002/c0.008_s0.002_gtrgamma/c0.008_s0.002_gtrgamma_base-snps-concat_popWrong	population2	0.2	nonrandom	13	0.9668104256516032
simulation/sim_c0.008_s0.002/c0.008_s0.002_gtrgamma/c0.008_s0.002_gtrgamma_base-snps-concat_popWrong	population2	0.2	nonrandom	14	0.9650021873632898
simulation/sim_c0.008_s0.002/c0.008_s0.002_gtrgamma/c0.008_s0.002_gtrgamma_base-snps-concat_popWrong	population2	0.2	nonrandom	15	0.9759600374648767
simulation/sim_c0.008_s0.002/c0.008_s0.002_gtrgamma/c0.008_s0.002_gtrgamma_base-snps-concat_popWrong	population2	0.2	nonrandom	16	0.9701957850105998
simulation/sim_c0.008_s0.002/c0.008_s0.002_gtrgamma/c0.008_s0.002_gtrgamma_base-snps-concat_popWrong	population2	0.2	nonrandom	17	0.9730016873945379
simulation/sim_c0.008_s0.002/c0.008_s0.002_gtrgamma/c0.008_s0.002_gtrgamma_base-snps-concat_popWrong	population2	0.2	nonrandom	18	0.9677520154990313
simulation/sim_c0.008_s0.002/c0.008_s0.002_gtrgamma/c0.008_s0.002_gtrgamma_base-snps-concat_popWrong	population2	0.2	nonrandom	19	0.9663488502523836
simulation/sim_c0.008_s0.002/c0.008_s0.002_gtrgamma/c0.008_s0.002_gtrgamma_base-snps-concat_popWrong	population2	0.2	nonrandom	20	0.9691913510811149
simulation/sim_c0.008_s0.002/c0.008_s0.002_gtrgamma/c0.008_s0.002_gtrgamma_base-snps-concat_popWrong	population2	0.2	nonrandom_weighted	1	0.9745609100568785
simulation/sim_c0.008_s0.002/c0.008_s0.002_gtrgamma/c0.008_s0.002_gtrgamma_base-snps-concat_popWrong	population2	0.2	nonrandom_weighted	2	0.9645647147053309
simulation/sim_c0.008_s0.002/c0.008_s0.002_gtrgamma/c0.008_s0.002_gtrgamma_base-snps-concat_popWrong	population2	0.2	nonrandom_weighted	3	0.9681855115944746
simulation/sim_c0.008_s0.002/c0.008_s0.002_gtrgamma/c0.008_s0.002_gtrgamma_base-snps-concat_popWrong	population2	0.2	nonrandom_weighted	4	0.9661917260342457
simulation/sim_c0.008_s0.002/c0.008_s0.002_gtrgamma/c0.008_s0.002_gtrgamma_base-snps-concat_popWrong	population2	0.2	nonrandom_weighted	5	0.9638102381398838
simulation/sim_c0.008_s0.002/c0.008_s0.002_gtrgamma/c0.008_s0.002_gtrgamma_base-snps-concat_popWrong	population2	0.2	nonrandom_weighted	6	0.9682519842509844
simulation/sim_c0.008_s0.002/c0.008_s0.002_gtrgamma/c0.008_s0.002_gtrgamma_base-snps-concat_popWrong	population2	0.2	nonrandom_weighted	7	0.9713107069191824
simulation/sim_c0.008_s0.002/c0.008_s0.002_gtrgamma/c0.008_s0.002_gtrgamma_base-snps-concat_popWrong	population2	0.2	nonrandom_weighted	8	0.9763735233452091
simulation/sim_c0.008_s0.002/c0.008_s0.002_gtrgamma/c0.008_s0.002_gtrgamma_base-snps-concat_popWrong	population2	0.2	nonrandom_weighted	9	0.9714552820193206
simulation/sim_c0.008_s0.002/c0.008_s0.002_gtrgamma/c0.008_s0.002_gtrgamma_base-snps-concat_popWrong	population2	0.2	nonrandom_weighted	10	0.9673125
simulation/sim_c0.008_s0.002/c0.008_s0.002_gtrgamma/c0.008_s0.002_gtrgamma_base-snps-concat_popWrong	population2	0.2	nonrandom_weighted	11	0.9744984061503844
simulation/sim_c0.008_s0.002/c0.008_s0.002_gtrgamma/c0.008_s0.002_gtrgamma_base-snps-concat_popWrong	population2	0.2	nonrandom_weighted	12	0.9681309754421046
simulation/sim_c0.008_s0.002/c0.008_s0.002_gtrgamma/c0.008_s0.002_gtrgamma_base-snps-concat_popWrong	population2	0.2	nonrandom_weighted	13	0.9719672847599425
simulation/sim_c0.008_s0.002/c0.008_s0.002_gtrgamma/c0.008_s0.002_gtrgamma_base-snps-concat_popWrong	population2	0.2	nonrandom_weighted	14	0.974235807860262
simulation/sim_c0.008_s0.002/c0.008_s0.002_gtrgamma/c0.008_s0.002_gtrgamma_base-snps-concat_popWrong	population2	0.2	nonrandom_weighted	15	0.9693641979160167
simulation/sim_c0.008_s0.002/c0.008_s0.002_gtrgamma/c0.008_s0.002_gtrgamma_base-snps-concat_popWrong	population2	0.2	nonrandom_weighted	16	0.9733733358334896
simulation/sim_c0.008_s0.002/c0.008_s0.002_gtrgamma/c0.008_s0.002_gtrgamma_base-snps-concat_popWrong	population2	0.2	nonrandom_weighted	17	0.9686230389399337
simulation/sim_c0.008_s0.002/c0.008_s0.002_gtrgamma/c0.008_s0.002_gtrgamma_base-snps-concat_popWrong	population2	0.2	nonrandom_weighted	18	0.9709393162927317
simulation/sim_c0.008_s0.002/c0.008_s0.002_gtrgamma/c0.008_s0.002_gtrgamma_base-snps-concat_popWrong	population2	0.2	nonrandom_weighted	19	0.9690605662853928
simulation/sim_c0.008_s0.002/c0.008_s0.002_gtrgamma/c0.008_s0.002_gtrgamma_base-snps-concat_popWrong	population2	0.2	nonrandom_weighted	20	0.9730608163010188
