simulation/sim_c0.004_s0.006/c0.004_s0.006_gtrgamma/c0.004_s0.006_gtrgamma_base-snps-concat_popWrong	population2	0.2	random	1	0.9550966275104206
simulation/sim_c0.004_s0.006/c0.004_s0.006_gtrgamma/c0.004_s0.006_gtrgamma_base-snps-concat_popWrong	population2	0.2	random	2	0.958215519949733
simulation/sim_c0.004_s0.006/c0.004_s0.006_gtrgamma/c0.004_s0.006_gtrgamma_base-snps-concat_popWrong	population2	0.2	random	3	0.9544539506794162
simulation/sim_c0.004_s0.006/c0.004_s0.006_gtrgamma/c0.004_s0.006_gtrgamma_base-snps-concat_popWrong	population2	0.2	random	4	0.9578512913513851
simulation/sim_c0.004_s0.006/c0.004_s0.006_gtrgamma/c0.004_s0.006_gtrgamma_base-snps-concat_popWrong	population2	0.2	random	5	0.9544407792369453
simulation/sim_c0.004_s0.006/c0.004_s0.006_gtrgamma/c0.004_s0.006_gtrgamma_base-snps-concat_popWrong	population2	0.2	random	6	0.9578095830740511
simulation/sim_c0.004_s0.006/c0.004_s0.006_gtrgamma/c0.004_s0.006_gtrgamma_base-snps-concat_popWrong	population2	0.2	random	7	0.959526036794512
simulation/sim_c0.004_s0.006/c0.004_s0.006_gtrgamma/c0.004_s0.006_gtrgamma_base-snps-concat_popWrong	population2	0.2	random	8	0.9544335752603345
simulation/sim_c0.004_s0.006/c0.004_s0.006_gtrgamma/c0.004_s0.006_gtrgamma_base-snps-concat_popWrong	population2	0.2	random	9	0.9574216807558429
simulation/sim_c0.004_s0.006/c0.004_s0.006_gtrgamma/c0.004_s0.006_gtrgamma_base-snps-concat_popWrong	population2	0.2	random	10	0.9600151123984636
simulation/sim_c0.004_s0.006/c0.004_s0.006_gtrgamma/c0.004_s0.006_gtrgamma_base-snps-concat_popWrong	population2	0.2	random	11	0.957847196085811
simulation/sim_c0.004_s0.006/c0.004_s0.006_gtrgamma/c0.004_s0.006_gtrgamma_base-snps-concat_popWrong	population2	0.2	random	12	0.9587422641745327
simulation/sim_c0.004_s0.006/c0.004_s0.006_gtrgamma/c0.004_s0.006_gtrgamma_base-snps-concat_popWrong	population2	0.2	random	13	0.9561436672967863
simulation/sim_c0.004_s0.006/c0.004_s0.006_gtrgamma/c0.004_s0.006_gtrgamma_base-snps-concat_popWrong	population2	0.2	random	14	0.9576302962129734
simulation/sim_c0.004_s0.006/c0.004_s0.006_gtrgamma/c0.004_s0.006_gtrgamma_base-snps-concat_popWrong	population2	0.2	random	15	0.9582686455939887
simulation/sim_c0.004_s0.006/c0.004_s0.006_gtrgamma/c0.004_s0.006_gtrgamma_base-snps-concat_popWrong	population2	0.2	random	16	0.9581232320747756
simulation/sim_c0.004_s0.006/c0.004_s0.006_gtrgamma/c0.004_s0.006_gtrgamma_base-snps-concat_popWrong	population2	0.2	random	17	0.9551386623164764
simulation/sim_c0.004_s0.006/c0.004_s0.006_gtrgamma/c0.004_s0.006_gtrgamma_base-snps-concat_popWrong	population2	0.2	random	18	0.958459595959596
simulation/sim_c0.004_s0.006/c0.004_s0.006_gtrgamma/c0.004_s0.006_gtrgamma_base-snps-concat_popWrong	population2	0.2	random	19	0.9571168456080869
simulation/sim_c0.004_s0.006/c0.004_s0.006_gtrgamma/c0.004_s0.006_gtrgamma_base-snps-concat_popWrong	population2	0.2	random	20	0.9579646017699115
simulation/sim_c0.004_s0.006/c0.004_s0.006_gtrgamma/c0.004_s0.006_gtrgamma_base-snps-concat_popWrong	population2	0.2	nonrandom	1	0.9534665833853841
simulation/sim_c0.004_s0.006/c0.004_s0.006_gtrgamma/c0.004_s0.006_gtrgamma_base-snps-concat_popWrong	population2	0.2	nonrandom	2	0.9551586310267299
simulation/sim_c0.004_s0.006/c0.004_s0.006_gtrgamma/c0.004_s0.006_gtrgamma_base-snps-concat_popWrong	population2	0.2	nonrandom	3	0.9596426563378522
simulation/sim_c0.004_s0.006/c0.004_s0.006_gtrgamma/c0.004_s0.006_gtrgamma_base-snps-concat_popWrong	population2	0.2	nonrandom	4	0.9563777263921005
simulation/sim_c0.004_s0.006/c0.004_s0.006_gtrgamma/c0.004_s0.006_gtrgamma_base-snps-concat_popWrong	population2	0.2	nonrandom	5	0.9577165698582225
simulation/sim_c0.004_s0.006/c0.004_s0.006_gtrgamma/c0.004_s0.006_gtrgamma_base-snps-concat_popWrong	population2	0.2	nonrandom	6	0.9593775389038185
simulation/sim_c0.004_s0.006/c0.004_s0.006_gtrgamma/c0.004_s0.006_gtrgamma_base-snps-concat_popWrong	population2	0.2	nonrandom	7	0.9614399100056247
simulation/sim_c0.004_s0.006/c0.004_s0.006_gtrgamma/c0.004_s0.006_gtrgamma_base-snps-concat_popWrong	population2	0.2	nonrandom	8	0.9521279920005
simulation/sim_c0.004_s0.006/c0.004_s0.006_gtrgamma/c0.004_s0.006_gtrgamma_base-snps-concat_popWrong	population2	0.2	nonrandom	9	0.9569019362898189
simulation/sim_c0.004_s0.006/c0.004_s0.006_gtrgamma/c0.004_s0.006_gtrgamma_base-snps-concat_popWrong	population2	0.2	nonrandom	10	0.9456799352146016
simulation/sim_c0.004_s0.006/c0.004_s0.006_gtrgamma/c0.004_s0.006_gtrgamma_base-snps-concat_popWrong	population2	0.2	nonrandom	11	0.9564972810800675
simulation/sim_c0.004_s0.006/c0.004_s0.006_gtrgamma/c0.004_s0.006_gtrgamma_base-snps-concat_popWrong	population2	0.2	nonrandom	12	0.954602223054827
simulation/sim_c0.004_s0.006/c0.004_s0.006_gtrgamma/c0.004_s0.006_gtrgamma_base-snps-concat_popWrong	population2	0.2	nonrandom	13	0.9608149490656834
simulation/sim_c0.004_s0.006/c0.004_s0.006_gtrgamma/c0.004_s0.006_gtrgamma_base-snps-concat_popWrong	population2	0.2	nonrandom	14	0.9583723982748922
simulation/sim_c0.004_s0.006/c0.004_s0.006_gtrgamma/c0.004_s0.006_gtrgamma_base-snps-concat_popWrong	population2	0.2	nonrandom	15	0.9488781951128055
simulation/sim_c0.004_s0.006/c0.004_s0.006_gtrgamma/c0.004_s0.006_gtrgamma_base-snps-concat_popWrong	population2	0.2	nonrandom	16	0.9490593162072629
simulation/sim_c0.004_s0.006/c0.004_s0.006_gtrgamma/c0.004_s0.006_gtrgamma_base-snps-concat_popWrong	population2	0.2	nonrandom	17	0.9603149803137304
simulation/sim_c0.004_s0.006/c0.004_s0.006_gtrgamma/c0.004_s0.006_gtrgamma_base-snps-concat_popWrong	population2	0.2	nonrandom	18	0.9515
simulation/sim_c0.004_s0.006/c0.004_s0.006_gtrgamma/c0.004_s0.006_gtrgamma_base-snps-concat_popWrong	population2	0.2	nonrandom	19	0.9589400662458596
simulation/sim_c0.004_s0.006/c0.004_s0.006_gtrgamma/c0.004_s0.006_gtrgamma_base-snps-concat_popWrong	population2	0.2	nonrandom	20	0.9579375
simulation/sim_c0.004_s0.006/c0.004_s0.006_gtrgamma/c0.004_s0.006_gtrgamma_base-snps-concat_popWrong	population2	0.2	nonrandom_weighted	1	0.9460658708830698
simulation/sim_c0.004_s0.006/c0.004_s0.006_gtrgamma/c0.004_s0.006_gtrgamma_base-snps-concat_popWrong	population2	0.2	nonrandom_weighted	2	0.9548153240422473
simulation/sim_c0.004_s0.006/c0.004_s0.006_gtrgamma/c0.004_s0.006_gtrgamma_base-snps-concat_popWrong	population2	0.2	nonrandom_weighted	3	0.9480032497968877
simulation/sim_c0.004_s0.006/c0.004_s0.006_gtrgamma/c0.004_s0.006_gtrgamma_base-snps-concat_popWrong	population2	0.2	nonrandom_weighted	4	0.9483802509206666
simulation/sim_c0.004_s0.006/c0.004_s0.006_gtrgamma/c0.004_s0.006_gtrgamma_base-snps-concat_popWrong	population2	0.2	nonrandom_weighted	5	0.9521369657585603
simulation/sim_c0.004_s0.006/c0.004_s0.006_gtrgamma/c0.004_s0.006_gtrgamma_base-snps-concat_popWrong	population2	0.2	nonrandom_weighted	6	0.9520654959065058
simulation/sim_c0.004_s0.006/c0.004_s0.006_gtrgamma/c0.004_s0.006_gtrgamma_base-snps-concat_popWrong	population2	0.2	nonrandom_weighted	7	0.9514405349665646
simulation/sim_c0.004_s0.006/c0.004_s0.006_gtrgamma/c0.004_s0.006_gtrgamma_base-snps-concat_popWrong	population2	0.2	nonrandom_weighted	8	0.9460134966258436
simulation/sim_c0.004_s0.006/c0.004_s0.006_gtrgamma/c0.004_s0.006_gtrgamma_base-snps-concat_popWrong	population2	0.2	nonrandom_weighted	9	0.9525178058228164
simulation/sim_c0.004_s0.006/c0.004_s0.006_gtrgamma/c0.004_s0.006_gtrgamma_base-snps-concat_popWrong	population2	0.2	nonrandom_weighted	10	0.9511844490280642
simulation/sim_c0.004_s0.006/c0.004_s0.006_gtrgamma/c0.004_s0.006_gtrgamma_base-snps-concat_popWrong	population2	0.2	nonrandom_weighted	11	0.9458091130695668
simulation/sim_c0.004_s0.006/c0.004_s0.006_gtrgamma/c0.004_s0.006_gtrgamma_base-snps-concat_popWrong	population2	0.2	nonrandom_weighted	12	0.9495031560527467
simulation/sim_c0.004_s0.006/c0.004_s0.006_gtrgamma/c0.004_s0.006_gtrgamma_base-snps-concat_popWrong	population2	0.2	nonrandom_weighted	13	0.9520834634847254
simulation/sim_c0.004_s0.006/c0.004_s0.006_gtrgamma/c0.004_s0.006_gtrgamma_base-snps-concat_popWrong	population2	0.2	nonrandom_weighted	14	0.9563672629807393
simulation/sim_c0.004_s0.006/c0.004_s0.006_gtrgamma/c0.004_s0.006_gtrgamma_base-snps-concat_popWrong	population2	0.2	nonrandom_weighted	15	0.9502468904306519
simulation/sim_c0.004_s0.006/c0.004_s0.006_gtrgamma/c0.004_s0.006_gtrgamma_base-snps-concat_popWrong	population2	0.2	nonrandom_weighted	16	0.9566902068620711
simulation/sim_c0.004_s0.006/c0.004_s0.006_gtrgamma/c0.004_s0.006_gtrgamma_base-snps-concat_popWrong	population2	0.2	nonrandom_weighted	17	0.946628335729017
simulation/sim_c0.004_s0.006/c0.004_s0.006_gtrgamma/c0.004_s0.006_gtrgamma_base-snps-concat_popWrong	population2	0.2	nonrandom_weighted	18	0.95712767952003
simulation/sim_c0.004_s0.006/c0.004_s0.006_gtrgamma/c0.004_s0.006_gtrgamma_base-snps-concat_popWrong	population2	0.2	nonrandom_weighted	19	0.9505395122559721
simulation/sim_c0.004_s0.006/c0.004_s0.006_gtrgamma/c0.004_s0.006_gtrgamma_base-snps-concat_popWrong	population2	0.2	nonrandom_weighted	20	0.9446561309263539
