simulation/sim_c0.006_s0.004/c0.006_s0.004_gtr/c0.006_s0.004_gtr_base-snps-concat_pop	population	0.2	random	1	0.9617523691160479
simulation/sim_c0.006_s0.004/c0.006_s0.004_gtr/c0.006_s0.004_gtr_base-snps-concat_pop	population	0.2	random	2	0.9603369494265022
simulation/sim_c0.006_s0.004/c0.006_s0.004_gtr/c0.006_s0.004_gtr_base-snps-concat_pop	population	0.2	random	3	0.9617300865666064
simulation/sim_c0.006_s0.004/c0.006_s0.004_gtr/c0.006_s0.004_gtr_base-snps-concat_pop	population	0.2	random	4	0.9628203509657871
simulation/sim_c0.006_s0.004/c0.006_s0.004_gtr/c0.006_s0.004_gtr_base-snps-concat_pop	population	0.2	random	5	0.9619109502150438
simulation/sim_c0.006_s0.004/c0.006_s0.004_gtr/c0.006_s0.004_gtr_base-snps-concat_pop	population	0.2	random	6	0.9626139058794158
simulation/sim_c0.006_s0.004/c0.006_s0.004_gtr/c0.006_s0.004_gtr_base-snps-concat_pop	population	0.2	random	7	0.9611952364665278
simulation/sim_c0.006_s0.004/c0.006_s0.004_gtr/c0.006_s0.004_gtr_base-snps-concat_pop	population	0.2	random	8	0.963608389851796
simulation/sim_c0.006_s0.004/c0.006_s0.004_gtr/c0.006_s0.004_gtr_base-snps-concat_pop	population	0.2	random	9	0.9623033354310887
simulation/sim_c0.006_s0.004/c0.006_s0.004_gtr/c0.006_s0.004_gtr_base-snps-concat_pop	population	0.2	random	10	0.961129309000156
simulation/sim_c0.006_s0.004/c0.006_s0.004_gtr/c0.006_s0.004_gtr_base-snps-concat_pop	population	0.2	random	11	0.9624661541813202
simulation/sim_c0.006_s0.004/c0.006_s0.004_gtr/c0.006_s0.004_gtr_base-snps-concat_pop	population	0.2	random	12	0.9614976599063962
simulation/sim_c0.006_s0.004/c0.006_s0.004_gtr/c0.006_s0.004_gtr_base-snps-concat_pop	population	0.2	random	13	0.9610260241563939
simulation/sim_c0.006_s0.004/c0.006_s0.004_gtr/c0.006_s0.004_gtr_base-snps-concat_pop	population	0.2	random	14	0.9638809977211001
simulation/sim_c0.006_s0.004/c0.006_s0.004_gtr/c0.006_s0.004_gtr_base-snps-concat_pop	population	0.2	random	15	0.9614874257550866
simulation/sim_c0.006_s0.004/c0.006_s0.004_gtr/c0.006_s0.004_gtr_base-snps-concat_pop	population	0.2	random	16	0.9612578616352201
simulation/sim_c0.006_s0.004/c0.006_s0.004_gtr/c0.006_s0.004_gtr_base-snps-concat_pop	population	0.2	random	17	0.9641414455285563
simulation/sim_c0.006_s0.004/c0.006_s0.004_gtr/c0.006_s0.004_gtr_base-snps-concat_pop	population	0.2	random	18	0.9621417322834646
simulation/sim_c0.006_s0.004/c0.006_s0.004_gtr/c0.006_s0.004_gtr_base-snps-concat_pop	population	0.2	random	19	0.9608366571401652
simulation/sim_c0.006_s0.004/c0.006_s0.004_gtr/c0.006_s0.004_gtr_base-snps-concat_pop	population	0.2	random	20	0.9604862267173414
simulation/sim_c0.006_s0.004/c0.006_s0.004_gtr/c0.006_s0.004_gtr_base-snps-concat_pop	population	0.2	nonrandom	1	0.9634386425424205
simulation/sim_c0.006_s0.004/c0.006_s0.004_gtr/c0.006_s0.004_gtr_base-snps-concat_pop	population	0.2	nonrandom	2	0.9597964853138559
simulation/sim_c0.006_s0.004/c0.006_s0.004_gtr/c0.006_s0.004_gtr_base-snps-concat_pop	population	0.2	nonrandom	3	0.9667822880534983
simulation/sim_c0.006_s0.004/c0.006_s0.004_gtr/c0.006_s0.004_gtr_base-snps-concat_pop	population	0.2	nonrandom	4	0.95359375
simulation/sim_c0.006_s0.004/c0.006_s0.004_gtr/c0.006_s0.004_gtr_base-snps-concat_pop	population	0.2	nonrandom	5	0.9669385331708384
simulation/sim_c0.006_s0.004/c0.006_s0.004_gtr/c0.006_s0.004_gtr_base-snps-concat_pop	population	0.2	nonrandom	6	0.961028425223876
simulation/sim_c0.006_s0.004/c0.006_s0.004_gtr/c0.006_s0.004_gtr_base-snps-concat_pop	population	0.2	nonrandom	7	0.9598364748470852
simulation/sim_c0.006_s0.004/c0.006_s0.004_gtr/c0.006_s0.004_gtr_base-snps-concat_pop	population	0.2	nonrandom	8	0.9631050399201597
simulation/sim_c0.006_s0.004/c0.006_s0.004_gtr/c0.006_s0.004_gtr_base-snps-concat_pop	population	0.2	nonrandom	9	0.9643002028397566
simulation/sim_c0.006_s0.004/c0.006_s0.004_gtr/c0.006_s0.004_gtr_base-snps-concat_pop	population	0.2	nonrandom	10	0.9599375
simulation/sim_c0.006_s0.004/c0.006_s0.004_gtr/c0.006_s0.004_gtr_base-snps-concat_pop	population	0.2	nonrandom	11	0.9645011093403331
simulation/sim_c0.006_s0.004/c0.006_s0.004_gtr/c0.006_s0.004_gtr_base-snps-concat_pop	population	0.2	nonrandom	12	0.9634073935189525
simulation/sim_c0.006_s0.004/c0.006_s0.004_gtr/c0.006_s0.004_gtr_base-snps-concat_pop	population	0.2	nonrandom	13	0.9589721172760484
simulation/sim_c0.006_s0.004/c0.006_s0.004_gtr/c0.006_s0.004_gtr_base-snps-concat_pop	population	0.2	nonrandom	14	0.964417254510269
simulation/sim_c0.006_s0.004/c0.006_s0.004_gtr/c0.006_s0.004_gtr_base-snps-concat_pop	population	0.2	nonrandom	15	0.9635585810642019
simulation/sim_c0.006_s0.004/c0.006_s0.004_gtr/c0.006_s0.004_gtr_base-snps-concat_pop	population	0.2	nonrandom	16	0.9626054358013121
simulation/sim_c0.006_s0.004/c0.006_s0.004_gtr/c0.006_s0.004_gtr_base-snps-concat_pop	population	0.2	nonrandom	17	0.9563451142151808
simulation/sim_c0.006_s0.004/c0.006_s0.004_gtr/c0.006_s0.004_gtr_base-snps-concat_pop	population	0.2	nonrandom	18	0.9639386269179088
simulation/sim_c0.006_s0.004/c0.006_s0.004_gtr/c0.006_s0.004_gtr_base-snps-concat_pop	population	0.2	nonrandom	19	0.963048570982352
simulation/sim_c0.006_s0.004/c0.006_s0.004_gtr/c0.006_s0.004_gtr_base-snps-concat_pop	population	0.2	nonrandom	20	0.9639088354667499
simulation/sim_c0.006_s0.004/c0.006_s0.004_gtr/c0.006_s0.004_gtr_base-snps-concat_pop	population	0.2	nonrandom_weighted	1	0.9623012774463566
simulation/sim_c0.006_s0.004/c0.006_s0.004_gtr/c0.006_s0.004_gtr_base-snps-concat_pop	population	0.2	nonrandom_weighted	2	0.9574873492846879
simulation/sim_c0.006_s0.004/c0.006_s0.004_gtr/c0.006_s0.004_gtr_base-snps-concat_pop	population	0.2	nonrandom_weighted	3	0.9492203368644729
simulation/sim_c0.006_s0.004/c0.006_s0.004_gtr/c0.006_s0.004_gtr_base-snps-concat_pop	population	0.2	nonrandom_weighted	4	0.9622511796506359
simulation/sim_c0.006_s0.004/c0.006_s0.004_gtr/c0.006_s0.004_gtr_base-snps-concat_pop	population	0.2	nonrandom_weighted	5	0.95872003999875
simulation/sim_c0.006_s0.004/c0.006_s0.004_gtr/c0.006_s0.004_gtr_base-snps-concat_pop	population	0.2	nonrandom_weighted	6	0.96384375
simulation/sim_c0.006_s0.004/c0.006_s0.004_gtr/c0.006_s0.004_gtr_base-snps-concat_pop	population	0.2	nonrandom_weighted	7	0.96375
simulation/sim_c0.006_s0.004/c0.006_s0.004_gtr/c0.006_s0.004_gtr_base-snps-concat_pop	population	0.2	nonrandom_weighted	8	0.9597676016742676
simulation/sim_c0.006_s0.004/c0.006_s0.004_gtr/c0.006_s0.004_gtr_base-snps-concat_pop	population	0.2	nonrandom_weighted	9	0.9616875
simulation/sim_c0.006_s0.004/c0.006_s0.004_gtr/c0.006_s0.004_gtr_base-snps-concat_pop	population	0.2	nonrandom_weighted	10	0.96625
simulation/sim_c0.006_s0.004/c0.006_s0.004_gtr/c0.006_s0.004_gtr_base-snps-concat_pop	population	0.2	nonrandom_weighted	11	0.9535159788822593
simulation/sim_c0.006_s0.004/c0.006_s0.004_gtr/c0.006_s0.004_gtr_base-snps-concat_pop	population	0.2	nonrandom_weighted	12	0.9562513671447768
simulation/sim_c0.006_s0.004/c0.006_s0.004_gtr/c0.006_s0.004_gtr_base-snps-concat_pop	population	0.2	nonrandom_weighted	13	0.9571896955503513
simulation/sim_c0.006_s0.004/c0.006_s0.004_gtr/c0.006_s0.004_gtr_base-snps-concat_pop	population	0.2	nonrandom_weighted	14	0.9633136464485484
simulation/sim_c0.006_s0.004/c0.006_s0.004_gtr/c0.006_s0.004_gtr_base-snps-concat_pop	population	0.2	nonrandom_weighted	15	0.9608296370337978
simulation/sim_c0.006_s0.004/c0.006_s0.004_gtr/c0.006_s0.004_gtr_base-snps-concat_pop	population	0.2	nonrandom_weighted	16	0.9609801779303886
simulation/sim_c0.006_s0.004/c0.006_s0.004_gtr/c0.006_s0.004_gtr_base-snps-concat_pop	population	0.2	nonrandom_weighted	17	0.9600012499609387
simulation/sim_c0.006_s0.004/c0.006_s0.004_gtr/c0.006_s0.004_gtr_base-snps-concat_pop	population	0.2	nonrandom_weighted	18	0.96553125
simulation/sim_c0.006_s0.004/c0.006_s0.004_gtr/c0.006_s0.004_gtr_base-snps-concat_pop	population	0.2	nonrandom_weighted	19	0.9612512108996594
simulation/sim_c0.006_s0.004/c0.006_s0.004_gtr/c0.006_s0.004_gtr_base-snps-concat_pop	population	0.2	nonrandom_weighted	20	0.9573125
