simulation/sim_c0.006_s0.004/c0.006_s0.004_gtr/c0.006_s0.004_gtr_base-snps-concat_global	global	0.2	random	1	0.9616736662000311
simulation/sim_c0.006_s0.004/c0.006_s0.004_gtr/c0.006_s0.004_gtr_base-snps-concat_global	global	0.2	random	2	0.9609159347553325
simulation/sim_c0.006_s0.004/c0.006_s0.004_gtr/c0.006_s0.004_gtr_base-snps-concat_global	global	0.2	random	3	0.9607397490581898
simulation/sim_c0.006_s0.004/c0.006_s0.004_gtr/c0.006_s0.004_gtr_base-snps-concat_global	global	0.2	random	4	0.9642890823928829
simulation/sim_c0.006_s0.004/c0.006_s0.004_gtr/c0.006_s0.004_gtr_base-snps-concat_global	global	0.2	random	5	0.9604004029211786
simulation/sim_c0.006_s0.004/c0.006_s0.004_gtr/c0.006_s0.004_gtr_base-snps-concat_global	global	0.2	random	6	0.9621871172387801
simulation/sim_c0.006_s0.004/c0.006_s0.004_gtr/c0.006_s0.004_gtr_base-snps-concat_global	global	0.2	random	7	0.9624933967247755
simulation/sim_c0.006_s0.004/c0.006_s0.004_gtr/c0.006_s0.004_gtr_base-snps-concat_global	global	0.2	random	8	0.9622788680540388
simulation/sim_c0.006_s0.004/c0.006_s0.004_gtr/c0.006_s0.004_gtr_base-snps-concat_global	global	0.2	random	9	0.9618638756580596
simulation/sim_c0.006_s0.004/c0.006_s0.004_gtr/c0.006_s0.004_gtr_base-snps-concat_global	global	0.2	random	10	0.9622876733676172
simulation/sim_c0.006_s0.004/c0.006_s0.004_gtr/c0.006_s0.004_gtr_base-snps-concat_global	global	0.2	random	11	0.960878431372549
simulation/sim_c0.006_s0.004/c0.006_s0.004_gtr/c0.006_s0.004_gtr_base-snps-concat_global	global	0.2	random	12	0.9599825876061068
simulation/sim_c0.006_s0.004/c0.006_s0.004_gtr/c0.006_s0.004_gtr_base-snps-concat_global	global	0.2	random	13	0.9630637876631813
simulation/sim_c0.006_s0.004/c0.006_s0.004_gtr/c0.006_s0.004_gtr_base-snps-concat_global	global	0.2	random	14	0.9632645391625693
simulation/sim_c0.006_s0.004/c0.006_s0.004_gtr/c0.006_s0.004_gtr_base-snps-concat_global	global	0.2	random	15	0.9626462786706195
simulation/sim_c0.006_s0.004/c0.006_s0.004_gtr/c0.006_s0.004_gtr_base-snps-concat_global	global	0.2	random	16	0.9618798467719331
simulation/sim_c0.006_s0.004/c0.006_s0.004_gtr/c0.006_s0.004_gtr_base-snps-concat_global	global	0.2	random	17	0.9614926309187833
simulation/sim_c0.006_s0.004/c0.006_s0.004_gtr/c0.006_s0.004_gtr_base-snps-concat_global	global	0.2	random	18	0.9624515806572536
simulation/sim_c0.006_s0.004/c0.006_s0.004_gtr/c0.006_s0.004_gtr_base-snps-concat_global	global	0.2	random	19	0.9615348502394291
simulation/sim_c0.006_s0.004/c0.006_s0.004_gtr/c0.006_s0.004_gtr_base-snps-concat_global	global	0.2	random	20	0.9628149872589423
simulation/sim_c0.006_s0.004/c0.006_s0.004_gtr/c0.006_s0.004_gtr_base-snps-concat_global	global	0.2	nonrandom	1	0.9580950595293897
simulation/sim_c0.006_s0.004/c0.006_s0.004_gtr/c0.006_s0.004_gtr_base-snps-concat_global	global	0.2	nonrandom	2	0.9632511484016124
simulation/sim_c0.006_s0.004/c0.006_s0.004_gtr/c0.006_s0.004_gtr_base-snps-concat_global	global	0.2	nonrandom	3	0.9634698915658886
simulation/sim_c0.006_s0.004/c0.006_s0.004_gtr/c0.006_s0.004_gtr_base-snps-concat_global	global	0.2	nonrandom	4	0.96171875
simulation/sim_c0.006_s0.004/c0.006_s0.004_gtr/c0.006_s0.004_gtr_base-snps-concat_global	global	0.2	nonrandom	5	0.9641261210587169
simulation/sim_c0.006_s0.004/c0.006_s0.004_gtr/c0.006_s0.004_gtr_base-snps-concat_global	global	0.2	nonrandom	6	0.9652695358860641
simulation/sim_c0.006_s0.004/c0.006_s0.004_gtr/c0.006_s0.004_gtr_base-snps-concat_global	global	0.2	nonrandom	7	0.9635948876597606
simulation/sim_c0.006_s0.004/c0.006_s0.004_gtr/c0.006_s0.004_gtr_base-snps-concat_global	global	0.2	nonrandom	8	0.9629907242574721
simulation/sim_c0.006_s0.004/c0.006_s0.004_gtr/c0.006_s0.004_gtr_base-snps-concat_global	global	0.2	nonrandom	9	0.9597200087497265
simulation/sim_c0.006_s0.004/c0.006_s0.004_gtr/c0.006_s0.004_gtr_base-snps-concat_global	global	0.2	nonrandom	10	0.9604717187158768
simulation/sim_c0.006_s0.004/c0.006_s0.004_gtr/c0.006_s0.004_gtr_base-snps-concat_global	global	0.2	nonrandom	11	0.959428250421322
simulation/sim_c0.006_s0.004/c0.006_s0.004_gtr/c0.006_s0.004_gtr_base-snps-concat_global	global	0.2	nonrandom	12	0.958782538045686
simulation/sim_c0.006_s0.004/c0.006_s0.004_gtr/c0.006_s0.004_gtr_base-snps-concat_global	global	0.2	nonrandom	13	0.960407487266023
simulation/sim_c0.006_s0.004/c0.006_s0.004_gtr/c0.006_s0.004_gtr_base-snps-concat_global	global	0.2	nonrandom	14	0.95715625
simulation/sim_c0.006_s0.004/c0.006_s0.004_gtr/c0.006_s0.004_gtr_base-snps-concat_global	global	0.2	nonrandom	15	0.9600762237980695
simulation/sim_c0.006_s0.004/c0.006_s0.004_gtr/c0.006_s0.004_gtr_base-snps-concat_global	global	0.2	nonrandom	16	0.956688853473329
simulation/sim_c0.006_s0.004/c0.006_s0.004_gtr/c0.006_s0.004_gtr_base-snps-concat_global	global	0.2	nonrandom	17	0.9672949694170515
simulation/sim_c0.006_s0.004/c0.006_s0.004_gtr/c0.006_s0.004_gtr_base-snps-concat_global	global	0.2	nonrandom	18	0.9600387124972682
simulation/sim_c0.006_s0.004/c0.006_s0.004_gtr/c0.006_s0.004_gtr_base-snps-concat_global	global	0.2	nonrandom	19	0.96246875
simulation/sim_c0.006_s0.004/c0.006_s0.004_gtr/c0.006_s0.004_gtr_base-snps-concat_global	global	0.2	nonrandom	20	0.9554701415580763
simulation/sim_c0.006_s0.004/c0.006_s0.004_gtr/c0.006_s0.004_gtr_base-snps-concat_global	global	0.2	nonrandom_weighted	1	0.9635625
simulation/sim_c0.006_s0.004/c0.006_s0.004_gtr/c0.006_s0.004_gtr_base-snps-concat_global	global	0.2	nonrandom_weighted	2	0.95944890499547
simulation/sim_c0.006_s0.004/c0.006_s0.004_gtr/c0.006_s0.004_gtr_base-snps-concat_global	global	0.2	nonrandom_weighted	3	0.9568763476141371
simulation/sim_c0.006_s0.004/c0.006_s0.004_gtr/c0.006_s0.004_gtr_base-snps-concat_global	global	0.2	nonrandom_weighted	4	0.9663448017249461
simulation/sim_c0.006_s0.004/c0.006_s0.004_gtr/c0.006_s0.004_gtr_base-snps-concat_global	global	0.2	nonrandom_weighted	5	0.955625
simulation/sim_c0.006_s0.004/c0.006_s0.004_gtr/c0.006_s0.004_gtr_base-snps-concat_global	global	0.2	nonrandom_weighted	6	0.9657823193025218
simulation/sim_c0.006_s0.004/c0.006_s0.004_gtr/c0.006_s0.004_gtr_base-snps-concat_global	global	0.2	nonrandom_weighted	7	0.95965625
simulation/sim_c0.006_s0.004/c0.006_s0.004_gtr/c0.006_s0.004_gtr_base-snps-concat_global	global	0.2	nonrandom_weighted	8	0.9647823505515453
simulation/sim_c0.006_s0.004/c0.006_s0.004_gtr/c0.006_s0.004_gtr_base-snps-concat_global	global	0.2	nonrandom_weighted	9	0.9640636230117808
simulation/sim_c0.006_s0.004/c0.006_s0.004_gtr/c0.006_s0.004_gtr_base-snps-concat_global	global	0.2	nonrandom_weighted	10	0.955625
simulation/sim_c0.006_s0.004/c0.006_s0.004_gtr/c0.006_s0.004_gtr_base-snps-concat_global	global	0.2	nonrandom_weighted	11	0.9581263085528577
simulation/sim_c0.006_s0.004/c0.006_s0.004_gtr/c0.006_s0.004_gtr_base-snps-concat_global	global	0.2	nonrandom_weighted	12	0.9583138026936658
simulation/sim_c0.006_s0.004/c0.006_s0.004_gtr/c0.006_s0.004_gtr_base-snps-concat_global	global	0.2	nonrandom_weighted	13	0.9642511171525889
simulation/sim_c0.006_s0.004/c0.006_s0.004_gtr/c0.006_s0.004_gtr_base-snps-concat_global	global	0.2	nonrandom_weighted	14	0.95959375
simulation/sim_c0.006_s0.004/c0.006_s0.004_gtr/c0.006_s0.004_gtr_base-snps-concat_global	global	0.2	nonrandom_weighted	15	0.9552513983938002
simulation/sim_c0.006_s0.004/c0.006_s0.004_gtr/c0.006_s0.004_gtr_base-snps-concat_global	global	0.2	nonrandom_weighted	16	0.9614699540639355
simulation/sim_c0.006_s0.004/c0.006_s0.004_gtr/c0.006_s0.004_gtr_base-snps-concat_global	global	0.2	nonrandom_weighted	17	0.9579388144120496
simulation/sim_c0.006_s0.004/c0.006_s0.004_gtr/c0.006_s0.004_gtr_base-snps-concat_global	global	0.2	nonrandom_weighted	18	0.9631875
simulation/sim_c0.006_s0.004/c0.006_s0.004_gtr/c0.006_s0.004_gtr_base-snps-concat_global	global	0.2	nonrandom_weighted	19	0.9559375
simulation/sim_c0.006_s0.004/c0.006_s0.004_gtr/c0.006_s0.004_gtr_base-snps-concat_global	global	0.2	nonrandom_weighted	20	0.9588450360926221
