simulation/sim_c0.001_s0.009/c0.001_s0.009_gtrgamma/c0.001_s0.009_gtrgamma_base-snps-concat_global	global	0.2	random	1	0.8797736916548797
simulation/sim_c0.001_s0.009/c0.001_s0.009_gtrgamma/c0.001_s0.009_gtrgamma_base-snps-concat_global	global	0.2	random	2	0.8845604466952344
simulation/sim_c0.001_s0.009/c0.001_s0.009_gtrgamma/c0.001_s0.009_gtrgamma_base-snps-concat_global	global	0.2	random	3	0.882662679581356
simulation/sim_c0.001_s0.009/c0.001_s0.009_gtrgamma/c0.001_s0.009_gtrgamma_base-snps-concat_global	global	0.2	random	4	0.8811779109478703
simulation/sim_c0.001_s0.009/c0.001_s0.009_gtrgamma/c0.001_s0.009_gtrgamma_base-snps-concat_global	global	0.2	random	5	0.8813427010148321
simulation/sim_c0.001_s0.009/c0.001_s0.009_gtrgamma/c0.001_s0.009_gtrgamma_base-snps-concat_global	global	0.2	random	6	0.882955946279115
simulation/sim_c0.001_s0.009/c0.001_s0.009_gtrgamma/c0.001_s0.009_gtrgamma_base-snps-concat_global	global	0.2	random	7	0.8798771907381349
simulation/sim_c0.001_s0.009/c0.001_s0.009_gtrgamma/c0.001_s0.009_gtrgamma_base-snps-concat_global	global	0.2	random	8	0.8792359021326704
simulation/sim_c0.001_s0.009/c0.001_s0.009_gtrgamma/c0.001_s0.009_gtrgamma_base-snps-concat_global	global	0.2	random	9	0.8795305043209081
simulation/sim_c0.001_s0.009/c0.001_s0.009_gtrgamma/c0.001_s0.009_gtrgamma_base-snps-concat_global	global	0.2	random	10	0.8781411135043404
simulation/sim_c0.001_s0.009/c0.001_s0.009_gtrgamma/c0.001_s0.009_gtrgamma_base-snps-concat_global	global	0.2	random	11	0.8827156487310962
simulation/sim_c0.001_s0.009/c0.001_s0.009_gtrgamma/c0.001_s0.009_gtrgamma_base-snps-concat_global	global	0.2	random	12	0.882051282051282
simulation/sim_c0.001_s0.009/c0.001_s0.009_gtrgamma/c0.001_s0.009_gtrgamma_base-snps-concat_global	global	0.2	random	13	0.8805101373446698
simulation/sim_c0.001_s0.009/c0.001_s0.009_gtrgamma/c0.001_s0.009_gtrgamma_base-snps-concat_global	global	0.2	random	14	0.8821334362735637
simulation/sim_c0.001_s0.009/c0.001_s0.009_gtrgamma/c0.001_s0.009_gtrgamma_base-snps-concat_global	global	0.2	random	15	0.8831637253639057
simulation/sim_c0.001_s0.009/c0.001_s0.009_gtrgamma/c0.001_s0.009_gtrgamma_base-snps-concat_global	global	0.2	random	16	0.8834212067955477
simulation/sim_c0.001_s0.009/c0.001_s0.009_gtrgamma/c0.001_s0.009_gtrgamma_base-snps-concat_global	global	0.2	random	17	0.8804467822585882
simulation/sim_c0.001_s0.009/c0.001_s0.009_gtrgamma/c0.001_s0.009_gtrgamma_base-snps-concat_global	global	0.2	random	18	0.8813854489164087
simulation/sim_c0.001_s0.009/c0.001_s0.009_gtrgamma/c0.001_s0.009_gtrgamma_base-snps-concat_global	global	0.2	random	19	0.882644735983291
simulation/sim_c0.001_s0.009/c0.001_s0.009_gtrgamma/c0.001_s0.009_gtrgamma_base-snps-concat_global	global	0.2	random	20	0.8829394626092587
simulation/sim_c0.001_s0.009/c0.001_s0.009_gtrgamma/c0.001_s0.009_gtrgamma_base-snps-concat_global	global	0.2	nonrandom	1	0.8793382020293414
simulation/sim_c0.001_s0.009/c0.001_s0.009_gtrgamma/c0.001_s0.009_gtrgamma_base-snps-concat_global	global	0.2	nonrandom	2	0.8655625283043281
simulation/sim_c0.001_s0.009/c0.001_s0.009_gtrgamma/c0.001_s0.009_gtrgamma_base-snps-concat_global	global	0.2	nonrandom	3	0.8817558831135247
simulation/sim_c0.001_s0.009/c0.001_s0.009_gtrgamma/c0.001_s0.009_gtrgamma_base-snps-concat_global	global	0.2	nonrandom	4	0.8721794788905411
simulation/sim_c0.001_s0.009/c0.001_s0.009_gtrgamma/c0.001_s0.009_gtrgamma_base-snps-concat_global	global	0.2	nonrandom	5	0.8648212672602916
simulation/sim_c0.001_s0.009/c0.001_s0.009_gtrgamma/c0.001_s0.009_gtrgamma_base-snps-concat_global	global	0.2	nonrandom	6	0.861612048348523
simulation/sim_c0.001_s0.009/c0.001_s0.009_gtrgamma/c0.001_s0.009_gtrgamma_base-snps-concat_global	global	0.2	nonrandom	7	0.8666623536261888
simulation/sim_c0.001_s0.009/c0.001_s0.009_gtrgamma/c0.001_s0.009_gtrgamma_base-snps-concat_global	global	0.2	nonrandom	8	0.8848418192404736
simulation/sim_c0.001_s0.009/c0.001_s0.009_gtrgamma/c0.001_s0.009_gtrgamma_base-snps-concat_global	global	0.2	nonrandom	9	0.8741683353788515
simulation/sim_c0.001_s0.009/c0.001_s0.009_gtrgamma/c0.001_s0.009_gtrgamma_base-snps-concat_global	global	0.2	nonrandom	10	0.8732376147975682
simulation/sim_c0.001_s0.009/c0.001_s0.009_gtrgamma/c0.001_s0.009_gtrgamma_base-snps-concat_global	global	0.2	nonrandom	11	0.8860006466214032
simulation/sim_c0.001_s0.009/c0.001_s0.009_gtrgamma/c0.001_s0.009_gtrgamma_base-snps-concat_global	global	0.2	nonrandom	12	0.8681503525910591
simulation/sim_c0.001_s0.009/c0.001_s0.009_gtrgamma/c0.001_s0.009_gtrgamma_base-snps-concat_global	global	0.2	nonrandom	13	0.8665890269151139
simulation/sim_c0.001_s0.009/c0.001_s0.009_gtrgamma/c0.001_s0.009_gtrgamma_base-snps-concat_global	global	0.2	nonrandom	14	0.8722908714498285
simulation/sim_c0.001_s0.009/c0.001_s0.009_gtrgamma/c0.001_s0.009_gtrgamma_base-snps-concat_global	global	0.2	nonrandom	15	0.8607103577667077
simulation/sim_c0.001_s0.009/c0.001_s0.009_gtrgamma/c0.001_s0.009_gtrgamma_base-snps-concat_global	global	0.2	nonrandom	16	0.8718312584661033
simulation/sim_c0.001_s0.009/c0.001_s0.009_gtrgamma/c0.001_s0.009_gtrgamma_base-snps-concat_global	global	0.2	nonrandom	17	0.8702186673547055
simulation/sim_c0.001_s0.009/c0.001_s0.009_gtrgamma/c0.001_s0.009_gtrgamma_base-snps-concat_global	global	0.2	nonrandom	18	0.8922171184576567
simulation/sim_c0.001_s0.009/c0.001_s0.009_gtrgamma/c0.001_s0.009_gtrgamma_base-snps-concat_global	global	0.2	nonrandom	19	0.8713204373423045
simulation/sim_c0.001_s0.009/c0.001_s0.009_gtrgamma/c0.001_s0.009_gtrgamma_base-snps-concat_global	global	0.2	nonrandom	20	0.8695736559487611
simulation/sim_c0.001_s0.009/c0.001_s0.009_gtrgamma/c0.001_s0.009_gtrgamma_base-snps-concat_global	global	0.2	nonrandom_weighted	1	0.8363201138642686
simulation/sim_c0.001_s0.009/c0.001_s0.009_gtrgamma/c0.001_s0.009_gtrgamma_base-snps-concat_global	global	0.2	nonrandom_weighted	2	0.8439821693907875
simulation/sim_c0.001_s0.009/c0.001_s0.009_gtrgamma/c0.001_s0.009_gtrgamma_base-snps-concat_global	global	0.2	nonrandom_weighted	3	0.8335274327122153
simulation/sim_c0.001_s0.009/c0.001_s0.009_gtrgamma/c0.001_s0.009_gtrgamma_base-snps-concat_global	global	0.2	nonrandom_weighted	4	0.8277422273931873
simulation/sim_c0.001_s0.009/c0.001_s0.009_gtrgamma/c0.001_s0.009_gtrgamma_base-snps-concat_global	global	0.2	nonrandom_weighted	5	0.8249983826098208
simulation/sim_c0.001_s0.009/c0.001_s0.009_gtrgamma/c0.001_s0.009_gtrgamma_base-snps-concat_global	global	0.2	nonrandom_weighted	6	0.8270039464320372
simulation/sim_c0.001_s0.009/c0.001_s0.009_gtrgamma/c0.001_s0.009_gtrgamma_base-snps-concat_global	global	0.2	nonrandom_weighted	7	0.8345733324707253
simulation/sim_c0.001_s0.009/c0.001_s0.009_gtrgamma/c0.001_s0.009_gtrgamma_base-snps-concat_global	global	0.2	nonrandom_weighted	8	0.8462334303265439
simulation/sim_c0.001_s0.009/c0.001_s0.009_gtrgamma/c0.001_s0.009_gtrgamma_base-snps-concat_global	global	0.2	nonrandom_weighted	9	0.8321148993983308
simulation/sim_c0.001_s0.009/c0.001_s0.009_gtrgamma/c0.001_s0.009_gtrgamma_base-snps-concat_global	global	0.2	nonrandom_weighted	10	0.8509372979961215
simulation/sim_c0.001_s0.009/c0.001_s0.009_gtrgamma/c0.001_s0.009_gtrgamma_base-snps-concat_global	global	0.2	nonrandom_weighted	11	0.8279096849323931
simulation/sim_c0.001_s0.009/c0.001_s0.009_gtrgamma/c0.001_s0.009_gtrgamma_base-snps-concat_global	global	0.2	nonrandom_weighted	12	0.8278449893252248
simulation/sim_c0.001_s0.009/c0.001_s0.009_gtrgamma/c0.001_s0.009_gtrgamma_base-snps-concat_global	global	0.2	nonrandom_weighted	13	0.8284919453969075
simulation/sim_c0.001_s0.009/c0.001_s0.009_gtrgamma/c0.001_s0.009_gtrgamma_base-snps-concat_global	global	0.2	nonrandom_weighted	14	0.8236397748592871
simulation/sim_c0.001_s0.009/c0.001_s0.009_gtrgamma/c0.001_s0.009_gtrgamma_base-snps-concat_global	global	0.2	nonrandom_weighted	15	0.8405900239373747
simulation/sim_c0.001_s0.009/c0.001_s0.009_gtrgamma/c0.001_s0.009_gtrgamma_base-snps-concat_global	global	0.2	nonrandom_weighted	16	0.8255302638385928
simulation/sim_c0.001_s0.009/c0.001_s0.009_gtrgamma/c0.001_s0.009_gtrgamma_base-snps-concat_global	global	0.2	nonrandom_weighted	17	0.8193051691790127
simulation/sim_c0.001_s0.009/c0.001_s0.009_gtrgamma/c0.001_s0.009_gtrgamma_base-snps-concat_global	global	0.2	nonrandom_weighted	18	0.842078022902245
simulation/sim_c0.001_s0.009/c0.001_s0.009_gtrgamma/c0.001_s0.009_gtrgamma_base-snps-concat_global	global	0.2	nonrandom_weighted	19	0.821504819822734
simulation/sim_c0.001_s0.009/c0.001_s0.009_gtrgamma/c0.001_s0.009_gtrgamma_base-snps-concat_global	global	0.2	nonrandom_weighted	20	0.839748981044187
