simulation/sim_c0.003_s0.007/c0.003_s0.007_gtrgamma/c0.003_s0.007_gtrgamma_base-snps-concat_phylo	phylo	0.2	random	1	0.9986777483944088
simulation/sim_c0.003_s0.007/c0.003_s0.007_gtrgamma/c0.003_s0.007_gtrgamma_base-snps-concat_phylo	phylo	0.2	random	2	0.9989310193045338
simulation/sim_c0.003_s0.007/c0.003_s0.007_gtrgamma/c0.003_s0.007_gtrgamma_base-snps-concat_phylo	phylo	0.2	random	3	0.9991206582501099
simulation/sim_c0.003_s0.007/c0.003_s0.007_gtrgamma/c0.003_s0.007_gtrgamma_base-snps-concat_phylo	phylo	0.2	random	4	0.9987607658467067
simulation/sim_c0.003_s0.007/c0.003_s0.007_gtrgamma/c0.003_s0.007_gtrgamma_base-snps-concat_phylo	phylo	0.2	random	5	0.9986809873751649
simulation/sim_c0.003_s0.007/c0.003_s0.007_gtrgamma/c0.003_s0.007_gtrgamma_base-snps-concat_phylo	phylo	0.2	random	6	0.9991756499682942
simulation/sim_c0.003_s0.007/c0.003_s0.007_gtrgamma/c0.003_s0.007_gtrgamma_base-snps-concat_phylo	phylo	0.2	random	7	0.9989377655586104
simulation/sim_c0.003_s0.007/c0.003_s0.007_gtrgamma/c0.003_s0.007_gtrgamma_base-snps-concat_phylo	phylo	0.2	random	8	0.9988828202581926
simulation/sim_c0.003_s0.007/c0.003_s0.007_gtrgamma/c0.003_s0.007_gtrgamma_base-snps-concat_phylo	phylo	0.2	random	9	0.999122971872455
simulation/sim_c0.003_s0.007/c0.003_s0.007_gtrgamma/c0.003_s0.007_gtrgamma_base-snps-concat_phylo	phylo	0.2	random	10	0.9989245951417004
simulation/sim_c0.003_s0.007/c0.003_s0.007_gtrgamma/c0.003_s0.007_gtrgamma_base-snps-concat_phylo	phylo	0.2	random	11	0.9987552125474575
simulation/sim_c0.003_s0.007/c0.003_s0.007_gtrgamma/c0.003_s0.007_gtrgamma_base-snps-concat_phylo	phylo	0.2	random	12	0.9992555369439792
simulation/sim_c0.003_s0.007/c0.003_s0.007_gtrgamma/c0.003_s0.007_gtrgamma_base-snps-concat_phylo	phylo	0.2	random	13	0.9990612679141373
simulation/sim_c0.003_s0.007/c0.003_s0.007_gtrgamma/c0.003_s0.007_gtrgamma_base-snps-concat_phylo	phylo	0.2	random	14	0.9991775795533624
simulation/sim_c0.003_s0.007/c0.003_s0.007_gtrgamma/c0.003_s0.007_gtrgamma_base-snps-concat_phylo	phylo	0.2	random	15	0.999185157327316
simulation/sim_c0.003_s0.007/c0.003_s0.007_gtrgamma/c0.003_s0.007_gtrgamma_base-snps-concat_phylo	phylo	0.2	random	16	0.9987928076752017
simulation/sim_c0.003_s0.007/c0.003_s0.007_gtrgamma/c0.003_s0.007_gtrgamma_base-snps-concat_phylo	phylo	0.2	random	17	0.9989981214777708
simulation/sim_c0.003_s0.007/c0.003_s0.007_gtrgamma/c0.003_s0.007_gtrgamma_base-snps-concat_phylo	phylo	0.2	random	18	0.9989979332373019
simulation/sim_c0.003_s0.007/c0.003_s0.007_gtrgamma/c0.003_s0.007_gtrgamma_base-snps-concat_phylo	phylo	0.2	random	19	0.9991252733520775
simulation/sim_c0.003_s0.007/c0.003_s0.007_gtrgamma/c0.003_s0.007_gtrgamma_base-snps-concat_phylo	phylo	0.2	random	20	0.9988705528016565
simulation/sim_c0.003_s0.007/c0.003_s0.007_gtrgamma/c0.003_s0.007_gtrgamma_base-snps-concat_phylo	phylo	0.2	nonrandom	1	0.9996242720270524
simulation/sim_c0.003_s0.007/c0.003_s0.007_gtrgamma/c0.003_s0.007_gtrgamma_base-snps-concat_phylo	phylo	0.2	nonrandom	2	0.9996870109546165
simulation/sim_c0.003_s0.007/c0.003_s0.007_gtrgamma/c0.003_s0.007_gtrgamma_base-snps-concat_phylo	phylo	0.2	nonrandom	3	0.9998125234345707
simulation/sim_c0.003_s0.007/c0.003_s0.007_gtrgamma/c0.003_s0.007_gtrgamma_base-snps-concat_phylo	phylo	0.2	nonrandom	4	0.9999373786711754
simulation/sim_c0.003_s0.007/c0.003_s0.007_gtrgamma/c0.003_s0.007_gtrgamma_base-snps-concat_phylo	phylo	0.2	nonrandom	5	1.0
simulation/sim_c0.003_s0.007/c0.003_s0.007_gtrgamma/c0.003_s0.007_gtrgamma_base-snps-concat_phylo	phylo	0.2	nonrandom	6	0.998309118236473
simulation/sim_c0.003_s0.007/c0.003_s0.007_gtrgamma/c0.003_s0.007_gtrgamma_base-snps-concat_phylo	phylo	0.2	nonrandom	7	0.999937374749499
simulation/sim_c0.003_s0.007/c0.003_s0.007_gtrgamma/c0.003_s0.007_gtrgamma_base-snps-concat_phylo	phylo	0.2	nonrandom	8	0.9953677621283256
simulation/sim_c0.003_s0.007/c0.003_s0.007_gtrgamma/c0.003_s0.007_gtrgamma_base-snps-concat_phylo	phylo	0.2	nonrandom	9	0.999686893355877
simulation/sim_c0.003_s0.007/c0.003_s0.007_gtrgamma/c0.003_s0.007_gtrgamma_base-snps-concat_phylo	phylo	0.2	nonrandom	10	0.9989980587388064
simulation/sim_c0.003_s0.007/c0.003_s0.007_gtrgamma/c0.003_s0.007_gtrgamma_base-snps-concat_phylo	phylo	0.2	nonrandom	11	0.9986223307658588
simulation/sim_c0.003_s0.007/c0.003_s0.007_gtrgamma/c0.003_s0.007_gtrgamma_base-snps-concat_phylo	phylo	0.2	nonrandom	12	0.9997498436522827
simulation/sim_c0.003_s0.007/c0.003_s0.007_gtrgamma/c0.003_s0.007_gtrgamma_base-snps-concat_phylo	phylo	0.2	nonrandom	13	0.9993111653829294
simulation/sim_c0.003_s0.007/c0.003_s0.007_gtrgamma/c0.003_s0.007_gtrgamma_base-snps-concat_phylo	phylo	0.2	nonrandom	14	0.9994991548237651
simulation/sim_c0.003_s0.007/c0.003_s0.007_gtrgamma/c0.003_s0.007_gtrgamma_base-snps-concat_phylo	phylo	0.2	nonrandom	15	0.9979961174776129
simulation/sim_c0.003_s0.007/c0.003_s0.007_gtrgamma/c0.003_s0.007_gtrgamma_base-snps-concat_phylo	phylo	0.2	nonrandom	16	0.999686893355877
simulation/sim_c0.003_s0.007/c0.003_s0.007_gtrgamma/c0.003_s0.007_gtrgamma_base-snps-concat_phylo	phylo	0.2	nonrandom	17	0.9961184498841795
simulation/sim_c0.003_s0.007/c0.003_s0.007_gtrgamma/c0.003_s0.007_gtrgamma_base-snps-concat_phylo	phylo	0.2	nonrandom	18	0.9998122065727699
simulation/sim_c0.003_s0.007/c0.003_s0.007_gtrgamma/c0.003_s0.007_gtrgamma_base-snps-concat_phylo	phylo	0.2	nonrandom	19	0.9959982492340399
simulation/sim_c0.003_s0.007/c0.003_s0.007_gtrgamma/c0.003_s0.007_gtrgamma_base-snps-concat_phylo	phylo	0.2	nonrandom	20	0.9997497654050672
simulation/sim_c0.003_s0.007/c0.003_s0.007_gtrgamma/c0.003_s0.007_gtrgamma_base-snps-concat_phylo	phylo	0.2	nonrandom_weighted	1	0.9986223307658588
simulation/sim_c0.003_s0.007/c0.003_s0.007_gtrgamma/c0.003_s0.007_gtrgamma_base-snps-concat_phylo	phylo	0.2	nonrandom_weighted	2	0.9995616506982278
simulation/sim_c0.003_s0.007/c0.003_s0.007_gtrgamma/c0.003_s0.007_gtrgamma_base-snps-concat_phylo	phylo	0.2	nonrandom_weighted	3	0.9998747965443846
simulation/sim_c0.003_s0.007/c0.003_s0.007_gtrgamma/c0.003_s0.007_gtrgamma_base-snps-concat_phylo	phylo	0.2	nonrandom_weighted	4	0.999561623246493
simulation/sim_c0.003_s0.007/c0.003_s0.007_gtrgamma/c0.003_s0.007_gtrgamma_base-snps-concat_phylo	phylo	0.2	nonrandom_weighted	5	0.9998747573423508
simulation/sim_c0.003_s0.007/c0.003_s0.007_gtrgamma/c0.003_s0.007_gtrgamma_base-snps-concat_phylo	phylo	0.2	nonrandom_weighted	6	0.9998747573423508
simulation/sim_c0.003_s0.007/c0.003_s0.007_gtrgamma/c0.003_s0.007_gtrgamma_base-snps-concat_phylo	phylo	0.2	nonrandom_weighted	7	0.9998121360135263
simulation/sim_c0.003_s0.007/c0.003_s0.007_gtrgamma/c0.003_s0.007_gtrgamma_base-snps-concat_phylo	phylo	0.2	nonrandom_weighted	8	0.9983733733733734
simulation/sim_c0.003_s0.007/c0.003_s0.007_gtrgamma/c0.003_s0.007_gtrgamma_base-snps-concat_phylo	phylo	0.2	nonrandom_weighted	9	0.9974973409247325
simulation/sim_c0.003_s0.007/c0.003_s0.007_gtrgamma/c0.003_s0.007_gtrgamma_base-snps-concat_phylo	phylo	0.2	nonrandom_weighted	10	0.9967436909011209
simulation/sim_c0.003_s0.007/c0.003_s0.007_gtrgamma/c0.003_s0.007_gtrgamma_base-snps-concat_phylo	phylo	0.2	nonrandom_weighted	11	0.9973728654531807
simulation/sim_c0.003_s0.007/c0.003_s0.007_gtrgamma/c0.003_s0.007_gtrgamma_base-snps-concat_phylo	phylo	0.2	nonrandom_weighted	12	1.0
simulation/sim_c0.003_s0.007/c0.003_s0.007_gtrgamma/c0.003_s0.007_gtrgamma_base-snps-concat_phylo	phylo	0.2	nonrandom_weighted	13	0.999812300569355
simulation/sim_c0.003_s0.007/c0.003_s0.007_gtrgamma/c0.003_s0.007_gtrgamma_base-snps-concat_phylo	phylo	0.2	nonrandom_weighted	14	0.998622244488978
simulation/sim_c0.003_s0.007/c0.003_s0.007_gtrgamma/c0.003_s0.007_gtrgamma_base-snps-concat_phylo	phylo	0.2	nonrandom_weighted	15	0.9962424849699398
simulation/sim_c0.003_s0.007/c0.003_s0.007_gtrgamma/c0.003_s0.007_gtrgamma_base-snps-concat_phylo	phylo	0.2	nonrandom_weighted	16	0.9999374217772216
simulation/sim_c0.003_s0.007/c0.003_s0.007_gtrgamma/c0.003_s0.007_gtrgamma_base-snps-concat_phylo	phylo	0.2	nonrandom_weighted	17	0.9994364080405786
simulation/sim_c0.003_s0.007/c0.003_s0.007_gtrgamma/c0.003_s0.007_gtrgamma_base-snps-concat_phylo	phylo	0.2	nonrandom_weighted	18	0.998371743486974
simulation/sim_c0.003_s0.007/c0.003_s0.007_gtrgamma/c0.003_s0.007_gtrgamma_base-snps-concat_phylo	phylo	0.2	nonrandom_weighted	19	0.9969941762164193
simulation/sim_c0.003_s0.007/c0.003_s0.007_gtrgamma/c0.003_s0.007_gtrgamma_base-snps-concat_phylo	phylo	0.2	nonrandom_weighted	20	0.9973697394789579
