simulation/sim_c0.003_s0.007/c0.003_s0.007_gtr/c0.003_s0.007_gtr_base-snps-concat_phyloq	phyloq	0.2	random	1	0.9995008111818295
simulation/sim_c0.003_s0.007/c0.003_s0.007_gtr/c0.003_s0.007_gtr_base-snps-concat_phyloq	phyloq	0.2	random	2	0.9995968242153579
simulation/sim_c0.003_s0.007/c0.003_s0.007_gtr/c0.003_s0.007_gtr_base-snps-concat_phyloq	phyloq	0.2	random	3	0.9994643307285103
simulation/sim_c0.003_s0.007/c0.003_s0.007_gtr/c0.003_s0.007_gtr_base-snps-concat_phyloq	phyloq	0.2	random	4	0.9997493263144701
simulation/sim_c0.003_s0.007/c0.003_s0.007_gtr/c0.003_s0.007_gtr_base-snps-concat_phyloq	phyloq	0.2	random	5	0.9992814296425894
simulation/sim_c0.003_s0.007/c0.003_s0.007_gtr/c0.003_s0.007_gtr_base-snps-concat_phyloq	phyloq	0.2	random	6	0.9993065842972862
simulation/sim_c0.003_s0.007/c0.003_s0.007_gtr/c0.003_s0.007_gtr_base-snps-concat_phyloq	phyloq	0.2	random	7	0.9997152259207696
simulation/sim_c0.003_s0.007/c0.003_s0.007_gtr/c0.003_s0.007_gtr_base-snps-concat_phyloq	phyloq	0.2	random	8	0.9995591800749394
simulation/sim_c0.003_s0.007/c0.003_s0.007_gtr/c0.003_s0.007_gtr_base-snps-concat_phyloq	phyloq	0.2	random	9	0.9995613760260668
simulation/sim_c0.003_s0.007/c0.003_s0.007_gtr/c0.003_s0.007_gtr_base-snps-concat_phyloq	phyloq	0.2	random	10	0.9995297510815725
simulation/sim_c0.003_s0.007/c0.003_s0.007_gtr/c0.003_s0.007_gtr_base-snps-concat_phyloq	phyloq	0.2	random	11	0.9994999062324186
simulation/sim_c0.003_s0.007/c0.003_s0.007_gtr/c0.003_s0.007_gtr_base-snps-concat_phyloq	phyloq	0.2	random	12	0.999531059492919
simulation/sim_c0.003_s0.007/c0.003_s0.007_gtr/c0.003_s0.007_gtr_base-snps-concat_phyloq	phyloq	0.2	random	13	0.9994094977623074
simulation/sim_c0.003_s0.007/c0.003_s0.007_gtr/c0.003_s0.007_gtr_base-snps-concat_phyloq	phyloq	0.2	random	14	0.9995317767511549
simulation/sim_c0.003_s0.007/c0.003_s0.007_gtr/c0.003_s0.007_gtr_base-snps-concat_phyloq	phyloq	0.2	random	15	0.9994135440459287
simulation/sim_c0.003_s0.007/c0.003_s0.007_gtr/c0.003_s0.007_gtr_base-snps-concat_phyloq	phyloq	0.2	random	16	0.9998122124503146
simulation/sim_c0.003_s0.007/c0.003_s0.007_gtr/c0.003_s0.007_gtr_base-snps-concat_phyloq	phyloq	0.2	random	17	0.9996860479718699
simulation/sim_c0.003_s0.007/c0.003_s0.007_gtr/c0.003_s0.007_gtr_base-snps-concat_phyloq	phyloq	0.2	random	18	0.9996226652411798
simulation/sim_c0.003_s0.007/c0.003_s0.007_gtr/c0.003_s0.007_gtr_base-snps-concat_phyloq	phyloq	0.2	random	19	0.999560453360962
simulation/sim_c0.003_s0.007/c0.003_s0.007_gtr/c0.003_s0.007_gtr_base-snps-concat_phyloq	phyloq	0.2	random	20	0.99962664509505
simulation/sim_c0.003_s0.007/c0.003_s0.007_gtr/c0.003_s0.007_gtr_base-snps-concat_phyloq	phyloq	0.2	nonrandom	1	0.9998748787888266
simulation/sim_c0.003_s0.007/c0.003_s0.007_gtr/c0.003_s0.007_gtr_base-snps-concat_phyloq	phyloq	0.2	nonrandom	2	0.99981231818324
simulation/sim_c0.003_s0.007/c0.003_s0.007_gtr/c0.003_s0.007_gtr_base-snps-concat_phyloq	phyloq	0.2	nonrandom	3	0.9998435984860333
simulation/sim_c0.003_s0.007/c0.003_s0.007_gtr/c0.003_s0.007_gtr_base-snps-concat_phyloq	phyloq	0.2	nonrandom	4	0.9997810584261229
simulation/sim_c0.003_s0.007/c0.003_s0.007_gtr/c0.003_s0.007_gtr_base-snps-concat_phyloq	phyloq	0.2	nonrandom	5	0.9993118333385467
simulation/sim_c0.003_s0.007/c0.003_s0.007_gtr/c0.003_s0.007_gtr_base-snps-concat_phyloq	phyloq	0.2	nonrandom	6	0.9996559059059059
simulation/sim_c0.003_s0.007/c0.003_s0.007_gtr/c0.003_s0.007_gtr_base-snps-concat_phyloq	phyloq	0.2	nonrandom	7	0.9998748748748749
simulation/sim_c0.003_s0.007/c0.003_s0.007_gtr/c0.003_s0.007_gtr_base-snps-concat_phyloq	phyloq	0.2	nonrandom	8	0.9993430930930931
simulation/sim_c0.003_s0.007/c0.003_s0.007_gtr/c0.003_s0.007_gtr_base-snps-concat_phyloq	phyloq	0.2	nonrandom	9	0.9995934450838129
simulation/sim_c0.003_s0.007/c0.003_s0.007_gtr/c0.003_s0.007_gtr_base-snps-concat_phyloq	phyloq	0.2	nonrandom	10	0.9975601363821202
simulation/sim_c0.003_s0.007/c0.003_s0.007_gtr/c0.003_s0.007_gtr_base-snps-concat_phyloq	phyloq	0.2	nonrandom	11	0.9998437304663083
simulation/sim_c0.003_s0.007/c0.003_s0.007_gtr/c0.003_s0.007_gtr_base-snps-concat_phyloq	phyloq	0.2	nonrandom	12	0.9997497575776534
simulation/sim_c0.003_s0.007/c0.003_s0.007_gtr/c0.003_s0.007_gtr_base-snps-concat_phyloq	phyloq	0.2	nonrandom	13	0.9999374374374375
simulation/sim_c0.003_s0.007/c0.003_s0.007_gtr/c0.003_s0.007_gtr_base-snps-concat_phyloq	phyloq	0.2	nonrandom	14	0.9999374393944134
simulation/sim_c0.003_s0.007/c0.003_s0.007_gtr/c0.003_s0.007_gtr_base-snps-concat_phyloq	phyloq	0.2	nonrandom	15	0.9994682348525133
simulation/sim_c0.003_s0.007/c0.003_s0.007_gtr/c0.003_s0.007_gtr_base-snps-concat_phyloq	phyloq	0.2	nonrandom	16	0.99981231818324
simulation/sim_c0.003_s0.007/c0.003_s0.007_gtr/c0.003_s0.007_gtr_base-snps-concat_phyloq	phyloq	0.2	nonrandom	17	0.9995933560636867
simulation/sim_c0.003_s0.007/c0.003_s0.007_gtr/c0.003_s0.007_gtr_base-snps-concat_phyloq	phyloq	0.2	nonrandom	18	1.0
simulation/sim_c0.003_s0.007/c0.003_s0.007_gtr/c0.003_s0.007_gtr_base-snps-concat_phyloq	phyloq	0.2	nonrandom	19	0.9999061590916201
simulation/sim_c0.003_s0.007/c0.003_s0.007_gtr/c0.003_s0.007_gtr_base-snps-concat_phyloq	phyloq	0.2	nonrandom	20	0.9976851851851852
simulation/sim_c0.003_s0.007/c0.003_s0.007_gtr/c0.003_s0.007_gtr_base-snps-concat_phyloq	phyloq	0.2	nonrandom_weighted	1	0.9999687196972067
simulation/sim_c0.003_s0.007/c0.003_s0.007_gtr/c0.003_s0.007_gtr_base-snps-concat_phyloq	phyloq	0.2	nonrandom_weighted	2	0.9979355000156401
simulation/sim_c0.003_s0.007/c0.003_s0.007_gtr/c0.003_s0.007_gtr_base-snps-concat_phyloq	phyloq	0.2	nonrandom_weighted	3	0.9998124237971676
simulation/sim_c0.003_s0.007/c0.003_s0.007_gtr/c0.003_s0.007_gtr_base-snps-concat_phyloq	phyloq	0.2	nonrandom_weighted	4	0.9980919015296068
simulation/sim_c0.003_s0.007/c0.003_s0.007_gtr/c0.003_s0.007_gtr_base-snps-concat_phyloq	phyloq	0.2	nonrandom_weighted	5	0.9993118333385467
simulation/sim_c0.003_s0.007/c0.003_s0.007_gtr/c0.003_s0.007_gtr_base-snps-concat_phyloq	phyloq	0.2	nonrandom_weighted	6	0.9999687568344424
simulation/sim_c0.003_s0.007/c0.003_s0.007_gtr/c0.003_s0.007_gtr_base-snps-concat_phyloq	phyloq	0.2	nonrandom_weighted	7	0.9999061590916201
simulation/sim_c0.003_s0.007/c0.003_s0.007_gtr/c0.003_s0.007_gtr_base-snps-concat_phyloq	phyloq	0.2	nonrandom_weighted	8	0.9993436474449132
simulation/sim_c0.003_s0.007/c0.003_s0.007_gtr/c0.003_s0.007_gtr_base-snps-concat_phyloq	phyloq	0.2	nonrandom_weighted	9	0.99981231818324
simulation/sim_c0.003_s0.007/c0.003_s0.007_gtr/c0.003_s0.007_gtr_base-snps-concat_phyloq	phyloq	0.2	nonrandom_weighted	10	0.998998998998999
simulation/sim_c0.003_s0.007/c0.003_s0.007_gtr/c0.003_s0.007_gtr_base-snps-concat_phyloq	phyloq	0.2	nonrandom_weighted	11	0.9995933560636867
simulation/sim_c0.003_s0.007/c0.003_s0.007_gtr/c0.003_s0.007_gtr_base-snps-concat_phyloq	phyloq	0.2	nonrandom_weighted	12	0.9999687412084649
simulation/sim_c0.003_s0.007/c0.003_s0.007_gtr/c0.003_s0.007_gtr_base-snps-concat_phyloq	phyloq	0.2	nonrandom_weighted	13	0.999624765478424
simulation/sim_c0.003_s0.007/c0.003_s0.007_gtr/c0.003_s0.007_gtr_base-snps-concat_phyloq	phyloq	0.2	nonrandom_weighted	14	0.9991874238209832
simulation/sim_c0.003_s0.007/c0.003_s0.007_gtr/c0.003_s0.007_gtr_base-snps-concat_phyloq	phyloq	0.2	nonrandom_weighted	15	0.9999687196972067
simulation/sim_c0.003_s0.007/c0.003_s0.007_gtr/c0.003_s0.007_gtr_base-snps-concat_phyloq	phyloq	0.2	nonrandom_weighted	16	0.9999061590916201
simulation/sim_c0.003_s0.007/c0.003_s0.007_gtr/c0.003_s0.007_gtr_base-snps-concat_phyloq	phyloq	0.2	nonrandom_weighted	17	0.9980918418418419
simulation/sim_c0.003_s0.007/c0.003_s0.007_gtr/c0.003_s0.007_gtr_base-snps-concat_phyloq	phyloq	0.2	nonrandom_weighted	18	0.9999374393944134
simulation/sim_c0.003_s0.007/c0.003_s0.007_gtr/c0.003_s0.007_gtr_base-snps-concat_phyloq	phyloq	0.2	nonrandom_weighted	19	0.9999687285008443
simulation/sim_c0.003_s0.007/c0.003_s0.007_gtr/c0.003_s0.007_gtr_base-snps-concat_phyloq	phyloq	0.2	nonrandom_weighted	20	0.9994683013792888
