simulation/sim_c0.007_s0.003/c0.007_s0.003_gtr/c0.007_s0.003_gtr_base-snps-concat_popWrong	population2	0.2	random	1	0.9692946835759355
simulation/sim_c0.007_s0.003/c0.007_s0.003_gtr/c0.007_s0.003_gtr_base-snps-concat_popWrong	population2	0.2	random	2	0.9685069008782936
simulation/sim_c0.007_s0.003/c0.007_s0.003_gtr/c0.007_s0.003_gtr_base-snps-concat_popWrong	population2	0.2	random	3	0.9687263556116015
simulation/sim_c0.007_s0.003/c0.007_s0.003_gtr/c0.007_s0.003_gtr_base-snps-concat_popWrong	population2	0.2	random	4	0.9690890544341751
simulation/sim_c0.007_s0.003/c0.007_s0.003_gtr/c0.007_s0.003_gtr_base-snps-concat_popWrong	population2	0.2	random	5	0.9683059764972748
simulation/sim_c0.007_s0.003/c0.007_s0.003_gtr/c0.007_s0.003_gtr_base-snps-concat_popWrong	population2	0.2	random	6	0.9686358483436202
simulation/sim_c0.007_s0.003/c0.007_s0.003_gtr/c0.007_s0.003_gtr_base-snps-concat_popWrong	population2	0.2	random	7	0.971943824813849
simulation/sim_c0.007_s0.003/c0.007_s0.003_gtr/c0.007_s0.003_gtr_base-snps-concat_popWrong	population2	0.2	random	8	0.9685321215139442
simulation/sim_c0.007_s0.003/c0.007_s0.003_gtr/c0.007_s0.003_gtr_base-snps-concat_popWrong	population2	0.2	random	9	0.9689311311935183
simulation/sim_c0.007_s0.003/c0.007_s0.003_gtr/c0.007_s0.003_gtr_base-snps-concat_popWrong	population2	0.2	random	10	0.9682066567312468
simulation/sim_c0.007_s0.003/c0.007_s0.003_gtr/c0.007_s0.003_gtr_base-snps-concat_popWrong	population2	0.2	random	11	0.9690275137880535
simulation/sim_c0.007_s0.003/c0.007_s0.003_gtr/c0.007_s0.003_gtr_base-snps-concat_popWrong	population2	0.2	random	12	0.9699909536138753
simulation/sim_c0.007_s0.003/c0.007_s0.003_gtr/c0.007_s0.003_gtr_base-snps-concat_popWrong	population2	0.2	random	13	0.9680072839157327
simulation/sim_c0.007_s0.003/c0.007_s0.003_gtr/c0.007_s0.003_gtr_base-snps-concat_popWrong	population2	0.2	random	14	0.969957216559708
simulation/sim_c0.007_s0.003/c0.007_s0.003_gtr/c0.007_s0.003_gtr_base-snps-concat_popWrong	population2	0.2	random	15	0.9685748472825745
simulation/sim_c0.007_s0.003/c0.007_s0.003_gtr/c0.007_s0.003_gtr_base-snps-concat_popWrong	population2	0.2	random	16	0.9696903483580971
simulation/sim_c0.007_s0.003/c0.007_s0.003_gtr/c0.007_s0.003_gtr_base-snps-concat_popWrong	population2	0.2	random	17	0.969192469270266
simulation/sim_c0.007_s0.003/c0.007_s0.003_gtr/c0.007_s0.003_gtr_base-snps-concat_popWrong	population2	0.2	random	18	0.9695410899114603
simulation/sim_c0.007_s0.003/c0.007_s0.003_gtr/c0.007_s0.003_gtr_base-snps-concat_popWrong	population2	0.2	random	19	0.9690427445871332
simulation/sim_c0.007_s0.003/c0.007_s0.003_gtr/c0.007_s0.003_gtr_base-snps-concat_popWrong	population2	0.2	random	20	0.9695190156599552
simulation/sim_c0.007_s0.003/c0.007_s0.003_gtr/c0.007_s0.003_gtr_base-snps-concat_popWrong	population2	0.2	nonrandom	1	0.964625
simulation/sim_c0.007_s0.003/c0.007_s0.003_gtr/c0.007_s0.003_gtr_base-snps-concat_popWrong	population2	0.2	nonrandom	2	0.9682182885329836
simulation/sim_c0.007_s0.003/c0.007_s0.003_gtr/c0.007_s0.003_gtr_base-snps-concat_popWrong	population2	0.2	nonrandom	3	0.971719633761445
simulation/sim_c0.007_s0.003/c0.007_s0.003_gtr/c0.007_s0.003_gtr_base-snps-concat_popWrong	population2	0.2	nonrandom	4	0.9667384990162091
simulation/sim_c0.007_s0.003/c0.007_s0.003_gtr/c0.007_s0.003_gtr_base-snps-concat_popWrong	population2	0.2	nonrandom	5	0.9704642667582504
simulation/sim_c0.007_s0.003/c0.007_s0.003_gtr/c0.007_s0.003_gtr_base-snps-concat_popWrong	population2	0.2	nonrandom	6	0.9699071904003
simulation/sim_c0.007_s0.003/c0.007_s0.003_gtr/c0.007_s0.003_gtr_base-snps-concat_popWrong	population2	0.2	nonrandom	7	0.9676865438651264
simulation/sim_c0.007_s0.003/c0.007_s0.003_gtr/c0.007_s0.003_gtr_base-snps-concat_popWrong	population2	0.2	nonrandom	8	0.9707509140339364
simulation/sim_c0.007_s0.003/c0.007_s0.003_gtr/c0.007_s0.003_gtr_base-snps-concat_popWrong	population2	0.2	nonrandom	9	0.9720946220430612
simulation/sim_c0.007_s0.003/c0.007_s0.003_gtr/c0.007_s0.003_gtr_base-snps-concat_popWrong	population2	0.2	nonrandom	10	0.9682539682539683
simulation/sim_c0.007_s0.003/c0.007_s0.003_gtr/c0.007_s0.003_gtr_base-snps-concat_popWrong	population2	0.2	nonrandom	11	0.966261976842171
simulation/sim_c0.007_s0.003/c0.007_s0.003_gtr/c0.007_s0.003_gtr_base-snps-concat_popWrong	population2	0.2	nonrandom	12	0.9686065036079093
simulation/sim_c0.007_s0.003/c0.007_s0.003_gtr/c0.007_s0.003_gtr_base-snps-concat_popWrong	population2	0.2	nonrandom	13	0.9653955463943283
simulation/sim_c0.007_s0.003/c0.007_s0.003_gtr/c0.007_s0.003_gtr_base-snps-concat_popWrong	population2	0.2	nonrandom	14	0.97025
simulation/sim_c0.007_s0.003/c0.007_s0.003_gtr/c0.007_s0.003_gtr_base-snps-concat_popWrong	population2	0.2	nonrandom	15	0.9703759257523202
simulation/sim_c0.007_s0.003/c0.007_s0.003_gtr/c0.007_s0.003_gtr_base-snps-concat_popWrong	population2	0.2	nonrandom	16	0.9684174390662548
simulation/sim_c0.007_s0.003/c0.007_s0.003_gtr/c0.007_s0.003_gtr_base-snps-concat_popWrong	population2	0.2	nonrandom	17	0.9703796281830964
simulation/sim_c0.007_s0.003/c0.007_s0.003_gtr/c0.007_s0.003_gtr_base-snps-concat_popWrong	population2	0.2	nonrandom	18	0.9696903483580971
simulation/sim_c0.007_s0.003/c0.007_s0.003_gtr/c0.007_s0.003_gtr_base-snps-concat_popWrong	population2	0.2	nonrandom	19	0.9713009805758541
simulation/sim_c0.007_s0.003/c0.007_s0.003_gtr/c0.007_s0.003_gtr_base-snps-concat_popWrong	population2	0.2	nonrandom	20	0.9666875
simulation/sim_c0.007_s0.003/c0.007_s0.003_gtr/c0.007_s0.003_gtr_base-snps-concat_popWrong	population2	0.2	nonrandom_weighted	1	0.96675
simulation/sim_c0.007_s0.003/c0.007_s0.003_gtr/c0.007_s0.003_gtr_base-snps-concat_popWrong	population2	0.2	nonrandom_weighted	2	0.9653449890727444
simulation/sim_c0.007_s0.003/c0.007_s0.003_gtr/c0.007_s0.003_gtr_base-snps-concat_popWrong	population2	0.2	nonrandom_weighted	3	0.9692197118840036
simulation/sim_c0.007_s0.003/c0.007_s0.003_gtr/c0.007_s0.003_gtr_base-snps-concat_popWrong	population2	0.2	nonrandom_weighted	4	0.969172627041884
simulation/sim_c0.007_s0.003/c0.007_s0.003_gtr/c0.007_s0.003_gtr_base-snps-concat_popWrong	population2	0.2	nonrandom_weighted	5	0.97084375
simulation/sim_c0.007_s0.003/c0.007_s0.003_gtr/c0.007_s0.003_gtr_base-snps-concat_popWrong	population2	0.2	nonrandom_weighted	6	0.9679715302491103
simulation/sim_c0.007_s0.003/c0.007_s0.003_gtr/c0.007_s0.003_gtr_base-snps-concat_popWrong	population2	0.2	nonrandom_weighted	7	0.9700946845411081
simulation/sim_c0.007_s0.003/c0.007_s0.003_gtr/c0.007_s0.003_gtr_base-snps-concat_popWrong	population2	0.2	nonrandom_weighted	8	0.96875
simulation/sim_c0.007_s0.003/c0.007_s0.003_gtr/c0.007_s0.003_gtr_base-snps-concat_popWrong	population2	0.2	nonrandom_weighted	9	0.9691572138370675
simulation/sim_c0.007_s0.003/c0.007_s0.003_gtr/c0.007_s0.003_gtr_base-snps-concat_popWrong	population2	0.2	nonrandom_weighted	10	0.9678447548514109
simulation/sim_c0.007_s0.003/c0.007_s0.003_gtr/c0.007_s0.003_gtr_base-snps-concat_popWrong	population2	0.2	nonrandom_weighted	11	0.9716883847379769
simulation/sim_c0.007_s0.003/c0.007_s0.003_gtr/c0.007_s0.003_gtr_base-snps-concat_popWrong	population2	0.2	nonrandom_weighted	12	0.966
simulation/sim_c0.007_s0.003/c0.007_s0.003_gtr/c0.007_s0.003_gtr_base-snps-concat_popWrong	population2	0.2	nonrandom_weighted	13	0.96621875
simulation/sim_c0.007_s0.003/c0.007_s0.003_gtr/c0.007_s0.003_gtr_base-snps-concat_popWrong	population2	0.2	nonrandom_weighted	14	0.9694208686969545
simulation/sim_c0.007_s0.003/c0.007_s0.003_gtr/c0.007_s0.003_gtr_base-snps-concat_popWrong	population2	0.2	nonrandom_weighted	15	0.9696875
simulation/sim_c0.007_s0.003/c0.007_s0.003_gtr/c0.007_s0.003_gtr_base-snps-concat_popWrong	population2	0.2	nonrandom_weighted	16	0.9674255910553109
simulation/sim_c0.007_s0.003/c0.007_s0.003_gtr/c0.007_s0.003_gtr_base-snps-concat_popWrong	population2	0.2	nonrandom_weighted	17	0.966113869889753
simulation/sim_c0.007_s0.003/c0.007_s0.003_gtr/c0.007_s0.003_gtr_base-snps-concat_popWrong	population2	0.2	nonrandom_weighted	18	0.96465625
simulation/sim_c0.007_s0.003/c0.007_s0.003_gtr/c0.007_s0.003_gtr_base-snps-concat_popWrong	population2	0.2	nonrandom_weighted	19	0.96903125
simulation/sim_c0.007_s0.003/c0.007_s0.003_gtr/c0.007_s0.003_gtr_base-snps-concat_popWrong	population2	0.2	nonrandom_weighted	20	0.965875
