simulation/sim_c0.006_s0.004/c0.006_s0.004_gtr/c0.006_s0.004_gtr_base-snps-concat_nmf	nmf	0.2	random	1	0.9702634880803012
simulation/sim_c0.006_s0.004/c0.006_s0.004_gtr/c0.006_s0.004_gtr_base-snps-concat_nmf	nmf	0.2	random	2	0.9692777466193058
simulation/sim_c0.006_s0.004/c0.006_s0.004_gtr/c0.006_s0.004_gtr_base-snps-concat_nmf	nmf	0.2	random	3	0.9698071798087474
simulation/sim_c0.006_s0.004/c0.006_s0.004_gtr/c0.006_s0.004_gtr_base-snps-concat_nmf	nmf	0.2	random	4	0.9704232853964971
simulation/sim_c0.006_s0.004/c0.006_s0.004_gtr/c0.006_s0.004_gtr_base-snps-concat_nmf	nmf	0.2	random	5	0.9684141259048037
simulation/sim_c0.006_s0.004/c0.006_s0.004_gtr/c0.006_s0.004_gtr_base-snps-concat_nmf	nmf	0.2	random	6	0.9682579277228649
simulation/sim_c0.006_s0.004/c0.006_s0.004_gtr/c0.006_s0.004_gtr_base-snps-concat_nmf	nmf	0.2	random	7	0.9683044285669321
simulation/sim_c0.006_s0.004/c0.006_s0.004_gtr/c0.006_s0.004_gtr_base-snps-concat_nmf	nmf	0.2	random	8	0.970664067412904
simulation/sim_c0.006_s0.004/c0.006_s0.004_gtr/c0.006_s0.004_gtr_base-snps-concat_nmf	nmf	0.2	random	9	0.9689368666205074
simulation/sim_c0.006_s0.004/c0.006_s0.004_gtr/c0.006_s0.004_gtr_base-snps-concat_nmf	nmf	0.2	random	10	0.9704379447631587
simulation/sim_c0.006_s0.004/c0.006_s0.004_gtr/c0.006_s0.004_gtr_base-snps-concat_nmf	nmf	0.2	random	11	0.970941191254084
simulation/sim_c0.006_s0.004/c0.006_s0.004_gtr/c0.006_s0.004_gtr_base-snps-concat_nmf	nmf	0.2	random	12	0.9709327820585103
simulation/sim_c0.006_s0.004/c0.006_s0.004_gtr/c0.006_s0.004_gtr_base-snps-concat_nmf	nmf	0.2	random	13	0.9680580420239329
simulation/sim_c0.006_s0.004/c0.006_s0.004_gtr/c0.006_s0.004_gtr_base-snps-concat_nmf	nmf	0.2	random	14	0.9689283250768169
simulation/sim_c0.006_s0.004/c0.006_s0.004_gtr/c0.006_s0.004_gtr_base-snps-concat_nmf	nmf	0.2	random	15	0.9672827172827173
simulation/sim_c0.006_s0.004/c0.006_s0.004_gtr/c0.006_s0.004_gtr_base-snps-concat_nmf	nmf	0.2	random	16	0.9697516649032177
simulation/sim_c0.006_s0.004/c0.006_s0.004_gtr/c0.006_s0.004_gtr_base-snps-concat_nmf	nmf	0.2	random	17	0.969913641006593
simulation/sim_c0.006_s0.004/c0.006_s0.004_gtr/c0.006_s0.004_gtr_base-snps-concat_nmf	nmf	0.2	random	18	0.9687023613228386
simulation/sim_c0.006_s0.004/c0.006_s0.004_gtr/c0.006_s0.004_gtr_base-snps-concat_nmf	nmf	0.2	random	19	0.9725159225676905
simulation/sim_c0.006_s0.004/c0.006_s0.004_gtr/c0.006_s0.004_gtr_base-snps-concat_nmf	nmf	0.2	random	20	0.9689328285830492
simulation/sim_c0.006_s0.004/c0.006_s0.004_gtr/c0.006_s0.004_gtr_base-snps-concat_nmf	nmf	0.2	nonrandom	1	0.9607683898172732
simulation/sim_c0.006_s0.004/c0.006_s0.004_gtr/c0.006_s0.004_gtr_base-snps-concat_nmf	nmf	0.2	nonrandom	2	0.9639186529630439
simulation/sim_c0.006_s0.004/c0.006_s0.004_gtr/c0.006_s0.004_gtr_base-snps-concat_nmf	nmf	0.2	nonrandom	3	0.9665533056690899
simulation/sim_c0.006_s0.004/c0.006_s0.004_gtr/c0.006_s0.004_gtr_base-snps-concat_nmf	nmf	0.2	nonrandom	4	0.9621886816036999
simulation/sim_c0.006_s0.004/c0.006_s0.004_gtr/c0.006_s0.004_gtr_base-snps-concat_nmf	nmf	0.2	nonrandom	5	0.9629386581669322
simulation/sim_c0.006_s0.004/c0.006_s0.004_gtr/c0.006_s0.004_gtr_base-snps-concat_nmf	nmf	0.2	nonrandom	6	0.968511063258746
simulation/sim_c0.006_s0.004/c0.006_s0.004_gtr/c0.006_s0.004_gtr_base-snps-concat_nmf	nmf	0.2	nonrandom	7	0.9620344063192732
simulation/sim_c0.006_s0.004/c0.006_s0.004_gtr/c0.006_s0.004_gtr_base-snps-concat_nmf	nmf	0.2	nonrandom	8	0.96365625
simulation/sim_c0.006_s0.004/c0.006_s0.004_gtr/c0.006_s0.004_gtr_base-snps-concat_nmf	nmf	0.2	nonrandom	9	0.964219868129121
simulation/sim_c0.006_s0.004/c0.006_s0.004_gtr/c0.006_s0.004_gtr_base-snps-concat_nmf	nmf	0.2	nonrandom	10	0.961401536443695
simulation/sim_c0.006_s0.004/c0.006_s0.004_gtr/c0.006_s0.004_gtr_base-snps-concat_nmf	nmf	0.2	nonrandom	11	0.9679747547334875
simulation/sim_c0.006_s0.004/c0.006_s0.004_gtr/c0.006_s0.004_gtr_base-snps-concat_nmf	nmf	0.2	nonrandom	12	0.9572713643178411
simulation/sim_c0.006_s0.004/c0.006_s0.004_gtr/c0.006_s0.004_gtr_base-snps-concat_nmf	nmf	0.2	nonrandom	13	0.9666260429361583
simulation/sim_c0.006_s0.004/c0.006_s0.004_gtr/c0.006_s0.004_gtr_base-snps-concat_nmf	nmf	0.2	nonrandom	14	0.9600012499609387
simulation/sim_c0.006_s0.004/c0.006_s0.004_gtr/c0.006_s0.004_gtr_base-snps-concat_nmf	nmf	0.2	nonrandom	15	0.966151444184231
simulation/sim_c0.006_s0.004/c0.006_s0.004_gtr/c0.006_s0.004_gtr_base-snps-concat_nmf	nmf	0.2	nonrandom	16	0.962282428674104
simulation/sim_c0.006_s0.004/c0.006_s0.004_gtr/c0.006_s0.004_gtr_base-snps-concat_nmf	nmf	0.2	nonrandom	17	0.9611229078191357
simulation/sim_c0.006_s0.004/c0.006_s0.004_gtr/c0.006_s0.004_gtr_base-snps-concat_nmf	nmf	0.2	nonrandom	18	0.9601747815230961
simulation/sim_c0.006_s0.004/c0.006_s0.004_gtr/c0.006_s0.004_gtr_base-snps-concat_nmf	nmf	0.2	nonrandom	19	0.9611911383307815
simulation/sim_c0.006_s0.004/c0.006_s0.004_gtr/c0.006_s0.004_gtr_base-snps-concat_nmf	nmf	0.2	nonrandom	20	0.9644418081918081
simulation/sim_c0.006_s0.004/c0.006_s0.004_gtr/c0.006_s0.004_gtr_base-snps-concat_nmf	nmf	0.2	nonrandom_weighted	1	0.96278125
simulation/sim_c0.006_s0.004/c0.006_s0.004_gtr/c0.006_s0.004_gtr_base-snps-concat_nmf	nmf	0.2	nonrandom_weighted	2	0.9556138215188688
simulation/sim_c0.006_s0.004/c0.006_s0.004_gtr/c0.006_s0.004_gtr_base-snps-concat_nmf	nmf	0.2	nonrandom_weighted	3	0.9630324052373364
simulation/sim_c0.006_s0.004/c0.006_s0.004_gtr/c0.006_s0.004_gtr_base-snps-concat_nmf	nmf	0.2	nonrandom_weighted	4	0.9645948564107372
simulation/sim_c0.006_s0.004/c0.006_s0.004_gtr/c0.006_s0.004_gtr_base-snps-concat_nmf	nmf	0.2	nonrandom_weighted	5	0.960375
simulation/sim_c0.006_s0.004/c0.006_s0.004_gtr/c0.006_s0.004_gtr_base-snps-concat_nmf	nmf	0.2	nonrandom_weighted	6	0.9611875
simulation/sim_c0.006_s0.004/c0.006_s0.004_gtr/c0.006_s0.004_gtr_base-snps-concat_nmf	nmf	0.2	nonrandom_weighted	7	0.9663233458177278
simulation/sim_c0.006_s0.004/c0.006_s0.004_gtr/c0.006_s0.004_gtr_base-snps-concat_nmf	nmf	0.2	nonrandom_weighted	8	0.9633136464485484
simulation/sim_c0.006_s0.004/c0.006_s0.004_gtr/c0.006_s0.004_gtr_base-snps-concat_nmf	nmf	0.2	nonrandom_weighted	9	0.9636573857066967
simulation/sim_c0.006_s0.004/c0.006_s0.004_gtr/c0.006_s0.004_gtr_base-snps-concat_nmf	nmf	0.2	nonrandom_weighted	10	0.9627511640261242
simulation/sim_c0.006_s0.004/c0.006_s0.004_gtr/c0.006_s0.004_gtr_base-snps-concat_nmf	nmf	0.2	nonrandom_weighted	11	0.964627210799325
simulation/sim_c0.006_s0.004/c0.006_s0.004_gtr/c0.006_s0.004_gtr_base-snps-concat_nmf	nmf	0.2	nonrandom_weighted	12	0.9553451454642042
simulation/sim_c0.006_s0.004/c0.006_s0.004_gtr/c0.006_s0.004_gtr_base-snps-concat_nmf	nmf	0.2	nonrandom_weighted	13	0.9571995376300415
simulation/sim_c0.006_s0.004/c0.006_s0.004_gtr/c0.006_s0.004_gtr_base-snps-concat_nmf	nmf	0.2	nonrandom_weighted	14	0.96634375
simulation/sim_c0.006_s0.004/c0.006_s0.004_gtr/c0.006_s0.004_gtr_base-snps-concat_nmf	nmf	0.2	nonrandom_weighted	15	0.9654278575890068
simulation/sim_c0.006_s0.004/c0.006_s0.004_gtr/c0.006_s0.004_gtr_base-snps-concat_nmf	nmf	0.2	nonrandom_weighted	16	0.9616754122938531
simulation/sim_c0.006_s0.004/c0.006_s0.004_gtr/c0.006_s0.004_gtr_base-snps-concat_nmf	nmf	0.2	nonrandom_weighted	17	0.9606899568776951
simulation/sim_c0.006_s0.004/c0.006_s0.004_gtr/c0.006_s0.004_gtr_base-snps-concat_nmf	nmf	0.2	nonrandom_weighted	18	0.9672581854536366
simulation/sim_c0.006_s0.004/c0.006_s0.004_gtr/c0.006_s0.004_gtr_base-snps-concat_nmf	nmf	0.2	nonrandom_weighted	19	0.9670010312177745
simulation/sim_c0.006_s0.004/c0.006_s0.004_gtr/c0.006_s0.004_gtr_base-snps-concat_nmf	nmf	0.2	nonrandom_weighted	20	0.9631261523077403
