simulation/sim_c0.002_s0.008/c0.002_s0.008_gtr/c0.002_s0.008_gtr_base-snps-concat_nmf	nmf	0.2	random	1	0.9489789506754635
simulation/sim_c0.002_s0.008/c0.002_s0.008_gtr/c0.002_s0.008_gtr_base-snps-concat_nmf	nmf	0.2	random	2	0.9453839843503502
simulation/sim_c0.002_s0.008/c0.002_s0.008_gtr/c0.002_s0.008_gtr_base-snps-concat_nmf	nmf	0.2	random	3	0.9497649174844593
simulation/sim_c0.002_s0.008/c0.002_s0.008_gtr/c0.002_s0.008_gtr_base-snps-concat_nmf	nmf	0.2	random	4	0.9468235294117647
simulation/sim_c0.002_s0.008/c0.002_s0.008_gtr/c0.002_s0.008_gtr_base-snps-concat_nmf	nmf	0.2	random	5	0.9488508618536098
simulation/sim_c0.002_s0.008/c0.002_s0.008_gtr/c0.002_s0.008_gtr_base-snps-concat_nmf	nmf	0.2	random	6	0.9497045140198667
simulation/sim_c0.002_s0.008/c0.002_s0.008_gtr/c0.002_s0.008_gtr_base-snps-concat_nmf	nmf	0.2	random	7	0.950411155926586
simulation/sim_c0.002_s0.008/c0.002_s0.008_gtr/c0.002_s0.008_gtr_base-snps-concat_nmf	nmf	0.2	random	8	0.9478477854023706
simulation/sim_c0.002_s0.008/c0.002_s0.008_gtr/c0.002_s0.008_gtr_base-snps-concat_nmf	nmf	0.2	random	9	0.9478244549407239
simulation/sim_c0.002_s0.008/c0.002_s0.008_gtr/c0.002_s0.008_gtr_base-snps-concat_nmf	nmf	0.2	random	10	0.9488351565209168
simulation/sim_c0.002_s0.008/c0.002_s0.008_gtr/c0.002_s0.008_gtr_base-snps-concat_nmf	nmf	0.2	random	11	0.9479895104895105
simulation/sim_c0.002_s0.008/c0.002_s0.008_gtr/c0.002_s0.008_gtr_base-snps-concat_nmf	nmf	0.2	random	12	0.9491493443190038
simulation/sim_c0.002_s0.008/c0.002_s0.008_gtr/c0.002_s0.008_gtr_base-snps-concat_nmf	nmf	0.2	random	13	0.9486150015561781
simulation/sim_c0.002_s0.008/c0.002_s0.008_gtr/c0.002_s0.008_gtr_base-snps-concat_nmf	nmf	0.2	random	14	0.9468132006549943
simulation/sim_c0.002_s0.008/c0.002_s0.008_gtr/c0.002_s0.008_gtr_base-snps-concat_nmf	nmf	0.2	random	15	0.9466872402065751
simulation/sim_c0.002_s0.008/c0.002_s0.008_gtr/c0.002_s0.008_gtr_base-snps-concat_nmf	nmf	0.2	random	16	0.9476669887479351
simulation/sim_c0.002_s0.008/c0.002_s0.008_gtr/c0.002_s0.008_gtr_base-snps-concat_nmf	nmf	0.2	random	17	0.9506542990099628
simulation/sim_c0.002_s0.008/c0.002_s0.008_gtr/c0.002_s0.008_gtr_base-snps-concat_nmf	nmf	0.2	random	18	0.9489512256760172
simulation/sim_c0.002_s0.008/c0.002_s0.008_gtr/c0.002_s0.008_gtr_base-snps-concat_nmf	nmf	0.2	random	19	0.9484471070471385
simulation/sim_c0.002_s0.008/c0.002_s0.008_gtr/c0.002_s0.008_gtr_base-snps-concat_nmf	nmf	0.2	random	20	0.9492928596067609
simulation/sim_c0.002_s0.008/c0.002_s0.008_gtr/c0.002_s0.008_gtr_base-snps-concat_nmf	nmf	0.2	nonrandom	1	0.9068652037617555
simulation/sim_c0.002_s0.008/c0.002_s0.008_gtr/c0.002_s0.008_gtr_base-snps-concat_nmf	nmf	0.2	nonrandom	2	0.9174032975988966
simulation/sim_c0.002_s0.008/c0.002_s0.008_gtr/c0.002_s0.008_gtr_base-snps-concat_nmf	nmf	0.2	nonrandom	3	0.9157703283263822
simulation/sim_c0.002_s0.008/c0.002_s0.008_gtr/c0.002_s0.008_gtr_base-snps-concat_nmf	nmf	0.2	nonrandom	4	0.916708479678876
simulation/sim_c0.002_s0.008/c0.002_s0.008_gtr/c0.002_s0.008_gtr_base-snps-concat_nmf	nmf	0.2	nonrandom	5	0.9157128970555957
simulation/sim_c0.002_s0.008/c0.002_s0.008_gtr/c0.002_s0.008_gtr_base-snps-concat_nmf	nmf	0.2	nonrandom	6	0.913857443005425
simulation/sim_c0.002_s0.008/c0.002_s0.008_gtr/c0.002_s0.008_gtr_base-snps-concat_nmf	nmf	0.2	nonrandom	7	0.9233277932829502
simulation/sim_c0.002_s0.008/c0.002_s0.008_gtr/c0.002_s0.008_gtr_base-snps-concat_nmf	nmf	0.2	nonrandom	8	0.9146456100770821
simulation/sim_c0.002_s0.008/c0.002_s0.008_gtr/c0.002_s0.008_gtr_base-snps-concat_nmf	nmf	0.2	nonrandom	9	0.9090566984445559
simulation/sim_c0.002_s0.008/c0.002_s0.008_gtr/c0.002_s0.008_gtr_base-snps-concat_nmf	nmf	0.2	nonrandom	10	0.9186851753204024
simulation/sim_c0.002_s0.008/c0.002_s0.008_gtr/c0.002_s0.008_gtr_base-snps-concat_nmf	nmf	0.2	nonrandom	11	0.9162067235323633
simulation/sim_c0.002_s0.008/c0.002_s0.008_gtr/c0.002_s0.008_gtr_base-snps-concat_nmf	nmf	0.2	nonrandom	12	0.914883618934244
simulation/sim_c0.002_s0.008/c0.002_s0.008_gtr/c0.002_s0.008_gtr_base-snps-concat_nmf	nmf	0.2	nonrandom	13	0.9220107247013076
simulation/sim_c0.002_s0.008/c0.002_s0.008_gtr/c0.002_s0.008_gtr_base-snps-concat_nmf	nmf	0.2	nonrandom	14	0.9219166483740475
simulation/sim_c0.002_s0.008/c0.002_s0.008_gtr/c0.002_s0.008_gtr_base-snps-concat_nmf	nmf	0.2	nonrandom	15	0.9227633353193891
simulation/sim_c0.002_s0.008/c0.002_s0.008_gtr/c0.002_s0.008_gtr_base-snps-concat_nmf	nmf	0.2	nonrandom	16	0.919840872071169
simulation/sim_c0.002_s0.008/c0.002_s0.008_gtr/c0.002_s0.008_gtr_base-snps-concat_nmf	nmf	0.2	nonrandom	17	0.9076797641820064
simulation/sim_c0.002_s0.008/c0.002_s0.008_gtr/c0.002_s0.008_gtr_base-snps-concat_nmf	nmf	0.2	nonrandom	18	0.9179953014878621
simulation/sim_c0.002_s0.008/c0.002_s0.008_gtr/c0.002_s0.008_gtr_base-snps-concat_nmf	nmf	0.2	nonrandom	19	0.9154708941663011
simulation/sim_c0.002_s0.008/c0.002_s0.008_gtr/c0.002_s0.008_gtr_base-snps-concat_nmf	nmf	0.2	nonrandom	20	0.9202232744833642
simulation/sim_c0.002_s0.008/c0.002_s0.008_gtr/c0.002_s0.008_gtr_base-snps-concat_nmf	nmf	0.2	nonrandom_weighted	1	0.9027433767048126
simulation/sim_c0.002_s0.008/c0.002_s0.008_gtr/c0.002_s0.008_gtr_base-snps-concat_nmf	nmf	0.2	nonrandom_weighted	2	0.9043557339521465
simulation/sim_c0.002_s0.008/c0.002_s0.008_gtr/c0.002_s0.008_gtr_base-snps-concat_nmf	nmf	0.2	nonrandom_weighted	3	0.8993383298316033
simulation/sim_c0.002_s0.008/c0.002_s0.008_gtr/c0.002_s0.008_gtr_base-snps-concat_nmf	nmf	0.2	nonrandom_weighted	4	0.9015648029100944
simulation/sim_c0.002_s0.008/c0.002_s0.008_gtr/c0.002_s0.008_gtr_base-snps-concat_nmf	nmf	0.2	nonrandom_weighted	5	0.904951550691461
simulation/sim_c0.002_s0.008/c0.002_s0.008_gtr/c0.002_s0.008_gtr_base-snps-concat_nmf	nmf	0.2	nonrandom_weighted	6	0.9095299319514566
simulation/sim_c0.002_s0.008/c0.002_s0.008_gtr/c0.002_s0.008_gtr_base-snps-concat_nmf	nmf	0.2	nonrandom_weighted	7	0.9040107874188592
simulation/sim_c0.002_s0.008/c0.002_s0.008_gtr/c0.002_s0.008_gtr_base-snps-concat_nmf	nmf	0.2	nonrandom_weighted	8	0.9025682837342031
simulation/sim_c0.002_s0.008/c0.002_s0.008_gtr/c0.002_s0.008_gtr_base-snps-concat_nmf	nmf	0.2	nonrandom_weighted	9	0.8875160713725736
simulation/sim_c0.002_s0.008/c0.002_s0.008_gtr/c0.002_s0.008_gtr_base-snps-concat_nmf	nmf	0.2	nonrandom_weighted	10	0.9018783906676283
simulation/sim_c0.002_s0.008/c0.002_s0.008_gtr/c0.002_s0.008_gtr_base-snps-concat_nmf	nmf	0.2	nonrandom_weighted	11	0.9105675760426466
simulation/sim_c0.002_s0.008/c0.002_s0.008_gtr/c0.002_s0.008_gtr_base-snps-concat_nmf	nmf	0.2	nonrandom_weighted	12	0.9113800997209069
simulation/sim_c0.002_s0.008/c0.002_s0.008_gtr/c0.002_s0.008_gtr_base-snps-concat_nmf	nmf	0.2	nonrandom_weighted	13	0.9094672143999498
simulation/sim_c0.002_s0.008/c0.002_s0.008_gtr/c0.002_s0.008_gtr_base-snps-concat_nmf	nmf	0.2	nonrandom_weighted	14	0.9016588792373545
simulation/sim_c0.002_s0.008/c0.002_s0.008_gtr/c0.002_s0.008_gtr_base-snps-concat_nmf	nmf	0.2	nonrandom_weighted	15	0.9082442221455674
simulation/sim_c0.002_s0.008/c0.002_s0.008_gtr/c0.002_s0.008_gtr_base-snps-concat_nmf	nmf	0.2	nonrandom_weighted	16	0.9091536266424158
simulation/sim_c0.002_s0.008/c0.002_s0.008_gtr/c0.002_s0.008_gtr_base-snps-concat_nmf	nmf	0.2	nonrandom_weighted	17	0.9114114584966603
simulation/sim_c0.002_s0.008/c0.002_s0.008_gtr/c0.002_s0.008_gtr_base-snps-concat_nmf	nmf	0.2	nonrandom_weighted	18	0.9048231309583542
simulation/sim_c0.002_s0.008/c0.002_s0.008_gtr/c0.002_s0.008_gtr_base-snps-concat_nmf	nmf	0.2	nonrandom_weighted	19	0.9105020539998119
simulation/sim_c0.002_s0.008/c0.002_s0.008_gtr/c0.002_s0.008_gtr_base-snps-concat_nmf	nmf	0.2	nonrandom_weighted	20	0.9054532911035154
