simulation/sim_c0.001_s0.009/c0.001_s0.009_gtr/c0.001_s0.009_gtr_base-snps-concat_popWrong	population2	0.2	random	1	0.8748570702579088
simulation/sim_c0.001_s0.009/c0.001_s0.009_gtr/c0.001_s0.009_gtr_base-snps-concat_popWrong	population2	0.2	random	2	0.8759692396056032
simulation/sim_c0.001_s0.009/c0.001_s0.009_gtr/c0.001_s0.009_gtr_base-snps-concat_popWrong	population2	0.2	random	3	0.8767083918763572
simulation/sim_c0.001_s0.009/c0.001_s0.009_gtr/c0.001_s0.009_gtr_base-snps-concat_popWrong	population2	0.2	random	4	0.8790263717432008
simulation/sim_c0.001_s0.009/c0.001_s0.009_gtr/c0.001_s0.009_gtr_base-snps-concat_popWrong	population2	0.2	random	5	0.8798639369277721
simulation/sim_c0.001_s0.009/c0.001_s0.009_gtr/c0.001_s0.009_gtr_base-snps-concat_popWrong	population2	0.2	random	6	0.8800992808502514
simulation/sim_c0.001_s0.009/c0.001_s0.009_gtr/c0.001_s0.009_gtr_base-snps-concat_popWrong	population2	0.2	random	7	0.8795526149968494
simulation/sim_c0.001_s0.009/c0.001_s0.009_gtr/c0.001_s0.009_gtr_base-snps-concat_popWrong	population2	0.2	random	8	0.8787936387252107
simulation/sim_c0.001_s0.009/c0.001_s0.009_gtr/c0.001_s0.009_gtr_base-snps-concat_popWrong	population2	0.2	random	9	0.8760068497494767
simulation/sim_c0.001_s0.009/c0.001_s0.009_gtr/c0.001_s0.009_gtr_base-snps-concat_popWrong	population2	0.2	random	10	0.8770692339465573
simulation/sim_c0.001_s0.009/c0.001_s0.009_gtr/c0.001_s0.009_gtr_base-snps-concat_popWrong	population2	0.2	random	11	0.8770976353928299
simulation/sim_c0.001_s0.009/c0.001_s0.009_gtr/c0.001_s0.009_gtr_base-snps-concat_popWrong	population2	0.2	random	12	0.8800956937799043
simulation/sim_c0.001_s0.009/c0.001_s0.009_gtr/c0.001_s0.009_gtr_base-snps-concat_popWrong	population2	0.2	random	13	0.8804018497847234
simulation/sim_c0.001_s0.009/c0.001_s0.009_gtr/c0.001_s0.009_gtr_base-snps-concat_popWrong	population2	0.2	random	14	0.8779898986690384
simulation/sim_c0.001_s0.009/c0.001_s0.009_gtr/c0.001_s0.009_gtr_base-snps-concat_popWrong	population2	0.2	random	15	0.8761928917916363
simulation/sim_c0.001_s0.009/c0.001_s0.009_gtr/c0.001_s0.009_gtr_base-snps-concat_popWrong	population2	0.2	random	16	0.8773528579957892
simulation/sim_c0.001_s0.009/c0.001_s0.009_gtr/c0.001_s0.009_gtr_base-snps-concat_popWrong	population2	0.2	random	17	0.8783232700028452
simulation/sim_c0.001_s0.009/c0.001_s0.009_gtr/c0.001_s0.009_gtr_base-snps-concat_popWrong	population2	0.2	random	18	0.877167950791084
simulation/sim_c0.001_s0.009/c0.001_s0.009_gtr/c0.001_s0.009_gtr_base-snps-concat_popWrong	population2	0.2	random	19	0.8759965695772322
simulation/sim_c0.001_s0.009/c0.001_s0.009_gtr/c0.001_s0.009_gtr_base-snps-concat_popWrong	population2	0.2	random	20	0.8775619095445842
simulation/sim_c0.001_s0.009/c0.001_s0.009_gtr/c0.001_s0.009_gtr_base-snps-concat_popWrong	population2	0.2	nonrandom	1	0.8602492370295015
simulation/sim_c0.001_s0.009/c0.001_s0.009_gtr/c0.001_s0.009_gtr_base-snps-concat_popWrong	population2	0.2	nonrandom	2	0.8669397085436709
simulation/sim_c0.001_s0.009/c0.001_s0.009_gtr/c0.001_s0.009_gtr_base-snps-concat_popWrong	population2	0.2	nonrandom	3	0.8639540054634395
simulation/sim_c0.001_s0.009/c0.001_s0.009_gtr/c0.001_s0.009_gtr_base-snps-concat_popWrong	population2	0.2	nonrandom	4	0.8652128302126713
simulation/sim_c0.001_s0.009/c0.001_s0.009_gtr/c0.001_s0.009_gtr_base-snps-concat_popWrong	population2	0.2	nonrandom	5	0.8612709412849286
simulation/sim_c0.001_s0.009/c0.001_s0.009_gtr/c0.001_s0.009_gtr_base-snps-concat_popWrong	population2	0.2	nonrandom	6	0.8649438059559337
simulation/sim_c0.001_s0.009/c0.001_s0.009_gtr/c0.001_s0.009_gtr_base-snps-concat_popWrong	population2	0.2	nonrandom	7	0.8649585147979781
simulation/sim_c0.001_s0.009/c0.001_s0.009_gtr/c0.001_s0.009_gtr_base-snps-concat_popWrong	population2	0.2	nonrandom	8	0.8573926312108593
simulation/sim_c0.001_s0.009/c0.001_s0.009_gtr/c0.001_s0.009_gtr_base-snps-concat_popWrong	population2	0.2	nonrandom	9	0.8613333333333333
simulation/sim_c0.001_s0.009/c0.001_s0.009_gtr/c0.001_s0.009_gtr_base-snps-concat_popWrong	population2	0.2	nonrandom	10	0.8633360858794384
simulation/sim_c0.001_s0.009/c0.001_s0.009_gtr/c0.001_s0.009_gtr_base-snps-concat_popWrong	population2	0.2	nonrandom	11	0.8710897761953205
simulation/sim_c0.001_s0.009/c0.001_s0.009_gtr/c0.001_s0.009_gtr_base-snps-concat_popWrong	population2	0.2	nonrandom	12	0.8617477826874781
simulation/sim_c0.001_s0.009/c0.001_s0.009_gtr/c0.001_s0.009_gtr_base-snps-concat_popWrong	population2	0.2	nonrandom	13	0.8523699017706711
simulation/sim_c0.001_s0.009/c0.001_s0.009_gtr/c0.001_s0.009_gtr_base-snps-concat_popWrong	population2	0.2	nonrandom	14	0.8563032151480493
simulation/sim_c0.001_s0.009/c0.001_s0.009_gtr/c0.001_s0.009_gtr_base-snps-concat_popWrong	population2	0.2	nonrandom	15	0.8581051026243884
simulation/sim_c0.001_s0.009/c0.001_s0.009_gtr/c0.001_s0.009_gtr_base-snps-concat_popWrong	population2	0.2	nonrandom	16	0.8684202166523715
simulation/sim_c0.001_s0.009/c0.001_s0.009_gtr/c0.001_s0.009_gtr_base-snps-concat_popWrong	population2	0.2	nonrandom	17	0.859504132231405
simulation/sim_c0.001_s0.009/c0.001_s0.009_gtr/c0.001_s0.009_gtr_base-snps-concat_popWrong	population2	0.2	nonrandom	18	0.8618631963180448
simulation/sim_c0.001_s0.009/c0.001_s0.009_gtr/c0.001_s0.009_gtr_base-snps-concat_popWrong	population2	0.2	nonrandom	19	0.860893890266387
simulation/sim_c0.001_s0.009/c0.001_s0.009_gtr/c0.001_s0.009_gtr_base-snps-concat_popWrong	population2	0.2	nonrandom	20	0.8636508138351984
simulation/sim_c0.001_s0.009/c0.001_s0.009_gtr/c0.001_s0.009_gtr_base-snps-concat_popWrong	population2	0.2	nonrandom_weighted	1	0.8101853323584576
simulation/sim_c0.001_s0.009/c0.001_s0.009_gtr/c0.001_s0.009_gtr_base-snps-concat_popWrong	population2	0.2	nonrandom_weighted	2	0.8027649769585253
simulation/sim_c0.001_s0.009/c0.001_s0.009_gtr/c0.001_s0.009_gtr_base-snps-concat_popWrong	population2	0.2	nonrandom_weighted	3	0.8095177543948883
simulation/sim_c0.001_s0.009/c0.001_s0.009_gtr/c0.001_s0.009_gtr_base-snps-concat_popWrong	population2	0.2	nonrandom_weighted	4	0.811163706833561
simulation/sim_c0.001_s0.009/c0.001_s0.009_gtr/c0.001_s0.009_gtr_base-snps-concat_popWrong	population2	0.2	nonrandom_weighted	5	0.8069807362197216
simulation/sim_c0.001_s0.009/c0.001_s0.009_gtr/c0.001_s0.009_gtr_base-snps-concat_popWrong	population2	0.2	nonrandom_weighted	6	0.8217248943001557
simulation/sim_c0.001_s0.009/c0.001_s0.009_gtr/c0.001_s0.009_gtr_base-snps-concat_popWrong	population2	0.2	nonrandom_weighted	7	0.807747306873431
simulation/sim_c0.001_s0.009/c0.001_s0.009_gtr/c0.001_s0.009_gtr_base-snps-concat_popWrong	population2	0.2	nonrandom_weighted	8	0.8197674418604651
simulation/sim_c0.001_s0.009/c0.001_s0.009_gtr/c0.001_s0.009_gtr_base-snps-concat_popWrong	population2	0.2	nonrandom_weighted	9	0.8177194265187399
simulation/sim_c0.001_s0.009/c0.001_s0.009_gtr/c0.001_s0.009_gtr_base-snps-concat_popWrong	population2	0.2	nonrandom_weighted	10	0.8176240582382299
simulation/sim_c0.001_s0.009/c0.001_s0.009_gtr/c0.001_s0.009_gtr_base-snps-concat_popWrong	population2	0.2	nonrandom_weighted	11	0.8208101667990468
simulation/sim_c0.001_s0.009/c0.001_s0.009_gtr/c0.001_s0.009_gtr_base-snps-concat_popWrong	population2	0.2	nonrandom_weighted	12	0.8343135073274629
simulation/sim_c0.001_s0.009/c0.001_s0.009_gtr/c0.001_s0.009_gtr_base-snps-concat_popWrong	population2	0.2	nonrandom_weighted	13	0.8201990018119973
simulation/sim_c0.001_s0.009/c0.001_s0.009_gtr/c0.001_s0.009_gtr_base-snps-concat_popWrong	population2	0.2	nonrandom_weighted	14	0.807190996948118
simulation/sim_c0.001_s0.009/c0.001_s0.009_gtr/c0.001_s0.009_gtr_base-snps-concat_popWrong	population2	0.2	nonrandom_weighted	15	0.8163842705916012
simulation/sim_c0.001_s0.009/c0.001_s0.009_gtr/c0.001_s0.009_gtr_base-snps-concat_popWrong	population2	0.2	nonrandom_weighted	16	0.8110436468830468
simulation/sim_c0.001_s0.009/c0.001_s0.009_gtr/c0.001_s0.009_gtr_base-snps-concat_popWrong	population2	0.2	nonrandom_weighted	17	0.8199764758241409
simulation/sim_c0.001_s0.009/c0.001_s0.009_gtr/c0.001_s0.009_gtr_base-snps-concat_popWrong	population2	0.2	nonrandom_weighted	18	0.8110754363098833
simulation/sim_c0.001_s0.009/c0.001_s0.009_gtr/c0.001_s0.009_gtr_base-snps-concat_popWrong	population2	0.2	nonrandom_weighted	19	0.8304669866802301
simulation/sim_c0.001_s0.009/c0.001_s0.009_gtr/c0.001_s0.009_gtr_base-snps-concat_popWrong	population2	0.2	nonrandom_weighted	20	0.8220018435523346
