simulation/sim_c0.007_s0.003/c0.007_s0.003_gtr/c0.007_s0.003_gtr_base-snps-concat_pop	population	0.2	random	1	0.9695259943578138
simulation/sim_c0.007_s0.003/c0.007_s0.003_gtr/c0.007_s0.003_gtr_base-snps-concat_pop	population	0.2	random	2	0.9699825805648874
simulation/sim_c0.007_s0.003/c0.007_s0.003_gtr/c0.007_s0.003_gtr_base-snps-concat_pop	population	0.2	random	3	0.9700084881637272
simulation/sim_c0.007_s0.003/c0.007_s0.003_gtr/c0.007_s0.003_gtr_base-snps-concat_pop	population	0.2	random	4	0.9682776174069591
simulation/sim_c0.007_s0.003/c0.007_s0.003_gtr/c0.007_s0.003_gtr_base-snps-concat_pop	population	0.2	random	5	0.9676385572451929
simulation/sim_c0.007_s0.003/c0.007_s0.003_gtr/c0.007_s0.003_gtr_base-snps-concat_pop	population	0.2	random	6	0.9698558322411533
simulation/sim_c0.007_s0.003/c0.007_s0.003_gtr/c0.007_s0.003_gtr_base-snps-concat_pop	population	0.2	random	7	0.9688959461983935
simulation/sim_c0.007_s0.003/c0.007_s0.003_gtr/c0.007_s0.003_gtr_base-snps-concat_pop	population	0.2	random	8	0.9695549624480169
simulation/sim_c0.007_s0.003/c0.007_s0.003_gtr/c0.007_s0.003_gtr_base-snps-concat_pop	population	0.2	random	9	0.9695587911569546
simulation/sim_c0.007_s0.003/c0.007_s0.003_gtr/c0.007_s0.003_gtr_base-snps-concat_pop	population	0.2	random	10	0.9698884758364312
simulation/sim_c0.007_s0.003/c0.007_s0.003_gtr/c0.007_s0.003_gtr_base-snps-concat_pop	population	0.2	random	11	0.9688080909921548
simulation/sim_c0.007_s0.003/c0.007_s0.003_gtr/c0.007_s0.003_gtr_base-snps-concat_pop	population	0.2	random	12	0.9689464185699173
simulation/sim_c0.007_s0.003/c0.007_s0.003_gtr/c0.007_s0.003_gtr_base-snps-concat_pop	population	0.2	random	13	0.969438987120716
simulation/sim_c0.007_s0.003/c0.007_s0.003_gtr/c0.007_s0.003_gtr_base-snps-concat_pop	population	0.2	random	14	0.969038208168643
simulation/sim_c0.007_s0.003/c0.007_s0.003_gtr/c0.007_s0.003_gtr_base-snps-concat_pop	population	0.2	random	15	0.9695312746926262
simulation/sim_c0.007_s0.003/c0.007_s0.003_gtr/c0.007_s0.003_gtr_base-snps-concat_pop	population	0.2	random	16	0.9686125424154832
simulation/sim_c0.007_s0.003/c0.007_s0.003_gtr/c0.007_s0.003_gtr_base-snps-concat_pop	population	0.2	random	17	0.9680292016740615
simulation/sim_c0.007_s0.003/c0.007_s0.003_gtr/c0.007_s0.003_gtr_base-snps-concat_pop	population	0.2	random	18	0.9678988941548183
simulation/sim_c0.007_s0.003/c0.007_s0.003_gtr/c0.007_s0.003_gtr_base-snps-concat_pop	population	0.2	random	19	0.9695842450765865
simulation/sim_c0.007_s0.003/c0.007_s0.003_gtr/c0.007_s0.003_gtr_base-snps-concat_pop	population	0.2	random	20	0.9697301696613034
simulation/sim_c0.007_s0.003/c0.007_s0.003_gtr/c0.007_s0.003_gtr_base-snps-concat_pop	population	0.2	nonrandom	1	0.9700131192603236
simulation/sim_c0.007_s0.003/c0.007_s0.003_gtr/c0.007_s0.003_gtr_base-snps-concat_pop	population	0.2	nonrandom	2	0.9697149458303412
simulation/sim_c0.007_s0.003/c0.007_s0.003_gtr/c0.007_s0.003_gtr_base-snps-concat_pop	population	0.2	nonrandom	3	0.9674489732226452
simulation/sim_c0.007_s0.003/c0.007_s0.003_gtr/c0.007_s0.003_gtr_base-snps-concat_pop	population	0.2	nonrandom	4	0.9688759726258555
simulation/sim_c0.007_s0.003/c0.007_s0.003_gtr/c0.007_s0.003_gtr_base-snps-concat_pop	population	0.2	nonrandom	5	0.9725809470335017
simulation/sim_c0.007_s0.003/c0.007_s0.003_gtr/c0.007_s0.003_gtr_base-snps-concat_pop	population	0.2	nonrandom	6	0.9734386216798278
simulation/sim_c0.007_s0.003/c0.007_s0.003_gtr/c0.007_s0.003_gtr_base-snps-concat_pop	population	0.2	nonrandom	7	0.9677993073106805
simulation/sim_c0.007_s0.003/c0.007_s0.003_gtr/c0.007_s0.003_gtr_base-snps-concat_pop	population	0.2	nonrandom	8	0.9695
simulation/sim_c0.007_s0.003/c0.007_s0.003_gtr/c0.007_s0.003_gtr_base-snps-concat_pop	population	0.2	nonrandom	9	0.9682217292128863
simulation/sim_c0.007_s0.003/c0.007_s0.003_gtr/c0.007_s0.003_gtr_base-snps-concat_pop	population	0.2	nonrandom	10	0.9683134902034312
simulation/sim_c0.007_s0.003/c0.007_s0.003_gtr/c0.007_s0.003_gtr_base-snps-concat_pop	population	0.2	nonrandom	11	0.9711286089238845
simulation/sim_c0.007_s0.003/c0.007_s0.003_gtr/c0.007_s0.003_gtr_base-snps-concat_pop	population	0.2	nonrandom	12	0.9686259804381113
simulation/sim_c0.007_s0.003/c0.007_s0.003_gtr/c0.007_s0.003_gtr_base-snps-concat_pop	population	0.2	nonrandom	13	0.9724383613012093
simulation/sim_c0.007_s0.003/c0.007_s0.003_gtr/c0.007_s0.003_gtr_base-snps-concat_pop	population	0.2	nonrandom	14	0.9701571825880442
simulation/sim_c0.007_s0.003/c0.007_s0.003_gtr/c0.007_s0.003_gtr_base-snps-concat_pop	population	0.2	nonrandom	15	0.9695009530952158
simulation/sim_c0.007_s0.003/c0.007_s0.003_gtr/c0.007_s0.003_gtr_base-snps-concat_pop	population	0.2	nonrandom	16	0.9665136038484365
simulation/sim_c0.007_s0.003/c0.007_s0.003_gtr/c0.007_s0.003_gtr_base-snps-concat_pop	population	0.2	nonrandom	17	0.9673539518900344
simulation/sim_c0.007_s0.003/c0.007_s0.003_gtr/c0.007_s0.003_gtr_base-snps-concat_pop	population	0.2	nonrandom	18	0.968131971131315
simulation/sim_c0.007_s0.003/c0.007_s0.003_gtr/c0.007_s0.003_gtr_base-snps-concat_pop	population	0.2	nonrandom	19	0.9687822255554513
simulation/sim_c0.007_s0.003/c0.007_s0.003_gtr/c0.007_s0.003_gtr_base-snps-concat_pop	population	0.2	nonrandom	20	0.97225
simulation/sim_c0.007_s0.003/c0.007_s0.003_gtr/c0.007_s0.003_gtr_base-snps-concat_pop	population	0.2	nonrandom_weighted	1	0.9695929070929071
simulation/sim_c0.007_s0.003/c0.007_s0.003_gtr/c0.007_s0.003_gtr_base-snps-concat_pop	population	0.2	nonrandom_weighted	2	0.96721875
simulation/sim_c0.007_s0.003/c0.007_s0.003_gtr/c0.007_s0.003_gtr_base-snps-concat_pop	population	0.2	nonrandom_weighted	3	0.968219743133027
simulation/sim_c0.007_s0.003/c0.007_s0.003_gtr/c0.007_s0.003_gtr_base-snps-concat_pop	population	0.2	nonrandom_weighted	4	0.9670322802412424
simulation/sim_c0.007_s0.003/c0.007_s0.003_gtr/c0.007_s0.003_gtr_base-snps-concat_pop	population	0.2	nonrandom_weighted	5	0.9715676789113947
simulation/sim_c0.007_s0.003/c0.007_s0.003_gtr/c0.007_s0.003_gtr_base-snps-concat_pop	population	0.2	nonrandom_weighted	6	0.966094809537202
simulation/sim_c0.007_s0.003/c0.007_s0.003_gtr/c0.007_s0.003_gtr_base-snps-concat_pop	population	0.2	nonrandom_weighted	7	0.9657604794157121
simulation/sim_c0.007_s0.003/c0.007_s0.003_gtr/c0.007_s0.003_gtr_base-snps-concat_pop	population	0.2	nonrandom_weighted	8	0.9674738322137166
simulation/sim_c0.007_s0.003/c0.007_s0.003_gtr/c0.007_s0.003_gtr_base-snps-concat_pop	population	0.2	nonrandom_weighted	9	0.9667895526118471
simulation/sim_c0.007_s0.003/c0.007_s0.003_gtr/c0.007_s0.003_gtr_base-snps-concat_pop	population	0.2	nonrandom_weighted	10	0.9689081932379227
simulation/sim_c0.007_s0.003/c0.007_s0.003_gtr/c0.007_s0.003_gtr_base-snps-concat_pop	population	0.2	nonrandom_weighted	11	0.9706314243759178
simulation/sim_c0.007_s0.003/c0.007_s0.003_gtr/c0.007_s0.003_gtr_base-snps-concat_pop	population	0.2	nonrandom_weighted	12	0.9688368462138954
simulation/sim_c0.007_s0.003/c0.007_s0.003_gtr/c0.007_s0.003_gtr_base-snps-concat_pop	population	0.2	nonrandom_weighted	13	0.9673135214524546
simulation/sim_c0.007_s0.003/c0.007_s0.003_gtr/c0.007_s0.003_gtr_base-snps-concat_pop	population	0.2	nonrandom_weighted	14	0.9740685264931661
simulation/sim_c0.007_s0.003/c0.007_s0.003_gtr/c0.007_s0.003_gtr_base-snps-concat_pop	population	0.2	nonrandom_weighted	15	0.971125
simulation/sim_c0.007_s0.003/c0.007_s0.003_gtr/c0.007_s0.003_gtr_base-snps-concat_pop	population	0.2	nonrandom_weighted	16	0.9684375
simulation/sim_c0.007_s0.003/c0.007_s0.003_gtr/c0.007_s0.003_gtr_base-snps-concat_pop	population	0.2	nonrandom_weighted	17	0.96796875
simulation/sim_c0.007_s0.003/c0.007_s0.003_gtr/c0.007_s0.003_gtr_base-snps-concat_pop	population	0.2	nonrandom_weighted	18	0.967625
simulation/sim_c0.007_s0.003/c0.007_s0.003_gtr/c0.007_s0.003_gtr_base-snps-concat_pop	population	0.2	nonrandom_weighted	19	0.9692509609074716
simulation/sim_c0.007_s0.003/c0.007_s0.003_gtr/c0.007_s0.003_gtr_base-snps-concat_pop	population	0.2	nonrandom_weighted	20	0.9668135370769664
