simulation/sim_c0.002_s0.008/c0.002_s0.008_gtr/c0.002_s0.008_gtr_base-snps-concat_popWrong	population2	0.2	random	1	0.9161817895895581
simulation/sim_c0.002_s0.008/c0.002_s0.008_gtr/c0.002_s0.008_gtr_base-snps-concat_popWrong	population2	0.2	random	2	0.915910161771635
simulation/sim_c0.002_s0.008/c0.002_s0.008_gtr/c0.002_s0.008_gtr_base-snps-concat_popWrong	population2	0.2	random	3	0.9195304899099269
simulation/sim_c0.002_s0.008/c0.002_s0.008_gtr/c0.002_s0.008_gtr_base-snps-concat_popWrong	population2	0.2	random	4	0.91570103382578
simulation/sim_c0.002_s0.008/c0.002_s0.008_gtr/c0.002_s0.008_gtr_base-snps-concat_popWrong	population2	0.2	random	5	0.9196228675937312
simulation/sim_c0.002_s0.008/c0.002_s0.008_gtr/c0.002_s0.008_gtr_base-snps-concat_popWrong	population2	0.2	random	6	0.9161429509426883
simulation/sim_c0.002_s0.008/c0.002_s0.008_gtr/c0.002_s0.008_gtr_base-snps-concat_popWrong	population2	0.2	random	7	0.9149330651750361
simulation/sim_c0.002_s0.008/c0.002_s0.008_gtr/c0.002_s0.008_gtr_base-snps-concat_popWrong	population2	0.2	random	8	0.9162426983229697
simulation/sim_c0.002_s0.008/c0.002_s0.008_gtr/c0.002_s0.008_gtr_base-snps-concat_popWrong	population2	0.2	random	9	0.9154779446342917
simulation/sim_c0.002_s0.008/c0.002_s0.008_gtr/c0.002_s0.008_gtr_base-snps-concat_popWrong	population2	0.2	random	10	0.9166877530364372
simulation/sim_c0.002_s0.008/c0.002_s0.008_gtr/c0.002_s0.008_gtr_base-snps-concat_popWrong	population2	0.2	random	11	0.9162097434927837
simulation/sim_c0.002_s0.008/c0.002_s0.008_gtr/c0.002_s0.008_gtr_base-snps-concat_popWrong	population2	0.2	random	12	0.9169016732468509
simulation/sim_c0.002_s0.008/c0.002_s0.008_gtr/c0.002_s0.008_gtr_base-snps-concat_popWrong	population2	0.2	random	13	0.9169028560749992
simulation/sim_c0.002_s0.008/c0.002_s0.008_gtr/c0.002_s0.008_gtr_base-snps-concat_popWrong	population2	0.2	random	14	0.918482545488947
simulation/sim_c0.002_s0.008/c0.002_s0.008_gtr/c0.002_s0.008_gtr_base-snps-concat_popWrong	population2	0.2	random	15	0.9153896775406599
simulation/sim_c0.002_s0.008/c0.002_s0.008_gtr/c0.002_s0.008_gtr_base-snps-concat_popWrong	population2	0.2	random	16	0.915333544103699
simulation/sim_c0.002_s0.008/c0.002_s0.008_gtr/c0.002_s0.008_gtr_base-snps-concat_popWrong	population2	0.2	random	17	0.9149337186655777
simulation/sim_c0.002_s0.008/c0.002_s0.008_gtr/c0.002_s0.008_gtr_base-snps-concat_popWrong	population2	0.2	random	18	0.9147525530243519
simulation/sim_c0.002_s0.008/c0.002_s0.008_gtr/c0.002_s0.008_gtr_base-snps-concat_popWrong	population2	0.2	random	19	0.9164437450826122
simulation/sim_c0.002_s0.008/c0.002_s0.008_gtr/c0.002_s0.008_gtr_base-snps-concat_popWrong	population2	0.2	random	20	0.9184494480134722
simulation/sim_c0.002_s0.008/c0.002_s0.008_gtr/c0.002_s0.008_gtr_base-snps-concat_popWrong	population2	0.2	nonrandom	1	0.9179937304075235
simulation/sim_c0.002_s0.008/c0.002_s0.008_gtr/c0.002_s0.008_gtr_base-snps-concat_popWrong	population2	0.2	nonrandom	2	0.9066106372303061
simulation/sim_c0.002_s0.008/c0.002_s0.008_gtr/c0.002_s0.008_gtr_base-snps-concat_popWrong	population2	0.2	nonrandom	3	0.9172102358253889
simulation/sim_c0.002_s0.008/c0.002_s0.008_gtr/c0.002_s0.008_gtr_base-snps-concat_popWrong	population2	0.2	nonrandom	4	0.9105334127755652
simulation/sim_c0.002_s0.008/c0.002_s0.008_gtr/c0.002_s0.008_gtr_base-snps-concat_popWrong	population2	0.2	nonrandom	5	0.9046066041581736
simulation/sim_c0.002_s0.008/c0.002_s0.008_gtr/c0.002_s0.008_gtr_base-snps-concat_popWrong	population2	0.2	nonrandom	6	0.9235279362889571
simulation/sim_c0.002_s0.008/c0.002_s0.008_gtr/c0.002_s0.008_gtr_base-snps-concat_popWrong	population2	0.2	nonrandom	7	0.9120985950827898
simulation/sim_c0.002_s0.008/c0.002_s0.008_gtr/c0.002_s0.008_gtr_base-snps-concat_popWrong	population2	0.2	nonrandom	8	0.9119571683521713
simulation/sim_c0.002_s0.008/c0.002_s0.008_gtr/c0.002_s0.008_gtr_base-snps-concat_popWrong	population2	0.2	nonrandom	9	0.9035238841033673
simulation/sim_c0.002_s0.008/c0.002_s0.008_gtr/c0.002_s0.008_gtr_base-snps-concat_popWrong	population2	0.2	nonrandom	10	0.9149736644093304
simulation/sim_c0.002_s0.008/c0.002_s0.008_gtr/c0.002_s0.008_gtr_base-snps-concat_popWrong	population2	0.2	nonrandom	11	0.916240709962683
simulation/sim_c0.002_s0.008/c0.002_s0.008_gtr/c0.002_s0.008_gtr_base-snps-concat_popWrong	population2	0.2	nonrandom	12	0.9057012042147516
simulation/sim_c0.002_s0.008/c0.002_s0.008_gtr/c0.002_s0.008_gtr_base-snps-concat_popWrong	population2	0.2	nonrandom	13	0.9218225720467873
simulation/sim_c0.002_s0.008/c0.002_s0.008_gtr/c0.002_s0.008_gtr_base-snps-concat_popWrong	population2	0.2	nonrandom	14	0.9115996111511807
simulation/sim_c0.002_s0.008/c0.002_s0.008_gtr/c0.002_s0.008_gtr_base-snps-concat_popWrong	population2	0.2	nonrandom	15	0.9025353348585039
simulation/sim_c0.002_s0.008/c0.002_s0.008_gtr/c0.002_s0.008_gtr_base-snps-concat_popWrong	population2	0.2	nonrandom	16	0.9084010160243344
simulation/sim_c0.002_s0.008/c0.002_s0.008_gtr/c0.002_s0.008_gtr_base-snps-concat_popWrong	population2	0.2	nonrandom	17	0.9185926181441877
simulation/sim_c0.002_s0.008/c0.002_s0.008_gtr/c0.002_s0.008_gtr_base-snps-concat_popWrong	population2	0.2	nonrandom	18	0.9118440027587936
simulation/sim_c0.002_s0.008/c0.002_s0.008_gtr/c0.002_s0.008_gtr_base-snps-concat_popWrong	population2	0.2	nonrandom	19	0.9025682837342031
simulation/sim_c0.002_s0.008/c0.002_s0.008_gtr/c0.002_s0.008_gtr_base-snps-concat_popWrong	population2	0.2	nonrandom	20	0.9081118311887543
simulation/sim_c0.002_s0.008/c0.002_s0.008_gtr/c0.002_s0.008_gtr_base-snps-concat_popWrong	population2	0.2	nonrandom_weighted	1	0.9025957740297197
simulation/sim_c0.002_s0.008/c0.002_s0.008_gtr/c0.002_s0.008_gtr_base-snps-concat_popWrong	population2	0.2	nonrandom_weighted	2	0.8929097808021574
simulation/sim_c0.002_s0.008/c0.002_s0.008_gtr/c0.002_s0.008_gtr_base-snps-concat_popWrong	population2	0.2	nonrandom_weighted	3	0.9045931964257721
simulation/sim_c0.002_s0.008/c0.002_s0.008_gtr/c0.002_s0.008_gtr_base-snps-concat_popWrong	population2	0.2	nonrandom_weighted	4	0.8917217402198766
simulation/sim_c0.002_s0.008/c0.002_s0.008_gtr/c0.002_s0.008_gtr_base-snps-concat_popWrong	population2	0.2	nonrandom_weighted	5	0.9019411082191351
simulation/sim_c0.002_s0.008/c0.002_s0.008_gtr/c0.002_s0.008_gtr_base-snps-concat_popWrong	population2	0.2	nonrandom_weighted	6	0.9061118253943367
simulation/sim_c0.002_s0.008/c0.002_s0.008_gtr/c0.002_s0.008_gtr_base-snps-concat_popWrong	population2	0.2	nonrandom_weighted	7	0.8982221804157652
simulation/sim_c0.002_s0.008/c0.002_s0.008_gtr/c0.002_s0.008_gtr_base-snps-concat_popWrong	population2	0.2	nonrandom_weighted	8	0.9062372604973502
simulation/sim_c0.002_s0.008/c0.002_s0.008_gtr/c0.002_s0.008_gtr_base-snps-concat_popWrong	population2	0.2	nonrandom_weighted	9	0.9099062372604974
simulation/sim_c0.002_s0.008/c0.002_s0.008_gtr/c0.002_s0.008_gtr_base-snps-concat_popWrong	population2	0.2	nonrandom_weighted	10	0.9022440920203096
simulation/sim_c0.002_s0.008/c0.002_s0.008_gtr/c0.002_s0.008_gtr_base-snps-concat_popWrong	population2	0.2	nonrandom_weighted	11	0.9056100849822822
simulation/sim_c0.002_s0.008/c0.002_s0.008_gtr/c0.002_s0.008_gtr_base-snps-concat_popWrong	population2	0.2	nonrandom_weighted	12	0.8955453149001537
simulation/sim_c0.002_s0.008/c0.002_s0.008_gtr/c0.002_s0.008_gtr_base-snps-concat_popWrong	population2	0.2	nonrandom_weighted	13	0.9092390623041243
simulation/sim_c0.002_s0.008/c0.002_s0.008_gtr/c0.002_s0.008_gtr_base-snps-concat_popWrong	population2	0.2	nonrandom_weighted	14	0.9002037936980718
simulation/sim_c0.002_s0.008/c0.002_s0.008_gtr/c0.002_s0.008_gtr_base-snps-concat_popWrong	population2	0.2	nonrandom_weighted	15	0.8956974410436528
simulation/sim_c0.002_s0.008/c0.002_s0.008_gtr/c0.002_s0.008_gtr_base-snps-concat_popWrong	population2	0.2	nonrandom_weighted	16	0.9030356246864024
simulation/sim_c0.002_s0.008/c0.002_s0.008_gtr/c0.002_s0.008_gtr_base-snps-concat_popWrong	population2	0.2	nonrandom_weighted	17	0.8975918725699235
simulation/sim_c0.002_s0.008/c0.002_s0.008_gtr/c0.002_s0.008_gtr_base-snps-concat_popWrong	population2	0.2	nonrandom_weighted	18	0.9101627418393904
simulation/sim_c0.002_s0.008/c0.002_s0.008_gtr/c0.002_s0.008_gtr_base-snps-concat_popWrong	population2	0.2	nonrandom_weighted	19	0.9105020539998119
simulation/sim_c0.002_s0.008/c0.002_s0.008_gtr/c0.002_s0.008_gtr_base-snps-concat_popWrong	population2	0.2	nonrandom_weighted	20	0.8988052306437957
