simulation/sim_c0.004_s0.006/c0.004_s0.006_gtr/c0.004_s0.006_gtr_base-snps-concat_nmf	nmf	0.2	random	1	0.9678619439147154
simulation/sim_c0.004_s0.006/c0.004_s0.006_gtr/c0.004_s0.006_gtr_base-snps-concat_nmf	nmf	0.2	random	2	0.9672177080414682
simulation/sim_c0.004_s0.006/c0.004_s0.006_gtr/c0.004_s0.006_gtr_base-snps-concat_nmf	nmf	0.2	random	3	0.9684928064333731
simulation/sim_c0.004_s0.006/c0.004_s0.006_gtr/c0.004_s0.006_gtr_base-snps-concat_nmf	nmf	0.2	random	4	0.9679970113940601
simulation/sim_c0.004_s0.006/c0.004_s0.006_gtr/c0.004_s0.006_gtr_base-snps-concat_nmf	nmf	0.2	random	5	0.9683951846206489
simulation/sim_c0.004_s0.006/c0.004_s0.006_gtr/c0.004_s0.006_gtr_base-snps-concat_nmf	nmf	0.2	random	6	0.968681539078651
simulation/sim_c0.004_s0.006/c0.004_s0.006_gtr/c0.004_s0.006_gtr_base-snps-concat_nmf	nmf	0.2	random	7	0.9669981491357404
simulation/sim_c0.004_s0.006/c0.004_s0.006_gtr/c0.004_s0.006_gtr_base-snps-concat_nmf	nmf	0.2	random	8	0.967211067045561
simulation/sim_c0.004_s0.006/c0.004_s0.006_gtr/c0.004_s0.006_gtr_base-snps-concat_nmf	nmf	0.2	random	9	0.969204368174727
simulation/sim_c0.004_s0.006/c0.004_s0.006_gtr/c0.004_s0.006_gtr_base-snps-concat_nmf	nmf	0.2	random	10	0.9658275072890867
simulation/sim_c0.004_s0.006/c0.004_s0.006_gtr/c0.004_s0.006_gtr_base-snps-concat_nmf	nmf	0.2	random	11	0.9669862546154084
simulation/sim_c0.004_s0.006/c0.004_s0.006_gtr/c0.004_s0.006_gtr_base-snps-concat_nmf	nmf	0.2	random	12	0.96803738317757
simulation/sim_c0.004_s0.006/c0.004_s0.006_gtr/c0.004_s0.006_gtr_base-snps-concat_nmf	nmf	0.2	random	13	0.9682167635477217
simulation/sim_c0.004_s0.006/c0.004_s0.006_gtr/c0.004_s0.006_gtr_base-snps-concat_nmf	nmf	0.2	random	14	0.9720201105455454
simulation/sim_c0.004_s0.006/c0.004_s0.006_gtr/c0.004_s0.006_gtr_base-snps-concat_nmf	nmf	0.2	random	15	0.9686678420092172
simulation/sim_c0.004_s0.006/c0.004_s0.006_gtr/c0.004_s0.006_gtr_base-snps-concat_nmf	nmf	0.2	random	16	0.9682893168559061
simulation/sim_c0.004_s0.006/c0.004_s0.006_gtr/c0.004_s0.006_gtr_base-snps-concat_nmf	nmf	0.2	random	17	0.9695785392696348
simulation/sim_c0.004_s0.006/c0.004_s0.006_gtr/c0.004_s0.006_gtr_base-snps-concat_nmf	nmf	0.2	random	18	0.969876682669679
simulation/sim_c0.004_s0.006/c0.004_s0.006_gtr/c0.004_s0.006_gtr_base-snps-concat_nmf	nmf	0.2	random	19	0.9695719280561943
simulation/sim_c0.004_s0.006/c0.004_s0.006_gtr/c0.004_s0.006_gtr_base-snps-concat_nmf	nmf	0.2	random	20	0.9679184282516787
simulation/sim_c0.004_s0.006/c0.004_s0.006_gtr/c0.004_s0.006_gtr_base-snps-concat_nmf	nmf	0.2	nonrandom	1	0.9640527974537398
simulation/sim_c0.004_s0.006/c0.004_s0.006_gtr/c0.004_s0.006_gtr_base-snps-concat_nmf	nmf	0.2	nonrandom	2	0.96159375
simulation/sim_c0.004_s0.006/c0.004_s0.006_gtr/c0.004_s0.006_gtr_base-snps-concat_nmf	nmf	0.2	nonrandom	3	0.9568095937041317
simulation/sim_c0.004_s0.006/c0.004_s0.006_gtr/c0.004_s0.006_gtr_base-snps-concat_nmf	nmf	0.2	nonrandom	4	0.9584075497640698
simulation/sim_c0.004_s0.006/c0.004_s0.006_gtr/c0.004_s0.006_gtr_base-snps-concat_nmf	nmf	0.2	nonrandom	5	0.961897331877048
simulation/sim_c0.004_s0.006/c0.004_s0.006_gtr/c0.004_s0.006_gtr_base-snps-concat_nmf	nmf	0.2	nonrandom	6	0.9594075185150464
simulation/sim_c0.004_s0.006/c0.004_s0.006_gtr/c0.004_s0.006_gtr_base-snps-concat_nmf	nmf	0.2	nonrandom	7	0.9532827099153152
simulation/sim_c0.004_s0.006/c0.004_s0.006_gtr/c0.004_s0.006_gtr_base-snps-concat_nmf	nmf	0.2	nonrandom	8	0.9550951532764601
simulation/sim_c0.004_s0.006/c0.004_s0.006_gtr/c0.004_s0.006_gtr_base-snps-concat_nmf	nmf	0.2	nonrandom	9	0.95856379488141
simulation/sim_c0.004_s0.006/c0.004_s0.006_gtr/c0.004_s0.006_gtr_base-snps-concat_nmf	nmf	0.2	nonrandom	10	0.9581565152271593
simulation/sim_c0.004_s0.006/c0.004_s0.006_gtr/c0.004_s0.006_gtr_base-snps-concat_nmf	nmf	0.2	nonrandom	11	0.9602512421486828
simulation/sim_c0.004_s0.006/c0.004_s0.006_gtr/c0.004_s0.006_gtr_base-snps-concat_nmf	nmf	0.2	nonrandom	12	0.9620636855098278
simulation/sim_c0.004_s0.006/c0.004_s0.006_gtr/c0.004_s0.006_gtr_base-snps-concat_nmf	nmf	0.2	nonrandom	13	0.9545639198775038
simulation/sim_c0.004_s0.006/c0.004_s0.006_gtr/c0.004_s0.006_gtr_base-snps-concat_nmf	nmf	0.2	nonrandom	14	0.9626261679322521
simulation/sim_c0.004_s0.006/c0.004_s0.006_gtr/c0.004_s0.006_gtr_base-snps-concat_nmf	nmf	0.2	nonrandom	15	0.95675
simulation/sim_c0.004_s0.006/c0.004_s0.006_gtr/c0.004_s0.006_gtr_base-snps-concat_nmf	nmf	0.2	nonrandom	16	0.9525639823755507
simulation/sim_c0.004_s0.006/c0.004_s0.006_gtr/c0.004_s0.006_gtr_base-snps-concat_nmf	nmf	0.2	nonrandom	17	0.952375
simulation/sim_c0.004_s0.006/c0.004_s0.006_gtr/c0.004_s0.006_gtr_base-snps-concat_nmf	nmf	0.2	nonrandom	18	0.95390625
simulation/sim_c0.004_s0.006/c0.004_s0.006_gtr/c0.004_s0.006_gtr_base-snps-concat_nmf	nmf	0.2	nonrandom	19	0.95021875
simulation/sim_c0.004_s0.006/c0.004_s0.006_gtr/c0.004_s0.006_gtr_base-snps-concat_nmf	nmf	0.2	nonrandom	20	0.9612512108996594
simulation/sim_c0.004_s0.006/c0.004_s0.006_gtr/c0.004_s0.006_gtr_base-snps-concat_nmf	nmf	0.2	nonrandom_weighted	1	0.952625
simulation/sim_c0.004_s0.006/c0.004_s0.006_gtr/c0.004_s0.006_gtr_base-snps-concat_nmf	nmf	0.2	nonrandom_weighted	2	0.9566576044498609
simulation/sim_c0.004_s0.006/c0.004_s0.006_gtr/c0.004_s0.006_gtr_base-snps-concat_nmf	nmf	0.2	nonrandom_weighted	3	0.9458141933064592
simulation/sim_c0.004_s0.006/c0.004_s0.006_gtr/c0.004_s0.006_gtr_base-snps-concat_nmf	nmf	0.2	nonrandom_weighted	4	0.9420086190743864
simulation/sim_c0.004_s0.006/c0.004_s0.006_gtr/c0.004_s0.006_gtr_base-snps-concat_nmf	nmf	0.2	nonrandom_weighted	5	0.95378125
simulation/sim_c0.004_s0.006/c0.004_s0.006_gtr/c0.004_s0.006_gtr_base-snps-concat_nmf	nmf	0.2	nonrandom_weighted	6	0.9508662400499454
simulation/sim_c0.004_s0.006/c0.004_s0.006_gtr/c0.004_s0.006_gtr_base-snps-concat_nmf	nmf	0.2	nonrandom_weighted	7	0.9540326864785476
simulation/sim_c0.004_s0.006/c0.004_s0.006_gtr/c0.004_s0.006_gtr_base-snps-concat_nmf	nmf	0.2	nonrandom_weighted	8	0.9501890565919815
simulation/sim_c0.004_s0.006/c0.004_s0.006_gtr/c0.004_s0.006_gtr_base-snps-concat_nmf	nmf	0.2	nonrandom_weighted	9	0.9515015155776382
simulation/sim_c0.004_s0.006/c0.004_s0.006_gtr/c0.004_s0.006_gtr_base-snps-concat_nmf	nmf	0.2	nonrandom_weighted	10	0.95140625
simulation/sim_c0.004_s0.006/c0.004_s0.006_gtr/c0.004_s0.006_gtr_base-snps-concat_nmf	nmf	0.2	nonrandom_weighted	11	0.951189025342958
simulation/sim_c0.004_s0.006/c0.004_s0.006_gtr/c0.004_s0.006_gtr_base-snps-concat_nmf	nmf	0.2	nonrandom_weighted	12	0.952907721633699
simulation/sim_c0.004_s0.006/c0.004_s0.006_gtr/c0.004_s0.006_gtr_base-snps-concat_nmf	nmf	0.2	nonrandom_weighted	13	0.9558947466991291
simulation/sim_c0.004_s0.006/c0.004_s0.006_gtr/c0.004_s0.006_gtr_base-snps-concat_nmf	nmf	0.2	nonrandom_weighted	14	0.94603125
simulation/sim_c0.004_s0.006/c0.004_s0.006_gtr/c0.004_s0.006_gtr_base-snps-concat_nmf	nmf	0.2	nonrandom_weighted	15	0.9575013280834974
simulation/sim_c0.004_s0.006/c0.004_s0.006_gtr/c0.004_s0.006_gtr_base-snps-concat_nmf	nmf	0.2	nonrandom_weighted	16	0.954853625769363
simulation/sim_c0.004_s0.006/c0.004_s0.006_gtr/c0.004_s0.006_gtr_base-snps-concat_nmf	nmf	0.2	nonrandom_weighted	17	0.9495113497986074
simulation/sim_c0.004_s0.006/c0.004_s0.006_gtr/c0.004_s0.006_gtr_base-snps-concat_nmf	nmf	0.2	nonrandom_weighted	18	0.9536947351976254
simulation/sim_c0.004_s0.006/c0.004_s0.006_gtr/c0.004_s0.006_gtr_base-snps-concat_nmf	nmf	0.2	nonrandom_weighted	19	0.95440625
simulation/sim_c0.004_s0.006/c0.004_s0.006_gtr/c0.004_s0.006_gtr_base-snps-concat_nmf	nmf	0.2	nonrandom_weighted	20	0.9499390644042374
