simulation/sim_c0.003_s0.007/c0.003_s0.007_gtrgamma/c0.003_s0.007_gtrgamma_base-snps-concat_nmf	nmf	0.2	random	1	0.9536684358413987
simulation/sim_c0.003_s0.007/c0.003_s0.007_gtrgamma/c0.003_s0.007_gtrgamma_base-snps-concat_nmf	nmf	0.2	random	2	0.9557846796128787
simulation/sim_c0.003_s0.007/c0.003_s0.007_gtrgamma/c0.003_s0.007_gtrgamma_base-snps-concat_nmf	nmf	0.2	random	3	0.9516441005802708
simulation/sim_c0.003_s0.007/c0.003_s0.007_gtrgamma/c0.003_s0.007_gtrgamma_base-snps-concat_nmf	nmf	0.2	random	4	0.9537368784964485
simulation/sim_c0.003_s0.007/c0.003_s0.007_gtrgamma/c0.003_s0.007_gtrgamma_base-snps-concat_nmf	nmf	0.2	random	5	0.9548801797304044
simulation/sim_c0.003_s0.007/c0.003_s0.007_gtrgamma/c0.003_s0.007_gtrgamma_base-snps-concat_nmf	nmf	0.2	random	6	0.9552461461959224
simulation/sim_c0.003_s0.007/c0.003_s0.007_gtrgamma/c0.003_s0.007_gtrgamma_base-snps-concat_nmf	nmf	0.2	random	7	0.9557321225879682
simulation/sim_c0.003_s0.007/c0.003_s0.007_gtrgamma/c0.003_s0.007_gtrgamma_base-snps-concat_nmf	nmf	0.2	random	8	0.958134807191411
simulation/sim_c0.003_s0.007/c0.003_s0.007_gtrgamma/c0.003_s0.007_gtrgamma_base-snps-concat_nmf	nmf	0.2	random	9	0.9540438871473355
simulation/sim_c0.003_s0.007/c0.003_s0.007_gtrgamma/c0.003_s0.007_gtrgamma_base-snps-concat_nmf	nmf	0.2	random	10	0.9552703712932968
simulation/sim_c0.003_s0.007/c0.003_s0.007_gtrgamma/c0.003_s0.007_gtrgamma_base-snps-concat_nmf	nmf	0.2	random	11	0.952859013531209
simulation/sim_c0.003_s0.007/c0.003_s0.007_gtrgamma/c0.003_s0.007_gtrgamma_base-snps-concat_nmf	nmf	0.2	random	12	0.9541466538584694
simulation/sim_c0.003_s0.007/c0.003_s0.007_gtrgamma/c0.003_s0.007_gtrgamma_base-snps-concat_nmf	nmf	0.2	random	13	0.9545852073963018
simulation/sim_c0.003_s0.007/c0.003_s0.007_gtrgamma/c0.003_s0.007_gtrgamma_base-snps-concat_nmf	nmf	0.2	random	14	0.9559807415744388
simulation/sim_c0.003_s0.007/c0.003_s0.007_gtrgamma/c0.003_s0.007_gtrgamma_base-snps-concat_nmf	nmf	0.2	random	15	0.9553588365475814
simulation/sim_c0.003_s0.007/c0.003_s0.007_gtrgamma/c0.003_s0.007_gtrgamma_base-snps-concat_nmf	nmf	0.2	random	16	0.9552520611743974
simulation/sim_c0.003_s0.007/c0.003_s0.007_gtrgamma/c0.003_s0.007_gtrgamma_base-snps-concat_nmf	nmf	0.2	random	17	0.9558980811575968
simulation/sim_c0.003_s0.007/c0.003_s0.007_gtrgamma/c0.003_s0.007_gtrgamma_base-snps-concat_nmf	nmf	0.2	random	18	0.9549180327868853
simulation/sim_c0.003_s0.007/c0.003_s0.007_gtrgamma/c0.003_s0.007_gtrgamma_base-snps-concat_nmf	nmf	0.2	random	19	0.9523148732181153
simulation/sim_c0.003_s0.007/c0.003_s0.007_gtrgamma/c0.003_s0.007_gtrgamma_base-snps-concat_nmf	nmf	0.2	random	20	0.9579084804774931
simulation/sim_c0.003_s0.007/c0.003_s0.007_gtrgamma/c0.003_s0.007_gtrgamma_base-snps-concat_nmf	nmf	0.2	nonrandom	1	0.9339344980900495
simulation/sim_c0.003_s0.007/c0.003_s0.007_gtrgamma/c0.003_s0.007_gtrgamma_base-snps-concat_nmf	nmf	0.2	nonrandom	2	0.9333999126146932
simulation/sim_c0.003_s0.007/c0.003_s0.007_gtrgamma/c0.003_s0.007_gtrgamma_base-snps-concat_nmf	nmf	0.2	nonrandom	3	0.9376917778195253
simulation/sim_c0.003_s0.007/c0.003_s0.007_gtrgamma/c0.003_s0.007_gtrgamma_base-snps-concat_nmf	nmf	0.2	nonrandom	4	0.9385827756582651
simulation/sim_c0.003_s0.007/c0.003_s0.007_gtrgamma/c0.003_s0.007_gtrgamma_base-snps-concat_nmf	nmf	0.2	nonrandom	5	0.9433903187425637
simulation/sim_c0.003_s0.007/c0.003_s0.007_gtrgamma/c0.003_s0.007_gtrgamma_base-snps-concat_nmf	nmf	0.2	nonrandom	6	0.938376753507014
simulation/sim_c0.003_s0.007/c0.003_s0.007_gtrgamma/c0.003_s0.007_gtrgamma_base-snps-concat_nmf	nmf	0.2	nonrandom	7	0.9333667334669339
simulation/sim_c0.003_s0.007/c0.003_s0.007_gtrgamma/c0.003_s0.007_gtrgamma_base-snps-concat_nmf	nmf	0.2	nonrandom	8	0.9371908071889286
simulation/sim_c0.003_s0.007/c0.003_s0.007_gtrgamma/c0.003_s0.007_gtrgamma_base-snps-concat_nmf	nmf	0.2	nonrandom	9	0.9267284569138277
simulation/sim_c0.003_s0.007/c0.003_s0.007_gtrgamma/c0.003_s0.007_gtrgamma_base-snps-concat_nmf	nmf	0.2	nonrandom	10	0.9392573110401403
simulation/sim_c0.003_s0.007/c0.003_s0.007_gtrgamma/c0.003_s0.007_gtrgamma_base-snps-concat_nmf	nmf	0.2	nonrandom	11	0.9398171342685371
simulation/sim_c0.003_s0.007/c0.003_s0.007_gtrgamma/c0.003_s0.007_gtrgamma_base-snps-concat_nmf	nmf	0.2	nonrandom	12	0.9384586489701371
simulation/sim_c0.003_s0.007/c0.003_s0.007_gtrgamma/c0.003_s0.007_gtrgamma_base-snps-concat_nmf	nmf	0.2	nonrandom	13	0.945875
simulation/sim_c0.003_s0.007/c0.003_s0.007_gtrgamma/c0.003_s0.007_gtrgamma_base-snps-concat_nmf	nmf	0.2	nonrandom	14	0.9338718767612249
simulation/sim_c0.003_s0.007/c0.003_s0.007_gtrgamma/c0.003_s0.007_gtrgamma_base-snps-concat_nmf	nmf	0.2	nonrandom	15	0.9393485585922875
simulation/sim_c0.003_s0.007/c0.003_s0.007_gtrgamma/c0.003_s0.007_gtrgamma_base-snps-concat_nmf	nmf	0.2	nonrandom	16	0.9193437284739182
simulation/sim_c0.003_s0.007/c0.003_s0.007_gtrgamma/c0.003_s0.007_gtrgamma_base-snps-concat_nmf	nmf	0.2	nonrandom	17	0.9389322510146737
simulation/sim_c0.003_s0.007/c0.003_s0.007_gtrgamma/c0.003_s0.007_gtrgamma_base-snps-concat_nmf	nmf	0.2	nonrandom	18	0.9388815830671927
simulation/sim_c0.003_s0.007/c0.003_s0.007_gtrgamma/c0.003_s0.007_gtrgamma_base-snps-concat_nmf	nmf	0.2	nonrandom	19	0.9213862004370902
simulation/sim_c0.003_s0.007/c0.003_s0.007_gtrgamma/c0.003_s0.007_gtrgamma_base-snps-concat_nmf	nmf	0.2	nonrandom	20	0.9413201402805611
simulation/sim_c0.003_s0.007/c0.003_s0.007_gtrgamma/c0.003_s0.007_gtrgamma_base-snps-concat_nmf	nmf	0.2	nonrandom_weighted	1	0.9222243095998497
simulation/sim_c0.003_s0.007/c0.003_s0.007_gtrgamma/c0.003_s0.007_gtrgamma_base-snps-concat_nmf	nmf	0.2	nonrandom_weighted	2	0.9431803975496937
simulation/sim_c0.003_s0.007/c0.003_s0.007_gtrgamma/c0.003_s0.007_gtrgamma_base-snps-concat_nmf	nmf	0.2	nonrandom_weighted	3	0.9285758998435055
simulation/sim_c0.003_s0.007/c0.003_s0.007_gtrgamma/c0.003_s0.007_gtrgamma_base-snps-concat_nmf	nmf	0.2	nonrandom_weighted	4	0.9346233327071201
simulation/sim_c0.003_s0.007/c0.003_s0.007_gtrgamma/c0.003_s0.007_gtrgamma_base-snps-concat_nmf	nmf	0.2	nonrandom_weighted	5	0.9258308818927208
simulation/sim_c0.003_s0.007/c0.003_s0.007_gtrgamma/c0.003_s0.007_gtrgamma_base-snps-concat_nmf	nmf	0.2	nonrandom_weighted	6	0.9195942137892166
simulation/sim_c0.003_s0.007/c0.003_s0.007_gtrgamma/c0.003_s0.007_gtrgamma_base-snps-concat_nmf	nmf	0.2	nonrandom_weighted	7	0.9284238211534849
simulation/sim_c0.003_s0.007/c0.003_s0.007_gtrgamma/c0.003_s0.007_gtrgamma_base-snps-concat_nmf	nmf	0.2	nonrandom_weighted	8	0.9246759752050592
simulation/sim_c0.003_s0.007/c0.003_s0.007_gtrgamma/c0.003_s0.007_gtrgamma_base-snps-concat_nmf	nmf	0.2	nonrandom_weighted	9	0.9271713945769929
simulation/sim_c0.003_s0.007/c0.003_s0.007_gtrgamma/c0.003_s0.007_gtrgamma_base-snps-concat_nmf	nmf	0.2	nonrandom_weighted	10	0.930625
simulation/sim_c0.003_s0.007/c0.003_s0.007_gtrgamma/c0.003_s0.007_gtrgamma_base-snps-concat_nmf	nmf	0.2	nonrandom_weighted	11	0.9269835305905191
simulation/sim_c0.003_s0.007/c0.003_s0.007_gtrgamma/c0.003_s0.007_gtrgamma_base-snps-concat_nmf	nmf	0.2	nonrandom_weighted	12	0.9377658243682762
simulation/sim_c0.003_s0.007/c0.003_s0.007_gtrgamma/c0.003_s0.007_gtrgamma_base-snps-concat_nmf	nmf	0.2	nonrandom_weighted	13	0.9342476047341725
simulation/sim_c0.003_s0.007/c0.003_s0.007_gtrgamma/c0.003_s0.007_gtrgamma_base-snps-concat_nmf	nmf	0.2	nonrandom_weighted	14	0.9229083166332666
simulation/sim_c0.003_s0.007/c0.003_s0.007_gtrgamma/c0.003_s0.007_gtrgamma_base-snps-concat_nmf	nmf	0.2	nonrandom_weighted	15	0.9346168271033879
simulation/sim_c0.003_s0.007/c0.003_s0.007_gtrgamma/c0.003_s0.007_gtrgamma_base-snps-concat_nmf	nmf	0.2	nonrandom_weighted	16	0.9284730913642053
simulation/sim_c0.003_s0.007/c0.003_s0.007_gtrgamma/c0.003_s0.007_gtrgamma_base-snps-concat_nmf	nmf	0.2	nonrandom_weighted	17	0.9188293415045964
simulation/sim_c0.003_s0.007/c0.003_s0.007_gtrgamma/c0.003_s0.007_gtrgamma_base-snps-concat_nmf	nmf	0.2	nonrandom_weighted	18	0.9345607113782954
simulation/sim_c0.003_s0.007/c0.003_s0.007_gtrgamma/c0.003_s0.007_gtrgamma_base-snps-concat_nmf	nmf	0.2	nonrandom_weighted	19	0.9089315891594166
simulation/sim_c0.003_s0.007/c0.003_s0.007_gtrgamma/c0.003_s0.007_gtrgamma_base-snps-concat_nmf	nmf	0.2	nonrandom_weighted	20	0.9036883962677688
