simulation/sim_c0.003_s0.007/c0.003_s0.007_gtr/c0.003_s0.007_gtr_base-snps-concat_nmf	nmf	0.2	random	1	0.9533278966187818
simulation/sim_c0.003_s0.007/c0.003_s0.007_gtr/c0.003_s0.007_gtr_base-snps-concat_nmf	nmf	0.2	random	2	0.9524301640987097
simulation/sim_c0.003_s0.007/c0.003_s0.007_gtr/c0.003_s0.007_gtr_base-snps-concat_nmf	nmf	0.2	random	3	0.9537149061579029
simulation/sim_c0.003_s0.007/c0.003_s0.007_gtr/c0.003_s0.007_gtr_base-snps-concat_nmf	nmf	0.2	random	4	0.9519665745162101
simulation/sim_c0.003_s0.007/c0.003_s0.007_gtr/c0.003_s0.007_gtr_base-snps-concat_nmf	nmf	0.2	random	5	0.9526448362720403
simulation/sim_c0.003_s0.007/c0.003_s0.007_gtr/c0.003_s0.007_gtr_base-snps-concat_nmf	nmf	0.2	random	6	0.9538539074558225
simulation/sim_c0.003_s0.007/c0.003_s0.007_gtr/c0.003_s0.007_gtr_base-snps-concat_nmf	nmf	0.2	random	7	0.9547929435922965
simulation/sim_c0.003_s0.007/c0.003_s0.007_gtr/c0.003_s0.007_gtr_base-snps-concat_nmf	nmf	0.2	random	8	0.9533345810718074
simulation/sim_c0.003_s0.007/c0.003_s0.007_gtr/c0.003_s0.007_gtr_base-snps-concat_nmf	nmf	0.2	random	9	0.9533969679955081
simulation/sim_c0.003_s0.007/c0.003_s0.007_gtr/c0.003_s0.007_gtr_base-snps-concat_nmf	nmf	0.2	random	10	0.9550438939048392
simulation/sim_c0.003_s0.007/c0.003_s0.007_gtr/c0.003_s0.007_gtr_base-snps-concat_nmf	nmf	0.2	random	11	0.9542379252020297
simulation/sim_c0.003_s0.007/c0.003_s0.007_gtr/c0.003_s0.007_gtr_base-snps-concat_nmf	nmf	0.2	random	12	0.953125
simulation/sim_c0.003_s0.007/c0.003_s0.007_gtr/c0.003_s0.007_gtr_base-snps-concat_nmf	nmf	0.2	random	13	0.9547082103147183
simulation/sim_c0.003_s0.007/c0.003_s0.007_gtr/c0.003_s0.007_gtr_base-snps-concat_nmf	nmf	0.2	random	14	0.9544955280087871
simulation/sim_c0.003_s0.007/c0.003_s0.007_gtr/c0.003_s0.007_gtr_base-snps-concat_nmf	nmf	0.2	random	15	0.9536496236374427
simulation/sim_c0.003_s0.007/c0.003_s0.007_gtr/c0.003_s0.007_gtr_base-snps-concat_nmf	nmf	0.2	random	16	0.953148379052369
simulation/sim_c0.003_s0.007/c0.003_s0.007_gtr/c0.003_s0.007_gtr_base-snps-concat_nmf	nmf	0.2	random	17	0.9539068122789999
simulation/sim_c0.003_s0.007/c0.003_s0.007_gtr/c0.003_s0.007_gtr_base-snps-concat_nmf	nmf	0.2	random	18	0.9537336388461659
simulation/sim_c0.003_s0.007/c0.003_s0.007_gtr/c0.003_s0.007_gtr_base-snps-concat_nmf	nmf	0.2	random	19	0.9512559064909226
simulation/sim_c0.003_s0.007/c0.003_s0.007_gtr/c0.003_s0.007_gtr_base-snps-concat_nmf	nmf	0.2	random	20	0.9544044373413556
simulation/sim_c0.003_s0.007/c0.003_s0.007_gtr/c0.003_s0.007_gtr_base-snps-concat_nmf	nmf	0.2	nonrandom	1	0.9331646834691901
simulation/sim_c0.003_s0.007/c0.003_s0.007_gtr/c0.003_s0.007_gtr_base-snps-concat_nmf	nmf	0.2	nonrandom	2	0.9363758641183647
simulation/sim_c0.003_s0.007/c0.003_s0.007_gtr/c0.003_s0.007_gtr_base-snps-concat_nmf	nmf	0.2	nonrandom	3	0.9389668427138348
simulation/sim_c0.003_s0.007/c0.003_s0.007_gtr/c0.003_s0.007_gtr_base-snps-concat_nmf	nmf	0.2	nonrandom	4	0.9409722222222222
simulation/sim_c0.003_s0.007/c0.003_s0.007_gtr/c0.003_s0.007_gtr_base-snps-concat_nmf	nmf	0.2	nonrandom	5	0.9378751875937968
simulation/sim_c0.003_s0.007/c0.003_s0.007_gtr/c0.003_s0.007_gtr_base-snps-concat_nmf	nmf	0.2	nonrandom	6	0.9333020637898687
simulation/sim_c0.003_s0.007/c0.003_s0.007_gtr/c0.003_s0.007_gtr_base-snps-concat_nmf	nmf	0.2	nonrandom	7	0.9412555913541243
simulation/sim_c0.003_s0.007/c0.003_s0.007_gtr/c0.003_s0.007_gtr_base-snps-concat_nmf	nmf	0.2	nonrandom	8	0.9407238262066376
simulation/sim_c0.003_s0.007/c0.003_s0.007_gtr/c0.003_s0.007_gtr_base-snps-concat_nmf	nmf	0.2	nonrandom	9	0.9306828490099784
simulation/sim_c0.003_s0.007/c0.003_s0.007_gtr/c0.003_s0.007_gtr_base-snps-concat_nmf	nmf	0.2	nonrandom	10	0.9306202884043917
simulation/sim_c0.003_s0.007/c0.003_s0.007_gtr/c0.003_s0.007_gtr_base-snps-concat_nmf	nmf	0.2	nonrandom	11	0.9418811974099909
simulation/sim_c0.003_s0.007/c0.003_s0.007_gtr/c0.003_s0.007_gtr_base-snps-concat_nmf	nmf	0.2	nonrandom	12	0.933552220137586
simulation/sim_c0.003_s0.007/c0.003_s0.007_gtr/c0.003_s0.007_gtr_base-snps-concat_nmf	nmf	0.2	nonrandom	13	0.9441055956960996
simulation/sim_c0.003_s0.007/c0.003_s0.007_gtr/c0.003_s0.007_gtr_base-snps-concat_nmf	nmf	0.2	nonrandom	14	0.936125621696018
simulation/sim_c0.003_s0.007/c0.003_s0.007_gtr/c0.003_s0.007_gtr_base-snps-concat_nmf	nmf	0.2	nonrandom	15	0.9375117282792269
simulation/sim_c0.003_s0.007/c0.003_s0.007_gtr/c0.003_s0.007_gtr_base-snps-concat_nmf	nmf	0.2	nonrandom	16	0.939325702132983
simulation/sim_c0.003_s0.007/c0.003_s0.007_gtr/c0.003_s0.007_gtr_base-snps-concat_nmf	nmf	0.2	nonrandom	17	0.9272107353999187
simulation/sim_c0.003_s0.007/c0.003_s0.007_gtr/c0.003_s0.007_gtr_base-snps-concat_nmf	nmf	0.2	nonrandom	18	0.9453891841200375
simulation/sim_c0.003_s0.007/c0.003_s0.007_gtr/c0.003_s0.007_gtr_base-snps-concat_nmf	nmf	0.2	nonrandom	19	0.936061061061061
simulation/sim_c0.003_s0.007/c0.003_s0.007_gtr/c0.003_s0.007_gtr_base-snps-concat_nmf	nmf	0.2	nonrandom	20	0.936061061061061
simulation/sim_c0.003_s0.007/c0.003_s0.007_gtr/c0.003_s0.007_gtr_base-snps-concat_nmf	nmf	0.2	nonrandom_weighted	1	0.9352057233902965
simulation/sim_c0.003_s0.007/c0.003_s0.007_gtr/c0.003_s0.007_gtr_base-snps-concat_nmf	nmf	0.2	nonrandom_weighted	2	0.9324637137137137
simulation/sim_c0.003_s0.007/c0.003_s0.007_gtr/c0.003_s0.007_gtr_base-snps-concat_nmf	nmf	0.2	nonrandom_weighted	3	0.936031780787638
simulation/sim_c0.003_s0.007/c0.003_s0.007_gtr/c0.003_s0.007_gtr_base-snps-concat_nmf	nmf	0.2	nonrandom_weighted	4	0.9283993869060653
simulation/sim_c0.003_s0.007/c0.003_s0.007_gtr/c0.003_s0.007_gtr_base-snps-concat_nmf	nmf	0.2	nonrandom_weighted	5	0.9256746193052124
simulation/sim_c0.003_s0.007/c0.003_s0.007_gtr/c0.003_s0.007_gtr_base-snps-concat_nmf	nmf	0.2	nonrandom_weighted	6	0.9352871262354561
simulation/sim_c0.003_s0.007/c0.003_s0.007_gtr/c0.003_s0.007_gtr_base-snps-concat_nmf	nmf	0.2	nonrandom_weighted	7	0.9287121899339985
simulation/sim_c0.003_s0.007/c0.003_s0.007_gtr/c0.003_s0.007_gtr_base-snps-concat_nmf	nmf	0.2	nonrandom_weighted	8	0.9249218261413383
simulation/sim_c0.003_s0.007/c0.003_s0.007_gtr/c0.003_s0.007_gtr_base-snps-concat_nmf	nmf	0.2	nonrandom_weighted	9	0.9326264427137093
simulation/sim_c0.003_s0.007/c0.003_s0.007_gtr/c0.003_s0.007_gtr_base-snps-concat_nmf	nmf	0.2	nonrandom_weighted	10	0.9307119619619619
simulation/sim_c0.003_s0.007/c0.003_s0.007_gtr/c0.003_s0.007_gtr_base-snps-concat_nmf	nmf	0.2	nonrandom_weighted	11	0.9233945384591323
simulation/sim_c0.003_s0.007/c0.003_s0.007_gtr/c0.003_s0.007_gtr_base-snps-concat_nmf	nmf	0.2	nonrandom_weighted	12	0.9278363414557853
simulation/sim_c0.003_s0.007/c0.003_s0.007_gtr/c0.003_s0.007_gtr_base-snps-concat_nmf	nmf	0.2	nonrandom_weighted	13	0.9173261597172261
simulation/sim_c0.003_s0.007/c0.003_s0.007_gtr/c0.003_s0.007_gtr_base-snps-concat_nmf	nmf	0.2	nonrandom_weighted	14	0.9245235863792565
simulation/sim_c0.003_s0.007/c0.003_s0.007_gtr/c0.003_s0.007_gtr_base-snps-concat_nmf	nmf	0.2	nonrandom_weighted	15	0.9250836748099721
simulation/sim_c0.003_s0.007/c0.003_s0.007_gtr/c0.003_s0.007_gtr_base-snps-concat_nmf	nmf	0.2	nonrandom_weighted	16	0.9252204916494652
simulation/sim_c0.003_s0.007/c0.003_s0.007_gtr/c0.003_s0.007_gtr_base-snps-concat_nmf	nmf	0.2	nonrandom_weighted	17	0.9315672598755199
simulation/sim_c0.003_s0.007/c0.003_s0.007_gtr/c0.003_s0.007_gtr_base-snps-concat_nmf	nmf	0.2	nonrandom_weighted	18	0.9274659996873534
simulation/sim_c0.003_s0.007/c0.003_s0.007_gtr/c0.003_s0.007_gtr_base-snps-concat_nmf	nmf	0.2	nonrandom_weighted	19	0.9370662164697054
simulation/sim_c0.003_s0.007/c0.003_s0.007_gtr/c0.003_s0.007_gtr_base-snps-concat_nmf	nmf	0.2	nonrandom_weighted	20	0.9293690762926585
