simulation/sim_c0.005_s0.005/c0.005_s0.005_gtrgamma/c0.005_s0.005_gtrgamma_base-snps-concat_popWrong	population2	0.2	random	1	0.9586120662707096
simulation/sim_c0.005_s0.005/c0.005_s0.005_gtrgamma/c0.005_s0.005_gtrgamma_base-snps-concat_popWrong	population2	0.2	random	2	0.9563944434062169
simulation/sim_c0.005_s0.005/c0.005_s0.005_gtrgamma/c0.005_s0.005_gtrgamma_base-snps-concat_popWrong	population2	0.2	random	3	0.9585394876933676
simulation/sim_c0.005_s0.005/c0.005_s0.005_gtrgamma/c0.005_s0.005_gtrgamma_base-snps-concat_popWrong	population2	0.2	random	4	0.9575001567103366
simulation/sim_c0.005_s0.005/c0.005_s0.005_gtrgamma/c0.005_s0.005_gtrgamma_base-snps-concat_popWrong	population2	0.2	random	5	0.9557272042200452
simulation/sim_c0.005_s0.005/c0.005_s0.005_gtrgamma/c0.005_s0.005_gtrgamma_base-snps-concat_popWrong	population2	0.2	random	6	0.9586005104899459
simulation/sim_c0.005_s0.005/c0.005_s0.005_gtrgamma/c0.005_s0.005_gtrgamma_base-snps-concat_popWrong	population2	0.2	random	7	0.9567901234567902
simulation/sim_c0.005_s0.005/c0.005_s0.005_gtrgamma/c0.005_s0.005_gtrgamma_base-snps-concat_popWrong	population2	0.2	random	8	0.9596879875195008
simulation/sim_c0.005_s0.005/c0.005_s0.005_gtrgamma/c0.005_s0.005_gtrgamma_base-snps-concat_popWrong	population2	0.2	random	9	0.9601356017326889
simulation/sim_c0.005_s0.005/c0.005_s0.005_gtrgamma/c0.005_s0.005_gtrgamma_base-snps-concat_popWrong	population2	0.2	random	10	0.95771933097059
simulation/sim_c0.005_s0.005/c0.005_s0.005_gtrgamma/c0.005_s0.005_gtrgamma_base-snps-concat_popWrong	population2	0.2	random	11	0.9585820895522388
simulation/sim_c0.005_s0.005/c0.005_s0.005_gtrgamma/c0.005_s0.005_gtrgamma_base-snps-concat_popWrong	population2	0.2	random	12	0.9565600050292324
simulation/sim_c0.005_s0.005/c0.005_s0.005_gtrgamma/c0.005_s0.005_gtrgamma_base-snps-concat_popWrong	population2	0.2	random	13	0.955219252000248
simulation/sim_c0.005_s0.005/c0.005_s0.005_gtrgamma/c0.005_s0.005_gtrgamma_base-snps-concat_popWrong	population2	0.2	random	14	0.9594010400350855
simulation/sim_c0.005_s0.005/c0.005_s0.005_gtrgamma/c0.005_s0.005_gtrgamma_base-snps-concat_popWrong	population2	0.2	random	15	0.9589746811585098
simulation/sim_c0.005_s0.005/c0.005_s0.005_gtrgamma/c0.005_s0.005_gtrgamma_base-snps-concat_popWrong	population2	0.2	random	16	0.9581524133157133
simulation/sim_c0.005_s0.005/c0.005_s0.005_gtrgamma/c0.005_s0.005_gtrgamma_base-snps-concat_popWrong	population2	0.2	random	17	0.9587323160560944
simulation/sim_c0.005_s0.005/c0.005_s0.005_gtrgamma/c0.005_s0.005_gtrgamma_base-snps-concat_popWrong	population2	0.2	random	18	0.9569416251460909
simulation/sim_c0.005_s0.005/c0.005_s0.005_gtrgamma/c0.005_s0.005_gtrgamma_base-snps-concat_popWrong	population2	0.2	random	19	0.9586761521806372
simulation/sim_c0.005_s0.005/c0.005_s0.005_gtrgamma/c0.005_s0.005_gtrgamma_base-snps-concat_popWrong	population2	0.2	random	20	0.9566877386242724
simulation/sim_c0.005_s0.005/c0.005_s0.005_gtrgamma/c0.005_s0.005_gtrgamma_base-snps-concat_popWrong	population2	0.2	nonrandom	1	0.9524284556393791
simulation/sim_c0.005_s0.005/c0.005_s0.005_gtrgamma/c0.005_s0.005_gtrgamma_base-snps-concat_popWrong	population2	0.2	nonrandom	2	0.9591875
simulation/sim_c0.005_s0.005/c0.005_s0.005_gtrgamma/c0.005_s0.005_gtrgamma_base-snps-concat_popWrong	population2	0.2	nonrandom	3	0.9474177230999813
simulation/sim_c0.005_s0.005/c0.005_s0.005_gtrgamma/c0.005_s0.005_gtrgamma_base-snps-concat_popWrong	population2	0.2	nonrandom	4	0.9563022067073931
simulation/sim_c0.005_s0.005/c0.005_s0.005_gtrgamma/c0.005_s0.005_gtrgamma_base-snps-concat_popWrong	population2	0.2	nonrandom	5	0.949496843552722
simulation/sim_c0.005_s0.005/c0.005_s0.005_gtrgamma/c0.005_s0.005_gtrgamma_base-snps-concat_popWrong	population2	0.2	nonrandom	6	0.9621783288678423
simulation/sim_c0.005_s0.005/c0.005_s0.005_gtrgamma/c0.005_s0.005_gtrgamma_base-snps-concat_popWrong	population2	0.2	nonrandom	7	0.964127242047372
simulation/sim_c0.005_s0.005/c0.005_s0.005_gtrgamma/c0.005_s0.005_gtrgamma_base-snps-concat_popWrong	population2	0.2	nonrandom	8	0.9565923427643495
simulation/sim_c0.005_s0.005/c0.005_s0.005_gtrgamma/c0.005_s0.005_gtrgamma_base-snps-concat_popWrong	population2	0.2	nonrandom	9	0.9469341833864616
simulation/sim_c0.005_s0.005/c0.005_s0.005_gtrgamma/c0.005_s0.005_gtrgamma_base-snps-concat_popWrong	population2	0.2	nonrandom	10	0.9630114770459082
simulation/sim_c0.005_s0.005/c0.005_s0.005_gtrgamma/c0.005_s0.005_gtrgamma_base-snps-concat_popWrong	population2	0.2	nonrandom	11	0.9666104974099732
simulation/sim_c0.005_s0.005/c0.005_s0.005_gtrgamma/c0.005_s0.005_gtrgamma_base-snps-concat_popWrong	population2	0.2	nonrandom	12	0.9563831781540961
simulation/sim_c0.005_s0.005/c0.005_s0.005_gtrgamma/c0.005_s0.005_gtrgamma_base-snps-concat_popWrong	population2	0.2	nonrandom	13	0.9533125
simulation/sim_c0.005_s0.005/c0.005_s0.005_gtrgamma/c0.005_s0.005_gtrgamma_base-snps-concat_popWrong	population2	0.2	nonrandom	14	0.9602524842197363
simulation/sim_c0.005_s0.005/c0.005_s0.005_gtrgamma/c0.005_s0.005_gtrgamma_base-snps-concat_popWrong	population2	0.2	nonrandom	15	0.9553097068566786
simulation/sim_c0.005_s0.005/c0.005_s0.005_gtrgamma/c0.005_s0.005_gtrgamma_base-snps-concat_popWrong	population2	0.2	nonrandom	16	0.953106462691227
simulation/sim_c0.005_s0.005/c0.005_s0.005_gtrgamma/c0.005_s0.005_gtrgamma_base-snps-concat_popWrong	population2	0.2	nonrandom	17	0.9572633552014995
simulation/sim_c0.005_s0.005/c0.005_s0.005_gtrgamma/c0.005_s0.005_gtrgamma_base-snps-concat_popWrong	population2	0.2	nonrandom	18	0.9588125
simulation/sim_c0.005_s0.005/c0.005_s0.005_gtrgamma/c0.005_s0.005_gtrgamma_base-snps-concat_popWrong	population2	0.2	nonrandom	19	0.9520595037189824
simulation/sim_c0.005_s0.005/c0.005_s0.005_gtrgamma/c0.005_s0.005_gtrgamma_base-snps-concat_popWrong	population2	0.2	nonrandom	20	0.9542075342037858
simulation/sim_c0.005_s0.005/c0.005_s0.005_gtrgamma/c0.005_s0.005_gtrgamma_base-snps-concat_popWrong	population2	0.2	nonrandom_weighted	1	0.9527529529404413
simulation/sim_c0.005_s0.005/c0.005_s0.005_gtrgamma/c0.005_s0.005_gtrgamma_base-snps-concat_popWrong	population2	0.2	nonrandom_weighted	2	0.9551221951371961
simulation/sim_c0.005_s0.005/c0.005_s0.005_gtrgamma/c0.005_s0.005_gtrgamma_base-snps-concat_popWrong	population2	0.2	nonrandom_weighted	3	0.950012496875781
simulation/sim_c0.005_s0.005/c0.005_s0.005_gtrgamma/c0.005_s0.005_gtrgamma_base-snps-concat_popWrong	population2	0.2	nonrandom_weighted	4	0.9566221445512421
simulation/sim_c0.005_s0.005/c0.005_s0.005_gtrgamma/c0.005_s0.005_gtrgamma_base-snps-concat_popWrong	population2	0.2	nonrandom_weighted	5	0.9549403162302356
simulation/sim_c0.005_s0.005/c0.005_s0.005_gtrgamma/c0.005_s0.005_gtrgamma_base-snps-concat_popWrong	population2	0.2	nonrandom_weighted	6	0.9557151780137414
simulation/sim_c0.005_s0.005/c0.005_s0.005_gtrgamma/c0.005_s0.005_gtrgamma_base-snps-concat_popWrong	population2	0.2	nonrandom_weighted	7	0.9569557080474111
simulation/sim_c0.005_s0.005/c0.005_s0.005_gtrgamma/c0.005_s0.005_gtrgamma_base-snps-concat_popWrong	population2	0.2	nonrandom_weighted	8	0.9534520462355514
simulation/sim_c0.005_s0.005/c0.005_s0.005_gtrgamma/c0.005_s0.005_gtrgamma_base-snps-concat_popWrong	population2	0.2	nonrandom_weighted	9	0.9485193052605273
simulation/sim_c0.005_s0.005/c0.005_s0.005_gtrgamma/c0.005_s0.005_gtrgamma_base-snps-concat_popWrong	population2	0.2	nonrandom_weighted	10	0.9606899568776951
simulation/sim_c0.005_s0.005/c0.005_s0.005_gtrgamma/c0.005_s0.005_gtrgamma_base-snps-concat_popWrong	population2	0.2	nonrandom_weighted	11	0.9543153552902943
simulation/sim_c0.005_s0.005/c0.005_s0.005_gtrgamma/c0.005_s0.005_gtrgamma_base-snps-concat_popWrong	population2	0.2	nonrandom_weighted	12	0.9519176800748363
simulation/sim_c0.005_s0.005/c0.005_s0.005_gtrgamma/c0.005_s0.005_gtrgamma_base-snps-concat_popWrong	population2	0.2	nonrandom_weighted	13	0.9498156365227173
simulation/sim_c0.005_s0.005/c0.005_s0.005_gtrgamma/c0.005_s0.005_gtrgamma_base-snps-concat_popWrong	population2	0.2	nonrandom_weighted	14	0.9648771951753016
simulation/sim_c0.005_s0.005/c0.005_s0.005_gtrgamma/c0.005_s0.005_gtrgamma_base-snps-concat_popWrong	population2	0.2	nonrandom_weighted	15	0.9525921299188007
simulation/sim_c0.005_s0.005/c0.005_s0.005_gtrgamma/c0.005_s0.005_gtrgamma_base-snps-concat_popWrong	population2	0.2	nonrandom_weighted	16	0.9663335415365396
simulation/sim_c0.005_s0.005/c0.005_s0.005_gtrgamma/c0.005_s0.005_gtrgamma_base-snps-concat_popWrong	population2	0.2	nonrandom_weighted	17	0.9554378311000311
simulation/sim_c0.005_s0.005/c0.005_s0.005_gtrgamma/c0.005_s0.005_gtrgamma_base-snps-concat_popWrong	population2	0.2	nonrandom_weighted	18	0.9591900506218362
simulation/sim_c0.005_s0.005/c0.005_s0.005_gtrgamma/c0.005_s0.005_gtrgamma_base-snps-concat_popWrong	population2	0.2	nonrandom_weighted	19	0.9599351984547324
simulation/sim_c0.005_s0.005/c0.005_s0.005_gtrgamma/c0.005_s0.005_gtrgamma_base-snps-concat_popWrong	population2	0.2	nonrandom_weighted	20	0.9477267049712715
