simulation/sim_c0.008_s0.002/c0.008_s0.002_gtrgamma/c0.008_s0.002_gtrgamma_base-snps-concat_global	global	0.2	random	1	0.9734787458173255
simulation/sim_c0.008_s0.002/c0.008_s0.002_gtrgamma/c0.008_s0.002_gtrgamma_base-snps-concat_global	global	0.2	random	2	0.9721368057734546
simulation/sim_c0.008_s0.002/c0.008_s0.002_gtrgamma/c0.008_s0.002_gtrgamma_base-snps-concat_global	global	0.2	random	3	0.9734225501844788
simulation/sim_c0.008_s0.002/c0.008_s0.002_gtrgamma/c0.008_s0.002_gtrgamma_base-snps-concat_global	global	0.2	random	4	0.970440251572327
simulation/sim_c0.008_s0.002/c0.008_s0.002_gtrgamma/c0.008_s0.002_gtrgamma_base-snps-concat_global	global	0.2	random	5	0.9725237238727285
simulation/sim_c0.008_s0.002/c0.008_s0.002_gtrgamma/c0.008_s0.002_gtrgamma_base-snps-concat_global	global	0.2	random	6	0.9710746361102508
simulation/sim_c0.008_s0.002/c0.008_s0.002_gtrgamma/c0.008_s0.002_gtrgamma_base-snps-concat_global	global	0.2	random	7	0.9720705064548163
simulation/sim_c0.008_s0.002/c0.008_s0.002_gtrgamma/c0.008_s0.002_gtrgamma_base-snps-concat_global	global	0.2	random	8	0.9717212342110224
simulation/sim_c0.008_s0.002/c0.008_s0.002_gtrgamma/c0.008_s0.002_gtrgamma_base-snps-concat_global	global	0.2	random	9	0.9730066704070819
simulation/sim_c0.008_s0.002/c0.008_s0.002_gtrgamma/c0.008_s0.002_gtrgamma_base-snps-concat_global	global	0.2	random	10	0.9724352068943667
simulation/sim_c0.008_s0.002/c0.008_s0.002_gtrgamma/c0.008_s0.002_gtrgamma_base-snps-concat_global	global	0.2	random	11	0.97172078122112
simulation/sim_c0.008_s0.002/c0.008_s0.002_gtrgamma/c0.008_s0.002_gtrgamma_base-snps-concat_global	global	0.2	random	12	0.9726973070464581
simulation/sim_c0.008_s0.002/c0.008_s0.002_gtrgamma/c0.008_s0.002_gtrgamma_base-snps-concat_global	global	0.2	random	13	0.970661208286813
simulation/sim_c0.008_s0.002/c0.008_s0.002_gtrgamma/c0.008_s0.002_gtrgamma_base-snps-concat_global	global	0.2	random	14	0.9721841941505912
simulation/sim_c0.008_s0.002/c0.008_s0.002_gtrgamma/c0.008_s0.002_gtrgamma_base-snps-concat_global	global	0.2	random	15	0.972651383005233
simulation/sim_c0.008_s0.002/c0.008_s0.002_gtrgamma/c0.008_s0.002_gtrgamma_base-snps-concat_global	global	0.2	random	16	0.9721396731054978
simulation/sim_c0.008_s0.002/c0.008_s0.002_gtrgamma/c0.008_s0.002_gtrgamma_base-snps-concat_global	global	0.2	random	17	0.9711520331845893
simulation/sim_c0.008_s0.002/c0.008_s0.002_gtrgamma/c0.008_s0.002_gtrgamma_base-snps-concat_global	global	0.2	random	18	0.972019158053945
simulation/sim_c0.008_s0.002/c0.008_s0.002_gtrgamma/c0.008_s0.002_gtrgamma_base-snps-concat_global	global	0.2	random	19	0.9721824631277616
simulation/sim_c0.008_s0.002/c0.008_s0.002_gtrgamma/c0.008_s0.002_gtrgamma_base-snps-concat_global	global	0.2	random	20	0.9700024894199651
simulation/sim_c0.008_s0.002/c0.008_s0.002_gtrgamma/c0.008_s0.002_gtrgamma_base-snps-concat_global	global	0.2	nonrandom	1	0.9636658758896242
simulation/sim_c0.008_s0.002/c0.008_s0.002_gtrgamma/c0.008_s0.002_gtrgamma_base-snps-concat_global	global	0.2	nonrandom	2	0.9748125
simulation/sim_c0.008_s0.002/c0.008_s0.002_gtrgamma/c0.008_s0.002_gtrgamma_base-snps-concat_global	global	0.2	nonrandom	3	0.9718732420776298
simulation/sim_c0.008_s0.002/c0.008_s0.002_gtrgamma/c0.008_s0.002_gtrgamma_base-snps-concat_global	global	0.2	nonrandom	4	0.9713411588411588
simulation/sim_c0.008_s0.002/c0.008_s0.002_gtrgamma/c0.008_s0.002_gtrgamma_base-snps-concat_global	global	0.2	nonrandom	5	0.9734331150608045
simulation/sim_c0.008_s0.002/c0.008_s0.002_gtrgamma/c0.008_s0.002_gtrgamma_base-snps-concat_global	global	0.2	nonrandom	6	0.9683730233139571
simulation/sim_c0.008_s0.002/c0.008_s0.002_gtrgamma/c0.008_s0.002_gtrgamma_base-snps-concat_global	global	0.2	nonrandom	7	0.973125
simulation/sim_c0.008_s0.002/c0.008_s0.002_gtrgamma/c0.008_s0.002_gtrgamma_base-snps-concat_global	global	0.2	nonrandom	8	0.9705
simulation/sim_c0.008_s0.002/c0.008_s0.002_gtrgamma/c0.008_s0.002_gtrgamma_base-snps-concat_global	global	0.2	nonrandom	9	0.9687168279737746
simulation/sim_c0.008_s0.002/c0.008_s0.002_gtrgamma/c0.008_s0.002_gtrgamma_base-snps-concat_global	global	0.2	nonrandom	10	0.9726326288884732
simulation/sim_c0.008_s0.002/c0.008_s0.002_gtrgamma/c0.008_s0.002_gtrgamma_base-snps-concat_global	global	0.2	nonrandom	11	0.9717517655146554
simulation/sim_c0.008_s0.002/c0.008_s0.002_gtrgamma/c0.008_s0.002_gtrgamma_base-snps-concat_global	global	0.2	nonrandom	12	0.9714392850446847
simulation/sim_c0.008_s0.002/c0.008_s0.002_gtrgamma/c0.008_s0.002_gtrgamma_base-snps-concat_global	global	0.2	nonrandom	13	0.9720956364317374
simulation/sim_c0.008_s0.002/c0.008_s0.002_gtrgamma/c0.008_s0.002_gtrgamma_base-snps-concat_global	global	0.2	nonrandom	14	0.9750765194578049
simulation/sim_c0.008_s0.002/c0.008_s0.002_gtrgamma/c0.008_s0.002_gtrgamma_base-snps-concat_global	global	0.2	nonrandom	15	0.9653103318957434
simulation/sim_c0.008_s0.002/c0.008_s0.002_gtrgamma/c0.008_s0.002_gtrgamma_base-snps-concat_global	global	0.2	nonrandom	16	0.9728108006750422
simulation/sim_c0.008_s0.002/c0.008_s0.002_gtrgamma/c0.008_s0.002_gtrgamma_base-snps-concat_global	global	0.2	nonrandom	17	0.971830985915493
simulation/sim_c0.008_s0.002/c0.008_s0.002_gtrgamma/c0.008_s0.002_gtrgamma_base-snps-concat_global	global	0.2	nonrandom	18	0.9712517967627023
simulation/sim_c0.008_s0.002/c0.008_s0.002_gtrgamma/c0.008_s0.002_gtrgamma_base-snps-concat_global	global	0.2	nonrandom	19	0.9665020936191488
simulation/sim_c0.008_s0.002/c0.008_s0.002_gtrgamma/c0.008_s0.002_gtrgamma_base-snps-concat_global	global	0.2	nonrandom	20	0.9725607850490655
simulation/sim_c0.008_s0.002/c0.008_s0.002_gtrgamma/c0.008_s0.002_gtrgamma_base-snps-concat_global	global	0.2	nonrandom_weighted	1	0.971592682774552
simulation/sim_c0.008_s0.002/c0.008_s0.002_gtrgamma/c0.008_s0.002_gtrgamma_base-snps-concat_global	global	0.2	nonrandom_weighted	2	0.966685417838615
simulation/sim_c0.008_s0.002/c0.008_s0.002_gtrgamma/c0.008_s0.002_gtrgamma_base-snps-concat_global	global	0.2	nonrandom_weighted	3	0.9706893319167552
simulation/sim_c0.008_s0.002/c0.008_s0.002_gtrgamma/c0.008_s0.002_gtrgamma_base-snps-concat_global	global	0.2	nonrandom_weighted	4	0.9714357147321707
simulation/sim_c0.008_s0.002/c0.008_s0.002_gtrgamma/c0.008_s0.002_gtrgamma_base-snps-concat_global	global	0.2	nonrandom_weighted	5	0.9724392225485907
simulation/sim_c0.008_s0.002/c0.008_s0.002_gtrgamma/c0.008_s0.002_gtrgamma_base-snps-concat_global	global	0.2	nonrandom_weighted	6	0.9719982498906181
simulation/sim_c0.008_s0.002/c0.008_s0.002_gtrgamma/c0.008_s0.002_gtrgamma_base-snps-concat_global	global	0.2	nonrandom_weighted	7	0.9689355584724045
simulation/sim_c0.008_s0.002/c0.008_s0.002_gtrgamma/c0.008_s0.002_gtrgamma_base-snps-concat_global	global	0.2	nonrandom_weighted	8	0.9699393787888257
simulation/sim_c0.008_s0.002/c0.008_s0.002_gtrgamma/c0.008_s0.002_gtrgamma_base-snps-concat_global	global	0.2	nonrandom_weighted	9	0.973318371672589
simulation/sim_c0.008_s0.002/c0.008_s0.002_gtrgamma/c0.008_s0.002_gtrgamma_base-snps-concat_global	global	0.2	nonrandom_weighted	10	0.9723053892215568
simulation/sim_c0.008_s0.002/c0.008_s0.002_gtrgamma/c0.008_s0.002_gtrgamma_base-snps-concat_global	global	0.2	nonrandom_weighted	11	0.971
simulation/sim_c0.008_s0.002/c0.008_s0.002_gtrgamma/c0.008_s0.002_gtrgamma_base-snps-concat_global	global	0.2	nonrandom_weighted	12	0.971935745984124
simulation/sim_c0.008_s0.002/c0.008_s0.002_gtrgamma/c0.008_s0.002_gtrgamma_base-snps-concat_global	global	0.2	nonrandom_weighted	13	0.966824644549763
simulation/sim_c0.008_s0.002/c0.008_s0.002_gtrgamma/c0.008_s0.002_gtrgamma_base-snps-concat_global	global	0.2	nonrandom_weighted	14	0.9745091928949828
simulation/sim_c0.008_s0.002/c0.008_s0.002_gtrgamma/c0.008_s0.002_gtrgamma_base-snps-concat_global	global	0.2	nonrandom_weighted	15	0.9698768826948315
simulation/sim_c0.008_s0.002/c0.008_s0.002_gtrgamma/c0.008_s0.002_gtrgamma_base-snps-concat_global	global	0.2	nonrandom_weighted	16	0.9722482655165948
simulation/sim_c0.008_s0.002/c0.008_s0.002_gtrgamma/c0.008_s0.002_gtrgamma_base-snps-concat_global	global	0.2	nonrandom_weighted	17	0.9722482655165948
simulation/sim_c0.008_s0.002/c0.008_s0.002_gtrgamma/c0.008_s0.002_gtrgamma_base-snps-concat_global	global	0.2	nonrandom_weighted	18	0.9716404886561955
simulation/sim_c0.008_s0.002/c0.008_s0.002_gtrgamma/c0.008_s0.002_gtrgamma_base-snps-concat_global	global	0.2	nonrandom_weighted	19	0.9737483592724545
simulation/sim_c0.008_s0.002/c0.008_s0.002_gtrgamma/c0.008_s0.002_gtrgamma_base-snps-concat_global	global	0.2	nonrandom_weighted	20	0.9741891131804262
