simulation/sim_c0.004_s0.006/c0.004_s0.006_gtr/c0.004_s0.006_gtr_base-snps-concat_global	global	0.2	random	1	0.9570988901669413
simulation/sim_c0.004_s0.006/c0.004_s0.006_gtr/c0.004_s0.006_gtr_base-snps-concat_global	global	0.2	random	2	0.9557151780137414
simulation/sim_c0.004_s0.006/c0.004_s0.006_gtr/c0.004_s0.006_gtr_base-snps-concat_global	global	0.2	random	3	0.9555261583041985
simulation/sim_c0.004_s0.006/c0.004_s0.006_gtr/c0.004_s0.006_gtr_base-snps-concat_global	global	0.2	random	4	0.957642495151098
simulation/sim_c0.004_s0.006/c0.004_s0.006_gtr/c0.004_s0.006_gtr_base-snps-concat_global	global	0.2	random	5	0.9588320806656151
simulation/sim_c0.004_s0.006/c0.004_s0.006_gtr/c0.004_s0.006_gtr_base-snps-concat_global	global	0.2	random	6	0.9549039243913126
simulation/sim_c0.004_s0.006/c0.004_s0.006_gtr/c0.004_s0.006_gtr_base-snps-concat_global	global	0.2	random	7	0.9564355208526988
simulation/sim_c0.004_s0.006/c0.004_s0.006_gtr/c0.004_s0.006_gtr_base-snps-concat_global	global	0.2	random	8	0.9580181306658331
simulation/sim_c0.004_s0.006/c0.004_s0.006_gtr/c0.004_s0.006_gtr_base-snps-concat_global	global	0.2	random	9	0.9557616726929729
simulation/sim_c0.004_s0.006/c0.004_s0.006_gtr/c0.004_s0.006_gtr_base-snps-concat_global	global	0.2	random	10	0.9573309975912659
simulation/sim_c0.004_s0.006/c0.004_s0.006_gtr/c0.004_s0.006_gtr_base-snps-concat_global	global	0.2	random	11	0.9572838506802827
simulation/sim_c0.004_s0.006/c0.004_s0.006_gtr/c0.004_s0.006_gtr_base-snps-concat_global	global	0.2	random	12	0.9559744488977956
simulation/sim_c0.004_s0.006/c0.004_s0.006_gtr/c0.004_s0.006_gtr_base-snps-concat_global	global	0.2	random	13	0.9562523469770935
simulation/sim_c0.004_s0.006/c0.004_s0.006_gtr/c0.004_s0.006_gtr_base-snps-concat_global	global	0.2	random	14	0.9575969505087736
simulation/sim_c0.004_s0.006/c0.004_s0.006_gtr/c0.004_s0.006_gtr_base-snps-concat_global	global	0.2	random	15	0.9576313804375157
simulation/sim_c0.004_s0.006/c0.004_s0.006_gtr/c0.004_s0.006_gtr_base-snps-concat_global	global	0.2	random	16	0.956657800031294
simulation/sim_c0.004_s0.006/c0.004_s0.006_gtr/c0.004_s0.006_gtr_base-snps-concat_global	global	0.2	random	17	0.9560205488034081
simulation/sim_c0.004_s0.006/c0.004_s0.006_gtr/c0.004_s0.006_gtr_base-snps-concat_global	global	0.2	random	18	0.955919080919081
simulation/sim_c0.004_s0.006/c0.004_s0.006_gtr/c0.004_s0.006_gtr_base-snps-concat_global	global	0.2	random	19	0.9564456664375429
simulation/sim_c0.004_s0.006/c0.004_s0.006_gtr/c0.004_s0.006_gtr_base-snps-concat_global	global	0.2	random	20	0.95709664248249
simulation/sim_c0.004_s0.006/c0.004_s0.006_gtr/c0.004_s0.006_gtr_base-snps-concat_global	global	0.2	nonrandom	1	0.9547514140183119
simulation/sim_c0.004_s0.006/c0.004_s0.006_gtr/c0.004_s0.006_gtr_base-snps-concat_global	global	0.2	nonrandom	2	0.9566575068698476
simulation/sim_c0.004_s0.006/c0.004_s0.006_gtr/c0.004_s0.006_gtr_base-snps-concat_global	global	0.2	nonrandom	3	0.9558451298396925
simulation/sim_c0.004_s0.006/c0.004_s0.006_gtr/c0.004_s0.006_gtr_base-snps-concat_global	global	0.2	nonrandom	4	0.9543778513842884
simulation/sim_c0.004_s0.006/c0.004_s0.006_gtr/c0.004_s0.006_gtr_base-snps-concat_global	global	0.2	nonrandom	5	0.9608449735945752
simulation/sim_c0.004_s0.006/c0.004_s0.006_gtr/c0.004_s0.006_gtr_base-snps-concat_global	global	0.2	nonrandom	6	0.9607512265241711
simulation/sim_c0.004_s0.006/c0.004_s0.006_gtr/c0.004_s0.006_gtr_base-snps-concat_global	global	0.2	nonrandom	7	0.953126464797975
simulation/sim_c0.004_s0.006/c0.004_s0.006_gtr/c0.004_s0.006_gtr_base-snps-concat_global	global	0.2	nonrandom	8	0.954970157182588
simulation/sim_c0.004_s0.006/c0.004_s0.006_gtr/c0.004_s0.006_gtr_base-snps-concat_global	global	0.2	nonrandom	9	0.9520952470235305
simulation/sim_c0.004_s0.006/c0.004_s0.006_gtr/c0.004_s0.006_gtr_base-snps-concat_global	global	0.2	nonrandom	10	0.9506890409674698
simulation/sim_c0.004_s0.006/c0.004_s0.006_gtr/c0.004_s0.006_gtr_base-snps-concat_global	global	0.2	nonrandom	11	0.9526875
simulation/sim_c0.004_s0.006/c0.004_s0.006_gtr/c0.004_s0.006_gtr_base-snps-concat_global	global	0.2	nonrandom	12	0.9568763476141371
simulation/sim_c0.004_s0.006/c0.004_s0.006_gtr/c0.004_s0.006_gtr_base-snps-concat_global	global	0.2	nonrandom	13	0.9578763163651136
simulation/sim_c0.004_s0.006/c0.004_s0.006_gtr/c0.004_s0.006_gtr_base-snps-concat_global	global	0.2	nonrandom	14	0.960432216358015
simulation/sim_c0.004_s0.006/c0.004_s0.006_gtr/c0.004_s0.006_gtr_base-snps-concat_global	global	0.2	nonrandom	15	0.9568138495672011
simulation/sim_c0.004_s0.006/c0.004_s0.006_gtr/c0.004_s0.006_gtr_base-snps-concat_global	global	0.2	nonrandom	16	0.957375
simulation/sim_c0.004_s0.006/c0.004_s0.006_gtr/c0.004_s0.006_gtr_base-snps-concat_global	global	0.2	nonrandom	17	0.95484375
simulation/sim_c0.004_s0.006/c0.004_s0.006_gtr/c0.004_s0.006_gtr_base-snps-concat_global	global	0.2	nonrandom	18	0.9495328270991531
simulation/sim_c0.004_s0.006/c0.004_s0.006_gtr/c0.004_s0.006_gtr_base-snps-concat_global	global	0.2	nonrandom	19	0.9589071038251367
simulation/sim_c0.004_s0.006/c0.004_s0.006_gtr/c0.004_s0.006_gtr_base-snps-concat_global	global	0.2	nonrandom	20	0.9594387675385144
simulation/sim_c0.004_s0.006/c0.004_s0.006_gtr/c0.004_s0.006_gtr_base-snps-concat_global	global	0.2	nonrandom_weighted	1	0.9541264335489515
simulation/sim_c0.004_s0.006/c0.004_s0.006_gtr/c0.004_s0.006_gtr_base-snps-concat_global	global	0.2	nonrandom_weighted	2	0.9470641542451799
simulation/sim_c0.004_s0.006/c0.004_s0.006_gtr/c0.004_s0.006_gtr_base-snps-concat_global	global	0.2	nonrandom_weighted	3	0.9554076435111403
simulation/sim_c0.004_s0.006/c0.004_s0.006_gtr/c0.004_s0.006_gtr_base-snps-concat_global	global	0.2	nonrandom_weighted	4	0.95240625
simulation/sim_c0.004_s0.006/c0.004_s0.006_gtr/c0.004_s0.006_gtr_base-snps-concat_global	global	0.2	nonrandom_weighted	5	0.9564076122621168
simulation/sim_c0.004_s0.006/c0.004_s0.006_gtr/c0.004_s0.006_gtr_base-snps-concat_global	global	0.2	nonrandom_weighted	6	0.9486875
simulation/sim_c0.004_s0.006/c0.004_s0.006_gtr/c0.004_s0.006_gtr_base-snps-concat_global	global	0.2	nonrandom_weighted	7	0.9521889940939345
simulation/sim_c0.004_s0.006/c0.004_s0.006_gtr/c0.004_s0.006_gtr_base-snps-concat_global	global	0.2	nonrandom_weighted	8	0.9516890097184463
simulation/sim_c0.004_s0.006/c0.004_s0.006_gtr/c0.004_s0.006_gtr_base-snps-concat_global	global	0.2	nonrandom_weighted	9	0.9490640917471329
simulation/sim_c0.004_s0.006/c0.004_s0.006_gtr/c0.004_s0.006_gtr_base-snps-concat_global	global	0.2	nonrandom_weighted	10	0.95378125
simulation/sim_c0.004_s0.006/c0.004_s0.006_gtr/c0.004_s0.006_gtr_base-snps-concat_global	global	0.2	nonrandom_weighted	11	0.9535952001499953
simulation/sim_c0.004_s0.006/c0.004_s0.006_gtr/c0.004_s0.006_gtr_base-snps-concat_global	global	0.2	nonrandom_weighted	12	0.9540341228673208
simulation/sim_c0.004_s0.006/c0.004_s0.006_gtr/c0.004_s0.006_gtr_base-snps-concat_global	global	0.2	nonrandom_weighted	13	0.949282834911409
simulation/sim_c0.004_s0.006/c0.004_s0.006_gtr/c0.004_s0.006_gtr_base-snps-concat_global	global	0.2	nonrandom_weighted	14	0.9503140526858536
simulation/sim_c0.004_s0.006/c0.004_s0.006_gtr/c0.004_s0.006_gtr_base-snps-concat_global	global	0.2	nonrandom_weighted	15	0.9494375
simulation/sim_c0.004_s0.006/c0.004_s0.006_gtr/c0.004_s0.006_gtr_base-snps-concat_global	global	0.2	nonrandom_weighted	16	0.9566167973264204
simulation/sim_c0.004_s0.006/c0.004_s0.006_gtr/c0.004_s0.006_gtr_base-snps-concat_global	global	0.2	nonrandom_weighted	17	0.9573783800661962
simulation/sim_c0.004_s0.006/c0.004_s0.006_gtr/c0.004_s0.006_gtr_base-snps-concat_global	global	0.2	nonrandom_weighted	18	0.9480722364556645
simulation/sim_c0.004_s0.006/c0.004_s0.006_gtr/c0.004_s0.006_gtr_base-snps-concat_global	global	0.2	nonrandom_weighted	19	0.9552751577237804
simulation/sim_c0.004_s0.006/c0.004_s0.006_gtr/c0.004_s0.006_gtr_base-snps-concat_global	global	0.2	nonrandom_weighted	20	0.953125
