simulation/sim_c0.002_s0.008/c0.002_s0.008_gtr/c0.002_s0.008_gtr_base-snps-concat_pop	population	0.2	random	1	0.914221077106768
simulation/sim_c0.002_s0.008/c0.002_s0.008_gtr/c0.002_s0.008_gtr_base-snps-concat_pop	population	0.2	random	2	0.9182451078775715
simulation/sim_c0.002_s0.008/c0.002_s0.008_gtr/c0.002_s0.008_gtr_base-snps-concat_pop	population	0.2	random	3	0.9170311133325003
simulation/sim_c0.002_s0.008/c0.002_s0.008_gtr/c0.002_s0.008_gtr_base-snps-concat_pop	population	0.2	random	4	0.9162116362266993
simulation/sim_c0.002_s0.008/c0.002_s0.008_gtr/c0.002_s0.008_gtr_base-snps-concat_pop	population	0.2	random	5	0.9143277784738755
simulation/sim_c0.002_s0.008/c0.002_s0.008_gtr/c0.002_s0.008_gtr_base-snps-concat_pop	population	0.2	random	6	0.9163216660393928
simulation/sim_c0.002_s0.008/c0.002_s0.008_gtr/c0.002_s0.008_gtr_base-snps-concat_pop	population	0.2	random	7	0.916302856430086
simulation/sim_c0.002_s0.008/c0.002_s0.008_gtr/c0.002_s0.008_gtr_base-snps-concat_pop	population	0.2	random	8	0.918084377142145
simulation/sim_c0.002_s0.008/c0.002_s0.008_gtr/c0.002_s0.008_gtr_base-snps-concat_pop	population	0.2	random	9	0.9172705882352942
simulation/sim_c0.002_s0.008/c0.002_s0.008_gtr/c0.002_s0.008_gtr_base-snps-concat_pop	population	0.2	random	10	0.9166301009214568
simulation/sim_c0.002_s0.008/c0.002_s0.008_gtr/c0.002_s0.008_gtr_base-snps-concat_pop	population	0.2	random	11	0.9180026199238974
simulation/sim_c0.002_s0.008/c0.002_s0.008_gtr/c0.002_s0.008_gtr_base-snps-concat_pop	population	0.2	random	12	0.9166849306490498
simulation/sim_c0.002_s0.008/c0.002_s0.008_gtr/c0.002_s0.008_gtr_base-snps-concat_pop	population	0.2	random	13	0.9172450281659457
simulation/sim_c0.002_s0.008/c0.002_s0.008_gtr/c0.002_s0.008_gtr_base-snps-concat_pop	population	0.2	random	14	0.915229520669541
simulation/sim_c0.002_s0.008/c0.002_s0.008_gtr/c0.002_s0.008_gtr_base-snps-concat_pop	population	0.2	random	15	0.9153026923439415
simulation/sim_c0.002_s0.008/c0.002_s0.008_gtr/c0.002_s0.008_gtr_base-snps-concat_pop	population	0.2	random	16	0.9165417759460472
simulation/sim_c0.002_s0.008/c0.002_s0.008_gtr/c0.002_s0.008_gtr_base-snps-concat_pop	population	0.2	random	17	0.9158656104205154
simulation/sim_c0.002_s0.008/c0.002_s0.008_gtr/c0.002_s0.008_gtr_base-snps-concat_pop	population	0.2	random	18	0.9169271158894862
simulation/sim_c0.002_s0.008/c0.002_s0.008_gtr/c0.002_s0.008_gtr_base-snps-concat_pop	population	0.2	random	19	0.9182760467534105
simulation/sim_c0.002_s0.008/c0.002_s0.008_gtr/c0.002_s0.008_gtr_base-snps-concat_pop	population	0.2	random	20	0.9167795382240842
simulation/sim_c0.002_s0.008/c0.002_s0.008_gtr/c0.002_s0.008_gtr_base-snps-concat_pop	population	0.2	nonrandom	1	0.9186808363898554
simulation/sim_c0.002_s0.008/c0.002_s0.008_gtr/c0.002_s0.008_gtr_base-snps-concat_pop	population	0.2	nonrandom	2	0.9119759164602214
simulation/sim_c0.002_s0.008/c0.002_s0.008_gtr/c0.002_s0.008_gtr_base-snps-concat_pop	population	0.2	nonrandom	3	0.9166953744010523
simulation/sim_c0.002_s0.008/c0.002_s0.008_gtr/c0.002_s0.008_gtr_base-snps-concat_pop	population	0.2	nonrandom	4	0.9098435197089906
simulation/sim_c0.002_s0.008/c0.002_s0.008_gtr/c0.002_s0.008_gtr_base-snps-concat_pop	population	0.2	nonrandom	5	0.9118504813572078
simulation/sim_c0.002_s0.008/c0.002_s0.008_gtr/c0.002_s0.008_gtr_base-snps-concat_pop	population	0.2	nonrandom	6	0.9247365780230807
simulation/sim_c0.002_s0.008/c0.002_s0.008_gtr/c0.002_s0.008_gtr_base-snps-concat_pop	population	0.2	nonrandom	7	0.9078831933826293
simulation/sim_c0.002_s0.008/c0.002_s0.008_gtr/c0.002_s0.008_gtr_base-snps-concat_pop	population	0.2	nonrandom	8	0.9068644360124181
simulation/sim_c0.002_s0.008/c0.002_s0.008_gtr/c0.002_s0.008_gtr_base-snps-concat_pop	population	0.2	nonrandom	9	0.9107881217892495
simulation/sim_c0.002_s0.008/c0.002_s0.008_gtr/c0.002_s0.008_gtr_base-snps-concat_pop	population	0.2	nonrandom	10	0.9165386905694675
simulation/sim_c0.002_s0.008/c0.002_s0.008_gtr/c0.002_s0.008_gtr_base-snps-concat_pop	population	0.2	nonrandom	11	0.9208770555990603
simulation/sim_c0.002_s0.008/c0.002_s0.008_gtr/c0.002_s0.008_gtr_base-snps-concat_pop	population	0.2	nonrandom	12	0.9103789849847967
simulation/sim_c0.002_s0.008/c0.002_s0.008_gtr/c0.002_s0.008_gtr_base-snps-concat_pop	population	0.2	nonrandom	13	0.9075848678441688
simulation/sim_c0.002_s0.008/c0.002_s0.008_gtr/c0.002_s0.008_gtr_base-snps-concat_pop	population	0.2	nonrandom	14	0.9120699927874816
simulation/sim_c0.002_s0.008/c0.002_s0.008_gtr/c0.002_s0.008_gtr_base-snps-concat_pop	population	0.2	nonrandom	15	0.9137947254539183
simulation/sim_c0.002_s0.008/c0.002_s0.008_gtr/c0.002_s0.008_gtr_base-snps-concat_pop	population	0.2	nonrandom	16	0.9085982772122161
simulation/sim_c0.002_s0.008/c0.002_s0.008_gtr/c0.002_s0.008_gtr_base-snps-concat_pop	population	0.2	nonrandom	17	0.9105334127755652
simulation/sim_c0.002_s0.008/c0.002_s0.008_gtr/c0.002_s0.008_gtr_base-snps-concat_pop	population	0.2	nonrandom	18	0.9119721621367441
simulation/sim_c0.002_s0.008/c0.002_s0.008_gtr/c0.002_s0.008_gtr_base-snps-concat_pop	population	0.2	nonrandom	19	0.9029132302674904
simulation/sim_c0.002_s0.008/c0.002_s0.008_gtr/c0.002_s0.008_gtr_base-snps-concat_pop	population	0.2	nonrandom	20	0.917745931198846
simulation/sim_c0.002_s0.008/c0.002_s0.008_gtr/c0.002_s0.008_gtr_base-snps-concat_pop	population	0.2	nonrandom_weighted	1	0.9117564050299476
simulation/sim_c0.002_s0.008/c0.002_s0.008_gtr/c0.002_s0.008_gtr_base-snps-concat_pop	population	0.2	nonrandom_weighted	2	0.8958326800664764
simulation/sim_c0.002_s0.008/c0.002_s0.008_gtr/c0.002_s0.008_gtr_base-snps-concat_pop	population	0.2	nonrandom_weighted	3	0.900341810655712
simulation/sim_c0.002_s0.008/c0.002_s0.008_gtr/c0.002_s0.008_gtr_base-snps-concat_pop	population	0.2	nonrandom_weighted	4	0.8983662077832482
simulation/sim_c0.002_s0.008/c0.002_s0.008_gtr/c0.002_s0.008_gtr_base-snps-concat_pop	population	0.2	nonrandom_weighted	5	0.9045125278309135
simulation/sim_c0.002_s0.008/c0.002_s0.008_gtr/c0.002_s0.008_gtr_base-snps-concat_pop	population	0.2	nonrandom_weighted	6	0.895575276741196
simulation/sim_c0.002_s0.008/c0.002_s0.008_gtr/c0.002_s0.008_gtr_base-snps-concat_pop	population	0.2	nonrandom_weighted	7	0.8919096895578551
simulation/sim_c0.002_s0.008/c0.002_s0.008_gtr/c0.002_s0.008_gtr_base-snps-concat_pop	population	0.2	nonrandom_weighted	8	0.8863322884012539
simulation/sim_c0.002_s0.008/c0.002_s0.008_gtr/c0.002_s0.008_gtr_base-snps-concat_pop	population	0.2	nonrandom_weighted	9	0.8990247420740695
simulation/sim_c0.002_s0.008/c0.002_s0.008_gtr/c0.002_s0.008_gtr_base-snps-concat_pop	population	0.2	nonrandom_weighted	10	0.8985452721344369
simulation/sim_c0.002_s0.008/c0.002_s0.008_gtr/c0.002_s0.008_gtr_base-snps-concat_pop	population	0.2	nonrandom_weighted	11	0.8985084915710974
simulation/sim_c0.002_s0.008/c0.002_s0.008_gtr/c0.002_s0.008_gtr_base-snps-concat_pop	population	0.2	nonrandom_weighted	12	0.907833667837431
simulation/sim_c0.002_s0.008/c0.002_s0.008_gtr/c0.002_s0.008_gtr_base-snps-concat_pop	population	0.2	nonrandom_weighted	13	0.9024428486311894
simulation/sim_c0.002_s0.008/c0.002_s0.008_gtr/c0.002_s0.008_gtr_base-snps-concat_pop	population	0.2	nonrandom_weighted	14	0.891946098401755
simulation/sim_c0.002_s0.008/c0.002_s0.008_gtr/c0.002_s0.008_gtr_base-snps-concat_pop	population	0.2	nonrandom_weighted	15	0.9002477343284518
simulation/sim_c0.002_s0.008/c0.002_s0.008_gtr/c0.002_s0.008_gtr_base-snps-concat_pop	population	0.2	nonrandom_weighted	16	0.8931292922324312
simulation/sim_c0.002_s0.008/c0.002_s0.008_gtr/c0.002_s0.008_gtr_base-snps-concat_pop	population	0.2	nonrandom_weighted	17	0.9045125278309135
simulation/sim_c0.002_s0.008/c0.002_s0.008_gtr/c0.002_s0.008_gtr_base-snps-concat_pop	population	0.2	nonrandom_weighted	18	0.9025369249584496
simulation/sim_c0.002_s0.008/c0.002_s0.008_gtr/c0.002_s0.008_gtr_base-snps-concat_pop	population	0.2	nonrandom_weighted	19	0.8965127947817361
simulation/sim_c0.002_s0.008/c0.002_s0.008_gtr/c0.002_s0.008_gtr_base-snps-concat_pop	population	0.2	nonrandom_weighted	20	0.900903161063723
