simulation/sim_c0.009_s0.001/c0.009_s0.001_gtrgamma/c0.009_s0.001_gtrgamma_base-snps-concat_nmf	nmf	0.2	random	1	0.9766100012408487
simulation/sim_c0.009_s0.001/c0.009_s0.001_gtrgamma/c0.009_s0.001_gtrgamma_base-snps-concat_nmf	nmf	0.2	random	2	0.9759870267573131
simulation/sim_c0.009_s0.001/c0.009_s0.001_gtrgamma/c0.009_s0.001_gtrgamma_base-snps-concat_nmf	nmf	0.2	random	3	0.9763009404388715
simulation/sim_c0.009_s0.001/c0.009_s0.001_gtrgamma/c0.009_s0.001_gtrgamma_base-snps-concat_nmf	nmf	0.2	random	4	0.9766756536459966
simulation/sim_c0.009_s0.001/c0.009_s0.001_gtrgamma/c0.009_s0.001_gtrgamma_base-snps-concat_nmf	nmf	0.2	random	5	0.9763202405562864
simulation/sim_c0.009_s0.001/c0.009_s0.001_gtrgamma/c0.009_s0.001_gtrgamma_base-snps-concat_nmf	nmf	0.2	random	6	0.9755625
simulation/sim_c0.009_s0.001/c0.009_s0.001_gtrgamma/c0.009_s0.001_gtrgamma_base-snps-concat_nmf	nmf	0.2	random	7	0.974609375
simulation/sim_c0.009_s0.001/c0.009_s0.001_gtrgamma/c0.009_s0.001_gtrgamma_base-snps-concat_nmf	nmf	0.2	random	8	0.9758834469931804
simulation/sim_c0.009_s0.001/c0.009_s0.001_gtrgamma/c0.009_s0.001_gtrgamma_base-snps-concat_nmf	nmf	0.2	random	9	0.9758226576237127
simulation/sim_c0.009_s0.001/c0.009_s0.001_gtrgamma/c0.009_s0.001_gtrgamma_base-snps-concat_nmf	nmf	0.2	random	10	0.9755076538581693
simulation/sim_c0.009_s0.001/c0.009_s0.001_gtrgamma/c0.009_s0.001_gtrgamma_base-snps-concat_nmf	nmf	0.2	random	11	0.9768800497203232
simulation/sim_c0.009_s0.001/c0.009_s0.001_gtrgamma/c0.009_s0.001_gtrgamma_base-snps-concat_nmf	nmf	0.2	random	12	0.976005428077967
simulation/sim_c0.009_s0.001/c0.009_s0.001_gtrgamma/c0.009_s0.001_gtrgamma_base-snps-concat_nmf	nmf	0.2	random	13	0.9747604434145425
simulation/sim_c0.009_s0.001/c0.009_s0.001_gtrgamma/c0.009_s0.001_gtrgamma_base-snps-concat_nmf	nmf	0.2	random	14	0.9758221108675227
simulation/sim_c0.009_s0.001/c0.009_s0.001_gtrgamma/c0.009_s0.001_gtrgamma_base-snps-concat_nmf	nmf	0.2	random	15	0.976264446377532
simulation/sim_c0.009_s0.001/c0.009_s0.001_gtrgamma/c0.009_s0.001_gtrgamma_base-snps-concat_nmf	nmf	0.2	random	16	0.9769501318929783
simulation/sim_c0.009_s0.001/c0.009_s0.001_gtrgamma/c0.009_s0.001_gtrgamma_base-snps-concat_nmf	nmf	0.2	random	17	0.9756534635110918
simulation/sim_c0.009_s0.001/c0.009_s0.001_gtrgamma/c0.009_s0.001_gtrgamma_base-snps-concat_nmf	nmf	0.2	random	18	0.9759540316032728
simulation/sim_c0.009_s0.001/c0.009_s0.001_gtrgamma/c0.009_s0.001_gtrgamma_base-snps-concat_nmf	nmf	0.2	random	19	0.9755485893416928
simulation/sim_c0.009_s0.001/c0.009_s0.001_gtrgamma/c0.009_s0.001_gtrgamma_base-snps-concat_nmf	nmf	0.2	random	20	0.9764954607635866
simulation/sim_c0.009_s0.001/c0.009_s0.001_gtrgamma/c0.009_s0.001_gtrgamma_base-snps-concat_nmf	nmf	0.2	nonrandom	1	0.9798879202988792
simulation/sim_c0.009_s0.001/c0.009_s0.001_gtrgamma/c0.009_s0.001_gtrgamma_base-snps-concat_nmf	nmf	0.2	nonrandom	2	0.9733125
simulation/sim_c0.009_s0.001/c0.009_s0.001_gtrgamma/c0.009_s0.001_gtrgamma_base-snps-concat_nmf	nmf	0.2	nonrandom	3	0.9784375
simulation/sim_c0.009_s0.001/c0.009_s0.001_gtrgamma/c0.009_s0.001_gtrgamma_base-snps-concat_nmf	nmf	0.2	nonrandom	4	0.9762514842822324
simulation/sim_c0.009_s0.001/c0.009_s0.001_gtrgamma/c0.009_s0.001_gtrgamma_base-snps-concat_nmf	nmf	0.2	nonrandom	5	0.9779150290099196
simulation/sim_c0.009_s0.001/c0.009_s0.001_gtrgamma/c0.009_s0.001_gtrgamma_base-snps-concat_nmf	nmf	0.2	nonrandom	6	0.9786236639789987
simulation/sim_c0.009_s0.001/c0.009_s0.001_gtrgamma/c0.009_s0.001_gtrgamma_base-snps-concat_nmf	nmf	0.2	nonrandom	7	0.9741266170864321
simulation/sim_c0.009_s0.001/c0.009_s0.001_gtrgamma/c0.009_s0.001_gtrgamma_base-snps-concat_nmf	nmf	0.2	nonrandom	8	0.9746037688755772
simulation/sim_c0.009_s0.001/c0.009_s0.001_gtrgamma/c0.009_s0.001_gtrgamma_base-snps-concat_nmf	nmf	0.2	nonrandom	9	0.9770682329417646
simulation/sim_c0.009_s0.001/c0.009_s0.001_gtrgamma/c0.009_s0.001_gtrgamma_base-snps-concat_nmf	nmf	0.2	nonrandom	10	0.9721892381726142
simulation/sim_c0.009_s0.001/c0.009_s0.001_gtrgamma/c0.009_s0.001_gtrgamma_base-snps-concat_nmf	nmf	0.2	nonrandom	11	0.9749641006430667
simulation/sim_c0.009_s0.001/c0.009_s0.001_gtrgamma/c0.009_s0.001_gtrgamma_base-snps-concat_nmf	nmf	0.2	nonrandom	12	0.9747112082422729
simulation/sim_c0.009_s0.001/c0.009_s0.001_gtrgamma/c0.009_s0.001_gtrgamma_base-snps-concat_nmf	nmf	0.2	nonrandom	13	0.9758195188832107
simulation/sim_c0.009_s0.001/c0.009_s0.001_gtrgamma/c0.009_s0.001_gtrgamma_base-snps-concat_nmf	nmf	0.2	nonrandom	14	0.9752515467783264
simulation/sim_c0.009_s0.001/c0.009_s0.001_gtrgamma/c0.009_s0.001_gtrgamma_base-snps-concat_nmf	nmf	0.2	nonrandom	15	0.9745588326993827
simulation/sim_c0.009_s0.001/c0.009_s0.001_gtrgamma/c0.009_s0.001_gtrgamma_base-snps-concat_nmf	nmf	0.2	nonrandom	16	0.9769504653632332
simulation/sim_c0.009_s0.001/c0.009_s0.001_gtrgamma/c0.009_s0.001_gtrgamma_base-snps-concat_nmf	nmf	0.2	nonrandom	17	0.9728766952065496
simulation/sim_c0.009_s0.001/c0.009_s0.001_gtrgamma/c0.009_s0.001_gtrgamma_base-snps-concat_nmf	nmf	0.2	nonrandom	18	0.9761756267930647
simulation/sim_c0.009_s0.001/c0.009_s0.001_gtrgamma/c0.009_s0.001_gtrgamma_base-snps-concat_nmf	nmf	0.2	nonrandom	19	0.9753140428723205
simulation/sim_c0.009_s0.001/c0.009_s0.001_gtrgamma/c0.009_s0.001_gtrgamma_base-snps-concat_nmf	nmf	0.2	nonrandom	20	0.9749359334958435
simulation/sim_c0.009_s0.001/c0.009_s0.001_gtrgamma/c0.009_s0.001_gtrgamma_base-snps-concat_nmf	nmf	0.2	nonrandom_weighted	1	0.9748109256828552
simulation/sim_c0.009_s0.001/c0.009_s0.001_gtrgamma/c0.009_s0.001_gtrgamma_base-snps-concat_nmf	nmf	0.2	nonrandom_weighted	2	0.97144463884029
simulation/sim_c0.009_s0.001/c0.009_s0.001_gtrgamma/c0.009_s0.001_gtrgamma_base-snps-concat_nmf	nmf	0.2	nonrandom_weighted	3	0.9774389100681208
simulation/sim_c0.009_s0.001/c0.009_s0.001_gtrgamma/c0.009_s0.001_gtrgamma_base-snps-concat_nmf	nmf	0.2	nonrandom_weighted	4	0.9772485780361273
simulation/sim_c0.009_s0.001/c0.009_s0.001_gtrgamma/c0.009_s0.001_gtrgamma_base-snps-concat_nmf	nmf	0.2	nonrandom_weighted	5	0.9721857616101006
simulation/sim_c0.009_s0.001/c0.009_s0.001_gtrgamma/c0.009_s0.001_gtrgamma_base-snps-concat_nmf	nmf	0.2	nonrandom_weighted	6	0.9728733045815363
simulation/sim_c0.009_s0.001/c0.009_s0.001_gtrgamma/c0.009_s0.001_gtrgamma_base-snps-concat_nmf	nmf	0.2	nonrandom_weighted	7	0.9748765702143616
simulation/sim_c0.009_s0.001/c0.009_s0.001_gtrgamma/c0.009_s0.001_gtrgamma_base-snps-concat_nmf	nmf	0.2	nonrandom_weighted	8	0.9758810297425644
simulation/sim_c0.009_s0.001/c0.009_s0.001_gtrgamma/c0.009_s0.001_gtrgamma_base-snps-concat_nmf	nmf	0.2	nonrandom_weighted	9	0.9768764452221737
simulation/sim_c0.009_s0.001/c0.009_s0.001_gtrgamma/c0.009_s0.001_gtrgamma_base-snps-concat_nmf	nmf	0.2	nonrandom_weighted	10	0.9719982498906181
simulation/sim_c0.009_s0.001/c0.009_s0.001_gtrgamma/c0.009_s0.001_gtrgamma_base-snps-concat_nmf	nmf	0.2	nonrandom_weighted	11	0.9773110819426214
simulation/sim_c0.009_s0.001/c0.009_s0.001_gtrgamma/c0.009_s0.001_gtrgamma_base-snps-concat_nmf	nmf	0.2	nonrandom_weighted	12	0.973123320207513
simulation/sim_c0.009_s0.001/c0.009_s0.001_gtrgamma/c0.009_s0.001_gtrgamma_base-snps-concat_nmf	nmf	0.2	nonrandom_weighted	13	0.9767021740484645
simulation/sim_c0.009_s0.001/c0.009_s0.001_gtrgamma/c0.009_s0.001_gtrgamma_base-snps-concat_nmf	nmf	0.2	nonrandom_weighted	14	0.9766308422894276
simulation/sim_c0.009_s0.001/c0.009_s0.001_gtrgamma/c0.009_s0.001_gtrgamma_base-snps-concat_nmf	nmf	0.2	nonrandom_weighted	15	0.9763269374532768
simulation/sim_c0.009_s0.001/c0.009_s0.001_gtrgamma/c0.009_s0.001_gtrgamma_base-snps-concat_nmf	nmf	0.2	nonrandom_weighted	16	0.9761919640067487
simulation/sim_c0.009_s0.001/c0.009_s0.001_gtrgamma/c0.009_s0.001_gtrgamma_base-snps-concat_nmf	nmf	0.2	nonrandom_weighted	17	0.975570134333021
simulation/sim_c0.009_s0.001/c0.009_s0.001_gtrgamma/c0.009_s0.001_gtrgamma_base-snps-concat_nmf	nmf	0.2	nonrandom_weighted	18	0.9771889256921442
simulation/sim_c0.009_s0.001/c0.009_s0.001_gtrgamma/c0.009_s0.001_gtrgamma_base-snps-concat_nmf	nmf	0.2	nonrandom_weighted	19	0.9768735545971623
simulation/sim_c0.009_s0.001/c0.009_s0.001_gtrgamma/c0.009_s0.001_gtrgamma_base-snps-concat_nmf	nmf	0.2	nonrandom_weighted	20	0.9771621115687008
