simulation/sim_c0.009_s0.001/c0.009_s0.001_gtrgamma/c0.009_s0.001_gtrgamma_base-snps-concat_popWrong	population2	0.2	random	1	0.9754990361295939
simulation/sim_c0.009_s0.001/c0.009_s0.001_gtrgamma/c0.009_s0.001_gtrgamma_base-snps-concat_popWrong	population2	0.2	random	2	0.9730994882037198
simulation/sim_c0.009_s0.001/c0.009_s0.001_gtrgamma/c0.009_s0.001_gtrgamma_base-snps-concat_popWrong	population2	0.2	random	3	0.9764551586310267
simulation/sim_c0.009_s0.001/c0.009_s0.001_gtrgamma/c0.009_s0.001_gtrgamma_base-snps-concat_popWrong	population2	0.2	random	4	0.9758592726592228
simulation/sim_c0.009_s0.001/c0.009_s0.001_gtrgamma/c0.009_s0.001_gtrgamma_base-snps-concat_popWrong	population2	0.2	random	5	0.977299880525687
simulation/sim_c0.009_s0.001/c0.009_s0.001_gtrgamma/c0.009_s0.001_gtrgamma_base-snps-concat_popWrong	population2	0.2	random	6	0.9754144510478574
simulation/sim_c0.009_s0.001/c0.009_s0.001_gtrgamma/c0.009_s0.001_gtrgamma_base-snps-concat_popWrong	population2	0.2	random	7	0.9770100658630545
simulation/sim_c0.009_s0.001/c0.009_s0.001_gtrgamma/c0.009_s0.001_gtrgamma_base-snps-concat_popWrong	population2	0.2	random	8	0.9773306005838147
simulation/sim_c0.009_s0.001/c0.009_s0.001_gtrgamma/c0.009_s0.001_gtrgamma_base-snps-concat_popWrong	population2	0.2	random	9	0.9786744590897787
simulation/sim_c0.009_s0.001/c0.009_s0.001_gtrgamma/c0.009_s0.001_gtrgamma_base-snps-concat_popWrong	population2	0.2	random	10	0.9751377755511023
simulation/sim_c0.009_s0.001/c0.009_s0.001_gtrgamma/c0.009_s0.001_gtrgamma_base-snps-concat_popWrong	population2	0.2	random	11	0.9758555133079848
simulation/sim_c0.009_s0.001/c0.009_s0.001_gtrgamma/c0.009_s0.001_gtrgamma_base-snps-concat_popWrong	population2	0.2	random	12	0.9768605378361476
simulation/sim_c0.009_s0.001/c0.009_s0.001_gtrgamma/c0.009_s0.001_gtrgamma_base-snps-concat_popWrong	population2	0.2	random	13	0.9766992710734533
simulation/sim_c0.009_s0.001/c0.009_s0.001_gtrgamma/c0.009_s0.001_gtrgamma_base-snps-concat_popWrong	population2	0.2	random	14	0.9763086784390121
simulation/sim_c0.009_s0.001/c0.009_s0.001_gtrgamma/c0.009_s0.001_gtrgamma_base-snps-concat_popWrong	population2	0.2	random	15	0.9775745968987459
simulation/sim_c0.009_s0.001/c0.009_s0.001_gtrgamma/c0.009_s0.001_gtrgamma_base-snps-concat_popWrong	population2	0.2	random	16	0.9745831511896584
simulation/sim_c0.009_s0.001/c0.009_s0.001_gtrgamma/c0.009_s0.001_gtrgamma_base-snps-concat_popWrong	population2	0.2	random	17	0.976390183286735
simulation/sim_c0.009_s0.001/c0.009_s0.001_gtrgamma/c0.009_s0.001_gtrgamma_base-snps-concat_popWrong	population2	0.2	random	18	0.9773783700030989
simulation/sim_c0.009_s0.001/c0.009_s0.001_gtrgamma/c0.009_s0.001_gtrgamma_base-snps-concat_popWrong	population2	0.2	random	19	0.9745773403986878
simulation/sim_c0.009_s0.001/c0.009_s0.001_gtrgamma/c0.009_s0.001_gtrgamma_base-snps-concat_popWrong	population2	0.2	random	20	0.9756158248320478
simulation/sim_c0.009_s0.001/c0.009_s0.001_gtrgamma/c0.009_s0.001_gtrgamma_base-snps-concat_popWrong	population2	0.2	nonrandom	1	0.9744359022438902
simulation/sim_c0.009_s0.001/c0.009_s0.001_gtrgamma/c0.009_s0.001_gtrgamma_base-snps-concat_popWrong	population2	0.2	nonrandom	2	0.9761264920942441
simulation/sim_c0.009_s0.001/c0.009_s0.001_gtrgamma/c0.009_s0.001_gtrgamma_base-snps-concat_popWrong	population2	0.2	nonrandom	3	0.9761264920942441
simulation/sim_c0.009_s0.001/c0.009_s0.001_gtrgamma/c0.009_s0.001_gtrgamma_base-snps-concat_popWrong	population2	0.2	nonrandom	4	0.9730033745781778
simulation/sim_c0.009_s0.001/c0.009_s0.001_gtrgamma/c0.009_s0.001_gtrgamma_base-snps-concat_popWrong	population2	0.2	nonrandom	5	0.9784832231508045
simulation/sim_c0.009_s0.001/c0.009_s0.001_gtrgamma/c0.009_s0.001_gtrgamma_base-snps-concat_popWrong	population2	0.2	nonrandom	6	0.9728766952065496
simulation/sim_c0.009_s0.001/c0.009_s0.001_gtrgamma/c0.009_s0.001_gtrgamma_base-snps-concat_popWrong	population2	0.2	nonrandom	7	0.9741891131804262
simulation/sim_c0.009_s0.001/c0.009_s0.001_gtrgamma/c0.009_s0.001_gtrgamma_base-snps-concat_popWrong	population2	0.2	nonrandom	8	0.973064183488532
simulation/sim_c0.009_s0.001/c0.009_s0.001_gtrgamma/c0.009_s0.001_gtrgamma_base-snps-concat_popWrong	population2	0.2	nonrandom	9	0.9737400199600799
simulation/sim_c0.009_s0.001/c0.009_s0.001_gtrgamma/c0.009_s0.001_gtrgamma_base-snps-concat_popWrong	population2	0.2	nonrandom	10	0.9733108319269954
simulation/sim_c0.009_s0.001/c0.009_s0.001_gtrgamma/c0.009_s0.001_gtrgamma_base-snps-concat_popWrong	population2	0.2	nonrandom	11	0.9741029641185648
simulation/sim_c0.009_s0.001/c0.009_s0.001_gtrgamma/c0.009_s0.001_gtrgamma_base-snps-concat_popWrong	population2	0.2	nonrandom	12	0.9758140116242735
simulation/sim_c0.009_s0.001/c0.009_s0.001_gtrgamma/c0.009_s0.001_gtrgamma_base-snps-concat_popWrong	population2	0.2	nonrandom	13	0.9738733670854428
simulation/sim_c0.009_s0.001/c0.009_s0.001_gtrgamma/c0.009_s0.001_gtrgamma_base-snps-concat_popWrong	population2	0.2	nonrandom	14	0.9736233514594662
simulation/sim_c0.009_s0.001/c0.009_s0.001_gtrgamma/c0.009_s0.001_gtrgamma_base-snps-concat_popWrong	population2	0.2	nonrandom	15	0.9752515467783264
simulation/sim_c0.009_s0.001/c0.009_s0.001_gtrgamma/c0.009_s0.001_gtrgamma_base-snps-concat_popWrong	population2	0.2	nonrandom	16	0.9745604190048635
simulation/sim_c0.009_s0.001/c0.009_s0.001_gtrgamma/c0.009_s0.001_gtrgamma_base-snps-concat_popWrong	population2	0.2	nonrandom	17	0.9756890194362853
simulation/sim_c0.009_s0.001/c0.009_s0.001_gtrgamma/c0.009_s0.001_gtrgamma_base-snps-concat_popWrong	population2	0.2	nonrandom	18	0.9740625
simulation/sim_c0.009_s0.001/c0.009_s0.001_gtrgamma/c0.009_s0.001_gtrgamma_base-snps-concat_popWrong	population2	0.2	nonrandom	19	0.9719392537966377
simulation/sim_c0.009_s0.001/c0.009_s0.001_gtrgamma/c0.009_s0.001_gtrgamma_base-snps-concat_popWrong	population2	0.2	nonrandom	20	0.9767514530341853
simulation/sim_c0.009_s0.001/c0.009_s0.001_gtrgamma/c0.009_s0.001_gtrgamma_base-snps-concat_popWrong	population2	0.2	nonrandom_weighted	1	0.9773139178801324
simulation/sim_c0.009_s0.001/c0.009_s0.001_gtrgamma/c0.009_s0.001_gtrgamma_base-snps-concat_popWrong	population2	0.2	nonrandom_weighted	2	0.9750811891081689
simulation/sim_c0.009_s0.001/c0.009_s0.001_gtrgamma/c0.009_s0.001_gtrgamma_base-snps-concat_popWrong	population2	0.2	nonrandom_weighted	3	0.9749812827551785
simulation/sim_c0.009_s0.001/c0.009_s0.001_gtrgamma/c0.009_s0.001_gtrgamma_base-snps-concat_popWrong	population2	0.2	nonrandom_weighted	4	0.974
simulation/sim_c0.009_s0.001/c0.009_s0.001_gtrgamma/c0.009_s0.001_gtrgamma_base-snps-concat_popWrong	population2	0.2	nonrandom_weighted	5	0.9731266795825261
simulation/sim_c0.009_s0.001/c0.009_s0.001_gtrgamma/c0.009_s0.001_gtrgamma_base-snps-concat_popWrong	population2	0.2	nonrandom_weighted	6	0.975626523342291
simulation/sim_c0.009_s0.001/c0.009_s0.001_gtrgamma/c0.009_s0.001_gtrgamma_base-snps-concat_popWrong	population2	0.2	nonrandom_weighted	7	0.9762544522901956
simulation/sim_c0.009_s0.001/c0.009_s0.001_gtrgamma/c0.009_s0.001_gtrgamma_base-snps-concat_popWrong	population2	0.2	nonrandom_weighted	8	0.9742325929623159
simulation/sim_c0.009_s0.001/c0.009_s0.001_gtrgamma/c0.009_s0.001_gtrgamma_base-snps-concat_popWrong	population2	0.2	nonrandom_weighted	9	0.9773379947558997
simulation/sim_c0.009_s0.001/c0.009_s0.001_gtrgamma/c0.009_s0.001_gtrgamma_base-snps-concat_popWrong	population2	0.2	nonrandom_weighted	10	0.9753734608413026
simulation/sim_c0.009_s0.001/c0.009_s0.001_gtrgamma/c0.009_s0.001_gtrgamma_base-snps-concat_popWrong	population2	0.2	nonrandom_weighted	11	0.9738223166312633
simulation/sim_c0.009_s0.001/c0.009_s0.001_gtrgamma/c0.009_s0.001_gtrgamma_base-snps-concat_popWrong	population2	0.2	nonrandom_weighted	12	0.9737269096355466
simulation/sim_c0.009_s0.001/c0.009_s0.001_gtrgamma/c0.009_s0.001_gtrgamma_base-snps-concat_popWrong	population2	0.2	nonrandom_weighted	13	0.9729391913005437
simulation/sim_c0.009_s0.001/c0.009_s0.001_gtrgamma/c0.009_s0.001_gtrgamma_base-snps-concat_popWrong	population2	0.2	nonrandom_weighted	14	0.9740073552328118
simulation/sim_c0.009_s0.001/c0.009_s0.001_gtrgamma/c0.009_s0.001_gtrgamma_base-snps-concat_popWrong	population2	0.2	nonrandom_weighted	15	0.97606399600025
simulation/sim_c0.009_s0.001/c0.009_s0.001_gtrgamma/c0.009_s0.001_gtrgamma_base-snps-concat_popWrong	population2	0.2	nonrandom_weighted	16	0.9743108944309019
simulation/sim_c0.009_s0.001/c0.009_s0.001_gtrgamma/c0.009_s0.001_gtrgamma_base-snps-concat_popWrong	population2	0.2	nonrandom_weighted	17	0.975
simulation/sim_c0.009_s0.001/c0.009_s0.001_gtrgamma/c0.009_s0.001_gtrgamma_base-snps-concat_popWrong	population2	0.2	nonrandom_weighted	18	0.9716892694206613
simulation/sim_c0.009_s0.001/c0.009_s0.001_gtrgamma/c0.009_s0.001_gtrgamma_base-snps-concat_popWrong	population2	0.2	nonrandom_weighted	19	0.9755640272482969
simulation/sim_c0.009_s0.001/c0.009_s0.001_gtrgamma/c0.009_s0.001_gtrgamma_base-snps-concat_popWrong	population2	0.2	nonrandom_weighted	20	0.9728766952065496
