simulation/sim_c0.009_s0.001/c0.009_s0.001_gtrgamma/c0.009_s0.001_gtrgamma_base-snps-concat_pop	population	0.2	random	1	0.9769423558897243
simulation/sim_c0.009_s0.001/c0.009_s0.001_gtrgamma/c0.009_s0.001_gtrgamma_base-snps-concat_pop	population	0.2	random	2	0.9775143354165324
simulation/sim_c0.009_s0.001/c0.009_s0.001_gtrgamma/c0.009_s0.001_gtrgamma_base-snps-concat_pop	population	0.2	random	3	0.9755004104312686
simulation/sim_c0.009_s0.001/c0.009_s0.001_gtrgamma/c0.009_s0.001_gtrgamma_base-snps-concat_pop	population	0.2	random	4	0.9765017885777723
simulation/sim_c0.009_s0.001/c0.009_s0.001_gtrgamma/c0.009_s0.001_gtrgamma_base-snps-concat_pop	population	0.2	random	5	0.9762514842822324
simulation/sim_c0.009_s0.001/c0.009_s0.001_gtrgamma/c0.009_s0.001_gtrgamma_base-snps-concat_pop	population	0.2	random	6	0.9764381501441284
simulation/sim_c0.009_s0.001/c0.009_s0.001_gtrgamma/c0.009_s0.001_gtrgamma_base-snps-concat_pop	population	0.2	random	7	0.97571337983513
simulation/sim_c0.009_s0.001/c0.009_s0.001_gtrgamma/c0.009_s0.001_gtrgamma_base-snps-concat_pop	population	0.2	random	8	0.9774568288854003
simulation/sim_c0.009_s0.001/c0.009_s0.001_gtrgamma/c0.009_s0.001_gtrgamma_base-snps-concat_pop	population	0.2	random	9	0.9766738116252679
simulation/sim_c0.009_s0.001/c0.009_s0.001_gtrgamma/c0.009_s0.001_gtrgamma_base-snps-concat_pop	population	0.2	random	10	0.9756479278828095
simulation/sim_c0.009_s0.001/c0.009_s0.001_gtrgamma/c0.009_s0.001_gtrgamma_base-snps-concat_pop	population	0.2	random	11	0.9751973643314478
simulation/sim_c0.009_s0.001/c0.009_s0.001_gtrgamma/c0.009_s0.001_gtrgamma_base-snps-concat_pop	population	0.2	random	12	0.9764210261569416
simulation/sim_c0.009_s0.001/c0.009_s0.001_gtrgamma/c0.009_s0.001_gtrgamma_base-snps-concat_pop	population	0.2	random	13	0.977262816918956
simulation/sim_c0.009_s0.001/c0.009_s0.001_gtrgamma/c0.009_s0.001_gtrgamma_base-snps-concat_pop	population	0.2	random	14	0.9759645014174781
simulation/sim_c0.009_s0.001/c0.009_s0.001_gtrgamma/c0.009_s0.001_gtrgamma_base-snps-concat_pop	population	0.2	random	15	0.9783568904593639
simulation/sim_c0.009_s0.001/c0.009_s0.001_gtrgamma/c0.009_s0.001_gtrgamma_base-snps-concat_pop	population	0.2	random	16	0.9742555831265509
simulation/sim_c0.009_s0.001/c0.009_s0.001_gtrgamma/c0.009_s0.001_gtrgamma_base-snps-concat_pop	population	0.2	random	17	0.9772249040722861
simulation/sim_c0.009_s0.001/c0.009_s0.001_gtrgamma/c0.009_s0.001_gtrgamma_base-snps-concat_pop	population	0.2	random	18	0.9772541627395539
simulation/sim_c0.009_s0.001/c0.009_s0.001_gtrgamma/c0.009_s0.001_gtrgamma_base-snps-concat_pop	population	0.2	random	19	0.9765237587094344
simulation/sim_c0.009_s0.001/c0.009_s0.001_gtrgamma/c0.009_s0.001_gtrgamma_base-snps-concat_pop	population	0.2	random	20	0.9789670192906036
simulation/sim_c0.009_s0.001/c0.009_s0.001_gtrgamma/c0.009_s0.001_gtrgamma_base-snps-concat_pop	population	0.2	nonrandom	1	0.972625
simulation/sim_c0.009_s0.001/c0.009_s0.001_gtrgamma/c0.009_s0.001_gtrgamma_base-snps-concat_pop	population	0.2	nonrandom	2	0.9748847064689019
simulation/sim_c0.009_s0.001/c0.009_s0.001_gtrgamma/c0.009_s0.001_gtrgamma_base-snps-concat_pop	population	0.2	nonrandom	3	0.9757484842802675
simulation/sim_c0.009_s0.001/c0.009_s0.001_gtrgamma/c0.009_s0.001_gtrgamma_base-snps-concat_pop	population	0.2	nonrandom	4	0.9766875
simulation/sim_c0.009_s0.001/c0.009_s0.001_gtrgamma/c0.009_s0.001_gtrgamma_base-snps-concat_pop	population	0.2	nonrandom	5	0.9778096366016331
simulation/sim_c0.009_s0.001/c0.009_s0.001_gtrgamma/c0.009_s0.001_gtrgamma_base-snps-concat_pop	population	0.2	nonrandom	6	0.9761889881882382
simulation/sim_c0.009_s0.001/c0.009_s0.001_gtrgamma/c0.009_s0.001_gtrgamma_base-snps-concat_pop	population	0.2	nonrandom	7	0.9758734920932558
simulation/sim_c0.009_s0.001/c0.009_s0.001_gtrgamma/c0.009_s0.001_gtrgamma_base-snps-concat_pop	population	0.2	nonrandom	8	0.9749984374023376
simulation/sim_c0.009_s0.001/c0.009_s0.001_gtrgamma/c0.009_s0.001_gtrgamma_base-snps-concat_pop	population	0.2	nonrandom	9	0.9737055268241012
simulation/sim_c0.009_s0.001/c0.009_s0.001_gtrgamma/c0.009_s0.001_gtrgamma_base-snps-concat_pop	population	0.2	nonrandom	10	0.975565667269214
simulation/sim_c0.009_s0.001/c0.009_s0.001_gtrgamma/c0.009_s0.001_gtrgamma_base-snps-concat_pop	population	0.2	nonrandom	11	0.9758125
simulation/sim_c0.009_s0.001/c0.009_s0.001_gtrgamma/c0.009_s0.001_gtrgamma_base-snps-concat_pop	population	0.2	nonrandom	12	0.9737351051219665
simulation/sim_c0.009_s0.001/c0.009_s0.001_gtrgamma/c0.009_s0.001_gtrgamma_base-snps-concat_pop	population	0.2	nonrandom	13	0.9765610350646915
simulation/sim_c0.009_s0.001/c0.009_s0.001_gtrgamma/c0.009_s0.001_gtrgamma_base-snps-concat_pop	population	0.2	nonrandom	14	0.9770616468241601
simulation/sim_c0.009_s0.001/c0.009_s0.001_gtrgamma/c0.009_s0.001_gtrgamma_base-snps-concat_pop	population	0.2	nonrandom	15	0.97425
simulation/sim_c0.009_s0.001/c0.009_s0.001_gtrgamma/c0.009_s0.001_gtrgamma_base-snps-concat_pop	population	0.2	nonrandom	16	0.9750514563712344
simulation/sim_c0.009_s0.001/c0.009_s0.001_gtrgamma/c0.009_s0.001_gtrgamma_base-snps-concat_pop	population	0.2	nonrandom	17	0.9772485780361273
simulation/sim_c0.009_s0.001/c0.009_s0.001_gtrgamma/c0.009_s0.001_gtrgamma_base-snps-concat_pop	population	0.2	nonrandom	18	0.9743749610324833
simulation/sim_c0.009_s0.001/c0.009_s0.001_gtrgamma/c0.009_s0.001_gtrgamma_base-snps-concat_pop	population	0.2	nonrandom	19	0.974748421776361
simulation/sim_c0.009_s0.001/c0.009_s0.001_gtrgamma/c0.009_s0.001_gtrgamma_base-snps-concat_pop	population	0.2	nonrandom	20	0.9774257919680719
simulation/sim_c0.009_s0.001/c0.009_s0.001_gtrgamma/c0.009_s0.001_gtrgamma_base-snps-concat_pop	population	0.2	nonrandom_weighted	1	0.9747736497034031
simulation/sim_c0.009_s0.001/c0.009_s0.001_gtrgamma/c0.009_s0.001_gtrgamma_base-snps-concat_pop	population	0.2	nonrandom_weighted	2	0.9741233827114195
simulation/sim_c0.009_s0.001/c0.009_s0.001_gtrgamma/c0.009_s0.001_gtrgamma_base-snps-concat_pop	population	0.2	nonrandom_weighted	3	0.9757484842802675
simulation/sim_c0.009_s0.001/c0.009_s0.001_gtrgamma/c0.009_s0.001_gtrgamma_base-snps-concat_pop	population	0.2	nonrandom_weighted	4	0.9738733670854428
simulation/sim_c0.009_s0.001/c0.009_s0.001_gtrgamma/c0.009_s0.001_gtrgamma_base-snps-concat_pop	population	0.2	nonrandom_weighted	5	0.978875
simulation/sim_c0.009_s0.001/c0.009_s0.001_gtrgamma/c0.009_s0.001_gtrgamma_base-snps-concat_pop	population	0.2	nonrandom_weighted	6	0.9748765702143616
simulation/sim_c0.009_s0.001/c0.009_s0.001_gtrgamma/c0.009_s0.001_gtrgamma_base-snps-concat_pop	population	0.2	nonrandom_weighted	7	0.9758765077182676
simulation/sim_c0.009_s0.001/c0.009_s0.001_gtrgamma/c0.009_s0.001_gtrgamma_base-snps-concat_pop	population	0.2	nonrandom_weighted	8	0.9743108944309019
simulation/sim_c0.009_s0.001/c0.009_s0.001_gtrgamma/c0.009_s0.001_gtrgamma_base-snps-concat_pop	population	0.2	nonrandom_weighted	9	0.9729358084880305
simulation/sim_c0.009_s0.001/c0.009_s0.001_gtrgamma/c0.009_s0.001_gtrgamma_base-snps-concat_pop	population	0.2	nonrandom_weighted	10	0.9776888944440972
simulation/sim_c0.009_s0.001/c0.009_s0.001_gtrgamma/c0.009_s0.001_gtrgamma_base-snps-concat_pop	population	0.2	nonrandom_weighted	11	0.9761889881882382
simulation/sim_c0.009_s0.001/c0.009_s0.001_gtrgamma/c0.009_s0.001_gtrgamma_base-snps-concat_pop	population	0.2	nonrandom_weighted	12	0.9738108631789487
simulation/sim_c0.009_s0.001/c0.009_s0.001_gtrgamma/c0.009_s0.001_gtrgamma_base-snps-concat_pop	population	0.2	nonrandom_weighted	13	0.9748140741203675
simulation/sim_c0.009_s0.001/c0.009_s0.001_gtrgamma/c0.009_s0.001_gtrgamma_base-snps-concat_pop	population	0.2	nonrandom_weighted	14	0.9708106756672292
simulation/sim_c0.009_s0.001/c0.009_s0.001_gtrgamma/c0.009_s0.001_gtrgamma_base-snps-concat_pop	population	0.2	nonrandom_weighted	15	0.973384030418251
simulation/sim_c0.009_s0.001/c0.009_s0.001_gtrgamma/c0.009_s0.001_gtrgamma_base-snps-concat_pop	population	0.2	nonrandom_weighted	16	0.9761235077192324
simulation/sim_c0.009_s0.001/c0.009_s0.001_gtrgamma/c0.009_s0.001_gtrgamma_base-snps-concat_pop	population	0.2	nonrandom_weighted	17	0.9758442044816179
simulation/sim_c0.009_s0.001/c0.009_s0.001_gtrgamma/c0.009_s0.001_gtrgamma_base-snps-concat_pop	population	0.2	nonrandom_weighted	18	0.977152131843436
simulation/sim_c0.009_s0.001/c0.009_s0.001_gtrgamma/c0.009_s0.001_gtrgamma_base-snps-concat_pop	population	0.2	nonrandom_weighted	19	0.9754359647477967
simulation/sim_c0.009_s0.001/c0.009_s0.001_gtrgamma/c0.009_s0.001_gtrgamma_base-snps-concat_pop	population	0.2	nonrandom_weighted	20	0.9760610038127383
