simulation/sim_c0.007_s0.003/c0.007_s0.003_gtr/c0.007_s0.003_gtr_base-snps-concat_pop	population	0.2	random	1	0.9707627776914712
simulation/sim_c0.007_s0.003/c0.007_s0.003_gtr/c0.007_s0.003_gtr_base-snps-concat_pop	population	0.2	random	2	0.9707116902643779
simulation/sim_c0.007_s0.003/c0.007_s0.003_gtr/c0.007_s0.003_gtr_base-snps-concat_pop	population	0.2	random	3	0.9681592664698864
simulation/sim_c0.007_s0.003/c0.007_s0.003_gtr/c0.007_s0.003_gtr_base-snps-concat_pop	population	0.2	random	4	0.9679990038600423
simulation/sim_c0.007_s0.003/c0.007_s0.003_gtr/c0.007_s0.003_gtr_base-snps-concat_pop	population	0.2	random	5	0.9691661705261179
simulation/sim_c0.007_s0.003/c0.007_s0.003_gtr/c0.007_s0.003_gtr_base-snps-concat_pop	population	0.2	random	6	0.9703868163482285
simulation/sim_c0.007_s0.003/c0.007_s0.003_gtr/c0.007_s0.003_gtr_base-snps-concat_pop	population	0.2	random	7	0.9688085425252904
simulation/sim_c0.007_s0.003/c0.007_s0.003_gtr/c0.007_s0.003_gtr_base-snps-concat_pop	population	0.2	random	8	0.9701389107632217
simulation/sim_c0.007_s0.003/c0.007_s0.003_gtr/c0.007_s0.003_gtr_base-snps-concat_pop	population	0.2	random	9	0.9700687101935808
simulation/sim_c0.007_s0.003/c0.007_s0.003_gtr/c0.007_s0.003_gtr_base-snps-concat_pop	population	0.2	random	10	0.9684368268240142
simulation/sim_c0.007_s0.003/c0.007_s0.003_gtr/c0.007_s0.003_gtr_base-snps-concat_pop	population	0.2	random	11	0.9694876043392628
simulation/sim_c0.007_s0.003/c0.007_s0.003_gtr/c0.007_s0.003_gtr_base-snps-concat_pop	population	0.2	random	12	0.9703620333896079
simulation/sim_c0.007_s0.003/c0.007_s0.003_gtr/c0.007_s0.003_gtr_base-snps-concat_pop	population	0.2	random	13	0.9683674743942043
simulation/sim_c0.007_s0.003/c0.007_s0.003_gtr/c0.007_s0.003_gtr_base-snps-concat_pop	population	0.2	random	14	0.9685189825836361
simulation/sim_c0.007_s0.003/c0.007_s0.003_gtr/c0.007_s0.003_gtr_base-snps-concat_pop	population	0.2	random	15	0.9709192373275461
simulation/sim_c0.007_s0.003/c0.007_s0.003_gtr/c0.007_s0.003_gtr_base-snps-concat_pop	population	0.2	random	16	0.9713607545519848
simulation/sim_c0.007_s0.003/c0.007_s0.003_gtr/c0.007_s0.003_gtr_base-snps-concat_pop	population	0.2	random	17	0.9700695983271433
simulation/sim_c0.007_s0.003/c0.007_s0.003_gtr/c0.007_s0.003_gtr_base-snps-concat_pop	population	0.2	random	18	0.9698793292587369
simulation/sim_c0.007_s0.003/c0.007_s0.003_gtr/c0.007_s0.003_gtr_base-snps-concat_pop	population	0.2	random	19	0.9668729295580973
simulation/sim_c0.007_s0.003/c0.007_s0.003_gtr/c0.007_s0.003_gtr_base-snps-concat_pop	population	0.2	random	20	0.9680764665458862
simulation/sim_c0.007_s0.003/c0.007_s0.003_gtr/c0.007_s0.003_gtr_base-snps-concat_pop	population	0.2	nonrandom	1	0.966712465650762
simulation/sim_c0.007_s0.003/c0.007_s0.003_gtr/c0.007_s0.003_gtr_base-snps-concat_pop	population	0.2	nonrandom	2	0.9627848891664065
simulation/sim_c0.007_s0.003/c0.007_s0.003_gtr/c0.007_s0.003_gtr_base-snps-concat_pop	population	0.2	nonrandom	3	0.9714696415737009
simulation/sim_c0.007_s0.003/c0.007_s0.003_gtr/c0.007_s0.003_gtr_base-snps-concat_pop	population	0.2	nonrandom	4	0.9696430244542303
simulation/sim_c0.007_s0.003/c0.007_s0.003_gtr/c0.007_s0.003_gtr_base-snps-concat_pop	population	0.2	nonrandom	5	0.9668812097731675
simulation/sim_c0.007_s0.003/c0.007_s0.003_gtr/c0.007_s0.003_gtr_base-snps-concat_pop	population	0.2	nonrandom	6	0.9641886191056529
simulation/sim_c0.007_s0.003/c0.007_s0.003_gtr/c0.007_s0.003_gtr_base-snps-concat_pop	population	0.2	nonrandom	7	0.9735684194102044
simulation/sim_c0.007_s0.003/c0.007_s0.003_gtr/c0.007_s0.003_gtr_base-snps-concat_pop	population	0.2	nonrandom	8	0.9714071435267648
simulation/sim_c0.007_s0.003/c0.007_s0.003_gtr/c0.007_s0.003_gtr_base-snps-concat_pop	population	0.2	nonrandom	9	0.969125
simulation/sim_c0.007_s0.003/c0.007_s0.003_gtr/c0.007_s0.003_gtr_base-snps-concat_pop	population	0.2	nonrandom	10	0.9694868671726162
simulation/sim_c0.007_s0.003/c0.007_s0.003_gtr/c0.007_s0.003_gtr_base-snps-concat_pop	population	0.2	nonrandom	11	0.9701432003244627
simulation/sim_c0.007_s0.003/c0.007_s0.003_gtr/c0.007_s0.003_gtr_base-snps-concat_pop	population	0.2	nonrandom	12	0.9693134589544077
simulation/sim_c0.007_s0.003/c0.007_s0.003_gtr/c0.007_s0.003_gtr_base-snps-concat_pop	population	0.2	nonrandom	13	0.971875878878785
simulation/sim_c0.007_s0.003/c0.007_s0.003_gtr/c0.007_s0.003_gtr_base-snps-concat_pop	population	0.2	nonrandom	14	0.9671572763351145
simulation/sim_c0.007_s0.003/c0.007_s0.003_gtr/c0.007_s0.003_gtr_base-snps-concat_pop	population	0.2	nonrandom	15	0.9714375
simulation/sim_c0.007_s0.003/c0.007_s0.003_gtr/c0.007_s0.003_gtr_base-snps-concat_pop	population	0.2	nonrandom	16	0.9638249351785324
simulation/sim_c0.007_s0.003/c0.007_s0.003_gtr/c0.007_s0.003_gtr_base-snps-concat_pop	population	0.2	nonrandom	17	0.9719696259491891
simulation/sim_c0.007_s0.003/c0.007_s0.003_gtr/c0.007_s0.003_gtr_base-snps-concat_pop	population	0.2	nonrandom	18	0.9707452621062163
simulation/sim_c0.007_s0.003/c0.007_s0.003_gtr/c0.007_s0.003_gtr_base-snps-concat_pop	population	0.2	nonrandom	19	0.9707425217011179
simulation/sim_c0.007_s0.003/c0.007_s0.003_gtr/c0.007_s0.003_gtr_base-snps-concat_pop	population	0.2	nonrandom	20	0.9711259023155526
simulation/sim_c0.007_s0.003/c0.007_s0.003_gtr/c0.007_s0.003_gtr_base-snps-concat_pop	population	0.2	nonrandom_weighted	1	0.9664022981327671
simulation/sim_c0.007_s0.003/c0.007_s0.003_gtr/c0.007_s0.003_gtr_base-snps-concat_pop	population	0.2	nonrandom_weighted	2	0.9657241056084986
simulation/sim_c0.007_s0.003/c0.007_s0.003_gtr/c0.007_s0.003_gtr_base-snps-concat_pop	population	0.2	nonrandom_weighted	3	0.9656593406593407
simulation/sim_c0.007_s0.003/c0.007_s0.003_gtr/c0.007_s0.003_gtr_base-snps-concat_pop	population	0.2	nonrandom_weighted	4	0.9711259023155526
simulation/sim_c0.007_s0.003/c0.007_s0.003_gtr/c0.007_s0.003_gtr_base-snps-concat_pop	population	0.2	nonrandom_weighted	5	0.9691884628605356
simulation/sim_c0.007_s0.003/c0.007_s0.003_gtr/c0.007_s0.003_gtr_base-snps-concat_pop	population	0.2	nonrandom_weighted	6	0.9661577846461241
simulation/sim_c0.007_s0.003/c0.007_s0.003_gtr/c0.007_s0.003_gtr_base-snps-concat_pop	population	0.2	nonrandom_weighted	7	0.9707821630574045
simulation/sim_c0.007_s0.003/c0.007_s0.003_gtr/c0.007_s0.003_gtr_base-snps-concat_pop	population	0.2	nonrandom_weighted	8	0.9684697353207712
simulation/sim_c0.007_s0.003/c0.007_s0.003_gtr/c0.007_s0.003_gtr_base-snps-concat_pop	population	0.2	nonrandom_weighted	9	0.9702005372649466
simulation/sim_c0.007_s0.003/c0.007_s0.003_gtr/c0.007_s0.003_gtr_base-snps-concat_pop	population	0.2	nonrandom_weighted	10	0.9689138576779026
simulation/sim_c0.007_s0.003/c0.007_s0.003_gtr/c0.007_s0.003_gtr_base-snps-concat_pop	population	0.2	nonrandom_weighted	11	0.967994754262162
simulation/sim_c0.007_s0.003/c0.007_s0.003_gtr/c0.007_s0.003_gtr_base-snps-concat_pop	population	0.2	nonrandom_weighted	12	0.9669873196327066
simulation/sim_c0.007_s0.003/c0.007_s0.003_gtr/c0.007_s0.003_gtr_base-snps-concat_pop	population	0.2	nonrandom_weighted	13	0.9721338076515009
simulation/sim_c0.007_s0.003/c0.007_s0.003_gtr/c0.007_s0.003_gtr_base-snps-concat_pop	population	0.2	nonrandom_weighted	14	0.9674568225116337
simulation/sim_c0.007_s0.003/c0.007_s0.003_gtr/c0.007_s0.003_gtr_base-snps-concat_pop	population	0.2	nonrandom_weighted	15	0.9736078614880674
simulation/sim_c0.007_s0.003/c0.007_s0.003_gtr/c0.007_s0.003_gtr_base-snps-concat_pop	population	0.2	nonrandom_weighted	16	0.9688134745789194
simulation/sim_c0.007_s0.003/c0.007_s0.003_gtr/c0.007_s0.003_gtr_base-snps-concat_pop	population	0.2	nonrandom_weighted	17	0.97053125
simulation/sim_c0.007_s0.003/c0.007_s0.003_gtr/c0.007_s0.003_gtr_base-snps-concat_pop	population	0.2	nonrandom_weighted	18	0.9710099653244197
simulation/sim_c0.007_s0.003/c0.007_s0.003_gtr/c0.007_s0.003_gtr_base-snps-concat_pop	population	0.2	nonrandom_weighted	19	0.9639386269179088
simulation/sim_c0.007_s0.003/c0.007_s0.003_gtr/c0.007_s0.003_gtr_base-snps-concat_pop	population	0.2	nonrandom_weighted	20	0.9716258866910409
