simulation/sim_c0.007_s0.003/c0.007_s0.003_gtr/c0.007_s0.003_gtr_base-snps-concat_phylo	phylo	0.2	random	1	0.9994975663369445
simulation/sim_c0.007_s0.003/c0.007_s0.003_gtr/c0.007_s0.003_gtr_base-snps-concat_phylo	phylo	0.2	random	2	0.9993728441517717
simulation/sim_c0.007_s0.003/c0.007_s0.003_gtr/c0.007_s0.003_gtr_base-snps-concat_phylo	phylo	0.2	random	3	0.9994076014092851
simulation/sim_c0.007_s0.003/c0.007_s0.003_gtr/c0.007_s0.003_gtr_base-snps-concat_phylo	phylo	0.2	random	4	0.9994363374459824
simulation/sim_c0.007_s0.003/c0.007_s0.003_gtr/c0.007_s0.003_gtr_base-snps-concat_phylo	phylo	0.2	random	5	0.9993811115237035
simulation/sim_c0.007_s0.003/c0.007_s0.003_gtr/c0.007_s0.003_gtr_base-snps-concat_phylo	phylo	0.2	random	6	0.9994058600956878
simulation/sim_c0.007_s0.003/c0.007_s0.003_gtr/c0.007_s0.003_gtr_base-snps-concat_phylo	phylo	0.2	random	7	0.9994727864785238
simulation/sim_c0.007_s0.003/c0.007_s0.003_gtr/c0.007_s0.003_gtr_base-snps-concat_phylo	phylo	0.2	random	8	0.9995606464773262
simulation/sim_c0.007_s0.003/c0.007_s0.003_gtr/c0.007_s0.003_gtr_base-snps-concat_phylo	phylo	0.2	random	9	0.9993457740116515
simulation/sim_c0.007_s0.003/c0.007_s0.003_gtr/c0.007_s0.003_gtr_base-snps-concat_phylo	phylo	0.2	random	10	0.9996582258816219
simulation/sim_c0.007_s0.003/c0.007_s0.003_gtr/c0.007_s0.003_gtr_base-snps-concat_phylo	phylo	0.2	random	11	0.9995025030316221
simulation/sim_c0.007_s0.003/c0.007_s0.003_gtr/c0.007_s0.003_gtr_base-snps-concat_phylo	phylo	0.2	random	12	0.9996264591439689
simulation/sim_c0.007_s0.003/c0.007_s0.003_gtr/c0.007_s0.003_gtr_base-snps-concat_phylo	phylo	0.2	random	13	0.9997189432265318
simulation/sim_c0.007_s0.003/c0.007_s0.003_gtr/c0.007_s0.003_gtr_base-snps-concat_phylo	phylo	0.2	random	14	0.9996248241363139
simulation/sim_c0.007_s0.003/c0.007_s0.003_gtr/c0.007_s0.003_gtr_base-snps-concat_phylo	phylo	0.2	random	15	0.9995327830555988
simulation/sim_c0.007_s0.003/c0.007_s0.003_gtr/c0.007_s0.003_gtr_base-snps-concat_phylo	phylo	0.2	random	16	0.999528731659807
simulation/sim_c0.007_s0.003/c0.007_s0.003_gtr/c0.007_s0.003_gtr_base-snps-concat_phylo	phylo	0.2	random	17	0.9995319812792511
simulation/sim_c0.007_s0.003/c0.007_s0.003_gtr/c0.007_s0.003_gtr_base-snps-concat_phylo	phylo	0.2	random	18	0.9995350855442598
simulation/sim_c0.007_s0.003/c0.007_s0.003_gtr/c0.007_s0.003_gtr_base-snps-concat_phylo	phylo	0.2	random	19	0.9995301782190622
simulation/sim_c0.007_s0.003/c0.007_s0.003_gtr/c0.007_s0.003_gtr_base-snps-concat_phylo	phylo	0.2	random	20	0.9992536385122528
simulation/sim_c0.007_s0.003/c0.007_s0.003_gtr/c0.007_s0.003_gtr_base-snps-concat_phylo	phylo	0.2	nonrandom	1	0.99975
simulation/sim_c0.007_s0.003/c0.007_s0.003_gtr/c0.007_s0.003_gtr_base-snps-concat_phylo	phylo	0.2	nonrandom	2	0.9993446920052425
simulation/sim_c0.007_s0.003/c0.007_s0.003_gtr/c0.007_s0.003_gtr_base-snps-concat_phylo	phylo	0.2	nonrandom	3	0.9995625136714478
simulation/sim_c0.007_s0.003/c0.007_s0.003_gtr/c0.007_s0.003_gtr_base-snps-concat_phylo	phylo	0.2	nonrandom	4	0.999531381798869
simulation/sim_c0.007_s0.003/c0.007_s0.003_gtr/c0.007_s0.003_gtr_base-snps-concat_phylo	phylo	0.2	nonrandom	5	0.99759375
simulation/sim_c0.007_s0.003/c0.007_s0.003_gtr/c0.007_s0.003_gtr_base-snps-concat_phylo	phylo	0.2	nonrandom	6	0.9999687841423444
simulation/sim_c0.007_s0.003/c0.007_s0.003_gtr/c0.007_s0.003_gtr_base-snps-concat_phylo	phylo	0.2	nonrandom	7	0.9996254214009239
simulation/sim_c0.007_s0.003/c0.007_s0.003_gtr/c0.007_s0.003_gtr_base-snps-concat_phylo	phylo	0.2	nonrandom	8	0.9998125
simulation/sim_c0.007_s0.003/c0.007_s0.003_gtr/c0.007_s0.003_gtr_base-snps-concat_phylo	phylo	0.2	nonrandom	9	0.9992503982259424
simulation/sim_c0.007_s0.003/c0.007_s0.003_gtr/c0.007_s0.003_gtr_base-snps-concat_phylo	phylo	0.2	nonrandom	10	0.9977831204920848
simulation/sim_c0.007_s0.003/c0.007_s0.003_gtr/c0.007_s0.003_gtr_base-snps-concat_phylo	phylo	0.2	nonrandom	11	0.999937501953064
simulation/sim_c0.007_s0.003/c0.007_s0.003_gtr/c0.007_s0.003_gtr_base-snps-concat_phylo	phylo	0.2	nonrandom	12	0.9993443237167479
simulation/sim_c0.007_s0.003/c0.007_s0.003_gtr/c0.007_s0.003_gtr_base-snps-concat_phylo	phylo	0.2	nonrandom	13	0.9996567112941984
simulation/sim_c0.007_s0.003/c0.007_s0.003_gtr/c0.007_s0.003_gtr_base-snps-concat_phylo	phylo	0.2	nonrandom	14	0.9994687666010437
simulation/sim_c0.007_s0.003/c0.007_s0.003_gtr/c0.007_s0.003_gtr_base-snps-concat_phylo	phylo	0.2	nonrandom	15	0.9998440083611518
simulation/sim_c0.007_s0.003/c0.007_s0.003_gtr/c0.007_s0.003_gtr_base-snps-concat_phylo	phylo	0.2	nonrandom	16	0.9999375195251484
simulation/sim_c0.007_s0.003/c0.007_s0.003_gtr/c0.007_s0.003_gtr_base-snps-concat_phylo	phylo	0.2	nonrandom	17	0.9975938251929627
simulation/sim_c0.007_s0.003/c0.007_s0.003_gtr/c0.007_s0.003_gtr_base-snps-concat_phylo	phylo	0.2	nonrandom	18	0.9994375
simulation/sim_c0.007_s0.003/c0.007_s0.003_gtr/c0.007_s0.003_gtr_base-snps-concat_phylo	phylo	0.2	nonrandom	19	0.9999687568344424
simulation/sim_c0.007_s0.003/c0.007_s0.003_gtr/c0.007_s0.003_gtr_base-snps-concat_phylo	phylo	0.2	nonrandom	20	0.99990625
simulation/sim_c0.007_s0.003/c0.007_s0.003_gtr/c0.007_s0.003_gtr_base-snps-concat_phylo	phylo	0.2	nonrandom_weighted	1	0.999781325169473
simulation/sim_c0.007_s0.003/c0.007_s0.003_gtr/c0.007_s0.003_gtr_base-snps-concat_phylo	phylo	0.2	nonrandom_weighted	2	0.9998437597650147
simulation/sim_c0.007_s0.003/c0.007_s0.003_gtr/c0.007_s0.003_gtr_base-snps-concat_phylo	phylo	0.2	nonrandom_weighted	3	0.9976250742164308
simulation/sim_c0.007_s0.003/c0.007_s0.003_gtr/c0.007_s0.003_gtr_base-snps-concat_phylo	phylo	0.2	nonrandom_weighted	4	0.9995001249687578
simulation/sim_c0.007_s0.003/c0.007_s0.003_gtr/c0.007_s0.003_gtr_base-snps-concat_phylo	phylo	0.2	nonrandom_weighted	5	0.9976876445222174
simulation/sim_c0.007_s0.003/c0.007_s0.003_gtr/c0.007_s0.003_gtr_base-snps-concat_phylo	phylo	0.2	nonrandom_weighted	6	0.99984375
simulation/sim_c0.007_s0.003/c0.007_s0.003_gtr/c0.007_s0.003_gtr_base-snps-concat_phylo	phylo	0.2	nonrandom_weighted	7	0.9995629370629371
simulation/sim_c0.007_s0.003/c0.007_s0.003_gtr/c0.007_s0.003_gtr_base-snps-concat_phylo	phylo	0.2	nonrandom_weighted	8	0.9996876854367719
simulation/sim_c0.007_s0.003/c0.007_s0.003_gtr/c0.007_s0.003_gtr_base-snps-concat_phylo	phylo	0.2	nonrandom_weighted	9	0.9975625
simulation/sim_c0.007_s0.003/c0.007_s0.003_gtr/c0.007_s0.003_gtr_base-snps-concat_phylo	phylo	0.2	nonrandom_weighted	10	0.999937501953064
simulation/sim_c0.007_s0.003/c0.007_s0.003_gtr/c0.007_s0.003_gtr_base-snps-concat_phylo	phylo	0.2	nonrandom_weighted	11	0.9975634898322556
simulation/sim_c0.007_s0.003/c0.007_s0.003_gtr/c0.007_s0.003_gtr_base-snps-concat_phylo	phylo	0.2	nonrandom_weighted	12	0.9997812568357238
simulation/sim_c0.007_s0.003/c0.007_s0.003_gtr/c0.007_s0.003_gtr_base-snps-concat_phylo	phylo	0.2	nonrandom_weighted	13	0.99990625
simulation/sim_c0.007_s0.003/c0.007_s0.003_gtr/c0.007_s0.003_gtr_base-snps-concat_phylo	phylo	0.2	nonrandom_weighted	14	0.9998750819774523
simulation/sim_c0.007_s0.003/c0.007_s0.003_gtr/c0.007_s0.003_gtr_base-snps-concat_phylo	phylo	0.2	nonrandom_weighted	15	0.99975
simulation/sim_c0.007_s0.003/c0.007_s0.003_gtr/c0.007_s0.003_gtr_base-snps-concat_phylo	phylo	0.2	nonrandom_weighted	16	0.999875
simulation/sim_c0.007_s0.003/c0.007_s0.003_gtr/c0.007_s0.003_gtr_base-snps-concat_phylo	phylo	0.2	nonrandom_weighted	17	0.9997500078122559
simulation/sim_c0.007_s0.003/c0.007_s0.003_gtr/c0.007_s0.003_gtr_base-snps-concat_phylo	phylo	0.2	nonrandom_weighted	18	0.9996878316788412
simulation/sim_c0.007_s0.003/c0.007_s0.003_gtr/c0.007_s0.003_gtr_base-snps-concat_phylo	phylo	0.2	nonrandom_weighted	19	0.9997812568357238
simulation/sim_c0.007_s0.003/c0.007_s0.003_gtr/c0.007_s0.003_gtr_base-snps-concat_phylo	phylo	0.2	nonrandom_weighted	20	1.0
