simulation/sim_c0.007_s0.003/c0.007_s0.003_gtr/c0.007_s0.003_gtr_base-snps-concat_nmf	nmf	0.2	random	1	0.9712710663096551
simulation/sim_c0.007_s0.003/c0.007_s0.003_gtr/c0.007_s0.003_gtr_base-snps-concat_nmf	nmf	0.2	random	2	0.9752392907578848
simulation/sim_c0.007_s0.003/c0.007_s0.003_gtr/c0.007_s0.003_gtr_base-snps-concat_nmf	nmf	0.2	random	3	0.9739492119089317
simulation/sim_c0.007_s0.003/c0.007_s0.003_gtr/c0.007_s0.003_gtr_base-snps-concat_nmf	nmf	0.2	random	4	0.9730753576907423
simulation/sim_c0.007_s0.003/c0.007_s0.003_gtr/c0.007_s0.003_gtr_base-snps-concat_nmf	nmf	0.2	random	5	0.9742545727887747
simulation/sim_c0.007_s0.003/c0.007_s0.003_gtr/c0.007_s0.003_gtr_base-snps-concat_nmf	nmf	0.2	random	6	0.968665062951045
simulation/sim_c0.007_s0.003/c0.007_s0.003_gtr/c0.007_s0.003_gtr_base-snps-concat_nmf	nmf	0.2	random	7	0.9757972665148064
simulation/sim_c0.007_s0.003/c0.007_s0.003_gtr/c0.007_s0.003_gtr_base-snps-concat_nmf	nmf	0.2	random	8	0.9727997989823481
simulation/sim_c0.007_s0.003/c0.007_s0.003_gtr/c0.007_s0.003_gtr_base-snps-concat_nmf	nmf	0.2	random	9	0.9725879226157365
simulation/sim_c0.007_s0.003/c0.007_s0.003_gtr/c0.007_s0.003_gtr_base-snps-concat_nmf	nmf	0.2	random	10	0.9764047064745486
simulation/sim_c0.007_s0.003/c0.007_s0.003_gtr/c0.007_s0.003_gtr_base-snps-concat_nmf	nmf	0.2	random	11	0.9757050841098117
simulation/sim_c0.007_s0.003/c0.007_s0.003_gtr/c0.007_s0.003_gtr_base-snps-concat_nmf	nmf	0.2	random	12	0.9752247314185486
simulation/sim_c0.007_s0.003/c0.007_s0.003_gtr/c0.007_s0.003_gtr_base-snps-concat_nmf	nmf	0.2	random	13	0.9738774224042855
simulation/sim_c0.007_s0.003/c0.007_s0.003_gtr/c0.007_s0.003_gtr_base-snps-concat_nmf	nmf	0.2	random	14	0.9752020061298412
simulation/sim_c0.007_s0.003/c0.007_s0.003_gtr/c0.007_s0.003_gtr_base-snps-concat_nmf	nmf	0.2	random	15	0.9722566646001239
simulation/sim_c0.007_s0.003/c0.007_s0.003_gtr/c0.007_s0.003_gtr_base-snps-concat_nmf	nmf	0.2	random	16	0.9749914032948827
simulation/sim_c0.007_s0.003/c0.007_s0.003_gtr/c0.007_s0.003_gtr_base-snps-concat_nmf	nmf	0.2	random	17	0.9748905565978737
simulation/sim_c0.007_s0.003/c0.007_s0.003_gtr/c0.007_s0.003_gtr_base-snps-concat_nmf	nmf	0.2	random	18	0.973802535439955
simulation/sim_c0.007_s0.003/c0.007_s0.003_gtr/c0.007_s0.003_gtr_base-snps-concat_nmf	nmf	0.2	random	19	0.975158198107888
simulation/sim_c0.007_s0.003/c0.007_s0.003_gtr/c0.007_s0.003_gtr_base-snps-concat_nmf	nmf	0.2	random	20	0.9735195144195994
simulation/sim_c0.007_s0.003/c0.007_s0.003_gtr/c0.007_s0.003_gtr_base-snps-concat_nmf	nmf	0.2	nonrandom	1	0.9712508984094247
simulation/sim_c0.007_s0.003/c0.007_s0.003_gtr/c0.007_s0.003_gtr_base-snps-concat_nmf	nmf	0.2	nonrandom	2	0.9710009062216806
simulation/sim_c0.007_s0.003/c0.007_s0.003_gtr/c0.007_s0.003_gtr_base-snps-concat_nmf	nmf	0.2	nonrandom	3	0.9705
simulation/sim_c0.007_s0.003/c0.007_s0.003_gtr/c0.007_s0.003_gtr_base-snps-concat_nmf	nmf	0.2	nonrandom	4	0.9704238108623006
simulation/sim_c0.007_s0.003/c0.007_s0.003_gtr/c0.007_s0.003_gtr_base-snps-concat_nmf	nmf	0.2	nonrandom	5	0.97028125
simulation/sim_c0.007_s0.003/c0.007_s0.003_gtr/c0.007_s0.003_gtr_base-snps-concat_nmf	nmf	0.2	nonrandom	6	0.9690322177431955
simulation/sim_c0.007_s0.003/c0.007_s0.003_gtr/c0.007_s0.003_gtr_base-snps-concat_nmf	nmf	0.2	nonrandom	7	0.96978125
simulation/sim_c0.007_s0.003/c0.007_s0.003_gtr/c0.007_s0.003_gtr_base-snps-concat_nmf	nmf	0.2	nonrandom	8	0.9725650720244977
simulation/sim_c0.007_s0.003/c0.007_s0.003_gtr/c0.007_s0.003_gtr_base-snps-concat_nmf	nmf	0.2	nonrandom	9	0.9691884628605356
simulation/sim_c0.007_s0.003/c0.007_s0.003_gtr/c0.007_s0.003_gtr_base-snps-concat_nmf	nmf	0.2	nonrandom	10	0.9732820849348458
simulation/sim_c0.007_s0.003/c0.007_s0.003_gtr/c0.007_s0.003_gtr_base-snps-concat_nmf	nmf	0.2	nonrandom	11	0.970282503511784
simulation/sim_c0.007_s0.003/c0.007_s0.003_gtr/c0.007_s0.003_gtr_base-snps-concat_nmf	nmf	0.2	nonrandom	12	0.9702583648348901
simulation/sim_c0.007_s0.003/c0.007_s0.003_gtr/c0.007_s0.003_gtr_base-snps-concat_nmf	nmf	0.2	nonrandom	13	0.971750882784913
simulation/sim_c0.007_s0.003/c0.007_s0.003_gtr/c0.007_s0.003_gtr_base-snps-concat_nmf	nmf	0.2	nonrandom	14	0.9655635761382457
simulation/sim_c0.007_s0.003/c0.007_s0.003_gtr/c0.007_s0.003_gtr_base-snps-concat_nmf	nmf	0.2	nonrandom	15	0.9674072685228586
simulation/sim_c0.007_s0.003/c0.007_s0.003_gtr/c0.007_s0.003_gtr_base-snps-concat_nmf	nmf	0.2	nonrandom	16	0.9709098862642169
simulation/sim_c0.007_s0.003/c0.007_s0.003_gtr/c0.007_s0.003_gtr_base-snps-concat_nmf	nmf	0.2	nonrandom	17	0.9667822880534983
simulation/sim_c0.007_s0.003/c0.007_s0.003_gtr/c0.007_s0.003_gtr_base-snps-concat_nmf	nmf	0.2	nonrandom	18	0.9706506806544274
simulation/sim_c0.007_s0.003/c0.007_s0.003_gtr/c0.007_s0.003_gtr_base-snps-concat_nmf	nmf	0.2	nonrandom	19	0.9691755153029357
simulation/sim_c0.007_s0.003/c0.007_s0.003_gtr/c0.007_s0.003_gtr_base-snps-concat_nmf	nmf	0.2	nonrandom	20	0.968157245086091
simulation/sim_c0.007_s0.003/c0.007_s0.003_gtr/c0.007_s0.003_gtr_base-snps-concat_nmf	nmf	0.2	nonrandom_weighted	1	0.9687949022302742
simulation/sim_c0.007_s0.003/c0.007_s0.003_gtr/c0.007_s0.003_gtr_base-snps-concat_nmf	nmf	0.2	nonrandom_weighted	2	0.9738758163807381
simulation/sim_c0.007_s0.003/c0.007_s0.003_gtr/c0.007_s0.003_gtr_base-snps-concat_nmf	nmf	0.2	nonrandom_weighted	3	0.9726044494367999
simulation/sim_c0.007_s0.003/c0.007_s0.003_gtr/c0.007_s0.003_gtr_base-snps-concat_nmf	nmf	0.2	nonrandom_weighted	4	0.9701124297314179
simulation/sim_c0.007_s0.003/c0.007_s0.003_gtr/c0.007_s0.003_gtr_base-snps-concat_nmf	nmf	0.2	nonrandom_weighted	5	0.9700280986575086
simulation/sim_c0.007_s0.003/c0.007_s0.003_gtr/c0.007_s0.003_gtr_base-snps-concat_nmf	nmf	0.2	nonrandom_weighted	6	0.9703449352270954
simulation/sim_c0.007_s0.003/c0.007_s0.003_gtr/c0.007_s0.003_gtr_base-snps-concat_nmf	nmf	0.2	nonrandom_weighted	7	0.9716258866910409
simulation/sim_c0.007_s0.003/c0.007_s0.003_gtr/c0.007_s0.003_gtr_base-snps-concat_nmf	nmf	0.2	nonrandom_weighted	8	0.9655635761382457
simulation/sim_c0.007_s0.003/c0.007_s0.003_gtr/c0.007_s0.003_gtr_base-snps-concat_nmf	nmf	0.2	nonrandom_weighted	9	0.97340625
simulation/sim_c0.007_s0.003/c0.007_s0.003_gtr/c0.007_s0.003_gtr_base-snps-concat_nmf	nmf	0.2	nonrandom_weighted	10	0.9723125
simulation/sim_c0.007_s0.003/c0.007_s0.003_gtr/c0.007_s0.003_gtr_base-snps-concat_nmf	nmf	0.2	nonrandom_weighted	11	0.9666885409830943
simulation/sim_c0.007_s0.003/c0.007_s0.003_gtr/c0.007_s0.003_gtr_base-snps-concat_nmf	nmf	0.2	nonrandom_weighted	12	0.9683878424390091
simulation/sim_c0.007_s0.003/c0.007_s0.003_gtr/c0.007_s0.003_gtr_base-snps-concat_nmf	nmf	0.2	nonrandom_weighted	13	0.9702419984387197
simulation/sim_c0.007_s0.003/c0.007_s0.003_gtr/c0.007_s0.003_gtr_base-snps-concat_nmf	nmf	0.2	nonrandom_weighted	14	0.973625
simulation/sim_c0.007_s0.003/c0.007_s0.003_gtr/c0.007_s0.003_gtr_base-snps-concat_nmf	nmf	0.2	nonrandom_weighted	15	0.9699375
simulation/sim_c0.007_s0.003/c0.007_s0.003_gtr/c0.007_s0.003_gtr_base-snps-concat_nmf	nmf	0.2	nonrandom_weighted	16	0.9703375277109938
simulation/sim_c0.007_s0.003/c0.007_s0.003_gtr/c0.007_s0.003_gtr_base-snps-concat_nmf	nmf	0.2	nonrandom_weighted	17	0.9679323050021857
simulation/sim_c0.007_s0.003/c0.007_s0.003_gtr/c0.007_s0.003_gtr_base-snps-concat_nmf	nmf	0.2	nonrandom_weighted	18	0.96753125
simulation/sim_c0.007_s0.003/c0.007_s0.003_gtr/c0.007_s0.003_gtr_base-snps-concat_nmf	nmf	0.2	nonrandom_weighted	19	0.9705634198931283
simulation/sim_c0.007_s0.003/c0.007_s0.003_gtr/c0.007_s0.003_gtr_base-snps-concat_nmf	nmf	0.2	nonrandom_weighted	20	0.9697859709420403
