simulation/sim_c0.008_s0.002/c0.008_s0.002_gtrgamma/c0.008_s0.002_gtrgamma_base-snps-concat_nmf	nmf	0.2	random	1	0.9748066849588426
simulation/sim_c0.008_s0.002/c0.008_s0.002_gtrgamma/c0.008_s0.002_gtrgamma_base-snps-concat_nmf	nmf	0.2	random	2	0.9734932155254024
simulation/sim_c0.008_s0.002/c0.008_s0.002_gtrgamma/c0.008_s0.002_gtrgamma_base-snps-concat_nmf	nmf	0.2	random	3	0.970183918147009
simulation/sim_c0.008_s0.002/c0.008_s0.002_gtrgamma/c0.008_s0.002_gtrgamma_base-snps-concat_nmf	nmf	0.2	random	4	0.9747404406178779
simulation/sim_c0.008_s0.002/c0.008_s0.002_gtrgamma/c0.008_s0.002_gtrgamma_base-snps-concat_nmf	nmf	0.2	random	5	0.975943104514533
simulation/sim_c0.008_s0.002/c0.008_s0.002_gtrgamma/c0.008_s0.002_gtrgamma_base-snps-concat_nmf	nmf	0.2	random	6	0.9729395008978884
simulation/sim_c0.008_s0.002/c0.008_s0.002_gtrgamma/c0.008_s0.002_gtrgamma_base-snps-concat_nmf	nmf	0.2	random	7	0.9745226956631685
simulation/sim_c0.008_s0.002/c0.008_s0.002_gtrgamma/c0.008_s0.002_gtrgamma_base-snps-concat_nmf	nmf	0.2	random	8	0.9723131135162346
simulation/sim_c0.008_s0.002/c0.008_s0.002_gtrgamma/c0.008_s0.002_gtrgamma_base-snps-concat_nmf	nmf	0.2	random	9	0.9729375818419904
simulation/sim_c0.008_s0.002/c0.008_s0.002_gtrgamma/c0.008_s0.002_gtrgamma_base-snps-concat_nmf	nmf	0.2	random	10	0.9770293824701195
simulation/sim_c0.008_s0.002/c0.008_s0.002_gtrgamma/c0.008_s0.002_gtrgamma_base-snps-concat_nmf	nmf	0.2	random	11	0.9721892381726142
simulation/sim_c0.008_s0.002/c0.008_s0.002_gtrgamma/c0.008_s0.002_gtrgamma_base-snps-concat_nmf	nmf	0.2	random	12	0.97546699875467
simulation/sim_c0.008_s0.002/c0.008_s0.002_gtrgamma/c0.008_s0.002_gtrgamma_base-snps-concat_nmf	nmf	0.2	random	13	0.9751475613544579
simulation/sim_c0.008_s0.002/c0.008_s0.002_gtrgamma/c0.008_s0.002_gtrgamma_base-snps-concat_nmf	nmf	0.2	random	14	0.9733923230309073
simulation/sim_c0.008_s0.002/c0.008_s0.002_gtrgamma/c0.008_s0.002_gtrgamma_base-snps-concat_nmf	nmf	0.2	random	15	0.9738355910187418
simulation/sim_c0.008_s0.002/c0.008_s0.002_gtrgamma/c0.008_s0.002_gtrgamma_base-snps-concat_nmf	nmf	0.2	random	16	0.9751994017946162
simulation/sim_c0.008_s0.002/c0.008_s0.002_gtrgamma/c0.008_s0.002_gtrgamma_base-snps-concat_nmf	nmf	0.2	random	17	0.9708343900583312
simulation/sim_c0.008_s0.002/c0.008_s0.002_gtrgamma/c0.008_s0.002_gtrgamma_base-snps-concat_nmf	nmf	0.2	random	18	0.9755225352981072
simulation/sim_c0.008_s0.002/c0.008_s0.002_gtrgamma/c0.008_s0.002_gtrgamma_base-snps-concat_nmf	nmf	0.2	random	19	0.9759454511017109
simulation/sim_c0.008_s0.002/c0.008_s0.002_gtrgamma/c0.008_s0.002_gtrgamma_base-snps-concat_nmf	nmf	0.2	random	20	0.972420204524326
simulation/sim_c0.008_s0.002/c0.008_s0.002_gtrgamma/c0.008_s0.002_gtrgamma_base-snps-concat_nmf	nmf	0.2	nonrandom	1	0.9686875
simulation/sim_c0.008_s0.002/c0.008_s0.002_gtrgamma/c0.008_s0.002_gtrgamma_base-snps-concat_nmf	nmf	0.2	nonrandom	2	0.968416453404906
simulation/sim_c0.008_s0.002/c0.008_s0.002_gtrgamma/c0.008_s0.002_gtrgamma_base-snps-concat_nmf	nmf	0.2	nonrandom	3	0.9741266170864321
simulation/sim_c0.008_s0.002/c0.008_s0.002_gtrgamma/c0.008_s0.002_gtrgamma_base-snps-concat_nmf	nmf	0.2	nonrandom	4	0.9767514530341853
simulation/sim_c0.008_s0.002/c0.008_s0.002_gtrgamma/c0.008_s0.002_gtrgamma_base-snps-concat_nmf	nmf	0.2	nonrandom	5	0.9682519842509844
simulation/sim_c0.008_s0.002/c0.008_s0.002_gtrgamma/c0.008_s0.002_gtrgamma_base-snps-concat_nmf	nmf	0.2	nonrandom	6	0.9753734608413026
simulation/sim_c0.008_s0.002/c0.008_s0.002_gtrgamma/c0.008_s0.002_gtrgamma_base-snps-concat_nmf	nmf	0.2	nonrandom	7	0.9727568107973007
simulation/sim_c0.008_s0.002/c0.008_s0.002_gtrgamma/c0.008_s0.002_gtrgamma_base-snps-concat_nmf	nmf	0.2	nonrandom	8	0.9732483280205013
simulation/sim_c0.008_s0.002/c0.008_s0.002_gtrgamma/c0.008_s0.002_gtrgamma_base-snps-concat_nmf	nmf	0.2	nonrandom	9	0.9685
simulation/sim_c0.008_s0.002/c0.008_s0.002_gtrgamma/c0.008_s0.002_gtrgamma_base-snps-concat_nmf	nmf	0.2	nonrandom	10	0.9718792866941015
simulation/sim_c0.008_s0.002/c0.008_s0.002_gtrgamma/c0.008_s0.002_gtrgamma_base-snps-concat_nmf	nmf	0.2	nonrandom	11	0.974564089744391
simulation/sim_c0.008_s0.002/c0.008_s0.002_gtrgamma/c0.008_s0.002_gtrgamma_base-snps-concat_nmf	nmf	0.2	nonrandom	12	0.975220023718869
simulation/sim_c0.008_s0.002/c0.008_s0.002_gtrgamma/c0.008_s0.002_gtrgamma_base-snps-concat_nmf	nmf	0.2	nonrandom	13	0.9762514842822324
simulation/sim_c0.008_s0.002/c0.008_s0.002_gtrgamma/c0.008_s0.002_gtrgamma_base-snps-concat_nmf	nmf	0.2	nonrandom	14	0.969827317498909
simulation/sim_c0.008_s0.002/c0.008_s0.002_gtrgamma/c0.008_s0.002_gtrgamma_base-snps-concat_nmf	nmf	0.2	nonrandom	15	0.9703106444152759
simulation/sim_c0.008_s0.002/c0.008_s0.002_gtrgamma/c0.008_s0.002_gtrgamma_base-snps-concat_nmf	nmf	0.2	nonrandom	16	0.9690644334729079
simulation/sim_c0.008_s0.002/c0.008_s0.002_gtrgamma/c0.008_s0.002_gtrgamma_base-snps-concat_nmf	nmf	0.2	nonrandom	17	0.9714982186386649
simulation/sim_c0.008_s0.002/c0.008_s0.002_gtrgamma/c0.008_s0.002_gtrgamma_base-snps-concat_nmf	nmf	0.2	nonrandom	18	0.964987829994383
simulation/sim_c0.008_s0.002/c0.008_s0.002_gtrgamma/c0.008_s0.002_gtrgamma_base-snps-concat_nmf	nmf	0.2	nonrandom	19	0.9684828059664232
simulation/sim_c0.008_s0.002/c0.008_s0.002_gtrgamma/c0.008_s0.002_gtrgamma_base-snps-concat_nmf	nmf	0.2	nonrandom	20	0.9734375
simulation/sim_c0.008_s0.002/c0.008_s0.002_gtrgamma/c0.008_s0.002_gtrgamma_base-snps-concat_nmf	nmf	0.2	nonrandom_weighted	1	0.9729223858248066
simulation/sim_c0.008_s0.002/c0.008_s0.002_gtrgamma/c0.008_s0.002_gtrgamma_base-snps-concat_nmf	nmf	0.2	nonrandom_weighted	2	0.9729358084880305
simulation/sim_c0.008_s0.002/c0.008_s0.002_gtrgamma/c0.008_s0.002_gtrgamma_base-snps-concat_nmf	nmf	0.2	nonrandom_weighted	3	0.9718011104872418
simulation/sim_c0.008_s0.002/c0.008_s0.002_gtrgamma/c0.008_s0.002_gtrgamma_base-snps-concat_nmf	nmf	0.2	nonrandom_weighted	4	0.9748109256828552
simulation/sim_c0.008_s0.002/c0.008_s0.002_gtrgamma/c0.008_s0.002_gtrgamma_base-snps-concat_nmf	nmf	0.2	nonrandom_weighted	5	0.9755305867665418
simulation/sim_c0.008_s0.002/c0.008_s0.002_gtrgamma/c0.008_s0.002_gtrgamma_base-snps-concat_nmf	nmf	0.2	nonrandom_weighted	6	0.9711274632077825
simulation/sim_c0.008_s0.002/c0.008_s0.002_gtrgamma/c0.008_s0.002_gtrgamma_base-snps-concat_nmf	nmf	0.2	nonrandom_weighted	7	0.9723453399088582
simulation/sim_c0.008_s0.002/c0.008_s0.002_gtrgamma/c0.008_s0.002_gtrgamma_base-snps-concat_nmf	nmf	0.2	nonrandom_weighted	8	0.9714820592823713
simulation/sim_c0.008_s0.002/c0.008_s0.002_gtrgamma/c0.008_s0.002_gtrgamma_base-snps-concat_nmf	nmf	0.2	nonrandom_weighted	9	0.9661853865866616
simulation/sim_c0.008_s0.002/c0.008_s0.002_gtrgamma/c0.008_s0.002_gtrgamma_base-snps-concat_nmf	nmf	0.2	nonrandom_weighted	10	0.9730608163010188
simulation/sim_c0.008_s0.002/c0.008_s0.002_gtrgamma/c0.008_s0.002_gtrgamma_base-snps-concat_nmf	nmf	0.2	nonrandom_weighted	11	0.9703768514467845
simulation/sim_c0.008_s0.002/c0.008_s0.002_gtrgamma/c0.008_s0.002_gtrgamma_base-snps-concat_nmf	nmf	0.2	nonrandom_weighted	12	0.9734983436464779
simulation/sim_c0.008_s0.002/c0.008_s0.002_gtrgamma/c0.008_s0.002_gtrgamma_base-snps-concat_nmf	nmf	0.2	nonrandom_weighted	13	0.9736858553659604
simulation/sim_c0.008_s0.002/c0.008_s0.002_gtrgamma/c0.008_s0.002_gtrgamma_base-snps-concat_nmf	nmf	0.2	nonrandom_weighted	14	0.9694394100368727
simulation/sim_c0.008_s0.002/c0.008_s0.002_gtrgamma/c0.008_s0.002_gtrgamma_base-snps-concat_nmf	nmf	0.2	nonrandom_weighted	15	0.9690348358097141
simulation/sim_c0.008_s0.002/c0.008_s0.002_gtrgamma/c0.008_s0.002_gtrgamma_base-snps-concat_nmf	nmf	0.2	nonrandom_weighted	16	0.9700980086147699
simulation/sim_c0.008_s0.002/c0.008_s0.002_gtrgamma/c0.008_s0.002_gtrgamma_base-snps-concat_nmf	nmf	0.2	nonrandom_weighted	17	0.9708731795737233
simulation/sim_c0.008_s0.002/c0.008_s0.002_gtrgamma/c0.008_s0.002_gtrgamma_base-snps-concat_nmf	nmf	0.2	nonrandom_weighted	18	0.9698731170698168
simulation/sim_c0.008_s0.002/c0.008_s0.002_gtrgamma/c0.008_s0.002_gtrgamma_base-snps-concat_nmf	nmf	0.2	nonrandom_weighted	19	0.970564339728767
simulation/sim_c0.008_s0.002/c0.008_s0.002_gtrgamma/c0.008_s0.002_gtrgamma_base-snps-concat_nmf	nmf	0.2	nonrandom_weighted	20	0.9683730233139571
