simulation/sim_c0.008_s0.002/c0.008_s0.002_gtrgamma/c0.008_s0.002_gtrgamma_base-snps-concat_popWrong	population2	0.2	random	1	0.9713079652514377
simulation/sim_c0.008_s0.002/c0.008_s0.002_gtrgamma/c0.008_s0.002_gtrgamma_base-snps-concat_popWrong	population2	0.2	random	2	0.9724517906336089
simulation/sim_c0.008_s0.002/c0.008_s0.002_gtrgamma/c0.008_s0.002_gtrgamma_base-snps-concat_popWrong	population2	0.2	random	3	0.9715444617784711
simulation/sim_c0.008_s0.002/c0.008_s0.002_gtrgamma/c0.008_s0.002_gtrgamma_base-snps-concat_popWrong	population2	0.2	random	4	0.9711610486891386
simulation/sim_c0.008_s0.002/c0.008_s0.002_gtrgamma/c0.008_s0.002_gtrgamma_base-snps-concat_popWrong	population2	0.2	random	5	0.9710710524685622
simulation/sim_c0.008_s0.002/c0.008_s0.002_gtrgamma/c0.008_s0.002_gtrgamma_base-snps-concat_popWrong	population2	0.2	random	6	0.9699869508481949
simulation/sim_c0.008_s0.002/c0.008_s0.002_gtrgamma/c0.008_s0.002_gtrgamma_base-snps-concat_popWrong	population2	0.2	random	7	0.9713371801304566
simulation/sim_c0.008_s0.002/c0.008_s0.002_gtrgamma/c0.008_s0.002_gtrgamma_base-snps-concat_popWrong	population2	0.2	random	8	0.9708707778122094
simulation/sim_c0.008_s0.002/c0.008_s0.002_gtrgamma/c0.008_s0.002_gtrgamma_base-snps-concat_popWrong	population2	0.2	random	9	0.9718465699532826
simulation/sim_c0.008_s0.002/c0.008_s0.002_gtrgamma/c0.008_s0.002_gtrgamma_base-snps-concat_popWrong	population2	0.2	random	10	0.9714894416943417
simulation/sim_c0.008_s0.002/c0.008_s0.002_gtrgamma/c0.008_s0.002_gtrgamma_base-snps-concat_popWrong	population2	0.2	random	11	0.9720428759480976
simulation/sim_c0.008_s0.002/c0.008_s0.002_gtrgamma/c0.008_s0.002_gtrgamma_base-snps-concat_popWrong	population2	0.2	random	12	0.9708093209721874
simulation/sim_c0.008_s0.002/c0.008_s0.002_gtrgamma/c0.008_s0.002_gtrgamma_base-snps-concat_popWrong	population2	0.2	random	13	0.9705257899338079
simulation/sim_c0.008_s0.002/c0.008_s0.002_gtrgamma/c0.008_s0.002_gtrgamma_base-snps-concat_popWrong	population2	0.2	random	14	0.9719972373956175
simulation/sim_c0.008_s0.002/c0.008_s0.002_gtrgamma/c0.008_s0.002_gtrgamma_base-snps-concat_popWrong	population2	0.2	random	15	0.9709818636647904
simulation/sim_c0.008_s0.002/c0.008_s0.002_gtrgamma/c0.008_s0.002_gtrgamma_base-snps-concat_popWrong	population2	0.2	random	16	0.971647557328016
simulation/sim_c0.008_s0.002/c0.008_s0.002_gtrgamma/c0.008_s0.002_gtrgamma_base-snps-concat_popWrong	population2	0.2	random	17	0.9708573577337679
simulation/sim_c0.008_s0.002/c0.008_s0.002_gtrgamma/c0.008_s0.002_gtrgamma_base-snps-concat_popWrong	population2	0.2	random	18	0.9730894105894106
simulation/sim_c0.008_s0.002/c0.008_s0.002_gtrgamma/c0.008_s0.002_gtrgamma_base-snps-concat_popWrong	population2	0.2	random	19	0.969959739857541
simulation/sim_c0.008_s0.002/c0.008_s0.002_gtrgamma/c0.008_s0.002_gtrgamma_base-snps-concat_popWrong	population2	0.2	random	20	0.9723050173869846
simulation/sim_c0.008_s0.002/c0.008_s0.002_gtrgamma/c0.008_s0.002_gtrgamma_base-snps-concat_popWrong	population2	0.2	nonrandom	1	0.9720694826293427
simulation/sim_c0.008_s0.002/c0.008_s0.002_gtrgamma/c0.008_s0.002_gtrgamma_base-snps-concat_popWrong	population2	0.2	nonrandom	2	0.9703143553527904
simulation/sim_c0.008_s0.002/c0.008_s0.002_gtrgamma/c0.008_s0.002_gtrgamma_base-snps-concat_popWrong	population2	0.2	nonrandom	3	0.9723107694230889
simulation/sim_c0.008_s0.002/c0.008_s0.002_gtrgamma/c0.008_s0.002_gtrgamma_base-snps-concat_popWrong	population2	0.2	nonrandom	4	0.9743141053684145
simulation/sim_c0.008_s0.002/c0.008_s0.002_gtrgamma/c0.008_s0.002_gtrgamma_base-snps-concat_popWrong	population2	0.2	nonrandom	5	0.9689394412849197
simulation/sim_c0.008_s0.002/c0.008_s0.002_gtrgamma/c0.008_s0.002_gtrgamma_base-snps-concat_popWrong	population2	0.2	nonrandom	6	0.9692519217548903
simulation/sim_c0.008_s0.002/c0.008_s0.002_gtrgamma/c0.008_s0.002_gtrgamma_base-snps-concat_popWrong	population2	0.2	nonrandom	7	0.9731266795825261
simulation/sim_c0.008_s0.002/c0.008_s0.002_gtrgamma/c0.008_s0.002_gtrgamma_base-snps-concat_popWrong	population2	0.2	nonrandom	8	0.9747364481317448
simulation/sim_c0.008_s0.002/c0.008_s0.002_gtrgamma/c0.008_s0.002_gtrgamma_base-snps-concat_popWrong	population2	0.2	nonrandom	9	0.9717581047381546
simulation/sim_c0.008_s0.002/c0.008_s0.002_gtrgamma/c0.008_s0.002_gtrgamma_base-snps-concat_popWrong	population2	0.2	nonrandom	10	0.9725017186425848
simulation/sim_c0.008_s0.002/c0.008_s0.002_gtrgamma/c0.008_s0.002_gtrgamma_base-snps-concat_popWrong	population2	0.2	nonrandom	11	0.9715642772326729
simulation/sim_c0.008_s0.002/c0.008_s0.002_gtrgamma/c0.008_s0.002_gtrgamma_base-snps-concat_popWrong	population2	0.2	nonrandom	12	0.9688144490969315
simulation/sim_c0.008_s0.002/c0.008_s0.002_gtrgamma/c0.008_s0.002_gtrgamma_base-snps-concat_popWrong	population2	0.2	nonrandom	13	0.9718617419515847
simulation/sim_c0.008_s0.002/c0.008_s0.002_gtrgamma/c0.008_s0.002_gtrgamma_base-snps-concat_popWrong	population2	0.2	nonrandom	14	0.9673133304223068
simulation/sim_c0.008_s0.002/c0.008_s0.002_gtrgamma/c0.008_s0.002_gtrgamma_base-snps-concat_popWrong	population2	0.2	nonrandom	15	0.9712517967627023
simulation/sim_c0.008_s0.002/c0.008_s0.002_gtrgamma/c0.008_s0.002_gtrgamma_base-snps-concat_popWrong	population2	0.2	nonrandom	16	0.9645929435232514
simulation/sim_c0.008_s0.002/c0.008_s0.002_gtrgamma/c0.008_s0.002_gtrgamma_base-snps-concat_popWrong	population2	0.2	nonrandom	17	0.9733733358334896
simulation/sim_c0.008_s0.002/c0.008_s0.002_gtrgamma/c0.008_s0.002_gtrgamma_base-snps-concat_popWrong	population2	0.2	nonrandom	18	0.9688298734492862
simulation/sim_c0.008_s0.002/c0.008_s0.002_gtrgamma/c0.008_s0.002_gtrgamma_base-snps-concat_popWrong	population2	0.2	nonrandom	19	0.9747380239520959
simulation/sim_c0.008_s0.002/c0.008_s0.002_gtrgamma/c0.008_s0.002_gtrgamma_base-snps-concat_popWrong	population2	0.2	nonrandom	20	0.9695
simulation/sim_c0.008_s0.002/c0.008_s0.002_gtrgamma/c0.008_s0.002_gtrgamma_base-snps-concat_popWrong	population2	0.2	nonrandom_weighted	1	0.9738766327104555
simulation/sim_c0.008_s0.002/c0.008_s0.002_gtrgamma/c0.008_s0.002_gtrgamma_base-snps-concat_popWrong	population2	0.2	nonrandom_weighted	2	0.9747515780263734
simulation/sim_c0.008_s0.002/c0.008_s0.002_gtrgamma/c0.008_s0.002_gtrgamma_base-snps-concat_popWrong	population2	0.2	nonrandom_weighted	3	0.9732710280373832
simulation/sim_c0.008_s0.002/c0.008_s0.002_gtrgamma/c0.008_s0.002_gtrgamma_base-snps-concat_popWrong	population2	0.2	nonrandom_weighted	4	0.9715642772326729
simulation/sim_c0.008_s0.002/c0.008_s0.002_gtrgamma/c0.008_s0.002_gtrgamma_base-snps-concat_popWrong	population2	0.2	nonrandom_weighted	5	0.966747921745109
simulation/sim_c0.008_s0.002/c0.008_s0.002_gtrgamma/c0.008_s0.002_gtrgamma_base-snps-concat_popWrong	population2	0.2	nonrandom_weighted	6	0.9719392537966377
simulation/sim_c0.008_s0.002/c0.008_s0.002_gtrgamma/c0.008_s0.002_gtrgamma_base-snps-concat_popWrong	population2	0.2	nonrandom_weighted	7	0.9716267733266671
simulation/sim_c0.008_s0.002/c0.008_s0.002_gtrgamma/c0.008_s0.002_gtrgamma_base-snps-concat_popWrong	population2	0.2	nonrandom_weighted	8	0.9698915347213565
simulation/sim_c0.008_s0.002/c0.008_s0.002_gtrgamma/c0.008_s0.002_gtrgamma_base-snps-concat_popWrong	population2	0.2	nonrandom_weighted	9	0.971935745984124
simulation/sim_c0.008_s0.002/c0.008_s0.002_gtrgamma/c0.008_s0.002_gtrgamma_base-snps-concat_popWrong	population2	0.2	nonrandom_weighted	10	0.9718732420776298
simulation/sim_c0.008_s0.002/c0.008_s0.002_gtrgamma/c0.008_s0.002_gtrgamma_base-snps-concat_popWrong	population2	0.2	nonrandom_weighted	11	0.9686230389399337
simulation/sim_c0.008_s0.002/c0.008_s0.002_gtrgamma/c0.008_s0.002_gtrgamma_base-snps-concat_popWrong	population2	0.2	nonrandom_weighted	12	0.9685019686269608
simulation/sim_c0.008_s0.002/c0.008_s0.002_gtrgamma/c0.008_s0.002_gtrgamma_base-snps-concat_popWrong	population2	0.2	nonrandom_weighted	13	0.9736891444284732
simulation/sim_c0.008_s0.002/c0.008_s0.002_gtrgamma/c0.008_s0.002_gtrgamma_base-snps-concat_popWrong	population2	0.2	nonrandom_weighted	14	0.9727335121981656
simulation/sim_c0.008_s0.002/c0.008_s0.002_gtrgamma/c0.008_s0.002_gtrgamma_base-snps-concat_popWrong	population2	0.2	nonrandom_weighted	15	0.96625
simulation/sim_c0.008_s0.002/c0.008_s0.002_gtrgamma/c0.008_s0.002_gtrgamma_base-snps-concat_popWrong	population2	0.2	nonrandom_weighted	16	0.967703648175912
simulation/sim_c0.008_s0.002/c0.008_s0.002_gtrgamma/c0.008_s0.002_gtrgamma_base-snps-concat_popWrong	population2	0.2	nonrandom_weighted	17	0.9735016561464909
simulation/sim_c0.008_s0.002/c0.008_s0.002_gtrgamma/c0.008_s0.002_gtrgamma_base-snps-concat_popWrong	population2	0.2	nonrandom_weighted	18	0.9716892694206613
simulation/sim_c0.008_s0.002/c0.008_s0.002_gtrgamma/c0.008_s0.002_gtrgamma_base-snps-concat_popWrong	population2	0.2	nonrandom_weighted	19	0.9689375
simulation/sim_c0.008_s0.002/c0.008_s0.002_gtrgamma/c0.008_s0.002_gtrgamma_base-snps-concat_popWrong	population2	0.2	nonrandom_weighted	20	0.9695019061308668
