simulation/sim_c0.008_s0.002/c0.008_s0.002_gtrgamma/c0.008_s0.002_gtrgamma_base-snps-concat_pop	population	0.2	random	1	0.9720663424367129
simulation/sim_c0.008_s0.002/c0.008_s0.002_gtrgamma/c0.008_s0.002_gtrgamma_base-snps-concat_pop	population	0.2	random	2	0.9720872274143302
simulation/sim_c0.008_s0.002/c0.008_s0.002_gtrgamma/c0.008_s0.002_gtrgamma_base-snps-concat_pop	population	0.2	random	3	0.9736222910216719
simulation/sim_c0.008_s0.002/c0.008_s0.002_gtrgamma/c0.008_s0.002_gtrgamma_base-snps-concat_pop	population	0.2	random	4	0.9722688553130635
simulation/sim_c0.008_s0.002/c0.008_s0.002_gtrgamma/c0.008_s0.002_gtrgamma_base-snps-concat_pop	population	0.2	random	5	0.973882945248584
simulation/sim_c0.008_s0.002/c0.008_s0.002_gtrgamma/c0.008_s0.002_gtrgamma_base-snps-concat_pop	population	0.2	random	6	0.9734359483614697
simulation/sim_c0.008_s0.002/c0.008_s0.002_gtrgamma/c0.008_s0.002_gtrgamma_base-snps-concat_pop	population	0.2	random	7	0.9700519184500443
simulation/sim_c0.008_s0.002/c0.008_s0.002_gtrgamma/c0.008_s0.002_gtrgamma_base-snps-concat_pop	population	0.2	random	8	0.9717714356774234
simulation/sim_c0.008_s0.002/c0.008_s0.002_gtrgamma/c0.008_s0.002_gtrgamma_base-snps-concat_pop	population	0.2	random	9	0.9727546035325065
simulation/sim_c0.008_s0.002/c0.008_s0.002_gtrgamma/c0.008_s0.002_gtrgamma_base-snps-concat_pop	population	0.2	random	10	0.9723680050584887
simulation/sim_c0.008_s0.002/c0.008_s0.002_gtrgamma/c0.008_s0.002_gtrgamma_base-snps-concat_pop	population	0.2	random	11	0.9716201949947215
simulation/sim_c0.008_s0.002/c0.008_s0.002_gtrgamma/c0.008_s0.002_gtrgamma_base-snps-concat_pop	population	0.2	random	12	0.9716910386201725
simulation/sim_c0.008_s0.002/c0.008_s0.002_gtrgamma/c0.008_s0.002_gtrgamma_base-snps-concat_pop	population	0.2	random	13	0.9726966712380003
simulation/sim_c0.008_s0.002/c0.008_s0.002_gtrgamma/c0.008_s0.002_gtrgamma_base-snps-concat_pop	population	0.2	random	14	0.970628671416073
simulation/sim_c0.008_s0.002/c0.008_s0.002_gtrgamma/c0.008_s0.002_gtrgamma_base-snps-concat_pop	population	0.2	random	15	0.9723092344317754
simulation/sim_c0.008_s0.002/c0.008_s0.002_gtrgamma/c0.008_s0.002_gtrgamma_base-snps-concat_pop	population	0.2	random	16	0.9731598466276951
simulation/sim_c0.008_s0.002/c0.008_s0.002_gtrgamma/c0.008_s0.002_gtrgamma_base-snps-concat_pop	population	0.2	random	17	0.9714802795806291
simulation/sim_c0.008_s0.002/c0.008_s0.002_gtrgamma/c0.008_s0.002_gtrgamma_base-snps-concat_pop	population	0.2	random	18	0.9711375212224108
simulation/sim_c0.008_s0.002/c0.008_s0.002_gtrgamma/c0.008_s0.002_gtrgamma_base-snps-concat_pop	population	0.2	random	19	0.9724552397646175
simulation/sim_c0.008_s0.002/c0.008_s0.002_gtrgamma/c0.008_s0.002_gtrgamma_base-snps-concat_pop	population	0.2	random	20	0.9723036616555424
simulation/sim_c0.008_s0.002/c0.008_s0.002_gtrgamma/c0.008_s0.002_gtrgamma_base-snps-concat_pop	population	0.2	nonrandom	1	0.9712517967627023
simulation/sim_c0.008_s0.002/c0.008_s0.002_gtrgamma/c0.008_s0.002_gtrgamma_base-snps-concat_pop	population	0.2	nonrandom	2	0.9745238838588823
simulation/sim_c0.008_s0.002/c0.008_s0.002_gtrgamma/c0.008_s0.002_gtrgamma_base-snps-concat_pop	population	0.2	nonrandom	3	0.9718142616086495
simulation/sim_c0.008_s0.002/c0.008_s0.002_gtrgamma/c0.008_s0.002_gtrgamma_base-snps-concat_pop	population	0.2	nonrandom	4	0.9728733045815363
simulation/sim_c0.008_s0.002/c0.008_s0.002_gtrgamma/c0.008_s0.002_gtrgamma_base-snps-concat_pop	population	0.2	nonrandom	5	0.9702061211742661
simulation/sim_c0.008_s0.002/c0.008_s0.002_gtrgamma/c0.008_s0.002_gtrgamma_base-snps-concat_pop	population	0.2	nonrandom	6	0.9663125
simulation/sim_c0.008_s0.002/c0.008_s0.002_gtrgamma/c0.008_s0.002_gtrgamma_base-snps-concat_pop	population	0.2	nonrandom	7	0.9698332396477422
simulation/sim_c0.008_s0.002/c0.008_s0.002_gtrgamma/c0.008_s0.002_gtrgamma_base-snps-concat_pop	population	0.2	nonrandom	8	0.9685
simulation/sim_c0.008_s0.002/c0.008_s0.002_gtrgamma/c0.008_s0.002_gtrgamma_base-snps-concat_pop	population	0.2	nonrandom	9	0.9745015936503969
simulation/sim_c0.008_s0.002/c0.008_s0.002_gtrgamma/c0.008_s0.002_gtrgamma_base-snps-concat_pop	population	0.2	nonrandom	10	0.9771282562632432
simulation/sim_c0.008_s0.002/c0.008_s0.002_gtrgamma/c0.008_s0.002_gtrgamma_base-snps-concat_pop	population	0.2	nonrandom	11	0.965875
simulation/sim_c0.008_s0.002/c0.008_s0.002_gtrgamma/c0.008_s0.002_gtrgamma_base-snps-concat_pop	population	0.2	nonrandom	12	0.9718767577026436
simulation/sim_c0.008_s0.002/c0.008_s0.002_gtrgamma/c0.008_s0.002_gtrgamma_base-snps-concat_pop	population	0.2	nonrandom	13	0.9730625
simulation/sim_c0.008_s0.002/c0.008_s0.002_gtrgamma/c0.008_s0.002_gtrgamma_base-snps-concat_pop	population	0.2	nonrandom	14	0.9733349947043798
simulation/sim_c0.008_s0.002/c0.008_s0.002_gtrgamma/c0.008_s0.002_gtrgamma_base-snps-concat_pop	population	0.2	nonrandom	15	0.9708125
simulation/sim_c0.008_s0.002/c0.008_s0.002_gtrgamma/c0.008_s0.002_gtrgamma_base-snps-concat_pop	population	0.2	nonrandom	16	0.9664395975251546
simulation/sim_c0.008_s0.002/c0.008_s0.002_gtrgamma/c0.008_s0.002_gtrgamma_base-snps-concat_pop	population	0.2	nonrandom	17	0.9714446037782904
simulation/sim_c0.008_s0.002/c0.008_s0.002_gtrgamma/c0.008_s0.002_gtrgamma_base-snps-concat_pop	population	0.2	nonrandom	18	0.9711875
simulation/sim_c0.008_s0.002/c0.008_s0.002_gtrgamma/c0.008_s0.002_gtrgamma_base-snps-concat_pop	population	0.2	nonrandom	19	0.9638727420463779
simulation/sim_c0.008_s0.002/c0.008_s0.002_gtrgamma/c0.008_s0.002_gtrgamma_base-snps-concat_pop	population	0.2	nonrandom	20	0.9682876584056433
simulation/sim_c0.008_s0.002/c0.008_s0.002_gtrgamma/c0.008_s0.002_gtrgamma_base-snps-concat_pop	population	0.2	nonrandom_weighted	1	0.9737893160259611
simulation/sim_c0.008_s0.002/c0.008_s0.002_gtrgamma/c0.008_s0.002_gtrgamma_base-snps-concat_pop	population	0.2	nonrandom_weighted	2	0.9738766327104555
simulation/sim_c0.008_s0.002/c0.008_s0.002_gtrgamma/c0.008_s0.002_gtrgamma_base-snps-concat_pop	population	0.2	nonrandom_weighted	3	0.9653146678332605
simulation/sim_c0.008_s0.002/c0.008_s0.002_gtrgamma/c0.008_s0.002_gtrgamma_base-snps-concat_pop	population	0.2	nonrandom_weighted	4	0.9699412573428321
simulation/sim_c0.008_s0.002/c0.008_s0.002_gtrgamma/c0.008_s0.002_gtrgamma_base-snps-concat_pop	population	0.2	nonrandom_weighted	5	0.9661228826801675
simulation/sim_c0.008_s0.002/c0.008_s0.002_gtrgamma/c0.008_s0.002_gtrgamma_base-snps-concat_pop	population	0.2	nonrandom_weighted	6	0.9726608825915986
simulation/sim_c0.008_s0.002/c0.008_s0.002_gtrgamma/c0.008_s0.002_gtrgamma_base-snps-concat_pop	population	0.2	nonrandom_weighted	7	0.9683144803449785
simulation/sim_c0.008_s0.002/c0.008_s0.002_gtrgamma/c0.008_s0.002_gtrgamma_base-snps-concat_pop	population	0.2	nonrandom_weighted	8	0.9683500842749235
simulation/sim_c0.008_s0.002/c0.008_s0.002_gtrgamma/c0.008_s0.002_gtrgamma_base-snps-concat_pop	population	0.2	nonrandom_weighted	9	0.972577924917234
simulation/sim_c0.008_s0.002/c0.008_s0.002_gtrgamma/c0.008_s0.002_gtrgamma_base-snps-concat_pop	population	0.2	nonrandom_weighted	10	0.97233670538279
simulation/sim_c0.008_s0.002/c0.008_s0.002_gtrgamma/c0.008_s0.002_gtrgamma_base-snps-concat_pop	population	0.2	nonrandom_weighted	11	0.965938864628821
simulation/sim_c0.008_s0.002/c0.008_s0.002_gtrgamma/c0.008_s0.002_gtrgamma_base-snps-concat_pop	population	0.2	nonrandom_weighted	12	0.9727517030185613
simulation/sim_c0.008_s0.002/c0.008_s0.002_gtrgamma/c0.008_s0.002_gtrgamma_base-snps-concat_pop	population	0.2	nonrandom_weighted	13	0.9694394100368727
simulation/sim_c0.008_s0.002/c0.008_s0.002_gtrgamma/c0.008_s0.002_gtrgamma_base-snps-concat_pop	population	0.2	nonrandom_weighted	14	0.9755
simulation/sim_c0.008_s0.002/c0.008_s0.002_gtrgamma/c0.008_s0.002_gtrgamma_base-snps-concat_pop	population	0.2	nonrandom_weighted	15	0.9600649959377539
simulation/sim_c0.008_s0.002/c0.008_s0.002_gtrgamma/c0.008_s0.002_gtrgamma_base-snps-concat_pop	population	0.2	nonrandom_weighted	16	0.9661398138314488
simulation/sim_c0.008_s0.002/c0.008_s0.002_gtrgamma/c0.008_s0.002_gtrgamma_base-snps-concat_pop	population	0.2	nonrandom_weighted	17	0.9723732733295831
simulation/sim_c0.008_s0.002/c0.008_s0.002_gtrgamma/c0.008_s0.002_gtrgamma_base-snps-concat_pop	population	0.2	nonrandom_weighted	18	0.9705955799725309
simulation/sim_c0.008_s0.002/c0.008_s0.002_gtrgamma/c0.008_s0.002_gtrgamma_base-snps-concat_pop	population	0.2	nonrandom_weighted	19	0.9728277843712911
simulation/sim_c0.008_s0.002/c0.008_s0.002_gtrgamma/c0.008_s0.002_gtrgamma_base-snps-concat_pop	population	0.2	nonrandom_weighted	20	0.9696402967396047
