simulation/sim_c0.005_s0.005/c0.005_s0.005_gtr/c0.005_s0.005_gtr_base-snps-concat_pop	population	0.2	random	1	0.9555352472189834
simulation/sim_c0.005_s0.005/c0.005_s0.005_gtr/c0.005_s0.005_gtr_base-snps-concat_pop	population	0.2	random	2	0.9555887757326607
simulation/sim_c0.005_s0.005/c0.005_s0.005_gtr/c0.005_s0.005_gtr_base-snps-concat_pop	population	0.2	random	3	0.956231982889557
simulation/sim_c0.005_s0.005/c0.005_s0.005_gtr/c0.005_s0.005_gtr_base-snps-concat_pop	population	0.2	random	4	0.9556110504136102
simulation/sim_c0.005_s0.005/c0.005_s0.005_gtr/c0.005_s0.005_gtr_base-snps-concat_pop	population	0.2	random	5	0.9563075003898331
simulation/sim_c0.005_s0.005/c0.005_s0.005_gtr/c0.005_s0.005_gtr_base-snps-concat_pop	population	0.2	random	6	0.9565746373420683
simulation/sim_c0.005_s0.005/c0.005_s0.005_gtr/c0.005_s0.005_gtr_base-snps-concat_pop	population	0.2	random	7	0.9550159984942593
simulation/sim_c0.005_s0.005/c0.005_s0.005_gtr/c0.005_s0.005_gtr_base-snps-concat_pop	population	0.2	random	8	0.9558147534319397
simulation/sim_c0.005_s0.005/c0.005_s0.005_gtr/c0.005_s0.005_gtr_base-snps-concat_pop	population	0.2	random	9	0.9540551589672631
simulation/sim_c0.005_s0.005/c0.005_s0.005_gtr/c0.005_s0.005_gtr_base-snps-concat_pop	population	0.2	random	10	0.9555569387818618
simulation/sim_c0.005_s0.005/c0.005_s0.005_gtr/c0.005_s0.005_gtr_base-snps-concat_pop	population	0.2	random	11	0.9555160697029209
simulation/sim_c0.005_s0.005/c0.005_s0.005_gtr/c0.005_s0.005_gtr_base-snps-concat_pop	population	0.2	random	12	0.9552813703692106
simulation/sim_c0.005_s0.005/c0.005_s0.005_gtr/c0.005_s0.005_gtr_base-snps-concat_pop	population	0.2	random	13	0.957302174049245
simulation/sim_c0.005_s0.005/c0.005_s0.005_gtr/c0.005_s0.005_gtr_base-snps-concat_pop	population	0.2	random	14	0.9551220419936111
simulation/sim_c0.005_s0.005/c0.005_s0.005_gtr/c0.005_s0.005_gtr_base-snps-concat_pop	population	0.2	random	15	0.9558280304206115
simulation/sim_c0.005_s0.005/c0.005_s0.005_gtr/c0.005_s0.005_gtr_base-snps-concat_pop	population	0.2	random	16	0.9570762738552623
simulation/sim_c0.005_s0.005/c0.005_s0.005_gtr/c0.005_s0.005_gtr_base-snps-concat_pop	population	0.2	random	17	0.9573195681596425
simulation/sim_c0.005_s0.005/c0.005_s0.005_gtr/c0.005_s0.005_gtr_base-snps-concat_pop	population	0.2	random	18	0.9564901415571284
simulation/sim_c0.005_s0.005/c0.005_s0.005_gtr/c0.005_s0.005_gtr_base-snps-concat_pop	population	0.2	random	19	0.9550656397143659
simulation/sim_c0.005_s0.005/c0.005_s0.005_gtr/c0.005_s0.005_gtr_base-snps-concat_pop	population	0.2	random	20	0.9548743217114701
simulation/sim_c0.005_s0.005/c0.005_s0.005_gtr/c0.005_s0.005_gtr_base-snps-concat_pop	population	0.2	nonrandom	1	0.956688853473329
simulation/sim_c0.005_s0.005/c0.005_s0.005_gtr/c0.005_s0.005_gtr_base-snps-concat_pop	population	0.2	nonrandom	2	0.9589473026973027
simulation/sim_c0.005_s0.005/c0.005_s0.005_gtr/c0.005_s0.005_gtr_base-snps-concat_pop	population	0.2	nonrandom	3	0.9540668062369153
simulation/sim_c0.005_s0.005/c0.005_s0.005_gtr/c0.005_s0.005_gtr_base-snps-concat_pop	population	0.2	nonrandom	4	0.9528452235867629
simulation/sim_c0.005_s0.005/c0.005_s0.005_gtr/c0.005_s0.005_gtr_base-snps-concat_pop	population	0.2	nonrandom	5	0.9536264491734633
simulation/sim_c0.005_s0.005/c0.005_s0.005_gtr/c0.005_s0.005_gtr_base-snps-concat_pop	population	0.2	nonrandom	6	0.9558290641009621
simulation/sim_c0.005_s0.005/c0.005_s0.005_gtr/c0.005_s0.005_gtr_base-snps-concat_pop	population	0.2	nonrandom	7	0.9474719101123595
simulation/sim_c0.005_s0.005/c0.005_s0.005_gtr/c0.005_s0.005_gtr_base-snps-concat_pop	population	0.2	nonrandom	8	0.95315625
simulation/sim_c0.005_s0.005/c0.005_s0.005_gtr/c0.005_s0.005_gtr_base-snps-concat_pop	population	0.2	nonrandom	9	0.9543537351204424
simulation/sim_c0.005_s0.005/c0.005_s0.005_gtr/c0.005_s0.005_gtr_base-snps-concat_pop	population	0.2	nonrandom	10	0.9543451767132277
simulation/sim_c0.005_s0.005/c0.005_s0.005_gtr/c0.005_s0.005_gtr_base-snps-concat_pop	population	0.2	nonrandom	11	0.9568763476141371
simulation/sim_c0.005_s0.005/c0.005_s0.005_gtr/c0.005_s0.005_gtr_base-snps-concat_pop	population	0.2	nonrandom	12	0.9470676409968147
simulation/sim_c0.005_s0.005/c0.005_s0.005_gtr/c0.005_s0.005_gtr_base-snps-concat_pop	population	0.2	nonrandom	13	0.94359375
simulation/sim_c0.005_s0.005/c0.005_s0.005_gtr/c0.005_s0.005_gtr_base-snps-concat_pop	population	0.2	nonrandom	14	0.9551576513233961
simulation/sim_c0.005_s0.005/c0.005_s0.005_gtr/c0.005_s0.005_gtr_base-snps-concat_pop	population	0.2	nonrandom	15	0.953001468704103
simulation/sim_c0.005_s0.005/c0.005_s0.005_gtr/c0.005_s0.005_gtr_base-snps-concat_pop	population	0.2	nonrandom	16	0.9534520462355514
simulation/sim_c0.005_s0.005/c0.005_s0.005_gtr/c0.005_s0.005_gtr_base-snps-concat_pop	population	0.2	nonrandom	17	0.9524181454636341
simulation/sim_c0.005_s0.005/c0.005_s0.005_gtr/c0.005_s0.005_gtr_base-snps-concat_pop	population	0.2	nonrandom	18	0.9536576981969314
simulation/sim_c0.005_s0.005/c0.005_s0.005_gtr/c0.005_s0.005_gtr_base-snps-concat_pop	population	0.2	nonrandom	19	0.9549389081591201
simulation/sim_c0.005_s0.005/c0.005_s0.005_gtr/c0.005_s0.005_gtr_base-snps-concat_pop	population	0.2	nonrandom	20	0.9535639511265273
simulation/sim_c0.005_s0.005/c0.005_s0.005_gtr/c0.005_s0.005_gtr_base-snps-concat_pop	population	0.2	nonrandom_weighted	1	0.9563451142151808
simulation/sim_c0.005_s0.005/c0.005_s0.005_gtr/c0.005_s0.005_gtr_base-snps-concat_pop	population	0.2	nonrandom_weighted	2	0.9498578524789902
simulation/sim_c0.005_s0.005/c0.005_s0.005_gtr/c0.005_s0.005_gtr_base-snps-concat_pop	population	0.2	nonrandom_weighted	3	0.9503140526858536
simulation/sim_c0.005_s0.005/c0.005_s0.005_gtr/c0.005_s0.005_gtr_base-snps-concat_pop	population	0.2	nonrandom_weighted	4	0.9533460325391125
simulation/sim_c0.005_s0.005/c0.005_s0.005_gtr/c0.005_s0.005_gtr_base-snps-concat_pop	population	0.2	nonrandom_weighted	5	0.9495625
simulation/sim_c0.005_s0.005/c0.005_s0.005_gtr/c0.005_s0.005_gtr_base-snps-concat_pop	population	0.2	nonrandom_weighted	6	0.9520952470235305
simulation/sim_c0.005_s0.005/c0.005_s0.005_gtr/c0.005_s0.005_gtr_base-snps-concat_pop	population	0.2	nonrandom_weighted	7	0.9634386425424205
simulation/sim_c0.005_s0.005/c0.005_s0.005_gtr/c0.005_s0.005_gtr_base-snps-concat_pop	population	0.2	nonrandom_weighted	8	0.956626355426393
simulation/sim_c0.005_s0.005/c0.005_s0.005_gtr/c0.005_s0.005_gtr_base-snps-concat_pop	population	0.2	nonrandom_weighted	9	0.9561875
simulation/sim_c0.005_s0.005/c0.005_s0.005_gtr/c0.005_s0.005_gtr_base-snps-concat_pop	population	0.2	nonrandom_weighted	10	0.9497175317581698
simulation/sim_c0.005_s0.005/c0.005_s0.005_gtr/c0.005_s0.005_gtr_base-snps-concat_pop	population	0.2	nonrandom_weighted	11	0.9561252849514411
simulation/sim_c0.005_s0.005/c0.005_s0.005_gtr/c0.005_s0.005_gtr_base-snps-concat_pop	population	0.2	nonrandom_weighted	12	0.9515811819061593
simulation/sim_c0.005_s0.005/c0.005_s0.005_gtr/c0.005_s0.005_gtr_base-snps-concat_pop	population	0.2	nonrandom_weighted	13	0.9551502279967519
simulation/sim_c0.005_s0.005/c0.005_s0.005_gtr/c0.005_s0.005_gtr_base-snps-concat_pop	population	0.2	nonrandom_weighted	14	0.95603125
simulation/sim_c0.005_s0.005/c0.005_s0.005_gtr/c0.005_s0.005_gtr_base-snps-concat_pop	population	0.2	nonrandom_weighted	15	0.9521264960469985
simulation/sim_c0.005_s0.005/c0.005_s0.005_gtr/c0.005_s0.005_gtr_base-snps-concat_pop	population	0.2	nonrandom_weighted	16	0.9550067130858338
simulation/sim_c0.005_s0.005/c0.005_s0.005_gtr/c0.005_s0.005_gtr_base-snps-concat_pop	population	0.2	nonrandom_weighted	17	0.9523259083382799
simulation/sim_c0.005_s0.005/c0.005_s0.005_gtr/c0.005_s0.005_gtr_base-snps-concat_pop	population	0.2	nonrandom_weighted	18	0.9572513358957533
simulation/sim_c0.005_s0.005/c0.005_s0.005_gtr/c0.005_s0.005_gtr_base-snps-concat_pop	population	0.2	nonrandom_weighted	19	0.9590012812099622
simulation/sim_c0.005_s0.005/c0.005_s0.005_gtr/c0.005_s0.005_gtr_base-snps-concat_pop	population	0.2	nonrandom_weighted	20	0.9596625527261365
