simulation/sim_c0.005_s0.005/c0.005_s0.005_gtrgamma/c0.005_s0.005_gtrgamma_base-snps-concat_nmf	nmf	0.2	random	1	0.9657221492462625
simulation/sim_c0.005_s0.005/c0.005_s0.005_gtrgamma/c0.005_s0.005_gtrgamma_base-snps-concat_nmf	nmf	0.2	random	2	0.9630563611146136
simulation/sim_c0.005_s0.005/c0.005_s0.005_gtrgamma/c0.005_s0.005_gtrgamma_base-snps-concat_nmf	nmf	0.2	random	3	0.9632802166656169
simulation/sim_c0.005_s0.005/c0.005_s0.005_gtrgamma/c0.005_s0.005_gtrgamma_base-snps-concat_nmf	nmf	0.2	random	4	0.9669353822899609
simulation/sim_c0.005_s0.005/c0.005_s0.005_gtrgamma/c0.005_s0.005_gtrgamma_base-snps-concat_nmf	nmf	0.2	random	5	0.9650821412955213
simulation/sim_c0.005_s0.005/c0.005_s0.005_gtrgamma/c0.005_s0.005_gtrgamma_base-snps-concat_nmf	nmf	0.2	random	6	0.9663631295298272
simulation/sim_c0.005_s0.005/c0.005_s0.005_gtrgamma/c0.005_s0.005_gtrgamma_base-snps-concat_nmf	nmf	0.2	random	7	0.9619890329012961
simulation/sim_c0.005_s0.005/c0.005_s0.005_gtrgamma/c0.005_s0.005_gtrgamma_base-snps-concat_nmf	nmf	0.2	random	8	0.9712510200238529
simulation/sim_c0.005_s0.005/c0.005_s0.005_gtrgamma/c0.005_s0.005_gtrgamma_base-snps-concat_nmf	nmf	0.2	random	9	0.9627546556680415
simulation/sim_c0.005_s0.005/c0.005_s0.005_gtrgamma/c0.005_s0.005_gtrgamma_base-snps-concat_nmf	nmf	0.2	random	10	0.9657332581594938
simulation/sim_c0.005_s0.005/c0.005_s0.005_gtrgamma/c0.005_s0.005_gtrgamma_base-snps-concat_nmf	nmf	0.2	random	11	0.9739700374531836
simulation/sim_c0.005_s0.005/c0.005_s0.005_gtrgamma/c0.005_s0.005_gtrgamma_base-snps-concat_nmf	nmf	0.2	random	12	0.9639269694863858
simulation/sim_c0.005_s0.005/c0.005_s0.005_gtrgamma/c0.005_s0.005_gtrgamma_base-snps-concat_nmf	nmf	0.2	random	13	0.9629164836543892
simulation/sim_c0.005_s0.005/c0.005_s0.005_gtrgamma/c0.005_s0.005_gtrgamma_base-snps-concat_nmf	nmf	0.2	random	14	0.967764060356653
simulation/sim_c0.005_s0.005/c0.005_s0.005_gtrgamma/c0.005_s0.005_gtrgamma_base-snps-concat_nmf	nmf	0.2	random	15	0.9658776126920171
simulation/sim_c0.005_s0.005/c0.005_s0.005_gtrgamma/c0.005_s0.005_gtrgamma_base-snps-concat_nmf	nmf	0.2	random	16	0.9699728174979455
simulation/sim_c0.005_s0.005/c0.005_s0.005_gtrgamma/c0.005_s0.005_gtrgamma_base-snps-concat_nmf	nmf	0.2	random	17	0.9648281872509961
simulation/sim_c0.005_s0.005/c0.005_s0.005_gtrgamma/c0.005_s0.005_gtrgamma_base-snps-concat_nmf	nmf	0.2	random	18	0.9664793889274667
simulation/sim_c0.005_s0.005/c0.005_s0.005_gtrgamma/c0.005_s0.005_gtrgamma_base-snps-concat_nmf	nmf	0.2	random	19	0.966577623159595
simulation/sim_c0.005_s0.005/c0.005_s0.005_gtrgamma/c0.005_s0.005_gtrgamma_base-snps-concat_nmf	nmf	0.2	random	20	0.9630326994288584
simulation/sim_c0.005_s0.005/c0.005_s0.005_gtrgamma/c0.005_s0.005_gtrgamma_base-snps-concat_nmf	nmf	0.2	nonrandom	1	0.9497847919655668
simulation/sim_c0.005_s0.005/c0.005_s0.005_gtrgamma/c0.005_s0.005_gtrgamma_base-snps-concat_nmf	nmf	0.2	nonrandom	2	0.9597525154677833
simulation/sim_c0.005_s0.005/c0.005_s0.005_gtrgamma/c0.005_s0.005_gtrgamma_base-snps-concat_nmf	nmf	0.2	nonrandom	3	0.9607475467216701
simulation/sim_c0.005_s0.005/c0.005_s0.005_gtrgamma/c0.005_s0.005_gtrgamma_base-snps-concat_nmf	nmf	0.2	nonrandom	4	0.9570026873320417
simulation/sim_c0.005_s0.005/c0.005_s0.005_gtrgamma/c0.005_s0.005_gtrgamma_base-snps-concat_nmf	nmf	0.2	nonrandom	5	0.952684542783924
simulation/sim_c0.005_s0.005/c0.005_s0.005_gtrgamma/c0.005_s0.005_gtrgamma_base-snps-concat_nmf	nmf	0.2	nonrandom	6	0.9636272732954191
simulation/sim_c0.005_s0.005/c0.005_s0.005_gtrgamma/c0.005_s0.005_gtrgamma_base-snps-concat_nmf	nmf	0.2	nonrandom	7	0.9612935447621426
simulation/sim_c0.005_s0.005/c0.005_s0.005_gtrgamma/c0.005_s0.005_gtrgamma_base-snps-concat_nmf	nmf	0.2	nonrandom	8	0.958684917807363
simulation/sim_c0.005_s0.005/c0.005_s0.005_gtrgamma/c0.005_s0.005_gtrgamma_base-snps-concat_nmf	nmf	0.2	nonrandom	9	0.9612524217236422
simulation/sim_c0.005_s0.005/c0.005_s0.005_gtrgamma/c0.005_s0.005_gtrgamma_base-snps-concat_nmf	nmf	0.2	nonrandom	10	0.9640022498593838
simulation/sim_c0.005_s0.005/c0.005_s0.005_gtrgamma/c0.005_s0.005_gtrgamma_base-snps-concat_nmf	nmf	0.2	nonrandom	11	0.9605625
simulation/sim_c0.005_s0.005/c0.005_s0.005_gtrgamma/c0.005_s0.005_gtrgamma_base-snps-concat_nmf	nmf	0.2	nonrandom	12	0.9507512000498722
simulation/sim_c0.005_s0.005/c0.005_s0.005_gtrgamma/c0.005_s0.005_gtrgamma_base-snps-concat_nmf	nmf	0.2	nonrandom	13	0.9540028748203238
simulation/sim_c0.005_s0.005/c0.005_s0.005_gtrgamma/c0.005_s0.005_gtrgamma_base-snps-concat_nmf	nmf	0.2	nonrandom	14	0.9573151678020124
simulation/sim_c0.005_s0.005/c0.005_s0.005_gtrgamma/c0.005_s0.005_gtrgamma_base-snps-concat_nmf	nmf	0.2	nonrandom	15	0.9550596912307019
simulation/sim_c0.005_s0.005/c0.005_s0.005_gtrgamma/c0.005_s0.005_gtrgamma_base-snps-concat_nmf	nmf	0.2	nonrandom	16	0.9616393852305386
simulation/sim_c0.005_s0.005/c0.005_s0.005_gtrgamma/c0.005_s0.005_gtrgamma_base-snps-concat_nmf	nmf	0.2	nonrandom	17	0.9586534257697833
simulation/sim_c0.005_s0.005/c0.005_s0.005_gtrgamma/c0.005_s0.005_gtrgamma_base-snps-concat_nmf	nmf	0.2	nonrandom	18	0.9562039235286768
simulation/sim_c0.005_s0.005/c0.005_s0.005_gtrgamma/c0.005_s0.005_gtrgamma_base-snps-concat_nmf	nmf	0.2	nonrandom	19	0.960127492031748
simulation/sim_c0.005_s0.005/c0.005_s0.005_gtrgamma/c0.005_s0.005_gtrgamma_base-snps-concat_nmf	nmf	0.2	nonrandom	20	0.9569422776911076
simulation/sim_c0.005_s0.005/c0.005_s0.005_gtrgamma/c0.005_s0.005_gtrgamma_base-snps-concat_nmf	nmf	0.2	nonrandom_weighted	1	0.9599400037497656
simulation/sim_c0.005_s0.005/c0.005_s0.005_gtrgamma/c0.005_s0.005_gtrgamma_base-snps-concat_nmf	nmf	0.2	nonrandom_weighted	2	0.9530791788856305
simulation/sim_c0.005_s0.005/c0.005_s0.005_gtrgamma/c0.005_s0.005_gtrgamma_base-snps-concat_nmf	nmf	0.2	nonrandom_weighted	3	0.9623726482905182
simulation/sim_c0.005_s0.005/c0.005_s0.005_gtrgamma/c0.005_s0.005_gtrgamma_base-snps-concat_nmf	nmf	0.2	nonrandom_weighted	4	0.9551221951371961
simulation/sim_c0.005_s0.005/c0.005_s0.005_gtrgamma/c0.005_s0.005_gtrgamma_base-snps-concat_nmf	nmf	0.2	nonrandom_weighted	5	0.9588099256203513
simulation/sim_c0.005_s0.005/c0.005_s0.005_gtrgamma/c0.005_s0.005_gtrgamma_base-snps-concat_nmf	nmf	0.2	nonrandom_weighted	6	0.9633727107944247
simulation/sim_c0.005_s0.005/c0.005_s0.005_gtrgamma/c0.005_s0.005_gtrgamma_base-snps-concat_nmf	nmf	0.2	nonrandom_weighted	7	0.9626898318855072
simulation/sim_c0.005_s0.005/c0.005_s0.005_gtrgamma/c0.005_s0.005_gtrgamma_base-snps-concat_nmf	nmf	0.2	nonrandom_weighted	8	0.9506905818386351
simulation/sim_c0.005_s0.005/c0.005_s0.005_gtrgamma/c0.005_s0.005_gtrgamma_base-snps-concat_nmf	nmf	0.2	nonrandom_weighted	9	0.965627148303231
simulation/sim_c0.005_s0.005/c0.005_s0.005_gtrgamma/c0.005_s0.005_gtrgamma_base-snps-concat_nmf	nmf	0.2	nonrandom_weighted	10	0.954372386243056
simulation/sim_c0.005_s0.005/c0.005_s0.005_gtrgamma/c0.005_s0.005_gtrgamma_base-snps-concat_nmf	nmf	0.2	nonrandom_weighted	11	0.9543778513842884
simulation/sim_c0.005_s0.005/c0.005_s0.005_gtrgamma/c0.005_s0.005_gtrgamma_base-snps-concat_nmf	nmf	0.2	nonrandom_weighted	12	0.9525029685644647
simulation/sim_c0.005_s0.005/c0.005_s0.005_gtrgamma/c0.005_s0.005_gtrgamma_base-snps-concat_nmf	nmf	0.2	nonrandom_weighted	13	0.9581901131179301
simulation/sim_c0.005_s0.005/c0.005_s0.005_gtrgamma/c0.005_s0.005_gtrgamma_base-snps-concat_nmf	nmf	0.2	nonrandom_weighted	14	0.9622476404775299
simulation/sim_c0.005_s0.005/c0.005_s0.005_gtrgamma/c0.005_s0.005_gtrgamma_base-snps-concat_nmf	nmf	0.2	nonrandom_weighted	15	0.9527470466904181
simulation/sim_c0.005_s0.005/c0.005_s0.005_gtrgamma/c0.005_s0.005_gtrgamma_base-snps-concat_nmf	nmf	0.2	nonrandom_weighted	16	0.9546363409147713
simulation/sim_c0.005_s0.005/c0.005_s0.005_gtrgamma/c0.005_s0.005_gtrgamma_base-snps-concat_nmf	nmf	0.2	nonrandom_weighted	17	0.9564402224860946
simulation/sim_c0.005_s0.005/c0.005_s0.005_gtrgamma/c0.005_s0.005_gtrgamma_base-snps-concat_nmf	nmf	0.2	nonrandom_weighted	18	0.9571330375554583
simulation/sim_c0.005_s0.005/c0.005_s0.005_gtrgamma/c0.005_s0.005_gtrgamma_base-snps-concat_nmf	nmf	0.2	nonrandom_weighted	19	0.9538922903911033
simulation/sim_c0.005_s0.005/c0.005_s0.005_gtrgamma/c0.005_s0.005_gtrgamma_base-snps-concat_nmf	nmf	0.2	nonrandom_weighted	20	0.9536903943503531
