simulation/sim_c0.005_s0.005/c0.005_s0.005_gtrgamma/c0.005_s0.005_gtrgamma_base-snps-concat_popWrong	population2	0.2	random	1	0.9597433639451504
simulation/sim_c0.005_s0.005/c0.005_s0.005_gtrgamma/c0.005_s0.005_gtrgamma_base-snps-concat_popWrong	population2	0.2	random	2	0.9575588599752168
simulation/sim_c0.005_s0.005/c0.005_s0.005_gtrgamma/c0.005_s0.005_gtrgamma_base-snps-concat_popWrong	population2	0.2	random	3	0.9582076420311715
simulation/sim_c0.005_s0.005/c0.005_s0.005_gtrgamma/c0.005_s0.005_gtrgamma_base-snps-concat_popWrong	population2	0.2	random	4	0.9561045071817732
simulation/sim_c0.005_s0.005/c0.005_s0.005_gtrgamma/c0.005_s0.005_gtrgamma_base-snps-concat_popWrong	population2	0.2	random	5	0.9570610086255745
simulation/sim_c0.005_s0.005/c0.005_s0.005_gtrgamma/c0.005_s0.005_gtrgamma_base-snps-concat_popWrong	population2	0.2	random	6	0.9555265285812029
simulation/sim_c0.005_s0.005/c0.005_s0.005_gtrgamma/c0.005_s0.005_gtrgamma_base-snps-concat_popWrong	population2	0.2	random	7	0.9575620198967384
simulation/sim_c0.005_s0.005/c0.005_s0.005_gtrgamma/c0.005_s0.005_gtrgamma_base-snps-concat_popWrong	population2	0.2	random	8	0.960862520254269
simulation/sim_c0.005_s0.005/c0.005_s0.005_gtrgamma/c0.005_s0.005_gtrgamma_base-snps-concat_popWrong	population2	0.2	random	9	0.9586501602463394
simulation/sim_c0.005_s0.005/c0.005_s0.005_gtrgamma/c0.005_s0.005_gtrgamma_base-snps-concat_popWrong	population2	0.2	random	10	0.9577596411438539
simulation/sim_c0.005_s0.005/c0.005_s0.005_gtrgamma/c0.005_s0.005_gtrgamma_base-snps-concat_popWrong	population2	0.2	random	11	0.9591887520218987
simulation/sim_c0.005_s0.005/c0.005_s0.005_gtrgamma/c0.005_s0.005_gtrgamma_base-snps-concat_popWrong	population2	0.2	random	12	0.9582183186951067
simulation/sim_c0.005_s0.005/c0.005_s0.005_gtrgamma/c0.005_s0.005_gtrgamma_base-snps-concat_popWrong	population2	0.2	random	13	0.9578665670898681
simulation/sim_c0.005_s0.005/c0.005_s0.005_gtrgamma/c0.005_s0.005_gtrgamma_base-snps-concat_popWrong	population2	0.2	random	14	0.9588515562155807
simulation/sim_c0.005_s0.005/c0.005_s0.005_gtrgamma/c0.005_s0.005_gtrgamma_base-snps-concat_popWrong	population2	0.2	random	15	0.9557748766318945
simulation/sim_c0.005_s0.005/c0.005_s0.005_gtrgamma/c0.005_s0.005_gtrgamma_base-snps-concat_popWrong	population2	0.2	random	16	0.9597747385358005
simulation/sim_c0.005_s0.005/c0.005_s0.005_gtrgamma/c0.005_s0.005_gtrgamma_base-snps-concat_popWrong	population2	0.2	random	17	0.9604206857925197
simulation/sim_c0.005_s0.005/c0.005_s0.005_gtrgamma/c0.005_s0.005_gtrgamma_base-snps-concat_popWrong	population2	0.2	random	18	0.957145542259257
simulation/sim_c0.005_s0.005/c0.005_s0.005_gtrgamma/c0.005_s0.005_gtrgamma_base-snps-concat_popWrong	population2	0.2	random	19	0.9569365976145637
simulation/sim_c0.005_s0.005/c0.005_s0.005_gtrgamma/c0.005_s0.005_gtrgamma_base-snps-concat_popWrong	population2	0.2	random	20	0.9575412706353177
simulation/sim_c0.005_s0.005/c0.005_s0.005_gtrgamma/c0.005_s0.005_gtrgamma_base-snps-concat_popWrong	population2	0.2	nonrandom	1	0.9459408786950816
simulation/sim_c0.005_s0.005/c0.005_s0.005_gtrgamma/c0.005_s0.005_gtrgamma_base-snps-concat_popWrong	population2	0.2	nonrandom	2	0.9620118712902218
simulation/sim_c0.005_s0.005/c0.005_s0.005_gtrgamma/c0.005_s0.005_gtrgamma_base-snps-concat_popWrong	population2	0.2	nonrandom	3	0.9505209958195545
simulation/sim_c0.005_s0.005/c0.005_s0.005_gtrgamma/c0.005_s0.005_gtrgamma_base-snps-concat_popWrong	population2	0.2	nonrandom	4	0.9595025310918067
simulation/sim_c0.005_s0.005/c0.005_s0.005_gtrgamma/c0.005_s0.005_gtrgamma_base-snps-concat_popWrong	population2	0.2	nonrandom	5	0.9551773580200735
simulation/sim_c0.005_s0.005/c0.005_s0.005_gtrgamma/c0.005_s0.005_gtrgamma_base-snps-concat_popWrong	population2	0.2	nonrandom	6	0.9468457214241099
simulation/sim_c0.005_s0.005/c0.005_s0.005_gtrgamma/c0.005_s0.005_gtrgamma_base-snps-concat_popWrong	population2	0.2	nonrandom	7	0.9536903943503531
simulation/sim_c0.005_s0.005/c0.005_s0.005_gtrgamma/c0.005_s0.005_gtrgamma_base-snps-concat_popWrong	population2	0.2	nonrandom	8	0.958881886815998
simulation/sim_c0.005_s0.005/c0.005_s0.005_gtrgamma/c0.005_s0.005_gtrgamma_base-snps-concat_popWrong	population2	0.2	nonrandom	9	0.9533491330921792
simulation/sim_c0.005_s0.005/c0.005_s0.005_gtrgamma/c0.005_s0.005_gtrgamma_base-snps-concat_popWrong	population2	0.2	nonrandom	10	0.9592525467158303
simulation/sim_c0.005_s0.005/c0.005_s0.005_gtrgamma/c0.005_s0.005_gtrgamma_base-snps-concat_popWrong	population2	0.2	nonrandom	11	0.9508719294955935
simulation/sim_c0.005_s0.005/c0.005_s0.005_gtrgamma/c0.005_s0.005_gtrgamma_base-snps-concat_popWrong	population2	0.2	nonrandom	12	0.95668479279955
simulation/sim_c0.005_s0.005/c0.005_s0.005_gtrgamma/c0.005_s0.005_gtrgamma_base-snps-concat_popWrong	population2	0.2	nonrandom	13	0.9601850115632227
simulation/sim_c0.005_s0.005/c0.005_s0.005_gtrgamma/c0.005_s0.005_gtrgamma_base-snps-concat_popWrong	population2	0.2	nonrandom	14	0.9615649021936129
simulation/sim_c0.005_s0.005/c0.005_s0.005_gtrgamma/c0.005_s0.005_gtrgamma_base-snps-concat_popWrong	population2	0.2	nonrandom	15	0.9538778826323355
simulation/sim_c0.005_s0.005/c0.005_s0.005_gtrgamma/c0.005_s0.005_gtrgamma_base-snps-concat_popWrong	population2	0.2	nonrandom	16	0.9620601287580474
simulation/sim_c0.005_s0.005/c0.005_s0.005_gtrgamma/c0.005_s0.005_gtrgamma_base-snps-concat_popWrong	population2	0.2	nonrandom	17	0.9615384615384616
simulation/sim_c0.005_s0.005/c0.005_s0.005_gtrgamma/c0.005_s0.005_gtrgamma_base-snps-concat_popWrong	population2	0.2	nonrandom	18	0.9585414585414586
simulation/sim_c0.005_s0.005/c0.005_s0.005_gtrgamma/c0.005_s0.005_gtrgamma_base-snps-concat_popWrong	population2	0.2	nonrandom	19	0.9519116821555542
simulation/sim_c0.005_s0.005/c0.005_s0.005_gtrgamma/c0.005_s0.005_gtrgamma_base-snps-concat_popWrong	population2	0.2	nonrandom	20	0.9497468591786987
simulation/sim_c0.005_s0.005/c0.005_s0.005_gtrgamma/c0.005_s0.005_gtrgamma_base-snps-concat_popWrong	population2	0.2	nonrandom_weighted	1	0.9553152927942004
simulation/sim_c0.005_s0.005/c0.005_s0.005_gtrgamma/c0.005_s0.005_gtrgamma_base-snps-concat_popWrong	population2	0.2	nonrandom_weighted	2	0.9513489882588059
simulation/sim_c0.005_s0.005/c0.005_s0.005_gtrgamma/c0.005_s0.005_gtrgamma_base-snps-concat_popWrong	population2	0.2	nonrandom_weighted	3	0.9494406599587526
simulation/sim_c0.005_s0.005/c0.005_s0.005_gtrgamma/c0.005_s0.005_gtrgamma_base-snps-concat_popWrong	population2	0.2	nonrandom_weighted	4	0.9541875
simulation/sim_c0.005_s0.005/c0.005_s0.005_gtrgamma/c0.005_s0.005_gtrgamma_base-snps-concat_popWrong	population2	0.2	nonrandom_weighted	5	0.9505
simulation/sim_c0.005_s0.005/c0.005_s0.005_gtrgamma/c0.005_s0.005_gtrgamma_base-snps-concat_popWrong	population2	0.2	nonrandom_weighted	6	0.9546903318542591
simulation/sim_c0.005_s0.005/c0.005_s0.005_gtrgamma/c0.005_s0.005_gtrgamma_base-snps-concat_popWrong	population2	0.2	nonrandom_weighted	7	0.9596900193737892
simulation/sim_c0.005_s0.005/c0.005_s0.005_gtrgamma/c0.005_s0.005_gtrgamma_base-snps-concat_popWrong	population2	0.2	nonrandom_weighted	8	0.9568610313397428
simulation/sim_c0.005_s0.005/c0.005_s0.005_gtrgamma/c0.005_s0.005_gtrgamma_base-snps-concat_popWrong	population2	0.2	nonrandom_weighted	9	0.950625
simulation/sim_c0.005_s0.005/c0.005_s0.005_gtrgamma/c0.005_s0.005_gtrgamma_base-snps-concat_popWrong	population2	0.2	nonrandom_weighted	10	0.9522529841884882
simulation/sim_c0.005_s0.005/c0.005_s0.005_gtrgamma/c0.005_s0.005_gtrgamma_base-snps-concat_popWrong	population2	0.2	nonrandom_weighted	11	0.9587525779638773
simulation/sim_c0.005_s0.005/c0.005_s0.005_gtrgamma/c0.005_s0.005_gtrgamma_base-snps-concat_popWrong	population2	0.2	nonrandom_weighted	12	0.9508125
simulation/sim_c0.005_s0.005/c0.005_s0.005_gtrgamma/c0.005_s0.005_gtrgamma_base-snps-concat_popWrong	population2	0.2	nonrandom_weighted	13	0.9496281482407349
simulation/sim_c0.005_s0.005/c0.005_s0.005_gtrgamma/c0.005_s0.005_gtrgamma_base-snps-concat_popWrong	population2	0.2	nonrandom_weighted	14	0.9595
simulation/sim_c0.005_s0.005/c0.005_s0.005_gtrgamma/c0.005_s0.005_gtrgamma_base-snps-concat_popWrong	population2	0.2	nonrandom_weighted	15	0.959127554527842
simulation/sim_c0.005_s0.005/c0.005_s0.005_gtrgamma/c0.005_s0.005_gtrgamma_base-snps-concat_popWrong	population2	0.2	nonrandom_weighted	16	0.9498781326167115
simulation/sim_c0.005_s0.005/c0.005_s0.005_gtrgamma/c0.005_s0.005_gtrgamma_base-snps-concat_popWrong	population2	0.2	nonrandom_weighted	17	0.9562527342041123
simulation/sim_c0.005_s0.005/c0.005_s0.005_gtrgamma/c0.005_s0.005_gtrgamma_base-snps-concat_popWrong	population2	0.2	nonrandom_weighted	18	0.9591849451645065
simulation/sim_c0.005_s0.005/c0.005_s0.005_gtrgamma/c0.005_s0.005_gtrgamma_base-snps-concat_popWrong	population2	0.2	nonrandom_weighted	19	0.9647000124734938
simulation/sim_c0.005_s0.005/c0.005_s0.005_gtrgamma/c0.005_s0.005_gtrgamma_base-snps-concat_popWrong	population2	0.2	nonrandom_weighted	20	0.9490394211576846
