simulation/sim_c0.006_s0.004/c0.006_s0.004_gtrgamma/c0.006_s0.004_gtrgamma_base-snps-concat_popWrong	population2	0.2	random	1	0.9640467704620772
simulation/sim_c0.006_s0.004/c0.006_s0.004_gtrgamma/c0.006_s0.004_gtrgamma_base-snps-concat_popWrong	population2	0.2	random	2	0.9647977470558116
simulation/sim_c0.006_s0.004/c0.006_s0.004_gtrgamma/c0.006_s0.004_gtrgamma_base-snps-concat_popWrong	population2	0.2	random	3	0.9665960363953633
simulation/sim_c0.006_s0.004/c0.006_s0.004_gtrgamma/c0.006_s0.004_gtrgamma_base-snps-concat_popWrong	population2	0.2	random	4	0.9658103631476967
simulation/sim_c0.006_s0.004/c0.006_s0.004_gtrgamma/c0.006_s0.004_gtrgamma_base-snps-concat_popWrong	population2	0.2	random	5	0.9652572720990137
simulation/sim_c0.006_s0.004/c0.006_s0.004_gtrgamma/c0.006_s0.004_gtrgamma_base-snps-concat_popWrong	population2	0.2	random	6	0.9632113311606919
simulation/sim_c0.006_s0.004/c0.006_s0.004_gtrgamma/c0.006_s0.004_gtrgamma_base-snps-concat_popWrong	population2	0.2	random	7	0.9631170443961503
simulation/sim_c0.006_s0.004/c0.006_s0.004_gtrgamma/c0.006_s0.004_gtrgamma_base-snps-concat_popWrong	population2	0.2	random	8	0.9649178056307867
simulation/sim_c0.006_s0.004/c0.006_s0.004_gtrgamma/c0.006_s0.004_gtrgamma_base-snps-concat_popWrong	population2	0.2	random	9	0.9681801031316816
simulation/sim_c0.006_s0.004/c0.006_s0.004_gtrgamma/c0.006_s0.004_gtrgamma_base-snps-concat_popWrong	population2	0.2	random	10	0.9627383557361675
simulation/sim_c0.006_s0.004/c0.006_s0.004_gtrgamma/c0.006_s0.004_gtrgamma_base-snps-concat_popWrong	population2	0.2	random	11	0.9642923678817612
simulation/sim_c0.006_s0.004/c0.006_s0.004_gtrgamma/c0.006_s0.004_gtrgamma_base-snps-concat_popWrong	population2	0.2	random	12	0.9644610127368748
simulation/sim_c0.006_s0.004/c0.006_s0.004_gtrgamma/c0.006_s0.004_gtrgamma_base-snps-concat_popWrong	population2	0.2	random	13	0.9643873742804732
simulation/sim_c0.006_s0.004/c0.006_s0.004_gtrgamma/c0.006_s0.004_gtrgamma_base-snps-concat_popWrong	population2	0.2	random	14	0.9640460817825041
simulation/sim_c0.006_s0.004/c0.006_s0.004_gtrgamma/c0.006_s0.004_gtrgamma_base-snps-concat_popWrong	population2	0.2	random	15	0.9656122768556217
simulation/sim_c0.006_s0.004/c0.006_s0.004_gtrgamma/c0.006_s0.004_gtrgamma_base-snps-concat_popWrong	population2	0.2	random	16	0.9631821579865437
simulation/sim_c0.006_s0.004/c0.006_s0.004_gtrgamma/c0.006_s0.004_gtrgamma_base-snps-concat_popWrong	population2	0.2	random	17	0.964368901479383
simulation/sim_c0.006_s0.004/c0.006_s0.004_gtrgamma/c0.006_s0.004_gtrgamma_base-snps-concat_popWrong	population2	0.2	random	18	0.9660587326120557
simulation/sim_c0.006_s0.004/c0.006_s0.004_gtrgamma/c0.006_s0.004_gtrgamma_base-snps-concat_popWrong	population2	0.2	random	19	0.9666416791604198
simulation/sim_c0.006_s0.004/c0.006_s0.004_gtrgamma/c0.006_s0.004_gtrgamma_base-snps-concat_popWrong	population2	0.2	random	20	0.9644283574638043
simulation/sim_c0.006_s0.004/c0.006_s0.004_gtrgamma/c0.006_s0.004_gtrgamma_base-snps-concat_popWrong	population2	0.2	nonrandom	1	0.9683421792069934
simulation/sim_c0.006_s0.004/c0.006_s0.004_gtrgamma/c0.006_s0.004_gtrgamma_base-snps-concat_popWrong	population2	0.2	nonrandom	2	0.952894933865735
simulation/sim_c0.006_s0.004/c0.006_s0.004_gtrgamma/c0.006_s0.004_gtrgamma_base-snps-concat_popWrong	population2	0.2	nonrandom	3	0.9604975310956935
simulation/sim_c0.006_s0.004/c0.006_s0.004_gtrgamma/c0.006_s0.004_gtrgamma_base-snps-concat_popWrong	population2	0.2	nonrandom	4	0.9614350896931059
simulation/sim_c0.006_s0.004/c0.006_s0.004_gtrgamma/c0.006_s0.004_gtrgamma_base-snps-concat_popWrong	population2	0.2	nonrandom	5	0.9591556332750437
simulation/sim_c0.006_s0.004/c0.006_s0.004_gtrgamma/c0.006_s0.004_gtrgamma_base-snps-concat_popWrong	population2	0.2	nonrandom	6	0.9669354334645915
simulation/sim_c0.006_s0.004/c0.006_s0.004_gtrgamma/c0.006_s0.004_gtrgamma_base-snps-concat_popWrong	population2	0.2	nonrandom	7	0.9668145740891194
simulation/sim_c0.006_s0.004/c0.006_s0.004_gtrgamma/c0.006_s0.004_gtrgamma_base-snps-concat_popWrong	population2	0.2	nonrandom	8	0.9610625
simulation/sim_c0.006_s0.004/c0.006_s0.004_gtrgamma/c0.006_s0.004_gtrgamma_base-snps-concat_popWrong	population2	0.2	nonrandom	9	0.96425
simulation/sim_c0.006_s0.004/c0.006_s0.004_gtrgamma/c0.006_s0.004_gtrgamma_base-snps-concat_popWrong	population2	0.2	nonrandom	10	0.954125
simulation/sim_c0.006_s0.004/c0.006_s0.004_gtrgamma/c0.006_s0.004_gtrgamma_base-snps-concat_popWrong	population2	0.2	nonrandom	11	0.9641543544666792
simulation/sim_c0.006_s0.004/c0.006_s0.004_gtrgamma/c0.006_s0.004_gtrgamma_base-snps-concat_popWrong	population2	0.2	nonrandom	12	0.9637952559300874
simulation/sim_c0.006_s0.004/c0.006_s0.004_gtrgamma/c0.006_s0.004_gtrgamma_base-snps-concat_popWrong	population2	0.2	nonrandom	13	0.9710018123867258
simulation/sim_c0.006_s0.004/c0.006_s0.004_gtrgamma/c0.006_s0.004_gtrgamma_base-snps-concat_popWrong	population2	0.2	nonrandom	14	0.9650021873632898
simulation/sim_c0.006_s0.004/c0.006_s0.004_gtrgamma/c0.006_s0.004_gtrgamma_base-snps-concat_popWrong	population2	0.2	nonrandom	15	0.9703143553527904
simulation/sim_c0.006_s0.004/c0.006_s0.004_gtrgamma/c0.006_s0.004_gtrgamma_base-snps-concat_popWrong	population2	0.2	nonrandom	16	0.9624017957351291
simulation/sim_c0.006_s0.004/c0.006_s0.004_gtrgamma/c0.006_s0.004_gtrgamma_base-snps-concat_popWrong	population2	0.2	nonrandom	17	0.9666229139321207
simulation/sim_c0.006_s0.004/c0.006_s0.004_gtrgamma/c0.006_s0.004_gtrgamma_base-snps-concat_popWrong	population2	0.2	nonrandom	18	0.9669354334645915
simulation/sim_c0.006_s0.004/c0.006_s0.004_gtrgamma/c0.006_s0.004_gtrgamma_base-snps-concat_popWrong	population2	0.2	nonrandom	19	0.9637907354226495
simulation/sim_c0.006_s0.004/c0.006_s0.004_gtrgamma/c0.006_s0.004_gtrgamma_base-snps-concat_popWrong	population2	0.2	nonrandom	20	0.9519290797852415
simulation/sim_c0.006_s0.004/c0.006_s0.004_gtrgamma/c0.006_s0.004_gtrgamma_base-snps-concat_popWrong	population2	0.2	nonrandom_weighted	1	0.964310269391837
simulation/sim_c0.006_s0.004/c0.006_s0.004_gtrgamma/c0.006_s0.004_gtrgamma_base-snps-concat_popWrong	population2	0.2	nonrandom_weighted	2	0.963497718607413
simulation/sim_c0.006_s0.004/c0.006_s0.004_gtrgamma/c0.006_s0.004_gtrgamma_base-snps-concat_popWrong	population2	0.2	nonrandom_weighted	3	0.9643459256946613
simulation/sim_c0.006_s0.004/c0.006_s0.004_gtrgamma/c0.006_s0.004_gtrgamma_base-snps-concat_popWrong	population2	0.2	nonrandom_weighted	4	0.9619700748129676
simulation/sim_c0.006_s0.004/c0.006_s0.004_gtrgamma/c0.006_s0.004_gtrgamma_base-snps-concat_popWrong	population2	0.2	nonrandom_weighted	5	0.9646398503274088
simulation/sim_c0.006_s0.004/c0.006_s0.004_gtrgamma/c0.006_s0.004_gtrgamma_base-snps-concat_popWrong	population2	0.2	nonrandom_weighted	6	0.96475
simulation/sim_c0.006_s0.004/c0.006_s0.004_gtrgamma/c0.006_s0.004_gtrgamma_base-snps-concat_popWrong	population2	0.2	nonrandom_weighted	7	0.9703384538528788
simulation/sim_c0.006_s0.004/c0.006_s0.004_gtrgamma/c0.006_s0.004_gtrgamma_base-snps-concat_popWrong	population2	0.2	nonrandom_weighted	8	0.9667415449893922
simulation/sim_c0.006_s0.004/c0.006_s0.004_gtrgamma/c0.006_s0.004_gtrgamma_base-snps-concat_popWrong	population2	0.2	nonrandom_weighted	9	0.9575291986759104
simulation/sim_c0.006_s0.004/c0.006_s0.004_gtrgamma/c0.006_s0.004_gtrgamma_base-snps-concat_popWrong	population2	0.2	nonrandom_weighted	10	0.962237063853692
simulation/sim_c0.006_s0.004/c0.006_s0.004_gtrgamma/c0.006_s0.004_gtrgamma_base-snps-concat_popWrong	population2	0.2	nonrandom_weighted	11	0.9627523279795013
simulation/sim_c0.006_s0.004/c0.006_s0.004_gtrgamma/c0.006_s0.004_gtrgamma_base-snps-concat_popWrong	population2	0.2	nonrandom_weighted	12	0.9658103631476967
simulation/sim_c0.006_s0.004/c0.006_s0.004_gtrgamma/c0.006_s0.004_gtrgamma_base-snps-concat_popWrong	population2	0.2	nonrandom_weighted	13	0.9687519530029374
simulation/sim_c0.006_s0.004/c0.006_s0.004_gtrgamma/c0.006_s0.004_gtrgamma_base-snps-concat_popWrong	population2	0.2	nonrandom_weighted	14	0.9568098006125383
simulation/sim_c0.006_s0.004/c0.006_s0.004_gtrgamma/c0.006_s0.004_gtrgamma_base-snps-concat_popWrong	population2	0.2	nonrandom_weighted	15	0.9691855740983811
simulation/sim_c0.006_s0.004/c0.006_s0.004_gtrgamma/c0.006_s0.004_gtrgamma_base-snps-concat_popWrong	population2	0.2	nonrandom_weighted	16	0.960685042815176
simulation/sim_c0.006_s0.004/c0.006_s0.004_gtrgamma/c0.006_s0.004_gtrgamma_base-snps-concat_popWrong	population2	0.2	nonrandom_weighted	17	0.9603045812008488
simulation/sim_c0.006_s0.004/c0.006_s0.004_gtrgamma/c0.006_s0.004_gtrgamma_base-snps-concat_popWrong	population2	0.2	nonrandom_weighted	18	0.9688125
simulation/sim_c0.006_s0.004/c0.006_s0.004_gtrgamma/c0.006_s0.004_gtrgamma_base-snps-concat_popWrong	population2	0.2	nonrandom_weighted	19	0.9704356522282642
simulation/sim_c0.006_s0.004/c0.006_s0.004_gtrgamma/c0.006_s0.004_gtrgamma_base-snps-concat_popWrong	population2	0.2	nonrandom_weighted	20	0.9625648396975189
