simulation/sim_c0.001_s0.009/c0.001_s0.009_gtr/c0.001_s0.009_gtr_base-snps-concat_nmf	nmf	0.2	random	1	0.9455139386635375
simulation/sim_c0.001_s0.009/c0.001_s0.009_gtr/c0.001_s0.009_gtr_base-snps-concat_nmf	nmf	0.2	random	2	0.9511178476695719
simulation/sim_c0.001_s0.009/c0.001_s0.009_gtr/c0.001_s0.009_gtr_base-snps-concat_nmf	nmf	0.2	random	3	0.9419165309576268
simulation/sim_c0.001_s0.009/c0.001_s0.009_gtr/c0.001_s0.009_gtr_base-snps-concat_nmf	nmf	0.2	random	4	0.9420390400807291
simulation/sim_c0.001_s0.009/c0.001_s0.009_gtr/c0.001_s0.009_gtr_base-snps-concat_nmf	nmf	0.2	random	5	0.9405264661988378
simulation/sim_c0.001_s0.009/c0.001_s0.009_gtr/c0.001_s0.009_gtr_base-snps-concat_nmf	nmf	0.2	random	6	0.9497308145646841
simulation/sim_c0.001_s0.009/c0.001_s0.009_gtr/c0.001_s0.009_gtr_base-snps-concat_nmf	nmf	0.2	random	7	0.9432988047808765
simulation/sim_c0.001_s0.009/c0.001_s0.009_gtr/c0.001_s0.009_gtr_base-snps-concat_nmf	nmf	0.2	random	8	0.9465237249429079
simulation/sim_c0.001_s0.009/c0.001_s0.009_gtr/c0.001_s0.009_gtr_base-snps-concat_nmf	nmf	0.2	random	9	0.9458339920948616
simulation/sim_c0.001_s0.009/c0.001_s0.009_gtr/c0.001_s0.009_gtr_base-snps-concat_nmf	nmf	0.2	random	10	0.9443969745878034
simulation/sim_c0.001_s0.009/c0.001_s0.009_gtr/c0.001_s0.009_gtr_base-snps-concat_nmf	nmf	0.2	random	11	0.9482262703739214
simulation/sim_c0.001_s0.009/c0.001_s0.009_gtr/c0.001_s0.009_gtr_base-snps-concat_nmf	nmf	0.2	random	12	0.9428498856997714
simulation/sim_c0.001_s0.009/c0.001_s0.009_gtr/c0.001_s0.009_gtr_base-snps-concat_nmf	nmf	0.2	random	13	0.9453825439569143
simulation/sim_c0.001_s0.009/c0.001_s0.009_gtr/c0.001_s0.009_gtr_base-snps-concat_nmf	nmf	0.2	random	14	0.9425027826363492
simulation/sim_c0.001_s0.009/c0.001_s0.009_gtr/c0.001_s0.009_gtr_base-snps-concat_nmf	nmf	0.2	random	15	0.9533868603836105
simulation/sim_c0.001_s0.009/c0.001_s0.009_gtr/c0.001_s0.009_gtr_base-snps-concat_nmf	nmf	0.2	random	16	0.9421518987341773
simulation/sim_c0.001_s0.009/c0.001_s0.009_gtr/c0.001_s0.009_gtr_base-snps-concat_nmf	nmf	0.2	random	17	0.9473734237374057
simulation/sim_c0.001_s0.009/c0.001_s0.009_gtr/c0.001_s0.009_gtr_base-snps-concat_nmf	nmf	0.2	random	18	0.9455070257239826
simulation/sim_c0.001_s0.009/c0.001_s0.009_gtr/c0.001_s0.009_gtr_base-snps-concat_nmf	nmf	0.2	random	19	0.9437111308541694
simulation/sim_c0.001_s0.009/c0.001_s0.009_gtr/c0.001_s0.009_gtr_base-snps-concat_nmf	nmf	0.2	random	20	0.9458625079567154
simulation/sim_c0.001_s0.009/c0.001_s0.009_gtr/c0.001_s0.009_gtr_base-snps-concat_nmf	nmf	0.2	nonrandom	1	0.8858849318550053
simulation/sim_c0.001_s0.009/c0.001_s0.009_gtr/c0.001_s0.009_gtr_base-snps-concat_nmf	nmf	0.2	nonrandom	2	0.8874936419125127
simulation/sim_c0.001_s0.009/c0.001_s0.009_gtr/c0.001_s0.009_gtr_base-snps-concat_nmf	nmf	0.2	nonrandom	3	0.8809766022380467
simulation/sim_c0.001_s0.009/c0.001_s0.009_gtr/c0.001_s0.009_gtr_base-snps-concat_nmf	nmf	0.2	nonrandom	4	0.8813715520528791
simulation/sim_c0.001_s0.009/c0.001_s0.009_gtr/c0.001_s0.009_gtr_base-snps-concat_nmf	nmf	0.2	nonrandom	5	0.8796134405696665
simulation/sim_c0.001_s0.009/c0.001_s0.009_gtr/c0.001_s0.009_gtr_base-snps-concat_nmf	nmf	0.2	nonrandom	6	0.8851448008392409
simulation/sim_c0.001_s0.009/c0.001_s0.009_gtr/c0.001_s0.009_gtr_base-snps-concat_nmf	nmf	0.2	nonrandom	7	0.8790094414597704
simulation/sim_c0.001_s0.009/c0.001_s0.009_gtr/c0.001_s0.009_gtr_base-snps-concat_nmf	nmf	0.2	nonrandom	8	0.8848586959977112
simulation/sim_c0.001_s0.009/c0.001_s0.009_gtr/c0.001_s0.009_gtr_base-snps-concat_nmf	nmf	0.2	nonrandom	9	0.8732636129565466
simulation/sim_c0.001_s0.009/c0.001_s0.009_gtr/c0.001_s0.009_gtr_base-snps-concat_nmf	nmf	0.2	nonrandom	10	0.8882884028484231
simulation/sim_c0.001_s0.009/c0.001_s0.009_gtr/c0.001_s0.009_gtr_base-snps-concat_nmf	nmf	0.2	nonrandom	11	0.8795532427973093
simulation/sim_c0.001_s0.009/c0.001_s0.009_gtr/c0.001_s0.009_gtr_base-snps-concat_nmf	nmf	0.2	nonrandom	12	0.8817395727365208
simulation/sim_c0.001_s0.009/c0.001_s0.009_gtr/c0.001_s0.009_gtr_base-snps-concat_nmf	nmf	0.2	nonrandom	13	0.8833884087442806
simulation/sim_c0.001_s0.009/c0.001_s0.009_gtr/c0.001_s0.009_gtr_base-snps-concat_nmf	nmf	0.2	nonrandom	14	0.8791609811823692
simulation/sim_c0.001_s0.009/c0.001_s0.009_gtr/c0.001_s0.009_gtr_base-snps-concat_nmf	nmf	0.2	nonrandom	15	0.8855699259588802
simulation/sim_c0.001_s0.009/c0.001_s0.009_gtr/c0.001_s0.009_gtr_base-snps-concat_nmf	nmf	0.2	nonrandom	16	0.8765895218718209
simulation/sim_c0.001_s0.009/c0.001_s0.009_gtr/c0.001_s0.009_gtr_base-snps-concat_nmf	nmf	0.2	nonrandom	17	0.8773881806911021
simulation/sim_c0.001_s0.009/c0.001_s0.009_gtr/c0.001_s0.009_gtr_base-snps-concat_nmf	nmf	0.2	nonrandom	18	0.8758940776297803
simulation/sim_c0.001_s0.009/c0.001_s0.009_gtr/c0.001_s0.009_gtr_base-snps-concat_nmf	nmf	0.2	nonrandom	19	0.8797597101265018
simulation/sim_c0.001_s0.009/c0.001_s0.009_gtr/c0.001_s0.009_gtr_base-snps-concat_nmf	nmf	0.2	nonrandom	20	0.8773207019328586
simulation/sim_c0.001_s0.009/c0.001_s0.009_gtr/c0.001_s0.009_gtr_base-snps-concat_nmf	nmf	0.2	nonrandom_weighted	1	0.8079857578840285
simulation/sim_c0.001_s0.009/c0.001_s0.009_gtr/c0.001_s0.009_gtr_base-snps-concat_nmf	nmf	0.2	nonrandom_weighted	2	0.7884413644021998
simulation/sim_c0.001_s0.009/c0.001_s0.009_gtr/c0.001_s0.009_gtr_base-snps-concat_nmf	nmf	0.2	nonrandom_weighted	3	0.7802746169982836
simulation/sim_c0.001_s0.009/c0.001_s0.009_gtr/c0.001_s0.009_gtr_base-snps-concat_nmf	nmf	0.2	nonrandom_weighted	4	0.8072289156626506
simulation/sim_c0.001_s0.009/c0.001_s0.009_gtr/c0.001_s0.009_gtr_base-snps-concat_nmf	nmf	0.2	nonrandom_weighted	5	0.8192453190068983
simulation/sim_c0.001_s0.009/c0.001_s0.009_gtr/c0.001_s0.009_gtr_base-snps-concat_nmf	nmf	0.2	nonrandom_weighted	6	0.7755984359601996
simulation/sim_c0.001_s0.009/c0.001_s0.009_gtr/c0.001_s0.009_gtr_base-snps-concat_nmf	nmf	0.2	nonrandom_weighted	7	0.7868836824872047
simulation/sim_c0.001_s0.009/c0.001_s0.009_gtr/c0.001_s0.009_gtr_base-snps-concat_nmf	nmf	0.2	nonrandom_weighted	8	0.7690816034586896
simulation/sim_c0.001_s0.009/c0.001_s0.009_gtr/c0.001_s0.009_gtr_base-snps-concat_nmf	nmf	0.2	nonrandom_weighted	9	0.7840157680569685
simulation/sim_c0.001_s0.009/c0.001_s0.009_gtr/c0.001_s0.009_gtr_base-snps-concat_nmf	nmf	0.2	nonrandom_weighted	10	0.7799287939474855
simulation/sim_c0.001_s0.009/c0.001_s0.009_gtr/c0.001_s0.009_gtr_base-snps-concat_nmf	nmf	0.2	nonrandom_weighted	11	0.8116476459929427
simulation/sim_c0.001_s0.009/c0.001_s0.009_gtr/c0.001_s0.009_gtr_base-snps-concat_nmf	nmf	0.2	nonrandom_weighted	12	0.7974059827701306
simulation/sim_c0.001_s0.009/c0.001_s0.009_gtr/c0.001_s0.009_gtr_base-snps-concat_nmf	nmf	0.2	nonrandom_weighted	13	0.7841747202441506
simulation/sim_c0.001_s0.009/c0.001_s0.009_gtr/c0.001_s0.009_gtr_base-snps-concat_nmf	nmf	0.2	nonrandom_weighted	14	0.8168933519766112
simulation/sim_c0.001_s0.009/c0.001_s0.009_gtr/c0.001_s0.009_gtr_base-snps-concat_nmf	nmf	0.2	nonrandom_weighted	15	0.7946085132085069
simulation/sim_c0.001_s0.009/c0.001_s0.009_gtr/c0.001_s0.009_gtr_base-snps-concat_nmf	nmf	0.2	nonrandom_weighted	16	0.79354736172918
simulation/sim_c0.001_s0.009/c0.001_s0.009_gtr/c0.001_s0.009_gtr_base-snps-concat_nmf	nmf	0.2	nonrandom_weighted	17	0.8143497472740566
simulation/sim_c0.001_s0.009/c0.001_s0.009_gtr/c0.001_s0.009_gtr_base-snps-concat_nmf	nmf	0.2	nonrandom_weighted	18	0.77852306322917
simulation/sim_c0.001_s0.009/c0.001_s0.009_gtr/c0.001_s0.009_gtr_base-snps-concat_nmf	nmf	0.2	nonrandom_weighted	19	0.8136503798836507
simulation/sim_c0.001_s0.009/c0.001_s0.009_gtr/c0.001_s0.009_gtr_base-snps-concat_nmf	nmf	0.2	nonrandom_weighted	20	0.7885049432558731
