simulation/sim_c0.001_s0.009/c0.001_s0.009_gtr/c0.001_s0.009_gtr_base-snps-concat_pop	population	0.2	random	1	0.8783779502613654
simulation/sim_c0.001_s0.009/c0.001_s0.009_gtr/c0.001_s0.009_gtr_base-snps-concat_pop	population	0.2	random	2	0.8770286149839617
simulation/sim_c0.001_s0.009/c0.001_s0.009_gtr/c0.001_s0.009_gtr_base-snps-concat_pop	population	0.2	random	3	0.878559198427294
simulation/sim_c0.001_s0.009/c0.001_s0.009_gtr/c0.001_s0.009_gtr_base-snps-concat_pop	population	0.2	random	4	0.8782893690139052
simulation/sim_c0.001_s0.009/c0.001_s0.009_gtr/c0.001_s0.009_gtr_base-snps-concat_pop	population	0.2	random	5	0.87794487833215
simulation/sim_c0.001_s0.009/c0.001_s0.009_gtr/c0.001_s0.009_gtr_base-snps-concat_pop	population	0.2	random	6	0.8771476017116945
simulation/sim_c0.001_s0.009/c0.001_s0.009_gtr/c0.001_s0.009_gtr_base-snps-concat_pop	population	0.2	random	7	0.8778459397925626
simulation/sim_c0.001_s0.009/c0.001_s0.009_gtr/c0.001_s0.009_gtr_base-snps-concat_pop	population	0.2	random	8	0.8764642220524573
simulation/sim_c0.001_s0.009/c0.001_s0.009_gtr/c0.001_s0.009_gtr_base-snps-concat_pop	population	0.2	random	9	0.8788149376534745
simulation/sim_c0.001_s0.009/c0.001_s0.009_gtr/c0.001_s0.009_gtr_base-snps-concat_pop	population	0.2	random	10	0.8757411621422391
simulation/sim_c0.001_s0.009/c0.001_s0.009_gtr/c0.001_s0.009_gtr_base-snps-concat_pop	population	0.2	random	11	0.8765556889253902
simulation/sim_c0.001_s0.009/c0.001_s0.009_gtr/c0.001_s0.009_gtr_base-snps-concat_pop	population	0.2	random	12	0.876443676616438
simulation/sim_c0.001_s0.009/c0.001_s0.009_gtr/c0.001_s0.009_gtr_base-snps-concat_pop	population	0.2	random	13	0.8757400216436437
simulation/sim_c0.001_s0.009/c0.001_s0.009_gtr/c0.001_s0.009_gtr_base-snps-concat_pop	population	0.2	random	14	0.8781869688385269
simulation/sim_c0.001_s0.009/c0.001_s0.009_gtr/c0.001_s0.009_gtr_base-snps-concat_pop	population	0.2	random	15	0.8784703536041027
simulation/sim_c0.001_s0.009/c0.001_s0.009_gtr/c0.001_s0.009_gtr_base-snps-concat_pop	population	0.2	random	16	0.877938170669392
simulation/sim_c0.001_s0.009/c0.001_s0.009_gtr/c0.001_s0.009_gtr_base-snps-concat_pop	population	0.2	random	17	0.8801627929159646
simulation/sim_c0.001_s0.009/c0.001_s0.009_gtr/c0.001_s0.009_gtr_base-snps-concat_pop	population	0.2	random	18	0.8775258123772725
simulation/sim_c0.001_s0.009/c0.001_s0.009_gtr/c0.001_s0.009_gtr_base-snps-concat_pop	population	0.2	random	19	0.8797698945349952
simulation/sim_c0.001_s0.009/c0.001_s0.009_gtr/c0.001_s0.009_gtr_base-snps-concat_pop	population	0.2	random	20	0.878690284487386
simulation/sim_c0.001_s0.009/c0.001_s0.009_gtr/c0.001_s0.009_gtr_base-snps-concat_pop	population	0.2	nonrandom	1	0.8675016689449089
simulation/sim_c0.001_s0.009/c0.001_s0.009_gtr/c0.001_s0.009_gtr_base-snps-concat_pop	population	0.2	nonrandom	2	0.868906602305567
simulation/sim_c0.001_s0.009/c0.001_s0.009_gtr/c0.001_s0.009_gtr_base-snps-concat_pop	population	0.2	nonrandom	3	0.8762991450274926
simulation/sim_c0.001_s0.009/c0.001_s0.009_gtr/c0.001_s0.009_gtr_base-snps-concat_pop	population	0.2	nonrandom	4	0.8742410274342753
simulation/sim_c0.001_s0.009/c0.001_s0.009_gtr/c0.001_s0.009_gtr_base-snps-concat_pop	population	0.2	nonrandom	5	0.8695403576760585
simulation/sim_c0.001_s0.009/c0.001_s0.009_gtr/c0.001_s0.009_gtr_base-snps-concat_pop	population	0.2	nonrandom	6	0.8646088311027752
simulation/sim_c0.001_s0.009/c0.001_s0.009_gtr/c0.001_s0.009_gtr_base-snps-concat_pop	population	0.2	nonrandom	7	0.8652452974072191
simulation/sim_c0.001_s0.009/c0.001_s0.009_gtr/c0.001_s0.009_gtr_base-snps-concat_pop	population	0.2	nonrandom	8	0.86028641285365
simulation/sim_c0.001_s0.009/c0.001_s0.009_gtr/c0.001_s0.009_gtr_base-snps-concat_pop	population	0.2	nonrandom	9	0.8592001525940997
simulation/sim_c0.001_s0.009/c0.001_s0.009_gtr/c0.001_s0.009_gtr_base-snps-concat_pop	population	0.2	nonrandom	10	0.8646406205296119
simulation/sim_c0.001_s0.009/c0.001_s0.009_gtr/c0.001_s0.009_gtr_base-snps-concat_pop	population	0.2	nonrandom	11	0.860190100772483
simulation/sim_c0.001_s0.009/c0.001_s0.009_gtr/c0.001_s0.009_gtr_base-snps-concat_pop	population	0.2	nonrandom	12	0.8626060972120673
simulation/sim_c0.001_s0.009/c0.001_s0.009_gtr/c0.001_s0.009_gtr_base-snps-concat_pop	population	0.2	nonrandom	13	0.8587951194712761
simulation/sim_c0.001_s0.009/c0.001_s0.009_gtr/c0.001_s0.009_gtr_base-snps-concat_pop	population	0.2	nonrandom	14	0.8668043858255204
simulation/sim_c0.001_s0.009/c0.001_s0.009_gtr/c0.001_s0.009_gtr_base-snps-concat_pop	population	0.2	nonrandom	15	0.8607940998823791
simulation/sim_c0.001_s0.009/c0.001_s0.009_gtr/c0.001_s0.009_gtr_base-snps-concat_pop	population	0.2	nonrandom	16	0.8597126875158911
simulation/sim_c0.001_s0.009/c0.001_s0.009_gtr/c0.001_s0.009_gtr_base-snps-concat_pop	population	0.2	nonrandom	17	0.861043997965412
simulation/sim_c0.001_s0.009/c0.001_s0.009_gtr/c0.001_s0.009_gtr_base-snps-concat_pop	population	0.2	nonrandom	18	0.8690389197776013
simulation/sim_c0.001_s0.009/c0.001_s0.009_gtr/c0.001_s0.009_gtr_base-snps-concat_pop	population	0.2	nonrandom	19	0.8684402679450142
simulation/sim_c0.001_s0.009/c0.001_s0.009_gtr/c0.001_s0.009_gtr_base-snps-concat_pop	population	0.2	nonrandom	20	0.8667365878464277
simulation/sim_c0.001_s0.009/c0.001_s0.009_gtr/c0.001_s0.009_gtr_base-snps-concat_pop	population	0.2	nonrandom_weighted	1	0.8250627841180024
simulation/sim_c0.001_s0.009/c0.001_s0.009_gtr/c0.001_s0.009_gtr_base-snps-concat_pop	population	0.2	nonrandom_weighted	2	0.8402718236956591
simulation/sim_c0.001_s0.009/c0.001_s0.009_gtr/c0.001_s0.009_gtr_base-snps-concat_pop	population	0.2	nonrandom_weighted	3	0.8364433989255173
simulation/sim_c0.001_s0.009/c0.001_s0.009_gtr/c0.001_s0.009_gtr_base-snps-concat_pop	population	0.2	nonrandom_weighted	4	0.8235368916298439
simulation/sim_c0.001_s0.009/c0.001_s0.009_gtr/c0.001_s0.009_gtr_base-snps-concat_pop	population	0.2	nonrandom_weighted	5	0.831261722351146
simulation/sim_c0.001_s0.009/c0.001_s0.009_gtr/c0.001_s0.009_gtr_base-snps-concat_pop	population	0.2	nonrandom_weighted	6	0.8296032553407935
simulation/sim_c0.001_s0.009/c0.001_s0.009_gtr/c0.001_s0.009_gtr_base-snps-concat_pop	population	0.2	nonrandom_weighted	7	0.8321836157294084
simulation/sim_c0.001_s0.009/c0.001_s0.009_gtr/c0.001_s0.009_gtr_base-snps-concat_pop	population	0.2	nonrandom_weighted	8	0.8339002447785866
simulation/sim_c0.001_s0.009/c0.001_s0.009_gtr/c0.001_s0.009_gtr_base-snps-concat_pop	population	0.2	nonrandom_weighted	9	0.8308802492291064
simulation/sim_c0.001_s0.009/c0.001_s0.009_gtr/c0.001_s0.009_gtr_base-snps-concat_pop	population	0.2	nonrandom_weighted	10	0.8306377299736265
simulation/sim_c0.001_s0.009/c0.001_s0.009_gtr/c0.001_s0.009_gtr_base-snps-concat_pop	population	0.2	nonrandom_weighted	11	0.8217884731538291
simulation/sim_c0.001_s0.009/c0.001_s0.009_gtr/c0.001_s0.009_gtr_base-snps-concat_pop	population	0.2	nonrandom_weighted	12	0.8305941443875767
simulation/sim_c0.001_s0.009/c0.001_s0.009_gtr/c0.001_s0.009_gtr_base-snps-concat_pop	population	0.2	nonrandom_weighted	13	0.8154623772133388
simulation/sim_c0.001_s0.009/c0.001_s0.009_gtr/c0.001_s0.009_gtr_base-snps-concat_pop	population	0.2	nonrandom_weighted	14	0.8407920666200496
simulation/sim_c0.001_s0.009/c0.001_s0.009_gtr/c0.001_s0.009_gtr_base-snps-concat_pop	population	0.2	nonrandom_weighted	15	0.8065613376990813
simulation/sim_c0.001_s0.009/c0.001_s0.009_gtr/c0.001_s0.009_gtr_base-snps-concat_pop	population	0.2	nonrandom_weighted	16	0.8083354526958291
simulation/sim_c0.001_s0.009/c0.001_s0.009_gtr/c0.001_s0.009_gtr_base-snps-concat_pop	population	0.2	nonrandom_weighted	17	0.8272880439965667
simulation/sim_c0.001_s0.009/c0.001_s0.009_gtr/c0.001_s0.009_gtr_base-snps-concat_pop	population	0.2	nonrandom_weighted	18	0.8310074069364529
simulation/sim_c0.001_s0.009/c0.001_s0.009_gtr/c0.001_s0.009_gtr_base-snps-concat_pop	population	0.2	nonrandom_weighted	19	0.8328089744812025
simulation/sim_c0.001_s0.009/c0.001_s0.009_gtr/c0.001_s0.009_gtr_base-snps-concat_pop	population	0.2	nonrandom_weighted	20	0.8228057348126013
