simulation/sim_c0.001_s0.009/c0.001_s0.009_gtr/c0.001_s0.009_gtr_base-snps-concat_popWrong	population2	0.2	random	1	0.8777238557426967
simulation/sim_c0.001_s0.009/c0.001_s0.009_gtr/c0.001_s0.009_gtr_base-snps-concat_popWrong	population2	0.2	random	2	0.8766883282364933
simulation/sim_c0.001_s0.009/c0.001_s0.009_gtr/c0.001_s0.009_gtr_base-snps-concat_popWrong	population2	0.2	random	3	0.8778885220924327
simulation/sim_c0.001_s0.009/c0.001_s0.009_gtr/c0.001_s0.009_gtr_base-snps-concat_popWrong	population2	0.2	random	4	0.8756303057381758
simulation/sim_c0.001_s0.009/c0.001_s0.009_gtr/c0.001_s0.009_gtr_base-snps-concat_popWrong	population2	0.2	random	5	0.8752901523100893
simulation/sim_c0.001_s0.009/c0.001_s0.009_gtr/c0.001_s0.009_gtr_base-snps-concat_popWrong	population2	0.2	random	6	0.8745370961563019
simulation/sim_c0.001_s0.009/c0.001_s0.009_gtr/c0.001_s0.009_gtr_base-snps-concat_popWrong	population2	0.2	random	7	0.8805889289014946
simulation/sim_c0.001_s0.009/c0.001_s0.009_gtr/c0.001_s0.009_gtr_base-snps-concat_popWrong	population2	0.2	random	8	0.8766650694777192
simulation/sim_c0.001_s0.009/c0.001_s0.009_gtr/c0.001_s0.009_gtr_base-snps-concat_popWrong	population2	0.2	random	9	0.8795066112819863
simulation/sim_c0.001_s0.009/c0.001_s0.009_gtr/c0.001_s0.009_gtr_base-snps-concat_popWrong	population2	0.2	random	10	0.8770233741453332
simulation/sim_c0.001_s0.009/c0.001_s0.009_gtr/c0.001_s0.009_gtr_base-snps-concat_popWrong	population2	0.2	random	11	0.8792714326583807
simulation/sim_c0.001_s0.009/c0.001_s0.009_gtr/c0.001_s0.009_gtr_base-snps-concat_popWrong	population2	0.2	random	12	0.8756594534828621
simulation/sim_c0.001_s0.009/c0.001_s0.009_gtr/c0.001_s0.009_gtr_base-snps-concat_popWrong	population2	0.2	random	13	0.8775698849329041
simulation/sim_c0.001_s0.009/c0.001_s0.009_gtr/c0.001_s0.009_gtr_base-snps-concat_popWrong	population2	0.2	random	14	0.8781793842034806
simulation/sim_c0.001_s0.009/c0.001_s0.009_gtr/c0.001_s0.009_gtr_base-snps-concat_popWrong	population2	0.2	random	15	0.8775191326530613
simulation/sim_c0.001_s0.009/c0.001_s0.009_gtr/c0.001_s0.009_gtr_base-snps-concat_popWrong	population2	0.2	random	16	0.8756141134435016
simulation/sim_c0.001_s0.009/c0.001_s0.009_gtr/c0.001_s0.009_gtr_base-snps-concat_popWrong	population2	0.2	random	17	0.8799443952988752
simulation/sim_c0.001_s0.009/c0.001_s0.009_gtr/c0.001_s0.009_gtr_base-snps-concat_popWrong	population2	0.2	random	18	0.8779304260146206
simulation/sim_c0.001_s0.009/c0.001_s0.009_gtr/c0.001_s0.009_gtr_base-snps-concat_popWrong	population2	0.2	random	19	0.8788303497483596
simulation/sim_c0.001_s0.009/c0.001_s0.009_gtr/c0.001_s0.009_gtr_base-snps-concat_popWrong	population2	0.2	random	20	0.8754315396066259
simulation/sim_c0.001_s0.009/c0.001_s0.009_gtr/c0.001_s0.009_gtr_base-snps-concat_popWrong	population2	0.2	nonrandom	1	0.8693333333333333
simulation/sim_c0.001_s0.009/c0.001_s0.009_gtr/c0.001_s0.009_gtr_base-snps-concat_popWrong	population2	0.2	nonrandom	2	0.8738595543122357
simulation/sim_c0.001_s0.009/c0.001_s0.009_gtr/c0.001_s0.009_gtr_base-snps-concat_popWrong	population2	0.2	nonrandom	3	0.8541812178551019
simulation/sim_c0.001_s0.009/c0.001_s0.009_gtr/c0.001_s0.009_gtr_base-snps-concat_popWrong	population2	0.2	nonrandom	4	0.8686737029501526
simulation/sim_c0.001_s0.009/c0.001_s0.009_gtr/c0.001_s0.009_gtr_base-snps-concat_popWrong	population2	0.2	nonrandom	5	0.8550697024546696
simulation/sim_c0.001_s0.009/c0.001_s0.009_gtr/c0.001_s0.009_gtr_base-snps-concat_popWrong	population2	0.2	nonrandom	6	0.862792472024415
simulation/sim_c0.001_s0.009/c0.001_s0.009_gtr/c0.001_s0.009_gtr_base-snps-concat_popWrong	population2	0.2	nonrandom	7	0.8656260927615476
simulation/sim_c0.001_s0.009/c0.001_s0.009_gtr/c0.001_s0.009_gtr_base-snps-concat_popWrong	population2	0.2	nonrandom	8	0.8704898750675525
simulation/sim_c0.001_s0.009/c0.001_s0.009_gtr/c0.001_s0.009_gtr_base-snps-concat_popWrong	population2	0.2	nonrandom	9	0.8666962897133971
simulation/sim_c0.001_s0.009/c0.001_s0.009_gtr/c0.001_s0.009_gtr_base-snps-concat_popWrong	population2	0.2	nonrandom	10	0.8587913659916712
simulation/sim_c0.001_s0.009/c0.001_s0.009_gtr/c0.001_s0.009_gtr_base-snps-concat_popWrong	population2	0.2	nonrandom	11	0.8634400406504065
simulation/sim_c0.001_s0.009/c0.001_s0.009_gtr/c0.001_s0.009_gtr_base-snps-concat_popWrong	population2	0.2	nonrandom	12	0.8708036622583927
simulation/sim_c0.001_s0.009/c0.001_s0.009_gtr/c0.001_s0.009_gtr_base-snps-concat_popWrong	population2	0.2	nonrandom	13	0.8601220752797558
simulation/sim_c0.001_s0.009/c0.001_s0.009_gtr/c0.001_s0.009_gtr_base-snps-concat_popWrong	population2	0.2	nonrandom	14	0.8555869558314546
simulation/sim_c0.001_s0.009/c0.001_s0.009_gtr/c0.001_s0.009_gtr_base-snps-concat_popWrong	population2	0.2	nonrandom	15	0.8629875703341069
simulation/sim_c0.001_s0.009/c0.001_s0.009_gtr/c0.001_s0.009_gtr_base-snps-concat_popWrong	population2	0.2	nonrandom	16	0.8595225228089137
simulation/sim_c0.001_s0.009/c0.001_s0.009_gtr/c0.001_s0.009_gtr_base-snps-concat_popWrong	population2	0.2	nonrandom	17	0.8701996439471007
simulation/sim_c0.001_s0.009/c0.001_s0.009_gtr/c0.001_s0.009_gtr_base-snps-concat_popWrong	population2	0.2	nonrandom	18	0.8616798067141404
simulation/sim_c0.001_s0.009/c0.001_s0.009_gtr/c0.001_s0.009_gtr_base-snps-concat_popWrong	population2	0.2	nonrandom	19	0.8663851941208216
simulation/sim_c0.001_s0.009/c0.001_s0.009_gtr/c0.001_s0.009_gtr_base-snps-concat_popWrong	population2	0.2	nonrandom	20	0.8608886346300534
simulation/sim_c0.001_s0.009/c0.001_s0.009_gtr/c0.001_s0.009_gtr_base-snps-concat_popWrong	population2	0.2	nonrandom_weighted	1	0.8159392186158884
simulation/sim_c0.001_s0.009/c0.001_s0.009_gtr/c0.001_s0.009_gtr_base-snps-concat_popWrong	population2	0.2	nonrandom_weighted	2	0.818927424738532
simulation/sim_c0.001_s0.009/c0.001_s0.009_gtr/c0.001_s0.009_gtr_base-snps-concat_popWrong	population2	0.2	nonrandom_weighted	3	0.8188002670311855
simulation/sim_c0.001_s0.009/c0.001_s0.009_gtr/c0.001_s0.009_gtr_base-snps-concat_popWrong	population2	0.2	nonrandom_weighted	4	0.8063070222843882
simulation/sim_c0.001_s0.009/c0.001_s0.009_gtr/c0.001_s0.009_gtr_base-snps-concat_popWrong	population2	0.2	nonrandom_weighted	5	0.812410592237022
simulation/sim_c0.001_s0.009/c0.001_s0.009_gtr/c0.001_s0.009_gtr_base-snps-concat_popWrong	population2	0.2	nonrandom_weighted	6	0.8105350160536605
simulation/sim_c0.001_s0.009/c0.001_s0.009_gtr/c0.001_s0.009_gtr_base-snps-concat_popWrong	population2	0.2	nonrandom_weighted	7	0.8171154274088438
simulation/sim_c0.001_s0.009/c0.001_s0.009_gtr/c0.001_s0.009_gtr_base-snps-concat_popWrong	population2	0.2	nonrandom_weighted	8	0.8281463585211558
simulation/sim_c0.001_s0.009/c0.001_s0.009_gtr/c0.001_s0.009_gtr_base-snps-concat_popWrong	population2	0.2	nonrandom_weighted	9	0.8246813109959628
simulation/sim_c0.001_s0.009/c0.001_s0.009_gtr/c0.001_s0.009_gtr_base-snps-concat_popWrong	population2	0.2	nonrandom_weighted	10	0.802484827301325
simulation/sim_c0.001_s0.009/c0.001_s0.009_gtr/c0.001_s0.009_gtr_base-snps-concat_popWrong	population2	0.2	nonrandom_weighted	11	0.8169882697014973
simulation/sim_c0.001_s0.009/c0.001_s0.009_gtr/c0.001_s0.009_gtr_base-snps-concat_popWrong	population2	0.2	nonrandom_weighted	12	0.8219574197648554
simulation/sim_c0.001_s0.009/c0.001_s0.009_gtr/c0.001_s0.009_gtr_base-snps-concat_popWrong	population2	0.2	nonrandom_weighted	13	0.8058557985757884
simulation/sim_c0.001_s0.009/c0.001_s0.009_gtr/c0.001_s0.009_gtr_base-snps-concat_popWrong	population2	0.2	nonrandom_weighted	14	0.8312881485249237
simulation/sim_c0.001_s0.009/c0.001_s0.009_gtr/c0.001_s0.009_gtr_base-snps-concat_popWrong	population2	0.2	nonrandom_weighted	15	0.8012207139905267
simulation/sim_c0.001_s0.009/c0.001_s0.009_gtr/c0.001_s0.009_gtr_base-snps-concat_popWrong	population2	0.2	nonrandom_weighted	16	0.8140636424325269
simulation/sim_c0.001_s0.009/c0.001_s0.009_gtr/c0.001_s0.009_gtr_base-snps-concat_popWrong	population2	0.2	nonrandom_weighted	17	0.8087865975776457
simulation/sim_c0.001_s0.009/c0.001_s0.009_gtr/c0.001_s0.009_gtr_base-snps-concat_popWrong	population2	0.2	nonrandom_weighted	18	0.8157802714817052
simulation/sim_c0.001_s0.009/c0.001_s0.009_gtr/c0.001_s0.009_gtr_base-snps-concat_popWrong	population2	0.2	nonrandom_weighted	19	0.8135189245876633
simulation/sim_c0.001_s0.009/c0.001_s0.009_gtr/c0.001_s0.009_gtr_base-snps-concat_popWrong	population2	0.2	nonrandom_weighted	20	0.8140510311080041
