simulation/sim_c0.001_s0.009/c0.001_s0.009_gtr/c0.001_s0.009_gtr_base-snps-concat_global	global	0.2	random	1	0.878892402031235
simulation/sim_c0.001_s0.009/c0.001_s0.009_gtr/c0.001_s0.009_gtr_base-snps-concat_global	global	0.2	random	2	0.8788083084529198
simulation/sim_c0.001_s0.009/c0.001_s0.009_gtr/c0.001_s0.009_gtr_base-snps-concat_global	global	0.2	random	3	0.8780588835075197
simulation/sim_c0.001_s0.009/c0.001_s0.009_gtr/c0.001_s0.009_gtr_base-snps-concat_global	global	0.2	random	4	0.8783662764664492
simulation/sim_c0.001_s0.009/c0.001_s0.009_gtr/c0.001_s0.009_gtr_base-snps-concat_global	global	0.2	random	5	0.8745937679220035
simulation/sim_c0.001_s0.009/c0.001_s0.009_gtr/c0.001_s0.009_gtr_base-snps-concat_global	global	0.2	random	6	0.8807725403958313
simulation/sim_c0.001_s0.009/c0.001_s0.009_gtr/c0.001_s0.009_gtr_base-snps-concat_global	global	0.2	random	7	0.8763770676088004
simulation/sim_c0.001_s0.009/c0.001_s0.009_gtr/c0.001_s0.009_gtr_base-snps-concat_global	global	0.2	random	8	0.8768343479653957
simulation/sim_c0.001_s0.009/c0.001_s0.009_gtr/c0.001_s0.009_gtr_base-snps-concat_global	global	0.2	random	9	0.8779482627441034
simulation/sim_c0.001_s0.009/c0.001_s0.009_gtr/c0.001_s0.009_gtr_base-snps-concat_global	global	0.2	random	10	0.8776399491094148
simulation/sim_c0.001_s0.009/c0.001_s0.009_gtr/c0.001_s0.009_gtr_base-snps-concat_global	global	0.2	random	11	0.8787763753123913
simulation/sim_c0.001_s0.009/c0.001_s0.009_gtr/c0.001_s0.009_gtr_base-snps-concat_global	global	0.2	random	12	0.8772349936143039
simulation/sim_c0.001_s0.009/c0.001_s0.009_gtr/c0.001_s0.009_gtr_base-snps-concat_global	global	0.2	random	13	0.8772452244432477
simulation/sim_c0.001_s0.009/c0.001_s0.009_gtr/c0.001_s0.009_gtr_base-snps-concat_global	global	0.2	random	14	0.8793048265266932
simulation/sim_c0.001_s0.009/c0.001_s0.009_gtr/c0.001_s0.009_gtr_base-snps-concat_global	global	0.2	random	15	0.8795997213249731
simulation/sim_c0.001_s0.009/c0.001_s0.009_gtr/c0.001_s0.009_gtr_base-snps-concat_global	global	0.2	random	16	0.8795476266326856
simulation/sim_c0.001_s0.009/c0.001_s0.009_gtr/c0.001_s0.009_gtr_base-snps-concat_global	global	0.2	random	17	0.8755021350624703
simulation/sim_c0.001_s0.009/c0.001_s0.009_gtr/c0.001_s0.009_gtr_base-snps-concat_global	global	0.2	random	18	0.8780984503770644
simulation/sim_c0.001_s0.009/c0.001_s0.009_gtr/c0.001_s0.009_gtr_base-snps-concat_global	global	0.2	random	19	0.8781868792307206
simulation/sim_c0.001_s0.009/c0.001_s0.009_gtr/c0.001_s0.009_gtr_base-snps-concat_global	global	0.2	random	20	0.8759114749904056
simulation/sim_c0.001_s0.009/c0.001_s0.009_gtr/c0.001_s0.009_gtr_base-snps-concat_global	global	0.2	nonrandom	1	0.8630398169627252
simulation/sim_c0.001_s0.009/c0.001_s0.009_gtr/c0.001_s0.009_gtr_base-snps-concat_global	global	0.2	nonrandom	2	0.86771998982706
simulation/sim_c0.001_s0.009/c0.001_s0.009_gtr/c0.001_s0.009_gtr_base-snps-concat_global	global	0.2	nonrandom	3	0.8729009935561692
simulation/sim_c0.001_s0.009/c0.001_s0.009_gtr/c0.001_s0.009_gtr_base-snps-concat_global	global	0.2	nonrandom	4	0.8732380952380953
simulation/sim_c0.001_s0.009/c0.001_s0.009_gtr/c0.001_s0.009_gtr_base-snps-concat_global	global	0.2	nonrandom	5	0.8576424211597151
simulation/sim_c0.001_s0.009/c0.001_s0.009_gtr/c0.001_s0.009_gtr_base-snps-concat_global	global	0.2	nonrandom	6	0.872715134946117
simulation/sim_c0.001_s0.009/c0.001_s0.009_gtr/c0.001_s0.009_gtr_base-snps-concat_global	global	0.2	nonrandom	7	0.8639094637123693
simulation/sim_c0.001_s0.009/c0.001_s0.009_gtr/c0.001_s0.009_gtr_base-snps-concat_global	global	0.2	nonrandom	8	0.884605614124222
simulation/sim_c0.001_s0.009/c0.001_s0.009_gtr/c0.001_s0.009_gtr_base-snps-concat_global	global	0.2	nonrandom	9	0.8640640895218719
simulation/sim_c0.001_s0.009/c0.001_s0.009_gtr/c0.001_s0.009_gtr_base-snps-concat_global	global	0.2	nonrandom	10	0.8762437613249833
simulation/sim_c0.001_s0.009/c0.001_s0.009_gtr/c0.001_s0.009_gtr_base-snps-concat_global	global	0.2	nonrandom	11	0.8664526178593
simulation/sim_c0.001_s0.009/c0.001_s0.009_gtr/c0.001_s0.009_gtr_base-snps-concat_global	global	0.2	nonrandom	12	0.8641002002733891
simulation/sim_c0.001_s0.009/c0.001_s0.009_gtr/c0.001_s0.009_gtr_base-snps-concat_global	global	0.2	nonrandom	13	0.8730330292144832
simulation/sim_c0.001_s0.009/c0.001_s0.009_gtr/c0.001_s0.009_gtr_base-snps-concat_global	global	0.2	nonrandom	14	0.862257377934496
simulation/sim_c0.001_s0.009/c0.001_s0.009_gtr/c0.001_s0.009_gtr_base-snps-concat_global	global	0.2	nonrandom	15	0.8734985700667303
simulation/sim_c0.001_s0.009/c0.001_s0.009_gtr/c0.001_s0.009_gtr_base-snps-concat_global	global	0.2	nonrandom	16	0.86954313109185
simulation/sim_c0.001_s0.009/c0.001_s0.009_gtr/c0.001_s0.009_gtr_base-snps-concat_global	global	0.2	nonrandom	17	0.8703315548780488
simulation/sim_c0.001_s0.009/c0.001_s0.009_gtr/c0.001_s0.009_gtr_base-snps-concat_global	global	0.2	nonrandom	18	0.8728918532634588
simulation/sim_c0.001_s0.009/c0.001_s0.009_gtr/c0.001_s0.009_gtr_base-snps-concat_global	global	0.2	nonrandom	19	0.8730456336595906
simulation/sim_c0.001_s0.009/c0.001_s0.009_gtr/c0.001_s0.009_gtr_base-snps-concat_global	global	0.2	nonrandom	20	0.8685331130036863
simulation/sim_c0.001_s0.009/c0.001_s0.009_gtr/c0.001_s0.009_gtr_base-snps-concat_global	global	0.2	nonrandom_weighted	1	0.8227056208320102
simulation/sim_c0.001_s0.009/c0.001_s0.009_gtr/c0.001_s0.009_gtr_base-snps-concat_global	global	0.2	nonrandom_weighted	2	0.8301808818387004
simulation/sim_c0.001_s0.009/c0.001_s0.009_gtr/c0.001_s0.009_gtr_base-snps-concat_global	global	0.2	nonrandom_weighted	3	0.8378739231331659
simulation/sim_c0.001_s0.009/c0.001_s0.009_gtr/c0.001_s0.009_gtr_base-snps-concat_global	global	0.2	nonrandom_weighted	4	0.8151444829449725
simulation/sim_c0.001_s0.009/c0.001_s0.009_gtr/c0.001_s0.009_gtr_base-snps-concat_global	global	0.2	nonrandom_weighted	5	0.8359119356990818
simulation/sim_c0.001_s0.009/c0.001_s0.009_gtr/c0.001_s0.009_gtr_base-snps-concat_global	global	0.2	nonrandom_weighted	6	0.8257166465391216
simulation/sim_c0.001_s0.009/c0.001_s0.009_gtr/c0.001_s0.009_gtr_base-snps-concat_global	global	0.2	nonrandom_weighted	7	0.8270392269057155
simulation/sim_c0.001_s0.009/c0.001_s0.009_gtr/c0.001_s0.009_gtr_base-snps-concat_global	global	0.2	nonrandom_weighted	8	0.8311663540706361
simulation/sim_c0.001_s0.009/c0.001_s0.009_gtr/c0.001_s0.009_gtr_base-snps-concat_global	global	0.2	nonrandom_weighted	9	0.8273198334234034
simulation/sim_c0.001_s0.009/c0.001_s0.009_gtr/c0.001_s0.009_gtr_base-snps-concat_global	global	0.2	nonrandom_weighted	10	0.827045924042587
simulation/sim_c0.001_s0.009/c0.001_s0.009_gtr/c0.001_s0.009_gtr_base-snps-concat_global	global	0.2	nonrandom_weighted	11	0.828305305655339
simulation/sim_c0.001_s0.009/c0.001_s0.009_gtr/c0.001_s0.009_gtr_base-snps-concat_global	global	0.2	nonrandom_weighted	12	0.8174333216772102
simulation/sim_c0.001_s0.009/c0.001_s0.009_gtr/c0.001_s0.009_gtr_base-snps-concat_global	global	0.2	nonrandom_weighted	13	0.8255976602238047
simulation/sim_c0.001_s0.009/c0.001_s0.009_gtr/c0.001_s0.009_gtr_base-snps-concat_global	global	0.2	nonrandom_weighted	14	0.8304034078265569
simulation/sim_c0.001_s0.009/c0.001_s0.009_gtr/c0.001_s0.009_gtr_base-snps-concat_global	global	0.2	nonrandom_weighted	15	0.8285505450154129
simulation/sim_c0.001_s0.009/c0.001_s0.009_gtr/c0.001_s0.009_gtr_base-snps-concat_global	global	0.2	nonrandom_weighted	16	0.8313253012048193
simulation/sim_c0.001_s0.009/c0.001_s0.009_gtr/c0.001_s0.009_gtr_base-snps-concat_global	global	0.2	nonrandom_weighted	17	0.8359665575229679
simulation/sim_c0.001_s0.009/c0.001_s0.009_gtr/c0.001_s0.009_gtr_base-snps-concat_global	global	0.2	nonrandom_weighted	18	0.8233087487283826
simulation/sim_c0.001_s0.009/c0.001_s0.009_gtr/c0.001_s0.009_gtr_base-snps-concat_global	global	0.2	nonrandom_weighted	19	0.8401627618654036
simulation/sim_c0.001_s0.009/c0.001_s0.009_gtr/c0.001_s0.009_gtr_base-snps-concat_global	global	0.2	nonrandom_weighted	20	0.8275456711675934
