simulation/sim_c0.008_s0.002/c0.008_s0.002_gtr/c0.008_s0.002_gtr_base-snps-concat_popWrong	population2	0.2	random	1	0.969101736663237
simulation/sim_c0.008_s0.002/c0.008_s0.002_gtr/c0.008_s0.002_gtr_base-snps-concat_popWrong	population2	0.2	random	2	0.9679325955734407
simulation/sim_c0.008_s0.002/c0.008_s0.002_gtr/c0.008_s0.002_gtr_base-snps-concat_popWrong	population2	0.2	random	3	0.9683787012007292
simulation/sim_c0.008_s0.002/c0.008_s0.002_gtr/c0.008_s0.002_gtr_base-snps-concat_popWrong	population2	0.2	random	4	0.9683444323989469
simulation/sim_c0.008_s0.002/c0.008_s0.002_gtr/c0.008_s0.002_gtr_base-snps-concat_popWrong	population2	0.2	random	5	0.9695469175538499
simulation/sim_c0.008_s0.002/c0.008_s0.002_gtr/c0.008_s0.002_gtr_base-snps-concat_popWrong	population2	0.2	random	6	0.9675482265090231
simulation/sim_c0.008_s0.002/c0.008_s0.002_gtr/c0.008_s0.002_gtr_base-snps-concat_popWrong	population2	0.2	random	7	0.9679433155414052
simulation/sim_c0.008_s0.002/c0.008_s0.002_gtr/c0.008_s0.002_gtr_base-snps-concat_popWrong	population2	0.2	random	8	0.9677277716794731
simulation/sim_c0.008_s0.002/c0.008_s0.002_gtr/c0.008_s0.002_gtr_base-snps-concat_popWrong	population2	0.2	random	9	0.9688320620232587
simulation/sim_c0.008_s0.002/c0.008_s0.002_gtr/c0.008_s0.002_gtr_base-snps-concat_popWrong	population2	0.2	random	10	0.9692661120079473
simulation/sim_c0.008_s0.002/c0.008_s0.002_gtr/c0.008_s0.002_gtr_base-snps-concat_popWrong	population2	0.2	random	11	0.9707031860675984
simulation/sim_c0.008_s0.002/c0.008_s0.002_gtr/c0.008_s0.002_gtr_base-snps-concat_popWrong	population2	0.2	random	12	0.9695125796077937
simulation/sim_c0.008_s0.002/c0.008_s0.002_gtr/c0.008_s0.002_gtr_base-snps-concat_popWrong	population2	0.2	random	13	0.9675592335042951
simulation/sim_c0.008_s0.002/c0.008_s0.002_gtr/c0.008_s0.002_gtr_base-snps-concat_popWrong	population2	0.2	random	14	0.9703093424529768
simulation/sim_c0.008_s0.002/c0.008_s0.002_gtr/c0.008_s0.002_gtr_base-snps-concat_popWrong	population2	0.2	random	15	0.969134442941195
simulation/sim_c0.008_s0.002/c0.008_s0.002_gtr/c0.008_s0.002_gtr_base-snps-concat_popWrong	population2	0.2	random	16	0.9687135700557673
simulation/sim_c0.008_s0.002/c0.008_s0.002_gtr/c0.008_s0.002_gtr_base-snps-concat_popWrong	population2	0.2	random	17	0.9695495942011028
simulation/sim_c0.008_s0.002/c0.008_s0.002_gtr/c0.008_s0.002_gtr_base-snps-concat_popWrong	population2	0.2	random	18	0.9676983503534957
simulation/sim_c0.008_s0.002/c0.008_s0.002_gtr/c0.008_s0.002_gtr_base-snps-concat_popWrong	population2	0.2	random	19	0.9699740940728487
simulation/sim_c0.008_s0.002/c0.008_s0.002_gtr/c0.008_s0.002_gtr_base-snps-concat_popWrong	population2	0.2	random	20	0.96911737264415
simulation/sim_c0.008_s0.002/c0.008_s0.002_gtr/c0.008_s0.002_gtr_base-snps-concat_popWrong	population2	0.2	nonrandom	1	0.9636329552910301
simulation/sim_c0.008_s0.002/c0.008_s0.002_gtr/c0.008_s0.002_gtr_base-snps-concat_popWrong	population2	0.2	nonrandom	2	0.9699696884472361
simulation/sim_c0.008_s0.002/c0.008_s0.002_gtr/c0.008_s0.002_gtr_base-snps-concat_popWrong	population2	0.2	nonrandom	3	0.9691832146871487
simulation/sim_c0.008_s0.002/c0.008_s0.002_gtr/c0.008_s0.002_gtr_base-snps-concat_popWrong	population2	0.2	nonrandom	4	0.9696571982125558
simulation/sim_c0.008_s0.002/c0.008_s0.002_gtr/c0.008_s0.002_gtr_base-snps-concat_popWrong	population2	0.2	nonrandom	5	0.9656875
simulation/sim_c0.008_s0.002/c0.008_s0.002_gtr/c0.008_s0.002_gtr_base-snps-concat_popWrong	population2	0.2	nonrandom	6	0.9643526618345414
simulation/sim_c0.008_s0.002/c0.008_s0.002_gtr/c0.008_s0.002_gtr_base-snps-concat_popWrong	population2	0.2	nonrandom	7	0.9654698290678416
simulation/sim_c0.008_s0.002/c0.008_s0.002_gtr/c0.008_s0.002_gtr_base-snps-concat_popWrong	population2	0.2	nonrandom	8	0.9664375
simulation/sim_c0.008_s0.002/c0.008_s0.002_gtr/c0.008_s0.002_gtr_base-snps-concat_popWrong	population2	0.2	nonrandom	9	0.9681329667583104
simulation/sim_c0.008_s0.002/c0.008_s0.002_gtr/c0.008_s0.002_gtr_base-snps-concat_popWrong	population2	0.2	nonrandom	10	0.9711875
simulation/sim_c0.008_s0.002/c0.008_s0.002_gtr/c0.008_s0.002_gtr_base-snps-concat_popWrong	population2	0.2	nonrandom	11	0.9708225297553966
simulation/sim_c0.008_s0.002/c0.008_s0.002_gtr/c0.008_s0.002_gtr_base-snps-concat_popWrong	population2	0.2	nonrandom	12	0.9715946376675729
simulation/sim_c0.008_s0.002/c0.008_s0.002_gtr/c0.008_s0.002_gtr_base-snps-concat_popWrong	population2	0.2	nonrandom	13	0.9649375
simulation/sim_c0.008_s0.002/c0.008_s0.002_gtr/c0.008_s0.002_gtr_base-snps-concat_popWrong	population2	0.2	nonrandom	14	0.9662419586534258
simulation/sim_c0.008_s0.002/c0.008_s0.002_gtr/c0.008_s0.002_gtr_base-snps-concat_popWrong	population2	0.2	nonrandom	15	0.9675947626636667
simulation/sim_c0.008_s0.002/c0.008_s0.002_gtr/c0.008_s0.002_gtr_base-snps-concat_popWrong	population2	0.2	nonrandom	16	0.9694697040717477
simulation/sim_c0.008_s0.002/c0.008_s0.002_gtr/c0.008_s0.002_gtr_base-snps-concat_popWrong	population2	0.2	nonrandom	17	0.9679252943564759
simulation/sim_c0.008_s0.002/c0.008_s0.002_gtr/c0.008_s0.002_gtr_base-snps-concat_popWrong	population2	0.2	nonrandom	18	0.9686074842256512
simulation/sim_c0.008_s0.002/c0.008_s0.002_gtr/c0.008_s0.002_gtr_base-snps-concat_popWrong	population2	0.2	nonrandom	19	0.9710625
simulation/sim_c0.008_s0.002/c0.008_s0.002_gtr/c0.008_s0.002_gtr_base-snps-concat_popWrong	population2	0.2	nonrandom	20	0.9659385644198619
simulation/sim_c0.008_s0.002/c0.008_s0.002_gtr/c0.008_s0.002_gtr_base-snps-concat_popWrong	population2	0.2	nonrandom_weighted	1	0.9691246253746254
simulation/sim_c0.008_s0.002/c0.008_s0.002_gtr/c0.008_s0.002_gtr_base-snps-concat_popWrong	population2	0.2	nonrandom_weighted	2	0.9674476726023118
simulation/sim_c0.008_s0.002/c0.008_s0.002_gtr/c0.008_s0.002_gtr_base-snps-concat_popWrong	population2	0.2	nonrandom_weighted	3	0.9668830763468381
simulation/sim_c0.008_s0.002/c0.008_s0.002_gtr/c0.008_s0.002_gtr_base-snps-concat_popWrong	population2	0.2	nonrandom_weighted	4	0.9677842702246664
simulation/sim_c0.008_s0.002/c0.008_s0.002_gtr/c0.008_s0.002_gtr_base-snps-concat_popWrong	population2	0.2	nonrandom_weighted	5	0.9665772063412807
simulation/sim_c0.008_s0.002/c0.008_s0.002_gtr/c0.008_s0.002_gtr_base-snps-concat_popWrong	population2	0.2	nonrandom_weighted	6	0.9689697196962594
simulation/sim_c0.008_s0.002/c0.008_s0.002_gtr/c0.008_s0.002_gtr_base-snps-concat_popWrong	population2	0.2	nonrandom_weighted	7	0.9668125
simulation/sim_c0.008_s0.002/c0.008_s0.002_gtr/c0.008_s0.002_gtr_base-snps-concat_popWrong	population2	0.2	nonrandom_weighted	8	0.9675947626636667
simulation/sim_c0.008_s0.002/c0.008_s0.002_gtr/c0.008_s0.002_gtr_base-snps-concat_popWrong	population2	0.2	nonrandom_weighted	9	0.9662742403897199
simulation/sim_c0.008_s0.002/c0.008_s0.002_gtr/c0.008_s0.002_gtr_base-snps-concat_popWrong	population2	0.2	nonrandom_weighted	10	0.9649375
simulation/sim_c0.008_s0.002/c0.008_s0.002_gtr/c0.008_s0.002_gtr_base-snps-concat_popWrong	population2	0.2	nonrandom_weighted	11	0.9689878946711593
simulation/sim_c0.008_s0.002/c0.008_s0.002_gtr/c0.008_s0.002_gtr_base-snps-concat_popWrong	population2	0.2	nonrandom_weighted	12	0.9662854643169604
simulation/sim_c0.008_s0.002/c0.008_s0.002_gtr/c0.008_s0.002_gtr_base-snps-concat_popWrong	population2	0.2	nonrandom_weighted	13	0.9688134745789194
simulation/sim_c0.008_s0.002/c0.008_s0.002_gtr/c0.008_s0.002_gtr_base-snps-concat_popWrong	population2	0.2	nonrandom_weighted	14	0.9679583177336828
simulation/sim_c0.008_s0.002/c0.008_s0.002_gtr/c0.008_s0.002_gtr_base-snps-concat_popWrong	population2	0.2	nonrandom_weighted	15	0.9685450115574437
simulation/sim_c0.008_s0.002/c0.008_s0.002_gtr/c0.008_s0.002_gtr_base-snps-concat_popWrong	population2	0.2	nonrandom_weighted	16	0.9683490963573368
simulation/sim_c0.008_s0.002/c0.008_s0.002_gtr/c0.008_s0.002_gtr_base-snps-concat_popWrong	population2	0.2	nonrandom_weighted	17	0.9676572607106028
simulation/sim_c0.008_s0.002/c0.008_s0.002_gtr/c0.008_s0.002_gtr_base-snps-concat_popWrong	population2	0.2	nonrandom_weighted	18	0.9681236340930378
simulation/sim_c0.008_s0.002/c0.008_s0.002_gtr/c0.008_s0.002_gtr_base-snps-concat_popWrong	population2	0.2	nonrandom_weighted	19	0.96803125
simulation/sim_c0.008_s0.002/c0.008_s0.002_gtr/c0.008_s0.002_gtr_base-snps-concat_popWrong	population2	0.2	nonrandom_weighted	20	0.9697196962594918
