simulation/sim_c0.008_s0.002/c0.008_s0.002_gtr/c0.008_s0.002_gtr_base-snps-concat_pop	population	0.2	random	1	0.9691369547632381
simulation/sim_c0.008_s0.002/c0.008_s0.002_gtr/c0.008_s0.002_gtr_base-snps-concat_pop	population	0.2	random	2	0.968481734444514
simulation/sim_c0.008_s0.002/c0.008_s0.002_gtr/c0.008_s0.002_gtr_base-snps-concat_pop	population	0.2	random	3	0.9694620698277748
simulation/sim_c0.008_s0.002/c0.008_s0.002_gtr/c0.008_s0.002_gtr_base-snps-concat_pop	population	0.2	random	4	0.9696016445011991
simulation/sim_c0.008_s0.002/c0.008_s0.002_gtr/c0.008_s0.002_gtr_base-snps-concat_pop	population	0.2	random	5	0.969036948823216
simulation/sim_c0.008_s0.002/c0.008_s0.002_gtr/c0.008_s0.002_gtr_base-snps-concat_pop	population	0.2	random	6	0.9689050819775111
simulation/sim_c0.008_s0.002/c0.008_s0.002_gtr/c0.008_s0.002_gtr_base-snps-concat_pop	population	0.2	random	7	0.9697271088456517
simulation/sim_c0.008_s0.002/c0.008_s0.002_gtr/c0.008_s0.002_gtr_base-snps-concat_pop	population	0.2	random	8	0.9686223137144818
simulation/sim_c0.008_s0.002/c0.008_s0.002_gtr/c0.008_s0.002_gtr_base-snps-concat_pop	population	0.2	random	9	0.9690046886308569
simulation/sim_c0.008_s0.002/c0.008_s0.002_gtr/c0.008_s0.002_gtr_base-snps-concat_pop	population	0.2	random	10	0.9692494247870157
simulation/sim_c0.008_s0.002/c0.008_s0.002_gtr/c0.008_s0.002_gtr_base-snps-concat_pop	population	0.2	random	11	0.9705322897502261
simulation/sim_c0.008_s0.002/c0.008_s0.002_gtr/c0.008_s0.002_gtr_base-snps-concat_pop	population	0.2	random	12	0.9694128640398691
simulation/sim_c0.008_s0.002/c0.008_s0.002_gtr/c0.008_s0.002_gtr_base-snps-concat_pop	population	0.2	random	13	0.969145918688938
simulation/sim_c0.008_s0.002/c0.008_s0.002_gtr/c0.008_s0.002_gtr_base-snps-concat_pop	population	0.2	random	14	0.9702232476926914
simulation/sim_c0.008_s0.002/c0.008_s0.002_gtr/c0.008_s0.002_gtr_base-snps-concat_pop	population	0.2	random	15	0.9692524241476385
simulation/sim_c0.008_s0.002/c0.008_s0.002_gtr/c0.008_s0.002_gtr_base-snps-concat_pop	population	0.2	random	16	0.9697386090378189
simulation/sim_c0.008_s0.002/c0.008_s0.002_gtr/c0.008_s0.002_gtr_base-snps-concat_pop	population	0.2	random	17	0.9680169909735453
simulation/sim_c0.008_s0.002/c0.008_s0.002_gtr/c0.008_s0.002_gtr_base-snps-concat_pop	population	0.2	random	18	0.9697122665320546
simulation/sim_c0.008_s0.002/c0.008_s0.002_gtr/c0.008_s0.002_gtr_base-snps-concat_pop	population	0.2	random	19	0.9689433231269137
simulation/sim_c0.008_s0.002/c0.008_s0.002_gtr/c0.008_s0.002_gtr_base-snps-concat_pop	population	0.2	random	20	0.9677248015997001
simulation/sim_c0.008_s0.002/c0.008_s0.002_gtr/c0.008_s0.002_gtr_base-snps-concat_pop	population	0.2	nonrandom	1	0.9690625
simulation/sim_c0.008_s0.002/c0.008_s0.002_gtr/c0.008_s0.002_gtr_base-snps-concat_pop	population	0.2	nonrandom	2	0.970375
simulation/sim_c0.008_s0.002/c0.008_s0.002_gtr/c0.008_s0.002_gtr_base-snps-concat_pop	population	0.2	nonrandom	3	0.9708446611043405
simulation/sim_c0.008_s0.002/c0.008_s0.002_gtr/c0.008_s0.002_gtr_base-snps-concat_pop	population	0.2	nonrandom	4	0.9693157697590211
simulation/sim_c0.008_s0.002/c0.008_s0.002_gtr/c0.008_s0.002_gtr_base-snps-concat_pop	population	0.2	nonrandom	5	0.9697821943064279
simulation/sim_c0.008_s0.002/c0.008_s0.002_gtr/c0.008_s0.002_gtr_base-snps-concat_pop	population	0.2	nonrandom	6	0.966094809537202
simulation/sim_c0.008_s0.002/c0.008_s0.002_gtr/c0.008_s0.002_gtr_base-snps-concat_pop	population	0.2	nonrandom	7	0.9712508984094247
simulation/sim_c0.008_s0.002/c0.008_s0.002_gtr/c0.008_s0.002_gtr_base-snps-concat_pop	population	0.2	nonrandom	8	0.971375
simulation/sim_c0.008_s0.002/c0.008_s0.002_gtr/c0.008_s0.002_gtr_base-snps-concat_pop	population	0.2	nonrandom	9	0.9704071747757883
simulation/sim_c0.008_s0.002/c0.008_s0.002_gtr/c0.008_s0.002_gtr_base-snps-concat_pop	population	0.2	nonrandom	10	0.9697821943064279
simulation/sim_c0.008_s0.002/c0.008_s0.002_gtr/c0.008_s0.002_gtr_base-snps-concat_pop	population	0.2	nonrandom	11	0.9695947001656198
simulation/sim_c0.008_s0.002/c0.008_s0.002_gtr/c0.008_s0.002_gtr_base-snps-concat_pop	population	0.2	nonrandom	12	0.9697821943064279
simulation/sim_c0.008_s0.002/c0.008_s0.002_gtr/c0.008_s0.002_gtr_base-snps-concat_pop	population	0.2	nonrandom	13	0.9705625
simulation/sim_c0.008_s0.002/c0.008_s0.002_gtr/c0.008_s0.002_gtr_base-snps-concat_pop	population	0.2	nonrandom	14	0.9702509296584482
simulation/sim_c0.008_s0.002/c0.008_s0.002_gtr/c0.008_s0.002_gtr_base-snps-concat_pop	population	0.2	nonrandom	15	0.9713758945032968
simulation/sim_c0.008_s0.002/c0.008_s0.002_gtr/c0.008_s0.002_gtr_base-snps-concat_pop	population	0.2	nonrandom	16	0.9703125
simulation/sim_c0.008_s0.002/c0.008_s0.002_gtr/c0.008_s0.002_gtr_base-snps-concat_pop	population	0.2	nonrandom	17	0.9704705955877758
simulation/sim_c0.008_s0.002/c0.008_s0.002_gtr/c0.008_s0.002_gtr_base-snps-concat_pop	population	0.2	nonrandom	18	0.9677812119509226
simulation/sim_c0.008_s0.002/c0.008_s0.002_gtr/c0.008_s0.002_gtr_base-snps-concat_pop	population	0.2	nonrandom	19	0.9691030522439299
simulation/sim_c0.008_s0.002/c0.008_s0.002_gtr/c0.008_s0.002_gtr_base-snps-concat_pop	population	0.2	nonrandom	20	0.96515625
simulation/sim_c0.008_s0.002/c0.008_s0.002_gtr/c0.008_s0.002_gtr_base-snps-concat_pop	population	0.2	nonrandom_weighted	1	0.967636125082003
simulation/sim_c0.008_s0.002/c0.008_s0.002_gtr/c0.008_s0.002_gtr_base-snps-concat_pop	population	0.2	nonrandom_weighted	2	0.9689384706727915
simulation/sim_c0.008_s0.002/c0.008_s0.002_gtr/c0.008_s0.002_gtr_base-snps-concat_pop	population	0.2	nonrandom_weighted	3	0.9671321898334739
simulation/sim_c0.008_s0.002/c0.008_s0.002_gtr/c0.008_s0.002_gtr_base-snps-concat_pop	population	0.2	nonrandom_weighted	4	0.9670322802412424
simulation/sim_c0.008_s0.002/c0.008_s0.002_gtr/c0.008_s0.002_gtr_base-snps-concat_pop	population	0.2	nonrandom_weighted	5	0.970125
simulation/sim_c0.008_s0.002/c0.008_s0.002_gtr/c0.008_s0.002_gtr_base-snps-concat_pop	population	0.2	nonrandom_weighted	6	0.9681884941095591
simulation/sim_c0.008_s0.002/c0.008_s0.002_gtr/c0.008_s0.002_gtr_base-snps-concat_pop	population	0.2	nonrandom_weighted	7	0.9705018436347729
simulation/sim_c0.008_s0.002/c0.008_s0.002_gtr/c0.008_s0.002_gtr_base-snps-concat_pop	population	0.2	nonrandom_weighted	8	0.9672904495610609
simulation/sim_c0.008_s0.002/c0.008_s0.002_gtr/c0.008_s0.002_gtr_base-snps-concat_pop	population	0.2	nonrandom_weighted	9	0.9715321396206369
simulation/sim_c0.008_s0.002/c0.008_s0.002_gtr/c0.008_s0.002_gtr_base-snps-concat_pop	population	0.2	nonrandom_weighted	10	0.9662510546545421
simulation/sim_c0.008_s0.002/c0.008_s0.002_gtr/c0.008_s0.002_gtr_base-snps-concat_pop	population	0.2	nonrandom_weighted	11	0.9677832635460284
simulation/sim_c0.008_s0.002/c0.008_s0.002_gtr/c0.008_s0.002_gtr_base-snps-concat_pop	population	0.2	nonrandom_weighted	12	0.9702234025933448
simulation/sim_c0.008_s0.002/c0.008_s0.002_gtr/c0.008_s0.002_gtr_base-snps-concat_pop	population	0.2	nonrandom_weighted	13	0.9673125
simulation/sim_c0.008_s0.002/c0.008_s0.002_gtr/c0.008_s0.002_gtr_base-snps-concat_pop	population	0.2	nonrandom_weighted	14	0.9685762478915474
simulation/sim_c0.008_s0.002/c0.008_s0.002_gtr/c0.008_s0.002_gtr_base-snps-concat_pop	population	0.2	nonrandom_weighted	15	0.968219743133027
simulation/sim_c0.008_s0.002/c0.008_s0.002_gtr/c0.008_s0.002_gtr_base-snps-concat_pop	population	0.2	nonrandom_weighted	16	0.9693447079778756
simulation/sim_c0.008_s0.002/c0.008_s0.002_gtr/c0.008_s0.002_gtr_base-snps-concat_pop	population	0.2	nonrandom_weighted	17	0.9666885409830943
simulation/sim_c0.008_s0.002/c0.008_s0.002_gtr/c0.008_s0.002_gtr_base-snps-concat_pop	population	0.2	nonrandom_weighted	18	0.96703125
simulation/sim_c0.008_s0.002/c0.008_s0.002_gtr/c0.008_s0.002_gtr_base-snps-concat_pop	population	0.2	nonrandom_weighted	19	0.9661678797913217
simulation/sim_c0.008_s0.002/c0.008_s0.002_gtr/c0.008_s0.002_gtr_base-snps-concat_pop	population	0.2	nonrandom_weighted	20	0.9691259648135996
