simulation/sim_c0.008_s0.002/c0.008_s0.002_gtr/c0.008_s0.002_gtr_base-snps-concat_nmf	nmf	0.2	random	1	0.9716051706827309
simulation/sim_c0.008_s0.002/c0.008_s0.002_gtr/c0.008_s0.002_gtr_base-snps-concat_nmf	nmf	0.2	random	2	0.9700208794290879
simulation/sim_c0.008_s0.002/c0.008_s0.002_gtr/c0.008_s0.002_gtr_base-snps-concat_nmf	nmf	0.2	random	3	0.9730377658084
simulation/sim_c0.008_s0.002/c0.008_s0.002_gtr/c0.008_s0.002_gtr_base-snps-concat_nmf	nmf	0.2	random	4	0.9734562554139339
simulation/sim_c0.008_s0.002/c0.008_s0.002_gtr/c0.008_s0.002_gtr_base-snps-concat_nmf	nmf	0.2	random	5	0.9703244690789063
simulation/sim_c0.008_s0.002/c0.008_s0.002_gtr/c0.008_s0.002_gtr_base-snps-concat_nmf	nmf	0.2	random	6	0.9712569980921403
simulation/sim_c0.008_s0.002/c0.008_s0.002_gtr/c0.008_s0.002_gtr_base-snps-concat_nmf	nmf	0.2	random	7	0.9714052799899667
simulation/sim_c0.008_s0.002/c0.008_s0.002_gtr/c0.008_s0.002_gtr_base-snps-concat_nmf	nmf	0.2	random	8	0.9716737663629862
simulation/sim_c0.008_s0.002/c0.008_s0.002_gtr/c0.008_s0.002_gtr_base-snps-concat_nmf	nmf	0.2	random	9	0.9698301386940938
simulation/sim_c0.008_s0.002/c0.008_s0.002_gtr/c0.008_s0.002_gtr_base-snps-concat_nmf	nmf	0.2	random	10	0.9715662047608621
simulation/sim_c0.008_s0.002/c0.008_s0.002_gtr/c0.008_s0.002_gtr_base-snps-concat_nmf	nmf	0.2	random	11	0.9717385187732517
simulation/sim_c0.008_s0.002/c0.008_s0.002_gtr/c0.008_s0.002_gtr_base-snps-concat_nmf	nmf	0.2	random	12	0.9723428857151786
simulation/sim_c0.008_s0.002/c0.008_s0.002_gtr/c0.008_s0.002_gtr_base-snps-concat_nmf	nmf	0.2	random	13	0.9676120998679328
simulation/sim_c0.008_s0.002/c0.008_s0.002_gtr/c0.008_s0.002_gtr_base-snps-concat_nmf	nmf	0.2	random	14	0.9716232961586121
simulation/sim_c0.008_s0.002/c0.008_s0.002_gtr/c0.008_s0.002_gtr_base-snps-concat_nmf	nmf	0.2	random	15	0.9719417083553429
simulation/sim_c0.008_s0.002/c0.008_s0.002_gtr/c0.008_s0.002_gtr_base-snps-concat_nmf	nmf	0.2	random	16	0.9714160483391253
simulation/sim_c0.008_s0.002/c0.008_s0.002_gtr/c0.008_s0.002_gtr_base-snps-concat_nmf	nmf	0.2	random	17	0.9709550020213328
simulation/sim_c0.008_s0.002/c0.008_s0.002_gtr/c0.008_s0.002_gtr_base-snps-concat_nmf	nmf	0.2	random	18	0.9716690746906212
simulation/sim_c0.008_s0.002/c0.008_s0.002_gtr/c0.008_s0.002_gtr_base-snps-concat_nmf	nmf	0.2	random	19	0.9710316840955205
simulation/sim_c0.008_s0.002/c0.008_s0.002_gtr/c0.008_s0.002_gtr_base-snps-concat_nmf	nmf	0.2	random	20	0.9727038572685011
simulation/sim_c0.008_s0.002/c0.008_s0.002_gtr/c0.008_s0.002_gtr_base-snps-concat_nmf	nmf	0.2	nonrandom	1	0.9693447079778756
simulation/sim_c0.008_s0.002/c0.008_s0.002_gtr/c0.008_s0.002_gtr_base-snps-concat_nmf	nmf	0.2	nonrandom	2	0.9684072372738352
simulation/sim_c0.008_s0.002/c0.008_s0.002_gtr/c0.008_s0.002_gtr_base-snps-concat_nmf	nmf	0.2	nonrandom	3	0.970856500281127
simulation/sim_c0.008_s0.002/c0.008_s0.002_gtr/c0.008_s0.002_gtr_base-snps-concat_nmf	nmf	0.2	nonrandom	4	0.9671629678184599
simulation/sim_c0.008_s0.002/c0.008_s0.002_gtr/c0.008_s0.002_gtr_base-snps-concat_nmf	nmf	0.2	nonrandom	5	0.96978125
simulation/sim_c0.008_s0.002/c0.008_s0.002_gtr/c0.008_s0.002_gtr_base-snps-concat_nmf	nmf	0.2	nonrandom	6	0.9657198212555858
simulation/sim_c0.008_s0.002/c0.008_s0.002_gtr/c0.008_s0.002_gtr_base-snps-concat_nmf	nmf	0.2	nonrandom	7	0.9687822255554513
simulation/sim_c0.008_s0.002/c0.008_s0.002_gtr/c0.008_s0.002_gtr_base-snps-concat_nmf	nmf	0.2	nonrandom	8	0.9697944649215968
simulation/sim_c0.008_s0.002/c0.008_s0.002_gtr/c0.008_s0.002_gtr_base-snps-concat_nmf	nmf	0.2	nonrandom	9	0.972324607984007
simulation/sim_c0.008_s0.002/c0.008_s0.002_gtr/c0.008_s0.002_gtr_base-snps-concat_nmf	nmf	0.2	nonrandom	10	0.9710493441599001
simulation/sim_c0.008_s0.002/c0.008_s0.002_gtr/c0.008_s0.002_gtr_base-snps-concat_nmf	nmf	0.2	nonrandom	11	0.9651315378366556
simulation/sim_c0.008_s0.002/c0.008_s0.002_gtr/c0.008_s0.002_gtr_base-snps-concat_nmf	nmf	0.2	nonrandom	12	0.9678970707638499
simulation/sim_c0.008_s0.002/c0.008_s0.002_gtr/c0.008_s0.002_gtr_base-snps-concat_nmf	nmf	0.2	nonrandom	13	0.9678436514626456
simulation/sim_c0.008_s0.002/c0.008_s0.002_gtr/c0.008_s0.002_gtr_base-snps-concat_nmf	nmf	0.2	nonrandom	14	0.9695947001656198
simulation/sim_c0.008_s0.002/c0.008_s0.002_gtr/c0.008_s0.002_gtr_base-snps-concat_nmf	nmf	0.2	nonrandom	15	0.9668447861004343
simulation/sim_c0.008_s0.002/c0.008_s0.002_gtr/c0.008_s0.002_gtr_base-snps-concat_nmf	nmf	0.2	nonrandom	16	0.9693759570013437
simulation/sim_c0.008_s0.002/c0.008_s0.002_gtr/c0.008_s0.002_gtr_base-snps-concat_nmf	nmf	0.2	nonrandom	17	0.968475645952448
simulation/sim_c0.008_s0.002/c0.008_s0.002_gtr/c0.008_s0.002_gtr_base-snps-concat_nmf	nmf	0.2	nonrandom	18	0.964438611293397
simulation/sim_c0.008_s0.002/c0.008_s0.002_gtr/c0.008_s0.002_gtr_base-snps-concat_nmf	nmf	0.2	nonrandom	19	0.9651573388331615
simulation/sim_c0.008_s0.002/c0.008_s0.002_gtr/c0.008_s0.002_gtr_base-snps-concat_nmf	nmf	0.2	nonrandom	20	0.9692009745736241
simulation/sim_c0.008_s0.002/c0.008_s0.002_gtr/c0.008_s0.002_gtr_base-snps-concat_nmf	nmf	0.2	nonrandom_weighted	1	0.9702271236214814
simulation/sim_c0.008_s0.002/c0.008_s0.002_gtr/c0.008_s0.002_gtr_base-snps-concat_nmf	nmf	0.2	nonrandom_weighted	2	0.9682574362495708
simulation/sim_c0.008_s0.002/c0.008_s0.002_gtr/c0.008_s0.002_gtr_base-snps-concat_nmf	nmf	0.2	nonrandom_weighted	3	0.9719071279022531
simulation/sim_c0.008_s0.002/c0.008_s0.002_gtr/c0.008_s0.002_gtr_base-snps-concat_nmf	nmf	0.2	nonrandom_weighted	4	0.9673539518900344
simulation/sim_c0.008_s0.002/c0.008_s0.002_gtr/c0.008_s0.002_gtr_base-snps-concat_nmf	nmf	0.2	nonrandom_weighted	5	0.9678840326158268
simulation/sim_c0.008_s0.002/c0.008_s0.002_gtr/c0.008_s0.002_gtr_base-snps-concat_nmf	nmf	0.2	nonrandom_weighted	6	0.9708534872835076
simulation/sim_c0.008_s0.002/c0.008_s0.002_gtr/c0.008_s0.002_gtr_base-snps-concat_nmf	nmf	0.2	nonrandom_weighted	7	0.9709502092834384
simulation/sim_c0.008_s0.002/c0.008_s0.002_gtr/c0.008_s0.002_gtr_base-snps-concat_nmf	nmf	0.2	nonrandom_weighted	8	0.9677197587575388
simulation/sim_c0.008_s0.002/c0.008_s0.002_gtr/c0.008_s0.002_gtr_base-snps-concat_nmf	nmf	0.2	nonrandom_weighted	9	0.9702196806349802
simulation/sim_c0.008_s0.002/c0.008_s0.002_gtr/c0.008_s0.002_gtr_base-snps-concat_nmf	nmf	0.2	nonrandom_weighted	10	0.9673760194993907
simulation/sim_c0.008_s0.002/c0.008_s0.002_gtr/c0.008_s0.002_gtr_base-snps-concat_nmf	nmf	0.2	nonrandom_weighted	11	0.96896875
simulation/sim_c0.008_s0.002/c0.008_s0.002_gtr/c0.008_s0.002_gtr_base-snps-concat_nmf	nmf	0.2	nonrandom_weighted	12	0.9682678493347492
simulation/sim_c0.008_s0.002/c0.008_s0.002_gtr/c0.008_s0.002_gtr_base-snps-concat_nmf	nmf	0.2	nonrandom_weighted	13	0.97125
simulation/sim_c0.008_s0.002/c0.008_s0.002_gtr/c0.008_s0.002_gtr_base-snps-concat_nmf	nmf	0.2	nonrandom_weighted	14	0.9700783958522036
simulation/sim_c0.008_s0.002/c0.008_s0.002_gtr/c0.008_s0.002_gtr_base-snps-concat_nmf	nmf	0.2	nonrandom_weighted	15	0.968625
simulation/sim_c0.008_s0.002/c0.008_s0.002_gtr/c0.008_s0.002_gtr_base-snps-concat_nmf	nmf	0.2	nonrandom_weighted	16	0.9705009218461923
simulation/sim_c0.008_s0.002/c0.008_s0.002_gtr/c0.008_s0.002_gtr_base-snps-concat_nmf	nmf	0.2	nonrandom_weighted	17	0.9734695790756539
simulation/sim_c0.008_s0.002/c0.008_s0.002_gtr/c0.008_s0.002_gtr_base-snps-concat_nmf	nmf	0.2	nonrandom_weighted	18	0.9735
simulation/sim_c0.008_s0.002/c0.008_s0.002_gtr/c0.008_s0.002_gtr_base-snps-concat_nmf	nmf	0.2	nonrandom_weighted	19	0.969125
simulation/sim_c0.008_s0.002/c0.008_s0.002_gtr/c0.008_s0.002_gtr_base-snps-concat_nmf	nmf	0.2	nonrandom_weighted	20	0.9676885097340708
