simulation/sim_c0.004_s0.006/c0.004_s0.006_gtrgamma/c0.004_s0.006_gtrgamma_base-snps-concat_global	global	0.2	random	1	0.9564948708441479
simulation/sim_c0.004_s0.006/c0.004_s0.006_gtrgamma/c0.004_s0.006_gtrgamma_base-snps-concat_global	global	0.2	random	2	0.9545598983158564
simulation/sim_c0.004_s0.006/c0.004_s0.006_gtrgamma/c0.004_s0.006_gtrgamma_base-snps-concat_global	global	0.2	random	3	0.9586616635397123
simulation/sim_c0.004_s0.006/c0.004_s0.006_gtrgamma/c0.004_s0.006_gtrgamma_base-snps-concat_global	global	0.2	random	4	0.9559116986779745
simulation/sim_c0.004_s0.006/c0.004_s0.006_gtrgamma/c0.004_s0.006_gtrgamma_base-snps-concat_global	global	0.2	random	5	0.9563462493790362
simulation/sim_c0.004_s0.006/c0.004_s0.006_gtrgamma/c0.004_s0.006_gtrgamma_base-snps-concat_global	global	0.2	random	6	0.9566224336504757
simulation/sim_c0.004_s0.006/c0.004_s0.006_gtrgamma/c0.004_s0.006_gtrgamma_base-snps-concat_global	global	0.2	random	7	0.954571088414061
simulation/sim_c0.004_s0.006/c0.004_s0.006_gtrgamma/c0.004_s0.006_gtrgamma_base-snps-concat_global	global	0.2	random	8	0.9556573976590078
simulation/sim_c0.004_s0.006/c0.004_s0.006_gtrgamma/c0.004_s0.006_gtrgamma_base-snps-concat_global	global	0.2	random	9	0.9582573709687559
simulation/sim_c0.004_s0.006/c0.004_s0.006_gtrgamma/c0.004_s0.006_gtrgamma_base-snps-concat_global	global	0.2	random	10	0.9567436360241489
simulation/sim_c0.004_s0.006/c0.004_s0.006_gtrgamma/c0.004_s0.006_gtrgamma_base-snps-concat_global	global	0.2	random	11	0.9560126582278481
simulation/sim_c0.004_s0.006/c0.004_s0.006_gtrgamma/c0.004_s0.006_gtrgamma_base-snps-concat_global	global	0.2	random	12	0.9561628415983991
simulation/sim_c0.004_s0.006/c0.004_s0.006_gtrgamma/c0.004_s0.006_gtrgamma_base-snps-concat_global	global	0.2	random	13	0.9577861163227017
simulation/sim_c0.004_s0.006/c0.004_s0.006_gtrgamma/c0.004_s0.006_gtrgamma_base-snps-concat_global	global	0.2	random	14	0.9566619133238267
simulation/sim_c0.004_s0.006/c0.004_s0.006_gtrgamma/c0.004_s0.006_gtrgamma_base-snps-concat_global	global	0.2	random	15	0.9555245818550431
simulation/sim_c0.004_s0.006/c0.004_s0.006_gtrgamma/c0.004_s0.006_gtrgamma_base-snps-concat_global	global	0.2	random	16	0.9562687687687688
simulation/sim_c0.004_s0.006/c0.004_s0.006_gtrgamma/c0.004_s0.006_gtrgamma_base-snps-concat_global	global	0.2	random	17	0.9570216776625825
simulation/sim_c0.004_s0.006/c0.004_s0.006_gtrgamma/c0.004_s0.006_gtrgamma_base-snps-concat_global	global	0.2	random	18	0.9560323383084577
simulation/sim_c0.004_s0.006/c0.004_s0.006_gtrgamma/c0.004_s0.006_gtrgamma_base-snps-concat_global	global	0.2	random	19	0.9561033897239167
simulation/sim_c0.004_s0.006/c0.004_s0.006_gtrgamma/c0.004_s0.006_gtrgamma_base-snps-concat_global	global	0.2	random	20	0.9576212398309895
simulation/sim_c0.004_s0.006/c0.004_s0.006_gtrgamma/c0.004_s0.006_gtrgamma_base-snps-concat_global	global	0.2	nonrandom	1	0.9606009600398978
simulation/sim_c0.004_s0.006/c0.004_s0.006_gtrgamma/c0.004_s0.006_gtrgamma_base-snps-concat_global	global	0.2	nonrandom	2	0.9523779763764765
simulation/sim_c0.004_s0.006/c0.004_s0.006_gtrgamma/c0.004_s0.006_gtrgamma_base-snps-concat_global	global	0.2	nonrandom	3	0.95525
simulation/sim_c0.004_s0.006/c0.004_s0.006_gtrgamma/c0.004_s0.006_gtrgamma_base-snps-concat_global	global	0.2	nonrandom	4	0.9553738609412058
simulation/sim_c0.004_s0.006/c0.004_s0.006_gtrgamma/c0.004_s0.006_gtrgamma_base-snps-concat_global	global	0.2	nonrandom	5	0.9586900818698831
simulation/sim_c0.004_s0.006/c0.004_s0.006_gtrgamma/c0.004_s0.006_gtrgamma_base-snps-concat_global	global	0.2	nonrandom	6	0.95712767952003
simulation/sim_c0.004_s0.006/c0.004_s0.006_gtrgamma/c0.004_s0.006_gtrgamma_base-snps-concat_global	global	0.2	nonrandom	7	0.9609975623476468
simulation/sim_c0.004_s0.006/c0.004_s0.006_gtrgamma/c0.004_s0.006_gtrgamma_base-snps-concat_global	global	0.2	nonrandom	8	0.9620601287580474
simulation/sim_c0.004_s0.006/c0.004_s0.006_gtrgamma/c0.004_s0.006_gtrgamma_base-snps-concat_global	global	0.2	nonrandom	9	0.9648103006437903
simulation/sim_c0.004_s0.006/c0.004_s0.006_gtrgamma/c0.004_s0.006_gtrgamma_base-snps-concat_global	global	0.2	nonrandom	10	0.953627898256359
simulation/sim_c0.004_s0.006/c0.004_s0.006_gtrgamma/c0.004_s0.006_gtrgamma_base-snps-concat_global	global	0.2	nonrandom	11	0.9557814643881751
simulation/sim_c0.004_s0.006/c0.004_s0.006_gtrgamma/c0.004_s0.006_gtrgamma_base-snps-concat_global	global	0.2	nonrandom	12	0.9627476717294831
simulation/sim_c0.004_s0.006/c0.004_s0.006_gtrgamma/c0.004_s0.006_gtrgamma_base-snps-concat_global	global	0.2	nonrandom	13	0.9550028123242298
simulation/sim_c0.004_s0.006/c0.004_s0.006_gtrgamma/c0.004_s0.006_gtrgamma_base-snps-concat_global	global	0.2	nonrandom	14	0.958627585775889
simulation/sim_c0.004_s0.006/c0.004_s0.006_gtrgamma/c0.004_s0.006_gtrgamma_base-snps-concat_global	global	0.2	nonrandom	15	0.9601921757035004
simulation/sim_c0.004_s0.006/c0.004_s0.006_gtrgamma/c0.004_s0.006_gtrgamma_base-snps-concat_global	global	0.2	nonrandom	16	0.9564402224860946
simulation/sim_c0.004_s0.006/c0.004_s0.006_gtrgamma/c0.004_s0.006_gtrgamma_base-snps-concat_global	global	0.2	nonrandom	17	0.9523125
simulation/sim_c0.004_s0.006/c0.004_s0.006_gtrgamma/c0.004_s0.006_gtrgamma_base-snps-concat_global	global	0.2	nonrandom	18	0.9544346521657604
simulation/sim_c0.004_s0.006/c0.004_s0.006_gtrgamma/c0.004_s0.006_gtrgamma_base-snps-concat_global	global	0.2	nonrandom	19	0.9585650896818949
simulation/sim_c0.004_s0.006/c0.004_s0.006_gtrgamma/c0.004_s0.006_gtrgamma_base-snps-concat_global	global	0.2	nonrandom	20	0.9578776326479596
simulation/sim_c0.004_s0.006/c0.004_s0.006_gtrgamma/c0.004_s0.006_gtrgamma_base-snps-concat_global	global	0.2	nonrandom_weighted	1	0.9617476092255766
simulation/sim_c0.004_s0.006/c0.004_s0.006_gtrgamma/c0.004_s0.006_gtrgamma_base-snps-concat_global	global	0.2	nonrandom_weighted	2	0.9571223201450091
simulation/sim_c0.004_s0.006/c0.004_s0.006_gtrgamma/c0.004_s0.006_gtrgamma_base-snps-concat_global	global	0.2	nonrandom_weighted	3	0.9515594724670292
simulation/sim_c0.004_s0.006/c0.004_s0.006_gtrgamma/c0.004_s0.006_gtrgamma_base-snps-concat_global	global	0.2	nonrandom_weighted	4	0.9573151678020124
simulation/sim_c0.004_s0.006/c0.004_s0.006_gtrgamma/c0.004_s0.006_gtrgamma_base-snps-concat_global	global	0.2	nonrandom_weighted	5	0.9498093630851928
simulation/sim_c0.004_s0.006/c0.004_s0.006_gtrgamma/c0.004_s0.006_gtrgamma_base-snps-concat_global	global	0.2	nonrandom_weighted	6	0.9541221326332896
simulation/sim_c0.004_s0.006/c0.004_s0.006_gtrgamma/c0.004_s0.006_gtrgamma_base-snps-concat_global	global	0.2	nonrandom_weighted	7	0.9550596912307019
simulation/sim_c0.004_s0.006/c0.004_s0.006_gtrgamma/c0.004_s0.006_gtrgamma_base-snps-concat_global	global	0.2	nonrandom_weighted	8	0.9548096756047253
simulation/sim_c0.004_s0.006/c0.004_s0.006_gtrgamma/c0.004_s0.006_gtrgamma_base-snps-concat_global	global	0.2	nonrandom_weighted	9	0.9605024685957128
simulation/sim_c0.004_s0.006/c0.004_s0.006_gtrgamma/c0.004_s0.006_gtrgamma_base-snps-concat_global	global	0.2	nonrandom_weighted	10	0.9592525467158303
simulation/sim_c0.004_s0.006/c0.004_s0.006_gtrgamma/c0.004_s0.006_gtrgamma_base-snps-concat_global	global	0.2	nonrandom_weighted	11	0.955875
simulation/sim_c0.004_s0.006/c0.004_s0.006_gtrgamma/c0.004_s0.006_gtrgamma_base-snps-concat_global	global	0.2	nonrandom_weighted	12	0.9506219138696168
simulation/sim_c0.004_s0.006/c0.004_s0.006_gtrgamma/c0.004_s0.006_gtrgamma_base-snps-concat_global	global	0.2	nonrandom_weighted	13	0.9552769461077845
simulation/sim_c0.004_s0.006/c0.004_s0.006_gtrgamma/c0.004_s0.006_gtrgamma_base-snps-concat_global	global	0.2	nonrandom_weighted	14	0.9441909880632461
simulation/sim_c0.004_s0.006/c0.004_s0.006_gtrgamma/c0.004_s0.006_gtrgamma_base-snps-concat_global	global	0.2	nonrandom_weighted	15	0.9566902068620711
simulation/sim_c0.004_s0.006/c0.004_s0.006_gtrgamma/c0.004_s0.006_gtrgamma_base-snps-concat_global	global	0.2	nonrandom_weighted	16	0.9570026873320417
simulation/sim_c0.004_s0.006/c0.004_s0.006_gtrgamma/c0.004_s0.006_gtrgamma_base-snps-concat_global	global	0.2	nonrandom_weighted	17	0.960127492031748
simulation/sim_c0.004_s0.006/c0.004_s0.006_gtrgamma/c0.004_s0.006_gtrgamma_base-snps-concat_global	global	0.2	nonrandom_weighted	18	0.9464953853828885
simulation/sim_c0.004_s0.006/c0.004_s0.006_gtrgamma/c0.004_s0.006_gtrgamma_base-snps-concat_global	global	0.2	nonrandom_weighted	19	0.9546221638852428
simulation/sim_c0.004_s0.006/c0.004_s0.006_gtrgamma/c0.004_s0.006_gtrgamma_base-snps-concat_global	global	0.2	nonrandom_weighted	20	0.9527470466904181
