simulation/sim_c0.004_s0.006/c0.004_s0.006_gtrgamma/c0.004_s0.006_gtrgamma_base-snps-concat_popWrong	population2	0.2	random	1	0.9562943593574897
simulation/sim_c0.004_s0.006/c0.004_s0.006_gtrgamma/c0.004_s0.006_gtrgamma_base-snps-concat_popWrong	population2	0.2	random	2	0.956348959950326
simulation/sim_c0.004_s0.006/c0.004_s0.006_gtrgamma/c0.004_s0.006_gtrgamma_base-snps-concat_popWrong	population2	0.2	random	3	0.95881798176674
simulation/sim_c0.004_s0.006/c0.004_s0.006_gtrgamma/c0.004_s0.006_gtrgamma_base-snps-concat_popWrong	population2	0.2	random	4	0.9556052975191196
simulation/sim_c0.004_s0.006/c0.004_s0.006_gtrgamma/c0.004_s0.006_gtrgamma_base-snps-concat_popWrong	population2	0.2	random	5	0.9577165698582225
simulation/sim_c0.004_s0.006/c0.004_s0.006_gtrgamma/c0.004_s0.006_gtrgamma_base-snps-concat_popWrong	population2	0.2	random	6	0.9581433123008684
simulation/sim_c0.004_s0.006/c0.004_s0.006_gtrgamma/c0.004_s0.006_gtrgamma_base-snps-concat_popWrong	population2	0.2	random	7	0.9585253456221198
simulation/sim_c0.004_s0.006/c0.004_s0.006_gtrgamma/c0.004_s0.006_gtrgamma_base-snps-concat_popWrong	population2	0.2	random	8	0.9556769507728599
simulation/sim_c0.004_s0.006/c0.004_s0.006_gtrgamma/c0.004_s0.006_gtrgamma_base-snps-concat_popWrong	population2	0.2	random	9	0.9591811181368559
simulation/sim_c0.004_s0.006/c0.004_s0.006_gtrgamma/c0.004_s0.006_gtrgamma_base-snps-concat_popWrong	population2	0.2	random	10	0.9562281140570286
simulation/sim_c0.004_s0.006/c0.004_s0.006_gtrgamma/c0.004_s0.006_gtrgamma_base-snps-concat_popWrong	population2	0.2	random	11	0.957349818908455
simulation/sim_c0.004_s0.006/c0.004_s0.006_gtrgamma/c0.004_s0.006_gtrgamma_base-snps-concat_popWrong	population2	0.2	random	12	0.9558065917695984
simulation/sim_c0.004_s0.006/c0.004_s0.006_gtrgamma/c0.004_s0.006_gtrgamma_base-snps-concat_popWrong	population2	0.2	random	13	0.9554625523143232
simulation/sim_c0.004_s0.006/c0.004_s0.006_gtrgamma/c0.004_s0.006_gtrgamma_base-snps-concat_popWrong	population2	0.2	random	14	0.9577915960052761
simulation/sim_c0.004_s0.006/c0.004_s0.006_gtrgamma/c0.004_s0.006_gtrgamma_base-snps-concat_popWrong	population2	0.2	random	15	0.9572030224204138
simulation/sim_c0.004_s0.006/c0.004_s0.006_gtrgamma/c0.004_s0.006_gtrgamma_base-snps-concat_popWrong	population2	0.2	random	16	0.9562445847258324
simulation/sim_c0.004_s0.006/c0.004_s0.006_gtrgamma/c0.004_s0.006_gtrgamma_base-snps-concat_popWrong	population2	0.2	random	17	0.9550877631332375
simulation/sim_c0.004_s0.006/c0.004_s0.006_gtrgamma/c0.004_s0.006_gtrgamma_base-snps-concat_popWrong	population2	0.2	random	18	0.9588510771152045
simulation/sim_c0.004_s0.006/c0.004_s0.006_gtrgamma/c0.004_s0.006_gtrgamma_base-snps-concat_popWrong	population2	0.2	random	19	0.9551350335234037
simulation/sim_c0.004_s0.006/c0.004_s0.006_gtrgamma/c0.004_s0.006_gtrgamma_base-snps-concat_popWrong	population2	0.2	random	20	0.957123885410738
simulation/sim_c0.004_s0.006/c0.004_s0.006_gtrgamma/c0.004_s0.006_gtrgamma_base-snps-concat_popWrong	population2	0.2	nonrandom	1	0.954007229216004
simulation/sim_c0.004_s0.006/c0.004_s0.006_gtrgamma/c0.004_s0.006_gtrgamma_base-snps-concat_popWrong	population2	0.2	nonrandom	2	0.9546673317952236
simulation/sim_c0.004_s0.006/c0.004_s0.006_gtrgamma/c0.004_s0.006_gtrgamma_base-snps-concat_popWrong	population2	0.2	nonrandom	3	0.9438785075932754
simulation/sim_c0.004_s0.006/c0.004_s0.006_gtrgamma/c0.004_s0.006_gtrgamma_base-snps-concat_popWrong	population2	0.2	nonrandom	4	0.9577122185492422
simulation/sim_c0.004_s0.006/c0.004_s0.006_gtrgamma/c0.004_s0.006_gtrgamma_base-snps-concat_popWrong	population2	0.2	nonrandom	5	0.9441709763848215
simulation/sim_c0.004_s0.006/c0.004_s0.006_gtrgamma/c0.004_s0.006_gtrgamma_base-snps-concat_popWrong	population2	0.2	nonrandom	6	0.9570026873320417
simulation/sim_c0.004_s0.006/c0.004_s0.006_gtrgamma/c0.004_s0.006_gtrgamma_base-snps-concat_popWrong	population2	0.2	nonrandom	7	0.9511905505905881
simulation/sim_c0.004_s0.006/c0.004_s0.006_gtrgamma/c0.004_s0.006_gtrgamma_base-snps-concat_popWrong	population2	0.2	nonrandom	8	0.9516139102203909
simulation/sim_c0.004_s0.006/c0.004_s0.006_gtrgamma/c0.004_s0.006_gtrgamma_base-snps-concat_popWrong	population2	0.2	nonrandom	9	0.948322189589452
simulation/sim_c0.004_s0.006/c0.004_s0.006_gtrgamma/c0.004_s0.006_gtrgamma_base-snps-concat_popWrong	population2	0.2	nonrandom	10	0.9483263728729041
simulation/sim_c0.004_s0.006/c0.004_s0.006_gtrgamma/c0.004_s0.006_gtrgamma_base-snps-concat_popWrong	population2	0.2	nonrandom	11	0.9480032497968877
simulation/sim_c0.004_s0.006/c0.004_s0.006_gtrgamma/c0.004_s0.006_gtrgamma_base-snps-concat_popWrong	population2	0.2	nonrandom	12	0.9443579039192473
simulation/sim_c0.004_s0.006/c0.004_s0.006_gtrgamma/c0.004_s0.006_gtrgamma_base-snps-concat_popWrong	population2	0.2	nonrandom	13	0.9555652771701769
simulation/sim_c0.004_s0.006/c0.004_s0.006_gtrgamma/c0.004_s0.006_gtrgamma_base-snps-concat_popWrong	population2	0.2	nonrandom	14	0.9500656208986938
simulation/sim_c0.004_s0.006/c0.004_s0.006_gtrgamma/c0.004_s0.006_gtrgamma_base-snps-concat_popWrong	population2	0.2	nonrandom	15	0.9579952565222819
simulation/sim_c0.004_s0.006/c0.004_s0.006_gtrgamma/c0.004_s0.006_gtrgamma_base-snps-concat_popWrong	population2	0.2	nonrandom	16	0.9444028920468711
simulation/sim_c0.004_s0.006/c0.004_s0.006_gtrgamma/c0.004_s0.006_gtrgamma_base-snps-concat_popWrong	population2	0.2	nonrandom	17	0.9552527967002062
simulation/sim_c0.004_s0.006/c0.004_s0.006_gtrgamma/c0.004_s0.006_gtrgamma_base-snps-concat_popWrong	population2	0.2	nonrandom	18	0.9488156990188114
simulation/sim_c0.004_s0.006/c0.004_s0.006_gtrgamma/c0.004_s0.006_gtrgamma_base-snps-concat_popWrong	population2	0.2	nonrandom	19	0.9566138885425758
simulation/sim_c0.004_s0.006/c0.004_s0.006_gtrgamma/c0.004_s0.006_gtrgamma_base-snps-concat_popWrong	population2	0.2	nonrandom	20	0.960310019376211
simulation/sim_c0.004_s0.006/c0.004_s0.006_gtrgamma/c0.004_s0.006_gtrgamma_base-snps-concat_popWrong	population2	0.2	nonrandom_weighted	1	0.9415036560214987
simulation/sim_c0.004_s0.006/c0.004_s0.006_gtrgamma/c0.004_s0.006_gtrgamma_base-snps-concat_popWrong	population2	0.2	nonrandom_weighted	2	0.9503156052746703
simulation/sim_c0.004_s0.006/c0.004_s0.006_gtrgamma/c0.004_s0.006_gtrgamma_base-snps-concat_popWrong	population2	0.2	nonrandom_weighted	3	0.9451215700981311
simulation/sim_c0.004_s0.006/c0.004_s0.006_gtrgamma/c0.004_s0.006_gtrgamma_base-snps-concat_popWrong	population2	0.2	nonrandom_weighted	4	0.9482532341728642
simulation/sim_c0.004_s0.006/c0.004_s0.006_gtrgamma/c0.004_s0.006_gtrgamma_base-snps-concat_popWrong	population2	0.2	nonrandom_weighted	5	0.9546903318542591
simulation/sim_c0.004_s0.006/c0.004_s0.006_gtrgamma/c0.004_s0.006_gtrgamma_base-snps-concat_popWrong	population2	0.2	nonrandom_weighted	6	0.9534070326650428
simulation/sim_c0.004_s0.006/c0.004_s0.006_gtrgamma/c0.004_s0.006_gtrgamma_base-snps-concat_popWrong	population2	0.2	nonrandom_weighted	7	0.9501906130866821
simulation/sim_c0.004_s0.006/c0.004_s0.006_gtrgamma/c0.004_s0.006_gtrgamma_base-snps-concat_popWrong	population2	0.2	nonrandom_weighted	8	0.9550653084182239
simulation/sim_c0.004_s0.006/c0.004_s0.006_gtrgamma/c0.004_s0.006_gtrgamma_base-snps-concat_popWrong	population2	0.2	nonrandom_weighted	9	0.9467108140188667
simulation/sim_c0.004_s0.006/c0.004_s0.006_gtrgamma/c0.004_s0.006_gtrgamma_base-snps-concat_popWrong	population2	0.2	nonrandom_weighted	10	0.9460370994940978
simulation/sim_c0.004_s0.006/c0.004_s0.006_gtrgamma/c0.004_s0.006_gtrgamma_base-snps-concat_popWrong	population2	0.2	nonrandom_weighted	11	0.9611711093076971
simulation/sim_c0.004_s0.006/c0.004_s0.006_gtrgamma/c0.004_s0.006_gtrgamma_base-snps-concat_popWrong	population2	0.2	nonrandom_weighted	12	0.9508719294955935
simulation/sim_c0.004_s0.006/c0.004_s0.006_gtrgamma/c0.004_s0.006_gtrgamma_base-snps-concat_popWrong	population2	0.2	nonrandom_weighted	13	0.946684167760485
simulation/sim_c0.004_s0.006/c0.004_s0.006_gtrgamma/c0.004_s0.006_gtrgamma_base-snps-concat_popWrong	population2	0.2	nonrandom_weighted	14	0.9485592849553097
simulation/sim_c0.004_s0.006/c0.004_s0.006_gtrgamma/c0.004_s0.006_gtrgamma_base-snps-concat_popWrong	population2	0.2	nonrandom_weighted	15	0.9507530779326292
simulation/sim_c0.004_s0.006/c0.004_s0.006_gtrgamma/c0.004_s0.006_gtrgamma_base-snps-concat_popWrong	population2	0.2	nonrandom_weighted	16	0.9509405662146115
simulation/sim_c0.004_s0.006/c0.004_s0.006_gtrgamma/c0.004_s0.006_gtrgamma_base-snps-concat_popWrong	population2	0.2	nonrandom_weighted	17	0.9501310697790538
simulation/sim_c0.004_s0.006/c0.004_s0.006_gtrgamma/c0.004_s0.006_gtrgamma_base-snps-concat_popWrong	population2	0.2	nonrandom_weighted	18	0.9508780701206174
simulation/sim_c0.004_s0.006/c0.004_s0.006_gtrgamma/c0.004_s0.006_gtrgamma_base-snps-concat_popWrong	population2	0.2	nonrandom_weighted	19	0.9546390466088476
simulation/sim_c0.004_s0.006/c0.004_s0.006_gtrgamma/c0.004_s0.006_gtrgamma_base-snps-concat_popWrong	population2	0.2	nonrandom_weighted	20	0.9482467654228389
