simulation/sim_c0.006_s0.004/c0.006_s0.004_gtr/c0.006_s0.004_gtr_base-snps-concat_popWrong	population2	0.2	random	1	0.963513087354147
simulation/sim_c0.006_s0.004/c0.006_s0.004_gtr/c0.006_s0.004_gtr_base-snps-concat_popWrong	population2	0.2	random	2	0.962156283983222
simulation/sim_c0.006_s0.004/c0.006_s0.004_gtr/c0.006_s0.004_gtr_base-snps-concat_popWrong	population2	0.2	random	3	0.9614017427411998
simulation/sim_c0.006_s0.004/c0.006_s0.004_gtr/c0.006_s0.004_gtr_base-snps-concat_popWrong	population2	0.2	random	4	0.9622777586152833
simulation/sim_c0.006_s0.004/c0.006_s0.004_gtr/c0.006_s0.004_gtr_base-snps-concat_popWrong	population2	0.2	random	5	0.960550916116166
simulation/sim_c0.006_s0.004/c0.006_s0.004_gtr/c0.006_s0.004_gtr_base-snps-concat_popWrong	population2	0.2	random	6	0.9601671917402289
simulation/sim_c0.006_s0.004/c0.006_s0.004_gtr/c0.006_s0.004_gtr_base-snps-concat_popWrong	population2	0.2	random	7	0.9625468164794008
simulation/sim_c0.006_s0.004/c0.006_s0.004_gtr/c0.006_s0.004_gtr_base-snps-concat_popWrong	population2	0.2	random	8	0.9618888269195017
simulation/sim_c0.006_s0.004/c0.006_s0.004_gtr/c0.006_s0.004_gtr_base-snps-concat_popWrong	population2	0.2	random	9	0.9620237233741308
simulation/sim_c0.006_s0.004/c0.006_s0.004_gtr/c0.006_s0.004_gtr_base-snps-concat_popWrong	population2	0.2	random	10	0.9621513944223108
simulation/sim_c0.006_s0.004/c0.006_s0.004_gtr/c0.006_s0.004_gtr_base-snps-concat_popWrong	population2	0.2	random	11	0.961725510010737
simulation/sim_c0.006_s0.004/c0.006_s0.004_gtr/c0.006_s0.004_gtr_base-snps-concat_popWrong	population2	0.2	random	12	0.9623971797884842
simulation/sim_c0.006_s0.004/c0.006_s0.004_gtr/c0.006_s0.004_gtr_base-snps-concat_popWrong	population2	0.2	random	13	0.9621415275893618
simulation/sim_c0.006_s0.004/c0.006_s0.004_gtr/c0.006_s0.004_gtr_base-snps-concat_popWrong	population2	0.2	random	14	0.9620953209469956
simulation/sim_c0.006_s0.004/c0.006_s0.004_gtr/c0.006_s0.004_gtr_base-snps-concat_popWrong	population2	0.2	random	15	0.9619633442129049
simulation/sim_c0.006_s0.004/c0.006_s0.004_gtr/c0.006_s0.004_gtr_base-snps-concat_popWrong	population2	0.2	random	16	0.9604754180184677
simulation/sim_c0.006_s0.004/c0.006_s0.004_gtr/c0.006_s0.004_gtr_base-snps-concat_popWrong	population2	0.2	random	17	0.9600440113171959
simulation/sim_c0.006_s0.004/c0.006_s0.004_gtr/c0.006_s0.004_gtr_base-snps-concat_popWrong	population2	0.2	random	18	0.9613487607407637
simulation/sim_c0.006_s0.004/c0.006_s0.004_gtr/c0.006_s0.004_gtr_base-snps-concat_popWrong	population2	0.2	random	19	0.9617696787525831
simulation/sim_c0.006_s0.004/c0.006_s0.004_gtr/c0.006_s0.004_gtr_base-snps-concat_popWrong	population2	0.2	random	20	0.9587586897977077
simulation/sim_c0.006_s0.004/c0.006_s0.004_gtr/c0.006_s0.004_gtr_base-snps-concat_popWrong	population2	0.2	nonrandom	1	0.9590637792568982
simulation/sim_c0.006_s0.004/c0.006_s0.004_gtr/c0.006_s0.004_gtr_base-snps-concat_popWrong	population2	0.2	nonrandom	2	0.9584879767956835
simulation/sim_c0.006_s0.004/c0.006_s0.004_gtr/c0.006_s0.004_gtr_base-snps-concat_popWrong	population2	0.2	nonrandom	3	0.9630647225951482
simulation/sim_c0.006_s0.004/c0.006_s0.004_gtr/c0.006_s0.004_gtr_base-snps-concat_popWrong	population2	0.2	nonrandom	4	0.96340625
simulation/sim_c0.006_s0.004/c0.006_s0.004_gtr/c0.006_s0.004_gtr_base-snps-concat_popWrong	population2	0.2	nonrandom	5	0.9613595929960361
simulation/sim_c0.006_s0.004/c0.006_s0.004_gtr/c0.006_s0.004_gtr_base-snps-concat_popWrong	population2	0.2	nonrandom	6	0.95640625
simulation/sim_c0.006_s0.004/c0.006_s0.004_gtr/c0.006_s0.004_gtr_base-snps-concat_popWrong	population2	0.2	nonrandom	7	0.9579075653885816
simulation/sim_c0.006_s0.004/c0.006_s0.004_gtr/c0.006_s0.004_gtr_base-snps-concat_popWrong	population2	0.2	nonrandom	8	0.9587706146926537
simulation/sim_c0.006_s0.004/c0.006_s0.004_gtr/c0.006_s0.004_gtr_base-snps-concat_popWrong	population2	0.2	nonrandom	9	0.9566684370020931
simulation/sim_c0.006_s0.004/c0.006_s0.004_gtr/c0.006_s0.004_gtr_base-snps-concat_popWrong	population2	0.2	nonrandom	10	0.9616872582054162
simulation/sim_c0.006_s0.004/c0.006_s0.004_gtr/c0.006_s0.004_gtr_base-snps-concat_popWrong	population2	0.2	nonrandom	11	0.96065625
simulation/sim_c0.006_s0.004/c0.006_s0.004_gtr/c0.006_s0.004_gtr_base-snps-concat_popWrong	population2	0.2	nonrandom	12	0.9629201910171978
simulation/sim_c0.006_s0.004/c0.006_s0.004_gtr/c0.006_s0.004_gtr_base-snps-concat_popWrong	population2	0.2	nonrandom	13	0.9583138173302108
simulation/sim_c0.006_s0.004/c0.006_s0.004_gtr/c0.006_s0.004_gtr_base-snps-concat_popWrong	population2	0.2	nonrandom	14	0.9630949032842724
simulation/sim_c0.006_s0.004/c0.006_s0.004_gtr/c0.006_s0.004_gtr_base-snps-concat_popWrong	population2	0.2	nonrandom	15	0.9639220341100768
simulation/sim_c0.006_s0.004/c0.006_s0.004_gtr/c0.006_s0.004_gtr_base-snps-concat_popWrong	population2	0.2	nonrandom	16	0.9569140466452277
simulation/sim_c0.006_s0.004/c0.006_s0.004_gtr/c0.006_s0.004_gtr_base-snps-concat_popWrong	population2	0.2	nonrandom	17	0.9591575263273022
simulation/sim_c0.006_s0.004/c0.006_s0.004_gtr/c0.006_s0.004_gtr_base-snps-concat_popWrong	population2	0.2	nonrandom	18	0.9630323466966404
simulation/sim_c0.006_s0.004/c0.006_s0.004_gtr/c0.006_s0.004_gtr_base-snps-concat_popWrong	population2	0.2	nonrandom	19	0.9593125
simulation/sim_c0.006_s0.004/c0.006_s0.004_gtr/c0.006_s0.004_gtr_base-snps-concat_popWrong	population2	0.2	nonrandom	20	0.9626574169557202
simulation/sim_c0.006_s0.004/c0.006_s0.004_gtr/c0.006_s0.004_gtr_base-snps-concat_popWrong	population2	0.2	nonrandom_weighted	1	0.9530625
simulation/sim_c0.006_s0.004/c0.006_s0.004_gtr/c0.006_s0.004_gtr_base-snps-concat_popWrong	population2	0.2	nonrandom_weighted	2	0.9594375
simulation/sim_c0.006_s0.004/c0.006_s0.004_gtr/c0.006_s0.004_gtr_base-snps-concat_popWrong	population2	0.2	nonrandom_weighted	3	0.95609375
simulation/sim_c0.006_s0.004/c0.006_s0.004_gtr/c0.006_s0.004_gtr_base-snps-concat_popWrong	population2	0.2	nonrandom_weighted	4	0.9628125
simulation/sim_c0.006_s0.004/c0.006_s0.004_gtr/c0.006_s0.004_gtr_base-snps-concat_popWrong	population2	0.2	nonrandom_weighted	5	0.958875
simulation/sim_c0.006_s0.004/c0.006_s0.004_gtr/c0.006_s0.004_gtr_base-snps-concat_popWrong	population2	0.2	nonrandom_weighted	6	0.96203125
simulation/sim_c0.006_s0.004/c0.006_s0.004_gtr/c0.006_s0.004_gtr_base-snps-concat_popWrong	population2	0.2	nonrandom_weighted	7	0.95840625
simulation/sim_c0.006_s0.004/c0.006_s0.004_gtr/c0.006_s0.004_gtr_base-snps-concat_popWrong	population2	0.2	nonrandom_weighted	8	0.9543139276897596
simulation/sim_c0.006_s0.004/c0.006_s0.004_gtr/c0.006_s0.004_gtr_base-snps-concat_popWrong	population2	0.2	nonrandom_weighted	9	0.9609375
simulation/sim_c0.006_s0.004/c0.006_s0.004_gtr/c0.006_s0.004_gtr_base-snps-concat_popWrong	population2	0.2	nonrandom_weighted	10	0.9687236369317295
simulation/sim_c0.006_s0.004/c0.006_s0.004_gtr/c0.006_s0.004_gtr_base-snps-concat_popWrong	population2	0.2	nonrandom_weighted	11	0.9626944947822283
simulation/sim_c0.006_s0.004/c0.006_s0.004_gtr/c0.006_s0.004_gtr_base-snps-concat_popWrong	population2	0.2	nonrandom_weighted	12	0.96040625
simulation/sim_c0.006_s0.004/c0.006_s0.004_gtr/c0.006_s0.004_gtr_base-snps-concat_popWrong	population2	0.2	nonrandom_weighted	13	0.9620885641121729
simulation/sim_c0.006_s0.004/c0.006_s0.004_gtr/c0.006_s0.004_gtr_base-snps-concat_popWrong	population2	0.2	nonrandom_weighted	14	0.9590875046810635
simulation/sim_c0.006_s0.004/c0.006_s0.004_gtr/c0.006_s0.004_gtr_base-snps-concat_popWrong	population2	0.2	nonrandom_weighted	15	0.9598450048435987
simulation/sim_c0.006_s0.004/c0.006_s0.004_gtr/c0.006_s0.004_gtr_base-snps-concat_popWrong	population2	0.2	nonrandom_weighted	16	0.963947639726327
simulation/sim_c0.006_s0.004/c0.006_s0.004_gtr/c0.006_s0.004_gtr_base-snps-concat_popWrong	population2	0.2	nonrandom_weighted	17	0.9579055761849783
simulation/sim_c0.006_s0.004/c0.006_s0.004_gtr/c0.006_s0.004_gtr_base-snps-concat_popWrong	population2	0.2	nonrandom_weighted	18	0.9614074560169995
simulation/sim_c0.006_s0.004/c0.006_s0.004_gtr/c0.006_s0.004_gtr_base-snps-concat_popWrong	population2	0.2	nonrandom_weighted	19	0.9540316032727499
simulation/sim_c0.006_s0.004/c0.006_s0.004_gtr/c0.006_s0.004_gtr_base-snps-concat_popWrong	population2	0.2	nonrandom_weighted	20	0.95853125
