simulation/sim_c0.006_s0.004/c0.006_s0.004_gtr/c0.006_s0.004_gtr_base-snps-concat_phylo	phylo	0.2	random	1	0.9994992645448002
simulation/sim_c0.006_s0.004/c0.006_s0.004_gtr/c0.006_s0.004_gtr_base-snps-concat_phylo	phylo	0.2	random	2	0.9996011291114384
simulation/sim_c0.006_s0.004/c0.006_s0.004_gtr/c0.006_s0.004_gtr_base-snps-concat_phylo	phylo	0.2	random	3	0.9994670512257822
simulation/sim_c0.006_s0.004/c0.006_s0.004_gtr/c0.006_s0.004_gtr_base-snps-concat_phylo	phylo	0.2	random	4	0.9994026096525703
simulation/sim_c0.006_s0.004/c0.006_s0.004_gtr/c0.006_s0.004_gtr_base-snps-concat_phylo	phylo	0.2	random	5	0.9995604809594073
simulation/sim_c0.006_s0.004/c0.006_s0.004_gtr/c0.006_s0.004_gtr_base-snps-concat_phylo	phylo	0.2	random	6	0.9993443441880796
simulation/sim_c0.006_s0.004/c0.006_s0.004_gtr/c0.006_s0.004_gtr_base-snps-concat_phylo	phylo	0.2	random	7	0.9993144708961735
simulation/sim_c0.006_s0.004/c0.006_s0.004_gtr/c0.006_s0.004_gtr_base-snps-concat_phylo	phylo	0.2	random	8	0.9996224159088763
simulation/sim_c0.006_s0.004/c0.006_s0.004_gtr/c0.006_s0.004_gtr_base-snps-concat_phylo	phylo	0.2	random	9	0.9994071392910634
simulation/sim_c0.006_s0.004/c0.006_s0.004_gtr/c0.006_s0.004_gtr_base-snps-concat_phylo	phylo	0.2	random	10	0.999529677358668
simulation/sim_c0.006_s0.004/c0.006_s0.004_gtr/c0.006_s0.004_gtr_base-snps-concat_phylo	phylo	0.2	random	11	0.9994385176866929
simulation/sim_c0.006_s0.004/c0.006_s0.004_gtr/c0.006_s0.004_gtr_base-snps-concat_phylo	phylo	0.2	random	12	0.9996244954157149
simulation/sim_c0.006_s0.004/c0.006_s0.004_gtr/c0.006_s0.004_gtr_base-snps-concat_phylo	phylo	0.2	random	13	0.9995356180923192
simulation/sim_c0.006_s0.004/c0.006_s0.004_gtr/c0.006_s0.004_gtr_base-snps-concat_phylo	phylo	0.2	random	14	0.9993445079127259
simulation/sim_c0.006_s0.004/c0.006_s0.004_gtr/c0.006_s0.004_gtr_base-snps-concat_phylo	phylo	0.2	random	15	0.9994376757263356
simulation/sim_c0.006_s0.004/c0.006_s0.004_gtr/c0.006_s0.004_gtr_base-snps-concat_phylo	phylo	0.2	random	16	0.9996577047547921
simulation/sim_c0.006_s0.004/c0.006_s0.004_gtr/c0.006_s0.004_gtr_base-snps-concat_phylo	phylo	0.2	random	17	0.999182389937107
simulation/sim_c0.006_s0.004/c0.006_s0.004_gtr/c0.006_s0.004_gtr_base-snps-concat_phylo	phylo	0.2	random	18	0.9995921952443692
simulation/sim_c0.006_s0.004/c0.006_s0.004_gtr/c0.006_s0.004_gtr_base-snps-concat_phylo	phylo	0.2	random	19	0.9995304135491344
simulation/sim_c0.006_s0.004/c0.006_s0.004_gtr/c0.006_s0.004_gtr_base-snps-concat_phylo	phylo	0.2	random	20	0.9996279300508496
simulation/sim_c0.006_s0.004/c0.006_s0.004_gtr/c0.006_s0.004_gtr_base-snps-concat_phylo	phylo	0.2	nonrandom	1	0.9997189783301068
simulation/sim_c0.006_s0.004/c0.006_s0.004_gtr/c0.006_s0.004_gtr_base-snps-concat_phylo	phylo	0.2	nonrandom	2	0.998626202073186
simulation/sim_c0.006_s0.004/c0.006_s0.004_gtr/c0.006_s0.004_gtr_base-snps-concat_phylo	phylo	0.2	nonrandom	3	0.9997812841743478
simulation/sim_c0.006_s0.004/c0.006_s0.004_gtr/c0.006_s0.004_gtr_base-snps-concat_phylo	phylo	0.2	nonrandom	4	0.9994375175775757
simulation/sim_c0.006_s0.004/c0.006_s0.004_gtr/c0.006_s0.004_gtr_base-snps-concat_phylo	phylo	0.2	nonrandom	5	0.999937501953064
simulation/sim_c0.006_s0.004/c0.006_s0.004_gtr/c0.006_s0.004_gtr_base-snps-concat_phylo	phylo	0.2	nonrandom	6	0.9998750039061279
simulation/sim_c0.006_s0.004/c0.006_s0.004_gtr/c0.006_s0.004_gtr_base-snps-concat_phylo	phylo	0.2	nonrandom	7	0.999375
simulation/sim_c0.006_s0.004/c0.006_s0.004_gtr/c0.006_s0.004_gtr_base-snps-concat_phylo	phylo	0.2	nonrandom	8	0.9999062529295959
simulation/sim_c0.006_s0.004/c0.006_s0.004_gtr/c0.006_s0.004_gtr_base-snps-concat_phylo	phylo	0.2	nonrandom	9	0.9999687665927476
simulation/sim_c0.006_s0.004/c0.006_s0.004_gtr/c0.006_s0.004_gtr_base-snps-concat_phylo	phylo	0.2	nonrandom	10	0.999937501953064
simulation/sim_c0.006_s0.004/c0.006_s0.004_gtr/c0.006_s0.004_gtr_base-snps-concat_phylo	phylo	0.2	nonrandom	11	0.9997501795584424
simulation/sim_c0.006_s0.004/c0.006_s0.004_gtr/c0.006_s0.004_gtr_base-snps-concat_phylo	phylo	0.2	nonrandom	12	0.9976250742164308
simulation/sim_c0.006_s0.004/c0.006_s0.004_gtr/c0.006_s0.004_gtr_base-snps-concat_phylo	phylo	0.2	nonrandom	13	0.999937501953064
simulation/sim_c0.006_s0.004/c0.006_s0.004_gtr/c0.006_s0.004_gtr_base-snps-concat_phylo	phylo	0.2	nonrandom	14	0.999937501953064
simulation/sim_c0.006_s0.004/c0.006_s0.004_gtr/c0.006_s0.004_gtr_base-snps-concat_phylo	phylo	0.2	nonrandom	15	0.9997812568357238
simulation/sim_c0.006_s0.004/c0.006_s0.004_gtr/c0.006_s0.004_gtr_base-snps-concat_phylo	phylo	0.2	nonrandom	16	0.9998128392288976
simulation/sim_c0.006_s0.004/c0.006_s0.004_gtr/c0.006_s0.004_gtr_base-snps-concat_phylo	phylo	0.2	nonrandom	17	0.9999687831678841
simulation/sim_c0.006_s0.004/c0.006_s0.004_gtr/c0.006_s0.004_gtr_base-snps-concat_phylo	phylo	0.2	nonrandom	18	0.99996875
simulation/sim_c0.006_s0.004/c0.006_s0.004_gtr/c0.006_s0.004_gtr_base-snps-concat_phylo	phylo	0.2	nonrandom	19	0.9992814520915992
simulation/sim_c0.006_s0.004/c0.006_s0.004_gtr/c0.006_s0.004_gtr_base-snps-concat_phylo	phylo	0.2	nonrandom	20	0.9975635659399013
simulation/sim_c0.006_s0.004/c0.006_s0.004_gtr/c0.006_s0.004_gtr_base-snps-concat_phylo	phylo	0.2	nonrandom_weighted	1	0.9975625761694947
simulation/sim_c0.006_s0.004/c0.006_s0.004_gtr/c0.006_s0.004_gtr_base-snps-concat_phylo	phylo	0.2	nonrandom_weighted	2	0.9975625
simulation/sim_c0.006_s0.004/c0.006_s0.004_gtr/c0.006_s0.004_gtr_base-snps-concat_phylo	phylo	0.2	nonrandom_weighted	3	0.9990313408117989
simulation/sim_c0.006_s0.004/c0.006_s0.004_gtr/c0.006_s0.004_gtr_base-snps-concat_phylo	phylo	0.2	nonrandom_weighted	4	0.9997812568357238
simulation/sim_c0.006_s0.004/c0.006_s0.004_gtr/c0.006_s0.004_gtr_base-snps-concat_phylo	phylo	0.2	nonrandom_weighted	5	0.9992190428589279
simulation/sim_c0.006_s0.004/c0.006_s0.004_gtr/c0.006_s0.004_gtr_base-snps-concat_phylo	phylo	0.2	nonrandom_weighted	6	0.9999062529295959
simulation/sim_c0.006_s0.004/c0.006_s0.004_gtr/c0.006_s0.004_gtr_base-snps-concat_phylo	phylo	0.2	nonrandom_weighted	7	0.9999375994508751
simulation/sim_c0.006_s0.004/c0.006_s0.004_gtr/c0.006_s0.004_gtr_base-snps-concat_phylo	phylo	0.2	nonrandom_weighted	8	0.9997813388310999
simulation/sim_c0.006_s0.004/c0.006_s0.004_gtr/c0.006_s0.004_gtr_base-snps-concat_phylo	phylo	0.2	nonrandom_weighted	9	0.99978125
simulation/sim_c0.006_s0.004/c0.006_s0.004_gtr/c0.006_s0.004_gtr_base-snps-concat_phylo	phylo	0.2	nonrandom_weighted	10	0.9998125878494456
simulation/sim_c0.006_s0.004/c0.006_s0.004_gtr/c0.006_s0.004_gtr_base-snps-concat_phylo	phylo	0.2	nonrandom_weighted	11	0.9992500234367676
simulation/sim_c0.006_s0.004/c0.006_s0.004_gtr/c0.006_s0.004_gtr_base-snps-concat_phylo	phylo	0.2	nonrandom_weighted	12	0.9998437548826599
simulation/sim_c0.006_s0.004/c0.006_s0.004_gtr/c0.006_s0.004_gtr_base-snps-concat_phylo	phylo	0.2	nonrandom_weighted	13	0.9995
simulation/sim_c0.006_s0.004/c0.006_s0.004_gtr/c0.006_s0.004_gtr_base-snps-concat_phylo	phylo	0.2	nonrandom_weighted	14	0.999937501953064
simulation/sim_c0.006_s0.004/c0.006_s0.004_gtr/c0.006_s0.004_gtr_base-snps-concat_phylo	phylo	0.2	nonrandom_weighted	15	1.0
simulation/sim_c0.006_s0.004/c0.006_s0.004_gtr/c0.006_s0.004_gtr_base-snps-concat_phylo	phylo	0.2	nonrandom_weighted	16	0.9999375273317923
simulation/sim_c0.006_s0.004/c0.006_s0.004_gtr/c0.006_s0.004_gtr_base-snps-concat_phylo	phylo	0.2	nonrandom_weighted	17	0.9999375273317923
simulation/sim_c0.006_s0.004/c0.006_s0.004_gtr/c0.006_s0.004_gtr_base-snps-concat_phylo	phylo	0.2	nonrandom_weighted	18	0.9998126990073047
simulation/sim_c0.006_s0.004/c0.006_s0.004_gtr/c0.006_s0.004_gtr_base-snps-concat_phylo	phylo	0.2	nonrandom_weighted	19	0.9998439012206924
simulation/sim_c0.006_s0.004/c0.006_s0.004_gtr/c0.006_s0.004_gtr_base-snps-concat_phylo	phylo	0.2	nonrandom_weighted	20	0.9997814753535417
