simulation/sim_c0.002_s0.008/c0.002_s0.008_gtrgamma/c0.002_s0.008_gtrgamma_base-snps-concat_nmf	nmf	0.2	random	1	0.9570559918925766
simulation/sim_c0.002_s0.008/c0.002_s0.008_gtrgamma/c0.002_s0.008_gtrgamma_base-snps-concat_nmf	nmf	0.2	random	2	0.9619222025764081
simulation/sim_c0.002_s0.008/c0.002_s0.008_gtrgamma/c0.002_s0.008_gtrgamma_base-snps-concat_nmf	nmf	0.2	random	3	0.961765639885678
simulation/sim_c0.002_s0.008/c0.002_s0.008_gtrgamma/c0.002_s0.008_gtrgamma_base-snps-concat_nmf	nmf	0.2	random	4	0.9576696622249767
simulation/sim_c0.002_s0.008/c0.002_s0.008_gtrgamma/c0.002_s0.008_gtrgamma_base-snps-concat_nmf	nmf	0.2	random	5	0.9587687271811658
simulation/sim_c0.002_s0.008/c0.002_s0.008_gtrgamma/c0.002_s0.008_gtrgamma_base-snps-concat_nmf	nmf	0.2	random	6	0.9602301150575288
simulation/sim_c0.002_s0.008/c0.002_s0.008_gtrgamma/c0.002_s0.008_gtrgamma_base-snps-concat_nmf	nmf	0.2	random	7	0.9495691839837811
simulation/sim_c0.002_s0.008/c0.002_s0.008_gtrgamma/c0.002_s0.008_gtrgamma_base-snps-concat_nmf	nmf	0.2	random	8	0.9572676626994175
simulation/sim_c0.002_s0.008/c0.002_s0.008_gtrgamma/c0.002_s0.008_gtrgamma_base-snps-concat_nmf	nmf	0.2	random	9	0.9595699195171026
simulation/sim_c0.002_s0.008/c0.002_s0.008_gtrgamma/c0.002_s0.008_gtrgamma_base-snps-concat_nmf	nmf	0.2	random	10	0.9570521285292083
simulation/sim_c0.002_s0.008/c0.002_s0.008_gtrgamma/c0.002_s0.008_gtrgamma_base-snps-concat_nmf	nmf	0.2	random	11	0.9580641074369695
simulation/sim_c0.002_s0.008/c0.002_s0.008_gtrgamma/c0.002_s0.008_gtrgamma_base-snps-concat_nmf	nmf	0.2	random	12	0.9586782041635314
simulation/sim_c0.002_s0.008/c0.002_s0.008_gtrgamma/c0.002_s0.008_gtrgamma_base-snps-concat_nmf	nmf	0.2	random	13	0.9582887026652385
simulation/sim_c0.002_s0.008/c0.002_s0.008_gtrgamma/c0.002_s0.008_gtrgamma_base-snps-concat_nmf	nmf	0.2	random	14	0.9617013326690746
simulation/sim_c0.002_s0.008/c0.002_s0.008_gtrgamma/c0.002_s0.008_gtrgamma_base-snps-concat_nmf	nmf	0.2	random	15	0.9569738480697385
simulation/sim_c0.002_s0.008/c0.002_s0.008_gtrgamma/c0.002_s0.008_gtrgamma_base-snps-concat_nmf	nmf	0.2	random	16	0.9554597701149425
simulation/sim_c0.002_s0.008/c0.002_s0.008_gtrgamma/c0.002_s0.008_gtrgamma_base-snps-concat_nmf	nmf	0.2	random	17	0.9586574654956085
simulation/sim_c0.002_s0.008/c0.002_s0.008_gtrgamma/c0.002_s0.008_gtrgamma_base-snps-concat_nmf	nmf	0.2	random	18	0.9560280108510504
simulation/sim_c0.002_s0.008/c0.002_s0.008_gtrgamma/c0.002_s0.008_gtrgamma_base-snps-concat_nmf	nmf	0.2	random	19	0.9575354389455359
simulation/sim_c0.002_s0.008/c0.002_s0.008_gtrgamma/c0.002_s0.008_gtrgamma_base-snps-concat_nmf	nmf	0.2	random	20	0.95978050757623
simulation/sim_c0.002_s0.008/c0.002_s0.008_gtrgamma/c0.002_s0.008_gtrgamma_base-snps-concat_nmf	nmf	0.2	nonrandom	1	0.91467018801484
simulation/sim_c0.002_s0.008/c0.002_s0.008_gtrgamma/c0.002_s0.008_gtrgamma_base-snps-concat_nmf	nmf	0.2	nonrandom	2	0.8983573541443766
simulation/sim_c0.002_s0.008/c0.002_s0.008_gtrgamma/c0.002_s0.008_gtrgamma_base-snps-concat_nmf	nmf	0.2	nonrandom	3	0.913100848256362
simulation/sim_c0.002_s0.008/c0.002_s0.008_gtrgamma/c0.002_s0.008_gtrgamma_base-snps-concat_nmf	nmf	0.2	nonrandom	4	0.9155265470064015
simulation/sim_c0.002_s0.008/c0.002_s0.008_gtrgamma/c0.002_s0.008_gtrgamma_base-snps-concat_nmf	nmf	0.2	nonrandom	5	0.9280005034929826
simulation/sim_c0.002_s0.008/c0.002_s0.008_gtrgamma/c0.002_s0.008_gtrgamma_base-snps-concat_nmf	nmf	0.2	nonrandom	6	0.9137768267354773
simulation/sim_c0.002_s0.008/c0.002_s0.008_gtrgamma/c0.002_s0.008_gtrgamma_base-snps-concat_nmf	nmf	0.2	nonrandom	7	0.9165567903559992
simulation/sim_c0.002_s0.008/c0.002_s0.008_gtrgamma/c0.002_s0.008_gtrgamma_base-snps-concat_nmf	nmf	0.2	nonrandom	8	0.9107502517623364
simulation/sim_c0.002_s0.008/c0.002_s0.008_gtrgamma/c0.002_s0.008_gtrgamma_base-snps-concat_nmf	nmf	0.2	nonrandom	9	0.9112593618226446
simulation/sim_c0.002_s0.008/c0.002_s0.008_gtrgamma/c0.002_s0.008_gtrgamma_base-snps-concat_nmf	nmf	0.2	nonrandom	10	0.8998428167243006
simulation/sim_c0.002_s0.008/c0.002_s0.008_gtrgamma/c0.002_s0.008_gtrgamma_base-snps-concat_nmf	nmf	0.2	nonrandom	11	0.9213292214739757
simulation/sim_c0.002_s0.008/c0.002_s0.008_gtrgamma/c0.002_s0.008_gtrgamma_base-snps-concat_nmf	nmf	0.2	nonrandom	12	0.9185710698141637
simulation/sim_c0.002_s0.008/c0.002_s0.008_gtrgamma/c0.002_s0.008_gtrgamma_base-snps-concat_nmf	nmf	0.2	nonrandom	13	0.9161684184026685
simulation/sim_c0.002_s0.008/c0.002_s0.008_gtrgamma/c0.002_s0.008_gtrgamma_base-snps-concat_nmf	nmf	0.2	nonrandom	14	0.9174271508590849
simulation/sim_c0.002_s0.008/c0.002_s0.008_gtrgamma/c0.002_s0.008_gtrgamma_base-snps-concat_nmf	nmf	0.2	nonrandom	15	0.9267417710365662
simulation/sim_c0.002_s0.008/c0.002_s0.008_gtrgamma/c0.002_s0.008_gtrgamma_base-snps-concat_nmf	nmf	0.2	nonrandom	16	0.9135250802441941
simulation/sim_c0.002_s0.008/c0.002_s0.008_gtrgamma/c0.002_s0.008_gtrgamma_base-snps-concat_nmf	nmf	0.2	nonrandom	17	0.9188117565611429
simulation/sim_c0.002_s0.008/c0.002_s0.008_gtrgamma/c0.002_s0.008_gtrgamma_base-snps-concat_nmf	nmf	0.2	nonrandom	18	0.9157907986657436
simulation/sim_c0.002_s0.008/c0.002_s0.008_gtrgamma/c0.002_s0.008_gtrgamma_base-snps-concat_nmf	nmf	0.2	nonrandom	19	0.9050433907684567
simulation/sim_c0.002_s0.008/c0.002_s0.008_gtrgamma/c0.002_s0.008_gtrgamma_base-snps-concat_nmf	nmf	0.2	nonrandom	20	0.9318396374850525
simulation/sim_c0.002_s0.008/c0.002_s0.008_gtrgamma/c0.002_s0.008_gtrgamma_base-snps-concat_nmf	nmf	0.2	nonrandom_weighted	1	0.9101208459214502
simulation/sim_c0.002_s0.008/c0.002_s0.008_gtrgamma/c0.002_s0.008_gtrgamma_base-snps-concat_nmf	nmf	0.2	nonrandom_weighted	2	0.9001195795833595
simulation/sim_c0.002_s0.008/c0.002_s0.008_gtrgamma/c0.002_s0.008_gtrgamma_base-snps-concat_nmf	nmf	0.2	nonrandom_weighted	3	0.8987349738813015
simulation/sim_c0.002_s0.008/c0.002_s0.008_gtrgamma/c0.002_s0.008_gtrgamma_base-snps-concat_nmf	nmf	0.2	nonrandom_weighted	4	0.9040785498489426
simulation/sim_c0.002_s0.008/c0.002_s0.008_gtrgamma/c0.002_s0.008_gtrgamma_base-snps-concat_nmf	nmf	0.2	nonrandom_weighted	5	0.9051545094090251
simulation/sim_c0.002_s0.008/c0.002_s0.008_gtrgamma/c0.002_s0.008_gtrgamma_base-snps-concat_nmf	nmf	0.2	nonrandom_weighted	6	0.8976922593221405
simulation/sim_c0.002_s0.008/c0.002_s0.008_gtrgamma/c0.002_s0.008_gtrgamma_base-snps-concat_nmf	nmf	0.2	nonrandom_weighted	7	0.9137713997985901
simulation/sim_c0.002_s0.008/c0.002_s0.008_gtrgamma/c0.002_s0.008_gtrgamma_base-snps-concat_nmf	nmf	0.2	nonrandom_weighted	8	0.9002391742195368
simulation/sim_c0.002_s0.008/c0.002_s0.008_gtrgamma/c0.002_s0.008_gtrgamma_base-snps-concat_nmf	nmf	0.2	nonrandom_weighted	9	0.8945182201523066
simulation/sim_c0.002_s0.008/c0.002_s0.008_gtrgamma/c0.002_s0.008_gtrgamma_base-snps-concat_nmf	nmf	0.2	nonrandom_weighted	10	0.9069796714708289
simulation/sim_c0.002_s0.008/c0.002_s0.008_gtrgamma/c0.002_s0.008_gtrgamma_base-snps-concat_nmf	nmf	0.2	nonrandom_weighted	11	0.921108876037214
simulation/sim_c0.002_s0.008/c0.002_s0.008_gtrgamma/c0.002_s0.008_gtrgamma_base-snps-concat_nmf	nmf	0.2	nonrandom_weighted	12	0.90553212914595
simulation/sim_c0.002_s0.008/c0.002_s0.008_gtrgamma/c0.002_s0.008_gtrgamma_base-snps-concat_nmf	nmf	0.2	nonrandom_weighted	13	0.906124245472837
simulation/sim_c0.002_s0.008/c0.002_s0.008_gtrgamma/c0.002_s0.008_gtrgamma_base-snps-concat_nmf	nmf	0.2	nonrandom_weighted	14	0.9210774749826924
simulation/sim_c0.002_s0.008/c0.002_s0.008_gtrgamma/c0.002_s0.008_gtrgamma_base-snps-concat_nmf	nmf	0.2	nonrandom_weighted	15	0.9205110453773051
simulation/sim_c0.002_s0.008/c0.002_s0.008_gtrgamma/c0.002_s0.008_gtrgamma_base-snps-concat_nmf	nmf	0.2	nonrandom_weighted	16	0.9016300585310593
simulation/sim_c0.002_s0.008/c0.002_s0.008_gtrgamma/c0.002_s0.008_gtrgamma_base-snps-concat_nmf	nmf	0.2	nonrandom_weighted	17	0.8911196425199823
simulation/sim_c0.002_s0.008/c0.002_s0.008_gtrgamma/c0.002_s0.008_gtrgamma_base-snps-concat_nmf	nmf	0.2	nonrandom_weighted	18	0.9205060422960725
simulation/sim_c0.002_s0.008/c0.002_s0.008_gtrgamma/c0.002_s0.008_gtrgamma_base-snps-concat_nmf	nmf	0.2	nonrandom_weighted	19	0.8945811567751274
simulation/sim_c0.002_s0.008/c0.002_s0.008_gtrgamma/c0.002_s0.008_gtrgamma_base-snps-concat_nmf	nmf	0.2	nonrandom_weighted	20	0.9011895021713134
