simulation/sim_c0.002_s0.008/c0.002_s0.008_gtrgamma/c0.002_s0.008_gtrgamma_base-snps-concat_popWrong	population2	0.2	random	1	0.915467055615448
simulation/sim_c0.002_s0.008/c0.002_s0.008_gtrgamma/c0.002_s0.008_gtrgamma_base-snps-concat_popWrong	population2	0.2	random	2	0.9180789193921581
simulation/sim_c0.002_s0.008/c0.002_s0.008_gtrgamma/c0.002_s0.008_gtrgamma_base-snps-concat_popWrong	population2	0.2	random	3	0.9183020879051979
simulation/sim_c0.002_s0.008/c0.002_s0.008_gtrgamma/c0.002_s0.008_gtrgamma_base-snps-concat_popWrong	population2	0.2	random	4	0.9155431187992877
simulation/sim_c0.002_s0.008/c0.002_s0.008_gtrgamma/c0.002_s0.008_gtrgamma_base-snps-concat_popWrong	population2	0.2	random	5	0.9158772262220538
simulation/sim_c0.002_s0.008/c0.002_s0.008_gtrgamma/c0.002_s0.008_gtrgamma_base-snps-concat_popWrong	population2	0.2	random	6	0.9158866602992678
simulation/sim_c0.002_s0.008/c0.002_s0.008_gtrgamma/c0.002_s0.008_gtrgamma_base-snps-concat_popWrong	population2	0.2	random	7	0.9187708582582961
simulation/sim_c0.002_s0.008/c0.002_s0.008_gtrgamma/c0.002_s0.008_gtrgamma_base-snps-concat_popWrong	population2	0.2	random	8	0.913967546929685
simulation/sim_c0.002_s0.008/c0.002_s0.008_gtrgamma/c0.002_s0.008_gtrgamma_base-snps-concat_popWrong	population2	0.2	random	9	0.9173622172666455
simulation/sim_c0.002_s0.008/c0.002_s0.008_gtrgamma/c0.002_s0.008_gtrgamma_base-snps-concat_popWrong	population2	0.2	random	10	0.919447423200656
simulation/sim_c0.002_s0.008/c0.002_s0.008_gtrgamma/c0.002_s0.008_gtrgamma_base-snps-concat_popWrong	population2	0.2	random	11	0.913530522341095
simulation/sim_c0.002_s0.008/c0.002_s0.008_gtrgamma/c0.002_s0.008_gtrgamma_base-snps-concat_popWrong	population2	0.2	random	12	0.9179128020695312
simulation/sim_c0.002_s0.008/c0.002_s0.008_gtrgamma/c0.002_s0.008_gtrgamma_base-snps-concat_popWrong	population2	0.2	random	13	0.915660353374857
simulation/sim_c0.002_s0.008/c0.002_s0.008_gtrgamma/c0.002_s0.008_gtrgamma_base-snps-concat_popWrong	population2	0.2	random	14	0.914702154626109
simulation/sim_c0.002_s0.008/c0.002_s0.008_gtrgamma/c0.002_s0.008_gtrgamma_base-snps-concat_popWrong	population2	0.2	random	15	0.9143471659919028
simulation/sim_c0.002_s0.008/c0.002_s0.008_gtrgamma/c0.002_s0.008_gtrgamma_base-snps-concat_popWrong	population2	0.2	random	16	0.9157591688571787
simulation/sim_c0.002_s0.008/c0.002_s0.008_gtrgamma/c0.002_s0.008_gtrgamma_base-snps-concat_popWrong	population2	0.2	random	17	0.9180358360716722
simulation/sim_c0.002_s0.008/c0.002_s0.008_gtrgamma/c0.002_s0.008_gtrgamma_base-snps-concat_popWrong	population2	0.2	random	18	0.9142947501581278
simulation/sim_c0.002_s0.008/c0.002_s0.008_gtrgamma/c0.002_s0.008_gtrgamma_base-snps-concat_popWrong	population2	0.2	random	19	0.9174581354661334
simulation/sim_c0.002_s0.008/c0.002_s0.008_gtrgamma/c0.002_s0.008_gtrgamma_base-snps-concat_popWrong	population2	0.2	random	20	0.9148264984227129
simulation/sim_c0.002_s0.008/c0.002_s0.008_gtrgamma/c0.002_s0.008_gtrgamma_base-snps-concat_popWrong	population2	0.2	nonrandom	1	0.9068479355488419
simulation/sim_c0.002_s0.008/c0.002_s0.008_gtrgamma/c0.002_s0.008_gtrgamma_base-snps-concat_popWrong	population2	0.2	nonrandom	2	0.9131474605072691
simulation/sim_c0.002_s0.008/c0.002_s0.008_gtrgamma/c0.002_s0.008_gtrgamma_base-snps-concat_popWrong	population2	0.2	nonrandom	3	0.9002321641463261
simulation/sim_c0.002_s0.008/c0.002_s0.008_gtrgamma/c0.002_s0.008_gtrgamma_base-snps-concat_popWrong	population2	0.2	nonrandom	4	0.9226508905532129
simulation/sim_c0.002_s0.008/c0.002_s0.008_gtrgamma/c0.002_s0.008_gtrgamma_base-snps-concat_popWrong	population2	0.2	nonrandom	5	0.9006230725659261
simulation/sim_c0.002_s0.008/c0.002_s0.008_gtrgamma/c0.002_s0.008_gtrgamma_base-snps-concat_popWrong	population2	0.2	nonrandom	6	0.9082788122798188
simulation/sim_c0.002_s0.008/c0.002_s0.008_gtrgamma/c0.002_s0.008_gtrgamma_base-snps-concat_popWrong	population2	0.2	nonrandom	7	0.9185600100698597
simulation/sim_c0.002_s0.008/c0.002_s0.008_gtrgamma/c0.002_s0.008_gtrgamma_base-snps-concat_popWrong	population2	0.2	nonrandom	8	0.9231541938724259
simulation/sim_c0.002_s0.008/c0.002_s0.008_gtrgamma/c0.002_s0.008_gtrgamma_base-snps-concat_popWrong	population2	0.2	nonrandom	9	0.9006780512305375
simulation/sim_c0.002_s0.008/c0.002_s0.008_gtrgamma/c0.002_s0.008_gtrgamma_base-snps-concat_popWrong	population2	0.2	nonrandom	10	0.9144546483834445
simulation/sim_c0.002_s0.008/c0.002_s0.008_gtrgamma/c0.002_s0.008_gtrgamma_base-snps-concat_popWrong	population2	0.2	nonrandom	11	0.9012702804678657
simulation/sim_c0.002_s0.008/c0.002_s0.008_gtrgamma/c0.002_s0.008_gtrgamma_base-snps-concat_popWrong	population2	0.2	nonrandom	12	0.9046480910749104
simulation/sim_c0.002_s0.008/c0.002_s0.008_gtrgamma/c0.002_s0.008_gtrgamma_base-snps-concat_popWrong	population2	0.2	nonrandom	13	0.9074831644533954
simulation/sim_c0.002_s0.008/c0.002_s0.008_gtrgamma/c0.002_s0.008_gtrgamma_base-snps-concat_popWrong	population2	0.2	nonrandom	14	0.9183018867924528
simulation/sim_c0.002_s0.008/c0.002_s0.008_gtrgamma/c0.002_s0.008_gtrgamma_base-snps-concat_popWrong	population2	0.2	nonrandom	15	0.8961968118488766
simulation/sim_c0.002_s0.008/c0.002_s0.008_gtrgamma/c0.002_s0.008_gtrgamma_base-snps-concat_popWrong	population2	0.2	nonrandom	16	0.9019854234732345
simulation/sim_c0.002_s0.008/c0.002_s0.008_gtrgamma/c0.002_s0.008_gtrgamma_base-snps-concat_popWrong	population2	0.2	nonrandom	17	0.9061792096652403
simulation/sim_c0.002_s0.008/c0.002_s0.008_gtrgamma/c0.002_s0.008_gtrgamma_base-snps-concat_popWrong	population2	0.2	nonrandom	18	0.904330312185297
simulation/sim_c0.002_s0.008/c0.002_s0.008_gtrgamma/c0.002_s0.008_gtrgamma_base-snps-concat_popWrong	population2	0.2	nonrandom	19	0.9084901504185285
simulation/sim_c0.002_s0.008/c0.002_s0.008_gtrgamma/c0.002_s0.008_gtrgamma_base-snps-concat_popWrong	population2	0.2	nonrandom	20	0.8999937063377179
simulation/sim_c0.002_s0.008/c0.002_s0.008_gtrgamma/c0.002_s0.008_gtrgamma_base-snps-concat_popWrong	population2	0.2	nonrandom_weighted	1	0.9049656995405626
simulation/sim_c0.002_s0.008/c0.002_s0.008_gtrgamma/c0.002_s0.008_gtrgamma_base-snps-concat_popWrong	population2	0.2	nonrandom_weighted	2	0.8920908576102686
simulation/sim_c0.002_s0.008/c0.002_s0.008_gtrgamma/c0.002_s0.008_gtrgamma_base-snps-concat_popWrong	population2	0.2	nonrandom_weighted	3	0.9128957140159859
simulation/sim_c0.002_s0.008/c0.002_s0.008_gtrgamma/c0.002_s0.008_gtrgamma_base-snps-concat_popWrong	population2	0.2	nonrandom_weighted	4	0.8996790232236138
simulation/sim_c0.002_s0.008/c0.002_s0.008_gtrgamma/c0.002_s0.008_gtrgamma_base-snps-concat_popWrong	population2	0.2	nonrandom_weighted	5	0.8981056076530933
simulation/sim_c0.002_s0.008/c0.002_s0.008_gtrgamma/c0.002_s0.008_gtrgamma_base-snps-concat_popWrong	population2	0.2	nonrandom_weighted	6	0.8954622694946189
simulation/sim_c0.002_s0.008/c0.002_s0.008_gtrgamma/c0.002_s0.008_gtrgamma_base-snps-concat_popWrong	population2	0.2	nonrandom_weighted	7	0.876644219271194
simulation/sim_c0.002_s0.008/c0.002_s0.008_gtrgamma/c0.002_s0.008_gtrgamma_base-snps-concat_popWrong	population2	0.2	nonrandom_weighted	8	0.8979797344074517
simulation/sim_c0.002_s0.008/c0.002_s0.008_gtrgamma/c0.002_s0.008_gtrgamma_base-snps-concat_popWrong	population2	0.2	nonrandom_weighted	9	0.9014961025898919
simulation/sim_c0.002_s0.008/c0.002_s0.008_gtrgamma/c0.002_s0.008_gtrgamma_base-snps-concat_popWrong	population2	0.2	nonrandom_weighted	10	0.8941406004153817
simulation/sim_c0.002_s0.008/c0.002_s0.008_gtrgamma/c0.002_s0.008_gtrgamma_base-snps-concat_popWrong	population2	0.2	nonrandom_weighted	11	0.8924257674886764
simulation/sim_c0.002_s0.008/c0.002_s0.008_gtrgamma/c0.002_s0.008_gtrgamma_base-snps-concat_popWrong	population2	0.2	nonrandom_weighted	12	0.8838819308955882
simulation/sim_c0.002_s0.008/c0.002_s0.008_gtrgamma/c0.002_s0.008_gtrgamma_base-snps-concat_popWrong	population2	0.2	nonrandom_weighted	13	0.900686009188747
simulation/sim_c0.002_s0.008/c0.002_s0.008_gtrgamma/c0.002_s0.008_gtrgamma_base-snps-concat_popWrong	population2	0.2	nonrandom_weighted	14	0.9096230096293033
simulation/sim_c0.002_s0.008/c0.002_s0.008_gtrgamma/c0.002_s0.008_gtrgamma_base-snps-concat_popWrong	population2	0.2	nonrandom_weighted	15	0.8990191146881288
simulation/sim_c0.002_s0.008/c0.002_s0.008_gtrgamma/c0.002_s0.008_gtrgamma_base-snps-concat_popWrong	population2	0.2	nonrandom_weighted	16	0.9102523758575115
simulation/sim_c0.002_s0.008/c0.002_s0.008_gtrgamma/c0.002_s0.008_gtrgamma_base-snps-concat_popWrong	population2	0.2	nonrandom_weighted	17	0.8947699666435899
simulation/sim_c0.002_s0.008/c0.002_s0.008_gtrgamma/c0.002_s0.008_gtrgamma_base-snps-concat_popWrong	population2	0.2	nonrandom_weighted	18	0.8805462898860847
simulation/sim_c0.002_s0.008/c0.002_s0.008_gtrgamma/c0.002_s0.008_gtrgamma_base-snps-concat_popWrong	population2	0.2	nonrandom_weighted	19	0.8925739458779106
simulation/sim_c0.002_s0.008/c0.002_s0.008_gtrgamma/c0.002_s0.008_gtrgamma_base-snps-concat_popWrong	population2	0.2	nonrandom_weighted	20	0.90553212914595
