simulation/sim_c0.002_s0.008/c0.002_s0.008_gtrgamma/c0.002_s0.008_gtrgamma_base-snps-concat_pop	population	0.2	random	1	0.917352209680505
simulation/sim_c0.002_s0.008/c0.002_s0.008_gtrgamma/c0.002_s0.008_gtrgamma_base-snps-concat_pop	population	0.2	random	2	0.9167925478348439
simulation/sim_c0.002_s0.008/c0.002_s0.008_gtrgamma/c0.002_s0.008_gtrgamma_base-snps-concat_pop	population	0.2	random	3	0.9175800087680842
simulation/sim_c0.002_s0.008/c0.002_s0.008_gtrgamma/c0.002_s0.008_gtrgamma_base-snps-concat_pop	population	0.2	random	4	0.9150491555331485
simulation/sim_c0.002_s0.008/c0.002_s0.008_gtrgamma/c0.002_s0.008_gtrgamma_base-snps-concat_pop	population	0.2	random	5	0.9141430106847064
simulation/sim_c0.002_s0.008/c0.002_s0.008_gtrgamma/c0.002_s0.008_gtrgamma_base-snps-concat_pop	population	0.2	random	6	0.9200727181544633
simulation/sim_c0.002_s0.008/c0.002_s0.008_gtrgamma/c0.002_s0.008_gtrgamma_base-snps-concat_pop	population	0.2	random	7	0.9160826148979718
simulation/sim_c0.002_s0.008/c0.002_s0.008_gtrgamma/c0.002_s0.008_gtrgamma_base-snps-concat_pop	population	0.2	random	8	0.9172616810722786
simulation/sim_c0.002_s0.008/c0.002_s0.008_gtrgamma/c0.002_s0.008_gtrgamma_base-snps-concat_pop	population	0.2	random	9	0.9167560744714421
simulation/sim_c0.002_s0.008/c0.002_s0.008_gtrgamma/c0.002_s0.008_gtrgamma_base-snps-concat_pop	population	0.2	random	10	0.9165584214758459
simulation/sim_c0.002_s0.008/c0.002_s0.008_gtrgamma/c0.002_s0.008_gtrgamma_base-snps-concat_pop	population	0.2	random	11	0.9149002493765586
simulation/sim_c0.002_s0.008/c0.002_s0.008_gtrgamma/c0.002_s0.008_gtrgamma_base-snps-concat_pop	population	0.2	random	12	0.9155339192008598
simulation/sim_c0.002_s0.008/c0.002_s0.008_gtrgamma/c0.002_s0.008_gtrgamma_base-snps-concat_pop	population	0.2	random	13	0.9167717528373266
simulation/sim_c0.002_s0.008/c0.002_s0.008_gtrgamma/c0.002_s0.008_gtrgamma_base-snps-concat_pop	population	0.2	random	14	0.9172491970527111
simulation/sim_c0.002_s0.008/c0.002_s0.008_gtrgamma/c0.002_s0.008_gtrgamma_base-snps-concat_pop	population	0.2	random	15	0.9156520093369503
simulation/sim_c0.002_s0.008/c0.002_s0.008_gtrgamma/c0.002_s0.008_gtrgamma_base-snps-concat_pop	population	0.2	random	16	0.9142911081744384
simulation/sim_c0.002_s0.008/c0.002_s0.008_gtrgamma/c0.002_s0.008_gtrgamma_base-snps-concat_pop	population	0.2	random	17	0.9182722579020275
simulation/sim_c0.002_s0.008/c0.002_s0.008_gtrgamma/c0.002_s0.008_gtrgamma_base-snps-concat_pop	population	0.2	random	18	0.9194788687639022
simulation/sim_c0.002_s0.008/c0.002_s0.008_gtrgamma/c0.002_s0.008_gtrgamma_base-snps-concat_pop	population	0.2	random	19	0.9182932932932933
simulation/sim_c0.002_s0.008/c0.002_s0.008_gtrgamma/c0.002_s0.008_gtrgamma_base-snps-concat_pop	population	0.2	random	20	0.9169734670559858
simulation/sim_c0.002_s0.008/c0.002_s0.008_gtrgamma/c0.002_s0.008_gtrgamma_base-snps-concat_pop	population	0.2	nonrandom	1	0.9012524387941343
simulation/sim_c0.002_s0.008/c0.002_s0.008_gtrgamma/c0.002_s0.008_gtrgamma_base-snps-concat_pop	population	0.2	nonrandom	2	0.9174104336895035
simulation/sim_c0.002_s0.008/c0.002_s0.008_gtrgamma/c0.002_s0.008_gtrgamma_base-snps-concat_pop	population	0.2	nonrandom	3	0.9106166320950405
simulation/sim_c0.002_s0.008/c0.002_s0.008_gtrgamma/c0.002_s0.008_gtrgamma_base-snps-concat_pop	population	0.2	nonrandom	4	0.9094341997608408
simulation/sim_c0.002_s0.008/c0.002_s0.008_gtrgamma/c0.002_s0.008_gtrgamma_base-snps-concat_pop	population	0.2	nonrandom	5	0.9157225579053374
simulation/sim_c0.002_s0.008/c0.002_s0.008_gtrgamma/c0.002_s0.008_gtrgamma_base-snps-concat_pop	population	0.2	nonrandom	6	0.9061614953741582
simulation/sim_c0.002_s0.008/c0.002_s0.008_gtrgamma/c0.002_s0.008_gtrgamma_base-snps-concat_pop	population	0.2	nonrandom	7	0.9072314179621122
simulation/sim_c0.002_s0.008/c0.002_s0.008_gtrgamma/c0.002_s0.008_gtrgamma_base-snps-concat_pop	population	0.2	nonrandom	8	0.9020754716981132
simulation/sim_c0.002_s0.008/c0.002_s0.008_gtrgamma/c0.002_s0.008_gtrgamma_base-snps-concat_pop	population	0.2	nonrandom	9	0.9147155085599195
simulation/sim_c0.002_s0.008/c0.002_s0.008_gtrgamma/c0.002_s0.008_gtrgamma_base-snps-concat_pop	population	0.2	nonrandom	10	0.9191241059104028
simulation/sim_c0.002_s0.008/c0.002_s0.008_gtrgamma/c0.002_s0.008_gtrgamma_base-snps-concat_pop	population	0.2	nonrandom	11	0.9176788973503682
simulation/sim_c0.002_s0.008/c0.002_s0.008_gtrgamma/c0.002_s0.008_gtrgamma_base-snps-concat_pop	population	0.2	nonrandom	12	0.9124496475327291
simulation/sim_c0.002_s0.008/c0.002_s0.008_gtrgamma/c0.002_s0.008_gtrgamma_base-snps-concat_pop	population	0.2	nonrandom	13	0.90169299515388
simulation/sim_c0.002_s0.008/c0.002_s0.008_gtrgamma/c0.002_s0.008_gtrgamma_base-snps-concat_pop	population	0.2	nonrandom	14	0.9059726855056958
simulation/sim_c0.002_s0.008/c0.002_s0.008_gtrgamma/c0.002_s0.008_gtrgamma_base-snps-concat_pop	population	0.2	nonrandom	15	0.92255426234665
simulation/sim_c0.002_s0.008/c0.002_s0.008_gtrgamma/c0.002_s0.008_gtrgamma_base-snps-concat_pop	population	0.2	nonrandom	16	0.8930054094854699
simulation/sim_c0.002_s0.008/c0.002_s0.008_gtrgamma/c0.002_s0.008_gtrgamma_base-snps-concat_pop	population	0.2	nonrandom	17	0.910187920306706
simulation/sim_c0.002_s0.008/c0.002_s0.008_gtrgamma/c0.002_s0.008_gtrgamma_base-snps-concat_pop	population	0.2	nonrandom	18	0.8955881427402606
simulation/sim_c0.002_s0.008/c0.002_s0.008_gtrgamma/c0.002_s0.008_gtrgamma_base-snps-concat_pop	population	0.2	nonrandom	19	0.8999874118831823
simulation/sim_c0.002_s0.008/c0.002_s0.008_gtrgamma/c0.002_s0.008_gtrgamma_base-snps-concat_pop	population	0.2	nonrandom	20	0.9221473975706463
simulation/sim_c0.002_s0.008/c0.002_s0.008_gtrgamma/c0.002_s0.008_gtrgamma_base-snps-concat_pop	population	0.2	nonrandom_weighted	1	0.8780840886203424
simulation/sim_c0.002_s0.008/c0.002_s0.008_gtrgamma/c0.002_s0.008_gtrgamma_base-snps-concat_pop	population	0.2	nonrandom_weighted	2	0.8953993328717981
simulation/sim_c0.002_s0.008/c0.002_s0.008_gtrgamma/c0.002_s0.008_gtrgamma_base-snps-concat_pop	population	0.2	nonrandom_weighted	3	0.890732013823437
simulation/sim_c0.002_s0.008/c0.002_s0.008_gtrgamma/c0.002_s0.008_gtrgamma_base-snps-concat_pop	population	0.2	nonrandom_weighted	4	0.8942035370382025
simulation/sim_c0.002_s0.008/c0.002_s0.008_gtrgamma/c0.002_s0.008_gtrgamma_base-snps-concat_pop	population	0.2	nonrandom_weighted	5	0.8970292044310171
simulation/sim_c0.002_s0.008/c0.002_s0.008_gtrgamma/c0.002_s0.008_gtrgamma_base-snps-concat_pop	population	0.2	nonrandom_weighted	6	0.8952734596261565
simulation/sim_c0.002_s0.008/c0.002_s0.008_gtrgamma/c0.002_s0.008_gtrgamma_base-snps-concat_pop	population	0.2	nonrandom_weighted	7	0.9097488828749449
simulation/sim_c0.002_s0.008/c0.002_s0.008_gtrgamma/c0.002_s0.008_gtrgamma_base-snps-concat_pop	population	0.2	nonrandom_weighted	8	0.890923967774421
simulation/sim_c0.002_s0.008/c0.002_s0.008_gtrgamma/c0.002_s0.008_gtrgamma_base-snps-concat_pop	population	0.2	nonrandom_weighted	9	0.8976021146705268
simulation/sim_c0.002_s0.008/c0.002_s0.008_gtrgamma/c0.002_s0.008_gtrgamma_base-snps-concat_pop	population	0.2	nonrandom_weighted	10	0.9065332326283988
simulation/sim_c0.002_s0.008/c0.002_s0.008_gtrgamma/c0.002_s0.008_gtrgamma_base-snps-concat_pop	population	0.2	nonrandom_weighted	11	0.8952105230033356
simulation/sim_c0.002_s0.008/c0.002_s0.008_gtrgamma/c0.002_s0.008_gtrgamma_base-snps-concat_pop	population	0.2	nonrandom_weighted	12	0.8811127194914721
simulation/sim_c0.002_s0.008/c0.002_s0.008_gtrgamma/c0.002_s0.008_gtrgamma_base-snps-concat_pop	population	0.2	nonrandom_weighted	13	0.896714501510574
simulation/sim_c0.002_s0.008/c0.002_s0.008_gtrgamma/c0.002_s0.008_gtrgamma_base-snps-concat_pop	population	0.2	nonrandom_weighted	14	0.8921827794561934
simulation/sim_c0.002_s0.008/c0.002_s0.008_gtrgamma/c0.002_s0.008_gtrgamma_base-snps-concat_pop	population	0.2	nonrandom_weighted	15	0.8959079766170093
simulation/sim_c0.002_s0.008/c0.002_s0.008_gtrgamma/c0.002_s0.008_gtrgamma_base-snps-concat_pop	population	0.2	nonrandom_weighted	16	0.898522477208425
simulation/sim_c0.002_s0.008/c0.002_s0.008_gtrgamma/c0.002_s0.008_gtrgamma_base-snps-concat_pop	population	0.2	nonrandom_weighted	17	0.8854553464661087
simulation/sim_c0.002_s0.008/c0.002_s0.008_gtrgamma/c0.002_s0.008_gtrgamma_base-snps-concat_pop	population	0.2	nonrandom_weighted	18	0.8921550153884806
simulation/sim_c0.002_s0.008/c0.002_s0.008_gtrgamma/c0.002_s0.008_gtrgamma_base-snps-concat_pop	population	0.2	nonrandom_weighted	19	0.8868968987859345
simulation/sim_c0.002_s0.008/c0.002_s0.008_gtrgamma/c0.002_s0.008_gtrgamma_base-snps-concat_pop	population	0.2	nonrandom_weighted	20	0.9028887909874757
