simulation/sim_c0.002_s0.008/c0.002_s0.008_gtr/c0.002_s0.008_gtr_base-snps-concat_pop	population	0.2	random	1	0.9149642812382504
simulation/sim_c0.002_s0.008/c0.002_s0.008_gtr/c0.002_s0.008_gtr_base-snps-concat_pop	population	0.2	random	2	0.917381405358201
simulation/sim_c0.002_s0.008/c0.002_s0.008_gtr/c0.002_s0.008_gtr_base-snps-concat_pop	population	0.2	random	3	0.918997076395068
simulation/sim_c0.002_s0.008/c0.002_s0.008_gtr/c0.002_s0.008_gtr_base-snps-concat_pop	population	0.2	random	4	0.9175955664714402
simulation/sim_c0.002_s0.008/c0.002_s0.008_gtr/c0.002_s0.008_gtr_base-snps-concat_pop	population	0.2	random	5	0.9178159126365054
simulation/sim_c0.002_s0.008/c0.002_s0.008_gtr/c0.002_s0.008_gtr_base-snps-concat_pop	population	0.2	random	6	0.9172519754170325
simulation/sim_c0.002_s0.008/c0.002_s0.008_gtr/c0.002_s0.008_gtr_base-snps-concat_pop	population	0.2	random	7	0.9171510719419964
simulation/sim_c0.002_s0.008/c0.002_s0.008_gtr/c0.002_s0.008_gtr_base-snps-concat_pop	population	0.2	random	8	0.9158784841841529
simulation/sim_c0.002_s0.008/c0.002_s0.008_gtr/c0.002_s0.008_gtr_base-snps-concat_pop	population	0.2	random	9	0.9175122134535889
simulation/sim_c0.002_s0.008/c0.002_s0.008_gtr/c0.002_s0.008_gtr_base-snps-concat_pop	population	0.2	random	10	0.9159460394327222
simulation/sim_c0.002_s0.008/c0.002_s0.008_gtr/c0.002_s0.008_gtr_base-snps-concat_pop	population	0.2	random	11	0.9136530439419126
simulation/sim_c0.002_s0.008/c0.002_s0.008_gtr/c0.002_s0.008_gtr_base-snps-concat_pop	population	0.2	random	12	0.9162626294222528
simulation/sim_c0.002_s0.008/c0.002_s0.008_gtr/c0.002_s0.008_gtr_base-snps-concat_pop	population	0.2	random	13	0.9153255988023952
simulation/sim_c0.002_s0.008/c0.002_s0.008_gtr/c0.002_s0.008_gtr_base-snps-concat_pop	population	0.2	random	14	0.9173628711786977
simulation/sim_c0.002_s0.008/c0.002_s0.008_gtr/c0.002_s0.008_gtr_base-snps-concat_pop	population	0.2	random	15	0.9173362859854477
simulation/sim_c0.002_s0.008/c0.002_s0.008_gtr/c0.002_s0.008_gtr_base-snps-concat_pop	population	0.2	random	16	0.9168475013366041
simulation/sim_c0.002_s0.008/c0.002_s0.008_gtr/c0.002_s0.008_gtr_base-snps-concat_pop	population	0.2	random	17	0.9178383128295254
simulation/sim_c0.002_s0.008/c0.002_s0.008_gtr/c0.002_s0.008_gtr_base-snps-concat_pop	population	0.2	random	18	0.9168491522242382
simulation/sim_c0.002_s0.008/c0.002_s0.008_gtr/c0.002_s0.008_gtr_base-snps-concat_pop	population	0.2	random	19	0.9163888015099088
simulation/sim_c0.002_s0.008/c0.002_s0.008_gtr/c0.002_s0.008_gtr_base-snps-concat_pop	population	0.2	random	20	0.9165651073403956
simulation/sim_c0.002_s0.008/c0.002_s0.008_gtr/c0.002_s0.008_gtr_base-snps-concat_pop	population	0.2	nonrandom	1	0.8988679481953025
simulation/sim_c0.002_s0.008/c0.002_s0.008_gtr/c0.002_s0.008_gtr_base-snps-concat_pop	population	0.2	nonrandom	2	0.9026937188372166
simulation/sim_c0.002_s0.008/c0.002_s0.008_gtr/c0.002_s0.008_gtr_base-snps-concat_pop	population	0.2	nonrandom	3	0.9087433406455656
simulation/sim_c0.002_s0.008/c0.002_s0.008_gtr/c0.002_s0.008_gtr_base-snps-concat_pop	population	0.2	nonrandom	4	0.9201766197977015
simulation/sim_c0.002_s0.008/c0.002_s0.008_gtr/c0.002_s0.008_gtr_base-snps-concat_pop	population	0.2	nonrandom	5	0.911976685886187
simulation/sim_c0.002_s0.008/c0.002_s0.008_gtr/c0.002_s0.008_gtr_base-snps-concat_pop	population	0.2	nonrandom	6	0.9153556878721404
simulation/sim_c0.002_s0.008/c0.002_s0.008_gtr/c0.002_s0.008_gtr_base-snps-concat_pop	population	0.2	nonrandom	7	0.9068017184609113
simulation/sim_c0.002_s0.008/c0.002_s0.008_gtr/c0.002_s0.008_gtr_base-snps-concat_pop	population	0.2	nonrandom	8	0.9121327103389884
simulation/sim_c0.002_s0.008/c0.002_s0.008_gtr/c0.002_s0.008_gtr_base-snps-concat_pop	population	0.2	nonrandom	9	0.9110010035122931
simulation/sim_c0.002_s0.008/c0.002_s0.008_gtr/c0.002_s0.008_gtr_base-snps-concat_pop	population	0.2	nonrandom	10	0.9019411082191351
simulation/sim_c0.002_s0.008/c0.002_s0.008_gtr/c0.002_s0.008_gtr_base-snps-concat_pop	population	0.2	nonrandom	11	0.914795534370296
simulation/sim_c0.002_s0.008/c0.002_s0.008_gtr/c0.002_s0.008_gtr_base-snps-concat_pop	population	0.2	nonrandom	12	0.9175280335776483
simulation/sim_c0.002_s0.008/c0.002_s0.008_gtr/c0.002_s0.008_gtr_base-snps-concat_pop	population	0.2	nonrandom	13	0.9133870613691242
simulation/sim_c0.002_s0.008/c0.002_s0.008_gtr/c0.002_s0.008_gtr_base-snps-concat_pop	population	0.2	nonrandom	14	0.9126976671363708
simulation/sim_c0.002_s0.008/c0.002_s0.008_gtr/c0.002_s0.008_gtr_base-snps-concat_pop	population	0.2	nonrandom	15	0.9072093825457054
simulation/sim_c0.002_s0.008/c0.002_s0.008_gtr/c0.002_s0.008_gtr_base-snps-concat_pop	population	0.2	nonrandom	16	0.907833667837431
simulation/sim_c0.002_s0.008/c0.002_s0.008_gtr/c0.002_s0.008_gtr_base-snps-concat_pop	population	0.2	nonrandom	17	0.9036171013039117
simulation/sim_c0.002_s0.008/c0.002_s0.008_gtr/c0.002_s0.008_gtr_base-snps-concat_pop	population	0.2	nonrandom	18	0.9168912566593544
simulation/sim_c0.002_s0.008/c0.002_s0.008_gtr/c0.002_s0.008_gtr_base-snps-concat_pop	population	0.2	nonrandom	19	0.9239839438033116
simulation/sim_c0.002_s0.008/c0.002_s0.008_gtr/c0.002_s0.008_gtr_base-snps-concat_pop	population	0.2	nonrandom	20	0.906299978048857
simulation/sim_c0.002_s0.008/c0.002_s0.008_gtr/c0.002_s0.008_gtr_base-snps-concat_pop	population	0.2	nonrandom_weighted	1	0.9043870927278999
simulation/sim_c0.002_s0.008/c0.002_s0.008_gtr/c0.002_s0.008_gtr_base-snps-concat_pop	population	0.2	nonrandom_weighted	2	0.905658603835067
simulation/sim_c0.002_s0.008/c0.002_s0.008_gtr/c0.002_s0.008_gtr_base-snps-concat_pop	population	0.2	nonrandom_weighted	3	0.8995578412618771
simulation/sim_c0.002_s0.008/c0.002_s0.008_gtr/c0.002_s0.008_gtr_base-snps-concat_pop	population	0.2	nonrandom_weighted	4	0.8890178123432012
simulation/sim_c0.002_s0.008/c0.002_s0.008_gtr/c0.002_s0.008_gtr_base-snps-concat_pop	population	0.2	nonrandom_weighted	5	0.9070233694630663
simulation/sim_c0.002_s0.008/c0.002_s0.008_gtr/c0.002_s0.008_gtr_base-snps-concat_pop	population	0.2	nonrandom_weighted	6	0.9015020853585876
simulation/sim_c0.002_s0.008/c0.002_s0.008_gtr/c0.002_s0.008_gtr_base-snps-concat_pop	population	0.2	nonrandom_weighted	7	0.8960142996017435
simulation/sim_c0.002_s0.008/c0.002_s0.008_gtr/c0.002_s0.008_gtr_base-snps-concat_pop	population	0.2	nonrandom_weighted	8	0.9014640875317428
simulation/sim_c0.002_s0.008/c0.002_s0.008_gtr/c0.002_s0.008_gtr_base-snps-concat_pop	population	0.2	nonrandom_weighted	9	0.8898052620025714
simulation/sim_c0.002_s0.008/c0.002_s0.008_gtr/c0.002_s0.008_gtr_base-snps-concat_pop	population	0.2	nonrandom_weighted	10	0.9015217935871743
simulation/sim_c0.002_s0.008/c0.002_s0.008_gtr/c0.002_s0.008_gtr_base-snps-concat_pop	population	0.2	nonrandom_weighted	11	0.9036314601103863
simulation/sim_c0.002_s0.008/c0.002_s0.008_gtr/c0.002_s0.008_gtr_base-snps-concat_pop	population	0.2	nonrandom_weighted	12	0.9060177490670764
simulation/sim_c0.002_s0.008/c0.002_s0.008_gtr/c0.002_s0.008_gtr_base-snps-concat_pop	population	0.2	nonrandom_weighted	13	0.9013228010783023
simulation/sim_c0.002_s0.008/c0.002_s0.008_gtr/c0.002_s0.008_gtr_base-snps-concat_pop	population	0.2	nonrandom_weighted	14	0.9053694009967714
simulation/sim_c0.002_s0.008/c0.002_s0.008_gtr/c0.002_s0.008_gtr_base-snps-concat_pop	population	0.2	nonrandom_weighted	15	0.9016275204616012
simulation/sim_c0.002_s0.008/c0.002_s0.008_gtr/c0.002_s0.008_gtr_base-snps-concat_pop	population	0.2	nonrandom_weighted	16	0.8899899648770697
simulation/sim_c0.002_s0.008/c0.002_s0.008_gtr/c0.002_s0.008_gtr_base-snps-concat_pop	population	0.2	nonrandom_weighted	17	0.9056645153205088
simulation/sim_c0.002_s0.008/c0.002_s0.008_gtr/c0.002_s0.008_gtr_base-snps-concat_pop	population	0.2	nonrandom_weighted	18	0.9054503261414952
simulation/sim_c0.002_s0.008/c0.002_s0.008_gtr/c0.002_s0.008_gtr_base-snps-concat_pop	population	0.2	nonrandom_weighted	19	0.9061716006021073
simulation/sim_c0.002_s0.008/c0.002_s0.008_gtr/c0.002_s0.008_gtr_base-snps-concat_pop	population	0.2	nonrandom_weighted	20	0.8920944526325693
