simulation/sim_c0.002_s0.008/c0.002_s0.008_gtr/c0.002_s0.008_gtr_base-snps-concat_global	global	0.2	random	1	0.9150464124435524
simulation/sim_c0.002_s0.008/c0.002_s0.008_gtr/c0.002_s0.008_gtr_base-snps-concat_global	global	0.2	random	2	0.9182757213274308
simulation/sim_c0.002_s0.008/c0.002_s0.008_gtr/c0.002_s0.008_gtr_base-snps-concat_global	global	0.2	random	3	0.9175299805361964
simulation/sim_c0.002_s0.008/c0.002_s0.008_gtr/c0.002_s0.008_gtr_base-snps-concat_global	global	0.2	random	4	0.9158693188971422
simulation/sim_c0.002_s0.008/c0.002_s0.008_gtr/c0.002_s0.008_gtr_base-snps-concat_global	global	0.2	random	5	0.9164157571195584
simulation/sim_c0.002_s0.008/c0.002_s0.008_gtr/c0.002_s0.008_gtr_base-snps-concat_global	global	0.2	random	6	0.9162257771655762
simulation/sim_c0.002_s0.008/c0.002_s0.008_gtr/c0.002_s0.008_gtr_base-snps-concat_global	global	0.2	random	7	0.9169504764880487
simulation/sim_c0.002_s0.008/c0.002_s0.008_gtr/c0.002_s0.008_gtr_base-snps-concat_global	global	0.2	random	8	0.9156294507399839
simulation/sim_c0.002_s0.008/c0.002_s0.008_gtr/c0.002_s0.008_gtr_base-snps-concat_global	global	0.2	random	9	0.9172331319234642
simulation/sim_c0.002_s0.008/c0.002_s0.008_gtr/c0.002_s0.008_gtr_base-snps-concat_global	global	0.2	random	10	0.9156429671054699
simulation/sim_c0.002_s0.008/c0.002_s0.008_gtr/c0.002_s0.008_gtr_base-snps-concat_global	global	0.2	random	11	0.9186057465850211
simulation/sim_c0.002_s0.008/c0.002_s0.008_gtr/c0.002_s0.008_gtr_base-snps-concat_global	global	0.2	random	12	0.9201840935598777
simulation/sim_c0.002_s0.008/c0.002_s0.008_gtr/c0.002_s0.008_gtr_base-snps-concat_global	global	0.2	random	13	0.9186359089772443
simulation/sim_c0.002_s0.008/c0.002_s0.008_gtr/c0.002_s0.008_gtr_base-snps-concat_global	global	0.2	random	14	0.9173497054882039
simulation/sim_c0.002_s0.008/c0.002_s0.008_gtr/c0.002_s0.008_gtr_base-snps-concat_global	global	0.2	random	15	0.9152940439656793
simulation/sim_c0.002_s0.008/c0.002_s0.008_gtr/c0.002_s0.008_gtr_base-snps-concat_global	global	0.2	random	16	0.9165513336688476
simulation/sim_c0.002_s0.008/c0.002_s0.008_gtr/c0.002_s0.008_gtr_base-snps-concat_global	global	0.2	random	17	0.9174530520111609
simulation/sim_c0.002_s0.008/c0.002_s0.008_gtr/c0.002_s0.008_gtr_base-snps-concat_global	global	0.2	random	18	0.9195334000500375
simulation/sim_c0.002_s0.008/c0.002_s0.008_gtr/c0.002_s0.008_gtr_base-snps-concat_global	global	0.2	random	19	0.9188243745510197
simulation/sim_c0.002_s0.008/c0.002_s0.008_gtr/c0.002_s0.008_gtr_base-snps-concat_global	global	0.2	random	20	0.9149349631719166
simulation/sim_c0.002_s0.008/c0.002_s0.008_gtr/c0.002_s0.008_gtr_base-snps-concat_global	global	0.2	nonrandom	1	0.9145786948477531
simulation/sim_c0.002_s0.008/c0.002_s0.008_gtr/c0.002_s0.008_gtr_base-snps-concat_global	global	0.2	nonrandom	2	0.9160764650579756
simulation/sim_c0.002_s0.008/c0.002_s0.008_gtr/c0.002_s0.008_gtr_base-snps-concat_global	global	0.2	nonrandom	3	0.9189426483960992
simulation/sim_c0.002_s0.008/c0.002_s0.008_gtr/c0.002_s0.008_gtr_base-snps-concat_global	global	0.2	nonrandom	4	0.9152372291385744
simulation/sim_c0.002_s0.008/c0.002_s0.008_gtr/c0.002_s0.008_gtr_base-snps-concat_global	global	0.2	nonrandom	5	0.9103110888108379
simulation/sim_c0.002_s0.008/c0.002_s0.008_gtr/c0.002_s0.008_gtr_base-snps-concat_global	global	0.2	nonrandom	6	0.9190570237311515
simulation/sim_c0.002_s0.008/c0.002_s0.008_gtr/c0.002_s0.008_gtr_base-snps-concat_global	global	0.2	nonrandom	7	0.9065194894791307
simulation/sim_c0.002_s0.008/c0.002_s0.008_gtr/c0.002_s0.008_gtr_base-snps-concat_global	global	0.2	nonrandom	8	0.89930697105585
simulation/sim_c0.002_s0.008/c0.002_s0.008_gtr/c0.002_s0.008_gtr_base-snps-concat_global	global	0.2	nonrandom	9	0.9109724356361127
simulation/sim_c0.002_s0.008/c0.002_s0.008_gtr/c0.002_s0.008_gtr_base-snps-concat_global	global	0.2	nonrandom	10	0.916867885477751
simulation/sim_c0.002_s0.008/c0.002_s0.008_gtr/c0.002_s0.008_gtr_base-snps-concat_global	global	0.2	nonrandom	11	0.917745931198846
simulation/sim_c0.002_s0.008/c0.002_s0.008_gtr/c0.002_s0.008_gtr_base-snps-concat_global	global	0.2	nonrandom	12	0.9041645760160562
simulation/sim_c0.002_s0.008/c0.002_s0.008_gtr/c0.002_s0.008_gtr_base-snps-concat_global	global	0.2	nonrandom	13	0.9160211985324093
simulation/sim_c0.002_s0.008/c0.002_s0.008_gtr/c0.002_s0.008_gtr_base-snps-concat_global	global	0.2	nonrandom	14	0.912322497727344
simulation/sim_c0.002_s0.008/c0.002_s0.008_gtr/c0.002_s0.008_gtr_base-snps-concat_global	global	0.2	nonrandom	15	0.8994324061588636
simulation/sim_c0.002_s0.008/c0.002_s0.008_gtr/c0.002_s0.008_gtr_base-snps-concat_global	global	0.2	nonrandom	16	0.9169306030292578
simulation/sim_c0.002_s0.008/c0.002_s0.008_gtr/c0.002_s0.008_gtr_base-snps-concat_global	global	0.2	nonrandom	17	0.903759917212832
simulation/sim_c0.002_s0.008/c0.002_s0.008_gtr/c0.002_s0.008_gtr_base-snps-concat_global	global	0.2	nonrandom	18	0.9151745115870676
simulation/sim_c0.002_s0.008/c0.002_s0.008_gtr/c0.002_s0.008_gtr_base-snps-concat_global	global	0.2	nonrandom	19	0.9127598858540562
simulation/sim_c0.002_s0.008/c0.002_s0.008_gtr/c0.002_s0.008_gtr_base-snps-concat_global	global	0.2	nonrandom	20	0.91297939728433
simulation/sim_c0.002_s0.008/c0.002_s0.008_gtr/c0.002_s0.008_gtr_base-snps-concat_global	global	0.2	nonrandom_weighted	1	0.9104393364483051
simulation/sim_c0.002_s0.008/c0.002_s0.008_gtr/c0.002_s0.008_gtr_base-snps-concat_global	global	0.2	nonrandom_weighted	2	0.8917808648750353
simulation/sim_c0.002_s0.008/c0.002_s0.008_gtr/c0.002_s0.008_gtr_base-snps-concat_global	global	0.2	nonrandom_weighted	3	0.8980494229804316
simulation/sim_c0.002_s0.008/c0.002_s0.008_gtr/c0.002_s0.008_gtr_base-snps-concat_global	global	0.2	nonrandom_weighted	4	0.9069133092961279
simulation/sim_c0.002_s0.008/c0.002_s0.008_gtr/c0.002_s0.008_gtr_base-snps-concat_global	global	0.2	nonrandom_weighted	5	0.9025369249584496
simulation/sim_c0.002_s0.008/c0.002_s0.008_gtr/c0.002_s0.008_gtr_base-snps-concat_global	global	0.2	nonrandom_weighted	6	0.90106306249804
simulation/sim_c0.002_s0.008/c0.002_s0.008_gtr/c0.002_s0.008_gtr_base-snps-concat_global	global	0.2	nonrandom_weighted	7	0.8881440877055599
simulation/sim_c0.002_s0.008/c0.002_s0.008_gtr/c0.002_s0.008_gtr_base-snps-concat_global	global	0.2	nonrandom_weighted	8	0.8962305569493226
simulation/sim_c0.002_s0.008/c0.002_s0.008_gtr/c0.002_s0.008_gtr_base-snps-concat_global	global	0.2	nonrandom_weighted	9	0.8970274677034993
simulation/sim_c0.002_s0.008/c0.002_s0.008_gtr/c0.002_s0.008_gtr_base-snps-concat_global	global	0.2	nonrandom_weighted	10	0.8986170779892753
simulation/sim_c0.002_s0.008/c0.002_s0.008_gtr/c0.002_s0.008_gtr_base-snps-concat_global	global	0.2	nonrandom_weighted	11	0.8998777467790978
simulation/sim_c0.002_s0.008/c0.002_s0.008_gtr/c0.002_s0.008_gtr_base-snps-concat_global	global	0.2	nonrandom_weighted	12	0.9011037250721184
simulation/sim_c0.002_s0.008/c0.002_s0.008_gtr/c0.002_s0.008_gtr_base-snps-concat_global	global	0.2	nonrandom_weighted	13	0.8935369563172254
simulation/sim_c0.002_s0.008/c0.002_s0.008_gtr/c0.002_s0.008_gtr_base-snps-concat_global	global	0.2	nonrandom_weighted	14	0.8962932764676367
simulation/sim_c0.002_s0.008/c0.002_s0.008_gtr/c0.002_s0.008_gtr_base-snps-concat_global	global	0.2	nonrandom_weighted	15	0.9015020853585876
simulation/sim_c0.002_s0.008/c0.002_s0.008_gtr/c0.002_s0.008_gtr_base-snps-concat_global	global	0.2	nonrandom_weighted	16	0.9019454277748191
simulation/sim_c0.002_s0.008/c0.002_s0.008_gtr/c0.002_s0.008_gtr_base-snps-concat_global	global	0.2	nonrandom_weighted	17	0.9037912759885854
simulation/sim_c0.002_s0.008/c0.002_s0.008_gtr/c0.002_s0.008_gtr_base-snps-concat_global	global	0.2	nonrandom_weighted	18	0.9066449245821443
simulation/sim_c0.002_s0.008/c0.002_s0.008_gtr/c0.002_s0.008_gtr_base-snps-concat_global	global	0.2	nonrandom_weighted	19	0.8930945810336176
simulation/sim_c0.002_s0.008/c0.002_s0.008_gtr/c0.002_s0.008_gtr_base-snps-concat_global	global	0.2	nonrandom_weighted	20	0.9036971996613252
