simulation/sim_c0.002_s0.008/c0.002_s0.008_gtr/c0.002_s0.008_gtr_base-snps-concat_popWrong	population2	0.2	random	1	0.9174954650653656
simulation/sim_c0.002_s0.008/c0.002_s0.008_gtr/c0.002_s0.008_gtr_base-snps-concat_popWrong	population2	0.2	random	2	0.9182857499843818
simulation/sim_c0.002_s0.008/c0.002_s0.008_gtr/c0.002_s0.008_gtr_base-snps-concat_popWrong	population2	0.2	random	3	0.9148982512913062
simulation/sim_c0.002_s0.008/c0.002_s0.008_gtr/c0.002_s0.008_gtr_base-snps-concat_popWrong	population2	0.2	random	4	0.9177564203560737
simulation/sim_c0.002_s0.008/c0.002_s0.008_gtr/c0.002_s0.008_gtr_base-snps-concat_popWrong	population2	0.2	random	5	0.9167167864265139
simulation/sim_c0.002_s0.008/c0.002_s0.008_gtr/c0.002_s0.008_gtr_base-snps-concat_popWrong	population2	0.2	random	6	0.917705891545554
simulation/sim_c0.002_s0.008/c0.002_s0.008_gtr/c0.002_s0.008_gtr_base-snps-concat_popWrong	population2	0.2	random	7	0.9166326498571294
simulation/sim_c0.002_s0.008/c0.002_s0.008_gtr/c0.002_s0.008_gtr_base-snps-concat_popWrong	population2	0.2	random	8	0.9173924018679793
simulation/sim_c0.002_s0.008/c0.002_s0.008_gtr/c0.002_s0.008_gtr_base-snps-concat_popWrong	population2	0.2	random	9	0.918417104276069
simulation/sim_c0.002_s0.008/c0.002_s0.008_gtr/c0.002_s0.008_gtr_base-snps-concat_popWrong	population2	0.2	random	10	0.91487814900275
simulation/sim_c0.002_s0.008/c0.002_s0.008_gtr/c0.002_s0.008_gtr_base-snps-concat_popWrong	population2	0.2	random	11	0.915369710606913
simulation/sim_c0.002_s0.008/c0.002_s0.008_gtr/c0.002_s0.008_gtr_base-snps-concat_popWrong	population2	0.2	random	12	0.9177016685484882
simulation/sim_c0.002_s0.008/c0.002_s0.008_gtr/c0.002_s0.008_gtr_base-snps-concat_popWrong	population2	0.2	random	13	0.9159661219734895
simulation/sim_c0.002_s0.008/c0.002_s0.008_gtr/c0.002_s0.008_gtr_base-snps-concat_popWrong	population2	0.2	random	14	0.9182958026718884
simulation/sim_c0.002_s0.008/c0.002_s0.008_gtr/c0.002_s0.008_gtr_base-snps-concat_popWrong	population2	0.2	random	15	0.9195800918549067
simulation/sim_c0.002_s0.008/c0.002_s0.008_gtr/c0.002_s0.008_gtr_base-snps-concat_popWrong	population2	0.2	random	16	0.9146195515243134
simulation/sim_c0.002_s0.008/c0.002_s0.008_gtr/c0.002_s0.008_gtr_base-snps-concat_popWrong	population2	0.2	random	17	0.9187661952483531
simulation/sim_c0.002_s0.008/c0.002_s0.008_gtr/c0.002_s0.008_gtr_base-snps-concat_popWrong	population2	0.2	random	18	0.9147542001801187
simulation/sim_c0.002_s0.008/c0.002_s0.008_gtr/c0.002_s0.008_gtr_base-snps-concat_popWrong	population2	0.2	random	19	0.9192517537022603
simulation/sim_c0.002_s0.008/c0.002_s0.008_gtr/c0.002_s0.008_gtr_base-snps-concat_popWrong	population2	0.2	random	20	0.9178321133779785
simulation/sim_c0.002_s0.008/c0.002_s0.008_gtr/c0.002_s0.008_gtr_base-snps-concat_popWrong	population2	0.2	nonrandom	1	0.9104365278474661
simulation/sim_c0.002_s0.008/c0.002_s0.008_gtr/c0.002_s0.008_gtr_base-snps-concat_popWrong	population2	0.2	nonrandom	2	0.9169619618050111
simulation/sim_c0.002_s0.008/c0.002_s0.008_gtr/c0.002_s0.008_gtr_base-snps-concat_popWrong	population2	0.2	nonrandom	3	0.9063597591570497
simulation/sim_c0.002_s0.008/c0.002_s0.008_gtr/c0.002_s0.008_gtr_base-snps-concat_popWrong	population2	0.2	nonrandom	4	0.9071238453107875
simulation/sim_c0.002_s0.008/c0.002_s0.008_gtr/c0.002_s0.008_gtr_base-snps-concat_popWrong	population2	0.2	nonrandom	5	0.911826408241225
simulation/sim_c0.002_s0.008/c0.002_s0.008_gtr/c0.002_s0.008_gtr_base-snps-concat_popWrong	population2	0.2	nonrandom	6	0.9180615635383361
simulation/sim_c0.002_s0.008/c0.002_s0.008_gtr/c0.002_s0.008_gtr_base-snps-concat_popWrong	population2	0.2	nonrandom	7	0.9264300050175615
simulation/sim_c0.002_s0.008/c0.002_s0.008_gtr/c0.002_s0.008_gtr_base-snps-concat_popWrong	population2	0.2	nonrandom	8	0.9152372291385744
simulation/sim_c0.002_s0.008/c0.002_s0.008_gtr/c0.002_s0.008_gtr_base-snps-concat_popWrong	population2	0.2	nonrandom	9	0.9251152435008937
simulation/sim_c0.002_s0.008/c0.002_s0.008_gtr/c0.002_s0.008_gtr_base-snps-concat_popWrong	population2	0.2	nonrandom	10	0.9151117940355609
simulation/sim_c0.002_s0.008/c0.002_s0.008_gtr/c0.002_s0.008_gtr_base-snps-concat_popWrong	population2	0.2	nonrandom	11	0.9124462980965223
simulation/sim_c0.002_s0.008/c0.002_s0.008_gtr/c0.002_s0.008_gtr_base-snps-concat_popWrong	population2	0.2	nonrandom	12	0.914476363522446
simulation/sim_c0.002_s0.008/c0.002_s0.008_gtr/c0.002_s0.008_gtr_base-snps-concat_popWrong	population2	0.2	nonrandom	13	0.9139828781084387
simulation/sim_c0.002_s0.008/c0.002_s0.008_gtr/c0.002_s0.008_gtr_base-snps-concat_popWrong	population2	0.2	nonrandom	14	0.9071647965899831
simulation/sim_c0.002_s0.008/c0.002_s0.008_gtr/c0.002_s0.008_gtr_base-snps-concat_popWrong	population2	0.2	nonrandom	15	0.909404496848443
simulation/sim_c0.002_s0.008/c0.002_s0.008_gtr/c0.002_s0.008_gtr_base-snps-concat_popWrong	population2	0.2	nonrandom	16	0.908583785138989
simulation/sim_c0.002_s0.008/c0.002_s0.008_gtr/c0.002_s0.008_gtr_base-snps-concat_popWrong	population2	0.2	nonrandom	17	0.9214912280701755
simulation/sim_c0.002_s0.008/c0.002_s0.008_gtr/c0.002_s0.008_gtr_base-snps-concat_popWrong	population2	0.2	nonrandom	18	0.912101351563235
simulation/sim_c0.002_s0.008/c0.002_s0.008_gtr/c0.002_s0.008_gtr_base-snps-concat_popWrong	population2	0.2	nonrandom	19	0.9058609551883094
simulation/sim_c0.002_s0.008/c0.002_s0.008_gtr/c0.002_s0.008_gtr_base-snps-concat_popWrong	population2	0.2	nonrandom	20	0.9095953104918341
simulation/sim_c0.002_s0.008/c0.002_s0.008_gtr/c0.002_s0.008_gtr_base-snps-concat_popWrong	population2	0.2	nonrandom_weighted	1	0.9064655713031481
simulation/sim_c0.002_s0.008/c0.002_s0.008_gtr/c0.002_s0.008_gtr_base-snps-concat_popWrong	population2	0.2	nonrandom_weighted	2	0.9050769857944746
simulation/sim_c0.002_s0.008/c0.002_s0.008_gtr/c0.002_s0.008_gtr_base-snps-concat_popWrong	population2	0.2	nonrandom_weighted	3	0.9035899043737263
simulation/sim_c0.002_s0.008/c0.002_s0.008_gtr/c0.002_s0.008_gtr_base-snps-concat_popWrong	population2	0.2	nonrandom_weighted	4	0.9041362225218728
simulation/sim_c0.002_s0.008/c0.002_s0.008_gtr/c0.002_s0.008_gtr_base-snps-concat_popWrong	population2	0.2	nonrandom_weighted	5	0.9023487723039293
simulation/sim_c0.002_s0.008/c0.002_s0.008_gtr/c0.002_s0.008_gtr_base-snps-concat_popWrong	population2	0.2	nonrandom_weighted	6	0.9064881307033773
simulation/sim_c0.002_s0.008/c0.002_s0.008_gtr/c0.002_s0.008_gtr_base-snps-concat_popWrong	population2	0.2	nonrandom_weighted	7	0.911513023853556
simulation/sim_c0.002_s0.008/c0.002_s0.008_gtr/c0.002_s0.008_gtr_base-snps-concat_popWrong	population2	0.2	nonrandom_weighted	8	0.9068928750627195
simulation/sim_c0.002_s0.008/c0.002_s0.008_gtr/c0.002_s0.008_gtr_base-snps-concat_popWrong	population2	0.2	nonrandom_weighted	9	0.9007181159647527
simulation/sim_c0.002_s0.008/c0.002_s0.008_gtr/c0.002_s0.008_gtr_base-snps-concat_popWrong	population2	0.2	nonrandom_weighted	10	0.9006489638523999
simulation/sim_c0.002_s0.008/c0.002_s0.008_gtr/c0.002_s0.008_gtr_base-snps-concat_popWrong	population2	0.2	nonrandom_weighted	11	0.9048946231171515
simulation/sim_c0.002_s0.008/c0.002_s0.008_gtr/c0.002_s0.008_gtr_base-snps-concat_popWrong	population2	0.2	nonrandom_weighted	12	0.8979649430873914
simulation/sim_c0.002_s0.008/c0.002_s0.008_gtr/c0.002_s0.008_gtr_base-snps-concat_popWrong	population2	0.2	nonrandom_weighted	13	0.8855682388359257
simulation/sim_c0.002_s0.008/c0.002_s0.008_gtr/c0.002_s0.008_gtr_base-snps-concat_popWrong	population2	0.2	nonrandom_weighted	14	0.9121299548419468
simulation/sim_c0.002_s0.008/c0.002_s0.008_gtr/c0.002_s0.008_gtr_base-snps-concat_popWrong	population2	0.2	nonrandom_weighted	15	0.9082646441219795
simulation/sim_c0.002_s0.008/c0.002_s0.008_gtr/c0.002_s0.008_gtr_base-snps-concat_popWrong	population2	0.2	nonrandom_weighted	16	0.8984240373468685
simulation/sim_c0.002_s0.008/c0.002_s0.008_gtr/c0.002_s0.008_gtr_base-snps-concat_popWrong	population2	0.2	nonrandom_weighted	17	0.8962965285835242
simulation/sim_c0.002_s0.008/c0.002_s0.008_gtr/c0.002_s0.008_gtr_base-snps-concat_popWrong	population2	0.2	nonrandom_weighted	18	0.8961678374310086
simulation/sim_c0.002_s0.008/c0.002_s0.008_gtr/c0.002_s0.008_gtr_base-snps-concat_popWrong	population2	0.2	nonrandom_weighted	19	0.9039631278610397
simulation/sim_c0.002_s0.008/c0.002_s0.008_gtr/c0.002_s0.008_gtr_base-snps-concat_popWrong	population2	0.2	nonrandom_weighted	20	0.8997114902157551
