simulation/sim_c0.001_s0.009/c0.001_s0.009_gtrgamma/c0.001_s0.009_gtrgamma_base-snps-concat_popWrong	population2	0.2	random	1	0.882011479259066
simulation/sim_c0.001_s0.009/c0.001_s0.009_gtrgamma/c0.001_s0.009_gtrgamma_base-snps-concat_popWrong	population2	0.2	random	2	0.8824475614464032
simulation/sim_c0.001_s0.009/c0.001_s0.009_gtrgamma/c0.001_s0.009_gtrgamma_base-snps-concat_popWrong	population2	0.2	random	3	0.8807072080823781
simulation/sim_c0.001_s0.009/c0.001_s0.009_gtrgamma/c0.001_s0.009_gtrgamma_base-snps-concat_popWrong	population2	0.2	random	4	0.8791688379364252
simulation/sim_c0.001_s0.009/c0.001_s0.009_gtrgamma/c0.001_s0.009_gtrgamma_base-snps-concat_popWrong	population2	0.2	random	5	0.8838324906002852
simulation/sim_c0.001_s0.009/c0.001_s0.009_gtrgamma/c0.001_s0.009_gtrgamma_base-snps-concat_popWrong	population2	0.2	random	6	0.881000762001524
simulation/sim_c0.001_s0.009/c0.001_s0.009_gtrgamma/c0.001_s0.009_gtrgamma_base-snps-concat_popWrong	population2	0.2	random	7	0.8799763500197083
simulation/sim_c0.001_s0.009/c0.001_s0.009_gtrgamma/c0.001_s0.009_gtrgamma_base-snps-concat_popWrong	population2	0.2	random	8	0.8833159405165667
simulation/sim_c0.001_s0.009/c0.001_s0.009_gtrgamma/c0.001_s0.009_gtrgamma_base-snps-concat_popWrong	population2	0.2	random	9	0.8820827943078914
simulation/sim_c0.001_s0.009/c0.001_s0.009_gtrgamma/c0.001_s0.009_gtrgamma_base-snps-concat_popWrong	population2	0.2	random	10	0.8775840839867799
simulation/sim_c0.001_s0.009/c0.001_s0.009_gtrgamma/c0.001_s0.009_gtrgamma_base-snps-concat_popWrong	population2	0.2	random	11	0.8850100019358585
simulation/sim_c0.001_s0.009/c0.001_s0.009_gtrgamma/c0.001_s0.009_gtrgamma_base-snps-concat_popWrong	population2	0.2	random	12	0.8804031789106416
simulation/sim_c0.001_s0.009/c0.001_s0.009_gtrgamma/c0.001_s0.009_gtrgamma_base-snps-concat_popWrong	population2	0.2	random	13	0.883150756390193
simulation/sim_c0.001_s0.009/c0.001_s0.009_gtrgamma/c0.001_s0.009_gtrgamma_base-snps-concat_popWrong	population2	0.2	random	14	0.8830049261083743
simulation/sim_c0.001_s0.009/c0.001_s0.009_gtrgamma/c0.001_s0.009_gtrgamma_base-snps-concat_popWrong	population2	0.2	random	15	0.8830621637388993
simulation/sim_c0.001_s0.009/c0.001_s0.009_gtrgamma/c0.001_s0.009_gtrgamma_base-snps-concat_popWrong	population2	0.2	random	16	0.8809862800931918
simulation/sim_c0.001_s0.009/c0.001_s0.009_gtrgamma/c0.001_s0.009_gtrgamma_base-snps-concat_popWrong	population2	0.2	random	17	0.8857625576710637
simulation/sim_c0.001_s0.009/c0.001_s0.009_gtrgamma/c0.001_s0.009_gtrgamma_base-snps-concat_popWrong	population2	0.2	random	18	0.883614875714561
simulation/sim_c0.001_s0.009/c0.001_s0.009_gtrgamma/c0.001_s0.009_gtrgamma_base-snps-concat_popWrong	population2	0.2	random	19	0.8821533442088091
simulation/sim_c0.001_s0.009/c0.001_s0.009_gtrgamma/c0.001_s0.009_gtrgamma_base-snps-concat_popWrong	population2	0.2	random	20	0.8825810553083281
simulation/sim_c0.001_s0.009/c0.001_s0.009_gtrgamma/c0.001_s0.009_gtrgamma_base-snps-concat_popWrong	population2	0.2	nonrandom	1	0.8782187802516941
simulation/sim_c0.001_s0.009/c0.001_s0.009_gtrgamma/c0.001_s0.009_gtrgamma_base-snps-concat_popWrong	population2	0.2	nonrandom	2	0.8819952125250695
simulation/sim_c0.001_s0.009/c0.001_s0.009_gtrgamma/c0.001_s0.009_gtrgamma_base-snps-concat_popWrong	population2	0.2	nonrandom	3	0.8812835608462185
simulation/sim_c0.001_s0.009/c0.001_s0.009_gtrgamma/c0.001_s0.009_gtrgamma_base-snps-concat_popWrong	population2	0.2	nonrandom	4	0.8620042699100731
simulation/sim_c0.001_s0.009/c0.001_s0.009_gtrgamma/c0.001_s0.009_gtrgamma_base-snps-concat_popWrong	population2	0.2	nonrandom	5	0.8610967741935484
simulation/sim_c0.001_s0.009/c0.001_s0.009_gtrgamma/c0.001_s0.009_gtrgamma_base-snps-concat_popWrong	population2	0.2	nonrandom	6	0.862457139160251
simulation/sim_c0.001_s0.009/c0.001_s0.009_gtrgamma/c0.001_s0.009_gtrgamma_base-snps-concat_popWrong	population2	0.2	nonrandom	7	0.8689276485788113
simulation/sim_c0.001_s0.009/c0.001_s0.009_gtrgamma/c0.001_s0.009_gtrgamma_base-snps-concat_popWrong	population2	0.2	nonrandom	8	0.8687188773200544
simulation/sim_c0.001_s0.009/c0.001_s0.009_gtrgamma/c0.001_s0.009_gtrgamma_base-snps-concat_popWrong	population2	0.2	nonrandom	9	0.8724572166612851
simulation/sim_c0.001_s0.009/c0.001_s0.009_gtrgamma/c0.001_s0.009_gtrgamma_base-snps-concat_popWrong	population2	0.2	nonrandom	10	0.8607750533738759
simulation/sim_c0.001_s0.009/c0.001_s0.009_gtrgamma/c0.001_s0.009_gtrgamma_base-snps-concat_popWrong	population2	0.2	nonrandom	11	0.8813384148310832
simulation/sim_c0.001_s0.009/c0.001_s0.009_gtrgamma/c0.001_s0.009_gtrgamma_base-snps-concat_popWrong	population2	0.2	nonrandom	12	0.8662790697674418
simulation/sim_c0.001_s0.009/c0.001_s0.009_gtrgamma/c0.001_s0.009_gtrgamma_base-snps-concat_popWrong	population2	0.2	nonrandom	13	0.8752021737724008
simulation/sim_c0.001_s0.009/c0.001_s0.009_gtrgamma/c0.001_s0.009_gtrgamma_base-snps-concat_popWrong	population2	0.2	nonrandom	14	0.8796583850931677
simulation/sim_c0.001_s0.009/c0.001_s0.009_gtrgamma/c0.001_s0.009_gtrgamma_base-snps-concat_popWrong	population2	0.2	nonrandom	15	0.8531409717280196
simulation/sim_c0.001_s0.009/c0.001_s0.009_gtrgamma/c0.001_s0.009_gtrgamma_base-snps-concat_popWrong	population2	0.2	nonrandom	16	0.8604455925088795
simulation/sim_c0.001_s0.009/c0.001_s0.009_gtrgamma/c0.001_s0.009_gtrgamma_base-snps-concat_popWrong	population2	0.2	nonrandom	17	0.8725496538785017
simulation/sim_c0.001_s0.009/c0.001_s0.009_gtrgamma/c0.001_s0.009_gtrgamma_base-snps-concat_popWrong	population2	0.2	nonrandom	18	0.8620109925638538
simulation/sim_c0.001_s0.009/c0.001_s0.009_gtrgamma/c0.001_s0.009_gtrgamma_base-snps-concat_popWrong	population2	0.2	nonrandom	19	0.8665935200722861
simulation/sim_c0.001_s0.009/c0.001_s0.009_gtrgamma/c0.001_s0.009_gtrgamma_base-snps-concat_popWrong	population2	0.2	nonrandom	20	0.8714664596675076
simulation/sim_c0.001_s0.009/c0.001_s0.009_gtrgamma/c0.001_s0.009_gtrgamma_base-snps-concat_popWrong	population2	0.2	nonrandom_weighted	1	0.8341851588277156
simulation/sim_c0.001_s0.009/c0.001_s0.009_gtrgamma/c0.001_s0.009_gtrgamma_base-snps-concat_popWrong	population2	0.2	nonrandom_weighted	2	0.810732274312282
simulation/sim_c0.001_s0.009/c0.001_s0.009_gtrgamma/c0.001_s0.009_gtrgamma_base-snps-concat_popWrong	population2	0.2	nonrandom_weighted	3	0.8448454274996766
simulation/sim_c0.001_s0.009/c0.001_s0.009_gtrgamma/c0.001_s0.009_gtrgamma_base-snps-concat_popWrong	population2	0.2	nonrandom_weighted	4	0.829785857540273
simulation/sim_c0.001_s0.009/c0.001_s0.009_gtrgamma/c0.001_s0.009_gtrgamma_base-snps-concat_popWrong	population2	0.2	nonrandom_weighted	5	0.8292604085854668
simulation/sim_c0.001_s0.009/c0.001_s0.009_gtrgamma/c0.001_s0.009_gtrgamma_base-snps-concat_popWrong	population2	0.2	nonrandom_weighted	6	0.8191757779646762
simulation/sim_c0.001_s0.009/c0.001_s0.009_gtrgamma/c0.001_s0.009_gtrgamma_base-snps-concat_popWrong	population2	0.2	nonrandom_weighted	7	0.8223458627159216
simulation/sim_c0.001_s0.009/c0.001_s0.009_gtrgamma/c0.001_s0.009_gtrgamma_base-snps-concat_popWrong	population2	0.2	nonrandom_weighted	8	0.8366317423360496
simulation/sim_c0.001_s0.009/c0.001_s0.009_gtrgamma/c0.001_s0.009_gtrgamma_base-snps-concat_popWrong	population2	0.2	nonrandom_weighted	9	0.8174818840579711
simulation/sim_c0.001_s0.009/c0.001_s0.009_gtrgamma/c0.001_s0.009_gtrgamma_base-snps-concat_popWrong	population2	0.2	nonrandom_weighted	10	0.8218814699792961
simulation/sim_c0.001_s0.009/c0.001_s0.009_gtrgamma/c0.001_s0.009_gtrgamma_base-snps-concat_popWrong	population2	0.2	nonrandom_weighted	11	0.8191874757407168
simulation/sim_c0.001_s0.009/c0.001_s0.009_gtrgamma/c0.001_s0.009_gtrgamma_base-snps-concat_popWrong	population2	0.2	nonrandom_weighted	12	0.8283958602846054
simulation/sim_c0.001_s0.009/c0.001_s0.009_gtrgamma/c0.001_s0.009_gtrgamma_base-snps-concat_popWrong	population2	0.2	nonrandom_weighted	13	0.8306378574201061
simulation/sim_c0.001_s0.009/c0.001_s0.009_gtrgamma/c0.001_s0.009_gtrgamma_base-snps-concat_popWrong	population2	0.2	nonrandom_weighted	14	0.8212348230431413
simulation/sim_c0.001_s0.009/c0.001_s0.009_gtrgamma/c0.001_s0.009_gtrgamma_base-snps-concat_popWrong	population2	0.2	nonrandom_weighted	15	0.8266157727890276
simulation/sim_c0.001_s0.009/c0.001_s0.009_gtrgamma/c0.001_s0.009_gtrgamma_base-snps-concat_popWrong	population2	0.2	nonrandom_weighted	16	0.8069485625886296
simulation/sim_c0.001_s0.009/c0.001_s0.009_gtrgamma/c0.001_s0.009_gtrgamma_base-snps-concat_popWrong	population2	0.2	nonrandom_weighted	17	0.8263341516991859
simulation/sim_c0.001_s0.009/c0.001_s0.009_gtrgamma/c0.001_s0.009_gtrgamma_base-snps-concat_popWrong	population2	0.2	nonrandom_weighted	18	0.8140001293912144
simulation/sim_c0.001_s0.009/c0.001_s0.009_gtrgamma/c0.001_s0.009_gtrgamma_base-snps-concat_popWrong	population2	0.2	nonrandom_weighted	19	0.8210730446024563
simulation/sim_c0.001_s0.009/c0.001_s0.009_gtrgamma/c0.001_s0.009_gtrgamma_base-snps-concat_popWrong	population2	0.2	nonrandom_weighted	20	0.8218929934657436
