simulation/sim_c0.001_s0.009/c0.001_s0.009_gtrgamma/c0.001_s0.009_gtrgamma_base-snps-concat_nmf	nmf	0.2	random	1	0.9420035149384886
simulation/sim_c0.001_s0.009/c0.001_s0.009_gtrgamma/c0.001_s0.009_gtrgamma_base-snps-concat_nmf	nmf	0.2	random	2	0.9395990459614517
simulation/sim_c0.001_s0.009/c0.001_s0.009_gtrgamma/c0.001_s0.009_gtrgamma_base-snps-concat_nmf	nmf	0.2	random	3	0.939382088384826
simulation/sim_c0.001_s0.009/c0.001_s0.009_gtrgamma/c0.001_s0.009_gtrgamma_base-snps-concat_nmf	nmf	0.2	random	4	0.9395691014188124
simulation/sim_c0.001_s0.009/c0.001_s0.009_gtrgamma/c0.001_s0.009_gtrgamma_base-snps-concat_nmf	nmf	0.2	random	5	0.9425347335464093
simulation/sim_c0.001_s0.009/c0.001_s0.009_gtrgamma/c0.001_s0.009_gtrgamma_base-snps-concat_nmf	nmf	0.2	random	6	0.9363381384123671
simulation/sim_c0.001_s0.009/c0.001_s0.009_gtrgamma/c0.001_s0.009_gtrgamma_base-snps-concat_nmf	nmf	0.2	random	7	0.9397915862601313
simulation/sim_c0.001_s0.009/c0.001_s0.009_gtrgamma/c0.001_s0.009_gtrgamma_base-snps-concat_nmf	nmf	0.2	random	8	0.9390259910737726
simulation/sim_c0.001_s0.009/c0.001_s0.009_gtrgamma/c0.001_s0.009_gtrgamma_base-snps-concat_nmf	nmf	0.2	random	9	0.9416639897205268
simulation/sim_c0.001_s0.009/c0.001_s0.009_gtrgamma/c0.001_s0.009_gtrgamma_base-snps-concat_nmf	nmf	0.2	random	10	0.9387253316078938
simulation/sim_c0.001_s0.009/c0.001_s0.009_gtrgamma/c0.001_s0.009_gtrgamma_base-snps-concat_nmf	nmf	0.2	random	11	0.9382282106359435
simulation/sim_c0.001_s0.009/c0.001_s0.009_gtrgamma/c0.001_s0.009_gtrgamma_base-snps-concat_nmf	nmf	0.2	random	12	0.9389278296988577
simulation/sim_c0.001_s0.009/c0.001_s0.009_gtrgamma/c0.001_s0.009_gtrgamma_base-snps-concat_nmf	nmf	0.2	random	13	0.935184584441705
simulation/sim_c0.001_s0.009/c0.001_s0.009_gtrgamma/c0.001_s0.009_gtrgamma_base-snps-concat_nmf	nmf	0.2	random	14	0.9376370437250097
simulation/sim_c0.001_s0.009/c0.001_s0.009_gtrgamma/c0.001_s0.009_gtrgamma_base-snps-concat_nmf	nmf	0.2	random	15	0.9380348754906377
simulation/sim_c0.001_s0.009/c0.001_s0.009_gtrgamma/c0.001_s0.009_gtrgamma_base-snps-concat_nmf	nmf	0.2	random	16	0.9388957214059163
simulation/sim_c0.001_s0.009/c0.001_s0.009_gtrgamma/c0.001_s0.009_gtrgamma_base-snps-concat_nmf	nmf	0.2	random	17	0.9585000645411127
simulation/sim_c0.001_s0.009/c0.001_s0.009_gtrgamma/c0.001_s0.009_gtrgamma_base-snps-concat_nmf	nmf	0.2	random	18	0.9368813472168659
simulation/sim_c0.001_s0.009/c0.001_s0.009_gtrgamma/c0.001_s0.009_gtrgamma_base-snps-concat_nmf	nmf	0.2	random	19	0.9371852808263396
simulation/sim_c0.001_s0.009/c0.001_s0.009_gtrgamma/c0.001_s0.009_gtrgamma_base-snps-concat_nmf	nmf	0.2	random	20	0.9391744648122036
simulation/sim_c0.001_s0.009/c0.001_s0.009_gtrgamma/c0.001_s0.009_gtrgamma_base-snps-concat_nmf	nmf	0.2	nonrandom	1	0.8678830227743272
simulation/sim_c0.001_s0.009/c0.001_s0.009_gtrgamma/c0.001_s0.009_gtrgamma_base-snps-concat_nmf	nmf	0.2	nonrandom	2	0.8885941644562334
simulation/sim_c0.001_s0.009/c0.001_s0.009_gtrgamma/c0.001_s0.009_gtrgamma_base-snps-concat_nmf	nmf	0.2	nonrandom	3	0.8711803088054784
simulation/sim_c0.001_s0.009/c0.001_s0.009_gtrgamma/c0.001_s0.009_gtrgamma_base-snps-concat_nmf	nmf	0.2	nonrandom	4	0.8646567898039723
simulation/sim_c0.001_s0.009/c0.001_s0.009_gtrgamma/c0.001_s0.009_gtrgamma_base-snps-concat_nmf	nmf	0.2	nonrandom	5	0.8826379020798346
simulation/sim_c0.001_s0.009/c0.001_s0.009_gtrgamma/c0.001_s0.009_gtrgamma_base-snps-concat_nmf	nmf	0.2	nonrandom	6	0.8765527950310559
simulation/sim_c0.001_s0.009/c0.001_s0.009_gtrgamma/c0.001_s0.009_gtrgamma_base-snps-concat_nmf	nmf	0.2	nonrandom	7	0.8724450194049159
simulation/sim_c0.001_s0.009/c0.001_s0.009_gtrgamma/c0.001_s0.009_gtrgamma_base-snps-concat_nmf	nmf	0.2	nonrandom	8	0.8838713851329495
simulation/sim_c0.001_s0.009/c0.001_s0.009_gtrgamma/c0.001_s0.009_gtrgamma_base-snps-concat_nmf	nmf	0.2	nonrandom	9	0.8730672187358478
simulation/sim_c0.001_s0.009/c0.001_s0.009_gtrgamma/c0.001_s0.009_gtrgamma_base-snps-concat_nmf	nmf	0.2	nonrandom	10	0.8799122410789185
simulation/sim_c0.001_s0.009/c0.001_s0.009_gtrgamma/c0.001_s0.009_gtrgamma_base-snps-concat_nmf	nmf	0.2	nonrandom	11	0.892496765847348
simulation/sim_c0.001_s0.009/c0.001_s0.009_gtrgamma/c0.001_s0.009_gtrgamma_base-snps-concat_nmf	nmf	0.2	nonrandom	12	0.8918289448146471
simulation/sim_c0.001_s0.009/c0.001_s0.009_gtrgamma/c0.001_s0.009_gtrgamma_base-snps-concat_nmf	nmf	0.2	nonrandom	13	0.8844461697722568
simulation/sim_c0.001_s0.009/c0.001_s0.009_gtrgamma/c0.001_s0.009_gtrgamma_base-snps-concat_nmf	nmf	0.2	nonrandom	14	0.8648543940078776
simulation/sim_c0.001_s0.009/c0.001_s0.009_gtrgamma/c0.001_s0.009_gtrgamma_base-snps-concat_nmf	nmf	0.2	nonrandom	15	0.8938276397515528
simulation/sim_c0.001_s0.009/c0.001_s0.009_gtrgamma/c0.001_s0.009_gtrgamma_base-snps-concat_nmf	nmf	0.2	nonrandom	16	0.8918219461697723
simulation/sim_c0.001_s0.009/c0.001_s0.009_gtrgamma/c0.001_s0.009_gtrgamma_base-snps-concat_nmf	nmf	0.2	nonrandom	17	0.8835479070971081
simulation/sim_c0.001_s0.009/c0.001_s0.009_gtrgamma/c0.001_s0.009_gtrgamma_base-snps-concat_nmf	nmf	0.2	nonrandom	18	0.9036338991802749
simulation/sim_c0.001_s0.009/c0.001_s0.009_gtrgamma/c0.001_s0.009_gtrgamma_base-snps-concat_nmf	nmf	0.2	nonrandom	19	0.8745471014492754
simulation/sim_c0.001_s0.009/c0.001_s0.009_gtrgamma/c0.001_s0.009_gtrgamma_base-snps-concat_nmf	nmf	0.2	nonrandom	20	0.8887235556705699
simulation/sim_c0.001_s0.009/c0.001_s0.009_gtrgamma/c0.001_s0.009_gtrgamma_base-snps-concat_nmf	nmf	0.2	nonrandom_weighted	1	0.7958853593840978
simulation/sim_c0.001_s0.009/c0.001_s0.009_gtrgamma/c0.001_s0.009_gtrgamma_base-snps-concat_nmf	nmf	0.2	nonrandom_weighted	2	0.820158740401368
simulation/sim_c0.001_s0.009/c0.001_s0.009_gtrgamma/c0.001_s0.009_gtrgamma_base-snps-concat_nmf	nmf	0.2	nonrandom_weighted	3	0.8353062940681804
simulation/sim_c0.001_s0.009/c0.001_s0.009_gtrgamma/c0.001_s0.009_gtrgamma_base-snps-concat_nmf	nmf	0.2	nonrandom_weighted	4	0.8269429382907307
simulation/sim_c0.001_s0.009/c0.001_s0.009_gtrgamma/c0.001_s0.009_gtrgamma_base-snps-concat_nmf	nmf	0.2	nonrandom_weighted	5	0.7817570625121211
simulation/sim_c0.001_s0.009/c0.001_s0.009_gtrgamma/c0.001_s0.009_gtrgamma_base-snps-concat_nmf	nmf	0.2	nonrandom_weighted	6	0.785067287784679
simulation/sim_c0.001_s0.009/c0.001_s0.009_gtrgamma/c0.001_s0.009_gtrgamma_base-snps-concat_nmf	nmf	0.2	nonrandom_weighted	7	0.8041430046463603
simulation/sim_c0.001_s0.009/c0.001_s0.009_gtrgamma/c0.001_s0.009_gtrgamma_base-snps-concat_nmf	nmf	0.2	nonrandom_weighted	8	0.840913501973216
simulation/sim_c0.001_s0.009/c0.001_s0.009_gtrgamma/c0.001_s0.009_gtrgamma_base-snps-concat_nmf	nmf	0.2	nonrandom_weighted	9	0.8338616807918743
simulation/sim_c0.001_s0.009/c0.001_s0.009_gtrgamma/c0.001_s0.009_gtrgamma_base-snps-concat_nmf	nmf	0.2	nonrandom_weighted	10	0.8122615275172994
simulation/sim_c0.001_s0.009/c0.001_s0.009_gtrgamma/c0.001_s0.009_gtrgamma_base-snps-concat_nmf	nmf	0.2	nonrandom_weighted	11	0.7933622307045352
simulation/sim_c0.001_s0.009/c0.001_s0.009_gtrgamma/c0.001_s0.009_gtrgamma_base-snps-concat_nmf	nmf	0.2	nonrandom_weighted	12	0.8248042957883159
simulation/sim_c0.001_s0.009/c0.001_s0.009_gtrgamma/c0.001_s0.009_gtrgamma_base-snps-concat_nmf	nmf	0.2	nonrandom_weighted	13	0.8424320827943079
simulation/sim_c0.001_s0.009/c0.001_s0.009_gtrgamma/c0.001_s0.009_gtrgamma_base-snps-concat_nmf	nmf	0.2	nonrandom_weighted	14	0.8213638716356108
simulation/sim_c0.001_s0.009/c0.001_s0.009_gtrgamma/c0.001_s0.009_gtrgamma_base-snps-concat_nmf	nmf	0.2	nonrandom_weighted	15	0.7910978844536456
simulation/sim_c0.001_s0.009/c0.001_s0.009_gtrgamma/c0.001_s0.009_gtrgamma_base-snps-concat_nmf	nmf	0.2	nonrandom_weighted	16	0.8174772330943616
simulation/sim_c0.001_s0.009/c0.001_s0.009_gtrgamma/c0.001_s0.009_gtrgamma_base-snps-concat_nmf	nmf	0.2	nonrandom_weighted	17	0.7952384033124151
simulation/sim_c0.001_s0.009/c0.001_s0.009_gtrgamma/c0.001_s0.009_gtrgamma_base-snps-concat_nmf	nmf	0.2	nonrandom_weighted	18	0.8374199391861292
simulation/sim_c0.001_s0.009/c0.001_s0.009_gtrgamma/c0.001_s0.009_gtrgamma_base-snps-concat_nmf	nmf	0.2	nonrandom_weighted	19	0.8136119557482047
simulation/sim_c0.001_s0.009/c0.001_s0.009_gtrgamma/c0.001_s0.009_gtrgamma_base-snps-concat_nmf	nmf	0.2	nonrandom_weighted	20	0.8301850174666839
