simulation/sim_c0.003_s0.007/c0.003_s0.007_gtr/c0.003_s0.007_gtr_base-snps-concat_global	global	0.2	random	1	0.9326426482483977
simulation/sim_c0.003_s0.007/c0.003_s0.007_gtr/c0.003_s0.007_gtr_base-snps-concat_global	global	0.2	random	2	0.9303601090669759
simulation/sim_c0.003_s0.007/c0.003_s0.007_gtr/c0.003_s0.007_gtr_base-snps-concat_global	global	0.2	random	3	0.9346918111631439
simulation/sim_c0.003_s0.007/c0.003_s0.007_gtr/c0.003_s0.007_gtr_base-snps-concat_global	global	0.2	random	4	0.9334122705886019
simulation/sim_c0.003_s0.007/c0.003_s0.007_gtr/c0.003_s0.007_gtr_base-snps-concat_global	global	0.2	random	5	0.9335622158300083
simulation/sim_c0.003_s0.007/c0.003_s0.007_gtr/c0.003_s0.007_gtr_base-snps-concat_global	global	0.2	random	6	0.9343058852930152
simulation/sim_c0.003_s0.007/c0.003_s0.007_gtr/c0.003_s0.007_gtr_base-snps-concat_global	global	0.2	random	7	0.9361980382998599
simulation/sim_c0.003_s0.007/c0.003_s0.007_gtr/c0.003_s0.007_gtr_base-snps-concat_global	global	0.2	random	8	0.9333901838165625
simulation/sim_c0.003_s0.007/c0.003_s0.007_gtr/c0.003_s0.007_gtr_base-snps-concat_global	global	0.2	random	9	0.9349886991461577
simulation/sim_c0.003_s0.007/c0.003_s0.007_gtr/c0.003_s0.007_gtr_base-snps-concat_global	global	0.2	random	10	0.9306480732117288
simulation/sim_c0.003_s0.007/c0.003_s0.007_gtr/c0.003_s0.007_gtr_base-snps-concat_global	global	0.2	random	11	0.9345148787196799
simulation/sim_c0.003_s0.007/c0.003_s0.007_gtr/c0.003_s0.007_gtr_base-snps-concat_global	global	0.2	random	12	0.9327757318519443
simulation/sim_c0.003_s0.007/c0.003_s0.007_gtr/c0.003_s0.007_gtr_base-snps-concat_global	global	0.2	random	13	0.9324865256721404
simulation/sim_c0.003_s0.007/c0.003_s0.007_gtr/c0.003_s0.007_gtr_base-snps-concat_global	global	0.2	random	14	0.9361286117749293
simulation/sim_c0.003_s0.007/c0.003_s0.007_gtr/c0.003_s0.007_gtr_base-snps-concat_global	global	0.2	random	15	0.9332769741373912
simulation/sim_c0.003_s0.007/c0.003_s0.007_gtr/c0.003_s0.007_gtr_base-snps-concat_global	global	0.2	random	16	0.9343907035175879
simulation/sim_c0.003_s0.007/c0.003_s0.007_gtr/c0.003_s0.007_gtr_base-snps-concat_global	global	0.2	random	17	0.9349073464396576
simulation/sim_c0.003_s0.007/c0.003_s0.007_gtr/c0.003_s0.007_gtr_base-snps-concat_global	global	0.2	random	18	0.9340655911629794
simulation/sim_c0.003_s0.007/c0.003_s0.007_gtr/c0.003_s0.007_gtr_base-snps-concat_global	global	0.2	random	19	0.9331758778145174
simulation/sim_c0.003_s0.007/c0.003_s0.007_gtr/c0.003_s0.007_gtr_base-snps-concat_global	global	0.2	random	20	0.932058395065555
simulation/sim_c0.003_s0.007/c0.003_s0.007_gtr/c0.003_s0.007_gtr_base-snps-concat_global	global	0.2	nonrandom	1	0.9248921672813653
simulation/sim_c0.003_s0.007/c0.003_s0.007_gtr/c0.003_s0.007_gtr_base-snps-concat_global	global	0.2	nonrandom	2	0.9356068894376544
simulation/sim_c0.003_s0.007/c0.003_s0.007_gtr/c0.003_s0.007_gtr_base-snps-concat_global	global	0.2	nonrandom	3	0.9329016516516516
simulation/sim_c0.003_s0.007/c0.003_s0.007_gtr/c0.003_s0.007_gtr_base-snps-concat_global	global	0.2	nonrandom	4	0.936812156078039
simulation/sim_c0.003_s0.007/c0.003_s0.007_gtr/c0.003_s0.007_gtr_base-snps-concat_global	global	0.2	nonrandom	5	0.9329663111138916
simulation/sim_c0.003_s0.007/c0.003_s0.007_gtr/c0.003_s0.007_gtr_base-snps-concat_global	global	0.2	nonrandom	6	0.9285870687228253
simulation/sim_c0.003_s0.007/c0.003_s0.007_gtr/c0.003_s0.007_gtr_base-snps-concat_global	global	0.2	nonrandom	7	0.9362820232099847
simulation/sim_c0.003_s0.007/c0.003_s0.007_gtr/c0.003_s0.007_gtr_base-snps-concat_global	global	0.2	nonrandom	8	0.9217992430166724
simulation/sim_c0.003_s0.007/c0.003_s0.007_gtr/c0.003_s0.007_gtr_base-snps-concat_global	global	0.2	nonrandom	9	0.9357955966975231
simulation/sim_c0.003_s0.007/c0.003_s0.007_gtr/c0.003_s0.007_gtr_base-snps-concat_global	global	0.2	nonrandom	10	0.9321530232412649
simulation/sim_c0.003_s0.007/c0.003_s0.007_gtr/c0.003_s0.007_gtr_base-snps-concat_global	global	0.2	nonrandom	11	0.9323867900925694
simulation/sim_c0.003_s0.007/c0.003_s0.007_gtr/c0.003_s0.007_gtr_base-snps-concat_global	global	0.2	nonrandom	12	0.927523538427852
simulation/sim_c0.003_s0.007/c0.003_s0.007_gtr/c0.003_s0.007_gtr_base-snps-concat_global	global	0.2	nonrandom	13	0.93287456990929
simulation/sim_c0.003_s0.007/c0.003_s0.007_gtr/c0.003_s0.007_gtr_base-snps-concat_global	global	0.2	nonrandom	14	0.9243111375222844
simulation/sim_c0.003_s0.007/c0.003_s0.007_gtr/c0.003_s0.007_gtr_base-snps-concat_global	global	0.2	nonrandom	15	0.9332624800725204
simulation/sim_c0.003_s0.007/c0.003_s0.007_gtr/c0.003_s0.007_gtr_base-snps-concat_global	global	0.2	nonrandom	16	0.9264912884356721
simulation/sim_c0.003_s0.007/c0.003_s0.007_gtr/c0.003_s0.007_gtr_base-snps-concat_global	global	0.2	nonrandom	17	0.9299924924924925
simulation/sim_c0.003_s0.007/c0.003_s0.007_gtr/c0.003_s0.007_gtr_base-snps-concat_global	global	0.2	nonrandom	18	0.9304013262848384
simulation/sim_c0.003_s0.007/c0.003_s0.007_gtr/c0.003_s0.007_gtr_base-snps-concat_global	global	0.2	nonrandom	19	0.9381275610747912
simulation/sim_c0.003_s0.007/c0.003_s0.007_gtr/c0.003_s0.007_gtr_base-snps-concat_global	global	0.2	nonrandom	20	0.9345616065563515
simulation/sim_c0.003_s0.007/c0.003_s0.007_gtr/c0.003_s0.007_gtr_base-snps-concat_global	global	0.2	nonrandom_weighted	1	0.9220572143192122
simulation/sim_c0.003_s0.007/c0.003_s0.007_gtr/c0.003_s0.007_gtr_base-snps-concat_global	global	0.2	nonrandom_weighted	2	0.9245831899652789
simulation/sim_c0.003_s0.007/c0.003_s0.007_gtr/c0.003_s0.007_gtr_base-snps-concat_global	global	0.2	nonrandom_weighted	3	0.9293087269314982
simulation/sim_c0.003_s0.007/c0.003_s0.007_gtr/c0.003_s0.007_gtr_base-snps-concat_global	global	0.2	nonrandom_weighted	4	0.9152902902902903
simulation/sim_c0.003_s0.007/c0.003_s0.007_gtr/c0.003_s0.007_gtr_base-snps-concat_global	global	0.2	nonrandom_weighted	5	0.9319966217272984
simulation/sim_c0.003_s0.007/c0.003_s0.007_gtr/c0.003_s0.007_gtr_base-snps-concat_global	global	0.2	nonrandom_weighted	6	0.9249077375367486
simulation/sim_c0.003_s0.007/c0.003_s0.007_gtr/c0.003_s0.007_gtr_base-snps-concat_global	global	0.2	nonrandom_weighted	7	0.9311498998998999
simulation/sim_c0.003_s0.007/c0.003_s0.007_gtr/c0.003_s0.007_gtr_base-snps-concat_global	global	0.2	nonrandom_weighted	8	0.9201413869686259
simulation/sim_c0.003_s0.007/c0.003_s0.007_gtr/c0.003_s0.007_gtr_base-snps-concat_global	global	0.2	nonrandom_weighted	9	0.9213275775775776
simulation/sim_c0.003_s0.007/c0.003_s0.007_gtr/c0.003_s0.007_gtr_base-snps-concat_global	global	0.2	nonrandom_weighted	10	0.9321217429384716
simulation/sim_c0.003_s0.007/c0.003_s0.007_gtr/c0.003_s0.007_gtr_base-snps-concat_global	global	0.2	nonrandom_weighted	11	0.9334020876304769
simulation/sim_c0.003_s0.007/c0.003_s0.007_gtr/c0.003_s0.007_gtr_base-snps-concat_global	global	0.2	nonrandom_weighted	12	0.918511569731082
simulation/sim_c0.003_s0.007/c0.003_s0.007_gtr/c0.003_s0.007_gtr_base-snps-concat_global	global	0.2	nonrandom_weighted	13	0.9347180080703181
simulation/sim_c0.003_s0.007/c0.003_s0.007_gtr/c0.003_s0.007_gtr_base-snps-concat_global	global	0.2	nonrandom_weighted	14	0.9289914914914915
simulation/sim_c0.003_s0.007/c0.003_s0.007_gtr/c0.003_s0.007_gtr_base-snps-concat_global	global	0.2	nonrandom_weighted	15	0.9298695611373519
simulation/sim_c0.003_s0.007/c0.003_s0.007_gtr/c0.003_s0.007_gtr_base-snps-concat_global	global	0.2	nonrandom_weighted	16	0.919223798512593
simulation/sim_c0.003_s0.007/c0.003_s0.007_gtr/c0.003_s0.007_gtr_base-snps-concat_global	global	0.2	nonrandom_weighted	17	0.9293377959898652
simulation/sim_c0.003_s0.007/c0.003_s0.007_gtr/c0.003_s0.007_gtr_base-snps-concat_global	global	0.2	nonrandom_weighted	18	0.9206105915105258
simulation/sim_c0.003_s0.007/c0.003_s0.007_gtr/c0.003_s0.007_gtr_base-snps-concat_global	global	0.2	nonrandom_weighted	19	0.9257092808658388
simulation/sim_c0.003_s0.007/c0.003_s0.007_gtr/c0.003_s0.007_gtr_base-snps-concat_global	global	0.2	nonrandom_weighted	20	0.9272624929639127
