simulation/sim_c0.003_s0.007/c0.003_s0.007_gtrgamma/c0.003_s0.007_gtrgamma_base-snps-concat_phylo	phylo	0.2	random	1	0.9991876523151909
simulation/sim_c0.003_s0.007/c0.003_s0.007_gtrgamma/c0.003_s0.007_gtrgamma_base-snps-concat_phylo	phylo	0.2	random	2	0.9992449030958973
simulation/sim_c0.003_s0.007/c0.003_s0.007_gtrgamma/c0.003_s0.007_gtrgamma_base-snps-concat_phylo	phylo	0.2	random	3	0.9988078057350819
simulation/sim_c0.003_s0.007/c0.003_s0.007_gtrgamma/c0.003_s0.007_gtrgamma_base-snps-concat_phylo	phylo	0.2	random	4	0.9990566037735849
simulation/sim_c0.003_s0.007/c0.003_s0.007_gtrgamma/c0.003_s0.007_gtrgamma_base-snps-concat_phylo	phylo	0.2	random	5	0.9988685649632284
simulation/sim_c0.003_s0.007/c0.003_s0.007_gtrgamma/c0.003_s0.007_gtrgamma_base-snps-concat_phylo	phylo	0.2	random	6	0.99919013207077
simulation/sim_c0.003_s0.007/c0.003_s0.007_gtrgamma/c0.003_s0.007_gtrgamma_base-snps-concat_phylo	phylo	0.2	random	7	0.999313486862635
simulation/sim_c0.003_s0.007/c0.003_s0.007_gtrgamma/c0.003_s0.007_gtrgamma_base-snps-concat_phylo	phylo	0.2	random	8	0.998812351543943
simulation/sim_c0.003_s0.007/c0.003_s0.007_gtrgamma/c0.003_s0.007_gtrgamma_base-snps-concat_phylo	phylo	0.2	random	9	0.9993109064712147
simulation/sim_c0.003_s0.007/c0.003_s0.007_gtrgamma/c0.003_s0.007_gtrgamma_base-snps-concat_phylo	phylo	0.2	random	10	0.999123520941589
simulation/sim_c0.003_s0.007/c0.003_s0.007_gtrgamma/c0.003_s0.007_gtrgamma_base-snps-concat_phylo	phylo	0.2	random	11	0.9988078805370811
simulation/sim_c0.003_s0.007/c0.003_s0.007_gtrgamma/c0.003_s0.007_gtrgamma_base-snps-concat_phylo	phylo	0.2	random	12	0.9988601823708206
simulation/sim_c0.003_s0.007/c0.003_s0.007_gtrgamma/c0.003_s0.007_gtrgamma_base-snps-concat_phylo	phylo	0.2	random	13	0.9986064483435738
simulation/sim_c0.003_s0.007/c0.003_s0.007_gtrgamma/c0.003_s0.007_gtrgamma_base-snps-concat_phylo	phylo	0.2	random	14	0.9990467717336045
simulation/sim_c0.003_s0.007/c0.003_s0.007_gtrgamma/c0.003_s0.007_gtrgamma_base-snps-concat_phylo	phylo	0.2	random	15	0.9992530345471522
simulation/sim_c0.003_s0.007/c0.003_s0.007_gtrgamma/c0.003_s0.007_gtrgamma_base-snps-concat_phylo	phylo	0.2	random	16	0.9993047215725934
simulation/sim_c0.003_s0.007/c0.003_s0.007_gtrgamma/c0.003_s0.007_gtrgamma_base-snps-concat_phylo	phylo	0.2	random	17	0.9989318924352852
simulation/sim_c0.003_s0.007/c0.003_s0.007_gtrgamma/c0.003_s0.007_gtrgamma_base-snps-concat_phylo	phylo	0.2	random	18	0.9987953335024093
simulation/sim_c0.003_s0.007/c0.003_s0.007_gtrgamma/c0.003_s0.007_gtrgamma_base-snps-concat_phylo	phylo	0.2	random	19	0.9988269432610978
simulation/sim_c0.003_s0.007/c0.003_s0.007_gtrgamma/c0.003_s0.007_gtrgamma_base-snps-concat_phylo	phylo	0.2	random	20	0.9989968652037617
simulation/sim_c0.003_s0.007/c0.003_s0.007_gtrgamma/c0.003_s0.007_gtrgamma_base-snps-concat_phylo	phylo	0.2	nonrandom	1	0.9999373786711754
simulation/sim_c0.003_s0.007/c0.003_s0.007_gtrgamma/c0.003_s0.007_gtrgamma_base-snps-concat_phylo	phylo	0.2	nonrandom	2	0.998058617234469
simulation/sim_c0.003_s0.007/c0.003_s0.007_gtrgamma/c0.003_s0.007_gtrgamma_base-snps-concat_phylo	phylo	0.2	nonrandom	3	0.9997495146847016
simulation/sim_c0.003_s0.007/c0.003_s0.007_gtrgamma/c0.003_s0.007_gtrgamma_base-snps-concat_phylo	phylo	0.2	nonrandom	4	0.999687597625742
simulation/sim_c0.003_s0.007/c0.003_s0.007_gtrgamma/c0.003_s0.007_gtrgamma_base-snps-concat_phylo	phylo	0.2	nonrandom	5	0.9986889749032338
simulation/sim_c0.003_s0.007/c0.003_s0.007_gtrgamma/c0.003_s0.007_gtrgamma_base-snps-concat_phylo	phylo	0.2	nonrandom	6	0.9985597094370342
simulation/sim_c0.003_s0.007/c0.003_s0.007_gtrgamma/c0.003_s0.007_gtrgamma_base-snps-concat_phylo	phylo	0.2	nonrandom	7	1.0
simulation/sim_c0.003_s0.007/c0.003_s0.007_gtrgamma/c0.003_s0.007_gtrgamma_base-snps-concat_phylo	phylo	0.2	nonrandom	8	0.9997496401076548
simulation/sim_c0.003_s0.007/c0.003_s0.007_gtrgamma/c0.003_s0.007_gtrgamma_base-snps-concat_phylo	phylo	0.2	nonrandom	9	0.9998121360135263
simulation/sim_c0.003_s0.007/c0.003_s0.007_gtrgamma/c0.003_s0.007_gtrgamma_base-snps-concat_phylo	phylo	0.2	nonrandom	10	0.9998751326715365
simulation/sim_c0.003_s0.007/c0.003_s0.007_gtrgamma/c0.003_s0.007_gtrgamma_base-snps-concat_phylo	phylo	0.2	nonrandom	11	0.9998749531074153
simulation/sim_c0.003_s0.007/c0.003_s0.007_gtrgamma/c0.003_s0.007_gtrgamma_base-snps-concat_phylo	phylo	0.2	nonrandom	12	0.9998747573423508
simulation/sim_c0.003_s0.007/c0.003_s0.007_gtrgamma/c0.003_s0.007_gtrgamma_base-snps-concat_phylo	phylo	0.2	nonrandom	13	0.9993131439275679
simulation/sim_c0.003_s0.007/c0.003_s0.007_gtrgamma/c0.003_s0.007_gtrgamma_base-snps-concat_phylo	phylo	0.2	nonrandom	14	0.9995616506982278
simulation/sim_c0.003_s0.007/c0.003_s0.007_gtrgamma/c0.003_s0.007_gtrgamma_base-snps-concat_phylo	phylo	0.2	nonrandom	15	0.9994364080405786
simulation/sim_c0.003_s0.007/c0.003_s0.007_gtrgamma/c0.003_s0.007_gtrgamma_base-snps-concat_phylo	phylo	0.2	nonrandom	16	0.9997495146847016
simulation/sim_c0.003_s0.007/c0.003_s0.007_gtrgamma/c0.003_s0.007_gtrgamma_base-snps-concat_phylo	phylo	0.2	nonrandom	17	0.999686893355877
simulation/sim_c0.003_s0.007/c0.003_s0.007_gtrgamma/c0.003_s0.007_gtrgamma_base-snps-concat_phylo	phylo	0.2	nonrandom	18	0.9987489052921306
simulation/sim_c0.003_s0.007/c0.003_s0.007_gtrgamma/c0.003_s0.007_gtrgamma_base-snps-concat_phylo	phylo	0.2	nonrandom	19	1.0
simulation/sim_c0.003_s0.007/c0.003_s0.007_gtrgamma/c0.003_s0.007_gtrgamma_base-snps-concat_phylo	phylo	0.2	nonrandom	20	0.9996243661178238
simulation/sim_c0.003_s0.007/c0.003_s0.007_gtrgamma/c0.003_s0.007_gtrgamma_base-snps-concat_phylo	phylo	0.2	nonrandom_weighted	1	0.9998747573423508
simulation/sim_c0.003_s0.007/c0.003_s0.007_gtrgamma/c0.003_s0.007_gtrgamma_base-snps-concat_phylo	phylo	0.2	nonrandom_weighted	2	0.9999373786711754
simulation/sim_c0.003_s0.007/c0.003_s0.007_gtrgamma/c0.003_s0.007_gtrgamma_base-snps-concat_phylo	phylo	0.2	nonrandom_weighted	3	0.9998749374687343
simulation/sim_c0.003_s0.007/c0.003_s0.007_gtrgamma/c0.003_s0.007_gtrgamma_base-snps-concat_phylo	phylo	0.2	nonrandom_weighted	4	0.9971194188740685
simulation/sim_c0.003_s0.007/c0.003_s0.007_gtrgamma/c0.003_s0.007_gtrgamma_base-snps-concat_phylo	phylo	0.2	nonrandom_weighted	5	0.9999374256930105
simulation/sim_c0.003_s0.007/c0.003_s0.007_gtrgamma/c0.003_s0.007_gtrgamma_base-snps-concat_phylo	phylo	0.2	nonrandom_weighted	6	0.9986223307658588
simulation/sim_c0.003_s0.007/c0.003_s0.007_gtrgamma/c0.003_s0.007_gtrgamma_base-snps-concat_phylo	phylo	0.2	nonrandom_weighted	7	0.9987475734235081
simulation/sim_c0.003_s0.007/c0.003_s0.007_gtrgamma/c0.003_s0.007_gtrgamma_base-snps-concat_phylo	phylo	0.2	nonrandom_weighted	8	0.9956837232578506
simulation/sim_c0.003_s0.007/c0.003_s0.007_gtrgamma/c0.003_s0.007_gtrgamma_base-snps-concat_phylo	phylo	0.2	nonrandom_weighted	9	0.9999374609130707
simulation/sim_c0.003_s0.007/c0.003_s0.007_gtrgamma/c0.003_s0.007_gtrgamma_base-snps-concat_phylo	phylo	0.2	nonrandom_weighted	10	0.9999373865130549
simulation/sim_c0.003_s0.007/c0.003_s0.007_gtrgamma/c0.003_s0.007_gtrgamma_base-snps-concat_phylo	phylo	0.2	nonrandom_weighted	11	0.999686893355877
simulation/sim_c0.003_s0.007/c0.003_s0.007_gtrgamma/c0.003_s0.007_gtrgamma_base-snps-concat_phylo	phylo	0.2	nonrandom_weighted	12	0.9999374726442819
simulation/sim_c0.003_s0.007/c0.003_s0.007_gtrgamma/c0.003_s0.007_gtrgamma_base-snps-concat_phylo	phylo	0.2	nonrandom_weighted	13	0.999686893355877
simulation/sim_c0.003_s0.007/c0.003_s0.007_gtrgamma/c0.003_s0.007_gtrgamma_base-snps-concat_phylo	phylo	0.2	nonrandom_weighted	14	0.9999373786711754
simulation/sim_c0.003_s0.007/c0.003_s0.007_gtrgamma/c0.003_s0.007_gtrgamma_base-snps-concat_phylo	phylo	0.2	nonrandom_weighted	15	0.9962427202705242
simulation/sim_c0.003_s0.007/c0.003_s0.007_gtrgamma/c0.003_s0.007_gtrgamma_base-snps-concat_phylo	phylo	0.2	nonrandom_weighted	16	0.997432364729459
simulation/sim_c0.003_s0.007/c0.003_s0.007_gtrgamma/c0.003_s0.007_gtrgamma_base-snps-concat_phylo	phylo	0.2	nonrandom_weighted	17	0.9974951468470161
simulation/sim_c0.003_s0.007/c0.003_s0.007_gtrgamma/c0.003_s0.007_gtrgamma_base-snps-concat_phylo	phylo	0.2	nonrandom_weighted	18	0.9974325255181915
simulation/sim_c0.003_s0.007/c0.003_s0.007_gtrgamma/c0.003_s0.007_gtrgamma_base-snps-concat_phylo	phylo	0.2	nonrandom_weighted	19	0.9999373786711754
simulation/sim_c0.003_s0.007/c0.003_s0.007_gtrgamma/c0.003_s0.007_gtrgamma_base-snps-concat_phylo	phylo	0.2	nonrandom_weighted	20	0.999686873747495
