simulation/sim_c0.003_s0.007/c0.003_s0.007_gtrgamma/c0.003_s0.007_gtrgamma_base-snps-concat_global	global	0.2	random	1	0.9312503952944153
simulation/sim_c0.003_s0.007/c0.003_s0.007_gtrgamma/c0.003_s0.007_gtrgamma_base-snps-concat_global	global	0.2	random	2	0.9351344543107248
simulation/sim_c0.003_s0.007/c0.003_s0.007_gtrgamma/c0.003_s0.007_gtrgamma_base-snps-concat_global	global	0.2	random	3	0.9344158315362172
simulation/sim_c0.003_s0.007/c0.003_s0.007_gtrgamma/c0.003_s0.007_gtrgamma_base-snps-concat_global	global	0.2	random	4	0.933810264385692
simulation/sim_c0.003_s0.007/c0.003_s0.007_gtrgamma/c0.003_s0.007_gtrgamma_base-snps-concat_global	global	0.2	random	5	0.9363625031164298
simulation/sim_c0.003_s0.007/c0.003_s0.007_gtrgamma/c0.003_s0.007_gtrgamma_base-snps-concat_global	global	0.2	random	6	0.9369296666459743
simulation/sim_c0.003_s0.007/c0.003_s0.007_gtrgamma/c0.003_s0.007_gtrgamma_base-snps-concat_global	global	0.2	random	7	0.9360940052783713
simulation/sim_c0.003_s0.007/c0.003_s0.007_gtrgamma/c0.003_s0.007_gtrgamma_base-snps-concat_global	global	0.2	random	8	0.935606782244237
simulation/sim_c0.003_s0.007/c0.003_s0.007_gtrgamma/c0.003_s0.007_gtrgamma_base-snps-concat_global	global	0.2	random	9	0.9323150828354991
simulation/sim_c0.003_s0.007/c0.003_s0.007_gtrgamma/c0.003_s0.007_gtrgamma_base-snps-concat_global	global	0.2	random	10	0.9322634819929091
simulation/sim_c0.003_s0.007/c0.003_s0.007_gtrgamma/c0.003_s0.007_gtrgamma_base-snps-concat_global	global	0.2	random	11	0.9333914885662659
simulation/sim_c0.003_s0.007/c0.003_s0.007_gtrgamma/c0.003_s0.007_gtrgamma_base-snps-concat_global	global	0.2	random	12	0.9356330458692663
simulation/sim_c0.003_s0.007/c0.003_s0.007_gtrgamma/c0.003_s0.007_gtrgamma_base-snps-concat_global	global	0.2	random	13	0.9309280946984007
simulation/sim_c0.003_s0.007/c0.003_s0.007_gtrgamma/c0.003_s0.007_gtrgamma_base-snps-concat_global	global	0.2	random	14	0.936849925705795
simulation/sim_c0.003_s0.007/c0.003_s0.007_gtrgamma/c0.003_s0.007_gtrgamma_base-snps-concat_global	global	0.2	random	15	0.9350415684328081
simulation/sim_c0.003_s0.007/c0.003_s0.007_gtrgamma/c0.003_s0.007_gtrgamma_base-snps-concat_global	global	0.2	random	16	0.9327783689053014
simulation/sim_c0.003_s0.007/c0.003_s0.007_gtrgamma/c0.003_s0.007_gtrgamma_base-snps-concat_global	global	0.2	random	17	0.9375591296121097
simulation/sim_c0.003_s0.007/c0.003_s0.007_gtrgamma/c0.003_s0.007_gtrgamma_base-snps-concat_global	global	0.2	random	18	0.936046511627907
simulation/sim_c0.003_s0.007/c0.003_s0.007_gtrgamma/c0.003_s0.007_gtrgamma_base-snps-concat_global	global	0.2	random	19	0.9361380526514674
simulation/sim_c0.003_s0.007/c0.003_s0.007_gtrgamma/c0.003_s0.007_gtrgamma_base-snps-concat_global	global	0.2	random	20	0.9348235589601909
simulation/sim_c0.003_s0.007/c0.003_s0.007_gtrgamma/c0.003_s0.007_gtrgamma_base-snps-concat_global	global	0.2	nonrandom	1	0.9237123724888917
simulation/sim_c0.003_s0.007/c0.003_s0.007_gtrgamma/c0.003_s0.007_gtrgamma_base-snps-concat_global	global	0.2	nonrandom	2	0.9469597344855658
simulation/sim_c0.003_s0.007/c0.003_s0.007_gtrgamma/c0.003_s0.007_gtrgamma_base-snps-concat_global	global	0.2	nonrandom	3	0.9409480869184044
simulation/sim_c0.003_s0.007/c0.003_s0.007_gtrgamma/c0.003_s0.007_gtrgamma_base-snps-concat_global	global	0.2	nonrandom	4	0.936501972571858
simulation/sim_c0.003_s0.007/c0.003_s0.007_gtrgamma/c0.003_s0.007_gtrgamma_base-snps-concat_global	global	0.2	nonrandom	5	0.9304244545852347
simulation/sim_c0.003_s0.007/c0.003_s0.007_gtrgamma/c0.003_s0.007_gtrgamma_base-snps-concat_global	global	0.2	nonrandom	6	0.9258563466716764
simulation/sim_c0.003_s0.007/c0.003_s0.007_gtrgamma/c0.003_s0.007_gtrgamma_base-snps-concat_global	global	0.2	nonrandom	7	0.9260673594591211
simulation/sim_c0.003_s0.007/c0.003_s0.007_gtrgamma/c0.003_s0.007_gtrgamma_base-snps-concat_global	global	0.2	nonrandom	8	0.9303650823470474
simulation/sim_c0.003_s0.007/c0.003_s0.007_gtrgamma/c0.003_s0.007_gtrgamma_base-snps-concat_global	global	0.2	nonrandom	9	0.932286125539771
simulation/sim_c0.003_s0.007/c0.003_s0.007_gtrgamma/c0.003_s0.007_gtrgamma_base-snps-concat_global	global	0.2	nonrandom	10	0.928928928928929
simulation/sim_c0.003_s0.007/c0.003_s0.007_gtrgamma/c0.003_s0.007_gtrgamma_base-snps-concat_global	global	0.2	nonrandom	11	0.9354374099818398
simulation/sim_c0.003_s0.007/c0.003_s0.007_gtrgamma/c0.003_s0.007_gtrgamma_base-snps-concat_global	global	0.2	nonrandom	12	0.923414114847517
simulation/sim_c0.003_s0.007/c0.003_s0.007_gtrgamma/c0.003_s0.007_gtrgamma_base-snps-concat_global	global	0.2	nonrandom	13	0.9397725852805198
simulation/sim_c0.003_s0.007/c0.003_s0.007_gtrgamma/c0.003_s0.007_gtrgamma_base-snps-concat_global	global	0.2	nonrandom	14	0.9291752770993801
simulation/sim_c0.003_s0.007/c0.003_s0.007_gtrgamma/c0.003_s0.007_gtrgamma_base-snps-concat_global	global	0.2	nonrandom	15	0.9277976078652389
simulation/sim_c0.003_s0.007/c0.003_s0.007_gtrgamma/c0.003_s0.007_gtrgamma_base-snps-concat_global	global	0.2	nonrandom	16	0.9339256663746716
simulation/sim_c0.003_s0.007/c0.003_s0.007_gtrgamma/c0.003_s0.007_gtrgamma_base-snps-concat_global	global	0.2	nonrandom	17	0.930488644184446
simulation/sim_c0.003_s0.007/c0.003_s0.007_gtrgamma/c0.003_s0.007_gtrgamma_base-snps-concat_global	global	0.2	nonrandom	18	0.9306112224448898
simulation/sim_c0.003_s0.007/c0.003_s0.007_gtrgamma/c0.003_s0.007_gtrgamma_base-snps-concat_global	global	0.2	nonrandom	19	0.9326820715135575
simulation/sim_c0.003_s0.007/c0.003_s0.007_gtrgamma/c0.003_s0.007_gtrgamma_base-snps-concat_global	global	0.2	nonrandom	20	0.937312124248497
simulation/sim_c0.003_s0.007/c0.003_s0.007_gtrgamma/c0.003_s0.007_gtrgamma_base-snps-concat_global	global	0.2	nonrandom_weighted	1	0.9062480455313028
simulation/sim_c0.003_s0.007/c0.003_s0.007_gtrgamma/c0.003_s0.007_gtrgamma_base-snps-concat_global	global	0.2	nonrandom_weighted	2	0.9329325568288559
simulation/sim_c0.003_s0.007/c0.003_s0.007_gtrgamma/c0.003_s0.007_gtrgamma_base-snps-concat_global	global	0.2	nonrandom_weighted	3	0.9337006197959056
simulation/sim_c0.003_s0.007/c0.003_s0.007_gtrgamma/c0.003_s0.007_gtrgamma_base-snps-concat_global	global	0.2	nonrandom_weighted	4	0.936461327002374
simulation/sim_c0.003_s0.007/c0.003_s0.007_gtrgamma/c0.003_s0.007_gtrgamma_base-snps-concat_global	global	0.2	nonrandom_weighted	5	0.9192076980754811
simulation/sim_c0.003_s0.007/c0.003_s0.007_gtrgamma/c0.003_s0.007_gtrgamma_base-snps-concat_global	global	0.2	nonrandom_weighted	6	0.9289066900306653
simulation/sim_c0.003_s0.007/c0.003_s0.007_gtrgamma/c0.003_s0.007_gtrgamma_base-snps-concat_global	global	0.2	nonrandom_weighted	7	0.9228505228880957
simulation/sim_c0.003_s0.007/c0.003_s0.007_gtrgamma/c0.003_s0.007_gtrgamma_base-snps-concat_global	global	0.2	nonrandom_weighted	8	0.9322394789579158
simulation/sim_c0.003_s0.007/c0.003_s0.007_gtrgamma/c0.003_s0.007_gtrgamma_base-snps-concat_global	global	0.2	nonrandom_weighted	9	0.9194639278557114
simulation/sim_c0.003_s0.007/c0.003_s0.007_gtrgamma/c0.003_s0.007_gtrgamma_base-snps-concat_global	global	0.2	nonrandom_weighted	10	0.9241029494645876
simulation/sim_c0.003_s0.007/c0.003_s0.007_gtrgamma/c0.003_s0.007_gtrgamma_base-snps-concat_global	global	0.2	nonrandom_weighted	11	0.9265073805354016
simulation/sim_c0.003_s0.007/c0.003_s0.007_gtrgamma/c0.003_s0.007_gtrgamma_base-snps-concat_global	global	0.2	nonrandom_weighted	12	0.9110095190380761
simulation/sim_c0.003_s0.007/c0.003_s0.007_gtrgamma/c0.003_s0.007_gtrgamma_base-snps-concat_global	global	0.2	nonrandom_weighted	13	0.9218202303455183
simulation/sim_c0.003_s0.007/c0.003_s0.007_gtrgamma/c0.003_s0.007_gtrgamma_base-snps-concat_global	global	0.2	nonrandom_weighted	14	0.9284864424823095
simulation/sim_c0.003_s0.007/c0.003_s0.007_gtrgamma/c0.003_s0.007_gtrgamma_base-snps-concat_global	global	0.2	nonrandom_weighted	15	0.920160180202728
simulation/sim_c0.003_s0.007/c0.003_s0.007_gtrgamma/c0.003_s0.007_gtrgamma_base-snps-concat_global	global	0.2	nonrandom_weighted	16	0.9266078026175716
simulation/sim_c0.003_s0.007/c0.003_s0.007_gtrgamma/c0.003_s0.007_gtrgamma_base-snps-concat_global	global	0.2	nonrandom_weighted	17	0.908066132264529
simulation/sim_c0.003_s0.007/c0.003_s0.007_gtrgamma/c0.003_s0.007_gtrgamma_base-snps-concat_global	global	0.2	nonrandom_weighted	18	0.9216607176404283
simulation/sim_c0.003_s0.007/c0.003_s0.007_gtrgamma/c0.003_s0.007_gtrgamma_base-snps-concat_global	global	0.2	nonrandom_weighted	19	0.9140889167188478
simulation/sim_c0.003_s0.007/c0.003_s0.007_gtrgamma/c0.003_s0.007_gtrgamma_base-snps-concat_global	global	0.2	nonrandom_weighted	20	0.9229230480715134
